Solution makespan:18
Timestep 0:
	0 # 48
	1 # 47
	2 # 42
	3 # 37
	4 # 11
	5 # 16
	6 # 24
	7 # 0
	8 # 14
	9 # 34
	10 # 7
	11 # 12
	12 # 27
	13 # 20
	14 # 38
	15 # 5
	16 # 1
	17 # 23
	18 # 6
	19 # 9
	20 # 31
	21 # 29
	22 # 41
	23 # 30
	24 # 39
Timestep 1:
	0 # 43
	1 # 46
	2 # 34
	3 # 36
	4 # 11
	5 # 10
	6 # 19
	7 # 0
	8 # 15
	9 # 33
	10 # 7
	11 # 18
	12 # 26
	13 # 21
	14 # 39
	15 # 4
	16 # 8
	17 # 22
	18 # 13
	19 # 9
	20 # 37
	21 # 35
	22 # 42
	23 # 30
	24 # 40
Timestep 2:
	0 # 43
	1 # 46
	2 # 33
	3 # 35
	4 # 10
	5 # 3
	6 # 13
	7 # 0
	8 # 9
	9 # 28
	10 # 8
	11 # 19
	12 # 32
	13 # 15
	14 # 40
	15 # 11
	16 # 14
	17 # 21
	18 # 12
	19 # 2
	20 # 37
	21 # 29
	22 # 42
	23 # 31
	24 # 41
Timestep 3:
	0 # 35
	1 # 47
	2 # 28
	3 # 34
	4 # 16
	5 # 4
	6 # 12
	7 # 7
	8 # 2
	9 # 22
	10 # 14
	11 # 24
	12 # 39
	13 # 9
	14 # 41
	15 # 10
	16 # 20
	17 # 15
	18 # 18
	19 # 1
	20 # 36
	21 # 30
	22 # 43
	23 # 37
	24 # 33
Timestep 4:
	0 # 34
	1 # 41
	2 # 22
	3 # 33
	4 # 15
	5 # 3
	6 # 13
	7 # 7
	8 # 1
	9 # 21
	10 # 20
	11 # 31
	12 # 40
	13 # 2
	14 # 42
	15 # 16
	16 # 26
	17 # 9
	18 # 19
	19 # 0
	20 # 35
	21 # 36
	22 # 48
	23 # 37
	24 # 28
Timestep 5:
	0 # 42
	1 # 33
	2 # 23
	3 # 28
	4 # 14
	5 # 4
	6 # 12
	7 # 7
	8 # 8
	9 # 15
	10 # 26
	11 # 30
	12 # 41
	13 # 2
	14 # 43
	15 # 22
	16 # 32
	17 # 10
	18 # 24
	19 # 0
	20 # 29
	21 # 44
	22 # 48
	23 # 37
	24 # 27
Timestep 6:
	0 # 42
	1 # 34
	2 # 23
	3 # 27
	4 # 20
	5 # 11
	6 # 12
	7 # 0
	8 # 14
	9 # 9
	10 # 32
	11 # 36
	12 # 41
	13 # 3
	14 # 43
	15 # 28
	16 # 39
	17 # 16
	18 # 31
	19 # 1
	20 # 29
	21 # 49
	22 # 48
	23 # 37
	24 # 21
Timestep 7:
	0 # 41
	1 # 42
	2 # 22
	3 # 27
	4 # 21
	5 # 11
	6 # 18
	7 # 1
	8 # 14
	9 # 9
	10 # 39
	11 # 36
	12 # 47
	13 # 4
	14 # 44
	15 # 33
	16 # 40
	17 # 16
	18 # 30
	19 # 8
	20 # 29
	21 # 49
	22 # 48
	23 # 31
	24 # 15
Timestep 8:
	0 # 33
	1 # 43
	2 # 16
	3 # 28
	4 # 22
	5 # 10
	6 # 19
	7 # 2
	8 # 14
	9 # 8
	10 # 38
	11 # 35
	12 # 41
	13 # 5
	14 # 44
	15 # 34
	16 # 40
	17 # 15
	18 # 36
	19 # 7
	20 # 29
	21 # 49
	22 # 48
	23 # 31
	24 # 9
Timestep 9:
	0 # 28
	1 # 44
	2 # 10
	3 # 27
	4 # 23
	5 # 9
	6 # 24
	7 # 3
	8 # 20
	9 # 1
	10 # 45
	11 # 34
	12 # 41
	13 # 4
	14 # 36
	15 # 42
	16 # 46
	17 # 16
	18 # 35
	19 # 8
	20 # 29
	21 # 49
	22 # 48
	23 # 31
	24 # 2
Timestep 10:
	0 # 27
	1 # 44
	2 # 9
	3 # 26
	4 # 23
	5 # 8
	6 # 31
	7 # 2
	8 # 21
	9 # 0
	10 # 45
	11 # 33
	12 # 42
	13 # 11
	14 # 36
	15 # 43
	16 # 46
	17 # 22
	18 # 34
	19 # 14
	20 # 35
	21 # 49
	22 # 48
	23 # 30
	24 # 1
Timestep 11:
	0 # 21
	1 # 36
	2 # 2
	3 # 26
	4 # 22
	5 # 8
	6 # 30
	7 # 3
	8 # 20
	9 # 7
	10 # 45
	11 # 28
	12 # 42
	13 # 11
	14 # 35
	15 # 44
	16 # 46
	17 # 16
	18 # 33
	19 # 15
	20 # 34
	21 # 49
	22 # 48
	23 # 29
	24 # 0
Timestep 12:
	0 # 21
	1 # 37
	2 # 2
	3 # 25
	4 # 23
	5 # 7
	6 # 30
	7 # 3
	8 # 20
	9 # 0
	10 # 38
	11 # 22
	12 # 42
	13 # 10
	14 # 34
	15 # 36
	16 # 46
	17 # 15
	18 # 28
	19 # 9
	20 # 33
	21 # 44
	22 # 43
	23 # 35
	24 # 1
Timestep 13:
	0 # 27
	1 # 31
	2 # 3
	3 # 25
	4 # 23
	5 # 7
	6 # 29
	7 # 4
	8 # 26
	9 # 0
	10 # 39
	11 # 16
	12 # 42
	13 # 10
	14 # 33
	15 # 30
	16 # 46
	17 # 14
	18 # 22
	19 # 15
	20 # 28
	21 # 36
	22 # 44
	23 # 34
	24 # 1
Timestep 14:
	0 # 26
	1 # 24
	2 # 2
	3 # 25
	4 # 23
	5 # 7
	6 # 29
	7 # 5
	8 # 32
	9 # 0
	10 # 40
	11 # 10
	12 # 43
	13 # 9
	14 # 28
	15 # 31
	16 # 46
	17 # 20
	18 # 16
	19 # 21
	20 # 22
	21 # 37
	22 # 36
	23 # 33
	24 # 8
Timestep 15:
	0 # 32
	1 # 19
	2 # 1
	3 # 25
	4 # 22
	5 # 7
	6 # 29
	7 # 4
	8 # 39
	9 # 0
	10 # 41
	11 # 3
	12 # 35
	13 # 15
	14 # 27
	15 # 24
	16 # 46
	17 # 14
	18 # 10
	19 # 20
	20 # 21
	21 # 31
	22 # 37
	23 # 28
	24 # 9
Timestep 16:
	0 # 39
	1 # 13
	2 # 8
	3 # 25
	4 # 28
	5 # 7
	6 # 30
	7 # 11
	8 # 40
	9 # 1
	10 # 42
	11 # 2
	12 # 35
	13 # 16
	14 # 21
	15 # 19
	16 # 47
	17 # 20
	18 # 3
	19 # 26
	20 # 15
	21 # 24
	22 # 31
	23 # 27
	24 # 9
Timestep 17:
	0 # 40
	1 # 12
	2 # 7
	3 # 25
	4 # 33
	5 # 0
	6 # 36
	7 # 11
	8 # 46
	9 # 8
	10 # 43
	11 # 2
	12 # 34
	13 # 22
	14 # 15
	15 # 18
	16 # 47
	17 # 26
	18 # 4
	19 # 32
	20 # 9
	21 # 19
	22 # 24
	23 # 21
	24 # 10
Timestep 18:
	0 # 41
	1 # 12
	2 # 0
	3 # 26
	4 # 34
	5 # 1
	6 # 44
	7 # 10
	8 # 46
	9 # 14
	10 # 48
	11 # 3
	12 # 42
	13 # 22
	14 # 15
	15 # 17
	16 # 47
	17 # 27
	18 # 5
	19 # 32
	20 # 9
	21 # 18
	22 # 19
	23 # 21
	24 # 16

