Solution makespan:16
Timestep 0:
	0 # 38
	1 # 26
	2 # 16
	3 # 21
	4 # 41
	5 # 39
	6 # 13
	7 # 23
	8 # 0
	9 # 3
	10 # 29
	11 # 30
Timestep 1:
	0 # 39
	1 # 27
	2 # 23
	3 # 25
	4 # 40
	5 # 32
	6 # 18
	7 # 28
	8 # 5
	9 # 6
	10 # 36
	11 # 24
Timestep 2:
	0 # 40
	1 # 34
	2 # 28
	3 # 32
	4 # 41
	5 # 33
	6 # 19
	7 # 29
	8 # 9
	9 # 7
	10 # 36
	11 # 18
Timestep 3:
	0 # 33
	1 # 35
	2 # 27
	3 # 31
	4 # 40
	5 # 32
	6 # 20
	7 # 29
	8 # 8
	9 # 11
	10 # 36
	11 # 19
Timestep 4:
	0 # 26
	1 # 35
	2 # 34
	3 # 38
	4 # 39
	5 # 31
	6 # 21
	7 # 29
	8 # 13
	9 # 12
	10 # 36
	11 # 20
Timestep 5:
	0 # 26
	1 # 28
	2 # 33
	3 # 37
	4 # 32
	5 # 31
	6 # 14
	7 # 36
	8 # 18
	9 # 16
	10 # 35
	11 # 21
Timestep 6:
	0 # 26
	1 # 23
	2 # 32
	3 # 37
	4 # 39
	5 # 31
	6 # 14
	7 # 42
	8 # 19
	9 # 17
	10 # 34
	11 # 22
Timestep 7:
	0 # 27
	1 # 28
	2 # 25
	3 # 38
	4 # 39
	5 # 31
	6 # 15
	7 # 36
	8 # 20
	9 # 17
	10 # 33
	11 # 26
Timestep 8:
	0 # 28
	1 # 23
	2 # 25
	3 # 38
	4 # 40
	5 # 32
	6 # 15
	7 # 35
	8 # 21
	9 # 17
	10 # 26
	11 # 22
Timestep 9:
	0 # 23
	1 # 16
	2 # 21
	3 # 39
	4 # 33
	5 # 31
	6 # 15
	7 # 34
	8 # 14
	9 # 17
	10 # 25
	11 # 22
Timestep 10:
	0 # 16
	1 # 12
	2 # 20
	3 # 38
	4 # 32
	5 # 31
	6 # 15
	7 # 27
	8 # 14
	9 # 17
	10 # 21
	11 # 26
Timestep 11:
	0 # 16
	1 # 11
	2 # 19
	3 # 38
	4 # 33
	5 # 31
	6 # 15
	7 # 26
	8 # 14
	9 # 17
	10 # 20
	11 # 22
Timestep 12:
	0 # 16
	1 # 7
	2 # 18
	3 # 39
	4 # 32
	5 # 31
	6 # 14
	7 # 25
	8 # 21
	9 # 17
	10 # 19
	11 # 26
Timestep 13:
	0 # 23
	1 # 7
	2 # 13
	3 # 40
	4 # 25
	5 # 31
	6 # 15
	7 # 21
	8 # 20
	9 # 16
	10 # 18
	11 # 27
Timestep 14:
	0 # 16
	1 # 6
	2 # 8
	3 # 41
	4 # 32
	5 # 38
	6 # 22
	7 # 14
	8 # 21
	9 # 12
	10 # 18
	11 # 28
Timestep 15:
	0 # 12
	1 # 3
	2 # 9
	3 # 34
	4 # 31
	5 # 39
	6 # 26
	7 # 14
	8 # 25
	9 # 11
	10 # 24
	11 # 29
Timestep 16:
	0 # 11
	1 # 2
	2 # 10
	3 # 27
	4 # 38
	5 # 40
	6 # 33
	7 # 14
	8 # 32
	9 # 7
	10 # 24
	11 # 36

