Solution makespan:11
Timestep 0:
	0 # 48
	1 # 29
	2 # 2
	3 # 24
	4 # 54
	5 # 12
	6 # 31
	7 # 46
	8 # 18
	9 # 28
	10 # 38
	11 # 22
	12 # 16
	13 # 50
	14 # 23
	15 # 40
	16 # 56
	17 # 17
	18 # 19
	19 # 11
	20 # 34
	21 # 52
	22 # 45
	23 # 1
	24 # 0
Timestep 1:
	0 # 47
	1 # 29
	2 # 9
	3 # 25
	4 # 54
	5 # 11
	6 # 32
	7 # 45
	8 # 12
	9 # 28
	10 # 39
	11 # 21
	12 # 16
	13 # 43
	14 # 22
	15 # 41
	16 # 49
	17 # 23
	18 # 18
	19 # 10
	20 # 34
	21 # 52
	22 # 37
	23 # 1
	24 # 0
Timestep 2:
	0 # 46
	1 # 29
	2 # 9
	3 # 26
	4 # 47
	5 # 11
	6 # 24
	7 # 44
	8 # 12
	9 # 20
	10 # 33
	11 # 21
	12 # 22
	13 # 50
	14 # 30
	15 # 49
	16 # 48
	17 # 31
	18 # 18
	19 # 10
	20 # 40
	21 # 53
	22 # 38
	23 # 8
	24 # 1
Timestep 3:
	0 # 45
	1 # 28
	2 # 16
	3 # 27
	4 # 39
	5 # 10
	6 # 25
	7 # 43
	8 # 13
	9 # 14
	10 # 34
	11 # 20
	12 # 30
	13 # 51
	14 # 29
	15 # 56
	16 # 48
	17 # 37
	18 # 12
	19 # 9
	20 # 41
	21 # 54
	22 # 38
	23 # 15
	24 # 2
Timestep 4:
	0 # 44
	1 # 35
	2 # 22
	3 # 27
	4 # 33
	5 # 11
	6 # 25
	7 # 43
	8 # 19
	9 # 7
	10 # 40
	11 # 14
	12 # 31
	13 # 50
	14 # 28
	15 # 49
	16 # 47
	17 # 37
	18 # 13
	19 # 8
	20 # 41
	21 # 55
	22 # 39
	23 # 21
	24 # 3
Timestep 5:
	0 # 36
	1 # 42
	2 # 22
	3 # 27
	4 # 34
	5 # 4
	6 # 18
	7 # 44
	8 # 26
	9 # 0
	10 # 48
	11 # 14
	12 # 32
	13 # 50
	14 # 35
	15 # 56
	16 # 54
	17 # 45
	18 # 19
	19 # 7
	20 # 49
	21 # 55
	22 # 40
	23 # 29
	24 # 10
Timestep 6:
	0 # 30
	1 # 43
	2 # 23
	3 # 26
	4 # 34
	5 # 4
	6 # 18
	7 # 36
	8 # 25
	9 # 1
	10 # 47
	11 # 7
	12 # 24
	13 # 51
	14 # 42
	15 # 55
	16 # 53
	17 # 44
	18 # 19
	19 # 0
	20 # 48
	21 # 54
	22 # 40
	23 # 29
	24 # 11
Timestep 7:
	0 # 29
	1 # 50
	2 # 17
	3 # 34
	4 # 33
	5 # 4
	6 # 25
	7 # 30
	8 # 24
	9 # 2
	10 # 46
	11 # 8
	12 # 32
	13 # 44
	14 # 43
	15 # 54
	16 # 52
	17 # 36
	18 # 13
	19 # 1
	20 # 55
	21 # 47
	22 # 39
	23 # 28
	24 # 12
Timestep 8:
	0 # 21
	1 # 50
	2 # 17
	3 # 40
	4 # 32
	5 # 3
	6 # 24
	7 # 22
	8 # 23
	9 # 2
	10 # 53
	11 # 15
	12 # 38
	13 # 44
	14 # 42
	15 # 47
	16 # 52
	17 # 30
	18 # 5
	19 # 1
	20 # 56
	21 # 46
	22 # 33
	23 # 20
	24 # 13
Timestep 9:
	0 # 15
	1 # 51
	2 # 10
	3 # 40
	4 # 24
	5 # 3
	6 # 23
	7 # 21
	8 # 17
	9 # 9
	10 # 54
	11 # 14
	12 # 39
	13 # 36
	14 # 42
	15 # 46
	16 # 53
	17 # 29
	18 # 13
	19 # 8
	20 # 49
	21 # 38
	22 # 32
	23 # 28
	24 # 19
Timestep 10:
	0 # 8
	1 # 52
	2 # 3
	3 # 48
	4 # 25
	5 # 4
	6 # 17
	7 # 15
	8 # 16
	9 # 10
	10 # 47
	11 # 7
	12 # 33
	13 # 37
	14 # 35
	15 # 45
	16 # 46
	17 # 21
	18 # 19
	19 # 1
	20 # 41
	21 # 32
	22 # 31
	23 # 29
	24 # 26
Timestep 11:
	0 # 1
	1 # 53
	2 # 3
	3 # 47
	4 # 25
	5 # 4
	6 # 10
	7 # 15
	8 # 16
	9 # 11
	10 # 46
	11 # 0
	12 # 39
	13 # 38
	14 # 28
	15 # 44
	16 # 45
	17 # 20
	18 # 13
	19 # 2
	20 # 40
	21 # 24
	22 # 23
	23 # 30
	24 # 34

