Solution makespan:11
Timestep 0:
	0 # 36
	1 # 14
	2 # 6
	3 # 7
	4 # 31
	5 # 9
	6 # 39
	7 # 52
	8 # 38
	9 # 26
	10 # 37
	11 # 32
	12 # 43
	13 # 12
	14 # 5
	15 # 2
	16 # 28
	17 # 34
	18 # 45
	19 # 27
	20 # 35
	21 # 8
	22 # 24
	23 # 40
	24 # 20
Timestep 1:
	0 # 42
	1 # 15
	2 # 13
	3 # 14
	4 # 30
	5 # 10
	6 # 33
	7 # 52
	8 # 37
	9 # 25
	10 # 31
	11 # 32
	12 # 44
	13 # 12
	14 # 4
	15 # 2
	16 # 27
	17 # 35
	18 # 45
	19 # 26
	20 # 41
	21 # 8
	22 # 17
	23 # 47
	24 # 19
Timestep 2:
	0 # 43
	1 # 8
	2 # 21
	3 # 15
	4 # 29
	5 # 18
	6 # 25
	7 # 45
	8 # 38
	9 # 24
	10 # 30
	11 # 31
	12 # 37
	13 # 20
	14 # 3
	15 # 9
	16 # 28
	17 # 41
	18 # 39
	19 # 19
	20 # 40
	21 # 7
	22 # 16
	23 # 46
	24 # 11
Timestep 3:
	0 # 44
	1 # 15
	2 # 28
	3 # 22
	4 # 36
	5 # 19
	6 # 24
	7 # 39
	8 # 37
	9 # 23
	10 # 29
	11 # 32
	12 # 31
	13 # 12
	14 # 4
	15 # 2
	16 # 35
	17 # 48
	18 # 33
	19 # 11
	20 # 34
	21 # 7
	22 # 17
	23 # 46
	24 # 10
Timestep 4:
	0 # 50
	1 # 22
	2 # 35
	3 # 30
	4 # 42
	5 # 26
	6 # 32
	7 # 38
	8 # 44
	9 # 16
	10 # 36
	11 # 31
	12 # 23
	13 # 5
	14 # 11
	15 # 3
	16 # 34
	17 # 55
	18 # 25
	19 # 10
	20 # 27
	21 # 14
	22 # 18
	23 # 45
	24 # 9
Timestep 5:
	0 # 50
	1 # 23
	2 # 41
	3 # 29
	4 # 43
	5 # 27
	6 # 33
	7 # 37
	8 # 44
	9 # 16
	10 # 42
	11 # 32
	12 # 24
	13 # 12
	14 # 11
	15 # 4
	16 # 34
	17 # 54
	18 # 18
	19 # 10
	20 # 20
	21 # 15
	22 # 19
	23 # 39
	24 # 17
Timestep 6:
	0 # 44
	1 # 24
	2 # 48
	3 # 36
	4 # 49
	5 # 34
	6 # 25
	7 # 31
	8 # 37
	9 # 15
	10 # 43
	11 # 32
	12 # 17
	13 # 20
	14 # 4
	15 # 5
	16 # 35
	17 # 53
	18 # 10
	19 # 9
	20 # 19
	21 # 22
	22 # 11
	23 # 38
	24 # 16
Timestep 7:
	0 # 44
	1 # 25
	2 # 55
	3 # 42
	4 # 50
	5 # 34
	6 # 26
	7 # 23
	8 # 38
	9 # 14
	10 # 49
	11 # 33
	12 # 18
	13 # 27
	14 # 4
	15 # 6
	16 # 41
	17 # 46
	18 # 10
	19 # 17
	20 # 11
	21 # 30
	22 # 12
	23 # 32
	24 # 15
Timestep 8:
	0 # 44
	1 # 18
	2 # 54
	3 # 43
	4 # 51
	5 # 40
	6 # 26
	7 # 16
	8 # 39
	9 # 15
	10 # 50
	11 # 25
	12 # 19
	13 # 34
	14 # 3
	15 # 5
	16 # 48
	17 # 45
	18 # 11
	19 # 24
	20 # 4
	21 # 31
	22 # 13
	23 # 32
	24 # 22
Timestep 9:
	0 # 43
	1 # 18
	2 # 53
	3 # 49
	4 # 51
	5 # 47
	6 # 27
	7 # 17
	8 # 33
	9 # 22
	10 # 50
	11 # 26
	12 # 20
	13 # 40
	14 # 10
	15 # 4
	16 # 41
	17 # 45
	18 # 12
	19 # 32
	20 # 3
	21 # 37
	22 # 6
	23 # 31
	24 # 30
Timestep 10:
	0 # 42
	1 # 19
	2 # 53
	3 # 43
	4 # 50
	5 # 54
	6 # 34
	7 # 9
	8 # 25
	9 # 30
	10 # 49
	11 # 27
	12 # 12
	13 # 47
	14 # 18
	15 # 3
	16 # 41
	17 # 39
	18 # 13
	19 # 38
	20 # 2
	21 # 31
	22 # 5
	23 # 23
	24 # 29
Timestep 11:
	0 # 42
	1 # 11
	2 # 53
	3 # 43
	4 # 44
	5 # 54
	6 # 40
	7 # 2
	8 # 26
	9 # 29
	10 # 49
	11 # 28
	12 # 5
	13 # 46
	14 # 25
	15 # 4
	16 # 48
	17 # 33
	18 # 13
	19 # 39
	20 # 1
	21 # 37
	22 # 6
	23 # 16
	24 # 36

