Solution makespan:12
Timestep 0:
	0 # 7
	1 # 1
	2 # 25
	3 # 31
	4 # 34
	5 # 4
	6 # 30
	7 # 27
	8 # 28
	9 # 10
	10 # 39
	11 # 33
Timestep 1:
	0 # 7
	1 # 1
	2 # 26
	3 # 31
	4 # 28
	5 # 8
	6 # 25
	7 # 27
	8 # 29
	9 # 9
	10 # 38
	11 # 34
Timestep 2:
	0 # 7
	1 # 1
	2 # 20
	3 # 27
	4 # 23
	5 # 14
	6 # 25
	7 # 26
	8 # 29
	9 # 8
	10 # 37
	11 # 28
Timestep 3:
	0 # 12
	1 # 1
	2 # 20
	3 # 26
	4 # 18
	5 # 13
	6 # 24
	7 # 25
	8 # 30
	9 # 14
	10 # 37
	11 # 29
Timestep 4:
	0 # 7
	1 # 1
	2 # 14
	3 # 20
	4 # 18
	5 # 12
	6 # 23
	7 # 24
	8 # 25
	9 # 13
	10 # 31
	11 # 30
Timestep 5:
	0 # 7
	1 # 1
	2 # 8
	3 # 14
	4 # 19
	5 # 11
	6 # 23
	7 # 29
	8 # 26
	9 # 12
	10 # 27
	11 # 25
Timestep 6:
	0 # 7
	1 # 1
	2 # 9
	3 # 15
	4 # 12
	5 # 18
	6 # 24
	7 # 29
	8 # 25
	9 # 11
	10 # 26
	11 # 30
Timestep 7:
	0 # 7
	1 # 1
	2 # 10
	3 # 9
	4 # 13
	5 # 23
	6 # 19
	7 # 28
	8 # 24
	9 # 18
	10 # 20
	11 # 25
Timestep 8:
	0 # 12
	1 # 1
	2 # 10
	3 # 8
	4 # 14
	5 # 23
	6 # 19
	7 # 34
	8 # 25
	9 # 18
	10 # 20
	11 # 26
Timestep 9:
	0 # 11
	1 # 1
	2 # 10
	3 # 8
	4 # 15
	5 # 24
	6 # 19
	7 # 35
	8 # 26
	9 # 23
	10 # 14
	11 # 27
Timestep 10:
	0 # 18
	1 # 1
	2 # 10
	3 # 14
	4 # 15
	5 # 19
	6 # 12
	7 # 35
	8 # 27
	9 # 28
	10 # 13
	11 # 31
Timestep 11:
	0 # 23
	1 # 1
	2 # 10
	3 # 13
	4 # 16
	5 # 18
	6 # 7
	7 # 35
	8 # 31
	9 # 34
	10 # 12
	11 # 37
Timestep 12:
	0 # 23
	1 # 1
	2 # 10
	3 # 12
	4 # 21
	5 # 18
	6 # 7
	7 # 35
	8 # 32
	9 # 33
	10 # 19
	11 # 38

