Solution makespan:9
Timestep 0:
	0 # 12
	1 # 5
	2 # 2
	3 # 28
	4 # 34
	5 # 45
	6 # 27
	7 # 35
	8 # 8
	9 # 24
	10 # 40
	11 # 20
Timestep 1:
	0 # 11
	1 # 4
	2 # 3
	3 # 21
	4 # 27
	5 # 52
	6 # 20
	7 # 34
	8 # 15
	9 # 23
	10 # 41
	11 # 19
Timestep 2:
	0 # 10
	1 # 11
	2 # 3
	3 # 13
	4 # 28
	5 # 45
	6 # 21
	7 # 27
	8 # 15
	9 # 22
	10 # 48
	11 # 18
Timestep 3:
	0 # 18
	1 # 19
	2 # 3
	3 # 12
	4 # 28
	5 # 39
	6 # 21
	7 # 20
	8 # 8
	9 # 15
	10 # 47
	11 # 17
Timestep 4:
	0 # 25
	1 # 26
	2 # 3
	3 # 12
	4 # 35
	5 # 38
	6 # 20
	7 # 19
	8 # 15
	9 # 14
	10 # 46
	11 # 16
Timestep 5:
	0 # 33
	1 # 25
	2 # 3
	3 # 20
	4 # 41
	5 # 37
	6 # 19
	7 # 18
	8 # 16
	9 # 7
	10 # 45
	11 # 23
Timestep 6:
	0 # 39
	1 # 33
	2 # 3
	3 # 27
	4 # 48
	5 # 31
	6 # 19
	7 # 17
	8 # 23
	9 # 7
	10 # 46
	11 # 22
Timestep 7:
	0 # 45
	1 # 32
	2 # 3
	3 # 20
	4 # 47
	5 # 23
	6 # 18
	7 # 16
	8 # 24
	9 # 7
	10 # 46
	11 # 30
Timestep 8:
	0 # 52
	1 # 38
	2 # 3
	3 # 19
	4 # 46
	5 # 24
	6 # 17
	7 # 15
	8 # 25
	9 # 7
	10 # 45
	11 # 31
Timestep 9:
	0 # 51
	1 # 38
	2 # 3
	3 # 19
	4 # 53
	5 # 24
	6 # 17
	7 # 14
	8 # 26
	9 # 7
	10 # 52
	11 # 31

