Solution makespan:19
Timestep 0:
	0 # 113
	1 # 22
	2 # 129
	3 # 135
	4 # 226
	5 # 161
	6 # 169
	7 # 194
	8 # 131
	9 # 101
	10 # 132
	11 # 165
	12 # 33
	13 # 221
	14 # 107
	15 # 80
	16 # 209
	17 # 174
	18 # 6
	19 # 48
	20 # 102
	21 # 217
	22 # 10
	23 # 121
	24 # 39
	25 # 1
	26 # 99
	27 # 91
	28 # 67
	29 # 84
	30 # 74
	31 # 152
	32 # 117
	33 # 149
	34 # 158
	35 # 215
	36 # 94
	37 # 143
	38 # 83
	39 # 21
	40 # 50
	41 # 148
	42 # 207
	43 # 162
	44 # 45
	45 # 26
	46 # 156
	47 # 43
	48 # 170
	49 # 79
	50 # 187
Timestep 1:
	0 # 128
	1 # 36
	2 # 130
	3 # 134
	4 # 225
	5 # 160
	6 # 184
	7 # 195
	8 # 115
	9 # 101
	10 # 116
	11 # 151
	12 # 34
	13 # 208
	14 # 122
	15 # 81
	16 # 222
	17 # 173
	18 # 5
	19 # 47
	20 # 89
	21 # 216
	22 # 11
	23 # 106
	24 # 38
	25 # 1
	26 # 110
	27 # 76
	28 # 67
	29 # 68
	30 # 75
	31 # 136
	32 # 118
	33 # 150
	34 # 159
	35 # 215
	36 # 95
	37 # 143
	38 # 97
	39 # 7
	40 # 50
	41 # 149
	42 # 194
	43 # 177
	44 # 58
	45 # 40
	46 # 155
	47 # 28
	48 # 186
	49 # 63
	50 # 187
Timestep 2:
	0 # 129
	1 # 37
	2 # 114
	3 # 134
	4 # 224
	5 # 161
	6 # 184
	7 # 179
	8 # 103
	9 # 88
	10 # 132
	11 # 150
	12 # 49
	13 # 207
	14 # 137
	15 # 82
	16 # 221
	17 # 173
	18 # 4
	19 # 60
	20 # 89
	21 # 216
	22 # 10
	23 # 95
	24 # 52
	25 # 2
	26 # 125
	27 # 77
	28 # 68
	29 # 53
	30 # 76
	31 # 121
	32 # 119
	33 # 149
	34 # 174
	35 # 214
	36 # 81
	37 # 144
	38 # 83
	39 # 8
	40 # 64
	41 # 163
	42 # 195
	43 # 177
	44 # 59
	45 # 40
	46 # 139
	47 # 28
	48 # 185
	49 # 79
	50 # 186
Timestep 3:
	0 # 144
	1 # 51
	2 # 102
	3 # 119
	4 # 223
	5 # 162
	6 # 169
	7 # 179
	8 # 90
	9 # 73
	10 # 147
	11 # 149
	12 # 62
	13 # 194
	14 # 153
	15 # 96
	16 # 208
	17 # 158
	18 # 3
	19 # 59
	20 # 74
	21 # 202
	22 # 23
	23 # 81
	24 # 67
	25 # 2
	26 # 125
	27 # 78
	28 # 53
	29 # 39
	30 # 77
	31 # 106
	32 # 120
	33 # 148
	34 # 175
	35 # 213
	36 # 80
	37 # 145
	38 # 97
	39 # 9
	40 # 63
	41 # 164
	42 # 196
	43 # 178
	44 # 46
	45 # 54
	46 # 124
	47 # 29
	48 # 201
	49 # 93
	50 # 185
Timestep 4:
	0 # 145
	1 # 66
	2 # 89
	3 # 118
	4 # 222
	5 # 163
	6 # 168
	7 # 195
	8 # 91
	9 # 57
	10 # 161
	11 # 148
	12 # 61
	13 # 194
	14 # 167
	15 # 107
	16 # 207
	17 # 173
	18 # 2
	19 # 75
	20 # 58
	21 # 202
	22 # 22
	23 # 80
	24 # 67
	25 # 16
	26 # 124
	27 # 79
	28 # 52
	29 # 25
	30 # 78
	31 # 95
	32 # 120
	33 # 133
	34 # 191
	35 # 201
	36 # 64
	37 # 130
	38 # 108
	39 # 10
	40 # 62
	41 # 165
	42 # 197
	43 # 179
	44 # 47
	45 # 69
	46 # 109
	47 # 15
	48 # 200
	49 # 105
	50 # 184
Timestep 5:
	0 # 159
	1 # 82
	2 # 74
	3 # 117
	4 # 221
	5 # 164
	6 # 169
	7 # 179
	8 # 76
	9 # 44
	10 # 162
	11 # 147
	12 # 60
	13 # 178
	14 # 182
	15 # 107
	16 # 206
	17 # 189
	18 # 16
	19 # 90
	20 # 57
	21 # 188
	22 # 36
	23 # 80
	24 # 83
	25 # 17
	26 # 123
	27 # 93
	28 # 51
	29 # 12
	30 # 79
	31 # 81
	32 # 121
	33 # 132
	34 # 192
	35 # 185
	36 # 63
	37 # 114
	38 # 108
	39 # 9
	40 # 62
	41 # 151
	42 # 197
	43 # 180
	44 # 48
	45 # 85
	46 # 98
	47 # 1
	48 # 201
	49 # 119
	50 # 183
Timestep 6:
	0 # 174
	1 # 96
	2 # 58
	3 # 133
	4 # 208
	5 # 150
	6 # 168
	7 # 195
	8 # 76
	9 # 43
	10 # 163
	11 # 132
	12 # 47
	13 # 177
	14 # 198
	15 # 106
	16 # 205
	17 # 203
	18 # 30
	19 # 89
	20 # 56
	21 # 172
	22 # 37
	23 # 79
	24 # 97
	25 # 31
	26 # 138
	27 # 105
	28 # 66
	29 # 11
	30 # 63
	31 # 65
	32 # 122
	33 # 116
	34 # 193
	35 # 184
	36 # 62
	37 # 102
	38 # 108
	39 # 9
	40 # 61
	41 # 152
	42 # 210
	43 # 180
	44 # 49
	45 # 99
	46 # 84
	47 # 2
	48 # 201
	49 # 119
	50 # 182
Timestep 7:
	0 # 175
	1 # 107
	2 # 59
	3 # 133
	4 # 207
	5 # 151
	6 # 183
	7 # 208
	8 # 91
	9 # 56
	10 # 164
	11 # 116
	12 # 32
	13 # 176
	14 # 197
	15 # 121
	16 # 192
	17 # 217
	18 # 45
	19 # 102
	20 # 72
	21 # 157
	22 # 38
	23 # 78
	24 # 96
	25 # 46
	26 # 139
	27 # 119
	28 # 82
	29 # 10
	30 # 64
	31 # 81
	32 # 123
	33 # 115
	34 # 194
	35 # 169
	36 # 49
	37 # 103
	38 # 97
	39 # 22
	40 # 62
	41 # 166
	42 # 223
	43 # 196
	44 # 48
	45 # 110
	46 # 68
	47 # 3
	48 # 185
	49 # 134
	50 # 181
Timestep 8:
	0 # 175
	1 # 122
	2 # 60
	3 # 148
	4 # 206
	5 # 152
	6 # 199
	7 # 209
	8 # 76
	9 # 72
	10 # 165
	11 # 116
	12 # 33
	13 # 161
	14 # 181
	15 # 136
	16 # 191
	17 # 218
	18 # 58
	19 # 102
	20 # 87
	21 # 172
	22 # 39
	23 # 62
	24 # 95
	25 # 59
	26 # 140
	27 # 120
	28 # 96
	29 # 9
	30 # 65
	31 # 80
	32 # 108
	33 # 131
	34 # 195
	35 # 155
	36 # 34
	37 # 103
	38 # 83
	39 # 36
	40 # 61
	41 # 166
	42 # 223
	43 # 197
	44 # 47
	45 # 111
	46 # 53
	47 # 4
	48 # 184
	49 # 134
	50 # 180
Timestep 9:
	0 # 191
	1 # 137
	2 # 61
	3 # 162
	4 # 205
	5 # 136
	6 # 183
	7 # 209
	8 # 77
	9 # 73
	10 # 166
	11 # 115
	12 # 34
	13 # 147
	14 # 181
	15 # 135
	16 # 190
	17 # 219
	18 # 74
	19 # 102
	20 # 87
	21 # 173
	22 # 38
	23 # 49
	24 # 95
	25 # 75
	26 # 140
	27 # 121
	28 # 96
	29 # 8
	30 # 65
	31 # 79
	32 # 97
	33 # 146
	34 # 196
	35 # 139
	36 # 20
	37 # 90
	38 # 84
	39 # 37
	40 # 48
	41 # 167
	42 # 222
	43 # 210
	44 # 46
	45 # 126
	46 # 39
	47 # 5
	48 # 169
	49 # 150
	50 # 179
Timestep 10:
	0 # 190
	1 # 153
	2 # 62
	3 # 177
	4 # 192
	5 # 135
	6 # 184
	7 # 210
	8 # 77
	9 # 88
	10 # 152
	11 # 103
	12 # 20
	13 # 132
	14 # 180
	15 # 151
	16 # 204
	17 # 220
	18 # 89
	19 # 114
	20 # 72
	21 # 174
	22 # 52
	23 # 34
	24 # 94
	25 # 75
	26 # 139
	27 # 121
	28 # 95
	29 # 7
	30 # 66
	31 # 78
	32 # 83
	33 # 160
	34 # 197
	35 # 124
	36 # 19
	37 # 91
	38 # 68
	39 # 51
	40 # 33
	41 # 168
	42 # 221
	43 # 223
	44 # 45
	45 # 141
	46 # 25
	47 # 6
	48 # 155
	49 # 164
	50 # 178
Timestep 11:
	0 # 174
	1 # 167
	2 # 63
	3 # 193
	4 # 176
	5 # 120
	6 # 185
	7 # 197
	8 # 61
	9 # 89
	10 # 152
	11 # 90
	12 # 19
	13 # 131
	14 # 165
	15 # 150
	16 # 218
	17 # 205
	18 # 102
	19 # 115
	20 # 73
	21 # 175
	22 # 52
	23 # 20
	24 # 93
	25 # 75
	26 # 155
	27 # 122
	28 # 94
	29 # 21
	30 # 67
	31 # 77
	32 # 84
	33 # 161
	34 # 198
	35 # 109
	36 # 5
	37 # 76
	38 # 69
	39 # 66
	40 # 34
	41 # 168
	42 # 208
	43 # 210
	44 # 30
	45 # 140
	46 # 25
	47 # 7
	48 # 154
	49 # 179
	50 # 177
Timestep 12:
	0 # 173
	1 # 182
	2 # 64
	3 # 206
	4 # 161
	5 # 121
	6 # 185
	7 # 181
	8 # 62
	9 # 102
	10 # 153
	11 # 91
	12 # 18
	13 # 115
	14 # 151
	15 # 149
	16 # 219
	17 # 192
	18 # 101
	19 # 116
	20 # 57
	21 # 191
	22 # 38
	23 # 19
	24 # 92
	25 # 90
	26 # 154
	27 # 123
	28 # 93
	29 # 21
	30 # 67
	31 # 76
	32 # 68
	33 # 147
	34 # 199
	35 # 98
	36 # 5
	37 # 60
	38 # 85
	39 # 82
	40 # 33
	41 # 167
	42 # 195
	43 # 209
	44 # 29
	45 # 139
	46 # 25
	47 # 8
	48 # 138
	49 # 178
	50 # 176
Timestep 13:
	0 # 173
	1 # 181
	2 # 65
	3 # 207
	4 # 160
	5 # 106
	6 # 201
	7 # 166
	8 # 63
	9 # 114
	10 # 137
	11 # 91
	12 # 4
	13 # 103
	14 # 152
	15 # 148
	16 # 219
	17 # 205
	18 # 101
	19 # 117
	20 # 73
	21 # 192
	22 # 39
	23 # 18
	24 # 78
	25 # 89
	26 # 153
	27 # 124
	28 # 93
	29 # 21
	30 # 68
	31 # 75
	32 # 53
	33 # 146
	34 # 200
	35 # 84
	36 # 19
	37 # 60
	38 # 99
	39 # 96
	40 # 48
	41 # 168
	42 # 196
	43 # 210
	44 # 28
	45 # 138
	46 # 24
	47 # 9
	48 # 123
	49 # 177
	50 # 175
Timestep 14:
	0 # 174
	1 # 180
	2 # 66
	3 # 208
	4 # 146
	5 # 95
	6 # 185
	7 # 167
	8 # 64
	9 # 130
	10 # 138
	11 # 76
	12 # 3
	13 # 90
	14 # 136
	15 # 133
	16 # 218
	17 # 205
	18 # 101
	19 # 118
	20 # 73
	21 # 176
	22 # 25
	23 # 17
	24 # 62
	25 # 102
	26 # 153
	27 # 125
	28 # 105
	29 # 21
	30 # 69
	31 # 74
	32 # 39
	33 # 131
	34 # 184
	35 # 68
	36 # 18
	37 # 61
	38 # 99
	39 # 107
	40 # 48
	41 # 169
	42 # 196
	43 # 223
	44 # 43
	45 # 154
	46 # 11
	47 # 22
	48 # 123
	49 # 193
	50 # 160
Timestep 15:
	0 # 175
	1 # 179
	2 # 67
	3 # 209
	4 # 131
	5 # 95
	6 # 184
	7 # 168
	8 # 65
	9 # 129
	10 # 123
	11 # 77
	12 # 2
	13 # 75
	14 # 121
	15 # 117
	16 # 204
	17 # 206
	18 # 102
	19 # 119
	20 # 74
	21 # 177
	22 # 25
	23 # 3
	24 # 61
	25 # 114
	26 # 167
	27 # 126
	28 # 105
	29 # 35
	30 # 70
	31 # 58
	32 # 40
	33 # 115
	34 # 169
	35 # 53
	36 # 32
	37 # 48
	38 # 85
	39 # 108
	40 # 49
	41 # 155
	42 # 180
	43 # 224
	44 # 43
	45 # 154
	46 # 24
	47 # 23
	48 # 122
	49 # 193
	50 # 160
Timestep 16:
	0 # 191
	1 # 179
	2 # 68
	3 # 222
	4 # 115
	5 # 94
	6 # 184
	7 # 169
	8 # 66
	9 # 129
	10 # 108
	11 # 61
	12 # 16
	13 # 74
	14 # 106
	15 # 133
	16 # 190
	17 # 207
	18 # 114
	19 # 134
	20 # 89
	21 # 178
	22 # 24
	23 # 4
	24 # 60
	25 # 130
	26 # 167
	27 # 126
	28 # 119
	29 # 21
	30 # 55
	31 # 57
	32 # 41
	33 # 103
	34 # 155
	35 # 52
	36 # 47
	37 # 33
	38 # 69
	39 # 109
	40 # 49
	41 # 156
	42 # 165
	43 # 225
	44 # 44
	45 # 153
	46 # 38
	47 # 37
	48 # 121
	49 # 193
	50 # 146
Timestep 17:
	0 # 192
	1 # 178
	2 # 69
	3 # 223
	4 # 115
	5 # 80
	6 # 183
	7 # 184
	8 # 67
	9 # 128
	10 # 97
	11 # 48
	12 # 16
	13 # 73
	14 # 95
	15 # 148
	16 # 174
	17 # 194
	18 # 130
	19 # 119
	20 # 102
	21 # 163
	22 # 25
	23 # 5
	24 # 60
	25 # 131
	26 # 182
	27 # 111
	28 # 118
	29 # 35
	30 # 41
	31 # 44
	32 # 42
	33 # 90
	34 # 156
	35 # 38
	36 # 46
	37 # 19
	38 # 70
	39 # 124
	40 # 62
	41 # 140
	42 # 151
	43 # 226
	44 # 45
	45 # 137
	46 # 39
	47 # 51
	48 # 120
	49 # 177
	50 # 160
Timestep 18:
	0 # 192
	1 # 177
	2 # 70
	3 # 224
	4 # 103
	5 # 79
	6 # 183
	7 # 200
	8 # 68
	9 # 143
	10 # 97
	11 # 33
	12 # 15
	13 # 88
	14 # 81
	15 # 147
	16 # 159
	17 # 178
	18 # 129
	19 # 118
	20 # 114
	21 # 163
	22 # 26
	23 # 4
	24 # 47
	25 # 132
	26 # 198
	27 # 112
	28 # 117
	29 # 34
	30 # 42
	31 # 29
	32 # 27
	33 # 75
	34 # 140
	35 # 24
	36 # 59
	37 # 20
	38 # 55
	39 # 139
	40 # 78
	41 # 125
	42 # 135
	43 # 227
	44 # 58
	45 # 137
	46 # 38
	47 # 66
	48 # 119
	49 # 193
	50 # 175
Timestep 19:
	0 # 176
	1 # 193
	2 # 71
	3 # 225
	4 # 90
	5 # 63
	6 # 182
	7 # 212
	8 # 53
	9 # 157
	10 # 83
	11 # 19
	12 # 1
	13 # 88
	14 # 65
	15 # 146
	16 # 160
	17 # 178
	18 # 128
	19 # 118
	20 # 115
	21 # 162
	22 # 40
	23 # 4
	24 # 32
	25 # 147
	26 # 211
	27 # 100
	28 # 104
	29 # 33
	30 # 27
	31 # 15
	32 # 14
	33 # 75
	34 # 125
	35 # 11
	36 # 60
	37 # 21
	38 # 55
	39 # 155
	40 # 79
	41 # 110
	42 # 120
	43 # 213
	44 # 45
	45 # 153
	46 # 52
	47 # 82
	48 # 105
	49 # 194
	50 # 175

