Solution makespan:12
Timestep 0:
	0 # 11
	1 # 6
	2 # 0
	3 # 8
Timestep 1:
	0 # 10
	1 # 6
	2 # 1
	3 # 9
Timestep 2:
	0 # 11
	1 # 6
	2 # 4
	3 # 8
Timestep 3:
	0 # 10
	1 # 9
	2 # 7
	3 # 8
Timestep 4:
	0 # 9
	1 # 6
	2 # 11
	3 # 5
Timestep 5:
	0 # 9
	1 # 6
	2 # 10
	3 # 5
Timestep 6:
	0 # 6
	1 # 5
	2 # 9
	3 # 8
Timestep 7:
	0 # 5
	1 # 2
	2 # 6
	3 # 9
Timestep 8:
	0 # 8
	1 # 5
	2 # 6
	3 # 10
Timestep 9:
	0 # 9
	1 # 5
	2 # 6
	3 # 11
Timestep 10:
	0 # 10
	1 # 8
	2 # 5
	3 # 7
Timestep 11:
	0 # 11
	1 # 9
	2 # 6
	3 # 4
Timestep 12:
	0 # 7
	1 # 10
	2 # 9
	3 # 1

