Solution makespan:11
Timestep 0:
	0 # 44
	1 # 2
	2 # 4
	3 # 39
	4 # 40
	5 # 37
	6 # 30
	7 # 32
	8 # 14
	9 # 0
	10 # 43
	11 # 17
	12 # 7
	13 # 42
	14 # 35
	15 # 3
	16 # 49
	17 # 6
	18 # 27
Timestep 1:
	0 # 38
	1 # 3
	2 # 11
	3 # 40
	4 # 45
	5 # 36
	6 # 29
	7 # 37
	8 # 13
	9 # 0
	10 # 44
	11 # 16
	12 # 8
	13 # 42
	14 # 35
	15 # 9
	16 # 48
	17 # 7
	18 # 20
Timestep 2:
	0 # 34
	1 # 3
	2 # 4
	3 # 39
	4 # 40
	5 # 36
	6 # 28
	7 # 37
	8 # 14
	9 # 5
	10 # 43
	11 # 17
	12 # 9
	13 # 48
	14 # 29
	15 # 10
	16 # 47
	17 # 7
	18 # 21
Timestep 3:
	0 # 33
	1 # 2
	2 # 4
	3 # 38
	4 # 39
	5 # 31
	6 # 27
	7 # 37
	8 # 13
	9 # 0
	10 # 43
	11 # 18
	12 # 3
	13 # 47
	14 # 30
	15 # 10
	16 # 46
	17 # 8
	18 # 21
Timestep 4:
	0 # 33
	1 # 1
	2 # 11
	3 # 34
	4 # 38
	5 # 32
	6 # 20
	7 # 36
	8 # 13
	9 # 0
	10 # 44
	11 # 23
	12 # 2
	13 # 46
	14 # 22
	15 # 18
	16 # 45
	17 # 8
	18 # 28
Timestep 5:
	0 # 34
	1 # 7
	2 # 10
	3 # 27
	4 # 44
	5 # 25
	6 # 20
	7 # 42
	8 # 5
	9 # 0
	10 # 43
	11 # 24
	12 # 1
	13 # 45
	14 # 17
	15 # 23
	16 # 40
	17 # 2
	18 # 29
Timestep 6:
	0 # 38
	1 # 15
	2 # 18
	3 # 26
	4 # 44
	5 # 19
	6 # 27
	7 # 48
	8 # 13
	9 # 5
	10 # 43
	11 # 31
	12 # 1
	13 # 40
	14 # 9
	15 # 24
	16 # 35
	17 # 2
	18 # 30
Timestep 7:
	0 # 39
	1 # 14
	2 # 17
	3 # 33
	4 # 44
	5 # 12
	6 # 34
	7 # 49
	8 # 5
	9 # 0
	10 # 43
	11 # 36
	12 # 1
	13 # 40
	14 # 9
	15 # 31
	16 # 29
	17 # 8
	18 # 22
Timestep 8:
	0 # 40
	1 # 20
	2 # 16
	3 # 34
	4 # 44
	5 # 11
	6 # 38
	7 # 48
	8 # 5
	9 # 0
	10 # 43
	11 # 42
	12 # 2
	13 # 35
	14 # 3
	15 # 36
	16 # 28
	17 # 9
	18 # 23
Timestep 9:
	0 # 45
	1 # 27
	2 # 15
	3 # 34
	4 # 38
	5 # 10
	6 # 39
	7 # 47
	8 # 5
	9 # 0
	10 # 43
	11 # 41
	12 # 8
	13 # 29
	14 # 2
	15 # 42
	16 # 21
	17 # 17
	18 # 23
Timestep 10:
	0 # 45
	1 # 26
	2 # 14
	3 # 27
	4 # 44
	5 # 9
	6 # 40
	7 # 46
	8 # 6
	9 # 5
	10 # 43
	11 # 41
	12 # 16
	13 # 28
	14 # 2
	15 # 48
	16 # 15
	17 # 18
	18 # 22
Timestep 11:
	0 # 45
	1 # 33
	2 # 14
	3 # 20
	4 # 44
	5 # 3
	6 # 35
	7 # 46
	8 # 6
	9 # 13
	10 # 43
	11 # 47
	12 # 16
	13 # 21
	14 # 8
	15 # 49
	16 # 7
	17 # 17
	18 # 30

