Solution makespan:22
Timestep 0:
	0 # 68
	1 # 171
	2 # 154
	3 # 54
	4 # 153
	5 # 21
	6 # 50
	7 # 219
	8 # 205
	9 # 94
	10 # 92
	11 # 208
	12 # 224
	13 # 226
	14 # 35
	15 # 90
	16 # 210
	17 # 91
	18 # 42
	19 # 96
	20 # 27
	21 # 17
	22 # 220
	23 # 198
	24 # 120
	25 # 160
	26 # 178
	27 # 150
	28 # 190
	29 # 180
	30 # 105
	31 # 48
	32 # 13
	33 # 131
	34 # 38
	35 # 113
	36 # 176
	37 # 70
	38 # 0
	39 # 29
	40 # 77
	41 # 95
	42 # 163
	43 # 225
	44 # 55
	45 # 136
	46 # 72
	47 # 84
	48 # 142
	49 # 69
	50 # 182
Timestep 1:
	0 # 84
	1 # 156
	2 # 154
	3 # 54
	4 # 140
	5 # 8
	6 # 65
	7 # 218
	8 # 204
	9 # 80
	10 # 91
	11 # 207
	12 # 225
	13 # 227
	14 # 20
	15 # 101
	16 # 209
	17 # 75
	18 # 28
	19 # 97
	20 # 27
	21 # 31
	22 # 221
	23 # 199
	24 # 119
	25 # 145
	26 # 179
	27 # 151
	28 # 189
	29 # 167
	30 # 94
	31 # 49
	32 # 26
	33 # 131
	34 # 37
	35 # 129
	36 # 177
	37 # 71
	38 # 14
	39 # 15
	40 # 61
	41 # 95
	42 # 162
	43 # 211
	44 # 56
	45 # 137
	46 # 73
	47 # 83
	48 # 155
	49 # 70
	50 # 182
Timestep 2:
	0 # 83
	1 # 171
	2 # 155
	3 # 53
	4 # 141
	5 # 7
	6 # 64
	7 # 205
	8 # 203
	9 # 79
	10 # 75
	11 # 206
	12 # 225
	13 # 228
	14 # 21
	15 # 90
	16 # 223
	17 # 76
	18 # 42
	19 # 108
	20 # 27
	21 # 45
	22 # 222
	23 # 199
	24 # 135
	25 # 160
	26 # 166
	27 # 151
	28 # 188
	29 # 167
	30 # 80
	31 # 48
	32 # 40
	33 # 115
	34 # 52
	35 # 130
	36 # 178
	37 # 70
	38 # 15
	39 # 16
	40 # 62
	41 # 81
	42 # 163
	43 # 211
	44 # 71
	45 # 138
	46 # 73
	47 # 82
	48 # 170
	49 # 69
	50 # 181
Timestep 3:
	0 # 97
	1 # 156
	2 # 170
	3 # 68
	4 # 142
	5 # 6
	6 # 63
	7 # 190
	8 # 202
	9 # 80
	10 # 76
	11 # 192
	12 # 224
	13 # 228
	14 # 22
	15 # 74
	16 # 222
	17 # 92
	18 # 43
	19 # 123
	20 # 41
	21 # 59
	22 # 208
	23 # 184
	24 # 136
	25 # 161
	26 # 151
	27 # 137
	28 # 173
	29 # 166
	30 # 64
	31 # 47
	32 # 55
	33 # 116
	34 # 67
	35 # 131
	36 # 165
	37 # 69
	38 # 29
	39 # 16
	40 # 62
	41 # 81
	42 # 164
	43 # 225
	44 # 87
	45 # 139
	46 # 89
	47 # 82
	48 # 183
	49 # 85
	50 # 169
Timestep 4:
	0 # 108
	1 # 143
	2 # 155
	3 # 67
	4 # 142
	5 # 5
	6 # 62
	7 # 175
	8 # 203
	9 # 94
	10 # 77
	11 # 191
	12 # 223
	13 # 228
	14 # 36
	15 # 74
	16 # 221
	17 # 93
	18 # 44
	19 # 139
	20 # 56
	21 # 75
	22 # 222
	23 # 183
	24 # 120
	25 # 146
	26 # 151
	27 # 138
	28 # 174
	29 # 179
	30 # 63
	31 # 46
	32 # 70
	33 # 117
	34 # 83
	35 # 130
	36 # 178
	37 # 68
	38 # 30
	39 # 15
	40 # 48
	41 # 80
	42 # 177
	43 # 226
	44 # 86
	45 # 140
	46 # 100
	47 # 96
	48 # 198
	49 # 84
	50 # 168
Timestep 5:
	0 # 108
	1 # 127
	2 # 154
	3 # 66
	4 # 155
	5 # 19
	6 # 61
	7 # 162
	8 # 203
	9 # 105
	10 # 78
	11 # 176
	12 # 222
	13 # 213
	14 # 51
	15 # 90
	16 # 220
	17 # 104
	18 # 43
	19 # 152
	20 # 71
	21 # 91
	22 # 221
	23 # 170
	24 # 121
	25 # 132
	26 # 150
	27 # 139
	28 # 174
	29 # 194
	30 # 62
	31 # 45
	32 # 86
	33 # 118
	34 # 97
	35 # 131
	36 # 193
	37 # 84
	38 # 31
	39 # 29
	40 # 34
	41 # 64
	42 # 192
	43 # 227
	44 # 85
	45 # 124
	46 # 113
	47 # 95
	48 # 183
	49 # 83
	50 # 167
Timestep 6:
	0 # 107
	1 # 111
	2 # 153
	3 # 67
	4 # 156
	5 # 18
	6 # 61
	7 # 147
	8 # 188
	9 # 105
	10 # 79
	11 # 163
	12 # 221
	13 # 212
	14 # 50
	15 # 89
	16 # 219
	17 # 104
	18 # 42
	19 # 168
	20 # 87
	21 # 90
	22 # 220
	23 # 155
	24 # 122
	25 # 116
	26 # 165
	27 # 140
	28 # 161
	29 # 208
	30 # 48
	31 # 44
	32 # 85
	33 # 119
	34 # 108
	35 # 145
	36 # 178
	37 # 84
	38 # 45
	39 # 43
	40 # 19
	41 # 63
	42 # 206
	43 # 228
	44 # 98
	45 # 109
	46 # 112
	47 # 95
	48 # 170
	49 # 82
	50 # 180
Timestep 7:
	0 # 96
	1 # 110
	2 # 140
	3 # 83
	4 # 171
	5 # 18
	6 # 77
	7 # 147
	8 # 173
	9 # 106
	10 # 80
	11 # 148
	12 # 220
	13 # 198
	14 # 65
	15 # 89
	16 # 219
	17 # 117
	18 # 42
	19 # 169
	20 # 86
	21 # 90
	22 # 206
	23 # 154
	24 # 138
	25 # 103
	26 # 166
	27 # 139
	28 # 146
	29 # 207
	30 # 34
	31 # 44
	32 # 84
	33 # 120
	34 # 123
	35 # 160
	36 # 165
	37 # 68
	38 # 59
	39 # 58
	40 # 5
	41 # 49
	42 # 192
	43 # 228
	44 # 85
	45 # 124
	46 # 128
	47 # 81
	48 # 155
	49 # 82
	50 # 179
Timestep 8:
	0 # 97
	1 # 110
	2 # 141
	3 # 82
	4 # 171
	5 # 33
	6 # 93
	7 # 133
	8 # 173
	9 # 105
	10 # 64
	11 # 134
	12 # 219
	13 # 183
	14 # 81
	15 # 90
	16 # 218
	17 # 118
	18 # 57
	19 # 181
	20 # 87
	21 # 101
	22 # 207
	23 # 155
	24 # 137
	25 # 92
	26 # 166
	27 # 139
	28 # 132
	29 # 208
	30 # 48
	31 # 43
	32 # 83
	33 # 120
	34 # 122
	35 # 160
	36 # 150
	37 # 67
	38 # 75
	39 # 73
	40 # 5
	41 # 63
	42 # 193
	43 # 228
	44 # 84
	45 # 140
	46 # 144
	47 # 80
	48 # 142
	49 # 66
	50 # 178
Timestep 9:
	0 # 97
	1 # 110
	2 # 141
	3 # 96
	4 # 156
	5 # 32
	6 # 93
	7 # 117
	8 # 160
	9 # 120
	10 # 65
	11 # 135
	12 # 218
	13 # 183
	14 # 80
	15 # 74
	16 # 217
	17 # 134
	18 # 72
	19 # 196
	20 # 87
	21 # 114
	22 # 206
	23 # 170
	24 # 137
	25 # 76
	26 # 165
	27 # 152
	28 # 131
	29 # 222
	30 # 47
	31 # 42
	32 # 82
	33 # 121
	34 # 138
	35 # 161
	36 # 136
	37 # 66
	38 # 91
	39 # 89
	40 # 19
	41 # 79
	42 # 178
	43 # 227
	44 # 83
	45 # 153
	46 # 157
	47 # 64
	48 # 126
	49 # 51
	50 # 177
Timestep 10:
	0 # 108
	1 # 126
	2 # 140
	3 # 107
	4 # 143
	5 # 31
	6 # 93
	7 # 104
	8 # 145
	9 # 119
	10 # 50
	11 # 136
	12 # 205
	13 # 184
	14 # 79
	15 # 75
	16 # 218
	17 # 133
	18 # 88
	19 # 211
	20 # 86
	21 # 115
	22 # 192
	23 # 183
	24 # 121
	25 # 77
	26 # 165
	27 # 152
	28 # 130
	29 # 221
	30 # 46
	31 # 28
	32 # 81
	33 # 106
	34 # 137
	35 # 146
	36 # 120
	37 # 65
	38 # 102
	39 # 100
	40 # 5
	41 # 78
	42 # 179
	43 # 226
	44 # 97
	45 # 169
	46 # 157
	47 # 63
	48 # 127
	49 # 66
	50 # 164
Timestep 11:
	0 # 107
	1 # 125
	2 # 139
	3 # 122
	4 # 127
	5 # 17
	6 # 92
	7 # 93
	8 # 131
	9 # 118
	10 # 65
	11 # 120
	12 # 190
	13 # 199
	14 # 63
	15 # 59
	16 # 205
	17 # 133
	18 # 72
	19 # 211
	20 # 85
	21 # 115
	22 # 191
	23 # 198
	24 # 137
	25 # 78
	26 # 150
	27 # 152
	28 # 114
	29 # 207
	30 # 45
	31 # 14
	32 # 95
	33 # 106
	34 # 151
	35 # 132
	36 # 105
	37 # 64
	38 # 103
	39 # 113
	40 # 6
	41 # 62
	42 # 180
	43 # 225
	44 # 108
	45 # 181
	46 # 157
	47 # 49
	48 # 126
	49 # 51
	50 # 149
Timestep 12:
	0 # 122
	1 # 124
	2 # 123
	3 # 138
	4 # 126
	5 # 3
	6 # 91
	7 # 77
	8 # 130
	9 # 117
	10 # 64
	11 # 121
	12 # 175
	13 # 213
	14 # 49
	15 # 60
	16 # 190
	17 # 134
	18 # 73
	19 # 225
	20 # 85
	21 # 131
	22 # 176
	23 # 197
	24 # 136
	25 # 79
	26 # 149
	27 # 139
	28 # 101
	29 # 193
	30 # 44
	31 # 0
	32 # 94
	33 # 95
	34 # 166
	35 # 133
	36 # 105
	37 # 63
	38 # 116
	39 # 114
	40 # 6
	41 # 61
	42 # 167
	43 # 224
	44 # 109
	45 # 196
	46 # 144
	47 # 48
	48 # 125
	49 # 51
	50 # 164
Timestep 13:
	0 # 121
	1 # 124
	2 # 108
	3 # 139
	4 # 142
	5 # 4
	6 # 91
	7 # 61
	8 # 114
	9 # 133
	10 # 65
	11 # 137
	12 # 162
	13 # 199
	14 # 48
	15 # 59
	16 # 191
	17 # 118
	18 # 89
	19 # 226
	20 # 85
	21 # 145
	22 # 163
	23 # 196
	24 # 120
	25 # 63
	26 # 135
	27 # 123
	28 # 100
	29 # 192
	30 # 44
	31 # 14
	32 # 105
	33 # 96
	34 # 165
	35 # 132
	36 # 106
	37 # 62
	38 # 116
	39 # 115
	40 # 6
	41 # 60
	42 # 168
	43 # 223
	44 # 109
	45 # 211
	46 # 128
	47 # 34
	48 # 141
	49 # 66
	50 # 164
Timestep 14:
	0 # 137
	1 # 123
	2 # 97
	3 # 152
	4 # 141
	5 # 4
	6 # 91
	7 # 47
	8 # 101
	9 # 133
	10 # 50
	11 # 138
	12 # 147
	13 # 184
	14 # 62
	15 # 45
	16 # 176
	17 # 118
	18 # 100
	19 # 227
	20 # 69
	21 # 160
	22 # 162
	23 # 196
	24 # 119
	25 # 64
	26 # 134
	27 # 108
	28 # 99
	29 # 192
	30 # 43
	31 # 28
	32 # 120
	33 # 82
	34 # 178
	35 # 131
	36 # 107
	37 # 78
	38 # 132
	39 # 115
	40 # 7
	41 # 59
	42 # 169
	43 # 222
	44 # 109
	45 # 225
	46 # 129
	47 # 34
	48 # 140
	49 # 65
	50 # 163
Timestep 15:
	0 # 151
	1 # 108
	2 # 83
	3 # 168
	4 # 140
	5 # 4
	6 # 90
	7 # 33
	8 # 100
	9 # 132
	10 # 51
	11 # 122
	12 # 133
	13 # 171
	14 # 48
	15 # 31
	16 # 175
	17 # 117
	18 # 113
	19 # 228
	20 # 54
	21 # 173
	22 # 161
	23 # 211
	24 # 118
	25 # 65
	26 # 148
	27 # 97
	28 # 88
	29 # 206
	30 # 58
	31 # 42
	32 # 136
	33 # 66
	34 # 193
	35 # 115
	36 # 96
	37 # 77
	38 # 146
	39 # 116
	40 # 8
	41 # 45
	42 # 153
	43 # 221
	44 # 124
	45 # 226
	46 # 130
	47 # 19
	48 # 139
	49 # 50
	50 # 162
Timestep 16:
	0 # 166
	1 # 97
	2 # 67
	3 # 169
	4 # 139
	5 # 4
	6 # 90
	7 # 18
	8 # 89
	9 # 132
	10 # 52
	11 # 107
	12 # 117
	13 # 156
	14 # 49
	15 # 31
	16 # 175
	17 # 104
	18 # 113
	19 # 228
	20 # 39
	21 # 174
	22 # 160
	23 # 225
	24 # 119
	25 # 66
	26 # 163
	27 # 83
	28 # 99
	29 # 206
	30 # 58
	31 # 57
	32 # 135
	33 # 51
	34 # 192
	35 # 131
	36 # 95
	37 # 76
	38 # 161
	39 # 116
	40 # 9
	41 # 44
	42 # 154
	43 # 220
	44 # 140
	45 # 227
	46 # 114
	47 # 34
	48 # 138
	49 # 50
	50 # 147
Timestep 17:
	0 # 167
	1 # 83
	2 # 68
	3 # 169
	4 # 139
	5 # 4
	6 # 91
	7 # 19
	8 # 73
	9 # 132
	10 # 37
	11 # 96
	12 # 104
	13 # 143
	14 # 48
	15 # 45
	16 # 176
	17 # 93
	18 # 114
	19 # 213
	20 # 25
	21 # 175
	22 # 160
	23 # 224
	24 # 120
	25 # 67
	26 # 164
	27 # 84
	28 # 100
	29 # 192
	30 # 57
	31 # 42
	32 # 134
	33 # 52
	34 # 191
	35 # 145
	36 # 106
	37 # 75
	38 # 162
	39 # 117
	40 # 9
	41 # 43
	42 # 154
	43 # 206
	44 # 153
	45 # 227
	46 # 101
	47 # 33
	48 # 138
	49 # 65
	50 # 146
Timestep 18:
	0 # 180
	1 # 67
	2 # 69
	3 # 168
	4 # 138
	5 # 4
	6 # 75
	7 # 5
	8 # 58
	9 # 116
	10 # 23
	11 # 82
	12 # 93
	13 # 127
	14 # 48
	15 # 45
	16 # 177
	17 # 77
	18 # 115
	19 # 199
	20 # 24
	21 # 175
	22 # 173
	23 # 223
	24 # 121
	25 # 52
	26 # 165
	27 # 85
	28 # 89
	29 # 193
	30 # 57
	31 # 28
	32 # 133
	33 # 53
	34 # 190
	35 # 146
	36 # 95
	37 # 74
	38 # 147
	39 # 118
	40 # 22
	41 # 44
	42 # 141
	43 # 192
	44 # 169
	45 # 228
	46 # 102
	47 # 33
	48 # 137
	49 # 81
	50 # 132
Timestep 19:
	0 # 195
	1 # 67
	2 # 54
	3 # 152
	4 # 122
	5 # 4
	6 # 76
	7 # 6
	8 # 57
	9 # 115
	10 # 24
	11 # 83
	12 # 77
	13 # 111
	14 # 34
	15 # 45
	16 # 178
	17 # 78
	18 # 102
	19 # 184
	20 # 38
	21 # 190
	22 # 188
	23 # 222
	24 # 106
	25 # 53
	26 # 166
	27 # 86
	28 # 89
	29 # 207
	30 # 72
	31 # 14
	32 # 132
	33 # 68
	34 # 189
	35 # 161
	36 # 95
	37 # 73
	38 # 146
	39 # 119
	40 # 36
	41 # 30
	42 # 142
	43 # 191
	44 # 181
	45 # 227
	46 # 103
	47 # 32
	48 # 136
	49 # 82
	50 # 116
Timestep 20:
	0 # 209
	1 # 66
	2 # 55
	3 # 139
	4 # 121
	5 # 4
	6 # 77
	7 # 6
	8 # 42
	9 # 114
	10 # 25
	11 # 83
	12 # 61
	13 # 111
	14 # 34
	15 # 59
	16 # 178
	17 # 62
	18 # 91
	19 # 199
	20 # 37
	21 # 205
	22 # 187
	23 # 221
	24 # 107
	25 # 38
	26 # 167
	27 # 70
	28 # 89
	29 # 208
	30 # 88
	31 # 15
	32 # 131
	33 # 69
	34 # 188
	35 # 162
	36 # 94
	37 # 73
	38 # 161
	39 # 120
	40 # 51
	41 # 29
	42 # 126
	43 # 176
	44 # 182
	45 # 227
	46 # 104
	47 # 31
	48 # 135
	49 # 81
	50 # 115
Timestep 21:
	0 # 210
	1 # 65
	2 # 54
	3 # 139
	4 # 106
	5 # 4
	6 # 78
	7 # 6
	8 # 28
	9 # 113
	10 # 26
	11 # 84
	12 # 47
	13 # 111
	14 # 19
	15 # 60
	16 # 179
	17 # 63
	18 # 75
	19 # 213
	20 # 38
	21 # 218
	22 # 202
	23 # 220
	24 # 96
	25 # 24
	26 # 168
	27 # 55
	28 # 73
	29 # 209
	30 # 99
	31 # 16
	32 # 145
	33 # 70
	34 # 187
	35 # 175
	36 # 105
	37 # 74
	38 # 174
	39 # 121
	40 # 66
	41 # 29
	42 # 110
	43 # 163
	44 # 183
	45 # 212
	46 # 93
	47 # 17
	48 # 134
	49 # 80
	50 # 115
Timestep 22:
	0 # 210
	1 # 50
	2 # 55
	3 # 138
	4 # 95
	5 # 4
	6 # 78
	7 # 6
	8 # 28
	9 # 129
	10 # 27
	11 # 85
	12 # 33
	13 # 111
	14 # 5
	15 # 61
	16 # 194
	17 # 63
	18 # 59
	19 # 228
	20 # 39
	21 # 219
	22 # 201
	23 # 206
	24 # 82
	25 # 25
	26 # 169
	27 # 40
	28 # 58
	29 # 223
	30 # 112
	31 # 17
	32 # 160
	33 # 71
	34 # 186
	35 # 162
	36 # 120
	37 # 74
	38 # 189
	39 # 122
	40 # 65
	41 # 15
	42 # 110
	43 # 163
	44 # 183
	45 # 227
	46 # 77
	47 # 3
	48 # 133
	49 # 79
	50 # 102

