Solution makespan:20
Timestep 0:
	0 # 60
	1 # 40
	2 # 26
	3 # 164
	4 # 181
	5 # 4
	6 # 20
	7 # 84
	8 # 79
	9 # 207
	10 # 94
	11 # 157
	12 # 44
	13 # 129
	14 # 73
	15 # 37
	16 # 185
	17 # 176
	18 # 184
	19 # 83
	20 # 140
	21 # 183
	22 # 137
	23 # 77
	24 # 147
	25 # 27
	26 # 38
	27 # 212
	28 # 116
	29 # 121
	30 # 214
	31 # 119
	32 # 93
	33 # 67
	34 # 35
	35 # 46
	36 # 113
	37 # 131
	38 # 125
	39 # 208
	40 # 81
	41 # 74
	42 # 0
	43 # 179
	44 # 170
	45 # 87
	46 # 21
	47 # 70
	48 # 5
	49 # 132
	50 # 134
Timestep 1:
	0 # 59
	1 # 41
	2 # 39
	3 # 165
	4 # 180
	5 # 3
	6 # 33
	7 # 83
	8 # 79
	9 # 206
	10 # 108
	11 # 156
	12 # 31
	13 # 130
	14 # 72
	15 # 50
	16 # 184
	17 # 160
	18 # 169
	19 # 96
	20 # 153
	21 # 183
	22 # 137
	23 # 76
	24 # 148
	25 # 40
	26 # 37
	27 # 213
	28 # 115
	29 # 122
	30 # 201
	31 # 135
	32 # 92
	33 # 66
	34 # 35
	35 # 61
	36 # 129
	37 # 144
	38 # 140
	39 # 209
	40 # 69
	41 # 75
	42 # 12
	43 # 164
	44 # 171
	45 # 88
	46 # 21
	47 # 84
	48 # 6
	49 # 132
	50 # 146
Timestep 2:
	0 # 70
	1 # 28
	2 # 26
	3 # 164
	4 # 165
	5 # 3
	6 # 46
	7 # 96
	8 # 93
	9 # 205
	10 # 108
	11 # 142
	12 # 18
	13 # 143
	14 # 86
	15 # 49
	16 # 198
	17 # 159
	18 # 184
	19 # 111
	20 # 168
	21 # 197
	22 # 121
	23 # 91
	24 # 163
	25 # 41
	26 # 36
	27 # 200
	28 # 100
	29 # 106
	30 # 187
	31 # 135
	32 # 78
	33 # 54
	34 # 35
	35 # 72
	36 # 113
	37 # 158
	38 # 153
	39 # 209
	40 # 68
	41 # 89
	42 # 13
	43 # 179
	44 # 172
	45 # 88
	46 # 34
	47 # 97
	48 # 20
	49 # 133
	50 # 161
Timestep 3:
	0 # 59
	1 # 29
	2 # 11
	3 # 164
	4 # 150
	5 # 3
	6 # 61
	7 # 111
	8 # 106
	9 # 205
	10 # 109
	11 # 143
	12 # 31
	13 # 157
	14 # 99
	15 # 48
	16 # 184
	17 # 158
	18 # 169
	19 # 127
	20 # 167
	21 # 183
	22 # 105
	23 # 90
	24 # 178
	25 # 42
	26 # 35
	27 # 186
	28 # 115
	29 # 107
	30 # 201
	31 # 134
	32 # 78
	33 # 40
	34 # 34
	35 # 86
	36 # 129
	37 # 174
	38 # 152
	39 # 210
	40 # 67
	41 # 101
	42 # 27
	43 # 180
	44 # 171
	45 # 87
	46 # 47
	47 # 97
	48 # 20
	49 # 117
	50 # 177
Timestep 4:
	0 # 59
	1 # 29
	2 # 10
	3 # 149
	4 # 138
	5 # 4
	6 # 72
	7 # 127
	8 # 107
	9 # 191
	10 # 110
	11 # 144
	12 # 18
	13 # 143
	14 # 98
	15 # 63
	16 # 183
	17 # 157
	18 # 170
	19 # 141
	20 # 152
	21 # 197
	22 # 92
	23 # 89
	24 # 193
	25 # 56
	26 # 48
	27 # 185
	28 # 114
	29 # 123
	30 # 200
	31 # 133
	32 # 65
	33 # 27
	34 # 47
	35 # 99
	36 # 129
	37 # 174
	38 # 151
	39 # 210
	40 # 66
	41 # 117
	42 # 28
	43 # 180
	44 # 172
	45 # 100
	46 # 62
	47 # 96
	48 # 6
	49 # 118
	50 # 177
Timestep 5:
	0 # 60
	1 # 30
	2 # 9
	3 # 164
	4 # 122
	5 # 5
	6 # 86
	7 # 128
	8 # 123
	9 # 177
	10 # 111
	11 # 145
	12 # 3
	13 # 157
	14 # 97
	15 # 62
	16 # 183
	17 # 156
	18 # 171
	19 # 127
	20 # 151
	21 # 198
	22 # 78
	23 # 89
	24 # 207
	25 # 42
	26 # 63
	27 # 185
	28 # 113
	29 # 124
	30 # 199
	31 # 132
	32 # 65
	33 # 27
	34 # 47
	35 # 114
	36 # 142
	37 # 158
	38 # 150
	39 # 195
	40 # 54
	41 # 133
	42 # 41
	43 # 181
	44 # 173
	45 # 87
	46 # 73
	47 # 83
	48 # 20
	49 # 134
	50 # 161
Timestep 6:
	0 # 45
	1 # 30
	2 # 9
	3 # 164
	4 # 106
	5 # 6
	6 # 99
	7 # 128
	8 # 124
	9 # 161
	10 # 112
	11 # 132
	12 # 4
	13 # 173
	14 # 96
	15 # 61
	16 # 184
	17 # 156
	18 # 155
	19 # 111
	20 # 139
	21 # 211
	22 # 79
	23 # 90
	24 # 221
	25 # 29
	26 # 74
	27 # 199
	28 # 98
	29 # 108
	30 # 198
	31 # 131
	32 # 78
	33 # 28
	34 # 46
	35 # 130
	36 # 143
	37 # 158
	38 # 138
	39 # 196
	40 # 40
	41 # 134
	42 # 55
	43 # 182
	44 # 174
	45 # 86
	46 # 87
	47 # 84
	48 # 21
	49 # 135
	50 # 146
Timestep 7:
	0 # 60
	1 # 29
	2 # 10
	3 # 179
	4 # 93
	5 # 20
	6 # 114
	7 # 129
	8 # 125
	9 # 162
	10 # 113
	11 # 133
	12 # 5
	13 # 188
	14 # 111
	15 # 72
	16 # 185
	17 # 172
	18 # 155
	19 # 110
	20 # 123
	21 # 212
	22 # 66
	23 # 91
	24 # 220
	25 # 28
	26 # 88
	27 # 199
	28 # 97
	29 # 124
	30 # 197
	31 # 115
	32 # 78
	33 # 14
	34 # 47
	35 # 143
	36 # 157
	37 # 158
	38 # 122
	39 # 196
	40 # 27
	41 # 146
	42 # 56
	43 # 183
	44 # 175
	45 # 86
	46 # 100
	47 # 70
	48 # 34
	49 # 135
	50 # 147
Timestep 8:
	0 # 45
	1 # 42
	2 # 9
	3 # 180
	4 # 79
	5 # 33
	6 # 130
	7 # 113
	8 # 126
	9 # 147
	10 # 98
	11 # 134
	12 # 6
	13 # 202
	14 # 111
	15 # 86
	16 # 186
	17 # 171
	18 # 155
	19 # 109
	20 # 107
	21 # 212
	22 # 54
	23 # 90
	24 # 219
	25 # 14
	26 # 87
	27 # 200
	28 # 84
	29 # 124
	30 # 183
	31 # 114
	32 # 92
	33 # 1
	34 # 34
	35 # 143
	36 # 156
	37 # 174
	38 # 122
	39 # 196
	40 # 27
	41 # 161
	42 # 57
	43 # 184
	44 # 159
	45 # 85
	46 # 115
	47 # 71
	48 # 21
	49 # 119
	50 # 135
Timestep 9:
	0 # 32
	1 # 56
	2 # 9
	3 # 179
	4 # 80
	5 # 33
	6 # 143
	7 # 129
	8 # 127
	9 # 135
	10 # 98
	11 # 146
	12 # 20
	13 # 202
	14 # 110
	15 # 99
	16 # 187
	17 # 171
	18 # 156
	19 # 95
	20 # 106
	21 # 213
	22 # 40
	23 # 89
	24 # 218
	25 # 15
	26 # 100
	27 # 201
	28 # 70
	29 # 123
	30 # 168
	31 # 113
	32 # 78
	33 # 14
	34 # 21
	35 # 142
	36 # 172
	37 # 173
	38 # 138
	39 # 197
	40 # 28
	41 # 177
	42 # 69
	43 # 185
	44 # 145
	45 # 84
	46 # 131
	47 # 85
	48 # 22
	49 # 103
	50 # 119
Timestep 10:
	0 # 45
	1 # 57
	2 # 9
	3 # 164
	4 # 67
	5 # 34
	6 # 144
	7 # 129
	8 # 111
	9 # 134
	10 # 97
	11 # 161
	12 # 33
	13 # 215
	14 # 109
	15 # 114
	16 # 187
	17 # 170
	18 # 157
	19 # 95
	20 # 93
	21 # 214
	22 # 41
	23 # 75
	24 # 217
	25 # 16
	26 # 115
	27 # 200
	28 # 71
	29 # 139
	30 # 153
	31 # 112
	32 # 78
	33 # 28
	34 # 22
	35 # 143
	36 # 172
	37 # 188
	38 # 150
	39 # 183
	40 # 27
	41 # 191
	42 # 81
	43 # 186
	44 # 132
	45 # 83
	46 # 130
	47 # 98
	48 # 23
	49 # 91
	50 # 103
Timestep 11:
	0 # 60
	1 # 69
	2 # 9
	3 # 149
	4 # 55
	5 # 34
	6 # 144
	7 # 113
	8 # 112
	9 # 146
	10 # 84
	11 # 177
	12 # 32
	13 # 202
	14 # 108
	15 # 130
	16 # 201
	17 # 169
	18 # 158
	19 # 109
	20 # 79
	21 # 215
	22 # 42
	23 # 74
	24 # 216
	25 # 16
	26 # 131
	27 # 199
	28 # 72
	29 # 138
	30 # 140
	31 # 97
	32 # 65
	33 # 28
	34 # 21
	35 # 142
	36 # 171
	37 # 188
	38 # 151
	39 # 168
	40 # 13
	41 # 192
	42 # 82
	43 # 187
	44 # 116
	45 # 96
	46 # 129
	47 # 85
	48 # 23
	49 # 76
	50 # 91
Timestep 12:
	0 # 71
	1 # 81
	2 # 9
	3 # 137
	4 # 41
	5 # 35
	6 # 131
	7 # 114
	8 # 112
	9 # 134
	10 # 70
	11 # 191
	12 # 45
	13 # 201
	14 # 124
	15 # 143
	16 # 214
	17 # 154
	18 # 174
	19 # 108
	20 # 78
	21 # 216
	22 # 29
	23 # 63
	24 # 203
	25 # 15
	26 # 130
	27 # 185
	28 # 61
	29 # 150
	30 # 125
	31 # 97
	32 # 53
	33 # 27
	34 # 21
	35 # 156
	36 # 186
	37 # 202
	38 # 166
	39 # 153
	40 # 12
	41 # 206
	42 # 82
	43 # 172
	44 # 132
	45 # 111
	46 # 142
	47 # 86
	48 # 36
	49 # 77
	50 # 76
Timestep 13:
	0 # 72
	1 # 95
	2 # 9
	3 # 138
	4 # 28
	5 # 36
	6 # 144
	7 # 114
	8 # 97
	9 # 118
	10 # 84
	11 # 192
	12 # 60
	13 # 200
	14 # 123
	15 # 157
	16 # 215
	17 # 153
	18 # 175
	19 # 107
	20 # 79
	21 # 217
	22 # 30
	23 # 48
	24 # 202
	25 # 16
	26 # 129
	27 # 170
	28 # 46
	29 # 149
	30 # 126
	31 # 96
	32 # 53
	33 # 27
	34 # 22
	35 # 172
	36 # 185
	37 # 201
	38 # 181
	39 # 140
	40 # 13
	41 # 220
	42 # 82
	43 # 173
	44 # 116
	45 # 110
	46 # 142
	47 # 87
	48 # 23
	49 # 76
	50 # 91
Timestep 14:
	0 # 73
	1 # 109
	2 # 9
	3 # 122
	4 # 29
	5 # 36
	6 # 158
	7 # 130
	8 # 98
	9 # 134
	10 # 97
	11 # 193
	12 # 59
	13 # 199
	14 # 123
	15 # 173
	16 # 216
	17 # 140
	18 # 176
	19 # 106
	20 # 78
	21 # 218
	22 # 16
	23 # 49
	24 # 215
	25 # 17
	26 # 128
	27 # 171
	28 # 47
	29 # 150
	30 # 127
	31 # 96
	32 # 54
	33 # 27
	34 # 7
	35 # 187
	36 # 185
	37 # 214
	38 # 195
	39 # 125
	40 # 13
	41 # 221
	42 # 83
	43 # 174
	44 # 117
	45 # 110
	46 # 156
	47 # 88
	48 # 22
	49 # 91
	50 # 103
Timestep 15:
	0 # 87
	1 # 110
	2 # 9
	3 # 122
	4 # 15
	5 # 36
	6 # 159
	7 # 143
	8 # 99
	9 # 146
	10 # 97
	11 # 178
	12 # 70
	13 # 198
	14 # 123
	15 # 188
	16 # 217
	17 # 125
	18 # 177
	19 # 105
	20 # 65
	21 # 204
	22 # 17
	23 # 50
	24 # 216
	25 # 18
	26 # 127
	27 # 172
	28 # 34
	29 # 151
	30 # 141
	31 # 83
	32 # 55
	33 # 40
	34 # 7
	35 # 201
	36 # 184
	37 # 213
	38 # 181
	39 # 124
	40 # 13
	41 # 221
	42 # 84
	43 # 158
	44 # 101
	45 # 126
	46 # 155
	47 # 74
	48 # 35
	49 # 76
	50 # 119
Timestep 16:
	0 # 88
	1 # 110
	2 # 9
	3 # 122
	4 # 15
	5 # 37
	6 # 175
	7 # 157
	8 # 114
	9 # 147
	10 # 98
	11 # 163
	12 # 84
	13 # 197
	14 # 123
	15 # 202
	16 # 218
	17 # 109
	18 # 177
	19 # 92
	20 # 65
	21 # 205
	22 # 18
	23 # 64
	24 # 203
	25 # 31
	26 # 126
	27 # 156
	28 # 21
	29 # 151
	30 # 141
	31 # 82
	32 # 56
	33 # 41
	34 # 7
	35 # 214
	36 # 183
	37 # 200
	38 # 166
	39 # 108
	40 # 12
	41 # 221
	42 # 85
	43 # 158
	44 # 89
	45 # 125
	46 # 171
	47 # 63
	48 # 34
	49 # 91
	50 # 135
Timestep 17:
	0 # 89
	1 # 111
	2 # 9
	3 # 123
	4 # 16
	5 # 24
	6 # 189
	7 # 156
	8 # 115
	9 # 162
	10 # 113
	11 # 178
	12 # 97
	13 # 196
	14 # 139
	15 # 215
	16 # 219
	17 # 95
	18 # 176
	19 # 78
	20 # 53
	21 # 191
	22 # 19
	23 # 50
	24 # 202
	25 # 18
	26 # 125
	27 # 142
	28 # 22
	29 # 152
	30 # 141
	31 # 82
	32 # 42
	33 # 55
	34 # 7
	35 # 214
	36 # 182
	37 # 199
	38 # 166
	39 # 108
	40 # 13
	41 # 221
	42 # 98
	43 # 159
	44 # 75
	45 # 124
	46 # 170
	47 # 48
	48 # 34
	49 # 103
	50 # 119
Timestep 18:
	0 # 90
	1 # 112
	2 # 10
	3 # 124
	4 # 17
	5 # 9
	6 # 190
	7 # 155
	8 # 116
	9 # 163
	10 # 114
	11 # 193
	12 # 96
	13 # 196
	14 # 138
	15 # 216
	16 # 220
	17 # 95
	18 # 175
	19 # 65
	20 # 53
	21 # 177
	22 # 4
	23 # 51
	24 # 203
	25 # 19
	26 # 140
	27 # 142
	28 # 23
	29 # 167
	30 # 141
	31 # 81
	32 # 42
	33 # 67
	34 # 22
	35 # 215
	36 # 181
	37 # 198
	38 # 166
	39 # 109
	40 # 14
	41 # 221
	42 # 98
	43 # 160
	44 # 74
	45 # 108
	46 # 185
	47 # 49
	48 # 47
	49 # 91
	50 # 103
Timestep 19:
	0 # 102
	1 # 97
	2 # 9
	3 # 125
	4 # 18
	5 # 8
	6 # 204
	7 # 171
	8 # 117
	9 # 148
	10 # 115
	11 # 207
	12 # 111
	13 # 182
	14 # 150
	15 # 217
	16 # 219
	17 # 81
	18 # 175
	19 # 66
	20 # 65
	21 # 176
	22 # 5
	23 # 52
	24 # 202
	25 # 4
	26 # 153
	27 # 143
	28 # 24
	29 # 168
	30 # 127
	31 # 69
	32 # 41
	33 # 80
	34 # 23
	35 # 216
	36 # 180
	37 # 197
	38 # 167
	39 # 110
	40 # 28
	41 # 220
	42 # 113
	43 # 161
	44 # 63
	45 # 108
	46 # 199
	47 # 50
	48 # 62
	49 # 76
	50 # 91
Timestep 20:
	0 # 103
	1 # 84
	2 # 9
	3 # 140
	4 # 3
	5 # 7
	6 # 218
	7 # 186
	8 # 133
	9 # 163
	10 # 131
	11 # 207
	12 # 127
	13 # 196
	14 # 165
	15 # 217
	16 # 219
	17 # 69
	18 # 175
	19 # 67
	20 # 65
	21 # 160
	22 # 6
	23 # 52
	24 # 188
	25 # 5
	26 # 154
	27 # 130
	28 # 25
	29 # 169
	30 # 141
	31 # 68
	32 # 40
	33 # 80
	34 # 8
	35 # 203
	36 # 179
	37 # 183
	38 # 168
	39 # 126
	40 # 41
	41 # 220
	42 # 129
	43 # 162
	44 # 48
	45 # 124
	46 # 198
	47 # 51
	48 # 73
	49 # 77
	50 # 91

