Solution makespan:9
Timestep 0:
	0 # 31
	1 # 46
	2 # 18
	3 # 28
	4 # 38
	5 # 22
	6 # 16
	7 # 50
	8 # 23
	9 # 40
	10 # 56
	11 # 17
	12 # 19
	13 # 11
	14 # 34
	15 # 52
	16 # 45
	17 # 1
	18 # 0
Timestep 1:
	0 # 30
	1 # 38
	2 # 25
	3 # 29
	4 # 37
	5 # 21
	6 # 22
	7 # 51
	8 # 24
	9 # 48
	10 # 55
	11 # 23
	12 # 13
	13 # 12
	14 # 26
	15 # 53
	16 # 46
	17 # 1
	18 # 7
Timestep 2:
	0 # 29
	1 # 32
	2 # 26
	3 # 21
	4 # 36
	5 # 15
	6 # 23
	7 # 52
	8 # 24
	9 # 47
	10 # 54
	11 # 31
	12 # 12
	13 # 18
	14 # 27
	15 # 53
	16 # 38
	17 # 8
	18 # 14
Timestep 3:
	0 # 21
	1 # 24
	2 # 34
	3 # 15
	4 # 30
	5 # 8
	6 # 31
	7 # 45
	8 # 25
	9 # 46
	10 # 53
	11 # 37
	12 # 11
	13 # 12
	14 # 27
	15 # 52
	16 # 32
	17 # 9
	18 # 20
Timestep 4:
	0 # 21
	1 # 23
	2 # 40
	3 # 8
	4 # 22
	5 # 1
	6 # 32
	7 # 37
	8 # 18
	9 # 45
	10 # 52
	11 # 38
	12 # 4
	13 # 13
	14 # 26
	15 # 51
	16 # 24
	17 # 10
	18 # 28
Timestep 5:
	0 # 29
	1 # 17
	2 # 48
	3 # 1
	4 # 21
	5 # 0
	6 # 38
	7 # 31
	8 # 19
	9 # 37
	10 # 45
	11 # 46
	12 # 3
	13 # 5
	14 # 26
	15 # 44
	16 # 25
	17 # 11
	18 # 35
Timestep 6:
	0 # 30
	1 # 10
	2 # 47
	3 # 0
	4 # 15
	5 # 7
	6 # 39
	7 # 23
	8 # 26
	9 # 31
	10 # 44
	11 # 53
	12 # 2
	13 # 6
	14 # 25
	15 # 36
	16 # 18
	17 # 12
	18 # 42
Timestep 7:
	0 # 31
	1 # 10
	2 # 46
	3 # 1
	4 # 8
	5 # 14
	6 # 40
	7 # 24
	8 # 34
	9 # 23
	10 # 44
	11 # 54
	12 # 9
	13 # 6
	14 # 25
	15 # 37
	16 # 19
	17 # 18
	18 # 43
Timestep 8:
	0 # 37
	1 # 11
	2 # 53
	3 # 2
	4 # 1
	5 # 20
	6 # 41
	7 # 25
	8 # 34
	9 # 22
	10 # 45
	11 # 55
	12 # 16
	13 # 6
	14 # 26
	15 # 38
	16 # 13
	17 # 19
	18 # 50
Timestep 9:
	0 # 45
	1 # 12
	2 # 52
	3 # 2
	4 # 1
	5 # 28
	6 # 49
	7 # 18
	8 # 33
	9 # 30
	10 # 46
	11 # 56
	12 # 22
	13 # 6
	14 # 27
	15 # 38
	16 # 5
	17 # 13
	18 # 50

