Solution makespan:11
Timestep 0:
	0 # 28
	1 # 11
	2 # 22
	3 # 15
	4 # 10
	5 # 25
	6 # 44
	7 # 2
	8 # 4
	9 # 39
	10 # 40
	11 # 37
	12 # 30
	13 # 32
	14 # 14
	15 # 0
	16 # 43
	17 # 17
	18 # 7
	19 # 42
	20 # 35
	21 # 3
	22 # 49
	23 # 6
	24 # 27
Timestep 1:
	0 # 21
	1 # 12
	2 # 23
	3 # 7
	4 # 10
	5 # 24
	6 # 44
	7 # 1
	8 # 11
	9 # 38
	10 # 35
	11 # 36
	12 # 30
	13 # 31
	14 # 15
	15 # 5
	16 # 43
	17 # 18
	18 # 8
	19 # 41
	20 # 29
	21 # 9
	22 # 48
	23 # 6
	24 # 26
Timestep 2:
	0 # 15
	1 # 19
	2 # 22
	3 # 6
	4 # 9
	5 # 23
	6 # 44
	7 # 1
	8 # 12
	9 # 34
	10 # 29
	11 # 37
	12 # 30
	13 # 24
	14 # 7
	15 # 13
	16 # 43
	17 # 10
	18 # 2
	19 # 47
	20 # 28
	21 # 17
	22 # 42
	23 # 14
	24 # 33
Timestep 3:
	0 # 7
	1 # 25
	2 # 30
	3 # 5
	4 # 10
	5 # 18
	6 # 38
	7 # 1
	8 # 19
	9 # 27
	10 # 28
	11 # 37
	12 # 29
	13 # 24
	14 # 8
	15 # 13
	16 # 44
	17 # 11
	18 # 3
	19 # 46
	20 # 21
	21 # 17
	22 # 36
	23 # 15
	24 # 26
Timestep 4:
	0 # 8
	1 # 32
	2 # 29
	3 # 0
	4 # 18
	5 # 17
	6 # 39
	7 # 1
	8 # 19
	9 # 20
	10 # 21
	11 # 36
	12 # 28
	13 # 23
	14 # 9
	15 # 5
	16 # 38
	17 # 4
	18 # 2
	19 # 45
	20 # 15
	21 # 22
	22 # 31
	23 # 16
	24 # 26
Timestep 5:
	0 # 8
	1 # 37
	2 # 35
	3 # 0
	4 # 18
	5 # 9
	6 # 38
	7 # 1
	8 # 25
	9 # 14
	10 # 15
	11 # 36
	12 # 21
	13 # 24
	14 # 10
	15 # 5
	16 # 34
	17 # 4
	18 # 3
	19 # 40
	20 # 7
	21 # 30
	22 # 32
	23 # 17
	24 # 27
Timestep 6:
	0 # 2
	1 # 32
	2 # 40
	3 # 0
	4 # 18
	5 # 8
	6 # 34
	7 # 7
	8 # 24
	9 # 15
	10 # 16
	11 # 37
	12 # 20
	13 # 31
	14 # 10
	15 # 13
	16 # 33
	17 # 4
	18 # 9
	19 # 39
	20 # 6
	21 # 29
	22 # 25
	23 # 22
	24 # 28
Timestep 7:
	0 # 2
	1 # 32
	2 # 45
	3 # 0
	4 # 17
	5 # 7
	6 # 33
	7 # 6
	8 # 31
	9 # 16
	10 # 8
	11 # 37
	12 # 27
	13 # 36
	14 # 18
	15 # 14
	16 # 26
	17 # 4
	18 # 3
	19 # 39
	20 # 5
	21 # 35
	22 # 25
	23 # 23
	24 # 29
Timestep 8:
	0 # 8
	1 # 32
	2 # 46
	3 # 5
	4 # 22
	5 # 15
	6 # 33
	7 # 14
	8 # 36
	9 # 17
	10 # 9
	11 # 37
	12 # 34
	13 # 42
	14 # 23
	15 # 20
	16 # 27
	17 # 4
	18 # 3
	19 # 39
	20 # 13
	21 # 40
	22 # 19
	23 # 24
	24 # 35
Timestep 9:
	0 # 16
	1 # 31
	2 # 47
	3 # 6
	4 # 30
	5 # 15
	6 # 26
	7 # 14
	8 # 42
	9 # 18
	10 # 17
	11 # 37
	12 # 34
	13 # 48
	14 # 24
	15 # 27
	16 # 28
	17 # 11
	18 # 2
	19 # 39
	20 # 13
	21 # 45
	22 # 12
	23 # 25
	24 # 40
Timestep 10:
	0 # 17
	1 # 31
	2 # 48
	3 # 7
	4 # 29
	5 # 14
	6 # 33
	7 # 20
	8 # 41
	9 # 23
	10 # 22
	11 # 36
	12 # 38
	13 # 42
	14 # 25
	15 # 34
	16 # 21
	17 # 4
	18 # 3
	19 # 39
	20 # 5
	21 # 46
	22 # 11
	23 # 32
	24 # 45
Timestep 11:
	0 # 18
	1 # 31
	2 # 49
	3 # 6
	4 # 28
	5 # 20
	6 # 33
	7 # 27
	8 # 41
	9 # 24
	10 # 30
	11 # 36
	12 # 44
	13 # 42
	14 # 32
	15 # 38
	16 # 15
	17 # 11
	18 # 3
	19 # 39
	20 # 0
	21 # 47
	22 # 10
	23 # 37
	24 # 46

