Solution makespan:10
Timestep 0:
	0 # 41
	1 # 27
	2 # 13
	3 # 22
	4 # 11
	5 # 6
	6 # 33
	7 # 42
	8 # 37
	9 # 3
	10 # 14
	11 # 44
Timestep 1:
	0 # 42
	1 # 27
	2 # 12
	3 # 16
	4 # 19
	5 # 6
	6 # 26
	7 # 43
	8 # 31
	9 # 3
	10 # 13
	11 # 50
Timestep 2:
	0 # 43
	1 # 21
	2 # 11
	3 # 17
	4 # 20
	5 # 13
	6 # 25
	7 # 37
	8 # 30
	9 # 2
	10 # 12
	11 # 50
Timestep 3:
	0 # 37
	1 # 14
	2 # 10
	3 # 18
	4 # 25
	5 # 12
	6 # 24
	7 # 31
	8 # 23
	9 # 3
	10 # 11
	11 # 49
Timestep 4:
	0 # 37
	1 # 21
	2 # 9
	3 # 19
	4 # 26
	5 # 11
	6 # 32
	7 # 31
	8 # 17
	9 # 4
	10 # 10
	11 # 48
Timestep 5:
	0 # 37
	1 # 14
	2 # 8
	3 # 20
	4 # 33
	5 # 10
	6 # 38
	7 # 32
	8 # 18
	9 # 11
	10 # 9
	11 # 43
Timestep 6:
	0 # 31
	1 # 13
	2 # 16
	3 # 25
	4 # 39
	5 # 9
	6 # 38
	7 # 32
	8 # 10
	9 # 12
	10 # 17
	11 # 37
Timestep 7:
	0 # 32
	1 # 6
	2 # 22
	3 # 26
	4 # 33
	5 # 8
	6 # 38
	7 # 24
	8 # 9
	9 # 13
	10 # 23
	11 # 37
Timestep 8:
	0 # 24
	1 # 13
	2 # 23
	3 # 27
	4 # 39
	5 # 16
	6 # 32
	7 # 19
	8 # 9
	9 # 14
	10 # 17
	11 # 38
Timestep 9:
	0 # 25
	1 # 12
	2 # 23
	3 # 34
	4 # 45
	5 # 22
	6 # 32
	7 # 24
	8 # 9
	9 # 21
	10 # 16
	11 # 38
Timestep 10:
	0 # 26
	1 # 12
	2 # 23
	3 # 40
	4 # 44
	5 # 29
	6 # 32
	7 # 24
	8 # 9
	9 # 27
	10 # 22
	11 # 38

