Solution makespan:10
Timestep 0:
	0 # 39
	1 # 52
	2 # 38
	3 # 26
	4 # 37
	5 # 32
	6 # 43
	7 # 12
	8 # 5
	9 # 2
	10 # 28
	11 # 34
	12 # 45
	13 # 27
	14 # 35
	15 # 8
	16 # 24
	17 # 40
	18 # 20
Timestep 1:
	0 # 33
	1 # 51
	2 # 38
	3 # 19
	4 # 31
	5 # 24
	6 # 44
	7 # 13
	8 # 12
	9 # 2
	10 # 21
	11 # 34
	12 # 39
	13 # 26
	14 # 41
	15 # 15
	16 # 25
	17 # 47
	18 # 27
Timestep 2:
	0 # 32
	1 # 50
	2 # 39
	3 # 11
	4 # 23
	5 # 17
	6 # 37
	7 # 21
	8 # 20
	9 # 9
	10 # 28
	11 # 40
	12 # 45
	13 # 25
	14 # 48
	15 # 22
	16 # 18
	17 # 46
	18 # 26
Timestep 3:
	0 # 31
	1 # 49
	2 # 39
	3 # 12
	4 # 16
	5 # 18
	6 # 38
	7 # 21
	8 # 27
	9 # 10
	10 # 35
	11 # 47
	12 # 46
	13 # 24
	14 # 55
	15 # 22
	16 # 19
	17 # 53
	18 # 25
Timestep 4:
	0 # 30
	1 # 43
	2 # 38
	3 # 12
	4 # 17
	5 # 19
	6 # 32
	7 # 13
	8 # 34
	9 # 9
	10 # 35
	11 # 47
	12 # 46
	13 # 23
	14 # 54
	15 # 15
	16 # 11
	17 # 52
	18 # 33
Timestep 5:
	0 # 22
	1 # 42
	2 # 38
	3 # 13
	4 # 17
	5 # 20
	6 # 24
	7 # 6
	8 # 40
	9 # 2
	10 # 41
	11 # 46
	12 # 45
	13 # 31
	14 # 54
	15 # 8
	16 # 11
	17 # 51
	18 # 32
Timestep 6:
	0 # 23
	1 # 42
	2 # 38
	3 # 21
	4 # 18
	5 # 20
	6 # 25
	7 # 5
	8 # 47
	9 # 9
	10 # 48
	11 # 46
	12 # 39
	13 # 30
	14 # 55
	15 # 8
	16 # 4
	17 # 50
	18 # 31
Timestep 7:
	0 # 16
	1 # 43
	2 # 37
	3 # 28
	4 # 19
	5 # 21
	6 # 18
	7 # 12
	8 # 46
	9 # 17
	10 # 55
	11 # 45
	12 # 39
	13 # 29
	14 # 54
	15 # 15
	16 # 5
	17 # 44
	18 # 30
Timestep 8:
	0 # 15
	1 # 49
	2 # 38
	3 # 35
	4 # 20
	5 # 13
	6 # 19
	7 # 11
	8 # 46
	9 # 24
	10 # 54
	11 # 39
	12 # 33
	13 # 36
	14 # 47
	15 # 22
	16 # 12
	17 # 37
	18 # 29
Timestep 9:
	0 # 14
	1 # 50
	2 # 38
	3 # 41
	4 # 21
	5 # 6
	6 # 20
	7 # 10
	8 # 45
	9 # 32
	10 # 55
	11 # 33
	12 # 25
	13 # 42
	14 # 46
	15 # 23
	16 # 12
	17 # 31
	18 # 36
Timestep 10:
	0 # 7
	1 # 51
	2 # 37
	3 # 48
	4 # 21
	5 # 6
	6 # 27
	7 # 18
	8 # 39
	9 # 38
	10 # 55
	11 # 33
	12 # 26
	13 # 43
	14 # 45
	15 # 31
	16 # 12
	17 # 30
	18 # 42

