Solution makespan:11
Timestep 0:
	0 # 8
	1 # 23
	2 # 36
	3 # 20
	4 # 7
	5 # 39
	6 # 37
	7 # 48
	8 # 34
	9 # 2
	10 # 28
	11 # 22
	12 # 15
	13 # 45
	14 # 51
	15 # 4
	16 # 1
	17 # 25
	18 # 26
	19 # 27
	20 # 40
	21 # 30
	22 # 11
	23 # 33
	24 # 5
Timestep 1:
	0 # 7
	1 # 22
	2 # 37
	3 # 28
	4 # 14
	5 # 39
	6 # 38
	7 # 49
	8 # 41
	9 # 3
	10 # 29
	11 # 21
	12 # 8
	13 # 44
	14 # 50
	15 # 10
	16 # 1
	17 # 26
	18 # 19
	19 # 27
	20 # 40
	21 # 30
	22 # 16
	23 # 34
	24 # 12
Timestep 2:
	0 # 8
	1 # 21
	2 # 31
	3 # 34
	4 # 15
	5 # 32
	6 # 45
	7 # 42
	8 # 48
	9 # 4
	10 # 30
	11 # 20
	12 # 9
	13 # 37
	14 # 49
	15 # 11
	16 # 2
	17 # 27
	18 # 19
	19 # 33
	20 # 47
	21 # 36
	22 # 22
	23 # 35
	24 # 17
Timestep 3:
	0 # 7
	1 # 21
	2 # 23
	3 # 34
	4 # 8
	5 # 25
	6 # 38
	7 # 41
	8 # 49
	9 # 10
	10 # 29
	11 # 20
	12 # 9
	13 # 31
	14 # 42
	15 # 16
	16 # 3
	17 # 28
	18 # 26
	19 # 40
	20 # 46
	21 # 43
	22 # 30
	23 # 36
	24 # 17
Timestep 4:
	0 # 1
	1 # 29
	2 # 24
	3 # 33
	4 # 2
	5 # 18
	6 # 45
	7 # 40
	8 # 49
	9 # 11
	10 # 35
	11 # 20
	12 # 9
	13 # 31
	14 # 41
	15 # 22
	16 # 4
	17 # 34
	18 # 27
	19 # 47
	20 # 46
	21 # 50
	22 # 36
	23 # 37
	24 # 23
Timestep 5:
	0 # 7
	1 # 29
	2 # 24
	3 # 27
	4 # 8
	5 # 25
	6 # 44
	7 # 33
	8 # 50
	9 # 16
	10 # 42
	11 # 20
	12 # 9
	13 # 23
	14 # 40
	15 # 30
	16 # 10
	17 # 35
	18 # 28
	19 # 48
	20 # 47
	21 # 43
	22 # 36
	23 # 31
	24 # 22
Timestep 6:
	0 # 14
	1 # 28
	2 # 24
	3 # 26
	4 # 15
	5 # 32
	6 # 43
	7 # 27
	8 # 51
	9 # 22
	10 # 49
	11 # 20
	12 # 10
	13 # 17
	14 # 33
	15 # 30
	16 # 11
	17 # 29
	18 # 34
	19 # 41
	20 # 48
	21 # 42
	22 # 35
	23 # 23
	24 # 21
Timestep 7:
	0 # 13
	1 # 27
	2 # 24
	3 # 19
	4 # 8
	5 # 39
	6 # 42
	7 # 26
	8 # 52
	9 # 23
	10 # 50
	11 # 20
	12 # 11
	13 # 12
	14 # 33
	15 # 36
	16 # 16
	17 # 30
	18 # 28
	19 # 40
	20 # 49
	21 # 41
	22 # 34
	23 # 17
	24 # 21
Timestep 8:
	0 # 13
	1 # 27
	2 # 23
	3 # 14
	4 # 9
	5 # 39
	6 # 35
	7 # 19
	8 # 45
	9 # 31
	10 # 51
	11 # 20
	12 # 16
	13 # 12
	14 # 33
	15 # 43
	16 # 22
	17 # 30
	18 # 28
	19 # 47
	20 # 42
	21 # 40
	22 # 41
	23 # 17
	24 # 29
Timestep 9:
	0 # 13
	1 # 26
	2 # 17
	3 # 15
	4 # 9
	5 # 39
	6 # 34
	7 # 14
	8 # 45
	9 # 37
	10 # 52
	11 # 20
	12 # 22
	13 # 11
	14 # 27
	15 # 50
	16 # 21
	17 # 31
	18 # 28
	19 # 47
	20 # 43
	21 # 33
	22 # 40
	23 # 12
	24 # 35
Timestep 10:
	0 # 13
	1 # 19
	2 # 17
	3 # 14
	4 # 9
	5 # 39
	6 # 41
	7 # 7
	8 # 38
	9 # 37
	10 # 52
	11 # 20
	12 # 30
	13 # 10
	14 # 26
	15 # 51
	16 # 22
	17 # 23
	18 # 28
	19 # 48
	20 # 43
	21 # 34
	22 # 47
	23 # 5
	24 # 42
Timestep 11:
	0 # 13
	1 # 18
	2 # 17
	3 # 19
	4 # 9
	5 # 39
	6 # 41
	7 # 7
	8 # 37
	9 # 44
	10 # 45
	11 # 20
	12 # 29
	13 # 4
	14 # 25
	15 # 52
	16 # 23
	17 # 24
	18 # 27
	19 # 48
	20 # 42
	21 # 28
	22 # 46
	23 # 6
	24 # 49

