Solution makespan:21
Timestep 0:
	0 # 148
	1 # 129
	2 # 184
	3 # 53
	4 # 5
	5 # 177
	6 # 42
	7 # 206
	8 # 107
	9 # 110
	10 # 128
	11 # 24
	12 # 79
	13 # 103
	14 # 116
	15 # 1
	16 # 96
	17 # 211
	18 # 99
	19 # 189
	20 # 167
	21 # 3
	22 # 115
	23 # 195
	24 # 160
	25 # 120
	26 # 80
	27 # 70
	28 # 76
	29 # 201
	30 # 27
	31 # 132
	32 # 46
	33 # 172
	34 # 210
	35 # 74
	36 # 135
	37 # 91
	38 # 127
	39 # 33
	40 # 51
	41 # 44
	42 # 69
	43 # 98
	44 # 97
	45 # 155
	46 # 73
	47 # 182
	48 # 136
	49 # 141
	50 # 95
Timestep 1:
	0 # 163
	1 # 130
	2 # 183
	3 # 54
	4 # 4
	5 # 162
	6 # 55
	7 # 207
	8 # 92
	9 # 111
	10 # 127
	11 # 11
	12 # 80
	13 # 103
	14 # 117
	15 # 16
	16 # 97
	17 # 211
	18 # 100
	19 # 176
	20 # 166
	21 # 18
	22 # 114
	23 # 181
	24 # 159
	25 # 135
	26 # 65
	27 # 71
	28 # 77
	29 # 215
	30 # 27
	31 # 132
	32 # 46
	33 # 185
	34 # 209
	35 # 60
	36 # 134
	37 # 90
	38 # 126
	39 # 34
	40 # 50
	41 # 58
	42 # 68
	43 # 99
	44 # 112
	45 # 154
	46 # 74
	47 # 169
	48 # 149
	49 # 142
	50 # 95
Timestep 2:
	0 # 164
	1 # 131
	2 # 198
	3 # 54
	4 # 3
	5 # 161
	6 # 70
	7 # 192
	8 # 80
	9 # 96
	10 # 112
	11 # 12
	12 # 81
	13 # 118
	14 # 116
	15 # 29
	16 # 98
	17 # 225
	18 # 100
	19 # 175
	20 # 165
	21 # 31
	22 # 129
	23 # 168
	24 # 158
	25 # 134
	26 # 66
	27 # 72
	28 # 62
	29 # 216
	30 # 40
	31 # 117
	32 # 47
	33 # 184
	34 # 208
	35 # 59
	36 # 119
	37 # 77
	38 # 141
	39 # 33
	40 # 65
	41 # 57
	42 # 83
	43 # 114
	44 # 113
	45 # 140
	46 # 75
	47 # 169
	48 # 150
	49 # 127
	50 # 110
Timestep 3:
	0 # 149
	1 # 132
	2 # 197
	3 # 54
	4 # 2
	5 # 176
	6 # 85
	7 # 192
	8 # 79
	9 # 111
	10 # 127
	11 # 25
	12 # 93
	13 # 133
	14 # 131
	15 # 41
	16 # 99
	17 # 225
	18 # 101
	19 # 174
	20 # 164
	21 # 43
	22 # 143
	23 # 167
	24 # 144
	25 # 119
	26 # 67
	27 # 71
	28 # 77
	29 # 202
	30 # 52
	31 # 117
	32 # 36
	33 # 184
	34 # 208
	35 # 73
	36 # 104
	37 # 76
	38 # 155
	39 # 34
	40 # 80
	41 # 56
	42 # 95
	43 # 115
	44 # 114
	45 # 141
	46 # 88
	47 # 182
	48 # 151
	49 # 128
	50 # 125
Timestep 4:
	0 # 150
	1 # 133
	2 # 198
	3 # 53
	4 # 1
	5 # 189
	6 # 97
	7 # 191
	8 # 64
	9 # 110
	10 # 142
	11 # 26
	12 # 108
	13 # 147
	14 # 145
	15 # 54
	16 # 100
	17 # 224
	18 # 102
	19 # 159
	20 # 163
	21 # 56
	22 # 157
	23 # 166
	24 # 143
	25 # 119
	26 # 67
	27 # 72
	28 # 78
	29 # 187
	30 # 51
	31 # 117
	32 # 22
	33 # 199
	34 # 193
	35 # 87
	36 # 89
	37 # 75
	38 # 155
	39 # 35
	40 # 92
	41 # 55
	42 # 96
	43 # 130
	44 # 115
	45 # 126
	46 # 103
	47 # 196
	48 # 151
	49 # 129
	50 # 140
Timestep 5:
	0 # 151
	1 # 133
	2 # 199
	3 # 54
	4 # 1
	5 # 189
	6 # 112
	7 # 206
	8 # 64
	9 # 95
	10 # 141
	11 # 39
	12 # 123
	13 # 161
	14 # 159
	15 # 69
	16 # 115
	17 # 223
	18 # 117
	19 # 158
	20 # 162
	21 # 57
	22 # 172
	23 # 165
	24 # 143
	25 # 120
	26 # 52
	27 # 72
	28 # 79
	29 # 202
	30 # 66
	31 # 132
	32 # 23
	33 # 184
	34 # 180
	35 # 86
	36 # 76
	37 # 74
	38 # 170
	39 # 46
	40 # 107
	41 # 55
	42 # 97
	43 # 144
	44 # 116
	45 # 126
	46 # 103
	47 # 197
	48 # 152
	49 # 130
	50 # 140
Timestep 6:
	0 # 152
	1 # 132
	2 # 213
	3 # 69
	4 # 16
	5 # 189
	6 # 113
	7 # 220
	8 # 63
	9 # 83
	10 # 155
	11 # 51
	12 # 138
	13 # 176
	14 # 174
	15 # 84
	16 # 130
	17 # 209
	18 # 102
	19 # 157
	20 # 161
	21 # 58
	22 # 185
	23 # 164
	24 # 129
	25 # 135
	26 # 40
	27 # 57
	28 # 80
	29 # 203
	30 # 81
	31 # 146
	32 # 23
	33 # 183
	34 # 165
	35 # 100
	36 # 77
	37 # 60
	38 # 171
	39 # 47
	40 # 122
	41 # 42
	42 # 112
	43 # 145
	44 # 117
	45 # 127
	46 # 103
	47 # 198
	48 # 167
	49 # 131
	50 # 141
Timestep 7:
	0 # 153
	1 # 133
	2 # 214
	3 # 84
	4 # 29
	5 # 176
	6 # 114
	7 # 221
	8 # 62
	9 # 68
	10 # 170
	11 # 51
	12 # 152
	13 # 177
	14 # 187
	15 # 96
	16 # 144
	17 # 208
	18 # 117
	19 # 143
	20 # 160
	21 # 44
	22 # 184
	23 # 163
	24 # 128
	25 # 148
	26 # 27
	27 # 56
	28 # 92
	29 # 204
	30 # 93
	31 # 145
	32 # 9
	33 # 198
	34 # 150
	35 # 99
	36 # 78
	37 # 59
	38 # 171
	39 # 61
	40 # 137
	41 # 55
	42 # 127
	43 # 159
	44 # 118
	45 # 126
	46 # 88
	47 # 199
	48 # 168
	49 # 132
	50 # 140
Timestep 8:
	0 # 139
	1 # 147
	2 # 200
	3 # 96
	4 # 41
	5 # 189
	6 # 115
	7 # 220
	8 # 77
	9 # 69
	10 # 169
	11 # 66
	12 # 167
	13 # 190
	14 # 188
	15 # 111
	16 # 158
	17 # 207
	18 # 117
	19 # 129
	20 # 146
	21 # 45
	22 # 183
	23 # 162
	24 # 113
	25 # 163
	26 # 14
	27 # 43
	28 # 92
	29 # 205
	30 # 108
	31 # 159
	32 # 10
	33 # 197
	34 # 149
	35 # 98
	36 # 79
	37 # 59
	38 # 171
	39 # 61
	40 # 151
	41 # 70
	42 # 128
	43 # 174
	44 # 119
	45 # 125
	46 # 89
	47 # 184
	48 # 181
	49 # 132
	50 # 141
Timestep 9:
	0 # 138
	1 # 146
	2 # 199
	3 # 111
	4 # 54
	5 # 189
	6 # 130
	7 # 219
	8 # 62
	9 # 70
	10 # 182
	11 # 81
	12 # 166
	13 # 205
	14 # 203
	15 # 126
	16 # 158
	17 # 192
	18 # 118
	19 # 114
	20 # 132
	21 # 33
	22 # 171
	23 # 161
	24 # 113
	25 # 178
	26 # 14
	27 # 31
	28 # 93
	29 # 204
	30 # 123
	31 # 159
	32 # 11
	33 # 196
	34 # 136
	35 # 99
	36 # 79
	37 # 73
	38 # 170
	39 # 76
	40 # 151
	41 # 85
	42 # 129
	43 # 173
	44 # 120
	45 # 110
	46 # 90
	47 # 185
	48 # 181
	49 # 133
	50 # 140
Timestep 10:
	0 # 139
	1 # 147
	2 # 184
	3 # 111
	4 # 69
	5 # 176
	6 # 144
	7 # 218
	8 # 61
	9 # 55
	10 # 182
	11 # 93
	12 # 166
	13 # 205
	14 # 204
	15 # 127
	16 # 159
	17 # 191
	18 # 118
	19 # 113
	20 # 131
	21 # 34
	22 # 171
	23 # 160
	24 # 128
	25 # 177
	26 # 13
	27 # 32
	28 # 94
	29 # 189
	30 # 122
	31 # 174
	32 # 24
	33 # 196
	34 # 121
	35 # 100
	36 # 64
	37 # 87
	38 # 169
	39 # 89
	40 # 152
	41 # 97
	42 # 130
	43 # 173
	44 # 135
	45 # 95
	46 # 77
	47 # 172
	48 # 168
	49 # 134
	50 # 125
Timestep 11:
	0 # 124
	1 # 133
	2 # 183
	3 # 110
	4 # 84
	5 # 161
	6 # 158
	7 # 218
	8 # 61
	9 # 56
	10 # 169
	11 # 108
	12 # 165
	13 # 219
	14 # 205
	15 # 128
	16 # 160
	17 # 192
	18 # 119
	19 # 112
	20 # 116
	21 # 35
	22 # 170
	23 # 146
	24 # 113
	25 # 176
	26 # 12
	27 # 31
	28 # 94
	29 # 188
	30 # 137
	31 # 187
	32 # 38
	33 # 196
	34 # 120
	35 # 86
	36 # 79
	37 # 101
	38 # 154
	39 # 104
	40 # 151
	41 # 98
	42 # 144
	43 # 186
	44 # 136
	45 # 83
	46 # 78
	47 # 157
	48 # 181
	49 # 135
	50 # 126
Timestep 12:
	0 # 123
	1 # 134
	2 # 171
	3 # 125
	4 # 96
	5 # 147
	6 # 173
	7 # 204
	8 # 47
	9 # 57
	10 # 170
	11 # 108
	12 # 180
	13 # 218
	14 # 219
	15 # 129
	16 # 161
	17 # 192
	18 # 104
	19 # 97
	20 # 101
	21 # 36
	22 # 155
	23 # 145
	24 # 112
	25 # 189
	26 # 11
	27 # 30
	28 # 109
	29 # 187
	30 # 151
	31 # 186
	32 # 49
	33 # 212
	34 # 105
	35 # 87
	36 # 79
	37 # 100
	38 # 154
	39 # 103
	40 # 150
	41 # 99
	42 # 158
	43 # 185
	44 # 121
	45 # 83
	46 # 63
	47 # 143
	48 # 195
	49 # 120
	50 # 127
Timestep 13:
	0 # 108
	1 # 119
	2 # 170
	3 # 140
	4 # 97
	5 # 133
	6 # 174
	7 # 218
	8 # 47
	9 # 58
	10 # 155
	11 # 93
	12 # 193
	13 # 217
	14 # 219
	15 # 143
	16 # 162
	17 # 191
	18 # 89
	19 # 85
	20 # 87
	21 # 22
	22 # 141
	23 # 131
	24 # 111
	25 # 188
	26 # 10
	27 # 42
	28 # 94
	29 # 187
	30 # 166
	31 # 185
	32 # 50
	33 # 212
	34 # 90
	35 # 73
	36 # 80
	37 # 100
	38 # 169
	39 # 118
	40 # 149
	41 # 114
	42 # 159
	43 # 184
	44 # 106
	45 # 83
	46 # 48
	47 # 144
	48 # 194
	49 # 105
	50 # 112
Timestep 14:
	0 # 123
	1 # 120
	2 # 155
	3 # 154
	4 # 112
	5 # 134
	6 # 187
	7 # 204
	8 # 47
	9 # 44
	10 # 141
	11 # 81
	12 # 192
	13 # 217
	14 # 205
	15 # 144
	16 # 163
	17 # 190
	18 # 76
	19 # 70
	20 # 73
	21 # 8
	22 # 126
	23 # 116
	24 # 96
	25 # 175
	26 # 9
	27 # 55
	28 # 109
	29 # 186
	30 # 165
	31 # 185
	32 # 51
	33 # 196
	34 # 89
	35 # 59
	36 # 79
	37 # 99
	38 # 182
	39 # 133
	40 # 148
	41 # 115
	42 # 160
	43 # 183
	44 # 91
	45 # 68
	46 # 49
	47 # 145
	48 # 210
	49 # 90
	50 # 111
Timestep 15:
	0 # 108
	1 # 105
	2 # 154
	3 # 169
	4 # 113
	5 # 119
	6 # 202
	7 # 203
	8 # 46
	9 # 44
	10 # 126
	11 # 80
	12 # 191
	13 # 216
	14 # 205
	15 # 145
	16 # 164
	17 # 189
	18 # 61
	19 # 71
	20 # 59
	21 # 9
	22 # 111
	23 # 101
	24 # 84
	25 # 174
	26 # 23
	27 # 70
	28 # 124
	29 # 186
	30 # 180
	31 # 200
	32 # 66
	33 # 212
	34 # 76
	35 # 45
	36 # 64
	37 # 98
	38 # 182
	39 # 147
	40 # 135
	41 # 130
	42 # 161
	43 # 183
	44 # 78
	45 # 53
	46 # 50
	47 # 131
	48 # 224
	49 # 91
	50 # 96
Timestep 16:
	0 # 108
	1 # 90
	2 # 140
	3 # 170
	4 # 114
	5 # 104
	6 # 203
	7 # 188
	8 # 46
	9 # 44
	10 # 127
	11 # 79
	12 # 190
	13 # 215
	14 # 206
	15 # 146
	16 # 165
	17 # 176
	18 # 47
	19 # 56
	20 # 58
	21 # 10
	22 # 111
	23 # 100
	24 # 69
	25 # 159
	26 # 22
	27 # 85
	28 # 139
	29 # 187
	30 # 179
	31 # 214
	32 # 81
	33 # 212
	34 # 75
	35 # 33
	36 # 64
	37 # 113
	38 # 169
	39 # 161
	40 # 134
	41 # 144
	42 # 162
	43 # 184
	44 # 63
	45 # 54
	46 # 65
	47 # 116
	48 # 224
	49 # 78
	50 # 96
Timestep 17:
	0 # 123
	1 # 77
	2 # 141
	3 # 171
	4 # 114
	5 # 89
	6 # 217
	7 # 187
	8 # 35
	9 # 44
	10 # 128
	11 # 78
	12 # 189
	13 # 214
	14 # 191
	15 # 147
	16 # 166
	17 # 175
	18 # 36
	19 # 43
	20 # 57
	21 # 11
	22 # 96
	23 # 99
	24 # 70
	25 # 145
	26 # 8
	27 # 97
	28 # 138
	29 # 174
	30 # 178
	31 # 213
	32 # 93
	33 # 212
	34 # 74
	35 # 34
	36 # 79
	37 # 112
	38 # 170
	39 # 176
	40 # 133
	41 # 158
	42 # 163
	43 # 185
	44 # 48
	45 # 55
	46 # 80
	47 # 101
	48 # 210
	49 # 63
	50 # 84
Timestep 18:
	0 # 138
	1 # 62
	2 # 126
	3 # 183
	4 # 129
	5 # 76
	6 # 218
	7 # 188
	8 # 46
	9 # 45
	10 # 113
	11 # 77
	12 # 204
	13 # 200
	14 # 192
	15 # 161
	16 # 167
	17 # 174
	18 # 22
	19 # 31
	20 # 56
	21 # 12
	22 # 96
	23 # 98
	24 # 70
	25 # 131
	26 # 7
	27 # 112
	28 # 139
	29 # 159
	30 # 191
	31 # 214
	32 # 108
	33 # 196
	34 # 60
	35 # 35
	36 # 78
	37 # 127
	38 # 171
	39 # 177
	40 # 147
	41 # 173
	42 # 164
	43 # 172
	44 # 37
	45 # 42
	46 # 79
	47 # 87
	48 # 224
	49 # 48
	50 # 69
Timestep 19:
	0 # 137
	1 # 63
	2 # 111
	3 # 184
	4 # 143
	5 # 61
	6 # 219
	7 # 175
	8 # 35
	9 # 45
	10 # 98
	11 # 90
	12 # 203
	13 # 185
	14 # 193
	15 # 162
	16 # 168
	17 # 159
	18 # 23
	19 # 32
	20 # 43
	21 # 13
	22 # 84
	23 # 97
	24 # 55
	25 # 116
	26 # 7
	27 # 127
	28 # 139
	29 # 145
	30 # 206
	31 # 215
	32 # 123
	33 # 182
	34 # 59
	35 # 36
	36 # 91
	37 # 142
	38 # 183
	39 # 190
	40 # 146
	41 # 186
	42 # 165
	43 # 173
	44 # 37
	45 # 30
	46 # 78
	47 # 73
	48 # 223
	49 # 49
	50 # 54
Timestep 20:
	0 # 122
	1 # 64
	2 # 110
	3 # 199
	4 # 157
	5 # 47
	6 # 220
	7 # 174
	8 # 35
	9 # 33
	10 # 97
	11 # 77
	12 # 202
	13 # 185
	14 # 208
	15 # 163
	16 # 181
	17 # 159
	18 # 9
	19 # 19
	20 # 31
	21 # 12
	22 # 69
	23 # 85
	24 # 56
	25 # 101
	26 # 7
	27 # 126
	28 # 153
	29 # 131
	30 # 205
	31 # 216
	32 # 138
	33 # 169
	34 # 45
	35 # 36
	36 # 90
	37 # 141
	38 # 198
	39 # 191
	40 # 145
	41 # 187
	42 # 166
	43 # 172
	44 # 38
	45 # 17
	46 # 91
	47 # 59
	48 # 222
	49 # 50
	50 # 41
Timestep 21:
	0 # 122
	1 # 65
	2 # 95
	3 # 213
	4 # 156
	5 # 46
	6 # 221
	7 # 174
	8 # 36
	9 # 34
	10 # 96
	11 # 76
	12 # 201
	13 # 172
	14 # 209
	15 # 164
	16 # 195
	17 # 159
	18 # 10
	19 # 20
	20 # 32
	21 # 12
	22 # 68
	23 # 84
	24 # 57
	25 # 87
	26 # 8
	27 # 125
	28 # 153
	29 # 116
	30 # 219
	31 # 217
	32 # 152
	33 # 154
	34 # 44
	35 # 22
	36 # 89
	37 # 140
	38 # 197
	39 # 192
	40 # 144
	41 # 188
	42 # 167
	43 # 157
	44 # 24
	45 # 2
	46 # 106
	47 # 58
	48 # 208
	49 # 51
	50 # 42

