Solution makespan:16
Timestep 0:
	0 @ 34
	1 @ 31
	2 @ 46
	3 @ 33
	4 @ 53
	5 @ 5
	6 @ 32
	7 @ 44
	8 @ 20
	9 @ 39
	10 @ 13
	11 @ 26
	12 @ 22
	13 @ 24
	14 @ 49
	15 @ 4
	16 @ 51
	17 @ 28
	18 @ 17
	19 @ 50
	20 @ 16
	21 @ 1
	22 @ 9
	23 @ 2
Timestep 1:
	0 @ 34
	1 @ 31
	2 @ 45
	3 @ 33
	4 @ 53
	5 @ 4
	6 @ 32
	7 @ 43
	8 @ 13
	9 @ 46
	10 @ 14
	11 @ 26
	12 @ 27
	13 @ 18
	14 @ 49
	15 @ 3
	16 @ 52
	17 @ 29
	18 @ 23
	19 @ 50
	20 @ 16
	21 @ 1
	22 @ 17
	23 @ 10
Timestep 2:
	0 @ 35
	1 @ 38
	2 @ 44
	3 @ 32
	4 @ 54
	5 @ 12
	6 @ 39
	7 @ 37
	8 @ 5
	9 @ 53
	10 @ 13
	11 @ 26
	12 @ 34
	13 @ 19
	14 @ 50
	15 @ 11
	16 @ 52
	17 @ 36
	18 @ 22
	19 @ 43
	20 @ 8
	21 @ 9
	22 @ 23
	23 @ 2
Timestep 3:
	0 @ 28
	1 @ 44
	2 @ 43
	3 @ 39
	4 @ 53
	5 @ 11
	6 @ 46
	7 @ 36
	8 @ 6
	9 @ 52
	10 @ 12
	11 @ 33
	12 @ 40
	13 @ 20
	14 @ 50
	15 @ 18
	16 @ 45
	17 @ 42
	18 @ 27
	19 @ 37
	20 @ 0
	21 @ 8
	22 @ 17
	23 @ 1
Timestep 4:
	0 @ 23
	1 @ 51
	2 @ 43
	3 @ 46
	4 @ 53
	5 @ 18
	6 @ 45
	7 @ 35
	8 @ 7
	9 @ 52
	10 @ 19
	11 @ 32
	12 @ 40
	13 @ 21
	14 @ 50
	15 @ 24
	16 @ 44
	17 @ 49
	18 @ 28
	19 @ 36
	20 @ 0
	21 @ 8
	22 @ 9
	23 @ 2
Timestep 5:
	0 @ 17
	1 @ 51
	2 @ 42
	3 @ 45
	4 @ 46
	5 @ 24
	6 @ 44
	7 @ 34
	8 @ 6
	9 @ 53
	10 @ 19
	11 @ 39
	12 @ 47
	13 @ 14
	14 @ 50
	15 @ 30
	16 @ 43
	17 @ 48
	18 @ 35
	19 @ 29
	20 @ 1
	21 @ 8
	22 @ 9
	23 @ 2
Timestep 6:
	0 @ 9
	1 @ 52
	2 @ 36
	3 @ 44
	4 @ 45
	5 @ 30
	6 @ 38
	7 @ 27
	8 @ 14
	9 @ 54
	10 @ 18
	11 @ 46
	12 @ 40
	13 @ 21
	14 @ 50
	15 @ 37
	16 @ 42
	17 @ 47
	18 @ 41
	19 @ 28
	20 @ 2
	21 @ 0
	22 @ 8
	23 @ 10
Timestep 7:
	0 @ 9
	1 @ 53
	2 @ 36
	3 @ 38
	4 @ 44
	5 @ 29
	6 @ 31
	7 @ 22
	8 @ 14
	9 @ 54
	10 @ 11
	11 @ 45
	12 @ 34
	13 @ 21
	14 @ 51
	15 @ 43
	16 @ 49
	17 @ 47
	18 @ 42
	19 @ 28
	20 @ 3
	21 @ 1
	22 @ 0
	23 @ 10
Timestep 8:
	0 @ 1
	1 @ 46
	2 @ 35
	3 @ 31
	4 @ 38
	5 @ 36
	6 @ 30
	7 @ 16
	8 @ 14
	9 @ 53
	10 @ 10
	11 @ 44
	12 @ 34
	13 @ 20
	14 @ 52
	15 @ 37
	16 @ 48
	17 @ 47
	18 @ 49
	19 @ 28
	20 @ 4
	21 @ 2
	22 @ 0
	23 @ 9
Timestep 9:
	0 @ 2
	1 @ 45
	2 @ 28
	3 @ 30
	4 @ 31
	5 @ 36
	6 @ 24
	7 @ 8
	8 @ 6
	9 @ 46
	10 @ 11
	11 @ 43
	12 @ 27
	13 @ 21
	14 @ 53
	15 @ 37
	16 @ 47
	17 @ 40
	18 @ 50
	19 @ 29
	20 @ 12
	21 @ 3
	22 @ 0
	23 @ 17
Timestep 10:
	0 @ 3
	1 @ 52
	2 @ 23
	3 @ 24
	4 @ 30
	5 @ 37
	6 @ 18
	7 @ 9
	8 @ 7
	9 @ 45
	10 @ 11
	11 @ 42
	12 @ 28
	13 @ 14
	14 @ 53
	15 @ 38
	16 @ 47
	17 @ 41
	18 @ 50
	19 @ 29
	20 @ 12
	21 @ 4
	22 @ 8
	23 @ 17
Timestep 11:
	0 @ 2
	1 @ 52
	2 @ 22
	3 @ 18
	4 @ 24
	5 @ 37
	6 @ 19
	7 @ 8
	8 @ 15
	9 @ 44
	10 @ 10
	11 @ 42
	12 @ 27
	13 @ 6
	14 @ 46
	15 @ 31
	16 @ 40
	17 @ 48
	18 @ 43
	19 @ 30
	20 @ 13
	21 @ 5
	22 @ 16
	23 @ 23
Timestep 12:
	0 @ 2
	1 @ 51
	2 @ 16
	3 @ 11
	4 @ 18
	5 @ 38
	6 @ 20
	7 @ 0
	8 @ 15
	9 @ 43
	10 @ 9
	11 @ 49
	12 @ 28
	13 @ 7
	14 @ 46
	15 @ 30
	16 @ 41
	17 @ 48
	18 @ 37
	19 @ 24
	20 @ 14
	21 @ 6
	22 @ 8
	23 @ 22
Timestep 13:
	0 @ 3
	1 @ 52
	2 @ 16
	3 @ 12
	4 @ 18
	5 @ 44
	6 @ 13
	7 @ 1
	8 @ 7
	9 @ 42
	10 @ 17
	11 @ 49
	12 @ 35
	13 @ 6
	14 @ 39
	15 @ 30
	16 @ 40
	17 @ 47
	18 @ 43
	19 @ 24
	20 @ 21
	21 @ 5
	22 @ 0
	23 @ 27
Timestep 14:
	0 @ 2
	1 @ 52
	2 @ 22
	3 @ 13
	4 @ 19
	5 @ 45
	6 @ 14
	7 @ 1
	8 @ 7
	9 @ 41
	10 @ 23
	11 @ 42
	12 @ 36
	13 @ 5
	14 @ 32
	15 @ 37
	16 @ 34
	17 @ 48
	18 @ 43
	19 @ 30
	20 @ 21
	21 @ 4
	22 @ 8
	23 @ 28
Timestep 15:
	0 @ 10
	1 @ 53
	2 @ 22
	3 @ 14
	4 @ 20
	5 @ 52
	6 @ 6
	7 @ 2
	8 @ 7
	9 @ 40
	10 @ 28
	11 @ 41
	12 @ 37
	13 @ 4
	14 @ 33
	15 @ 38
	16 @ 27
	17 @ 49
	18 @ 42
	19 @ 31
	20 @ 21
	21 @ 12
	22 @ 16
	23 @ 29
Timestep 16:
	0 @ 10
	1 @ 54
	2 @ 16
	3 @ 15
	4 @ 25
	5 @ 53
	6 @ 6
	7 @ 3
	8 @ 7
	9 @ 47
	10 @ 27
	11 @ 35
	12 @ 43
	13 @ 12
	14 @ 26
	15 @ 44
	16 @ 22
	17 @ 42
	18 @ 41
	19 @ 38
	20 @ 20
	21 @ 11
	22 @ 17
	23 @ 28

