Fine solution
Length:109
1 @ 5 ---> 6 (0)
2 @ 7 ---> 14 (0)
3 @ 46 ---> 38 (0)
4 @ 29 ---> 22 (0)
5 @ 44 ---> 36 (0)
9 @ 47 ---> 39 (0)
16 @ 41 ---> 34 (0)
14 @ 55 ---> 49 (0)
15 @ 19 ---> 18 (0)
13 @ 40 ---> 33 (0)
10 @ 50 ---> 43 (0)
11 @ 12 ---> 11 (0)
12 @ 54 ---> 48 (0)
1 @ 6 ---> 13 (1)
2 @ 14 ---> 21 (1)
3 @ 38 ---> 31 (1)
5 @ 36 ---> 37 (1)
9 @ 39 ---> 40 (1)
16 @ 34 ---> 35 (1)
6 @ 30 ---> 29 (1)
14 @ 49 ---> 41 (1)
15 @ 18 ---> 12 (1)
13 @ 33 ---> 26 (1)
10 @ 43 ---> 44 (1)
11 @ 11 ---> 10 (1)
12 @ 48 ---> 47 (1)
1 @ 13 ---> 14 (2)
2 @ 21 ---> 27 (2)
3 @ 31 ---> 24 (2)
5 @ 37 ---> 38 (2)
9 @ 40 ---> 48 (2)
16 @ 35 ---> 42 (2)
6 @ 29 ---> 28 (2)
14 @ 41 ---> 34 (2)
15 @ 12 ---> 4 (2)
13 @ 26 ---> 19 (2)
10 @ 44 ---> 36 (2)
11 @ 10 ---> 9 (2)
12 @ 47 ---> 46 (2)
1 @ 14 ---> 21 (3)
2 @ 27 ---> 35 (3)
3 @ 24 ---> 17 (3)
4 @ 22 ---> 23 (3)
5 @ 38 ---> 39 (3)
8 @ 51 ---> 52 (3)
7 @ 53 ---> 47 (3)
9 @ 48 ---> 54 (3)
16 @ 42 ---> 41 (3)
15 @ 4 ---> 3 (3)
13 @ 19 ---> 20 (3)
10 @ 36 ---> 29 (3)
11 @ 9 ---> 15 (3)
12 @ 46 ---> 45 (3)
1 @ 21 ---> 27 (4)
2 @ 35 ---> 42 (4)
3 @ 17 ---> 18 (4)
4 @ 23 ---> 16 (4)
5 @ 39 ---> 40 (4)
8 @ 52 ---> 46 (4)
9 @ 54 ---> 53 (4)
16 @ 41 ---> 49 (4)
15 @ 3 ---> 2 (4)
13 @ 20 ---> 13 (4)
10 @ 29 ---> 30 (4)
11 @ 15 ---> 22 (4)
1 @ 27 ---> 35 (5)
2 @ 42 ---> 41 (5)
3 @ 18 ---> 19 (5)
4 @ 16 ---> 17 (5)
8 @ 46 ---> 38 (5)
7 @ 47 ---> 39 (5)
16 @ 49 ---> 48 (5)
15 @ 2 ---> 1 (5)
13 @ 13 ---> 6 (5)
10 @ 30 ---> 23 (5)
1 @ 35 ---> 42 (6)
2 @ 41 ---> 49 (6)
3 @ 19 ---> 20 (6)
4 @ 17 ---> 24 (6)
8 @ 38 ---> 37 (6)
7 @ 39 ---> 32 (6)
16 @ 48 ---> 47 (6)
15 @ 1 ---> 0 (6)
13 @ 6 ---> 7 (6)
10 @ 23 ---> 16 (6)
1 @ 42 ---> 41 (7)
2 @ 49 ---> 55 (7)
3 @ 20 ---> 13 (7)
4 @ 24 ---> 31 (7)
8 @ 37 ---> 30 (7)
7 @ 32 ---> 25 (7)
16 @ 47 ---> 39 (7)
10 @ 16 ---> 17 (7)
1 @ 41 ---> 49 (8)
4 @ 31 ---> 38 (8)
8 @ 30 ---> 23 (8)
7 @ 25 ---> 26 (8)
9 @ 53 ---> 47 (8)
16 @ 39 ---> 32 (8)
10 @ 17 ---> 18 (8)
4 @ 38 ---> 46 (9)
8 @ 23 ---> 16 (9)
10 @ 18 ---> 19 (9)
4 @ 46 ---> 52 (10)
8 @ 16 ---> 10 (10)
10 @ 19 ---> 20 (10)
4 @ 52 ---> 51 (11)
8 @ 10 ---> 2 (11)
10 @ 20 ---> 21 (11)
