Solution makespan:11
Timestep 0:
	0 @ 0
	1 @ 7
	2 @ 18
	3 @ 34
	4 @ 42
	5 @ 17
	6 @ 26
Timestep 1:
	0 @ 9
	1 @ 8
	2 @ 23
	3 @ 31
	4 @ 41
	5 @ 16
	6 @ 25
Timestep 2:
	0 @ 12
	1 @ 11
	2 @ 30
	3 @ 24
	4 @ 40
	5 @ 15
	6 @ 21
Timestep 3:
	0 @ 19
	1 @ 18
	2 @ 33
	3 @ 24
	4 @ 39
	5 @ 10
	6 @ 13
Timestep 4:
	0 @ 20
	1 @ 23
	2 @ 33
	3 @ 19
	4 @ 38
	5 @ 4
	6 @ 14
Timestep 5:
	0 @ 21
	1 @ 30
	2 @ 33
	3 @ 20
	4 @ 37
	5 @ 3
	6 @ 15
Timestep 6:
	0 @ 13
	1 @ 29
	2 @ 30
	3 @ 21
	4 @ 36
	5 @ 2
	6 @ 10
Timestep 7:
	0 @ 14
	1 @ 29
	2 @ 23
	3 @ 13
	4 @ 35
	5 @ 1
	6 @ 4
Timestep 8:
	0 @ 15
	1 @ 30
	2 @ 18
	3 @ 14
	4 @ 34
	5 @ 0
	6 @ 5
Timestep 9:
	0 @ 16
	1 @ 30
	2 @ 18
	3 @ 15
	4 @ 34
	5 @ 1
	6 @ 6
Timestep 10:
	0 @ 17
	1 @ 30
	2 @ 18
	3 @ 10
	4 @ 34
	5 @ 0
	6 @ 7
Timestep 11:
	0 @ 17
	1 @ 30
	2 @ 18
	3 @ 4
	4 @ 34
	5 @ 0
	6 @ 8

