Solution makespan:17
Timestep 0:
	0 @ 34
	1 @ 56
	2 @ 44
	3 @ 37
	4 @ 29
	5 @ 30
	6 @ 38
	7 @ 45
	8 @ 12
	9 @ 13
	10 @ 14
	11 @ 21
	12 @ 19
	13 @ 26
	14 @ 27
	15 @ 28
	16 @ 35
	17 @ 33
	18 @ 41
	19 @ 42
	20 @ 43
	21 @ 50
	22 @ 48
	23 @ 55
	24 @ 57
Timestep 1:
	0 @ 35
	1 @ 49
	2 @ 51
	3 @ 44
	4 @ 30
	5 @ 31
	6 @ 39
	7 @ 52
	8 @ 12
	9 @ 13
	10 @ 14
	11 @ 21
	12 @ 20
	13 @ 19
	14 @ 27
	15 @ 28
	16 @ 36
	17 @ 26
	18 @ 33
	19 @ 41
	20 @ 42
	21 @ 43
	22 @ 48
	23 @ 56
	24 @ 50
Timestep 2:
	0 @ 36
	1 @ 50
	2 @ 52
	3 @ 45
	4 @ 38
	5 @ 32
	6 @ 31
	7 @ 53
	8 @ 12
	9 @ 13
	10 @ 14
	11 @ 21
	12 @ 20
	13 @ 19
	14 @ 27
	15 @ 28
	16 @ 37
	17 @ 26
	18 @ 33
	19 @ 48
	20 @ 34
	21 @ 42
	22 @ 55
	23 @ 57
	24 @ 43
Timestep 3:
	0 @ 37
	1 @ 43
	2 @ 53
	3 @ 38
	4 @ 39
	5 @ 40
	6 @ 24
	7 @ 46
	8 @ 12
	9 @ 13
	10 @ 14
	11 @ 21
	12 @ 20
	13 @ 19
	14 @ 27
	15 @ 28
	16 @ 29
	17 @ 33
	18 @ 41
	19 @ 55
	20 @ 42
	21 @ 49
	22 @ 56
	23 @ 50
	24 @ 35
Timestep 4:
	0 @ 44
	1 @ 35
	2 @ 46
	3 @ 30
	4 @ 38
	5 @ 47
	6 @ 24
	7 @ 45
	8 @ 12
	9 @ 20
	10 @ 14
	11 @ 21
	12 @ 19
	13 @ 26
	14 @ 34
	15 @ 28
	16 @ 22
	17 @ 33
	18 @ 41
	19 @ 55
	20 @ 49
	21 @ 48
	22 @ 57
	23 @ 43
	24 @ 36
Timestep 5:
	0 @ 51
	1 @ 34
	2 @ 46
	3 @ 29
	4 @ 38
	5 @ 54
	6 @ 23
	7 @ 44
	8 @ 13
	9 @ 27
	10 @ 14
	11 @ 21
	12 @ 19
	13 @ 26
	14 @ 42
	15 @ 28
	16 @ 15
	17 @ 33
	18 @ 41
	19 @ 56
	20 @ 50
	21 @ 55
	22 @ 57
	23 @ 35
	24 @ 37
Timestep 6:
	0 @ 58
	1 @ 35
	2 @ 46
	3 @ 29
	4 @ 45
	5 @ 54
	6 @ 22
	7 @ 44
	8 @ 13
	9 @ 27
	10 @ 14
	11 @ 21
	12 @ 12
	13 @ 19
	14 @ 43
	15 @ 28
	16 @ 15
	17 @ 41
	18 @ 48
	19 @ 56
	20 @ 49
	21 @ 55
	22 @ 50
	23 @ 36
	24 @ 38
Timestep 7:
	0 @ 62
	1 @ 36
	2 @ 47
	3 @ 29
	4 @ 44
	5 @ 53
	6 @ 15
	7 @ 51
	8 @ 13
	9 @ 26
	10 @ 14
	11 @ 21
	12 @ 12
	13 @ 19
	14 @ 43
	15 @ 28
	16 @ 16
	17 @ 41
	18 @ 48
	19 @ 57
	20 @ 56
	21 @ 55
	22 @ 50
	23 @ 37
	24 @ 39
Timestep 8:
	0 @ 63
	1 @ 37
	2 @ 40
	3 @ 30
	4 @ 44
	5 @ 46
	6 @ 8
	7 @ 51
	8 @ 20
	9 @ 26
	10 @ 14
	11 @ 28
	12 @ 12
	13 @ 19
	14 @ 35
	15 @ 27
	16 @ 9
	17 @ 41
	18 @ 48
	19 @ 57
	20 @ 56
	21 @ 55
	22 @ 43
	23 @ 29
	24 @ 31
Timestep 9:
	0 @ 59
	1 @ 29
	2 @ 39
	3 @ 38
	4 @ 37
	5 @ 45
	6 @ 15
	7 @ 44
	8 @ 27
	9 @ 26
	10 @ 14
	11 @ 21
	12 @ 12
	13 @ 19
	14 @ 35
	15 @ 34
	16 @ 9
	17 @ 33
	18 @ 49
	19 @ 50
	20 @ 55
	21 @ 48
	22 @ 43
	23 @ 22
	24 @ 24
Timestep 10:
	0 @ 52
	1 @ 30
	2 @ 46
	3 @ 45
	4 @ 36
	5 @ 44
	6 @ 22
	7 @ 37
	8 @ 27
	9 @ 19
	10 @ 14
	11 @ 20
	12 @ 13
	13 @ 12
	14 @ 34
	15 @ 33
	16 @ 16
	17 @ 26
	18 @ 42
	19 @ 49
	20 @ 56
	21 @ 48
	22 @ 35
	23 @ 23
	24 @ 17
Timestep 11:
	0 @ 45
	1 @ 31
	2 @ 39
	3 @ 44
	4 @ 35
	5 @ 37
	6 @ 22
	7 @ 36
	8 @ 28
	9 @ 19
	10 @ 14
	11 @ 21
	12 @ 13
	13 @ 12
	14 @ 33
	15 @ 41
	16 @ 9
	17 @ 27
	18 @ 34
	19 @ 50
	20 @ 57
	21 @ 55
	22 @ 43
	23 @ 24
	24 @ 16
Timestep 12:
	0 @ 44
	1 @ 24
	2 @ 38
	3 @ 37
	4 @ 28
	5 @ 36
	6 @ 22
	7 @ 35
	8 @ 27
	9 @ 20
	10 @ 14
	11 @ 21
	12 @ 13
	13 @ 19
	14 @ 33
	15 @ 41
	16 @ 5
	17 @ 26
	18 @ 42
	19 @ 50
	20 @ 57
	21 @ 55
	22 @ 43
	23 @ 25
	24 @ 23
Timestep 13:
	0 @ 51
	1 @ 24
	2 @ 37
	3 @ 36
	4 @ 21
	5 @ 35
	6 @ 29
	7 @ 34
	8 @ 28
	9 @ 20
	10 @ 13
	11 @ 14
	12 @ 12
	13 @ 19
	14 @ 41
	15 @ 48
	16 @ 6
	17 @ 26
	18 @ 42
	19 @ 50
	20 @ 57
	21 @ 56
	22 @ 43
	23 @ 32
	24 @ 30
Timestep 14:
	0 @ 52
	1 @ 23
	2 @ 36
	3 @ 35
	4 @ 20
	5 @ 34
	6 @ 37
	7 @ 33
	8 @ 28
	9 @ 27
	10 @ 13
	11 @ 21
	12 @ 12
	13 @ 19
	14 @ 48
	15 @ 55
	16 @ 7
	17 @ 26
	18 @ 42
	19 @ 50
	20 @ 57
	21 @ 56
	22 @ 43
	23 @ 40
	24 @ 38
Timestep 15:
	0 @ 53
	1 @ 30
	2 @ 35
	3 @ 28
	4 @ 13
	5 @ 42
	6 @ 36
	7 @ 41
	8 @ 27
	9 @ 20
	10 @ 14
	11 @ 21
	12 @ 12
	13 @ 19
	14 @ 48
	15 @ 55
	16 @ 11
	17 @ 33
	18 @ 49
	19 @ 50
	20 @ 57
	21 @ 56
	22 @ 43
	23 @ 47
	24 @ 37
Timestep 16:
	0 @ 46
	1 @ 31
	2 @ 28
	3 @ 27
	4 @ 13
	5 @ 42
	6 @ 35
	7 @ 41
	8 @ 34
	9 @ 20
	10 @ 14
	11 @ 21
	12 @ 19
	13 @ 26
	14 @ 48
	15 @ 55
	16 @ 18
	17 @ 33
	18 @ 49
	19 @ 50
	20 @ 57
	21 @ 56
	22 @ 43
	23 @ 47
	24 @ 36
Timestep 17:
	0 @ 47
	1 @ 32
	2 @ 27
	3 @ 20
	4 @ 12
	5 @ 42
	6 @ 28
	7 @ 41
	8 @ 34
	9 @ 13
	10 @ 14
	11 @ 21
	12 @ 19
	13 @ 26
	14 @ 48
	15 @ 55
	16 @ 25
	17 @ 33
	18 @ 49
	19 @ 50
	20 @ 57
	21 @ 56
	22 @ 43
	23 @ 54
	24 @ 35

