Fine solution
Length:30
1 # 12 ---> 11 (0)
2 # 54 ---> 53 (0)
3 # 40 ---> 33 (0)
5 # 19 ---> 18 (0)
1 # 11 ---> 3 (1)
2 # 53 ---> 54 (1)
3 # 33 ---> 26 (1)
4 # 55 ---> 49 (1)
6 # 41 ---> 40 (1)
5 # 18 ---> 17 (1)
1 # 3 ---> 11 (2)
3 # 26 ---> 19 (2)
4 # 49 ---> 41 (2)
6 # 40 ---> 39 (2)
5 # 17 ---> 16 (2)
1 # 11 ---> 17 (3)
3 # 19 ---> 18 (3)
4 # 41 ---> 34 (3)
6 # 39 ---> 38 (3)
5 # 16 ---> 23 (3)
1 # 17 ---> 24 (4)
4 # 34 ---> 35 (4)
6 # 38 ---> 46 (4)
5 # 23 ---> 30 (4)
1 # 24 ---> 31 (5)
4 # 35 ---> 27 (5)
6 # 46 ---> 45 (5)
5 # 30 ---> 37 (5)
4 # 27 ---> 21 (6)
6 # 45 ---> 51 (6)
