Fine solution
Length:36
1 # 11 ---> 10 (0)
2 # 34 ---> 26 (0)
3 # 52 ---> 53 (0)
4 # 45 ---> 46 (0)
5 # 1 ---> 2 (0)
6 # 0 ---> 7 (0)
1 # 10 ---> 9 (1)
2 # 26 ---> 19 (1)
3 # 53 ---> 54 (1)
4 # 46 ---> 47 (1)
5 # 2 ---> 3 (1)
6 # 7 ---> 8 (1)
1 # 9 ---> 2 (2)
2 # 19 ---> 13 (2)
3 # 54 ---> 55 (2)
4 # 47 ---> 48 (2)
5 # 3 ---> 10 (2)
1 # 2 ---> 1 (3)
2 # 13 ---> 12 (3)
4 # 48 ---> 49 (3)
5 # 10 ---> 17 (3)
1 # 1 ---> 0 (4)
2 # 12 ---> 11 (4)
3 # 55 ---> 48 (4)
5 # 17 ---> 23 (4)
1 # 0 ---> 7 (5)
2 # 11 ---> 4 (5)
3 # 48 ---> 40 (5)
5 # 23 ---> 31 (5)
2 # 4 ---> 3 (6)
3 # 40 ---> 34 (6)
2 # 3 ---> 2 (7)
3 # 34 ---> 26 (7)
2 # 2 ---> 1 (8)
3 # 26 ---> 19 (8)
2 # 1 ---> 0 (9)
