Fine solution
Length:30
1 # 27 ---> 28 (0)
2 # 35 ---> 34 (0)
3 # 8 ---> 15 (0)
4 # 24 ---> 25 (0)
5 # 40 ---> 47 (0)
6 # 20 ---> 12 (0)
1 # 28 ---> 35 (1)
2 # 34 ---> 27 (1)
3 # 15 ---> 22 (1)
4 # 25 ---> 26 (1)
5 # 47 ---> 40 (1)
6 # 12 ---> 5 (1)
1 # 35 ---> 41 (2)
2 # 27 ---> 20 (2)
3 # 22 ---> 30 (2)
1 # 41 ---> 48 (3)
2 # 20 ---> 19 (3)
3 # 30 ---> 31 (3)
2 # 19 ---> 18 (4)
3 # 31 ---> 37 (4)
2 # 18 ---> 17 (5)
3 # 37 ---> 44 (5)
2 # 17 ---> 16 (6)
3 # 44 ---> 50 (6)
2 # 16 ---> 15 (7)
3 # 50 ---> 51 (7)
2 # 15 ---> 8 (8)
3 # 51 ---> 52 (8)
2 # 8 ---> 7 (9)
3 # 52 ---> 53 (9)
