Fine solution
Length:237
1 # 243 ---> 115 (0)
2 # 287 ---> 271 (0)
3 # 319 ---> 311 (0)
4 # 304 ---> 272 (0)
5 # 57 ---> 25 (0)
6 # 366 ---> 302 (0)
7 # 148 ---> 20 (0)
8 # 467 ---> 451 (0)
9 # 239 ---> 111 (0)
10 # 307 ---> 51 (0)
11 # 405 ---> 149 (0)
12 # 113 ---> 81 (0)
13 # 420 ---> 292 (0)
14 # 228 ---> 164 (0)
15 # 73 ---> 105 (0)
16 # 146 ---> 144 (0)
17 # 177 ---> 161 (0)
18 # 377 ---> 121 (0)
19 # 48 ---> 16 (0)
20 # 397 ---> 389 (0)
21 # 79 ---> 71 (0)
22 # 99 ---> 107 (0)
23 # 380 ---> 316 (0)
24 # 184 ---> 152 (0)
25 # 13 ---> 9 (0)
26 # 342 ---> 326 (0)
27 # 308 ---> 52 (0)
28 # 433 ---> 305 (0)
29 # 336 ---> 337 (0)
30 # 441 ---> 425 (0)
31 # 69 ---> 85 (0)
32 # 352 ---> 96 (0)
33 # 12 ---> 4 (0)
34 # 350 ---> 94 (0)
35 # 24 ---> 8 (0)
36 # 286 ---> 318 (0)
37 # 135 ---> 7 (0)
38 # 242 ---> 114 (0)
39 # 432 ---> 176 (0)
40 # 18 ---> 26 (0)
41 # 64 ---> 66 (0)
42 # 56 ---> 120 (0)
43 # 507 ---> 251 (0)
44 # 203 ---> 75 (0)
45 # 378 ---> 314 (0)
46 # 110 ---> 126 (0)
47 # 211 ---> 147 (0)
48 # 388 ---> 132 (0)
49 # 185 ---> 153 (0)
50 # 10 ---> 2 (0)
51 # 72 ---> 76 (0)
1 # 115 ---> 83 (1)
2 # 271 ---> 263 (1)
3 # 311 ---> 439 (1)
4 # 272 ---> 256 (1)
6 # 302 ---> 46 (1)
7 # 20 ---> 84 (1)
8 # 451 ---> 455 (1)
9 # 111 ---> 47 (1)
10 # 51 ---> 59 (1)
11 # 149 ---> 213 (1)
12 # 81 ---> 65 (1)
13 # 292 ---> 294 (1)
14 # 164 ---> 166 (1)
15 # 105 ---> 104 (1)
16 # 144 ---> 208 (1)
17 # 161 ---> 177 (1)
18 # 121 ---> 89 (1)
20 # 389 ---> 388 (1)
21 # 71 ---> 67 (1)
22 # 107 ---> 123 (1)
23 # 316 ---> 284 (1)
24 # 152 ---> 136 (1)
25 # 9 ---> 137 (1)
26 # 326 ---> 324 (1)
27 # 52 ---> 53 (1)
28 # 305 ---> 49 (1)
29 # 337 ---> 339 (1)
30 # 425 ---> 169 (1)
31 # 85 ---> 21 (1)
32 # 96 ---> 98 (1)
33 # 4 ---> 5 (1)
34 # 94 ---> 30 (1)
35 # 8 ---> 24 (1)
36 # 318 ---> 382 (1)
37 # 7 ---> 3 (1)
38 # 114 ---> 50 (1)
39 # 176 ---> 48 (1)
40 # 26 ---> 10 (1)
41 # 66 ---> 74 (1)
42 # 120 ---> 88 (1)
43 # 251 ---> 243 (1)
44 # 75 ---> 11 (1)
45 # 314 ---> 312 (1)
46 # 126 ---> 124 (1)
47 # 147 ---> 151 (1)
48 # 132 ---> 128 (1)
49 # 153 ---> 145 (1)
50 # 2 ---> 0 (1)
51 # 76 ---> 108 (1)
1 # 83 ---> 81 (2)
2 # 263 ---> 259 (2)
4 # 256 ---> 258 (2)
5 # 25 ---> 9 (2)
6 # 46 ---> 44 (2)
7 # 84 ---> 116 (2)
8 # 455 ---> 199 (2)
9 # 47 ---> 45 (2)
10 # 59 ---> 27 (2)
11 # 213 ---> 215 (2)
12 # 65 ---> 64 (2)
13 # 294 ---> 358 (2)
14 # 166 ---> 134 (2)
15 # 104 ---> 120 (2)
16 # 208 ---> 209 (2)
17 # 177 ---> 176 (2)
18 # 89 ---> 73 (2)
19 # 16 ---> 20 (2)
20 # 388 ---> 404 (2)
21 # 67 ---> 195 (2)
23 # 284 ---> 412 (2)
24 # 136 ---> 138 (2)
25 # 137 ---> 139 (2)
26 # 324 ---> 325 (2)
27 # 53 ---> 55 (2)
28 # 49 ---> 51 (2)
29 # 339 ---> 343 (2)
30 # 169 ---> 168 (2)
31 # 21 ---> 17 (2)
32 # 98 ---> 34 (2)
33 # 5 ---> 7 (2)
34 # 30 ---> 14 (2)
35 # 24 ---> 26 (2)
36 # 382 ---> 510 (2)
37 # 3 ---> 19 (2)
38 # 50 ---> 18 (2)
39 # 48 ---> 32 (2)
40 # 10 ---> 8 (2)
41 # 74 ---> 90 (2)
42 # 88 ---> 216 (2)
43 # 243 ---> 241 (2)
44 # 11 ---> 15 (2)
45 # 312 ---> 316 (2)
46 # 124 ---> 252 (2)
47 # 151 ---> 159 (2)
48 # 128 ---> 160 (2)
49 # 145 ---> 144 (2)
50 # 0 ---> 4 (2)
51 # 108 ---> 236 (2)
1 # 81 ---> 85 (3)
2 # 259 ---> 257 (3)
4 # 258 ---> 266 (3)
5 # 9 ---> 137 (3)
6 # 44 ---> 172 (3)
7 # 116 ---> 117 (3)
8 # 199 ---> 207 (3)
9 # 45 ---> 13 (3)
10 # 27 ---> 91 (3)
11 # 215 ---> 87 (3)
12 # 64 ---> 72 (3)
14 # 134 ---> 390 (3)
15 # 120 ---> 376 (3)
18 # 73 ---> 65 (3)
19 # 20 ---> 21 (3)
21 # 195 ---> 451 (3)
24 # 138 ---> 130 (3)
25 # 139 ---> 203 (3)
26 # 325 ---> 357 (3)
27 # 55 ---> 183 (3)
28 # 51 ---> 35 (3)
29 # 343 ---> 351 (3)
30 # 168 ---> 170 (3)
31 # 17 ---> 49 (3)
32 # 34 ---> 38 (3)
33 # 7 ---> 71 (3)
34 # 14 ---> 12 (3)
35 # 26 ---> 10 (3)
37 # 19 ---> 275 (3)
38 # 18 ---> 16 (3)
39 # 32 ---> 33 (3)
40 # 8 ---> 40 (3)
42 # 216 ---> 472 (3)
43 # 241 ---> 240 (3)
44 # 15 ---> 31 (3)
46 # 252 ---> 508 (3)
49 # 144 ---> 146 (3)
50 # 4 ---> 36 (3)
1 # 85 ---> 69 (4)
2 # 257 ---> 256 (4)
4 # 266 ---> 267 (4)
6 # 172 ---> 140 (4)
7 # 117 ---> 101 (4)
9 # 13 ---> 29 (4)
10 # 91 ---> 95 (4)
11 # 87 ---> 83 (4)
12 # 72 ---> 8 (4)
18 # 65 ---> 67 (4)
19 # 21 ---> 23 (4)
24 # 130 ---> 131 (4)
25 # 203 ---> 202 (4)
27 # 183 ---> 191 (4)
28 # 35 ---> 34 (4)
30 # 170 ---> 234 (4)
31 # 49 ---> 177 (4)
33 # 71 ---> 327 (4)
34 # 12 ---> 44 (4)
35 # 10 ---> 2 (4)
37 # 275 ---> 274 (4)
38 # 16 ---> 0 (4)
39 # 33 ---> 41 (4)
40 # 40 ---> 104 (4)
44 # 31 ---> 63 (4)
50 # 36 ---> 100 (4)
2 # 256 ---> 320 (5)
4 # 267 ---> 11 (5)
6 # 140 ---> 132 (5)
12 # 8 ---> 136 (5)
18 # 67 ---> 71 (5)
19 # 23 ---> 31 (5)
24 # 131 ---> 195 (5)
28 # 34 ---> 42 (5)
31 # 177 ---> 433 (5)
37 # 274 ---> 282 (5)
38 # 0 ---> 1 (5)
39 # 41 ---> 105 (5)
50 # 100 ---> 228 (5)
2 # 320 ---> 448 (6)
4 # 11 ---> 139 (6)
6 # 132 ---> 128 (6)
11 # 83 ---> 67 (6)
18 # 71 ---> 199 (6)
19 # 31 ---> 287 (6)
28 # 42 ---> 46 (6)
38 # 1 ---> 5 (6)
50 # 228 ---> 484 (6)
38 # 5 ---> 13 (7)
38 # 13 ---> 269 (8)
