Fine solution
Length:105
1 # 225 ---> 211 (0)
2 # 55 ---> 70 (0)
3 # 136 ---> 150 (0)
4 # 72 ---> 73 (0)
5 # 84 ---> 83 (0)
6 # 142 ---> 126 (0)
7 # 69 ---> 54 (0)
8 # 182 ---> 181 (0)
1 # 211 ---> 196 (1)
2 # 70 ---> 69 (1)
3 # 150 ---> 165 (1)
4 # 73 ---> 74 (1)
5 # 83 ---> 82 (1)
6 # 126 ---> 125 (1)
7 # 54 ---> 55 (1)
8 # 181 ---> 169 (1)
1 # 196 ---> 181 (2)
2 # 69 ---> 68 (2)
3 # 165 ---> 166 (2)
4 # 74 ---> 75 (2)
5 # 82 ---> 81 (2)
6 # 125 ---> 124 (2)
8 # 169 ---> 153 (2)
1 # 181 ---> 169 (3)
2 # 68 ---> 67 (3)
4 # 75 ---> 59 (3)
5 # 81 ---> 80 (3)
6 # 124 ---> 109 (3)
8 # 153 ---> 140 (3)
1 # 169 ---> 153 (4)
2 # 67 ---> 66 (4)
4 # 59 ---> 60 (4)
5 # 80 ---> 79 (4)
6 # 109 ---> 108 (4)
8 # 140 ---> 124 (4)
1 # 153 ---> 140 (5)
2 # 66 ---> 65 (5)
4 # 60 ---> 61 (5)
5 # 79 ---> 78 (5)
6 # 108 ---> 97 (5)
8 # 124 ---> 109 (5)
1 # 140 ---> 124 (6)
2 # 65 ---> 64 (6)
4 # 61 ---> 62 (6)
5 # 78 ---> 77 (6)
6 # 97 ---> 83 (6)
8 # 109 ---> 108 (6)
1 # 124 ---> 109 (7)
2 # 64 ---> 80 (7)
4 # 62 ---> 63 (7)
5 # 77 ---> 93 (7)
6 # 83 ---> 67 (7)
8 # 108 ---> 97 (7)
1 # 109 ---> 108 (8)
2 # 80 ---> 79 (8)
4 # 63 ---> 64 (8)
6 # 67 ---> 66 (8)
8 # 97 ---> 83 (8)
1 # 108 ---> 97 (9)
2 # 79 ---> 63 (9)
4 # 64 ---> 80 (9)
6 # 66 ---> 65 (9)
8 # 83 ---> 67 (9)
1 # 97 ---> 83 (10)
2 # 63 ---> 49 (10)
4 # 80 ---> 81 (10)
6 # 65 ---> 64 (10)
8 # 67 ---> 52 (10)
1 # 83 ---> 82 (11)
2 # 49 ---> 48 (11)
4 # 81 ---> 65 (11)
6 # 64 ---> 63 (11)
8 # 52 ---> 37 (11)
1 # 82 ---> 81 (12)
2 # 48 ---> 47 (12)
4 # 65 ---> 66 (12)
6 # 63 ---> 49 (12)
8 # 37 ---> 23 (12)
1 # 81 ---> 80 (13)
2 # 47 ---> 46 (13)
4 # 66 ---> 67 (13)
6 # 49 ---> 48 (13)
8 # 23 ---> 22 (13)
1 # 80 ---> 79 (14)
2 # 46 ---> 45 (14)
4 # 67 ---> 68 (14)
6 # 48 ---> 34 (14)
8 # 22 ---> 21 (14)
1 # 79 ---> 78 (15)
2 # 45 ---> 44 (15)
4 # 68 ---> 69 (15)
6 # 34 ---> 33 (15)
1 # 78 ---> 77 (16)
2 # 44 ---> 43 (16)
4 # 69 ---> 70 (16)
6 # 33 ---> 32 (16)
1 # 77 ---> 76 (17)
2 # 43 ---> 42 (17)
4 # 70 ---> 71 (17)
6 # 32 ---> 31 (17)
1 # 76 ---> 75 (18)
4 # 71 ---> 56 (18)
6 # 31 ---> 17 (18)
6 # 17 ---> 16 (19)
6 # 16 ---> 15 (20)
