Fine solution
Length:93
1 # 215 ---> 214 (0)
2 # 629 ---> 628 (0)
3 # 787 ---> 788 (0)
4 # 718 ---> 690 (0)
1 # 214 ---> 213 (1)
2 # 628 ---> 657 (1)
3 # 788 ---> 789 (1)
4 # 690 ---> 660 (1)
1 # 213 ---> 212 (2)
2 # 657 ---> 656 (2)
3 # 789 ---> 790 (2)
4 # 660 ---> 633 (2)
1 # 212 ---> 239 (3)
2 # 656 ---> 655 (3)
3 # 790 ---> 791 (3)
4 # 633 ---> 605 (3)
1 # 239 ---> 238 (4)
2 # 655 ---> 654 (4)
3 # 791 ---> 792 (4)
4 # 605 ---> 575 (4)
1 # 238 ---> 237 (5)
2 # 654 ---> 653 (5)
3 # 792 ---> 793 (5)
4 # 575 ---> 547 (5)
1 # 237 ---> 268 (6)
2 # 653 ---> 652 (6)
3 # 793 ---> 794 (6)
4 # 547 ---> 519 (6)
1 # 268 ---> 267 (7)
3 # 794 ---> 795 (7)
4 # 519 ---> 489 (7)
1 # 267 ---> 266 (8)
3 # 795 ---> 764 (8)
4 # 489 ---> 459 (8)
1 # 266 ---> 265 (9)
3 # 764 ---> 765 (9)
4 # 459 ---> 433 (9)
1 # 265 ---> 264 (10)
3 # 765 ---> 766 (10)
4 # 433 ---> 403 (10)
1 # 264 ---> 263 (11)
3 # 766 ---> 767 (11)
4 # 403 ---> 373 (11)
1 # 263 ---> 293 (12)
3 # 767 ---> 797 (12)
4 # 373 ---> 344 (12)
1 # 293 ---> 292 (13)
3 # 797 ---> 798 (13)
4 # 344 ---> 314 (13)
1 # 292 ---> 291 (14)
3 # 798 ---> 799 (14)
4 # 314 ---> 285 (14)
1 # 291 ---> 290 (15)
3 # 799 ---> 800 (15)
4 # 285 ---> 255 (15)
1 # 290 ---> 320 (16)
3 # 800 ---> 801 (16)
4 # 255 ---> 226 (16)
1 # 320 ---> 350 (17)
3 # 801 ---> 802 (17)
4 # 226 ---> 200 (17)
1 # 350 ---> 379 (18)
3 # 802 ---> 803 (18)
4 # 200 ---> 169 (18)
1 # 379 ---> 408 (19)
3 # 803 ---> 804 (19)
4 # 169 ---> 139 (19)
1 # 408 ---> 438 (20)
3 # 804 ---> 805 (20)
4 # 139 ---> 109 (20)
1 # 438 ---> 465 (21)
3 # 805 ---> 806 (21)
4 # 109 ---> 84 (21)
1 # 465 ---> 464 (22)
4 # 84 ---> 83 (22)
1 # 464 ---> 493 (23)
4 # 83 ---> 82 (23)
1 # 493 ---> 524 (24)
4 # 82 ---> 81 (24)
1 # 524 ---> 551 (25)
4 # 81 ---> 80 (25)
1 # 551 ---> 580 (26)
4 # 80 ---> 79 (26)
1 # 580 ---> 610 (27)
4 # 79 ---> 78 (27)
1 # 610 ---> 638 (28)
4 # 78 ---> 77 (28)
1 # 638 ---> 665 (29)
4 # 77 ---> 76 (29)
1 # 665 ---> 695 (30)
4 # 76 ---> 75 (30)
1 # 695 ---> 723 (31)
4 # 75 ---> 74 (31)
