Fine solution
Length:291
1 # 38 ---> 37 (0)
2 # 212 ---> 199 (0)
24 # 132 ---> 145 (0)
4 # 121 ---> 122 (0)
5 # 214 ---> 201 (0)
6 # 119 ---> 135 (0)
7 # 93 ---> 79 (0)
8 # 67 ---> 68 (0)
9 # 35 ---> 48 (0)
10 # 46 ---> 45 (0)
11 # 113 ---> 98 (0)
12 # 131 ---> 144 (0)
13 # 125 ---> 109 (0)
14 # 208 ---> 209 (0)
15 # 81 ---> 95 (0)
16 # 74 ---> 88 (0)
17 # 0 ---> 12 (0)
18 # 179 ---> 164 (0)
19 # 170 ---> 185 (0)
20 # 87 ---> 100 (0)
21 # 21 ---> 34 (0)
22 # 70 ---> 84 (0)
23 # 5 ---> 6 (0)
25 # 134 ---> 118 (0)
1 # 37 ---> 36 (1)
2 # 199 ---> 198 (1)
3 # 116 ---> 132 (1)
4 # 122 ---> 123 (1)
5 # 201 ---> 200 (1)
6 # 135 ---> 134 (1)
7 # 79 ---> 66 (1)
8 # 68 ---> 69 (1)
9 # 48 ---> 63 (1)
10 # 45 ---> 60 (1)
11 # 98 ---> 85 (1)
12 # 144 ---> 158 (1)
13 # 109 ---> 110 (1)
14 # 209 ---> 194 (1)
15 # 95 ---> 94 (1)
16 # 88 ---> 89 (1)
17 # 12 ---> 13 (1)
18 # 164 ---> 149 (1)
20 # 100 ---> 115 (1)
21 # 34 ---> 47 (1)
22 # 84 ---> 97 (1)
23 # 6 ---> 20 (1)
25 # 118 ---> 117 (1)
1 # 36 ---> 35 (2)
2 # 198 ---> 184 (2)
3 # 132 ---> 133 (2)
4 # 123 ---> 124 (2)
5 # 200 ---> 199 (2)
6 # 134 ---> 146 (2)
7 # 66 ---> 54 (2)
8 # 69 ---> 57 (2)
9 # 63 ---> 74 (2)
10 # 60 ---> 59 (2)
11 # 85 ---> 86 (2)
12 # 158 ---> 174 (2)
13 # 110 ---> 111 (2)
14 # 194 ---> 180 (2)
15 # 94 ---> 108 (2)
16 # 89 ---> 101 (2)
17 # 13 ---> 27 (2)
18 # 149 ---> 137 (2)
20 # 115 ---> 131 (2)
21 # 47 ---> 62 (2)
22 # 97 ---> 112 (2)
23 # 20 ---> 33 (2)
25 # 117 ---> 116 (2)
1 # 35 ---> 34 (3)
2 # 184 ---> 169 (3)
3 # 133 ---> 134 (3)
24 # 145 ---> 144 (3)
4 # 124 ---> 125 (3)
6 # 146 ---> 161 (3)
7 # 54 ---> 55 (3)
8 # 57 ---> 69 (3)
9 # 74 ---> 88 (3)
10 # 59 ---> 70 (3)
11 # 86 ---> 72 (3)
13 # 111 ---> 96 (3)
14 # 180 ---> 165 (3)
15 # 108 ---> 107 (3)
16 # 101 ---> 117 (3)
17 # 27 ---> 40 (3)
18 # 137 ---> 121 (3)
21 # 62 ---> 73 (3)
22 # 112 ---> 128 (3)
23 # 33 ---> 32 (3)
25 # 116 ---> 115 (3)
1 # 34 ---> 33 (4)
2 # 169 ---> 154 (4)
3 # 134 ---> 146 (4)
24 # 144 ---> 143 (4)
4 # 125 ---> 126 (4)
6 # 161 ---> 160 (4)
7 # 55 ---> 41 (4)
8 # 69 ---> 81 (4)
9 # 88 ---> 89 (4)
10 # 70 ---> 84 (4)
13 # 96 ---> 97 (4)
14 # 165 ---> 166 (4)
15 # 107 ---> 123 (4)
16 # 117 ---> 116 (4)
17 # 40 ---> 54 (4)
18 # 121 ---> 105 (4)
21 # 73 ---> 87 (4)
22 # 128 ---> 129 (4)
25 # 115 ---> 100 (4)
1 # 33 ---> 46 (5)
2 # 154 ---> 153 (5)
3 # 146 ---> 161 (5)
24 # 143 ---> 130 (5)
4 # 126 ---> 127 (5)
6 # 160 ---> 159 (5)
7 # 41 ---> 28 (5)
8 # 81 ---> 95 (5)
10 # 84 ---> 83 (5)
11 # 72 ---> 73 (5)
14 # 166 ---> 167 (5)
15 # 123 ---> 122 (5)
16 # 116 ---> 132 (5)
17 # 54 ---> 53 (5)
18 # 105 ---> 106 (5)
21 # 87 ---> 86 (5)
22 # 129 ---> 142 (5)
25 # 100 ---> 99 (5)
1 # 46 ---> 61 (6)
3 # 161 ---> 177 (6)
24 # 130 ---> 114 (6)
4 # 127 ---> 128 (6)
6 # 159 ---> 175 (6)
7 # 28 ---> 14 (6)
8 # 95 ---> 109 (6)
10 # 83 ---> 82 (6)
11 # 73 ---> 87 (6)
13 # 97 ---> 84 (6)
14 # 167 ---> 168 (6)
15 # 122 ---> 138 (6)
16 # 132 ---> 145 (6)
17 # 53 ---> 65 (6)
18 # 106 ---> 107 (6)
22 # 142 ---> 156 (6)
25 # 99 ---> 98 (6)
1 # 61 ---> 72 (7)
3 # 177 ---> 191 (7)
24 # 114 ---> 113 (7)
4 # 128 ---> 129 (7)
6 # 175 ---> 189 (7)
7 # 14 ---> 15 (7)
8 # 109 ---> 110 (7)
10 # 82 ---> 81 (7)
13 # 84 ---> 70 (7)
14 # 168 ---> 169 (7)
15 # 138 ---> 150 (7)
16 # 145 ---> 159 (7)
17 # 65 ---> 78 (7)
18 # 107 ---> 108 (7)
21 # 86 ---> 99 (7)
22 # 156 ---> 172 (7)
25 # 98 ---> 97 (7)
1 # 72 ---> 71 (8)
3 # 191 ---> 205 (8)
24 # 113 ---> 112 (8)
6 # 189 ---> 175 (8)
7 # 15 ---> 16 (8)
8 # 110 ---> 126 (8)
10 # 81 ---> 69 (8)
13 # 70 ---> 59 (8)
14 # 169 ---> 170 (8)
15 # 150 ---> 165 (8)
16 # 159 ---> 160 (8)
17 # 78 ---> 92 (8)
18 # 108 ---> 94 (8)
21 # 99 ---> 114 (8)
22 # 172 ---> 187 (8)
25 # 97 ---> 96 (8)
1 # 71 ---> 85 (9)
3 # 205 ---> 206 (9)
24 # 112 ---> 111 (9)
4 # 129 ---> 113 (9)
6 # 175 ---> 159 (9)
7 # 16 ---> 17 (9)
8 # 126 ---> 127 (9)
10 # 69 ---> 68 (9)
13 # 59 ---> 60 (9)
14 # 170 ---> 171 (9)
15 # 165 ---> 180 (9)
17 # 92 ---> 105 (9)
18 # 94 ---> 95 (9)
21 # 114 ---> 115 (9)
22 # 187 ---> 188 (9)
1 # 85 ---> 98 (10)
24 # 111 ---> 110 (10)
4 # 113 ---> 112 (10)
6 # 159 ---> 158 (10)
7 # 17 ---> 18 (10)
8 # 127 ---> 128 (10)
10 # 68 ---> 67 (10)
13 # 60 ---> 45 (10)
14 # 171 ---> 155 (10)
15 # 180 ---> 194 (10)
17 # 105 ---> 121 (10)
18 # 95 ---> 81 (10)
21 # 115 ---> 116 (10)
1 # 98 ---> 97 (11)
24 # 110 ---> 109 (11)
4 # 112 ---> 113 (11)
6 # 158 ---> 144 (11)
7 # 18 ---> 3 (11)
8 # 128 ---> 129 (11)
10 # 67 ---> 66 (11)
13 # 45 ---> 46 (11)
14 # 155 ---> 156 (11)
18 # 81 ---> 82 (11)
21 # 116 ---> 132 (11)
1 # 97 ---> 112 (12)
24 # 109 ---> 95 (12)
4 # 113 ---> 98 (12)
6 # 144 ---> 143 (12)
7 # 3 ---> 4 (12)
10 # 66 ---> 79 (12)
13 # 46 ---> 33 (12)
18 # 82 ---> 83 (12)
21 # 132 ---> 145 (12)
1 # 112 ---> 111 (13)
24 # 95 ---> 81 (13)
4 # 98 ---> 85 (13)
6 # 143 ---> 130 (13)
7 # 4 ---> 5 (13)
8 # 129 ---> 113 (13)
10 # 79 ---> 93 (13)
13 # 33 ---> 20 (13)
18 # 83 ---> 84 (13)
1 # 111 ---> 110 (14)
24 # 81 ---> 69 (14)
4 # 85 ---> 71 (14)
6 # 130 ---> 114 (14)
7 # 5 ---> 6 (14)
8 # 113 ---> 98 (14)
10 # 93 ---> 106 (14)
13 # 20 ---> 21 (14)
18 # 84 ---> 70 (14)
1 # 110 ---> 109 (15)
24 # 69 ---> 57 (15)
4 # 71 ---> 72 (15)
6 # 114 ---> 113 (15)
7 # 6 ---> 20 (15)
8 # 98 ---> 99 (15)
10 # 106 ---> 122 (15)
13 # 21 ---> 22 (15)
18 # 70 ---> 59 (15)
1 # 109 ---> 108 (16)
24 # 57 ---> 58 (16)
4 # 72 ---> 61 (16)
6 # 113 ---> 112 (16)
7 # 20 ---> 21 (16)
10 # 122 ---> 138 (16)
13 # 22 ---> 7 (16)
18 # 59 ---> 60 (16)
1 # 108 ---> 107 (17)
4 # 61 ---> 62 (17)
6 # 112 ---> 111 (17)
7 # 21 ---> 22 (17)
10 # 138 ---> 137 (17)
13 # 7 ---> 8 (17)
18 # 60 ---> 45 (17)
1 # 107 ---> 106 (18)
6 # 111 ---> 110 (18)
7 # 22 ---> 23 (18)
10 # 137 ---> 149 (18)
13 # 8 ---> 9 (18)
18 # 45 ---> 46 (18)
1 # 106 ---> 122 (19)
6 # 110 ---> 109 (19)
7 # 23 ---> 24 (19)
10 # 149 ---> 164 (19)
18 # 46 ---> 33 (19)
1 # 122 ---> 138 (20)
6 # 109 ---> 95 (20)
7 # 24 ---> 25 (20)
18 # 33 ---> 20 (20)
1 # 138 ---> 137 (21)
6 # 95 ---> 94 (21)
7 # 25 ---> 10 (21)
18 # 20 ---> 21 (21)
7 # 10 ---> 11 (22)
18 # 21 ---> 22 (22)
18 # 22 ---> 23 (23)
18 # 23 ---> 24 (24)
