Fine solution
Length:43
1 # 47 ---> 53 (0)
2 # 50 ---> 43 (0)
3 # 12 ---> 4 (0)
4 # 54 ---> 48 (0)
8 # 41 ---> 34 (0)
5 # 40 ---> 39 (0)
6 # 55 ---> 49 (0)
7 # 19 ---> 20 (0)
2 # 43 ---> 44 (1)
3 # 4 ---> 5 (1)
4 # 48 ---> 40 (1)
8 # 34 ---> 33 (1)
5 # 39 ---> 38 (1)
7 # 20 ---> 21 (1)
1 # 53 ---> 54 (2)
2 # 44 ---> 36 (2)
3 # 5 ---> 6 (2)
4 # 40 ---> 39 (2)
8 # 33 ---> 32 (2)
6 # 49 ---> 48 (2)
7 # 21 ---> 27 (2)
2 # 36 ---> 29 (3)
3 # 6 ---> 7 (3)
8 # 32 ---> 31 (3)
7 # 27 ---> 35 (3)
2 # 29 ---> 22 (4)
4 # 39 ---> 32 (4)
8 # 31 ---> 30 (4)
6 # 48 ---> 40 (4)
7 # 35 ---> 34 (4)
2 # 22 ---> 23 (5)
4 # 32 ---> 25 (5)
8 # 30 ---> 29 (5)
7 # 34 ---> 41 (5)
2 # 23 ---> 24 (6)
4 # 25 ---> 18 (6)
8 # 29 ---> 36 (6)
2 # 24 ---> 25 (7)
4 # 18 ---> 12 (7)
8 # 36 ---> 44 (7)
4 # 12 ---> 4 (8)
8 # 44 ---> 43 (8)
4 # 4 ---> 5 (9)
