Fine solution
Length:146
1 # 75 ---> 76 (0)
13 # 61 ---> 62 (0)
2 # 163 ---> 162 (0)
3 # 67 ---> 82 (0)
4 # 103 ---> 118 (0)
5 # 91 ---> 106 (0)
9 # 85 ---> 70 (0)
7 # 60 ---> 47 (0)
8 # 151 ---> 137 (0)
15 # 27 ---> 26 (0)
11 # 104 ---> 89 (0)
12 # 84 ---> 98 (0)
16 # 152 ---> 138 (0)
14 # 121 ---> 120 (0)
1 # 76 ---> 77 (1)
13 # 62 ---> 63 (1)
2 # 162 ---> 176 (1)
3 # 82 ---> 81 (1)
4 # 118 ---> 117 (1)
5 # 106 ---> 121 (1)
9 # 70 ---> 71 (1)
7 # 47 ---> 34 (1)
8 # 137 ---> 151 (1)
15 # 26 ---> 25 (1)
10 # 105 ---> 104 (1)
11 # 89 ---> 90 (1)
12 # 98 ---> 113 (1)
16 # 138 ---> 123 (1)
14 # 120 ---> 119 (1)
13 # 63 ---> 64 (2)
3 # 81 ---> 80 (2)
4 # 117 ---> 118 (2)
5 # 121 ---> 136 (2)
9 # 71 ---> 72 (2)
7 # 34 ---> 20 (2)
8 # 151 ---> 152 (2)
15 # 25 ---> 24 (2)
10 # 104 ---> 103 (2)
11 # 90 ---> 75 (2)
12 # 113 ---> 128 (2)
16 # 123 ---> 122 (2)
14 # 119 ---> 134 (2)
1 # 77 ---> 63 (3)
13 # 64 ---> 65 (3)
3 # 80 ---> 79 (3)
4 # 118 ---> 119 (3)
5 # 136 ---> 137 (3)
6 # 167 ---> 166 (3)
9 # 72 ---> 73 (3)
8 # 152 ---> 153 (3)
15 # 24 ---> 23 (3)
10 # 103 ---> 102 (3)
11 # 75 ---> 61 (3)
12 # 128 ---> 144 (3)
16 # 122 ---> 121 (3)
1 # 63 ---> 49 (4)
13 # 65 ---> 66 (4)
3 # 79 ---> 93 (4)
4 # 119 ---> 104 (4)
5 # 137 ---> 138 (4)
6 # 166 ---> 151 (4)
9 # 73 ---> 58 (4)
8 # 153 ---> 139 (4)
15 # 23 ---> 22 (4)
10 # 102 ---> 101 (4)
11 # 61 ---> 62 (4)
12 # 144 ---> 158 (4)
16 # 121 ---> 120 (4)
1 # 49 ---> 50 (5)
13 # 66 ---> 80 (5)
3 # 93 ---> 109 (5)
4 # 104 ---> 105 (5)
6 # 151 ---> 137 (5)
9 # 58 ---> 59 (5)
8 # 139 ---> 140 (5)
15 # 22 ---> 8 (5)
10 # 101 ---> 100 (5)
11 # 62 ---> 63 (5)
12 # 158 ---> 159 (5)
16 # 120 ---> 119 (5)
1 # 50 ---> 37 (6)
13 # 80 ---> 94 (6)
3 # 109 ---> 108 (6)
4 # 105 ---> 120 (6)
6 # 137 ---> 136 (6)
9 # 59 ---> 60 (6)
15 # 8 ---> 7 (6)
10 # 100 ---> 115 (6)
11 # 63 ---> 64 (6)
12 # 159 ---> 160 (6)
16 # 119 ---> 118 (6)
1 # 37 ---> 23 (7)
13 # 94 ---> 95 (7)
3 # 108 ---> 107 (7)
4 # 120 ---> 121 (7)
6 # 136 ---> 135 (7)
9 # 60 ---> 61 (7)
15 # 7 ---> 6 (7)
10 # 115 ---> 130 (7)
11 # 64 ---> 65 (7)
12 # 160 ---> 161 (7)
16 # 118 ---> 117 (7)
1 # 23 ---> 24 (8)
13 # 95 ---> 96 (8)
3 # 107 ---> 122 (8)
4 # 121 ---> 106 (8)
6 # 135 ---> 120 (8)
15 # 6 ---> 5 (8)
10 # 130 ---> 145 (8)
12 # 161 ---> 162 (8)
16 # 117 ---> 116 (8)
1 # 24 ---> 25 (9)
3 # 122 ---> 137 (9)
4 # 106 ---> 107 (9)
6 # 120 ---> 105 (9)
15 # 5 ---> 4 (9)
10 # 145 ---> 160 (9)
12 # 162 ---> 163 (9)
3 # 137 ---> 151 (10)
4 # 107 ---> 122 (10)
6 # 105 ---> 90 (10)
15 # 4 ---> 3 (10)
12 # 163 ---> 177 (10)
3 # 151 ---> 166 (11)
4 # 122 ---> 123 (11)
6 # 90 ---> 75 (11)
9 # 61 ---> 48 (11)
15 # 3 ---> 2 (11)
12 # 177 ---> 192 (11)
3 # 166 ---> 165 (12)
4 # 123 ---> 124 (12)
6 # 75 ---> 61 (12)
15 # 2 ---> 1 (12)
12 # 192 ---> 206 (12)
3 # 165 ---> 180 (13)
4 # 124 ---> 125 (13)
6 # 61 ---> 60 (13)
15 # 1 ---> 16 (13)
12 # 206 ---> 220 (13)
3 # 180 ---> 179 (14)
6 # 60 ---> 47 (14)
9 # 48 ---> 61 (14)
15 # 16 ---> 31 (14)
3 # 179 ---> 193 (15)
6 # 47 ---> 34 (15)
3 # 193 ---> 208 (16)
