Fine solution
Length:48
1 # 34 ---> 42 (0)
2 # 24 ---> 56 (0)
3 # 0 ---> 1 (0)
5 # 32 ---> 33 (0)
4 # 51 ---> 59 (0)
16 # 2 ---> 18 (0)
6 # 45 ---> 37 (0)
7 # 22 ---> 30 (0)
8 # 43 ---> 41 (0)
9 # 3 ---> 11 (0)
10 # 52 ---> 48 (0)
11 # 27 ---> 26 (0)
12 # 20 ---> 28 (0)
13 # 12 ---> 4 (0)
14 # 47 ---> 15 (0)
15 # 57 ---> 25 (0)
1 # 42 ---> 40 (1)
2 # 56 ---> 57 (1)
3 # 1 ---> 9 (1)
5 # 33 ---> 35 (1)
4 # 59 ---> 43 (1)
16 # 18 ---> 16 (1)
6 # 37 ---> 36 (1)
7 # 30 ---> 14 (1)
9 # 11 ---> 27 (1)
10 # 48 ---> 32 (1)
13 # 4 ---> 6 (1)
14 # 15 ---> 7 (1)
15 # 25 ---> 17 (1)
1 # 40 ---> 56 (2)
2 # 57 ---> 59 (2)
3 # 9 ---> 25 (2)
5 # 35 ---> 3 (2)
4 # 43 ---> 11 (2)
16 # 16 ---> 20 (2)
6 # 36 ---> 52 (2)
7 # 14 ---> 12 (2)
8 # 41 ---> 33 (2)
10 # 32 ---> 0 (2)
13 # 6 ---> 38 (2)
14 # 7 ---> 5 (2)
15 # 17 ---> 21 (2)
2 # 59 ---> 63 (3)
5 # 3 ---> 19 (3)
6 # 52 ---> 54 (3)
8 # 33 ---> 32 (3)
10 # 0 ---> 8 (3)
15 # 21 ---> 23 (3)
