Fine solution
Length:239
1 # 237 ---> 173 (0)
2 # 116 ---> 84 (0)
3 # 401 ---> 273 (0)
4 # 262 ---> 258 (0)
5 # 231 ---> 199 (0)
6 # 501 ---> 245 (0)
7 # 467 ---> 403 (0)
8 # 493 ---> 492 (0)
9 # 213 ---> 215 (0)
10 # 461 ---> 397 (0)
11 # 181 ---> 53 (0)
12 # 365 ---> 301 (0)
13 # 130 ---> 194 (0)
14 # 321 ---> 65 (0)
15 # 424 ---> 168 (0)
16 # 415 ---> 159 (0)
17 # 347 ---> 339 (0)
18 # 277 ---> 276 (0)
19 # 495 ---> 239 (0)
20 # 369 ---> 113 (0)
21 # 128 ---> 129 (0)
22 # 175 ---> 47 (0)
23 # 440 ---> 408 (0)
24 # 183 ---> 55 (0)
25 # 157 ---> 29 (0)
26 # 305 ---> 289 (0)
27 # 307 ---> 291 (0)
28 # 504 ---> 505 (0)
29 # 109 ---> 45 (0)
30 # 73 ---> 72 (0)
31 # 470 ---> 342 (0)
32 # 253 ---> 189 (0)
33 # 400 ---> 404 (0)
34 # 66 ---> 64 (0)
35 # 364 ---> 108 (0)
36 # 240 ---> 176 (0)
37 # 442 ---> 186 (0)
38 # 484 ---> 356 (0)
39 # 360 ---> 104 (0)
40 # 89 ---> 25 (0)
41 # 420 ---> 292 (0)
42 # 460 ---> 204 (0)
43 # 177 ---> 185 (0)
44 # 499 ---> 243 (0)
45 # 10 ---> 2 (0)
46 # 196 ---> 68 (0)
47 # 144 ---> 145 (0)
48 # 222 ---> 206 (0)
49 # 150 ---> 22 (0)
50 # 174 ---> 46 (0)
51 # 283 ---> 27 (0)
1 # 173 ---> 141 (1)
2 # 84 ---> 85 (1)
3 # 273 ---> 257 (1)
4 # 258 ---> 259 (1)
5 # 199 ---> 195 (1)
6 # 245 ---> 213 (1)
7 # 403 ---> 401 (1)
8 # 492 ---> 364 (1)
9 # 215 ---> 223 (1)
10 # 397 ---> 389 (1)
11 # 53 ---> 37 (1)
12 # 301 ---> 269 (1)
13 # 194 ---> 192 (1)
14 # 65 ---> 97 (1)
15 # 168 ---> 40 (1)
16 # 159 ---> 143 (1)
17 # 339 ---> 337 (1)
18 # 276 ---> 284 (1)
19 # 239 ---> 231 (1)
20 # 113 ---> 81 (1)
21 # 129 ---> 137 (1)
22 # 47 ---> 43 (1)
23 # 408 ---> 392 (1)
24 # 55 ---> 39 (1)
25 # 29 ---> 21 (1)
26 # 289 ---> 297 (1)
27 # 291 ---> 290 (1)
28 # 505 ---> 441 (1)
29 # 45 ---> 13 (1)
30 # 72 ---> 88 (1)
31 # 342 ---> 278 (1)
32 # 189 ---> 188 (1)
33 # 404 ---> 148 (1)
34 # 64 ---> 0 (1)
35 # 108 ---> 100 (1)
36 # 176 ---> 144 (1)
37 # 186 ---> 58 (1)
38 # 356 ---> 324 (1)
39 # 104 ---> 105 (1)
40 # 25 ---> 17 (1)
41 # 292 ---> 260 (1)
42 # 204 ---> 76 (1)
44 # 243 ---> 211 (1)
45 # 2 ---> 3 (1)
46 # 68 ---> 69 (1)
47 # 145 ---> 149 (1)
48 # 206 ---> 198 (1)
49 # 22 ---> 23 (1)
50 # 46 ---> 44 (1)
51 # 27 ---> 31 (1)
1 # 141 ---> 133 (2)
3 # 257 ---> 256 (2)
4 # 259 ---> 267 (2)
5 # 195 ---> 193 (2)
6 # 213 ---> 209 (2)
7 # 401 ---> 400 (2)
8 # 364 ---> 332 (2)
9 # 223 ---> 479 (2)
10 # 389 ---> 388 (2)
11 # 37 ---> 5 (2)
12 # 269 ---> 265 (2)
14 # 97 ---> 225 (2)
15 # 40 ---> 32 (2)
16 # 143 ---> 139 (2)
17 # 337 ---> 336 (2)
18 # 284 ---> 286 (2)
19 # 231 ---> 230 (2)
20 # 81 ---> 80 (2)
21 # 137 ---> 153 (2)
22 # 43 ---> 59 (2)
23 # 392 ---> 384 (2)
24 # 39 ---> 35 (2)
25 # 21 ---> 20 (2)
26 # 297 ---> 425 (2)
27 # 290 ---> 298 (2)
28 # 441 ---> 445 (2)
29 # 13 ---> 9 (2)
30 # 88 ---> 344 (2)
31 # 278 ---> 262 (2)
32 # 188 ---> 444 (2)
33 # 148 ---> 156 (2)
34 # 0 ---> 16 (2)
35 # 100 ---> 36 (2)
36 # 144 ---> 145 (2)
37 # 58 ---> 42 (2)
38 # 324 ---> 325 (2)
39 # 105 ---> 107 (2)
40 # 17 ---> 19 (2)
41 # 260 ---> 261 (2)
42 # 76 ---> 72 (2)
43 # 185 ---> 189 (2)
44 # 211 ---> 210 (2)
45 # 3 ---> 67 (2)
46 # 69 ---> 71 (2)
47 # 149 ---> 181 (2)
48 # 198 ---> 196 (2)
49 # 23 ---> 87 (2)
50 # 44 ---> 45 (2)
51 # 31 ---> 63 (2)
1 # 133 ---> 129 (3)
3 # 256 ---> 260 (3)
4 # 267 ---> 283 (3)
5 # 193 ---> 201 (3)
6 # 209 ---> 211 (3)
10 # 388 ---> 390 (3)
11 # 5 ---> 1 (3)
12 # 265 ---> 257 (3)
14 # 225 ---> 233 (3)
15 # 32 ---> 96 (3)
16 # 139 ---> 137 (3)
17 # 336 ---> 340 (3)
18 # 286 ---> 350 (3)
19 # 230 ---> 246 (3)
20 # 80 ---> 82 (3)
21 # 153 ---> 185 (3)
22 # 59 ---> 58 (3)
23 # 384 ---> 385 (3)
24 # 35 ---> 33 (3)
25 # 20 ---> 22 (3)
27 # 298 ---> 426 (3)
29 # 9 ---> 25 (3)
31 # 262 ---> 258 (3)
32 # 444 ---> 412 (3)
33 # 156 ---> 188 (3)
34 # 16 ---> 144 (3)
35 # 36 ---> 37 (3)
36 # 145 ---> 147 (3)
37 # 42 ---> 34 (3)
38 # 325 ---> 327 (3)
39 # 107 ---> 123 (3)
40 # 19 ---> 23 (3)
41 # 261 ---> 277 (3)
42 # 72 ---> 104 (3)
43 # 189 ---> 157 (3)
44 # 210 ---> 214 (3)
45 # 67 ---> 195 (3)
46 # 71 ---> 79 (3)
47 # 181 ---> 245 (3)
48 # 196 ---> 197 (3)
49 # 87 ---> 343 (3)
1 # 129 ---> 131 (4)
3 # 260 ---> 262 (4)
4 # 283 ---> 347 (4)
6 # 211 ---> 219 (4)
10 # 390 ---> 386 (4)
11 # 1 ---> 0 (4)
12 # 257 ---> 259 (4)
15 # 96 ---> 100 (4)
16 # 137 ---> 136 (4)
17 # 340 ---> 468 (4)
20 # 82 ---> 90 (4)
21 # 185 ---> 57 (4)
22 # 58 ---> 122 (4)
23 # 385 ---> 387 (4)
24 # 33 ---> 97 (4)
25 # 22 ---> 18 (4)
29 # 25 ---> 153 (4)
31 # 258 ---> 256 (4)
35 # 37 ---> 53 (4)
36 # 147 ---> 155 (4)
37 # 34 ---> 32 (4)
38 # 327 ---> 335 (4)
39 # 123 ---> 127 (4)
40 # 23 ---> 151 (4)
44 # 214 ---> 222 (4)
45 # 195 ---> 451 (4)
46 # 79 ---> 111 (4)
47 # 245 ---> 501 (4)
48 # 197 ---> 229 (4)
1 # 131 ---> 147 (5)
3 # 262 ---> 270 (5)
4 # 347 ---> 475 (5)
10 # 386 ---> 402 (5)
12 # 259 ---> 258 (5)
15 # 100 ---> 101 (5)
20 # 90 ---> 218 (5)
21 # 57 ---> 313 (5)
23 # 387 ---> 391 (5)
24 # 97 ---> 353 (5)
25 # 18 ---> 274 (5)
31 # 256 ---> 288 (5)
35 # 53 ---> 181 (5)
36 # 155 ---> 159 (5)
37 # 32 ---> 36 (5)
46 # 111 ---> 367 (5)
3 # 270 ---> 334 (6)
11 # 0 ---> 256 (6)
12 # 258 ---> 386 (6)
