Fine solution
Length:56
1 # 20 ---> 21 (0)
4 # 28 ---> 24 (0)
2 # 5 ---> 7 (0)
3 # 58 ---> 26 (0)
16 # 8 ---> 40 (0)
6 # 36 ---> 37 (0)
7 # 33 ---> 41 (0)
8 # 43 ---> 11 (0)
9 # 25 ---> 9 (0)
10 # 0 ---> 4 (0)
11 # 60 ---> 44 (0)
12 # 51 ---> 49 (0)
13 # 38 ---> 34 (0)
14 # 17 ---> 19 (0)
15 # 3 ---> 1 (0)
1 # 21 ---> 23 (1)
4 # 24 ---> 16 (1)
2 # 7 ---> 15 (1)
3 # 26 ---> 10 (1)
16 # 40 ---> 56 (1)
5 # 35 ---> 33 (1)
6 # 37 ---> 39 (1)
7 # 41 ---> 43 (1)
8 # 11 ---> 3 (1)
9 # 9 ---> 13 (1)
10 # 4 ---> 36 (1)
11 # 44 ---> 12 (1)
12 # 49 ---> 57 (1)
13 # 34 ---> 42 (1)
14 # 19 ---> 18 (1)
15 # 1 ---> 5 (1)
2 # 15 ---> 7 (2)
3 # 10 ---> 8 (2)
5 # 33 ---> 37 (2)
6 # 39 ---> 47 (2)
7 # 43 ---> 11 (2)
8 # 3 ---> 1 (2)
11 # 12 ---> 4 (2)
14 # 18 ---> 2 (2)
15 # 5 ---> 21 (2)
2 # 7 ---> 3 (3)
3 # 8 ---> 9 (3)
5 # 37 ---> 45 (3)
6 # 47 ---> 63 (3)
8 # 1 ---> 0 (3)
11 # 4 ---> 5 (3)
14 # 2 ---> 6 (3)
15 # 21 ---> 53 (3)
2 # 3 ---> 1 (4)
3 # 9 ---> 8 (4)
5 # 45 ---> 61 (4)
8 # 0 ---> 4 (4)
14 # 6 ---> 38 (4)
2 # 1 ---> 9 (5)
3 # 8 ---> 0 (5)
8 # 4 ---> 20 (5)
