Fine solution
Length:286
1 # 32 ---> 36 (0)
2 # 375 ---> 119 (0)
3 # 401 ---> 400 (0)
4 # 376 ---> 120 (0)
5 # 148 ---> 20 (0)
6 # 346 ---> 378 (0)
7 # 285 ---> 277 (0)
8 # 262 ---> 263 (0)
9 # 393 ---> 265 (0)
10 # 174 ---> 46 (0)
11 # 246 ---> 242 (0)
12 # 152 ---> 24 (0)
13 # 187 ---> 59 (0)
14 # 454 ---> 462 (0)
15 # 273 ---> 257 (0)
16 # 474 ---> 218 (0)
17 # 432 ---> 304 (0)
18 # 144 ---> 145 (0)
19 # 338 ---> 322 (0)
20 # 81 ---> 65 (0)
21 # 287 ---> 271 (0)
22 # 478 ---> 350 (0)
23 # 157 ---> 149 (0)
24 # 5 ---> 4 (0)
25 # 465 ---> 209 (0)
26 # 153 ---> 217 (0)
27 # 267 ---> 259 (0)
28 # 268 ---> 332 (0)
29 # 418 ---> 290 (0)
30 # 437 ---> 433 (0)
31 # 44 ---> 108 (0)
32 # 17 ---> 21 (0)
33 # 6 ---> 2 (0)
34 # 134 ---> 130 (0)
35 # 476 ---> 220 (0)
36 # 19 ---> 18 (0)
37 # 141 ---> 133 (0)
38 # 45 ---> 13 (0)
39 # 361 ---> 105 (0)
40 # 12 ---> 28 (0)
41 # 367 ---> 335 (0)
42 # 9 ---> 11 (0)
43 # 118 ---> 54 (0)
44 # 373 ---> 341 (0)
45 # 261 ---> 269 (0)
46 # 270 ---> 14 (0)
47 # 308 ---> 276 (0)
48 # 324 ---> 260 (0)
49 # 48 ---> 16 (0)
50 # 137 ---> 129 (0)
51 # 214 ---> 198 (0)
52 # 231 ---> 167 (0)
53 # 40 ---> 42 (0)
54 # 382 ---> 366 (0)
55 # 37 ---> 33 (0)
56 # 510 ---> 254 (0)
57 # 112 ---> 80 (0)
58 # 458 ---> 202 (0)
59 # 484 ---> 228 (0)
60 # 155 ---> 27 (0)
61 # 503 ---> 439 (0)
62 # 199 ---> 195 (0)
63 # 413 ---> 405 (0)
64 # 96 ---> 100 (0)
1 # 36 ---> 37 (1)
2 # 119 ---> 87 (1)
3 # 400 ---> 464 (1)
4 # 120 ---> 104 (1)
5 # 20 ---> 84 (1)
6 # 378 ---> 506 (1)
7 # 277 ---> 273 (1)
8 # 263 ---> 261 (1)
9 # 265 ---> 264 (1)
10 # 46 ---> 110 (1)
11 # 242 ---> 226 (1)
12 # 24 ---> 88 (1)
13 # 59 ---> 57 (1)
14 # 462 ---> 334 (1)
15 # 257 ---> 256 (1)
16 # 218 ---> 154 (1)
17 # 304 ---> 305 (1)
18 # 145 ---> 153 (1)
19 # 322 ---> 326 (1)
20 # 65 ---> 64 (1)
21 # 271 ---> 15 (1)
22 # 350 ---> 286 (1)
23 # 149 ---> 148 (1)
24 # 4 ---> 12 (1)
25 # 209 ---> 208 (1)
26 # 217 ---> 201 (1)
28 # 332 ---> 76 (1)
29 # 290 ---> 288 (1)
30 # 433 ---> 497 (1)
31 # 108 ---> 109 (1)
32 # 21 ---> 29 (1)
33 # 2 ---> 3 (1)
34 # 130 ---> 128 (1)
35 # 220 ---> 92 (1)
36 # 18 ---> 50 (1)
37 # 133 ---> 197 (1)
38 # 13 ---> 5 (1)
39 # 105 ---> 107 (1)
40 # 28 ---> 60 (1)
41 # 335 ---> 327 (1)
42 # 11 ---> 75 (1)
43 # 54 ---> 22 (1)
44 # 341 ---> 325 (1)
45 # 269 ---> 285 (1)
46 # 14 ---> 6 (1)
47 # 276 ---> 340 (1)
48 # 260 ---> 262 (1)
49 # 16 ---> 0 (1)
50 # 129 ---> 131 (1)
51 # 198 ---> 230 (1)
52 # 167 ---> 175 (1)
53 # 42 ---> 298 (1)
54 # 366 ---> 362 (1)
55 # 33 ---> 35 (1)
56 # 254 ---> 126 (1)
57 # 80 ---> 82 (1)
58 # 202 ---> 74 (1)
59 # 228 ---> 164 (1)
60 # 27 ---> 31 (1)
61 # 439 ---> 311 (1)
62 # 195 ---> 193 (1)
63 # 405 ---> 401 (1)
64 # 100 ---> 116 (1)
1 # 37 ---> 45 (2)
2 # 87 ---> 71 (2)
3 # 464 ---> 336 (2)
4 # 104 ---> 40 (2)
5 # 84 ---> 80 (2)
7 # 273 ---> 272 (2)
9 # 264 ---> 268 (2)
10 # 110 ---> 366 (2)
11 # 226 ---> 194 (2)
12 # 88 ---> 72 (2)
13 # 57 ---> 56 (2)
14 # 334 ---> 350 (2)
15 # 256 ---> 320 (2)
16 # 154 ---> 186 (2)
17 # 305 ---> 289 (2)
18 # 153 ---> 25 (2)
20 # 64 ---> 68 (2)
21 # 15 ---> 47 (2)
22 # 286 ---> 278 (2)
23 # 148 ---> 150 (2)
24 # 12 ---> 28 (2)
25 # 208 ---> 210 (2)
26 # 201 ---> 203 (2)
27 # 259 ---> 263 (2)
28 # 76 ---> 77 (2)
29 # 288 ---> 304 (2)
31 # 109 ---> 105 (2)
32 # 29 ---> 93 (2)
33 # 3 ---> 11 (2)
34 # 128 ---> 129 (2)
35 # 92 ---> 124 (2)
36 # 50 ---> 54 (2)
38 # 5 ---> 21 (2)
39 # 107 ---> 111 (2)
40 # 60 ---> 52 (2)
41 # 327 ---> 343 (2)
42 # 75 ---> 91 (2)
43 # 22 ---> 23 (2)
44 # 325 ---> 321 (2)
45 # 285 ---> 281 (2)
46 # 6 ---> 4 (2)
47 # 340 ---> 324 (2)
48 # 262 ---> 270 (2)
49 # 0 ---> 1 (2)
50 # 131 ---> 135 (2)
52 # 175 ---> 191 (2)
53 # 298 ---> 266 (2)
54 # 362 ---> 360 (2)
55 # 35 ---> 43 (2)
56 # 126 ---> 94 (2)
57 # 82 ---> 86 (2)
58 # 74 ---> 10 (2)
59 # 164 ---> 132 (2)
60 # 31 ---> 287 (2)
61 # 311 ---> 319 (2)
62 # 193 ---> 192 (2)
63 # 401 ---> 403 (2)
64 # 116 ---> 244 (2)
1 # 45 ---> 13 (3)
2 # 71 ---> 67 (3)
4 # 40 ---> 32 (3)
5 # 80 ---> 88 (3)
7 # 272 ---> 400 (3)
8 # 261 ---> 5 (3)
9 # 268 ---> 260 (3)
11 # 194 ---> 195 (3)
12 # 72 ---> 64 (3)
13 # 56 ---> 312 (3)
15 # 320 ---> 352 (3)
17 # 289 ---> 297 (3)
18 # 25 ---> 57 (3)
20 # 68 ---> 70 (3)
21 # 47 ---> 39 (3)
22 # 278 ---> 276 (3)
23 # 150 ---> 22 (3)
24 # 28 ---> 92 (3)
26 # 203 ---> 207 (3)
28 # 77 ---> 79 (3)
29 # 304 ---> 368 (3)
31 # 105 ---> 107 (3)
32 # 93 ---> 349 (3)
33 # 11 ---> 27 (3)
34 # 129 ---> 161 (3)
35 # 124 ---> 60 (3)
36 # 54 ---> 182 (3)
38 # 21 ---> 149 (3)
39 # 111 ---> 127 (3)
40 # 52 ---> 48 (3)
41 # 343 ---> 339 (3)
42 # 91 ---> 75 (3)
44 # 321 ---> 323 (3)
45 # 281 ---> 283 (3)
46 # 4 ---> 20 (3)
47 # 324 ---> 452 (3)
49 # 1 ---> 257 (3)
50 # 135 ---> 151 (3)
53 # 266 ---> 330 (3)
54 # 360 ---> 361 (3)
56 # 94 ---> 78 (3)
57 # 86 ---> 342 (3)
58 # 10 ---> 8 (3)
62 # 192 ---> 224 (3)
63 # 403 ---> 275 (3)
1 # 13 ---> 77 (4)
4 # 32 ---> 33 (4)
8 # 5 ---> 69 (4)
9 # 260 ---> 292 (4)
11 # 195 ---> 193 (4)
12 # 64 ---> 68 (4)
18 # 57 ---> 41 (4)
20 # 70 ---> 6 (4)
21 # 39 ---> 37 (4)
22 # 276 ---> 277 (4)
23 # 22 ---> 278 (4)
24 # 92 ---> 348 (4)
27 # 263 ---> 7 (4)
31 # 107 ---> 363 (4)
33 # 27 ---> 91 (4)
34 # 161 ---> 225 (4)
35 # 60 ---> 44 (4)
39 # 127 ---> 255 (4)
40 # 48 ---> 49 (4)
41 # 339 ---> 338 (4)
42 # 75 ---> 74 (4)
44 # 323 ---> 451 (4)
45 # 283 ---> 411 (4)
46 # 20 ---> 84 (4)
50 # 151 ---> 183 (4)
54 # 361 ---> 489 (4)
56 # 78 ---> 76 (4)
58 # 8 ---> 9 (4)
62 # 224 ---> 480 (4)
63 # 275 ---> 274 (4)
4 # 33 ---> 35 (5)
5 # 88 ---> 92 (5)
9 # 292 ---> 356 (5)
11 # 193 ---> 201 (5)
12 # 68 ---> 324 (5)
18 # 41 ---> 105 (5)
20 # 6 ---> 38 (5)
21 # 37 ---> 36 (5)
28 # 79 ---> 78 (5)
33 # 91 ---> 219 (5)
35 # 44 ---> 45 (5)
38 # 149 ---> 151 (5)
40 # 49 ---> 177 (5)
42 # 74 ---> 66 (5)
45 # 411 ---> 155 (5)
50 # 183 ---> 247 (5)
58 # 9 ---> 13 (5)
4 # 35 ---> 163 (6)
8 # 69 ---> 68 (6)
20 # 38 ---> 294 (6)
21 # 36 ---> 32 (6)
33 # 219 ---> 475 (6)
35 # 45 ---> 37 (6)
21 # 32 ---> 96 (7)
35 # 37 ---> 39 (7)
21 # 96 ---> 224 (8)
