Solution makespan:13
Timestep 0:
	0 # 31
	1 # 7
	2 # 44
	3 # 2
	4 # 52
	5 # 58
	6 # 40
	7 # 42
Timestep 1:
	0 # 32
	1 # 15
	2 # 45
	3 # 9
	4 # 53
	5 # 50
	6 # 34
	7 # 43
Timestep 2:
	0 # 24
	1 # 16
	2 # 46
	3 # 17
	4 # 54
	5 # 51
	6 # 33
	7 # 43
Timestep 3:
	0 # 25
	1 # 23
	2 # 47
	3 # 18
	4 # 46
	5 # 50
	6 # 32
	7 # 51
Timestep 4:
	0 # 18
	1 # 23
	2 # 48
	3 # 17
	4 # 39
	5 # 49
	6 # 31
	7 # 43
Timestep 5:
	0 # 10
	1 # 16
	2 # 49
	3 # 9
	4 # 32
	5 # 57
	6 # 38
	7 # 42
Timestep 6:
	0 # 3
	1 # 8
	2 # 41
	3 # 9
	4 # 33
	5 # 57
	6 # 37
	7 # 36
Timestep 7:
	0 # 2
	1 # 1
	2 # 42
	3 # 10
	4 # 25
	5 # 49
	6 # 30
	7 # 28
Timestep 8:
	0 # 3
	1 # 8
	2 # 36
	3 # 11
	4 # 26
	5 # 41
	6 # 22
	7 # 28
Timestep 9:
	0 # 10
	1 # 9
	2 # 42
	3 # 19
	4 # 27
	5 # 49
	6 # 15
	7 # 36
Timestep 10:
	0 # 10
	1 # 17
	2 # 42
	3 # 20
	4 # 28
	5 # 48
	6 # 22
	7 # 36
Timestep 11:
	0 # 18
	1 # 24
	2 # 36
	3 # 27
	4 # 29
	5 # 47
	6 # 30
	7 # 28
Timestep 12:
	0 # 25
	1 # 23
	2 # 42
	3 # 35
	4 # 21
	5 # 46
	6 # 37
	7 # 29
Timestep 13:
	0 # 18
	1 # 16
	2 # 50
	3 # 36
	4 # 14
	5 # 54
	6 # 44
	7 # 21

