Solution makespan:12
Timestep 0:
	0 # 38
	1 # 41
	2 # 30
	3 # 28
	4 # 15
	5 # 56
	6 # 14
	7 # 49
	8 # 20
	9 # 36
	10 # 6
	11 # 4
	12 # 42
	13 # 55
	14 # 3
	15 # 48
	16 # 46
	17 # 26
	18 # 35
	19 # 33
	20 # 50
	21 # 22
	22 # 7
	23 # 27
Timestep 1:
	0 # 37
	1 # 34
	2 # 31
	3 # 29
	4 # 16
	5 # 48
	6 # 15
	7 # 50
	8 # 21
	9 # 35
	10 # 7
	11 # 5
	12 # 42
	13 # 56
	14 # 4
	15 # 41
	16 # 39
	17 # 20
	18 # 43
	19 # 40
	20 # 51
	21 # 22
	22 # 8
	23 # 27
Timestep 2:
	0 # 45
	1 # 33
	2 # 23
	3 # 30
	4 # 17
	5 # 41
	6 # 16
	7 # 43
	8 # 13
	9 # 29
	10 # 8
	11 # 4
	12 # 42
	13 # 48
	14 # 12
	15 # 40
	16 # 38
	17 # 19
	18 # 44
	19 # 47
	20 # 52
	21 # 14
	22 # 0
	23 # 27
Timestep 3:
	0 # 44
	1 # 26
	2 # 23
	3 # 31
	4 # 18
	5 # 41
	6 # 17
	7 # 35
	8 # 13
	9 # 28
	10 # 8
	11 # 5
	12 # 49
	13 # 56
	14 # 20
	15 # 39
	16 # 37
	17 # 11
	18 # 43
	19 # 47
	20 # 52
	21 # 15
	22 # 0
	23 # 27
Timestep 4:
	0 # 43
	1 # 25
	2 # 23
	3 # 32
	4 # 19
	5 # 34
	6 # 18
	7 # 36
	8 # 13
	9 # 22
	10 # 9
	11 # 5
	12 # 50
	13 # 55
	14 # 26
	15 # 46
	16 # 45
	17 # 3
	18 # 35
	19 # 40
	20 # 51
	21 # 7
	22 # 8
	23 # 21
Timestep 5:
	0 # 42
	1 # 24
	2 # 17
	3 # 38
	4 # 20
	5 # 27
	6 # 19
	7 # 37
	8 # 5
	9 # 14
	10 # 10
	11 # 4
	12 # 43
	13 # 47
	14 # 25
	15 # 54
	16 # 44
	17 # 2
	18 # 36
	19 # 39
	20 # 51
	21 # 8
	22 # 16
	23 # 13
Timestep 6:
	0 # 42
	1 # 32
	2 # 18
	3 # 39
	4 # 26
	5 # 21
	6 # 20
	7 # 31
	8 # 13
	9 # 15
	10 # 11
	11 # 4
	12 # 35
	13 # 47
	14 # 24
	15 # 53
	16 # 43
	17 # 10
	18 # 37
	19 # 46
	20 # 44
	21 # 8
	22 # 16
	23 # 12
Timestep 7:
	0 # 49
	1 # 31
	2 # 10
	3 # 40
	4 # 26
	5 # 13
	6 # 21
	7 # 23
	8 # 12
	9 # 7
	10 # 19
	11 # 3
	12 # 29
	13 # 46
	14 # 32
	15 # 52
	16 # 35
	17 # 9
	18 # 38
	19 # 39
	20 # 36
	21 # 0
	22 # 17
	23 # 11
Timestep 8:
	0 # 50
	1 # 30
	2 # 18
	3 # 40
	4 # 33
	5 # 21
	6 # 27
	7 # 24
	8 # 12
	9 # 8
	10 # 20
	11 # 11
	12 # 28
	13 # 39
	14 # 31
	15 # 51
	16 # 29
	17 # 9
	18 # 32
	19 # 38
	20 # 35
	21 # 1
	22 # 23
	23 # 10
Timestep 9:
	0 # 51
	1 # 36
	2 # 19
	3 # 47
	4 # 40
	5 # 21
	6 # 34
	7 # 25
	8 # 11
	9 # 0
	10 # 12
	11 # 10
	12 # 22
	13 # 38
	14 # 30
	15 # 44
	16 # 28
	17 # 17
	18 # 24
	19 # 32
	20 # 29
	21 # 2
	22 # 31
	23 # 9
Timestep 10:
	0 # 52
	1 # 36
	2 # 11
	3 # 55
	4 # 47
	5 # 13
	6 # 41
	7 # 19
	8 # 10
	9 # 1
	10 # 20
	11 # 9
	12 # 14
	13 # 32
	14 # 29
	15 # 43
	16 # 22
	17 # 23
	18 # 18
	19 # 24
	20 # 28
	21 # 3
	22 # 37
	23 # 8
Timestep 11:
	0 # 52
	1 # 44
	2 # 12
	3 # 47
	4 # 46
	5 # 21
	6 # 48
	7 # 11
	8 # 9
	9 # 1
	10 # 26
	11 # 8
	12 # 15
	13 # 24
	14 # 28
	15 # 43
	16 # 14
	17 # 23
	18 # 10
	19 # 18
	20 # 22
	21 # 4
	22 # 45
	23 # 7
Timestep 12:
	0 # 53
	1 # 44
	2 # 12
	3 # 46
	4 # 39
	5 # 20
	6 # 47
	7 # 3
	8 # 9
	9 # 2
	10 # 25
	11 # 16
	12 # 7
	13 # 18
	14 # 28
	15 # 35
	16 # 14
	17 # 31
	18 # 11
	19 # 19
	20 # 22
	21 # 5
	22 # 37
	23 # 6

