Solution makespan:9
Timestep 0:
	0 # 45
	1 # 29
	2 # 11
	3 # 14
	4 # 51
	5 # 4
	6 # 2
	7 # 49
Timestep 1:
	0 # 52
	1 # 28
	2 # 12
	3 # 13
	4 # 44
	5 # 4
	6 # 3
	7 # 49
Timestep 2:
	0 # 45
	1 # 36
	2 # 18
	3 # 14
	4 # 43
	5 # 4
	6 # 3
	7 # 42
Timestep 3:
	0 # 37
	1 # 35
	2 # 26
	3 # 20
	4 # 42
	5 # 5
	6 # 11
	7 # 34
Timestep 4:
	0 # 36
	1 # 27
	2 # 25
	3 # 28
	4 # 34
	5 # 6
	6 # 12
	7 # 26
Timestep 5:
	0 # 36
	1 # 27
	2 # 24
	3 # 28
	4 # 26
	5 # 14
	6 # 13
	7 # 18
Timestep 6:
	0 # 36
	1 # 26
	2 # 32
	3 # 27
	4 # 18
	5 # 20
	6 # 19
	7 # 12
Timestep 7:
	0 # 37
	1 # 25
	2 # 31
	3 # 26
	4 # 12
	5 # 28
	6 # 27
	7 # 11
Timestep 8:
	0 # 36
	1 # 33
	2 # 39
	3 # 18
	4 # 11
	5 # 27
	6 # 35
	7 # 10
Timestep 9:
	0 # 28
	1 # 33
	2 # 38
	3 # 17
	4 # 3
	5 # 26
	6 # 36
	7 # 9

