Solution makespan:11
Timestep 0:
	0 # 19
	1 # 32
	2 # 16
	3 # 51
	4 # 49
	5 # 39
	6 # 9
	7 # 37
	8 # 28
	9 # 34
	10 # 35
	11 # 41
Timestep 1:
	0 # 19
	1 # 39
	2 # 23
	3 # 50
	4 # 57
	5 # 40
	6 # 9
	7 # 43
	8 # 27
	9 # 34
	10 # 36
	11 # 41
Timestep 2:
	0 # 20
	1 # 39
	2 # 31
	3 # 49
	4 # 56
	5 # 40
	6 # 10
	7 # 51
	8 # 19
	9 # 33
	10 # 37
	11 # 34
Timestep 3:
	0 # 28
	1 # 32
	2 # 38
	3 # 48
	4 # 55
	5 # 33
	6 # 10
	7 # 50
	8 # 19
	9 # 25
	10 # 36
	11 # 41
Timestep 4:
	0 # 36
	1 # 33
	2 # 39
	3 # 41
	4 # 54
	5 # 25
	6 # 3
	7 # 49
	8 # 12
	9 # 24
	10 # 35
	11 # 40
Timestep 5:
	0 # 35
	1 # 25
	2 # 40
	3 # 34
	4 # 46
	5 # 17
	6 # 2
	7 # 48
	8 # 13
	9 # 23
	10 # 27
	11 # 33
Timestep 6:
	0 # 35
	1 # 17
	2 # 41
	3 # 33
	4 # 45
	5 # 10
	6 # 1
	7 # 47
	8 # 14
	9 # 16
	10 # 19
	11 # 32
Timestep 7:
	0 # 42
	1 # 17
	2 # 41
	3 # 32
	4 # 45
	5 # 3
	6 # 1
	7 # 46
	8 # 21
	9 # 23
	10 # 27
	11 # 39
Timestep 8:
	0 # 41
	1 # 10
	2 # 48
	3 # 31
	4 # 38
	5 # 4
	6 # 2
	7 # 54
	8 # 14
	9 # 24
	10 # 35
	11 # 40
Timestep 9:
	0 # 34
	1 # 9
	2 # 41
	3 # 23
	4 # 39
	5 # 5
	6 # 3
	7 # 54
	8 # 21
	9 # 32
	10 # 42
	11 # 47
Timestep 10:
	0 # 33
	1 # 2
	2 # 42
	3 # 16
	4 # 40
	5 # 6
	6 # 10
	7 # 46
	8 # 21
	9 # 31
	10 # 49
	11 # 48
Timestep 11:
	0 # 40
	1 # 9
	2 # 35
	3 # 15
	4 # 41
	5 # 13
	6 # 10
	7 # 54
	8 # 29
	9 # 31
	10 # 50
	11 # 47

