Solution makespan:14
Timestep 0:
	0 # 18
	1 # 39
	2 # 45
	3 # 6
	4 # 38
	5 # 0
	6 # 5
	7 # 52
	8 # 1
	9 # 11
	10 # 37
	11 # 44
	12 # 28
	13 # 21
	14 # 12
	15 # 30
Timestep 1:
	0 # 26
	1 # 31
	2 # 45
	3 # 5
	4 # 46
	5 # 0
	6 # 13
	7 # 59
	8 # 2
	9 # 11
	10 # 36
	11 # 51
	12 # 29
	13 # 21
	14 # 12
	15 # 30
Timestep 2:
	0 # 34
	1 # 23
	2 # 52
	3 # 4
	4 # 47
	5 # 8
	6 # 12
	7 # 58
	8 # 2
	9 # 10
	10 # 44
	11 # 51
	12 # 37
	13 # 20
	14 # 19
	15 # 22
Timestep 3:
	0 # 42
	1 # 23
	2 # 59
	3 # 12
	4 # 48
	5 # 9
	6 # 11
	7 # 51
	8 # 3
	9 # 10
	10 # 45
	11 # 44
	12 # 36
	13 # 28
	14 # 27
	15 # 15
Timestep 4:
	0 # 50
	1 # 24
	2 # 58
	3 # 19
	4 # 49
	5 # 16
	6 # 12
	7 # 44
	8 # 4
	9 # 2
	10 # 45
	11 # 36
	12 # 28
	13 # 29
	14 # 35
	15 # 22
Timestep 5:
	0 # 42
	1 # 25
	2 # 51
	3 # 27
	4 # 49
	5 # 24
	6 # 11
	7 # 44
	8 # 12
	9 # 3
	10 # 37
	11 # 28
	12 # 20
	13 # 21
	14 # 43
	15 # 22
Timestep 6:
	0 # 50
	1 # 26
	2 # 44
	3 # 35
	4 # 41
	5 # 25
	6 # 3
	7 # 36
	8 # 11
	9 # 4
	10 # 45
	11 # 29
	12 # 13
	13 # 20
	14 # 43
	15 # 23
Timestep 7:
	0 # 49
	1 # 27
	2 # 36
	3 # 34
	4 # 33
	5 # 26
	6 # 2
	7 # 28
	8 # 12
	9 # 4
	10 # 44
	11 # 37
	12 # 13
	13 # 19
	14 # 35
	15 # 23
Timestep 8:
	0 # 49
	1 # 28
	2 # 35
	3 # 33
	4 # 32
	5 # 34
	6 # 10
	7 # 20
	8 # 19
	9 # 3
	10 # 36
	11 # 45
	12 # 5
	13 # 18
	14 # 43
	15 # 23
Timestep 9:
	0 # 48
	1 # 20
	2 # 34
	3 # 41
	4 # 33
	5 # 42
	6 # 17
	7 # 13
	8 # 18
	9 # 4
	10 # 28
	11 # 52
	12 # 6
	13 # 11
	14 # 35
	15 # 24
Timestep 10:
	0 # 47
	1 # 13
	2 # 34
	3 # 40
	4 # 41
	5 # 43
	6 # 25
	7 # 5
	8 # 26
	9 # 12
	10 # 36
	11 # 45
	12 # 6
	13 # 10
	14 # 27
	15 # 32
Timestep 11:
	0 # 48
	1 # 14
	2 # 33
	3 # 39
	4 # 42
	5 # 44
	6 # 25
	7 # 4
	8 # 34
	9 # 13
	10 # 36
	11 # 37
	12 # 5
	13 # 9
	14 # 19
	15 # 40
Timestep 12:
	0 # 47
	1 # 6
	2 # 32
	3 # 38
	4 # 43
	5 # 51
	6 # 24
	7 # 3
	8 # 42
	9 # 5
	10 # 44
	11 # 29
	12 # 4
	13 # 9
	14 # 18
	15 # 41
Timestep 13:
	0 # 47
	1 # 14
	2 # 31
	3 # 46
	4 # 43
	5 # 51
	6 # 32
	7 # 11
	8 # 50
	9 # 13
	10 # 45
	11 # 21
	12 # 12
	13 # 8
	14 # 17
	15 # 42
Timestep 14:
	0 # 48
	1 # 13
	2 # 39
	3 # 53
	4 # 44
	5 # 51
	6 # 40
	7 # 10
	8 # 49
	9 # 12
	10 # 52
	11 # 29
	12 # 4
	13 # 8
	14 # 16
	15 # 43

