Solution makespan:8
Timestep 0:
	0 # 33
	1 # 38
	2 # 4
	3 # 27
	4 # 44
	5 # 49
	6 # 54
	7 # 23
	8 # 30
	9 # 34
	10 # 0
	11 # 28
	12 # 48
	13 # 43
	14 # 47
	15 # 53
	16 # 22
	17 # 11
	18 # 39
	19 # 57
	20 # 32
	21 # 37
	22 # 35
	23 # 25
Timestep 1:
	0 # 32
	1 # 45
	2 # 5
	3 # 19
	4 # 43
	5 # 50
	6 # 47
	7 # 24
	8 # 30
	9 # 26
	10 # 8
	11 # 27
	12 # 55
	13 # 42
	14 # 41
	15 # 54
	16 # 22
	17 # 3
	18 # 39
	19 # 56
	20 # 31
	21 # 44
	22 # 36
	23 # 33
Timestep 2:
	0 # 31
	1 # 45
	2 # 5
	3 # 19
	4 # 42
	5 # 57
	6 # 41
	7 # 25
	8 # 37
	9 # 18
	10 # 8
	11 # 26
	12 # 48
	13 # 36
	14 # 35
	15 # 47
	16 # 30
	17 # 2
	18 # 32
	19 # 49
	20 # 23
	21 # 50
	22 # 28
	23 # 34
Timestep 3:
	0 # 23
	1 # 46
	2 # 4
	3 # 12
	4 # 36
	5 # 56
	6 # 35
	7 # 17
	8 # 44
	9 # 18
	10 # 9
	11 # 25
	12 # 42
	13 # 28
	14 # 34
	15 # 41
	16 # 37
	17 # 1
	18 # 33
	19 # 43
	20 # 24
	21 # 57
	22 # 29
	23 # 40
Timestep 4:
	0 # 31
	1 # 46
	2 # 4
	3 # 11
	4 # 28
	5 # 49
	6 # 27
	7 # 18
	8 # 43
	9 # 19
	10 # 10
	11 # 24
	12 # 36
	13 # 20
	14 # 33
	15 # 35
	16 # 37
	17 # 0
	18 # 25
	19 # 42
	20 # 16
	21 # 56
	22 # 30
	23 # 41
Timestep 5:
	0 # 38
	1 # 39
	2 # 3
	3 # 10
	4 # 20
	5 # 49
	6 # 27
	7 # 26
	8 # 42
	9 # 12
	10 # 17
	11 # 23
	12 # 28
	13 # 19
	14 # 32
	15 # 35
	16 # 37
	17 # 8
	18 # 25
	19 # 36
	20 # 9
	21 # 55
	22 # 22
	23 # 47
Timestep 6:
	0 # 39
	1 # 32
	2 # 2
	3 # 17
	4 # 13
	5 # 43
	6 # 19
	7 # 34
	8 # 41
	9 # 11
	10 # 16
	11 # 31
	12 # 29
	13 # 18
	14 # 24
	15 # 27
	16 # 44
	17 # 15
	18 # 26
	19 # 28
	20 # 8
	21 # 54
	22 # 30
	23 # 48
Timestep 7:
	0 # 39
	1 # 33
	2 # 1
	3 # 25
	4 # 12
	5 # 42
	6 # 20
	7 # 40
	8 # 47
	9 # 18
	10 # 24
	11 # 38
	12 # 21
	13 # 17
	14 # 23
	15 # 19
	16 # 43
	17 # 15
	18 # 27
	19 # 29
	20 # 9
	21 # 53
	22 # 30
	23 # 55
Timestep 8:
	0 # 38
	1 # 34
	2 # 0
	3 # 24
	4 # 11
	5 # 36
	6 # 13
	7 # 40
	8 # 48
	9 # 26
	10 # 32
	11 # 45
	12 # 14
	13 # 16
	14 # 23
	15 # 18
	16 # 42
	17 # 8
	18 # 19
	19 # 21
	20 # 9
	21 # 52
	22 # 29
	23 # 54

