Solution makespan:10
Timestep 0:
	0 # 46
	1 # 5
	2 # 0
	3 # 15
	4 # 38
	5 # 1
	6 # 10
	7 # 4
	8 # 13
	9 # 16
	10 # 19
	11 # 35
	12 # 8
	13 # 36
	14 # 17
	15 # 9
	16 # 32
	17 # 34
	18 # 31
	19 # 33
Timestep 1:
	0 # 45
	1 # 13
	2 # 6
	3 # 16
	4 # 32
	5 # 0
	6 # 9
	7 # 10
	8 # 12
	9 # 22
	10 # 18
	11 # 43
	12 # 2
	13 # 35
	14 # 17
	15 # 8
	16 # 31
	17 # 28
	18 # 37
	19 # 33
Timestep 2:
	0 # 44
	1 # 12
	2 # 14
	3 # 22
	4 # 31
	5 # 1
	6 # 8
	7 # 9
	8 # 20
	9 # 23
	10 # 24
	11 # 43
	12 # 2
	13 # 29
	14 # 17
	15 # 7
	16 # 30
	17 # 27
	18 # 38
	19 # 34
Timestep 3:
	0 # 44
	1 # 11
	2 # 21
	3 # 28
	4 # 30
	5 # 1
	6 # 16
	7 # 8
	8 # 20
	9 # 17
	10 # 23
	11 # 50
	12 # 3
	13 # 29
	14 # 9
	15 # 7
	16 # 36
	17 # 33
	18 # 39
	19 # 42
Timestep 4:
	0 # 45
	1 # 10
	2 # 26
	3 # 29
	4 # 24
	5 # 7
	6 # 17
	7 # 2
	8 # 12
	9 # 9
	10 # 22
	11 # 49
	12 # 4
	13 # 35
	14 # 8
	15 # 6
	16 # 44
	17 # 34
	18 # 39
	19 # 42
Timestep 5:
	0 # 51
	1 # 9
	2 # 27
	3 # 30
	4 # 18
	5 # 6
	6 # 23
	7 # 8
	8 # 11
	9 # 3
	10 # 28
	11 # 50
	12 # 10
	13 # 36
	14 # 16
	15 # 14
	16 # 45
	17 # 35
	18 # 47
	19 # 43
Timestep 6:
	0 # 51
	1 # 8
	2 # 28
	3 # 31
	4 # 19
	5 # 14
	6 # 24
	7 # 7
	8 # 10
	9 # 3
	10 # 34
	11 # 43
	12 # 9
	13 # 30
	14 # 22
	15 # 21
	16 # 45
	17 # 35
	18 # 46
	19 # 44
Timestep 7:
	0 # 51
	1 # 16
	2 # 29
	3 # 32
	4 # 20
	5 # 14
	6 # 18
	7 # 6
	8 # 4
	9 # 3
	10 # 42
	11 # 43
	12 # 10
	13 # 24
	14 # 28
	15 # 26
	16 # 37
	17 # 36
	18 # 52
	19 # 45
Timestep 8:
	0 # 45
	1 # 22
	2 # 29
	3 # 38
	4 # 20
	5 # 15
	6 # 10
	7 # 14
	8 # 3
	9 # 9
	10 # 42
	11 # 44
	12 # 11
	13 # 18
	14 # 34
	15 # 27
	16 # 36
	17 # 30
	18 # 51
	19 # 46
Timestep 9:
	0 # 44
	1 # 28
	2 # 35
	3 # 46
	4 # 20
	5 # 16
	6 # 4
	7 # 21
	8 # 2
	9 # 10
	10 # 43
	11 # 36
	12 # 12
	13 # 19
	14 # 42
	15 # 33
	16 # 30
	17 # 31
	18 # 45
	19 # 47
Timestep 10:
	0 # 43
	1 # 27
	2 # 36
	3 # 52
	4 # 20
	5 # 17
	6 # 10
	7 # 26
	8 # 1
	9 # 11
	10 # 42
	11 # 37
	12 # 13
	13 # 19
	14 # 41
	15 # 34
	16 # 24
	17 # 30
	18 # 46
	19 # 47

