Solution makespan:8
Timestep 0:
	0 # 54
	1 # 21
	2 # 41
	3 # 5
	4 # 42
	5 # 11
	6 # 20
	7 # 25
	8 # 15
	9 # 10
	10 # 16
	11 # 23
	12 # 37
	13 # 40
	14 # 47
	15 # 39
Timestep 1:
	0 # 53
	1 # 27
	2 # 40
	3 # 12
	4 # 43
	5 # 19
	6 # 21
	7 # 26
	8 # 16
	9 # 18
	10 # 22
	11 # 17
	12 # 29
	13 # 39
	14 # 46
	15 # 38
Timestep 2:
	0 # 48
	1 # 35
	2 # 33
	3 # 5
	4 # 36
	5 # 25
	6 # 20
	7 # 34
	8 # 8
	9 # 24
	10 # 30
	11 # 16
	12 # 37
	13 # 32
	14 # 46
	15 # 31
Timestep 3:
	0 # 40
	1 # 42
	2 # 25
	3 # 4
	4 # 35
	5 # 26
	6 # 19
	7 # 41
	8 # 9
	9 # 24
	10 # 31
	11 # 22
	12 # 44
	13 # 33
	14 # 38
	15 # 23
Timestep 4:
	0 # 33
	1 # 41
	2 # 26
	3 # 3
	4 # 27
	5 # 20
	6 # 18
	7 # 40
	8 # 10
	9 # 24
	10 # 32
	11 # 30
	12 # 45
	13 # 34
	14 # 31
	15 # 22
Timestep 5:
	0 # 32
	1 # 40
	2 # 34
	3 # 2
	4 # 27
	5 # 12
	6 # 24
	7 # 33
	8 # 11
	9 # 23
	10 # 39
	11 # 29
	12 # 45
	13 # 35
	14 # 30
	15 # 16
Timestep 6:
	0 # 24
	1 # 48
	2 # 34
	3 # 9
	4 # 21
	5 # 20
	6 # 25
	7 # 32
	8 # 12
	9 # 31
	10 # 40
	11 # 30
	12 # 46
	13 # 42
	14 # 22
	15 # 8
Timestep 7:
	0 # 23
	1 # 47
	2 # 35
	3 # 10
	4 # 20
	5 # 26
	6 # 24
	7 # 33
	8 # 13
	9 # 38
	10 # 48
	11 # 31
	12 # 51
	13 # 49
	14 # 16
	15 # 1
Timestep 8:
	0 # 22
	1 # 52
	2 # 42
	3 # 18
	4 # 12
	5 # 27
	6 # 23
	7 # 40
	8 # 21
	9 # 46
	10 # 53
	11 # 32
	12 # 51
	13 # 55
	14 # 17
	15 # 1

