Solution makespan:13
Timestep 0:
	0 # 48
	1 # 54
	2 # 26
	3 # 19
	4 # 59
	5 # 41
	6 # 43
	7 # 15
Timestep 1:
	0 # 55
	1 # 47
	2 # 27
	3 # 26
	4 # 52
	5 # 48
	6 # 43
	7 # 14
Timestep 2:
	0 # 55
	1 # 48
	2 # 26
	3 # 34
	4 # 51
	5 # 49
	6 # 42
	7 # 21
Timestep 3:
	0 # 56
	1 # 48
	2 # 25
	3 # 41
	4 # 50
	5 # 49
	6 # 35
	7 # 29
Timestep 4:
	0 # 49
	1 # 41
	2 # 18
	3 # 40
	4 # 43
	5 # 42
	6 # 34
	7 # 37
Timestep 5:
	0 # 50
	1 # 48
	2 # 17
	3 # 40
	4 # 42
	5 # 41
	6 # 33
	7 # 36
Timestep 6:
	0 # 51
	1 # 48
	2 # 24
	3 # 33
	4 # 41
	5 # 40
	6 # 34
	7 # 37
Timestep 7:
	0 # 52
	1 # 41
	2 # 23
	3 # 34
	4 # 40
	5 # 47
	6 # 35
	7 # 38
Timestep 8:
	0 # 44
	1 # 41
	2 # 24
	3 # 35
	4 # 39
	5 # 54
	6 # 36
	7 # 38
Timestep 9:
	0 # 38
	1 # 34
	2 # 25
	3 # 35
	4 # 32
	5 # 55
	6 # 28
	7 # 37
Timestep 10:
	0 # 30
	1 # 34
	2 # 26
	3 # 27
	4 # 31
	5 # 56
	6 # 29
	7 # 36
Timestep 11:
	0 # 22
	1 # 41
	2 # 27
	3 # 28
	4 # 23
	5 # 57
	6 # 37
	7 # 43
Timestep 12:
	0 # 15
	1 # 48
	2 # 35
	3 # 29
	4 # 16
	5 # 58
	6 # 37
	7 # 50
Timestep 13:
	0 # 7
	1 # 55
	2 # 36
	3 # 30
	4 # 8
	5 # 51
	6 # 29
	7 # 49

