Solution makespan:12
Timestep 0:
	0 # 26
	1 # 27
	2 # 44
	3 # 15
	4 # 17
	5 # 35
	6 # 19
	7 # 7
	8 # 48
	9 # 38
	10 # 53
	11 # 23
	12 # 49
	13 # 39
	14 # 8
	15 # 9
	16 # 18
	17 # 24
	18 # 32
	19 # 43
	20 # 41
	21 # 46
	22 # 51
	23 # 29
	24 # 47
	25 # 0
	26 # 30
	27 # 16
	28 # 45
	29 # 50
	30 # 56
	31 # 11
Timestep 1:
	0 # 25
	1 # 20
	2 # 43
	3 # 14
	4 # 17
	5 # 36
	6 # 11
	7 # 15
	8 # 49
	9 # 39
	10 # 53
	11 # 22
	12 # 42
	13 # 40
	14 # 8
	15 # 9
	16 # 19
	17 # 23
	18 # 26
	19 # 35
	20 # 33
	21 # 47
	22 # 44
	23 # 28
	24 # 54
	25 # 1
	26 # 31
	27 # 24
	28 # 37
	29 # 51
	30 # 56
	31 # 12
Timestep 2:
	0 # 24
	1 # 19
	2 # 43
	3 # 6
	4 # 9
	5 # 37
	6 # 4
	7 # 16
	8 # 49
	9 # 46
	10 # 53
	11 # 29
	12 # 41
	13 # 40
	14 # 7
	15 # 8
	16 # 11
	17 # 22
	18 # 25
	19 # 28
	20 # 32
	21 # 48
	22 # 44
	23 # 21
	24 # 55
	25 # 2
	26 # 38
	27 # 23
	28 # 30
	29 # 52
	30 # 56
	31 # 12
Timestep 3:
	0 # 23
	1 # 18
	2 # 35
	3 # 1
	4 # 9
	5 # 30
	6 # 4
	7 # 17
	8 # 49
	9 # 47
	10 # 53
	11 # 36
	12 # 40
	13 # 32
	14 # 6
	15 # 16
	16 # 19
	17 # 21
	18 # 24
	19 # 29
	20 # 26
	21 # 41
	22 # 51
	23 # 13
	24 # 48
	25 # 7
	26 # 37
	27 # 15
	28 # 31
	29 # 45
	30 # 56
	31 # 12
Timestep 4:
	0 # 22
	1 # 17
	2 # 43
	3 # 1
	4 # 10
	5 # 23
	6 # 4
	7 # 25
	8 # 48
	9 # 40
	10 # 52
	11 # 44
	12 # 39
	13 # 26
	14 # 5
	15 # 16
	16 # 19
	17 # 28
	18 # 24
	19 # 30
	20 # 18
	21 # 42
	22 # 50
	23 # 14
	24 # 47
	25 # 8
	26 # 36
	27 # 7
	28 # 31
	29 # 45
	30 # 55
	31 # 11
Timestep 5:
	0 # 14
	1 # 16
	2 # 50
	3 # 6
	4 # 3
	5 # 22
	6 # 11
	7 # 26
	8 # 55
	9 # 41
	10 # 45
	11 # 44
	12 # 38
	13 # 18
	14 # 0
	15 # 8
	16 # 20
	17 # 35
	18 # 23
	19 # 31
	20 # 10
	21 # 49
	22 # 51
	23 # 13
	24 # 40
	25 # 9
	26 # 29
	27 # 2
	28 # 24
	29 # 37
	30 # 56
	31 # 12
Timestep 6:
	0 # 6
	1 # 15
	2 # 51
	3 # 1
	4 # 4
	5 # 14
	6 # 19
	7 # 18
	8 # 56
	9 # 33
	10 # 45
	11 # 44
	12 # 31
	13 # 10
	14 # 5
	15 # 7
	16 # 27
	17 # 43
	18 # 22
	19 # 24
	20 # 9
	21 # 48
	22 # 52
	23 # 21
	24 # 32
	25 # 17
	26 # 30
	27 # 2
	28 # 16
	29 # 38
	30 # 49
	31 # 11
Timestep 7:
	0 # 1
	1 # 14
	2 # 51
	3 # 0
	4 # 11
	5 # 6
	6 # 20
	7 # 19
	8 # 56
	9 # 32
	10 # 37
	11 # 43
	12 # 30
	13 # 3
	14 # 13
	15 # 15
	16 # 34
	17 # 50
	18 # 29
	19 # 25
	20 # 8
	21 # 48
	22 # 45
	23 # 22
	24 # 26
	25 # 17
	26 # 23
	27 # 2
	28 # 24
	29 # 39
	30 # 49
	31 # 10
Timestep 8:
	0 # 6
	1 # 13
	2 # 52
	3 # 0
	4 # 12
	5 # 5
	6 # 20
	7 # 11
	8 # 49
	9 # 26
	10 # 38
	11 # 35
	12 # 30
	13 # 10
	14 # 21
	15 # 14
	16 # 42
	17 # 43
	18 # 36
	19 # 17
	20 # 7
	21 # 47
	22 # 37
	23 # 23
	24 # 25
	25 # 18
	26 # 15
	27 # 2
	28 # 31
	29 # 40
	30 # 48
	31 # 9
Timestep 9:
	0 # 5
	1 # 21
	2 # 45
	3 # 1
	4 # 12
	5 # 0
	6 # 27
	7 # 4
	8 # 48
	9 # 18
	10 # 39
	11 # 36
	12 # 29
	13 # 11
	14 # 22
	15 # 15
	16 # 49
	17 # 43
	18 # 44
	19 # 9
	20 # 6
	21 # 46
	22 # 30
	23 # 24
	24 # 17
	25 # 19
	26 # 16
	27 # 7
	28 # 38
	29 # 41
	30 # 47
	31 # 8
Timestep 10:
	0 # 5
	1 # 28
	2 # 45
	3 # 2
	4 # 12
	5 # 0
	6 # 34
	7 # 4
	8 # 48
	9 # 18
	10 # 40
	11 # 37
	12 # 29
	13 # 19
	14 # 23
	15 # 15
	16 # 49
	17 # 43
	18 # 51
	19 # 10
	20 # 14
	21 # 46
	22 # 31
	23 # 24
	24 # 9
	25 # 20
	26 # 17
	27 # 6
	28 # 39
	29 # 42
	30 # 47
	31 # 8
Timestep 11:
	0 # 13
	1 # 35
	2 # 37
	3 # 1
	4 # 11
	5 # 0
	6 # 33
	7 # 4
	8 # 41
	9 # 10
	10 # 32
	11 # 38
	12 # 29
	13 # 20
	14 # 15
	15 # 16
	16 # 56
	17 # 44
	18 # 52
	19 # 3
	20 # 22
	21 # 46
	22 # 24
	23 # 25
	24 # 9
	25 # 12
	26 # 18
	27 # 6
	28 # 40
	29 # 34
	30 # 48
	31 # 7
Timestep 12:
	0 # 21
	1 # 43
	2 # 30
	3 # 2
	4 # 10
	5 # 0
	6 # 33
	7 # 4
	8 # 40
	9 # 9
	10 # 32
	11 # 38
	12 # 22
	13 # 12
	14 # 16
	15 # 8
	16 # 55
	17 # 45
	18 # 53
	19 # 3
	20 # 23
	21 # 46
	22 # 25
	23 # 26
	24 # 17
	25 # 11
	26 # 19
	27 # 1
	28 # 47
	29 # 27
	30 # 49
	31 # 7

