Solution makespan:8
Timestep 0:
	0 # 36
	1 # 56
	2 # 22
	3 # 37
	4 # 16
	5 # 8
	6 # 31
	7 # 26
	8 # 6
	9 # 5
	10 # 43
	11 # 39
Timestep 1:
	0 # 36
	1 # 55
	2 # 23
	3 # 45
	4 # 17
	5 # 15
	6 # 32
	7 # 33
	8 # 13
	9 # 4
	10 # 51
	11 # 38
Timestep 2:
	0 # 36
	1 # 47
	2 # 24
	3 # 45
	4 # 18
	5 # 22
	6 # 25
	7 # 41
	8 # 12
	9 # 11
	10 # 52
	11 # 46
Timestep 3:
	0 # 44
	1 # 39
	2 # 16
	3 # 46
	4 # 19
	5 # 29
	6 # 18
	7 # 40
	8 # 5
	9 # 12
	10 # 53
	11 # 38
Timestep 4:
	0 # 45
	1 # 31
	2 # 17
	3 # 47
	4 # 26
	5 # 36
	6 # 11
	7 # 40
	8 # 4
	9 # 12
	10 # 54
	11 # 37
Timestep 5:
	0 # 45
	1 # 32
	2 # 17
	3 # 48
	4 # 33
	5 # 37
	6 # 4
	7 # 39
	8 # 3
	9 # 12
	10 # 55
	11 # 30
Timestep 6:
	0 # 46
	1 # 33
	2 # 18
	3 # 49
	4 # 41
	5 # 45
	6 # 3
	7 # 38
	8 # 2
	9 # 19
	10 # 54
	11 # 29
Timestep 7:
	0 # 47
	1 # 26
	2 # 11
	3 # 41
	4 # 40
	5 # 46
	6 # 2
	7 # 37
	8 # 1
	9 # 20
	10 # 53
	11 # 36
Timestep 8:
	0 # 48
	1 # 19
	2 # 4
	3 # 49
	4 # 40
	5 # 38
	6 # 1
	7 # 36
	8 # 9
	9 # 20
	10 # 53
	11 # 44

