Solution makespan:9
Timestep 0:
	0 # 54
	1 # 48
	2 # 15
	3 # 6
	4 # 34
	5 # 11
	6 # 32
	7 # 3
Timestep 1:
	0 # 53
	1 # 55
	2 # 8
	3 # 13
	4 # 42
	5 # 18
	6 # 40
	7 # 4
Timestep 2:
	0 # 52
	1 # 54
	2 # 0
	3 # 20
	4 # 50
	5 # 17
	6 # 41
	7 # 5
Timestep 3:
	0 # 45
	1 # 53
	2 # 1
	3 # 19
	4 # 49
	5 # 16
	6 # 42
	7 # 12
Timestep 4:
	0 # 37
	1 # 52
	2 # 2
	3 # 26
	4 # 48
	5 # 10
	6 # 50
	7 # 19
Timestep 5:
	0 # 29
	1 # 45
	2 # 3
	3 # 33
	4 # 47
	5 # 9
	6 # 50
	7 # 18
Timestep 6:
	0 # 28
	1 # 37
	2 # 4
	3 # 41
	4 # 46
	5 # 8
	6 # 42
	7 # 25
Timestep 7:
	0 # 27
	1 # 29
	2 # 5
	3 # 49
	4 # 45
	5 # 7
	6 # 41
	7 # 24
Timestep 8:
	0 # 27
	1 # 22
	2 # 5
	3 # 48
	4 # 44
	5 # 14
	6 # 42
	7 # 23
Timestep 9:
	0 # 35
	1 # 29
	2 # 6
	3 # 55
	4 # 51
	5 # 7
	6 # 34
	7 # 30

