Solution makespan:10
Timestep 0:
	0 # 8
	1 # 10
	2 # 6
	3 # 2
	4 # 3
	5 # 9
	6 # 1
	7 # 4
Timestep 1:
	0 # 6
	1 # 10
	2 # 2
	3 # 1
	4 # 4
	5 # 9
	6 # 5
	7 # 7
Timestep 2:
	0 # 5
	1 # 10
	2 # 6
	3 # 1
	4 # 0
	5 # 9
	6 # 4
	7 # 7
Timestep 3:
	0 # 6
	1 # 10
	2 # 8
	3 # 1
	4 # 0
	5 # 9
	6 # 3
	7 # 4
Timestep 4:
	0 # 6
	1 # 7
	2 # 11
	3 # 2
	4 # 1
	5 # 10
	6 # 4
	7 # 5
Timestep 5:
	0 # 8
	1 # 4
	2 # 11
	3 # 6
	4 # 1
	5 # 7
	6 # 0
	7 # 5
Timestep 6:
	0 # 8
	1 # 3
	2 # 11
	3 # 6
	4 # 2
	5 # 4
	6 # 0
	7 # 1
Timestep 7:
	0 # 8
	1 # 3
	2 # 11
	3 # 6
	4 # 2
	5 # 5
	6 # 4
	7 # 1
Timestep 8:
	0 # 6
	1 # 3
	2 # 11
	3 # 2
	4 # 1
	5 # 5
	6 # 7
	7 # 0
Timestep 9:
	0 # 2
	1 # 3
	2 # 8
	3 # 1
	4 # 0
	5 # 6
	6 # 10
	7 # 4
Timestep 10:
	0 # 2
	1 # 4
	2 # 11
	3 # 1
	4 # 0
	5 # 8
	6 # 10
	7 # 7

