Solution makespan:11
Timestep 0:
	0 # 59
	1 # 49
	2 # 29
	3 # 39
	4 # 47
	5 # 41
	6 # 53
	7 # 26
	8 # 2
	9 # 32
	10 # 23
	11 # 45
	12 # 42
	13 # 43
	14 # 5
	15 # 50
Timestep 1:
	0 # 58
	1 # 56
	2 # 29
	3 # 40
	4 # 48
	5 # 41
	6 # 53
	7 # 27
	8 # 3
	9 # 33
	10 # 22
	11 # 44
	12 # 42
	13 # 43
	14 # 13
	15 # 51
Timestep 2:
	0 # 57
	1 # 55
	2 # 22
	3 # 39
	4 # 49
	5 # 40
	6 # 53
	7 # 28
	8 # 11
	9 # 33
	10 # 14
	11 # 45
	12 # 41
	13 # 51
	14 # 12
	15 # 52
Timestep 3:
	0 # 56
	1 # 48
	2 # 21
	3 # 47
	4 # 41
	5 # 39
	6 # 52
	7 # 20
	8 # 19
	9 # 33
	10 # 14
	11 # 53
	12 # 40
	13 # 51
	14 # 11
	15 # 44
Timestep 4:
	0 # 55
	1 # 40
	2 # 20
	3 # 46
	4 # 33
	5 # 38
	6 # 51
	7 # 12
	8 # 27
	9 # 34
	10 # 6
	11 # 45
	12 # 32
	13 # 50
	14 # 19
	15 # 36
Timestep 5:
	0 # 48
	1 # 40
	2 # 19
	3 # 46
	4 # 27
	5 # 38
	6 # 50
	7 # 13
	8 # 28
	9 # 42
	10 # 5
	11 # 37
	12 # 26
	13 # 57
	14 # 18
	15 # 29
Timestep 6:
	0 # 40
	1 # 32
	2 # 18
	3 # 47
	4 # 28
	5 # 39
	6 # 57
	7 # 14
	8 # 34
	9 # 43
	10 # 4
	11 # 36
	12 # 26
	13 # 58
	14 # 17
	15 # 22
Timestep 7:
	0 # 32
	1 # 26
	2 # 17
	3 # 48
	4 # 20
	5 # 47
	6 # 56
	7 # 22
	8 # 35
	9 # 51
	10 # 3
	11 # 36
	12 # 18
	13 # 59
	14 # 25
	15 # 21
Timestep 8:
	0 # 26
	1 # 18
	2 # 16
	3 # 47
	4 # 12
	5 # 46
	6 # 49
	7 # 29
	8 # 43
	9 # 58
	10 # 2
	11 # 35
	12 # 10
	13 # 52
	14 # 24
	15 # 20
Timestep 9:
	0 # 18
	1 # 10
	2 # 24
	3 # 48
	4 # 12
	5 # 46
	6 # 50
	7 # 36
	8 # 51
	9 # 57
	10 # 1
	11 # 34
	12 # 11
	13 # 52
	14 # 25
	15 # 19
Timestep 10:
	0 # 10
	1 # 2
	2 # 30
	3 # 49
	4 # 13
	5 # 46
	6 # 50
	7 # 35
	8 # 58
	9 # 56
	10 # 9
	11 # 33
	12 # 19
	13 # 51
	14 # 24
	15 # 18
Timestep 11:
	0 # 2
	1 # 1
	2 # 38
	3 # 48
	4 # 14
	5 # 47
	6 # 57
	7 # 34
	8 # 59
	9 # 55
	10 # 10
	11 # 32
	12 # 18
	13 # 50
	14 # 24
	15 # 17

