Solution makespan:8
Timestep 0:
	0 # 13
	1 # 25
	2 # 14
	3 # 9
	4 # 36
	5 # 54
	6 # 42
	7 # 58
Timestep 1:
	0 # 13
	1 # 26
	2 # 22
	3 # 17
	4 # 35
	5 # 47
	6 # 48
	7 # 51
Timestep 2:
	0 # 14
	1 # 27
	2 # 21
	3 # 25
	4 # 43
	5 # 40
	6 # 42
	7 # 51
Timestep 3:
	0 # 13
	1 # 27
	2 # 20
	3 # 26
	4 # 35
	5 # 41
	6 # 34
	7 # 50
Timestep 4:
	0 # 21
	1 # 19
	2 # 28
	3 # 18
	4 # 35
	5 # 42
	6 # 33
	7 # 49
Timestep 5:
	0 # 29
	1 # 11
	2 # 27
	3 # 10
	4 # 43
	5 # 48
	6 # 34
	7 # 50
Timestep 6:
	0 # 29
	1 # 11
	2 # 26
	3 # 9
	4 # 42
	5 # 55
	6 # 33
	7 # 44
Timestep 7:
	0 # 28
	1 # 11
	2 # 25
	3 # 8
	4 # 42
	5 # 56
	6 # 32
	7 # 45
Timestep 8:
	0 # 28
	1 # 12
	2 # 24
	3 # 1
	4 # 43
	5 # 56
	6 # 33
	7 # 37

