Solution makespan:9
Timestep 0:
	0 # 37
	1 # 42
	2 # 50
	3 # 11
	4 # 54
	5 # 22
	6 # 4
	7 # 6
	8 # 8
	9 # 45
	10 # 12
	11 # 18
Timestep 1:
	0 # 36
	1 # 43
	2 # 42
	3 # 18
	4 # 54
	5 # 23
	6 # 3
	7 # 7
	8 # 8
	9 # 38
	10 # 13
	11 # 17
Timestep 2:
	0 # 36
	1 # 44
	2 # 35
	3 # 11
	4 # 54
	5 # 24
	6 # 3
	7 # 7
	8 # 9
	9 # 38
	10 # 14
	11 # 18
Timestep 3:
	0 # 29
	1 # 45
	2 # 36
	3 # 12
	4 # 48
	5 # 25
	6 # 11
	7 # 15
	8 # 10
	9 # 37
	10 # 20
	11 # 24
Timestep 4:
	0 # 22
	1 # 46
	2 # 29
	3 # 19
	4 # 40
	5 # 26
	6 # 18
	7 # 7
	8 # 11
	9 # 36
	10 # 21
	11 # 31
Timestep 5:
	0 # 23
	1 # 47
	2 # 22
	3 # 12
	4 # 33
	5 # 26
	6 # 24
	7 # 6
	8 # 18
	9 # 29
	10 # 28
	11 # 31
Timestep 6:
	0 # 30
	1 # 46
	2 # 23
	3 # 13
	4 # 32
	5 # 26
	6 # 25
	7 # 5
	8 # 24
	9 # 29
	10 # 34
	11 # 38
Timestep 7:
	0 # 37
	1 # 47
	2 # 17
	3 # 14
	4 # 26
	5 # 27
	6 # 24
	7 # 4
	8 # 31
	9 # 22
	10 # 41
	11 # 45
Timestep 8:
	0 # 44
	1 # 53
	2 # 10
	3 # 14
	4 # 27
	5 # 20
	6 # 18
	7 # 12
	8 # 30
	9 # 23
	10 # 49
	11 # 38
Timestep 9:
	0 # 44
	1 # 53
	2 # 9
	3 # 6
	4 # 20
	5 # 21
	6 # 18
	7 # 11
	8 # 29
	9 # 30
	10 # 55
	11 # 37

