Solution makespan:11
Timestep 0:
	0 # 2
	1 # 6
	2 # 22
	3 # 47
	4 # 12
	5 # 17
	6 # 28
	7 # 20
	8 # 54
	9 # 3
	10 # 23
	11 # 19
	12 # 49
	13 # 27
	14 # 39
	15 # 57
	16 # 8
	17 # 13
	18 # 4
	19 # 9
	20 # 52
	21 # 44
	22 # 32
	23 # 0
Timestep 1:
	0 # 1
	1 # 6
	2 # 30
	3 # 39
	4 # 20
	5 # 25
	6 # 29
	7 # 19
	8 # 46
	9 # 2
	10 # 24
	11 # 11
	12 # 41
	13 # 26
	14 # 31
	15 # 52
	16 # 8
	17 # 21
	18 # 4
	19 # 17
	20 # 53
	21 # 36
	22 # 40
	23 # 7
Timestep 2:
	0 # 1
	1 # 13
	2 # 30
	3 # 47
	4 # 19
	5 # 33
	6 # 37
	7 # 27
	8 # 38
	9 # 2
	10 # 25
	11 # 10
	12 # 49
	13 # 18
	14 # 31
	15 # 44
	16 # 9
	17 # 21
	18 # 11
	19 # 16
	20 # 53
	21 # 28
	22 # 39
	23 # 15
Timestep 3:
	0 # 8
	1 # 21
	2 # 22
	3 # 47
	4 # 18
	5 # 34
	6 # 45
	7 # 27
	8 # 30
	9 # 1
	10 # 26
	11 # 3
	12 # 48
	13 # 17
	14 # 32
	15 # 43
	16 # 10
	17 # 29
	18 # 19
	19 # 24
	20 # 54
	21 # 20
	22 # 40
	23 # 7
Timestep 4:
	0 # 16
	1 # 29
	2 # 22
	3 # 48
	4 # 18
	5 # 35
	6 # 53
	7 # 28
	8 # 30
	9 # 8
	10 # 27
	11 # 2
	12 # 55
	13 # 9
	14 # 33
	15 # 42
	16 # 10
	17 # 37
	18 # 19
	19 # 24
	20 # 54
	21 # 12
	22 # 41
	23 # 0
Timestep 5:
	0 # 17
	1 # 37
	2 # 21
	3 # 49
	4 # 26
	5 # 43
	6 # 54
	7 # 36
	8 # 22
	9 # 9
	10 # 35
	11 # 3
	12 # 48
	13 # 2
	14 # 34
	15 # 41
	16 # 10
	17 # 45
	18 # 11
	19 # 32
	20 # 46
	21 # 13
	22 # 33
	23 # 7
Timestep 6:
	0 # 18
	1 # 45
	2 # 21
	3 # 50
	4 # 27
	5 # 44
	6 # 54
	7 # 36
	8 # 14
	9 # 17
	10 # 43
	11 # 3
	12 # 48
	13 # 1
	14 # 34
	15 # 40
	16 # 11
	17 # 53
	18 # 4
	19 # 31
	20 # 38
	21 # 13
	22 # 25
	23 # 8
Timestep 7:
	0 # 18
	1 # 45
	2 # 20
	3 # 51
	4 # 35
	5 # 36
	6 # 46
	7 # 28
	8 # 13
	9 # 25
	10 # 44
	11 # 3
	12 # 48
	13 # 0
	14 # 33
	15 # 32
	16 # 19
	17 # 52
	18 # 4
	19 # 39
	20 # 30
	21 # 6
	22 # 26
	23 # 9
Timestep 8:
	0 # 17
	1 # 53
	2 # 19
	3 # 52
	4 # 43
	5 # 37
	6 # 38
	7 # 20
	8 # 6
	9 # 25
	10 # 45
	11 # 2
	12 # 49
	13 # 0
	14 # 32
	15 # 24
	16 # 27
	17 # 57
	18 # 3
	19 # 40
	20 # 22
	21 # 5
	22 # 18
	23 # 10
Timestep 9:
	0 # 25
	1 # 52
	2 # 19
	3 # 44
	4 # 42
	5 # 29
	6 # 37
	7 # 12
	8 # 5
	9 # 33
	10 # 53
	11 # 1
	12 # 48
	13 # 7
	14 # 32
	15 # 16
	16 # 28
	17 # 57
	18 # 10
	19 # 41
	20 # 14
	21 # 4
	22 # 18
	23 # 11
Timestep 10:
	0 # 33
	1 # 51
	2 # 27
	3 # 44
	4 # 50
	5 # 21
	6 # 36
	7 # 5
	8 # 4
	9 # 32
	10 # 54
	11 # 8
	12 # 49
	13 # 7
	14 # 24
	15 # 16
	16 # 28
	17 # 52
	18 # 18
	19 # 42
	20 # 13
	21 # 3
	22 # 17
	23 # 12
Timestep 11:
	0 # 32
	1 # 50
	2 # 26
	3 # 52
	4 # 56
	5 # 20
	6 # 28
	7 # 5
	8 # 11
	9 # 31
	10 # 58
	11 # 7
	12 # 41
	13 # 0
	14 # 16
	15 # 8
	16 # 29
	17 # 57
	18 # 10
	19 # 43
	20 # 6
	21 # 3
	22 # 9
	23 # 13

