Solution makespan:12
Timestep 0:
	0 # 8
	1 # 21
	2 # 49
	3 # 14
	4 # 20
	5 # 34
	6 # 31
	7 # 12
	8 # 10
	9 # 53
	10 # 27
	11 # 18
	12 # 7
	13 # 55
	14 # 29
	15 # 41
	16 # 52
	17 # 51
	18 # 35
	19 # 13
	20 # 45
	21 # 44
	22 # 32
	23 # 56
	24 # 39
	25 # 40
	26 # 6
	27 # 16
Timestep 1:
	0 # 9
	1 # 20
	2 # 49
	3 # 14
	4 # 19
	5 # 34
	6 # 24
	7 # 5
	8 # 11
	9 # 53
	10 # 27
	11 # 10
	12 # 7
	13 # 54
	14 # 22
	15 # 48
	16 # 45
	17 # 43
	18 # 35
	19 # 21
	20 # 38
	21 # 44
	22 # 25
	23 # 50
	24 # 39
	25 # 40
	26 # 6
	27 # 16
Timestep 2:
	0 # 1
	1 # 19
	2 # 49
	3 # 7
	4 # 18
	5 # 33
	6 # 16
	7 # 4
	8 # 12
	9 # 53
	10 # 20
	11 # 11
	12 # 6
	13 # 47
	14 # 22
	15 # 55
	16 # 52
	17 # 37
	18 # 27
	19 # 28
	20 # 38
	21 # 43
	22 # 26
	23 # 42
	24 # 40
	25 # 41
	26 # 13
	27 # 17
Timestep 3:
	0 # 2
	1 # 18
	2 # 50
	3 # 6
	4 # 17
	5 # 32
	6 # 24
	7 # 3
	8 # 13
	9 # 46
	10 # 19
	11 # 4
	12 # 5
	13 # 48
	14 # 14
	15 # 54
	16 # 53
	17 # 30
	18 # 27
	19 # 28
	20 # 45
	21 # 37
	22 # 26
	23 # 36
	24 # 34
	25 # 41
	26 # 21
	27 # 25
Timestep 4:
	0 # 3
	1 # 17
	2 # 42
	3 # 6
	4 # 16
	5 # 38
	6 # 31
	7 # 10
	8 # 14
	9 # 39
	10 # 11
	11 # 5
	12 # 12
	13 # 41
	14 # 7
	15 # 47
	16 # 54
	17 # 23
	18 # 35
	19 # 28
	20 # 44
	21 # 30
	22 # 18
	23 # 29
	24 # 33
	25 # 40
	26 # 20
	27 # 32
Timestep 5:
	0 # 4
	1 # 25
	2 # 36
	3 # 13
	4 # 24
	5 # 45
	6 # 31
	7 # 3
	8 # 14
	9 # 33
	10 # 10
	11 # 5
	12 # 12
	13 # 35
	14 # 7
	15 # 48
	16 # 55
	17 # 15
	18 # 34
	19 # 29
	20 # 43
	21 # 23
	22 # 19
	23 # 22
	24 # 26
	25 # 39
	26 # 27
	27 # 38
Timestep 6:
	0 # 11
	1 # 32
	2 # 29
	3 # 13
	4 # 31
	5 # 52
	6 # 30
	7 # 2
	8 # 7
	9 # 26
	10 # 18
	11 # 4
	12 # 5
	13 # 34
	14 # 6
	15 # 49
	16 # 55
	17 # 16
	18 # 40
	19 # 22
	20 # 51
	21 # 15
	22 # 19
	23 # 14
	24 # 25
	25 # 33
	26 # 35
	27 # 39
Timestep 7:
	0 # 12
	1 # 38
	2 # 28
	3 # 6
	4 # 32
	5 # 45
	6 # 37
	7 # 1
	8 # 14
	9 # 25
	10 # 18
	11 # 3
	12 # 4
	13 # 33
	14 # 5
	15 # 50
	16 # 48
	17 # 9
	18 # 47
	19 # 29
	20 # 51
	21 # 16
	22 # 20
	23 # 13
	24 # 24
	25 # 26
	26 # 34
	27 # 46
Timestep 8:
	0 # 20
	1 # 45
	2 # 29
	3 # 7
	4 # 32
	5 # 52
	6 # 43
	7 # 0
	8 # 22
	9 # 24
	10 # 18
	11 # 4
	12 # 11
	13 # 26
	14 # 6
	15 # 56
	16 # 55
	17 # 1
	18 # 48
	19 # 36
	20 # 51
	21 # 17
	22 # 27
	23 # 13
	24 # 31
	25 # 25
	26 # 33
	27 # 46
Timestep 9:
	0 # 19
	1 # 44
	2 # 28
	3 # 7
	4 # 38
	5 # 52
	6 # 37
	7 # 1
	8 # 29
	9 # 23
	10 # 10
	11 # 5
	12 # 4
	13 # 25
	14 # 13
	15 # 50
	16 # 48
	17 # 2
	18 # 47
	19 # 36
	20 # 43
	21 # 18
	22 # 35
	23 # 14
	24 # 31
	25 # 24
	26 # 32
	27 # 53
Timestep 10:
	0 # 11
	1 # 45
	2 # 28
	3 # 7
	4 # 39
	5 # 53
	6 # 37
	7 # 1
	8 # 36
	9 # 23
	10 # 10
	11 # 12
	12 # 5
	13 # 25
	14 # 21
	15 # 49
	16 # 41
	17 # 3
	18 # 47
	19 # 42
	20 # 43
	21 # 19
	22 # 35
	23 # 22
	24 # 24
	25 # 16
	26 # 38
	27 # 54
Timestep 11:
	0 # 11
	1 # 52
	2 # 29
	3 # 7
	4 # 46
	5 # 54
	6 # 43
	7 # 2
	8 # 42
	9 # 30
	10 # 18
	11 # 13
	12 # 6
	13 # 32
	14 # 28
	15 # 49
	16 # 40
	17 # 4
	18 # 48
	19 # 50
	20 # 44
	21 # 20
	22 # 41
	23 # 14
	24 # 31
	25 # 16
	26 # 45
	27 # 55
Timestep 12:
	0 # 4
	1 # 52
	2 # 36
	3 # 14
	4 # 53
	5 # 47
	6 # 51
	7 # 3
	8 # 50
	9 # 23
	10 # 19
	11 # 12
	12 # 6
	13 # 25
	14 # 29
	15 # 49
	16 # 39
	17 # 5
	18 # 55
	19 # 56
	20 # 43
	21 # 27
	22 # 40
	23 # 13
	24 # 32
	25 # 17
	26 # 46
	27 # 54

