Solution makespan:8
Timestep 0:
	0 # 35
	1 # 47
	2 # 37
	3 # 10
	4 # 19
	5 # 46
	6 # 18
	7 # 27
	8 # 13
	9 # 30
	10 # 20
	11 # 15
Timestep 1:
	0 # 30
	1 # 48
	2 # 37
	3 # 11
	4 # 19
	5 # 38
	6 # 23
	7 # 26
	8 # 12
	9 # 29
	10 # 28
	11 # 14
Timestep 2:
	0 # 35
	1 # 40
	2 # 36
	3 # 12
	4 # 26
	5 # 39
	6 # 23
	7 # 25
	8 # 4
	9 # 21
	10 # 27
	11 # 6
Timestep 3:
	0 # 43
	1 # 41
	2 # 36
	3 # 13
	4 # 25
	5 # 33
	6 # 22
	7 # 24
	8 # 12
	9 # 16
	10 # 26
	11 # 5
Timestep 4:
	0 # 50
	1 # 34
	2 # 37
	3 # 13
	4 # 25
	5 # 26
	6 # 30
	7 # 24
	8 # 11
	9 # 16
	10 # 19
	11 # 4
Timestep 5:
	0 # 51
	1 # 28
	2 # 31
	3 # 5
	4 # 32
	5 # 27
	6 # 35
	7 # 25
	8 # 11
	9 # 8
	10 # 26
	11 # 3
Timestep 6:
	0 # 52
	1 # 20
	2 # 24
	3 # 5
	4 # 38
	5 # 28
	6 # 30
	7 # 32
	8 # 3
	9 # 9
	10 # 33
	11 # 2
Timestep 7:
	0 # 53
	1 # 15
	2 # 24
	3 # 6
	4 # 37
	5 # 20
	6 # 22
	7 # 38
	8 # 4
	9 # 10
	10 # 33
	11 # 2
Timestep 8:
	0 # 53
	1 # 7
	2 # 23
	3 # 14
	4 # 36
	5 # 15
	6 # 17
	7 # 32
	8 # 5
	9 # 11
	10 # 26
	11 # 2

