Solution makespan:10
Timestep 0:
	0 # 1
	1 # 51
	2 # 30
	3 # 49
	4 # 29
	5 # 13
	6 # 36
	7 # 35
	8 # 34
	9 # 26
	10 # 43
	11 # 7
Timestep 1:
	0 # 2
	1 # 52
	2 # 30
	3 # 41
	4 # 29
	5 # 7
	6 # 36
	7 # 42
	8 # 35
	9 # 27
	10 # 44
	11 # 6
Timestep 2:
	0 # 8
	1 # 53
	2 # 29
	3 # 34
	4 # 23
	5 # 13
	6 # 43
	7 # 41
	8 # 36
	9 # 28
	10 # 45
	11 # 5
Timestep 3:
	0 # 9
	1 # 53
	2 # 30
	3 # 26
	4 # 16
	5 # 13
	6 # 42
	7 # 40
	8 # 37
	9 # 29
	10 # 38
	11 # 4
Timestep 4:
	0 # 10
	1 # 52
	2 # 30
	3 # 21
	4 # 17
	5 # 7
	6 # 41
	7 # 33
	8 # 38
	9 # 23
	10 # 39
	11 # 4
Timestep 5:
	0 # 10
	1 # 51
	2 # 29
	3 # 26
	4 # 11
	5 # 7
	6 # 40
	7 # 25
	8 # 39
	9 # 16
	10 # 31
	11 # 3
Timestep 6:
	0 # 16
	1 # 43
	2 # 28
	3 # 27
	4 # 5
	5 # 13
	6 # 33
	7 # 25
	8 # 31
	9 # 17
	10 # 32
	11 # 4
Timestep 7:
	0 # 23
	1 # 36
	2 # 27
	3 # 26
	4 # 5
	5 # 12
	6 # 40
	7 # 33
	8 # 31
	9 # 11
	10 # 24
	11 # 10
Timestep 8:
	0 # 29
	1 # 36
	2 # 27
	3 # 34
	4 # 4
	5 # 6
	6 # 40
	7 # 33
	8 # 39
	9 # 5
	10 # 19
	11 # 16
Timestep 9:
	0 # 30
	1 # 43
	2 # 35
	3 # 34
	4 # 4
	5 # 12
	6 # 41
	7 # 25
	8 # 38
	9 # 11
	10 # 18
	11 # 23
Timestep 10:
	0 # 31
	1 # 43
	2 # 42
	3 # 34
	4 # 4
	5 # 12
	6 # 41
	7 # 25
	8 # 37
	9 # 11
	10 # 18
	11 # 22

