Solution makespan:10
Timestep 0:
	0 # 48
	1 # 43
	2 # 47
	3 # 53
	4 # 22
	5 # 11
	6 # 39
	7 # 57
	8 # 32
	9 # 37
	10 # 35
	11 # 25
Timestep 1:
	0 # 47
	1 # 42
	2 # 41
	3 # 53
	4 # 30
	5 # 12
	6 # 32
	7 # 50
	8 # 33
	9 # 44
	10 # 35
	11 # 26
Timestep 2:
	0 # 41
	1 # 42
	2 # 35
	3 # 54
	4 # 29
	5 # 19
	6 # 33
	7 # 44
	8 # 25
	9 # 43
	10 # 34
	11 # 18
Timestep 3:
	0 # 47
	1 # 41
	2 # 35
	3 # 55
	4 # 28
	5 # 27
	6 # 34
	7 # 37
	8 # 24
	9 # 42
	10 # 26
	11 # 19
Timestep 4:
	0 # 47
	1 # 35
	2 # 34
	3 # 48
	4 # 27
	5 # 26
	6 # 40
	7 # 30
	8 # 32
	9 # 36
	10 # 25
	11 # 20
Timestep 5:
	0 # 47
	1 # 34
	2 # 26
	3 # 49
	4 # 27
	5 # 25
	6 # 41
	7 # 29
	8 # 39
	9 # 35
	10 # 17
	11 # 28
Timestep 6:
	0 # 41
	1 # 26
	2 # 18
	3 # 50
	4 # 19
	5 # 24
	6 # 42
	7 # 28
	8 # 46
	9 # 34
	10 # 17
	11 # 20
Timestep 7:
	0 # 40
	1 # 26
	2 # 19
	3 # 44
	4 # 27
	5 # 25
	6 # 43
	7 # 20
	8 # 45
	9 # 33
	10 # 10
	11 # 21
Timestep 8:
	0 # 34
	1 # 27
	2 # 12
	3 # 37
	4 # 35
	5 # 17
	6 # 44
	7 # 19
	8 # 46
	9 # 32
	10 # 11
	11 # 14
Timestep 9:
	0 # 33
	1 # 28
	2 # 4
	3 # 30
	4 # 41
	5 # 25
	6 # 37
	7 # 27
	8 # 39
	9 # 31
	10 # 10
	11 # 6
Timestep 10:
	0 # 32
	1 # 36
	2 # 5
	3 # 29
	4 # 42
	5 # 33
	6 # 37
	7 # 35
	8 # 39
	9 # 38
	10 # 9
	11 # 14

