Solution makespan:10
Timestep 0:
	0 # 48
	1 # 53
	2 # 29
	3 # 40
	4 # 46
	5 # 36
	6 # 44
	7 # 51
	8 # 55
	9 # 25
	10 # 32
	11 # 47
	12 # 20
	13 # 24
	14 # 42
	15 # 39
	16 # 3
	17 # 28
	18 # 35
	19 # 26
	20 # 21
	21 # 45
	22 # 33
	23 # 19
	24 # 41
	25 # 6
	26 # 11
	27 # 5
Timestep 1:
	0 # 48
	1 # 53
	2 # 30
	3 # 40
	4 # 47
	5 # 29
	6 # 45
	7 # 52
	8 # 54
	9 # 25
	10 # 32
	11 # 39
	12 # 20
	13 # 23
	14 # 50
	15 # 38
	16 # 9
	17 # 21
	18 # 35
	19 # 27
	20 # 15
	21 # 37
	22 # 26
	23 # 24
	24 # 42
	25 # 7
	26 # 4
	27 # 5
Timestep 2:
	0 # 49
	1 # 45
	2 # 23
	3 # 41
	4 # 55
	5 # 29
	6 # 46
	7 # 53
	8 # 54
	9 # 24
	10 # 25
	11 # 32
	12 # 20
	13 # 18
	14 # 51
	15 # 37
	16 # 16
	17 # 15
	18 # 34
	19 # 28
	20 # 14
	21 # 30
	22 # 27
	23 # 31
	24 # 43
	25 # 8
	26 # 4
	27 # 13
Timestep 3:
	0 # 50
	1 # 37
	2 # 18
	3 # 42
	4 # 47
	5 # 30
	6 # 54
	7 # 45
	8 # 53
	9 # 31
	10 # 25
	11 # 39
	12 # 26
	13 # 19
	14 # 52
	15 # 36
	16 # 22
	17 # 16
	18 # 34
	19 # 21
	20 # 14
	21 # 23
	22 # 28
	23 # 38
	24 # 44
	25 # 9
	26 # 4
	27 # 12
Timestep 4:
	0 # 51
	1 # 30
	2 # 11
	3 # 43
	4 # 39
	5 # 23
	6 # 55
	7 # 46
	8 # 45
	9 # 38
	10 # 25
	11 # 32
	12 # 33
	13 # 24
	14 # 53
	15 # 35
	16 # 22
	17 # 17
	18 # 34
	19 # 15
	20 # 7
	21 # 18
	22 # 21
	23 # 37
	24 # 36
	25 # 16
	26 # 4
	27 # 13
Timestep 5:
	0 # 52
	1 # 23
	2 # 10
	3 # 44
	4 # 38
	5 # 18
	6 # 47
	7 # 46
	8 # 53
	9 # 37
	10 # 25
	11 # 31
	12 # 40
	13 # 24
	14 # 54
	15 # 34
	16 # 21
	17 # 17
	18 # 42
	19 # 14
	20 # 8
	21 # 11
	22 # 15
	23 # 36
	24 # 29
	25 # 22
	26 # 4
	27 # 12
Timestep 6:
	0 # 44
	1 # 18
	2 # 9
	3 # 45
	4 # 37
	5 # 17
	6 # 39
	7 # 54
	8 # 52
	9 # 36
	10 # 24
	11 # 38
	12 # 41
	13 # 23
	14 # 53
	15 # 42
	16 # 28
	17 # 10
	18 # 43
	19 # 7
	20 # 15
	21 # 12
	22 # 16
	23 # 35
	24 # 30
	25 # 21
	26 # 4
	27 # 19
Timestep 7:
	0 # 45
	1 # 17
	2 # 3
	3 # 46
	4 # 36
	5 # 16
	6 # 32
	7 # 55
	8 # 51
	9 # 29
	10 # 24
	11 # 39
	12 # 42
	13 # 30
	14 # 52
	15 # 50
	16 # 27
	17 # 10
	18 # 35
	19 # 8
	20 # 15
	21 # 19
	22 # 9
	23 # 34
	24 # 31
	25 # 28
	26 # 11
	27 # 18
Timestep 8:
	0 # 37
	1 # 16
	2 # 2
	3 # 54
	4 # 44
	5 # 22
	6 # 25
	7 # 55
	8 # 50
	9 # 36
	10 # 23
	11 # 47
	12 # 43
	13 # 30
	14 # 51
	15 # 49
	16 # 26
	17 # 10
	18 # 35
	19 # 8
	20 # 21
	21 # 24
	22 # 9
	23 # 34
	24 # 38
	25 # 28
	26 # 12
	27 # 18
Timestep 9:
	0 # 37
	1 # 15
	2 # 1
	3 # 46
	4 # 44
	5 # 22
	6 # 24
	7 # 54
	8 # 49
	9 # 35
	10 # 30
	11 # 47
	12 # 51
	13 # 29
	14 # 50
	15 # 41
	16 # 26
	17 # 11
	18 # 34
	19 # 9
	20 # 28
	21 # 31
	22 # 3
	23 # 42
	24 # 38
	25 # 27
	26 # 13
	27 # 19
Timestep 10:
	0 # 38
	1 # 14
	2 # 0
	3 # 47
	4 # 43
	5 # 21
	6 # 23
	7 # 54
	8 # 48
	9 # 34
	10 # 29
	11 # 55
	12 # 52
	13 # 36
	14 # 42
	15 # 40
	16 # 33
	17 # 4
	18 # 28
	19 # 10
	20 # 27
	21 # 31
	22 # 3
	23 # 41
	24 # 39
	25 # 26
	26 # 13
	27 # 19

