Solution makespan:12
Timestep 0:
	0 # 46
	1 # 48
	2 # 20
	3 # 8
	4 # 55
	5 # 37
	6 # 0
	7 # 42
	8 # 23
	9 # 7
	10 # 32
	11 # 11
	12 # 5
	13 # 24
	14 # 28
	15 # 40
	16 # 30
	17 # 12
	18 # 36
	19 # 52
	20 # 19
	21 # 51
	22 # 29
	23 # 15
	24 # 4
	25 # 17
	26 # 9
	27 # 39
Timestep 1:
	0 # 39
	1 # 47
	2 # 20
	3 # 15
	4 # 54
	5 # 38
	6 # 0
	7 # 35
	8 # 24
	9 # 7
	10 # 31
	11 # 4
	12 # 12
	13 # 25
	14 # 21
	15 # 40
	16 # 37
	17 # 11
	18 # 36
	19 # 53
	20 # 19
	21 # 45
	22 # 29
	23 # 16
	24 # 3
	25 # 18
	26 # 10
	27 # 32
Timestep 2:
	0 # 32
	1 # 47
	2 # 19
	3 # 22
	4 # 48
	5 # 39
	6 # 0
	7 # 35
	8 # 25
	9 # 8
	10 # 23
	11 # 3
	12 # 13
	13 # 26
	14 # 21
	15 # 40
	16 # 44
	17 # 4
	18 # 37
	19 # 54
	20 # 18
	21 # 45
	22 # 30
	23 # 9
	24 # 2
	25 # 11
	26 # 10
	27 # 31
Timestep 3:
	0 # 24
	1 # 53
	2 # 18
	3 # 23
	4 # 41
	5 # 32
	6 # 7
	7 # 34
	8 # 26
	9 # 15
	10 # 16
	11 # 2
	12 # 14
	13 # 27
	14 # 20
	15 # 39
	16 # 50
	17 # 3
	18 # 37
	19 # 48
	20 # 17
	21 # 44
	22 # 30
	23 # 9
	24 # 1
	25 # 12
	26 # 11
	27 # 38
Timestep 4:
	0 # 25
	1 # 53
	2 # 18
	3 # 23
	4 # 42
	5 # 24
	6 # 7
	7 # 33
	8 # 27
	9 # 16
	10 # 9
	11 # 1
	12 # 6
	13 # 28
	14 # 19
	15 # 46
	16 # 49
	17 # 3
	18 # 36
	19 # 41
	20 # 17
	21 # 45
	22 # 22
	23 # 10
	24 # 8
	25 # 13
	26 # 12
	27 # 37
Timestep 5:
	0 # 26
	1 # 47
	2 # 17
	3 # 31
	4 # 35
	5 # 25
	6 # 7
	7 # 33
	8 # 34
	9 # 9
	10 # 2
	11 # 8
	12 # 6
	13 # 21
	14 # 18
	15 # 45
	16 # 49
	17 # 4
	18 # 43
	19 # 42
	20 # 10
	21 # 51
	22 # 23
	23 # 11
	24 # 15
	25 # 20
	26 # 13
	27 # 38
Timestep 6:
	0 # 27
	1 # 53
	2 # 24
	3 # 30
	4 # 34
	5 # 25
	6 # 0
	7 # 26
	8 # 41
	9 # 2
	10 # 1
	11 # 9
	12 # 6
	13 # 28
	14 # 17
	15 # 38
	16 # 49
	17 # 11
	18 # 44
	19 # 42
	20 # 3
	21 # 51
	22 # 23
	23 # 12
	24 # 22
	25 # 21
	26 # 14
	27 # 31
Timestep 7:
	0 # 34
	1 # 53
	2 # 32
	3 # 37
	4 # 33
	5 # 26
	6 # 7
	7 # 19
	8 # 42
	9 # 3
	10 # 0
	11 # 10
	12 # 6
	13 # 28
	14 # 24
	15 # 31
	16 # 43
	17 # 18
	18 # 44
	19 # 35
	20 # 4
	21 # 50
	22 # 16
	23 # 13
	24 # 22
	25 # 21
	26 # 14
	27 # 23
Timestep 8:
	0 # 41
	1 # 47
	2 # 31
	3 # 37
	4 # 26
	5 # 27
	6 # 0
	7 # 18
	8 # 42
	9 # 4
	10 # 1
	11 # 17
	12 # 6
	13 # 28
	14 # 32
	15 # 23
	16 # 36
	17 # 25
	18 # 45
	19 # 34
	20 # 11
	21 # 49
	22 # 9
	23 # 13
	24 # 22
	25 # 21
	26 # 14
	27 # 16
Timestep 9:
	0 # 48
	1 # 53
	2 # 30
	3 # 38
	4 # 25
	5 # 34
	6 # 0
	7 # 17
	8 # 42
	9 # 5
	10 # 2
	11 # 24
	12 # 6
	13 # 35
	14 # 39
	15 # 16
	16 # 29
	17 # 18
	18 # 51
	19 # 33
	20 # 4
	21 # 50
	22 # 10
	23 # 20
	24 # 23
	25 # 28
	26 # 13
	27 # 9
Timestep 10:
	0 # 54
	1 # 52
	2 # 37
	3 # 39
	4 # 24
	5 # 41
	6 # 0
	7 # 17
	8 # 42
	9 # 12
	10 # 2
	11 # 32
	12 # 14
	13 # 34
	14 # 46
	15 # 15
	16 # 30
	17 # 18
	18 # 50
	19 # 26
	20 # 3
	21 # 49
	22 # 11
	23 # 21
	24 # 31
	25 # 35
	26 # 20
	27 # 10
Timestep 11:
	0 # 54
	1 # 53
	2 # 37
	3 # 46
	4 # 23
	5 # 48
	6 # 0
	7 # 16
	8 # 42
	9 # 19
	10 # 9
	11 # 24
	12 # 21
	13 # 33
	14 # 45
	15 # 8
	16 # 31
	17 # 18
	18 # 50
	19 # 25
	20 # 2
	21 # 49
	22 # 12
	23 # 28
	24 # 38
	25 # 34
	26 # 27
	27 # 3
Timestep 12:
	0 # 55
	1 # 54
	2 # 38
	3 # 45
	4 # 22
	5 # 48
	6 # 0
	7 # 15
	8 # 42
	9 # 19
	10 # 16
	11 # 25
	12 # 28
	13 # 33
	14 # 51
	15 # 1
	16 # 23
	17 # 11
	18 # 44
	19 # 18
	20 # 2
	21 # 49
	22 # 13
	23 # 35
	24 # 39
	25 # 41
	26 # 34
	27 # 4

