Solution makespan:6
Timestep 0:
	0 # 3
	1 # 6
	2 # 10
	3 # 8
	4 # 13
	5 # 7
	6 # 4
	7 # 1
Timestep 1:
	0 # 4
	1 # 10
	2 # 11
	3 # 9
	4 # 12
	5 # 8
	6 # 0
	7 # 5
Timestep 2:
	0 # 0
	1 # 10
	2 # 7
	3 # 13
	4 # 11
	5 # 9
	6 # 1
	7 # 4
Timestep 3:
	0 # 4
	1 # 10
	2 # 8
	3 # 13
	4 # 7
	5 # 5
	6 # 1
	7 # 3
Timestep 4:
	0 # 4
	1 # 11
	2 # 9
	3 # 13
	4 # 3
	5 # 5
	6 # 1
	7 # 2
Timestep 5:
	0 # 8
	1 # 11
	2 # 9
	3 # 13
	4 # 3
	5 # 5
	6 # 0
	7 # 6
Timestep 6:
	0 # 12
	1 # 7
	2 # 8
	3 # 13
	4 # 4
	5 # 5
	6 # 1
	7 # 10

