Solution makespan:10
Timestep 0:
	0 # 23
	1 # 14
	2 # 12
	3 # 17
	4 # 27
	5 # 25
	6 # 48
	7 # 34
Timestep 1:
	0 # 24
	1 # 14
	2 # 12
	3 # 25
	4 # 33
	5 # 26
	6 # 49
	7 # 35
Timestep 2:
	0 # 24
	1 # 22
	2 # 11
	3 # 32
	4 # 27
	5 # 26
	6 # 41
	7 # 43
Timestep 3:
	0 # 25
	1 # 21
	2 # 11
	3 # 32
	4 # 28
	5 # 27
	6 # 33
	7 # 50
Timestep 4:
	0 # 32
	1 # 20
	2 # 11
	3 # 39
	4 # 29
	5 # 26
	6 # 34
	7 # 43
Timestep 5:
	0 # 39
	1 # 19
	2 # 10
	3 # 47
	4 # 35
	5 # 26
	6 # 28
	7 # 42
Timestep 6:
	0 # 40
	1 # 18
	2 # 10
	3 # 39
	4 # 43
	5 # 27
	6 # 20
	7 # 42
Timestep 7:
	0 # 40
	1 # 17
	2 # 10
	3 # 39
	4 # 42
	5 # 33
	6 # 12
	7 # 41
Timestep 8:
	0 # 48
	1 # 25
	2 # 9
	3 # 38
	4 # 41
	5 # 34
	6 # 13
	7 # 40
Timestep 9:
	0 # 55
	1 # 24
	2 # 17
	3 # 37
	4 # 33
	5 # 34
	6 # 14
	7 # 39
Timestep 10:
	0 # 56
	1 # 23
	2 # 16
	3 # 31
	4 # 33
	5 # 35
	6 # 6
	7 # 32

