Solution makespan:11
Timestep 0:
	0 # 4
	1 # 6
	2 # 56
	3 # 40
	4 # 45
	5 # 47
	6 # 11
	7 # 49
	8 # 1
	9 # 32
	10 # 57
	11 # 8
	12 # 0
	13 # 10
	14 # 48
	15 # 15
	16 # 28
	17 # 46
	18 # 2
	19 # 17
Timestep 1:
	0 # 4
	1 # 5
	2 # 56
	3 # 41
	4 # 53
	5 # 47
	6 # 12
	7 # 50
	8 # 0
	9 # 39
	10 # 57
	11 # 9
	12 # 7
	13 # 17
	14 # 40
	15 # 15
	16 # 21
	17 # 54
	18 # 2
	19 # 16
Timestep 2:
	0 # 4
	1 # 6
	2 # 48
	3 # 41
	4 # 52
	5 # 46
	6 # 18
	7 # 50
	8 # 7
	9 # 47
	10 # 49
	11 # 16
	12 # 8
	13 # 17
	14 # 33
	15 # 21
	16 # 28
	17 # 55
	18 # 2
	19 # 23
Timestep 3:
	0 # 12
	1 # 14
	2 # 48
	3 # 40
	4 # 53
	5 # 45
	6 # 25
	7 # 49
	8 # 15
	9 # 46
	10 # 41
	11 # 23
	12 # 9
	13 # 10
	14 # 34
	15 # 28
	16 # 29
	17 # 47
	18 # 3
	19 # 30
Timestep 4:
	0 # 18
	1 # 6
	2 # 47
	3 # 48
	4 # 54
	5 # 44
	6 # 33
	7 # 57
	8 # 21
	9 # 45
	10 # 49
	11 # 16
	12 # 10
	13 # 17
	14 # 26
	15 # 28
	16 # 30
	17 # 39
	18 # 4
	19 # 38
Timestep 5:
	0 # 25
	1 # 5
	2 # 46
	3 # 47
	4 # 55
	5 # 44
	6 # 40
	7 # 49
	8 # 28
	9 # 53
	10 # 48
	11 # 17
	12 # 11
	13 # 10
	14 # 19
	15 # 29
	16 # 23
	17 # 39
	18 # 12
	19 # 30
Timestep 6:
	0 # 26
	1 # 4
	2 # 45
	3 # 46
	4 # 47
	5 # 37
	6 # 39
	7 # 41
	8 # 36
	9 # 54
	10 # 56
	11 # 10
	12 # 12
	13 # 9
	14 # 13
	15 # 30
	16 # 16
	17 # 32
	18 # 18
	19 # 38
Timestep 7:
	0 # 19
	1 # 3
	2 # 44
	3 # 45
	4 # 48
	5 # 29
	6 # 47
	7 # 40
	8 # 43
	9 # 54
	10 # 55
	11 # 10
	12 # 18
	13 # 16
	14 # 5
	15 # 31
	16 # 17
	17 # 33
	18 # 25
	19 # 30
Timestep 8:
	0 # 13
	1 # 11
	2 # 37
	3 # 38
	4 # 40
	5 # 22
	6 # 46
	7 # 39
	8 # 44
	9 # 53
	10 # 47
	11 # 10
	12 # 25
	13 # 23
	14 # 6
	15 # 32
	16 # 16
	17 # 34
	18 # 26
	19 # 31
Timestep 9:
	0 # 12
	1 # 10
	2 # 29
	3 # 37
	4 # 41
	5 # 23
	6 # 54
	7 # 39
	8 # 45
	9 # 52
	10 # 55
	11 # 2
	12 # 33
	13 # 30
	14 # 5
	15 # 24
	16 # 9
	17 # 35
	18 # 34
	19 # 32
Timestep 10:
	0 # 18
	1 # 17
	2 # 30
	3 # 36
	4 # 42
	5 # 16
	6 # 53
	7 # 47
	8 # 46
	9 # 51
	10 # 54
	11 # 2
	12 # 40
	13 # 31
	14 # 13
	15 # 25
	16 # 10
	17 # 27
	18 # 41
	19 # 33
Timestep 11:
	0 # 19
	1 # 17
	2 # 30
	3 # 28
	4 # 35
	5 # 9
	6 # 52
	7 # 39
	8 # 54
	9 # 43
	10 # 53
	11 # 3
	12 # 48
	13 # 32
	14 # 13
	15 # 26
	16 # 11
	17 # 20
	18 # 42
	19 # 34

