Solution makespan:10
Timestep 0:
	0 # 27
	1 # 26
	2 # 10
	3 # 18
	4 # 17
	5 # 25
	6 # 16
	7 # 19
	8 # 6
	9 # 13
	10 # 3
	11 # 55
	12 # 14
	13 # 32
	14 # 54
	15 # 58
	16 # 22
	17 # 15
	18 # 33
	19 # 45
Timestep 1:
	0 # 33
	1 # 25
	2 # 9
	3 # 11
	4 # 16
	5 # 17
	6 # 24
	7 # 18
	8 # 5
	9 # 20
	10 # 10
	11 # 47
	12 # 14
	13 # 26
	14 # 54
	15 # 50
	16 # 28
	17 # 22
	18 # 41
	19 # 46
Timestep 2:
	0 # 41
	1 # 25
	2 # 8
	3 # 12
	4 # 9
	5 # 16
	6 # 30
	7 # 11
	8 # 4
	9 # 19
	10 # 17
	11 # 39
	12 # 14
	13 # 18
	14 # 53
	15 # 58
	16 # 29
	17 # 23
	18 # 42
	19 # 47
Timestep 3:
	0 # 49
	1 # 31
	2 # 1
	3 # 19
	4 # 8
	5 # 16
	6 # 38
	7 # 4
	8 # 5
	9 # 27
	10 # 25
	11 # 40
	12 # 7
	13 # 18
	14 # 45
	15 # 50
	16 # 30
	17 # 24
	18 # 34
	19 # 48
Timestep 4:
	0 # 48
	1 # 39
	2 # 1
	3 # 27
	4 # 8
	5 # 9
	6 # 38
	7 # 3
	8 # 12
	9 # 33
	10 # 24
	11 # 32
	12 # 14
	13 # 11
	14 # 46
	15 # 58
	16 # 31
	17 # 16
	18 # 34
	19 # 40
Timestep 5:
	0 # 56
	1 # 47
	2 # 0
	3 # 33
	4 # 8
	5 # 16
	6 # 37
	7 # 4
	8 # 19
	9 # 41
	10 # 23
	11 # 26
	12 # 14
	13 # 10
	14 # 38
	15 # 57
	16 # 25
	17 # 17
	18 # 42
	19 # 32
Timestep 6:
	0 # 57
	1 # 47
	2 # 0
	3 # 41
	4 # 9
	5 # 24
	6 # 29
	7 # 11
	8 # 27
	9 # 40
	10 # 22
	11 # 18
	12 # 15
	13 # 3
	14 # 30
	15 # 49
	16 # 17
	17 # 10
	18 # 50
	19 # 26
Timestep 7:
	0 # 49
	1 # 46
	2 # 1
	3 # 40
	4 # 16
	5 # 30
	6 # 23
	7 # 12
	8 # 33
	9 # 48
	10 # 21
	11 # 17
	12 # 22
	13 # 2
	14 # 29
	15 # 41
	16 # 10
	17 # 3
	18 # 58
	19 # 18
Timestep 8:
	0 # 50
	1 # 45
	2 # 0
	3 # 39
	4 # 17
	5 # 30
	6 # 22
	7 # 13
	8 # 41
	9 # 47
	10 # 14
	11 # 10
	12 # 28
	13 # 1
	14 # 23
	15 # 42
	16 # 11
	17 # 3
	18 # 58
	19 # 19
Timestep 9:
	0 # 58
	1 # 44
	2 # 0
	3 # 38
	4 # 10
	5 # 29
	6 # 21
	7 # 13
	8 # 49
	9 # 46
	10 # 7
	11 # 3
	12 # 22
	13 # 1
	14 # 24
	15 # 42
	16 # 12
	17 # 4
	18 # 57
	19 # 20
Timestep 10:
	0 # 50
	1 # 43
	2 # 0
	3 # 37
	4 # 10
	5 # 28
	6 # 14
	7 # 12
	8 # 49
	9 # 46
	10 # 7
	11 # 2
	12 # 15
	13 # 8
	14 # 25
	15 # 41
	16 # 5
	17 # 3
	18 # 56
	19 # 13

