Solution makespan:11
Timestep 0:
	0 # 13
	1 # 7
	2 # 33
	3 # 34
	4 # 54
	5 # 21
	6 # 41
	7 # 5
	8 # 42
	9 # 11
	10 # 20
	11 # 25
	12 # 15
	13 # 10
	14 # 16
	15 # 23
	16 # 37
	17 # 40
	18 # 47
	19 # 39
Timestep 1:
	0 # 21
	1 # 8
	2 # 25
	3 # 33
	4 # 55
	5 # 27
	6 # 42
	7 # 5
	8 # 43
	9 # 19
	10 # 12
	11 # 26
	12 # 16
	13 # 11
	14 # 17
	15 # 24
	16 # 29
	17 # 48
	18 # 46
	19 # 32
Timestep 2:
	0 # 13
	1 # 9
	2 # 19
	3 # 33
	4 # 56
	5 # 35
	6 # 49
	7 # 6
	8 # 36
	9 # 18
	10 # 5
	11 # 34
	12 # 8
	13 # 12
	14 # 23
	15 # 25
	16 # 29
	17 # 47
	18 # 45
	19 # 39
Timestep 3:
	0 # 14
	1 # 17
	2 # 19
	3 # 40
	4 # 55
	5 # 42
	6 # 50
	7 # 5
	8 # 43
	9 # 24
	10 # 4
	11 # 33
	12 # 9
	13 # 20
	14 # 31
	15 # 26
	16 # 30
	17 # 46
	18 # 44
	19 # 47
Timestep 4:
	0 # 14
	1 # 23
	2 # 18
	3 # 48
	4 # 54
	5 # 41
	6 # 49
	7 # 6
	8 # 50
	9 # 32
	10 # 4
	11 # 40
	12 # 9
	13 # 19
	14 # 38
	15 # 26
	16 # 22
	17 # 51
	18 # 37
	19 # 39
Timestep 5:
	0 # 13
	1 # 31
	2 # 10
	3 # 47
	4 # 53
	5 # 34
	6 # 50
	7 # 6
	8 # 43
	9 # 39
	10 # 3
	11 # 48
	12 # 8
	13 # 25
	14 # 46
	15 # 26
	16 # 16
	17 # 51
	18 # 29
	19 # 38
Timestep 6:
	0 # 21
	1 # 32
	2 # 11
	3 # 39
	4 # 48
	5 # 26
	6 # 49
	7 # 13
	8 # 43
	9 # 40
	10 # 3
	11 # 47
	12 # 8
	13 # 33
	14 # 51
	15 # 25
	16 # 22
	17 # 52
	18 # 30
	19 # 31
Timestep 7:
	0 # 13
	1 # 39
	2 # 12
	3 # 38
	4 # 47
	5 # 26
	6 # 50
	7 # 14
	8 # 36
	9 # 41
	10 # 10
	11 # 46
	12 # 9
	13 # 34
	14 # 52
	15 # 24
	16 # 16
	17 # 53
	18 # 22
	19 # 23
Timestep 8:
	0 # 12
	1 # 40
	2 # 20
	3 # 31
	4 # 46
	5 # 26
	6 # 56
	7 # 13
	8 # 43
	9 # 41
	10 # 11
	11 # 51
	12 # 10
	13 # 35
	14 # 52
	15 # 18
	16 # 8
	17 # 54
	18 # 16
	19 # 17
Timestep 9:
	0 # 5
	1 # 41
	2 # 26
	3 # 23
	4 # 38
	5 # 34
	6 # 56
	7 # 6
	8 # 50
	9 # 42
	10 # 12
	11 # 52
	12 # 10
	13 # 27
	14 # 53
	15 # 18
	16 # 7
	17 # 55
	18 # 8
	19 # 9
Timestep 10:
	0 # 4
	1 # 42
	2 # 27
	3 # 22
	4 # 31
	5 # 33
	6 # 50
	7 # 5
	8 # 49
	9 # 35
	10 # 13
	11 # 47
	12 # 11
	13 # 28
	14 # 54
	15 # 19
	16 # 15
	17 # 56
	18 # 7
	19 # 10
Timestep 11:
	0 # 5
	1 # 43
	2 # 21
	3 # 16
	4 # 30
	5 # 25
	6 # 49
	7 # 6
	8 # 42
	9 # 34
	10 # 14
	11 # 48
	12 # 12
	13 # 36
	14 # 55
	15 # 20
	16 # 15
	17 # 50
	18 # 7
	19 # 3

