Solution makespan:10
Timestep 0:
	0 # 33
	1 # 42
	2 # 38
	3 # 25
	4 # 0
	5 # 13
	6 # 34
	7 # 6
	8 # 49
	9 # 10
	10 # 7
	11 # 43
Timestep 1:
	0 # 32
	1 # 43
	2 # 39
	3 # 24
	4 # 0
	5 # 14
	6 # 34
	7 # 6
	8 # 50
	9 # 9
	10 # 8
	11 # 36
Timestep 2:
	0 # 31
	1 # 36
	2 # 38
	3 # 23
	4 # 0
	5 # 15
	6 # 41
	7 # 7
	8 # 51
	9 # 3
	10 # 8
	11 # 28
Timestep 3:
	0 # 30
	1 # 28
	2 # 31
	3 # 22
	4 # 0
	5 # 15
	6 # 40
	7 # 8
	8 # 52
	9 # 2
	10 # 9
	11 # 29
Timestep 4:
	0 # 37
	1 # 21
	2 # 23
	3 # 16
	4 # 6
	5 # 7
	6 # 39
	7 # 9
	8 # 53
	9 # 1
	10 # 10
	11 # 28
Timestep 5:
	0 # 44
	1 # 14
	2 # 17
	3 # 15
	4 # 6
	5 # 8
	6 # 38
	7 # 9
	8 # 46
	9 # 7
	10 # 11
	11 # 29
Timestep 6:
	0 # 51
	1 # 6
	2 # 9
	3 # 14
	4 # 5
	5 # 8
	6 # 31
	7 # 10
	8 # 39
	9 # 15
	10 # 12
	11 # 29
Timestep 7:
	0 # 51
	1 # 7
	2 # 17
	3 # 21
	4 # 6
	5 # 16
	6 # 38
	7 # 11
	8 # 32
	9 # 14
	10 # 20
	11 # 30
Timestep 8:
	0 # 50
	1 # 8
	2 # 18
	3 # 28
	4 # 0
	5 # 22
	6 # 37
	7 # 19
	8 # 24
	9 # 21
	10 # 26
	11 # 31
Timestep 9:
	0 # 49
	1 # 9
	2 # 24
	3 # 36
	4 # 0
	5 # 30
	6 # 37
	7 # 20
	8 # 23
	9 # 28
	10 # 34
	11 # 38
Timestep 10:
	0 # 43
	1 # 10
	2 # 24
	3 # 36
	4 # 6
	5 # 30
	6 # 44
	7 # 26
	8 # 22
	9 # 29
	10 # 41
	11 # 39

