Solution makespan:8
Timestep 0:
	0 # 19
	1 # 46
	2 # 18
	3 # 27
	4 # 13
	5 # 30
	6 # 20
	7 # 15
Timestep 1:
	0 # 26
	1 # 47
	2 # 10
	3 # 28
	4 # 19
	5 # 22
	6 # 15
	7 # 14
Timestep 2:
	0 # 33
	1 # 39
	2 # 11
	3 # 34
	4 # 26
	5 # 30
	6 # 7
	7 # 14
Timestep 3:
	0 # 26
	1 # 33
	2 # 12
	3 # 41
	4 # 25
	5 # 35
	6 # 6
	7 # 15
Timestep 4:
	0 # 19
	1 # 26
	2 # 13
	3 # 40
	4 # 24
	5 # 30
	6 # 6
	7 # 20
Timestep 5:
	0 # 13
	1 # 19
	2 # 14
	3 # 48
	4 # 24
	5 # 29
	6 # 5
	7 # 28
Timestep 6:
	0 # 12
	1 # 13
	2 # 15
	3 # 40
	4 # 31
	5 # 30
	6 # 5
	7 # 28
Timestep 7:
	0 # 4
	1 # 14
	2 # 20
	3 # 41
	4 # 37
	5 # 30
	6 # 13
	7 # 27
Timestep 8:
	0 # 4
	1 # 15
	2 # 20
	3 # 34
	4 # 45
	5 # 30
	6 # 14
	7 # 26

