Solution makespan:10
Timestep 0:
	0 # 29
	1 # 41
	2 # 38
	3 # 8
	4 # 61
	5 # 55
	6 # 28
	7 # 59
	8 # 47
	9 # 26
	10 # 7
	11 # 17
Timestep 1:
	0 # 29
	1 # 33
	2 # 39
	3 # 9
	4 # 61
	5 # 55
	6 # 28
	7 # 60
	8 # 48
	9 # 19
	10 # 15
	11 # 16
Timestep 2:
	0 # 28
	1 # 32
	2 # 40
	3 # 10
	4 # 61
	5 # 47
	6 # 27
	7 # 59
	8 # 49
	9 # 11
	10 # 15
	11 # 8
Timestep 3:
	0 # 36
	1 # 31
	2 # 32
	3 # 18
	4 # 53
	5 # 47
	6 # 26
	7 # 58
	8 # 50
	9 # 12
	10 # 23
	11 # 9
Timestep 4:
	0 # 44
	1 # 31
	2 # 40
	3 # 25
	4 # 52
	5 # 39
	6 # 34
	7 # 57
	8 # 51
	9 # 13
	10 # 30
	11 # 10
Timestep 5:
	0 # 44
	1 # 30
	2 # 48
	3 # 33
	4 # 51
	5 # 31
	6 # 42
	7 # 49
	8 # 43
	9 # 14
	10 # 38
	11 # 11
Timestep 6:
	0 # 44
	1 # 23
	2 # 56
	3 # 41
	4 # 43
	5 # 24
	6 # 50
	7 # 48
	8 # 35
	9 # 14
	10 # 30
	11 # 12
Timestep 7:
	0 # 36
	1 # 15
	2 # 57
	3 # 41
	4 # 35
	5 # 16
	6 # 42
	7 # 48
	8 # 27
	9 # 14
	10 # 23
	11 # 13
Timestep 8:
	0 # 28
	1 # 7
	2 # 57
	3 # 33
	4 # 27
	5 # 17
	6 # 42
	7 # 49
	8 # 20
	9 # 6
	10 # 30
	11 # 12
Timestep 9:
	0 # 21
	1 # 0
	2 # 49
	3 # 41
	4 # 20
	5 # 18
	6 # 42
	7 # 50
	8 # 12
	9 # 14
	10 # 38
	11 # 11
Timestep 10:
	0 # 21
	1 # 0
	2 # 57
	3 # 33
	4 # 27
	5 # 25
	6 # 34
	7 # 51
	8 # 4
	9 # 14
	10 # 39
	11 # 19

