Solution makespan:12
Timestep 0:
	0 # 30
	1 # 55
	2 # 6
	3 # 8
	4 # 17
	5 # 23
	6 # 45
	7 # 35
	8 # 18
	9 # 36
	10 # 13
	11 # 41
Timestep 1:
	0 # 30
	1 # 54
	2 # 5
	3 # 13
	4 # 10
	5 # 29
	6 # 53
	7 # 28
	8 # 17
	9 # 35
	10 # 14
	11 # 33
Timestep 2:
	0 # 38
	1 # 53
	2 # 4
	3 # 20
	4 # 10
	5 # 30
	6 # 52
	7 # 35
	8 # 16
	9 # 43
	10 # 13
	11 # 34
Timestep 3:
	0 # 37
	1 # 52
	2 # 3
	3 # 20
	4 # 17
	5 # 29
	6 # 51
	7 # 28
	8 # 15
	9 # 42
	10 # 14
	11 # 35
Timestep 4:
	0 # 38
	1 # 51
	2 # 2
	3 # 21
	4 # 16
	5 # 23
	6 # 50
	7 # 28
	8 # 9
	9 # 43
	10 # 14
	11 # 36
Timestep 5:
	0 # 39
	1 # 50
	2 # 1
	3 # 22
	4 # 17
	5 # 15
	6 # 49
	7 # 35
	8 # 3
	9 # 43
	10 # 21
	11 # 36
Timestep 6:
	0 # 40
	1 # 49
	2 # 0
	3 # 23
	4 # 10
	5 # 16
	6 # 42
	7 # 34
	8 # 2
	9 # 43
	10 # 22
	11 # 37
Timestep 7:
	0 # 39
	1 # 49
	2 # 8
	3 # 24
	4 # 10
	5 # 17
	6 # 41
	7 # 34
	8 # 1
	9 # 43
	10 # 23
	11 # 44
Timestep 8:
	0 # 38
	1 # 48
	2 # 13
	3 # 30
	4 # 5
	5 # 18
	6 # 42
	7 # 35
	8 # 2
	9 # 50
	10 # 15
	11 # 45
Timestep 9:
	0 # 37
	1 # 49
	2 # 20
	3 # 31
	4 # 4
	5 # 25
	6 # 41
	7 # 36
	8 # 1
	9 # 51
	10 # 16
	11 # 38
Timestep 10:
	0 # 29
	1 # 50
	2 # 27
	3 # 39
	4 # 3
	5 # 32
	6 # 48
	7 # 36
	8 # 0
	9 # 52
	10 # 17
	11 # 45
Timestep 11:
	0 # 29
	1 # 51
	2 # 34
	3 # 46
	4 # 9
	5 # 31
	6 # 49
	7 # 37
	8 # 8
	9 # 44
	10 # 10
	11 # 53
Timestep 12:
	0 # 23
	1 # 51
	2 # 42
	3 # 46
	4 # 15
	5 # 30
	6 # 49
	7 # 38
	8 # 7
	9 # 44
	10 # 5
	11 # 52

