Solution makespan:11
Timestep 0:
	0 # 39
	1 # 18
	2 # 52
	3 # 45
	4 # 3
	5 # 34
	6 # 24
	7 # 17
	8 # 30
	9 # 26
	10 # 33
	11 # 15
	12 # 41
	13 # 16
	14 # 23
	15 # 7
	16 # 10
	17 # 40
	18 # 11
	19 # 51
	20 # 47
	21 # 2
	22 # 35
	23 # 14
	24 # 42
	25 # 12
	26 # 0
	27 # 25
Timestep 1:
	0 # 39
	1 # 18
	2 # 44
	3 # 45
	4 # 4
	5 # 35
	6 # 25
	7 # 17
	8 # 38
	9 # 27
	10 # 26
	11 # 16
	12 # 49
	13 # 22
	14 # 23
	15 # 14
	16 # 9
	17 # 48
	18 # 10
	19 # 52
	20 # 46
	21 # 3
	22 # 36
	23 # 13
	24 # 41
	25 # 11
	26 # 6
	27 # 31
Timestep 2:
	0 # 40
	1 # 11
	2 # 36
	3 # 44
	4 # 5
	5 # 35
	6 # 18
	7 # 23
	8 # 46
	9 # 34
	10 # 20
	11 # 8
	12 # 41
	13 # 22
	14 # 24
	15 # 21
	16 # 2
	17 # 55
	18 # 9
	19 # 53
	20 # 45
	21 # 4
	22 # 37
	23 # 13
	24 # 33
	25 # 10
	26 # 7
	27 # 32
Timestep 3:
	0 # 48
	1 # 12
	2 # 28
	3 # 52
	4 # 5
	5 # 36
	6 # 19
	7 # 29
	8 # 47
	9 # 42
	10 # 21
	11 # 9
	12 # 49
	13 # 23
	14 # 25
	15 # 27
	16 # 2
	17 # 54
	18 # 17
	19 # 45
	20 # 44
	21 # 11
	22 # 38
	23 # 13
	24 # 33
	25 # 3
	26 # 14
	27 # 31
Timestep 4:
	0 # 55
	1 # 11
	2 # 22
	3 # 52
	4 # 5
	5 # 28
	6 # 19
	7 # 37
	8 # 48
	9 # 43
	10 # 20
	11 # 10
	12 # 49
	13 # 24
	14 # 31
	15 # 34
	16 # 9
	17 # 54
	18 # 17
	19 # 46
	20 # 36
	21 # 18
	22 # 39
	23 # 13
	24 # 41
	25 # 4
	26 # 15
	27 # 30
Timestep 5:
	0 # 48
	1 # 12
	2 # 23
	3 # 51
	4 # 4
	5 # 29
	6 # 18
	7 # 36
	8 # 40
	9 # 44
	10 # 20
	11 # 11
	12 # 50
	13 # 24
	14 # 30
	15 # 42
	16 # 8
	17 # 55
	18 # 17
	19 # 47
	20 # 35
	21 # 25
	22 # 31
	23 # 13
	24 # 49
	25 # 3
	26 # 16
	27 # 38
Timestep 6:
	0 # 47
	1 # 19
	2 # 17
	3 # 51
	4 # 3
	5 # 23
	6 # 18
	7 # 35
	8 # 32
	9 # 44
	10 # 26
	11 # 12
	12 # 50
	13 # 30
	14 # 29
	15 # 43
	16 # 16
	17 # 55
	18 # 9
	19 # 54
	20 # 34
	21 # 25
	22 # 31
	23 # 20
	24 # 49
	25 # 10
	26 # 22
	27 # 37
Timestep 7:
	0 # 46
	1 # 19
	2 # 9
	3 # 51
	4 # 2
	5 # 22
	6 # 25
	7 # 34
	8 # 31
	9 # 36
	10 # 33
	11 # 5
	12 # 42
	13 # 38
	14 # 37
	15 # 44
	16 # 15
	17 # 48
	18 # 8
	19 # 55
	20 # 27
	21 # 24
	22 # 39
	23 # 21
	24 # 50
	25 # 3
	26 # 28
	27 # 45
Timestep 8:
	0 # 47
	1 # 18
	2 # 10
	3 # 50
	4 # 9
	5 # 23
	6 # 24
	7 # 27
	8 # 25
	9 # 28
	10 # 41
	11 # 4
	12 # 34
	13 # 37
	14 # 36
	15 # 45
	16 # 14
	17 # 48
	18 # 16
	19 # 54
	20 # 21
	21 # 30
	22 # 40
	23 # 20
	24 # 42
	25 # 3
	26 # 29
	27 # 53
Timestep 9:
	0 # 39
	1 # 25
	2 # 11
	3 # 42
	4 # 8
	5 # 17
	6 # 23
	7 # 21
	8 # 24
	9 # 22
	10 # 41
	11 # 5
	12 # 27
	13 # 37
	14 # 44
	15 # 46
	16 # 7
	17 # 40
	18 # 15
	19 # 55
	20 # 14
	21 # 38
	22 # 32
	23 # 26
	24 # 34
	25 # 3
	26 # 30
	27 # 52
Timestep 10:
	0 # 38
	1 # 31
	2 # 18
	3 # 34
	4 # 16
	5 # 9
	6 # 29
	7 # 20
	8 # 25
	9 # 23
	10 # 41
	11 # 5
	12 # 26
	13 # 45
	14 # 43
	15 # 47
	16 # 6
	17 # 39
	18 # 14
	19 # 48
	20 # 7
	21 # 37
	22 # 40
	23 # 33
	24 # 27
	25 # 10
	26 # 30
	27 # 51
Timestep 11:
	0 # 37
	1 # 32
	2 # 19
	3 # 35
	4 # 22
	5 # 2
	6 # 29
	7 # 13
	8 # 18
	9 # 17
	10 # 41
	11 # 12
	12 # 26
	13 # 46
	14 # 42
	15 # 54
	16 # 6
	17 # 38
	18 # 7
	19 # 40
	20 # 1
	21 # 36
	22 # 39
	23 # 33
	24 # 21
	25 # 11
	26 # 31
	27 # 50

