Solution makespan:8
Timestep 0:
	0 # 49
	1 # 41
	2 # 16
	3 # 18
	4 # 22
	5 # 23
	6 # 3
	7 # 56
Timestep 1:
	0 # 49
	1 # 47
	2 # 24
	3 # 26
	4 # 30
	5 # 22
	6 # 4
	7 # 56
Timestep 2:
	0 # 43
	1 # 41
	2 # 25
	3 # 34
	4 # 31
	5 # 21
	6 # 9
	7 # 55
Timestep 3:
	0 # 35
	1 # 40
	2 # 26
	3 # 42
	4 # 23
	5 # 21
	6 # 17
	7 # 56
Timestep 4:
	0 # 36
	1 # 39
	2 # 27
	3 # 41
	4 # 15
	5 # 13
	6 # 18
	7 # 55
Timestep 5:
	0 # 36
	1 # 38
	2 # 28
	3 # 40
	4 # 14
	5 # 13
	6 # 10
	7 # 56
Timestep 6:
	0 # 28
	1 # 30
	2 # 20
	3 # 39
	4 # 15
	5 # 13
	6 # 18
	7 # 56
Timestep 7:
	0 # 28
	1 # 22
	2 # 20
	3 # 38
	4 # 15
	5 # 13
	6 # 18
	7 # 55
Timestep 8:
	0 # 36
	1 # 30
	2 # 12
	3 # 46
	4 # 14
	5 # 21
	6 # 10
	7 # 56

