Solution makespan:10
Timestep 0:
	0 # 35
	1 # 13
	2 # 44
	3 # 14
	4 # 10
	5 # 12
	6 # 37
	7 # 25
	8 # 46
	9 # 20
	10 # 7
	11 # 9
Timestep 1:
	0 # 34
	1 # 12
	2 # 45
	3 # 14
	4 # 4
	5 # 19
	6 # 31
	7 # 24
	8 # 46
	9 # 20
	10 # 7
	11 # 16
Timestep 2:
	0 # 35
	1 # 6
	2 # 44
	3 # 21
	4 # 3
	5 # 26
	6 # 24
	7 # 17
	8 # 45
	9 # 19
	10 # 13
	11 # 15
Timestep 3:
	0 # 41
	1 # 6
	2 # 43
	3 # 27
	4 # 2
	5 # 25
	6 # 17
	7 # 18
	8 # 45
	9 # 26
	10 # 12
	11 # 22
Timestep 4:
	0 # 35
	1 # 12
	2 # 42
	3 # 34
	4 # 1
	5 # 24
	6 # 17
	7 # 25
	8 # 44
	9 # 33
	10 # 11
	11 # 28
Timestep 5:
	0 # 34
	1 # 12
	2 # 41
	3 # 40
	4 # 0
	5 # 23
	6 # 18
	7 # 24
	8 # 37
	9 # 32
	10 # 10
	11 # 28
Timestep 6:
	0 # 34
	1 # 13
	2 # 35
	3 # 41
	4 # 8
	5 # 30
	6 # 11
	7 # 23
	8 # 31
	9 # 38
	10 # 17
	11 # 28
Timestep 7:
	0 # 40
	1 # 20
	2 # 34
	3 # 42
	4 # 8
	5 # 29
	6 # 5
	7 # 30
	8 # 32
	9 # 45
	10 # 24
	11 # 35
Timestep 8:
	0 # 41
	1 # 19
	2 # 27
	3 # 43
	4 # 14
	5 # 28
	6 # 6
	7 # 36
	8 # 25
	9 # 46
	10 # 31
	11 # 34
Timestep 9:
	0 # 41
	1 # 26
	2 # 27
	3 # 36
	4 # 21
	5 # 35
	6 # 6
	7 # 30
	8 # 18
	9 # 47
	10 # 37
	11 # 40
Timestep 10:
	0 # 35
	1 # 33
	2 # 28
	3 # 30
	4 # 27
	5 # 34
	6 # 7
	7 # 29
	8 # 19
	9 # 54
	10 # 36
	11 # 41

