Solution makespan:12
Timestep 0:
	0 # 20
	1 # 10
	2 # 15
	3 # 43
	4 # 6
	5 # 36
	6 # 42
	7 # 41
	8 # 22
	9 # 24
	10 # 57
	11 # 1
	12 # 59
	13 # 30
	14 # 47
	15 # 32
	16 # 17
	17 # 23
	18 # 25
	19 # 50
	20 # 13
	21 # 56
	22 # 8
	23 # 49
	24 # 29
	25 # 39
	26 # 35
	27 # 2
	28 # 11
	29 # 48
	30 # 21
	31 # 4
Timestep 1:
	0 # 26
	1 # 11
	2 # 16
	3 # 43
	4 # 5
	5 # 36
	6 # 35
	7 # 41
	8 # 21
	9 # 23
	10 # 56
	11 # 1
	12 # 58
	13 # 38
	14 # 40
	15 # 24
	16 # 17
	17 # 22
	18 # 19
	19 # 42
	20 # 20
	21 # 55
	22 # 9
	23 # 57
	24 # 37
	25 # 46
	26 # 27
	27 # 2
	28 # 3
	29 # 48
	30 # 15
	31 # 12
Timestep 2:
	0 # 25
	1 # 18
	2 # 22
	3 # 42
	4 # 13
	5 # 43
	6 # 34
	7 # 49
	8 # 29
	9 # 31
	10 # 55
	11 # 1
	12 # 59
	13 # 39
	14 # 40
	15 # 23
	16 # 17
	17 # 30
	18 # 12
	19 # 35
	20 # 19
	21 # 47
	22 # 8
	23 # 57
	24 # 44
	25 # 45
	26 # 28
	27 # 3
	28 # 4
	29 # 56
	30 # 21
	31 # 11
Timestep 3:
	0 # 19
	1 # 24
	2 # 23
	3 # 41
	4 # 20
	5 # 42
	6 # 33
	7 # 50
	8 # 37
	9 # 30
	10 # 54
	11 # 0
	12 # 51
	13 # 39
	14 # 47
	15 # 17
	16 # 16
	17 # 38
	18 # 4
	19 # 27
	20 # 12
	21 # 48
	22 # 15
	23 # 49
	24 # 45
	25 # 46
	26 # 36
	27 # 11
	28 # 5
	29 # 57
	30 # 29
	31 # 10
Timestep 4:
	0 # 18
	1 # 32
	2 # 24
	3 # 49
	4 # 26
	5 # 35
	6 # 25
	7 # 42
	8 # 44
	9 # 22
	10 # 53
	11 # 1
	12 # 50
	13 # 40
	14 # 55
	15 # 17
	16 # 16
	17 # 39
	18 # 3
	19 # 27
	20 # 13
	21 # 56
	22 # 21
	23 # 48
	24 # 45
	25 # 54
	26 # 36
	27 # 12
	28 # 4
	29 # 58
	30 # 29
	31 # 9
Timestep 5:
	0 # 11
	1 # 33
	2 # 32
	3 # 48
	4 # 34
	5 # 36
	6 # 25
	7 # 42
	8 # 52
	9 # 23
	10 # 45
	11 # 1
	12 # 49
	13 # 40
	14 # 56
	15 # 18
	16 # 15
	17 # 46
	18 # 2
	19 # 26
	20 # 5
	21 # 57
	22 # 29
	23 # 47
	24 # 38
	25 # 54
	26 # 43
	27 # 19
	28 # 12
	29 # 50
	30 # 37
	31 # 16
Timestep 6:
	0 # 10
	1 # 33
	2 # 31
	3 # 47
	4 # 34
	5 # 36
	6 # 24
	7 # 35
	8 # 52
	9 # 17
	10 # 38
	11 # 0
	12 # 48
	13 # 32
	14 # 57
	15 # 18
	16 # 21
	17 # 54
	18 # 1
	19 # 25
	20 # 6
	21 # 49
	22 # 30
	23 # 40
	24 # 37
	25 # 55
	26 # 43
	27 # 20
	28 # 13
	29 # 42
	30 # 44
	31 # 22
Timestep 7:
	0 # 10
	1 # 34
	2 # 32
	3 # 46
	4 # 41
	5 # 43
	6 # 18
	7 # 27
	8 # 53
	9 # 17
	10 # 30
	11 # 0
	12 # 48
	13 # 24
	14 # 58
	15 # 11
	16 # 29
	17 # 54
	18 # 9
	19 # 19
	20 # 7
	21 # 49
	22 # 22
	23 # 40
	24 # 44
	25 # 47
	26 # 51
	27 # 26
	28 # 20
	29 # 35
	30 # 45
	31 # 23
Timestep 8:
	0 # 2
	1 # 35
	2 # 33
	3 # 45
	4 # 49
	5 # 42
	6 # 17
	7 # 26
	8 # 54
	9 # 10
	10 # 29
	11 # 8
	12 # 47
	13 # 18
	14 # 58
	15 # 12
	16 # 37
	17 # 55
	18 # 16
	19 # 19
	20 # 14
	21 # 48
	22 # 30
	23 # 32
	24 # 52
	25 # 46
	26 # 59
	27 # 25
	28 # 20
	29 # 27
	30 # 38
	31 # 31
Timestep 9:
	0 # 1
	1 # 36
	2 # 34
	3 # 38
	4 # 41
	5 # 42
	6 # 16
	7 # 20
	8 # 55
	9 # 17
	10 # 21
	11 # 8
	12 # 40
	13 # 11
	14 # 50
	15 # 4
	16 # 44
	17 # 56
	18 # 22
	19 # 12
	20 # 14
	21 # 47
	22 # 31
	23 # 24
	24 # 53
	25 # 45
	26 # 59
	27 # 33
	28 # 13
	29 # 26
	30 # 37
	31 # 39
Timestep 10:
	0 # 2
	1 # 43
	2 # 26
	3 # 30
	4 # 41
	5 # 42
	6 # 9
	7 # 13
	8 # 56
	9 # 18
	10 # 15
	11 # 8
	12 # 39
	13 # 11
	14 # 49
	15 # 5
	16 # 45
	17 # 57
	18 # 23
	19 # 4
	20 # 14
	21 # 40
	22 # 32
	23 # 25
	24 # 54
	25 # 38
	26 # 51
	27 # 34
	28 # 12
	29 # 20
	30 # 29
	31 # 46
Timestep 11:
	0 # 2
	1 # 36
	2 # 20
	3 # 22
	4 # 49
	5 # 42
	6 # 9
	7 # 12
	8 # 57
	9 # 19
	10 # 8
	11 # 0
	12 # 39
	13 # 10
	14 # 48
	15 # 6
	16 # 38
	17 # 58
	18 # 17
	19 # 4
	20 # 14
	21 # 32
	22 # 33
	23 # 26
	24 # 55
	25 # 37
	26 # 43
	27 # 35
	28 # 11
	29 # 13
	30 # 21
	31 # 54
Timestep 12:
	0 # 3
	1 # 28
	2 # 13
	3 # 16
	4 # 48
	5 # 42
	6 # 8
	7 # 11
	8 # 49
	9 # 20
	10 # 0
	11 # 1
	12 # 46
	13 # 2
	14 # 47
	15 # 6
	16 # 30
	17 # 50
	18 # 10
	19 # 4
	20 # 14
	21 # 33
	22 # 34
	23 # 27
	24 # 56
	25 # 29
	26 # 51
	27 # 36
	28 # 18
	29 # 5
	30 # 21
	31 # 55

