Solution makespan:9
Timestep 0:
	0 # 51
	1 # 19
	2 # 26
	3 # 6
	4 # 49
	5 # 39
	6 # 47
	7 # 21
	8 # 56
	9 # 34
	10 # 58
	11 # 35
	12 # 9
	13 # 25
	14 # 30
	15 # 31
Timestep 1:
	0 # 50
	1 # 12
	2 # 34
	3 # 5
	4 # 41
	5 # 40
	6 # 47
	7 # 29
	8 # 55
	9 # 33
	10 # 57
	11 # 27
	12 # 16
	13 # 24
	14 # 30
	15 # 38
Timestep 2:
	0 # 49
	1 # 12
	2 # 33
	3 # 4
	4 # 42
	5 # 41
	6 # 48
	7 # 37
	8 # 55
	9 # 25
	10 # 51
	11 # 27
	12 # 17
	13 # 32
	14 # 31
	15 # 46
Timestep 3:
	0 # 41
	1 # 4
	2 # 40
	3 # 3
	4 # 35
	5 # 34
	6 # 49
	7 # 44
	8 # 56
	9 # 26
	10 # 43
	11 # 19
	12 # 18
	13 # 39
	14 # 38
	15 # 53
Timestep 4:
	0 # 40
	1 # 3
	2 # 48
	3 # 2
	4 # 36
	5 # 35
	6 # 50
	7 # 43
	8 # 49
	9 # 27
	10 # 42
	11 # 12
	12 # 26
	13 # 47
	14 # 31
	15 # 54
Timestep 5:
	0 # 39
	1 # 2
	2 # 48
	3 # 10
	4 # 43
	5 # 35
	6 # 42
	7 # 51
	8 # 50
	9 # 27
	10 # 41
	11 # 4
	12 # 34
	13 # 54
	14 # 32
	15 # 53
Timestep 6:
	0 # 47
	1 # 1
	2 # 48
	3 # 2
	4 # 42
	5 # 36
	6 # 35
	7 # 57
	8 # 51
	9 # 28
	10 # 40
	11 # 12
	12 # 41
	13 # 53
	14 # 33
	15 # 46
Timestep 7:
	0 # 46
	1 # 0
	2 # 47
	3 # 1
	4 # 50
	5 # 35
	6 # 27
	7 # 57
	8 # 51
	9 # 29
	10 # 33
	11 # 11
	12 # 49
	13 # 52
	14 # 34
	15 # 38
Timestep 8:
	0 # 53
	1 # 0
	2 # 48
	3 # 2
	4 # 49
	5 # 27
	6 # 28
	7 # 51
	8 # 50
	9 # 29
	10 # 25
	11 # 3
	12 # 56
	13 # 52
	14 # 26
	15 # 31
Timestep 9:
	0 # 54
	1 # 1
	2 # 40
	3 # 2
	4 # 50
	5 # 28
	6 # 20
	7 # 57
	8 # 42
	9 # 29
	10 # 24
	11 # 3
	12 # 56
	13 # 45
	14 # 34
	15 # 32

