Solution makespan:12
Timestep 0:
	0 # 35
	1 # 47
	2 # 13
	3 # 22
	4 # 18
	5 # 48
	6 # 52
	7 # 57
	8 # 25
	9 # 55
	10 # 46
	11 # 15
	12 # 26
	13 # 28
	14 # 7
	15 # 58
	16 # 17
	17 # 23
	18 # 14
	19 # 39
	20 # 43
	21 # 12
	22 # 30
	23 # 38
	24 # 29
	25 # 0
	26 # 6
	27 # 34
	28 # 8
	29 # 60
	30 # 3
	31 # 2
Timestep 1:
	0 # 43
	1 # 40
	2 # 6
	3 # 30
	4 # 10
	5 # 41
	6 # 51
	7 # 56
	8 # 33
	9 # 48
	10 # 53
	11 # 16
	12 # 18
	13 # 36
	14 # 7
	15 # 58
	16 # 25
	17 # 24
	18 # 14
	19 # 39
	20 # 44
	21 # 20
	22 # 29
	23 # 46
	24 # 21
	25 # 1
	26 # 5
	27 # 26
	28 # 15
	29 # 59
	30 # 4
	31 # 3
Timestep 2:
	0 # 43
	1 # 32
	2 # 6
	3 # 29
	4 # 9
	5 # 41
	6 # 50
	7 # 56
	8 # 33
	9 # 48
	10 # 52
	11 # 17
	12 # 10
	13 # 37
	14 # 14
	15 # 57
	16 # 24
	17 # 23
	18 # 22
	19 # 40
	20 # 51
	21 # 19
	22 # 28
	23 # 45
	24 # 21
	25 # 2
	26 # 12
	27 # 27
	28 # 16
	29 # 58
	30 # 11
	31 # 4
Timestep 3:
	0 # 42
	1 # 24
	2 # 7
	3 # 28
	4 # 2
	5 # 40
	6 # 49
	7 # 55
	8 # 33
	9 # 41
	10 # 53
	11 # 9
	12 # 10
	13 # 37
	14 # 14
	15 # 50
	16 # 23
	17 # 15
	18 # 21
	19 # 47
	20 # 52
	21 # 18
	22 # 27
	23 # 44
	24 # 13
	25 # 3
	26 # 12
	27 # 19
	28 # 17
	29 # 58
	30 # 11
	31 # 5
Timestep 4:
	0 # 49
	1 # 16
	2 # 7
	3 # 27
	4 # 1
	5 # 39
	6 # 48
	7 # 55
	8 # 32
	9 # 33
	10 # 53
	11 # 10
	12 # 3
	13 # 38
	14 # 13
	15 # 51
	16 # 31
	17 # 23
	18 # 29
	19 # 47
	20 # 45
	21 # 18
	22 # 35
	23 # 43
	24 # 6
	25 # 2
	26 # 20
	27 # 11
	28 # 25
	29 # 57
	30 # 4
	31 # 5
Timestep 5:
	0 # 48
	1 # 16
	2 # 7
	3 # 26
	4 # 0
	5 # 39
	6 # 47
	7 # 56
	8 # 40
	9 # 34
	10 # 53
	11 # 11
	12 # 2
	13 # 37
	14 # 21
	15 # 52
	16 # 31
	17 # 23
	18 # 30
	19 # 54
	20 # 46
	21 # 19
	22 # 43
	23 # 42
	24 # 6
	25 # 9
	26 # 20
	27 # 12
	28 # 33
	29 # 50
	30 # 3
	31 # 5
Timestep 6:
	0 # 55
	1 # 15
	2 # 7
	3 # 25
	4 # 8
	5 # 39
	6 # 47
	7 # 57
	8 # 40
	9 # 26
	10 # 60
	11 # 10
	12 # 1
	13 # 37
	14 # 22
	15 # 52
	16 # 32
	17 # 24
	18 # 38
	19 # 54
	20 # 53
	21 # 18
	22 # 42
	23 # 34
	24 # 13
	25 # 9
	26 # 28
	27 # 12
	28 # 41
	29 # 49
	30 # 4
	31 # 5
Timestep 7:
	0 # 56
	1 # 23
	2 # 6
	3 # 25
	4 # 15
	5 # 39
	6 # 47
	7 # 58
	8 # 41
	9 # 27
	10 # 53
	11 # 9
	12 # 0
	13 # 45
	14 # 14
	15 # 52
	16 # 33
	17 # 32
	18 # 37
	19 # 55
	20 # 46
	21 # 10
	22 # 43
	23 # 26
	24 # 21
	25 # 17
	26 # 20
	27 # 12
	28 # 48
	29 # 42
	30 # 3
	31 # 4
Timestep 8:
	0 # 56
	1 # 23
	2 # 6
	3 # 33
	4 # 16
	5 # 31
	6 # 48
	7 # 51
	8 # 42
	9 # 35
	10 # 46
	11 # 17
	12 # 0
	13 # 44
	14 # 7
	15 # 52
	16 # 32
	17 # 40
	18 # 36
	19 # 54
	20 # 38
	21 # 10
	22 # 50
	23 # 26
	24 # 22
	25 # 18
	26 # 20
	27 # 13
	28 # 49
	29 # 34
	30 # 2
	31 # 4
Timestep 9:
	0 # 56
	1 # 15
	2 # 13
	3 # 41
	4 # 24
	5 # 23
	6 # 55
	7 # 51
	8 # 34
	9 # 27
	10 # 46
	11 # 18
	12 # 0
	13 # 44
	14 # 7
	15 # 53
	16 # 32
	17 # 40
	18 # 35
	19 # 47
	20 # 38
	21 # 11
	22 # 57
	23 # 25
	24 # 22
	25 # 19
	26 # 28
	27 # 14
	28 # 50
	29 # 26
	30 # 9
	31 # 3
Timestep 10:
	0 # 49
	1 # 16
	2 # 21
	3 # 48
	4 # 32
	5 # 23
	6 # 56
	7 # 44
	8 # 35
	9 # 26
	10 # 38
	11 # 10
	12 # 1
	13 # 45
	14 # 6
	15 # 60
	16 # 33
	17 # 41
	18 # 43
	19 # 54
	20 # 37
	21 # 12
	22 # 58
	23 # 17
	24 # 22
	25 # 19
	26 # 27
	27 # 13
	28 # 51
	29 # 18
	30 # 9
	31 # 3
Timestep 11:
	0 # 42
	1 # 24
	2 # 29
	3 # 47
	4 # 40
	5 # 15
	6 # 49
	7 # 45
	8 # 43
	9 # 26
	10 # 30
	11 # 3
	12 # 2
	13 # 37
	14 # 5
	15 # 60
	16 # 34
	17 # 33
	18 # 50
	19 # 55
	20 # 36
	21 # 20
	22 # 51
	23 # 16
	24 # 21
	25 # 18
	26 # 27
	27 # 14
	28 # 52
	29 # 10
	30 # 17
	31 # 4
Timestep 12:
	0 # 43
	1 # 24
	2 # 29
	3 # 54
	4 # 47
	5 # 8
	6 # 50
	7 # 45
	8 # 44
	9 # 18
	10 # 30
	11 # 2
	12 # 1
	13 # 37
	14 # 12
	15 # 60
	16 # 35
	17 # 34
	18 # 57
	19 # 56
	20 # 36
	21 # 28
	22 # 52
	23 # 16
	24 # 20
	25 # 17
	26 # 19
	27 # 22
	28 # 53
	29 # 3
	30 # 25
	31 # 11

