Solution makespan:11
Timestep 0:
	0 # 18
	1 # 28
	2 # 8
	3 # 3
	4 # 15
	5 # 9
	6 # 48
	7 # 56
	8 # 37
	9 # 34
	10 # 14
	11 # 5
Timestep 1:
	0 # 19
	1 # 29
	2 # 9
	3 # 4
	4 # 22
	5 # 17
	6 # 49
	7 # 56
	8 # 38
	9 # 34
	10 # 14
	11 # 5
Timestep 2:
	0 # 11
	1 # 35
	2 # 9
	3 # 12
	4 # 21
	5 # 17
	6 # 55
	7 # 56
	8 # 45
	9 # 27
	10 # 13
	11 # 6
Timestep 3:
	0 # 3
	1 # 43
	2 # 17
	3 # 20
	4 # 29
	5 # 24
	6 # 55
	7 # 56
	8 # 46
	9 # 34
	10 # 12
	11 # 6
Timestep 4:
	0 # 4
	1 # 42
	2 # 24
	3 # 27
	4 # 35
	5 # 32
	6 # 49
	7 # 56
	8 # 46
	9 # 34
	10 # 20
	11 # 5
Timestep 5:
	0 # 5
	1 # 41
	2 # 32
	3 # 28
	4 # 43
	5 # 31
	6 # 48
	7 # 56
	8 # 46
	9 # 34
	10 # 19
	11 # 13
Timestep 6:
	0 # 6
	1 # 34
	2 # 24
	3 # 29
	4 # 49
	5 # 23
	6 # 47
	7 # 55
	8 # 39
	9 # 33
	10 # 18
	11 # 12
Timestep 7:
	0 # 14
	1 # 33
	2 # 25
	3 # 35
	4 # 48
	5 # 31
	6 # 41
	7 # 49
	8 # 40
	9 # 26
	10 # 17
	11 # 12
Timestep 8:
	0 # 15
	1 # 34
	2 # 18
	3 # 43
	4 # 47
	5 # 23
	6 # 40
	7 # 49
	8 # 33
	9 # 25
	10 # 16
	11 # 20
Timestep 9:
	0 # 14
	1 # 33
	2 # 18
	3 # 49
	4 # 54
	5 # 31
	6 # 39
	7 # 48
	8 # 26
	9 # 24
	10 # 16
	11 # 27
Timestep 10:
	0 # 15
	1 # 33
	2 # 10
	3 # 55
	4 # 53
	5 # 37
	6 # 38
	7 # 42
	8 # 26
	9 # 23
	10 # 8
	11 # 27
Timestep 11:
	0 # 22
	1 # 33
	2 # 11
	3 # 56
	4 # 54
	5 # 37
	6 # 45
	7 # 43
	8 # 25
	9 # 31
	10 # 16
	11 # 26

