Solution makespan:11
Timestep 0:
	0 # 3
	1 # 34
	2 # 24
	3 # 17
	4 # 30
	5 # 26
	6 # 33
	7 # 15
	8 # 41
	9 # 16
	10 # 23
	11 # 7
	12 # 10
	13 # 40
	14 # 11
	15 # 51
	16 # 47
	17 # 2
	18 # 35
	19 # 14
	20 # 42
	21 # 12
	22 # 0
	23 # 25
Timestep 1:
	0 # 10
	1 # 42
	2 # 25
	3 # 23
	4 # 38
	5 # 26
	6 # 41
	7 # 15
	8 # 49
	9 # 22
	10 # 29
	11 # 6
	12 # 9
	13 # 32
	14 # 4
	15 # 52
	16 # 54
	17 # 2
	18 # 43
	19 # 7
	20 # 50
	21 # 11
	22 # 1
	23 # 18
Timestep 2:
	0 # 9
	1 # 34
	2 # 18
	3 # 24
	4 # 30
	5 # 27
	6 # 42
	7 # 16
	8 # 49
	9 # 22
	10 # 37
	11 # 13
	12 # 17
	13 # 40
	14 # 3
	15 # 53
	16 # 54
	17 # 2
	18 # 51
	19 # 6
	20 # 50
	21 # 12
	22 # 7
	23 # 11
Timestep 3:
	0 # 8
	1 # 27
	2 # 19
	3 # 25
	4 # 29
	5 # 21
	6 # 43
	7 # 16
	8 # 50
	9 # 28
	10 # 38
	11 # 13
	12 # 23
	13 # 48
	14 # 4
	15 # 45
	16 # 55
	17 # 2
	18 # 51
	19 # 0
	20 # 42
	21 # 5
	22 # 14
	23 # 10
Timestep 4:
	0 # 16
	1 # 21
	2 # 19
	3 # 25
	4 # 37
	5 # 14
	6 # 44
	7 # 17
	8 # 42
	9 # 36
	10 # 46
	11 # 20
	12 # 24
	13 # 40
	14 # 11
	15 # 53
	16 # 54
	17 # 3
	18 # 50
	19 # 1
	20 # 41
	21 # 12
	22 # 15
	23 # 9
Timestep 5:
	0 # 22
	1 # 14
	2 # 12
	3 # 31
	4 # 37
	5 # 13
	6 # 36
	7 # 23
	8 # 34
	9 # 35
	10 # 47
	11 # 26
	12 # 25
	13 # 39
	14 # 10
	15 # 52
	16 # 54
	17 # 4
	18 # 42
	19 # 7
	20 # 49
	21 # 11
	22 # 16
	23 # 8
Timestep 6:
	0 # 28
	1 # 15
	2 # 11
	3 # 31
	4 # 29
	5 # 13
	6 # 37
	7 # 24
	8 # 27
	9 # 43
	10 # 47
	11 # 33
	12 # 25
	13 # 39
	14 # 9
	15 # 51
	16 # 55
	17 # 4
	18 # 34
	19 # 14
	20 # 50
	21 # 18
	22 # 17
	23 # 16
Timestep 7:
	0 # 36
	1 # 14
	2 # 10
	3 # 31
	4 # 30
	5 # 20
	6 # 29
	7 # 24
	8 # 21
	9 # 42
	10 # 39
	11 # 34
	12 # 18
	13 # 38
	14 # 2
	15 # 52
	16 # 48
	17 # 5
	18 # 27
	19 # 13
	20 # 51
	21 # 19
	22 # 9
	23 # 15
Timestep 8:
	0 # 35
	1 # 7
	2 # 9
	3 # 32
	4 # 30
	5 # 26
	6 # 23
	7 # 24
	8 # 20
	9 # 50
	10 # 31
	11 # 42
	12 # 11
	13 # 37
	14 # 3
	15 # 53
	16 # 40
	17 # 4
	18 # 21
	19 # 6
	20 # 43
	21 # 18
	22 # 17
	23 # 14
Timestep 9:
	0 # 34
	1 # 1
	2 # 8
	3 # 40
	4 # 38
	5 # 27
	6 # 17
	7 # 23
	8 # 26
	9 # 51
	10 # 31
	11 # 43
	12 # 4
	13 # 29
	14 # 10
	15 # 45
	16 # 39
	17 # 5
	18 # 14
	19 # 6
	20 # 35
	21 # 25
	22 # 9
	23 # 7
Timestep 10:
	0 # 33
	1 # 7
	2 # 8
	3 # 48
	4 # 46
	5 # 34
	6 # 9
	7 # 17
	8 # 20
	9 # 52
	10 # 30
	11 # 44
	12 # 5
	13 # 23
	14 # 11
	15 # 37
	16 # 39
	17 # 12
	18 # 15
	19 # 13
	20 # 36
	21 # 31
	22 # 2
	23 # 6
Timestep 11:
	0 # 26
	1 # 7
	2 # 8
	3 # 55
	4 # 47
	5 # 35
	6 # 10
	7 # 23
	8 # 21
	9 # 52
	10 # 38
	11 # 45
	12 # 5
	13 # 24
	14 # 12
	15 # 29
	16 # 40
	17 # 19
	18 # 16
	19 # 6
	20 # 28
	21 # 30
	22 # 2
	23 # 0

