Solution makespan:12
Timestep 0:
	0 # 58
	1 # 42
	2 # 15
	3 # 39
	4 # 51
	5 # 8
	6 # 33
	7 # 34
	8 # 40
	9 # 56
	10 # 0
	11 # 14
	12 # 4
	13 # 57
	14 # 43
	15 # 28
	16 # 22
	17 # 30
	18 # 52
	19 # 29
	20 # 9
	21 # 44
	22 # 55
	23 # 16
Timestep 1:
	0 # 50
	1 # 34
	2 # 14
	3 # 39
	4 # 52
	5 # 9
	6 # 41
	7 # 35
	8 # 47
	9 # 48
	10 # 0
	11 # 6
	12 # 4
	13 # 58
	14 # 43
	15 # 28
	16 # 23
	17 # 29
	18 # 53
	19 # 36
	20 # 1
	21 # 44
	22 # 56
	23 # 17
Timestep 2:
	0 # 43
	1 # 34
	2 # 20
	3 # 39
	4 # 53
	5 # 10
	6 # 40
	7 # 28
	8 # 55
	9 # 41
	10 # 8
	11 # 5
	12 # 12
	13 # 58
	14 # 42
	15 # 21
	16 # 23
	17 # 30
	18 # 45
	19 # 44
	20 # 0
	21 # 51
	22 # 48
	23 # 17
Timestep 3:
	0 # 50
	1 # 33
	2 # 27
	3 # 40
	4 # 45
	5 # 11
	6 # 47
	7 # 28
	8 # 56
	9 # 41
	10 # 9
	11 # 4
	12 # 19
	13 # 58
	14 # 49
	15 # 15
	16 # 24
	17 # 22
	18 # 46
	19 # 36
	20 # 8
	21 # 52
	22 # 48
	23 # 23
Timestep 4:
	0 # 50
	1 # 26
	2 # 28
	3 # 40
	4 # 38
	5 # 12
	6 # 55
	7 # 35
	8 # 56
	9 # 33
	10 # 16
	11 # 3
	12 # 25
	13 # 57
	14 # 49
	15 # 7
	16 # 24
	17 # 23
	18 # 47
	19 # 37
	20 # 8
	21 # 53
	22 # 48
	23 # 31
Timestep 5:
	0 # 43
	1 # 25
	2 # 27
	3 # 41
	4 # 31
	5 # 13
	6 # 47
	7 # 35
	8 # 55
	9 # 26
	10 # 22
	11 # 3
	12 # 32
	13 # 56
	14 # 57
	15 # 15
	16 # 18
	17 # 24
	18 # 40
	19 # 37
	20 # 0
	21 # 54
	22 # 48
	23 # 30
Timestep 6:
	0 # 50
	1 # 24
	2 # 26
	3 # 33
	4 # 23
	5 # 14
	6 # 47
	7 # 34
	8 # 55
	9 # 25
	10 # 30
	11 # 2
	12 # 32
	13 # 48
	14 # 57
	15 # 15
	16 # 11
	17 # 18
	18 # 41
	19 # 37
	20 # 0
	21 # 46
	22 # 49
	23 # 29
Timestep 7:
	0 # 58
	1 # 23
	2 # 25
	3 # 33
	4 # 17
	5 # 20
	6 # 55
	7 # 34
	8 # 54
	9 # 19
	10 # 29
	11 # 10
	12 # 40
	13 # 41
	14 # 49
	15 # 15
	16 # 12
	17 # 11
	18 # 42
	19 # 30
	20 # 8
	21 # 39
	22 # 48
	23 # 36
Timestep 8:
	0 # 57
	1 # 24
	2 # 26
	3 # 32
	4 # 23
	5 # 14
	6 # 56
	7 # 27
	8 # 54
	9 # 12
	10 # 30
	11 # 11
	12 # 47
	13 # 33
	14 # 42
	15 # 15
	16 # 13
	17 # 3
	18 # 34
	19 # 22
	20 # 0
	21 # 40
	22 # 48
	23 # 44
Timestep 9:
	0 # 56
	1 # 24
	2 # 25
	3 # 33
	4 # 31
	5 # 13
	6 # 48
	7 # 28
	8 # 53
	9 # 12
	10 # 37
	11 # 3
	12 # 55
	13 # 26
	14 # 49
	15 # 21
	16 # 5
	17 # 2
	18 # 27
	19 # 16
	20 # 1
	21 # 40
	22 # 41
	23 # 51
Timestep 10:
	0 # 55
	1 # 23
	2 # 32
	3 # 26
	4 # 30
	5 # 13
	6 # 48
	7 # 27
	8 # 45
	9 # 4
	10 # 36
	11 # 11
	12 # 54
	13 # 25
	14 # 57
	15 # 28
	16 # 6
	17 # 10
	18 # 20
	19 # 16
	20 # 2
	21 # 47
	22 # 33
	23 # 51
Timestep 11:
	0 # 54
	1 # 31
	2 # 40
	3 # 25
	4 # 22
	5 # 13
	6 # 41
	7 # 34
	8 # 38
	9 # 4
	10 # 36
	11 # 12
	12 # 53
	13 # 24
	14 # 49
	15 # 35
	16 # 7
	17 # 17
	18 # 14
	19 # 9
	20 # 3
	21 # 48
	22 # 26
	23 # 52
Timestep 12:
	0 # 46
	1 # 30
	2 # 47
	3 # 19
	4 # 23
	5 # 5
	6 # 40
	7 # 27
	8 # 39
	9 # 3
	10 # 29
	11 # 4
	12 # 54
	13 # 18
	14 # 50
	15 # 34
	16 # 15
	17 # 16
	18 # 6
	19 # 1
	20 # 11
	21 # 49
	22 # 25
	23 # 51

