Solution makespan:6
Timestep 0:
	0 # 0
	1 # 15
	2 # 10
	3 # 11
	4 # 13
	5 # 12
	6 # 3
	7 # 14
Timestep 1:
	0 # 1
	1 # 11
	2 # 10
	3 # 7
	4 # 9
	5 # 8
	6 # 2
	7 # 15
Timestep 2:
	0 # 5
	1 # 7
	2 # 14
	3 # 3
	4 # 10
	5 # 4
	6 # 1
	7 # 11
Timestep 3:
	0 # 9
	1 # 3
	2 # 13
	3 # 2
	4 # 6
	5 # 5
	6 # 1
	7 # 7
Timestep 4:
	0 # 9
	1 # 3
	2 # 13
	3 # 6
	4 # 5
	5 # 1
	6 # 0
	7 # 11
Timestep 5:
	0 # 10
	1 # 7
	2 # 9
	3 # 6
	4 # 1
	5 # 2
	6 # 4
	7 # 15
Timestep 6:
	0 # 10
	1 # 11
	2 # 13
	3 # 5
	4 # 1
	5 # 3
	6 # 8
	7 # 15

