Solution makespan:10
Timestep 0:
	0 # 17
	1 # 32
	2 # 16
	3 # 9
	4 # 22
	5 # 5
	6 # 23
	7 # 18
	8 # 56
	9 # 30
	10 # 3
	11 # 39
Timestep 1:
	0 # 16
	1 # 33
	2 # 24
	3 # 9
	4 # 22
	5 # 12
	6 # 15
	7 # 19
	8 # 48
	9 # 37
	10 # 4
	11 # 32
Timestep 2:
	0 # 9
	1 # 40
	2 # 31
	3 # 10
	4 # 22
	5 # 13
	6 # 16
	7 # 19
	8 # 41
	9 # 30
	10 # 11
	11 # 32
Timestep 3:
	0 # 9
	1 # 40
	2 # 38
	3 # 11
	4 # 29
	5 # 20
	6 # 17
	7 # 12
	8 # 34
	9 # 23
	10 # 18
	11 # 31
Timestep 4:
	0 # 10
	1 # 41
	2 # 39
	3 # 12
	4 # 36
	5 # 27
	6 # 18
	7 # 5
	8 # 26
	9 # 15
	10 # 25
	11 # 24
Timestep 5:
	0 # 3
	1 # 48
	2 # 47
	3 # 13
	4 # 44
	5 # 26
	6 # 25
	7 # 4
	8 # 19
	9 # 8
	10 # 33
	11 # 16
Timestep 6:
	0 # 3
	1 # 56
	2 # 54
	3 # 14
	4 # 51
	5 # 25
	6 # 18
	7 # 4
	8 # 12
	9 # 7
	10 # 40
	11 # 17
Timestep 7:
	0 # 2
	1 # 57
	2 # 53
	3 # 21
	4 # 44
	5 # 33
	6 # 25
	7 # 3
	8 # 11
	9 # 7
	10 # 39
	11 # 10
Timestep 8:
	0 # 9
	1 # 58
	2 # 52
	3 # 21
	4 # 51
	5 # 40
	6 # 33
	7 # 2
	8 # 10
	9 # 0
	10 # 47
	11 # 3
Timestep 9:
	0 # 9
	1 # 50
	2 # 53
	3 # 28
	4 # 51
	5 # 39
	6 # 33
	7 # 1
	8 # 10
	9 # 7
	10 # 54
	11 # 3
Timestep 10:
	0 # 8
	1 # 43
	2 # 53
	3 # 35
	4 # 51
	5 # 32
	6 # 40
	7 # 2
	8 # 11
	9 # 7
	10 # 55
	11 # 4

