Solution makespan:8
Timestep 0:
	0 # 55
	1 # 9
	2 # 16
	3 # 38
	4 # 5
	5 # 52
	6 # 45
	7 # 51
Timestep 1:
	0 # 56
	1 # 17
	2 # 8
	3 # 39
	4 # 12
	5 # 44
	6 # 46
	7 # 43
Timestep 2:
	0 # 48
	1 # 17
	2 # 9
	3 # 39
	4 # 20
	5 # 36
	6 # 47
	7 # 35
Timestep 3:
	0 # 49
	1 # 16
	2 # 10
	3 # 32
	4 # 28
	5 # 30
	6 # 48
	7 # 29
Timestep 4:
	0 # 41
	1 # 24
	2 # 18
	3 # 25
	4 # 27
	5 # 22
	6 # 40
	7 # 28
Timestep 5:
	0 # 42
	1 # 31
	2 # 18
	3 # 17
	4 # 34
	5 # 14
	6 # 41
	7 # 20
Timestep 6:
	0 # 43
	1 # 31
	2 # 18
	3 # 25
	4 # 33
	5 # 13
	6 # 34
	7 # 20
Timestep 7:
	0 # 35
	1 # 31
	2 # 10
	3 # 32
	4 # 40
	5 # 6
	6 # 27
	7 # 28
Timestep 8:
	0 # 36
	1 # 24
	2 # 3
	3 # 32
	4 # 48
	5 # 5
	6 # 28
	7 # 20

