Solution makespan:10
Timestep 0:
	0 # 31
	1 # 8
	2 # 35
	3 # 24
	4 # 26
	5 # 48
	6 # 41
	7 # 50
	8 # 53
	9 # 11
	10 # 5
	11 # 15
	12 # 33
	13 # 42
	14 # 38
	15 # 25
	16 # 0
	17 # 13
	18 # 34
	19 # 6
	20 # 49
	21 # 10
	22 # 7
	23 # 43
Timestep 1:
	0 # 23
	1 # 9
	2 # 36
	3 # 32
	4 # 20
	5 # 48
	6 # 34
	7 # 51
	8 # 46
	9 # 19
	10 # 5
	11 # 16
	12 # 25
	13 # 42
	14 # 39
	15 # 24
	16 # 1
	17 # 13
	18 # 33
	19 # 14
	20 # 50
	21 # 4
	22 # 15
	23 # 43
Timestep 2:
	0 # 23
	1 # 8
	2 # 43
	3 # 31
	4 # 12
	5 # 42
	6 # 33
	7 # 44
	8 # 39
	9 # 18
	10 # 6
	11 # 22
	12 # 26
	13 # 35
	14 # 40
	15 # 24
	16 # 0
	17 # 5
	18 # 32
	19 # 21
	20 # 51
	21 # 4
	22 # 16
	23 # 49
Timestep 3:
	0 # 22
	1 # 8
	2 # 49
	3 # 23
	4 # 11
	5 # 35
	6 # 33
	7 # 37
	8 # 38
	9 # 24
	10 # 7
	11 # 30
	12 # 34
	13 # 36
	14 # 41
	15 # 25
	16 # 6
	17 # 13
	18 # 31
	19 # 28
	20 # 44
	21 # 10
	22 # 17
	23 # 50
Timestep 4:
	0 # 16
	1 # 9
	2 # 50
	3 # 22
	4 # 12
	5 # 36
	6 # 25
	7 # 30
	8 # 31
	9 # 32
	10 # 15
	11 # 29
	12 # 41
	13 # 28
	14 # 47
	15 # 24
	16 # 5
	17 # 14
	18 # 23
	19 # 27
	20 # 45
	21 # 11
	22 # 17
	23 # 51
Timestep 5:
	0 # 8
	1 # 10
	2 # 51
	3 # 16
	4 # 20
	5 # 28
	6 # 25
	7 # 22
	8 # 30
	9 # 39
	10 # 15
	11 # 29
	12 # 47
	13 # 21
	14 # 55
	15 # 23
	16 # 13
	17 # 6
	18 # 17
	19 # 35
	20 # 46
	21 # 19
	22 # 18
	23 # 52
Timestep 6:
	0 # 9
	1 # 18
	2 # 44
	3 # 15
	4 # 26
	5 # 21
	6 # 19
	7 # 22
	8 # 30
	9 # 38
	10 # 7
	11 # 29
	12 # 55
	13 # 14
	14 # 54
	15 # 17
	16 # 13
	17 # 5
	18 # 16
	19 # 27
	20 # 39
	21 # 11
	22 # 24
	23 # 53
Timestep 7:
	0 # 10
	1 # 17
	2 # 45
	3 # 16
	4 # 34
	5 # 14
	6 # 11
	7 # 23
	8 # 29
	9 # 37
	10 # 1
	11 # 28
	12 # 54
	13 # 6
	14 # 53
	15 # 9
	16 # 13
	17 # 5
	18 # 8
	19 # 27
	20 # 40
	21 # 12
	22 # 24
	23 # 46
Timestep 8:
	0 # 18
	1 # 17
	2 # 38
	3 # 22
	4 # 41
	5 # 6
	6 # 10
	7 # 23
	8 # 29
	9 # 44
	10 # 1
	11 # 36
	12 # 53
	13 # 0
	14 # 46
	15 # 8
	16 # 14
	17 # 5
	18 # 7
	19 # 28
	20 # 33
	21 # 11
	22 # 32
	23 # 39
Timestep 9:
	0 # 19
	1 # 23
	2 # 31
	3 # 22
	4 # 47
	5 # 5
	6 # 9
	7 # 24
	8 # 28
	9 # 51
	10 # 2
	11 # 43
	12 # 46
	13 # 0
	14 # 45
	15 # 16
	16 # 21
	17 # 13
	18 # 15
	19 # 27
	20 # 34
	21 # 12
	22 # 39
	23 # 40
Timestep 10:
	0 # 25
	1 # 31
	2 # 32
	3 # 30
	4 # 55
	5 # 5
	6 # 17
	7 # 18
	8 # 27
	9 # 50
	10 # 8
	11 # 36
	12 # 45
	13 # 6
	14 # 52
	15 # 22
	16 # 28
	17 # 13
	18 # 14
	19 # 35
	20 # 26
	21 # 20
	22 # 46
	23 # 33

