Solution makespan:11
Timestep 0:
	0 # 36
	1 # 49
	2 # 6
	3 # 42
	4 # 26
	5 # 25
	6 # 29
	7 # 40
	8 # 24
	9 # 17
	10 # 2
	11 # 45
	12 # 35
	13 # 47
	14 # 37
	15 # 10
	16 # 19
	17 # 46
	18 # 18
	19 # 27
	20 # 13
	21 # 30
	22 # 20
	23 # 15
Timestep 1:
	0 # 35
	1 # 48
	2 # 14
	3 # 43
	4 # 33
	5 # 32
	6 # 29
	7 # 40
	8 # 25
	9 # 9
	10 # 2
	11 # 46
	12 # 30
	13 # 54
	14 # 36
	15 # 18
	16 # 13
	17 # 53
	18 # 23
	19 # 26
	20 # 5
	21 # 22
	22 # 28
	23 # 20
Timestep 2:
	0 # 35
	1 # 47
	2 # 13
	3 # 44
	4 # 32
	5 # 31
	6 # 30
	7 # 48
	8 # 25
	9 # 17
	10 # 10
	11 # 38
	12 # 22
	13 # 54
	14 # 36
	15 # 18
	16 # 12
	17 # 52
	18 # 24
	19 # 33
	20 # 5
	21 # 21
	22 # 34
	23 # 28
Timestep 3:
	0 # 43
	1 # 46
	2 # 19
	3 # 45
	4 # 25
	5 # 37
	6 # 35
	7 # 49
	8 # 26
	9 # 9
	10 # 18
	11 # 32
	12 # 22
	13 # 53
	14 # 44
	15 # 17
	16 # 4
	17 # 51
	18 # 31
	19 # 39
	20 # 13
	21 # 29
	22 # 41
	23 # 34
Timestep 4:
	0 # 50
	1 # 45
	2 # 26
	3 # 37
	4 # 24
	5 # 38
	6 # 36
	7 # 48
	8 # 27
	9 # 10
	10 # 18
	11 # 33
	12 # 21
	13 # 52
	14 # 43
	15 # 22
	16 # 5
	17 # 51
	18 # 32
	19 # 39
	20 # 12
	21 # 30
	22 # 40
	23 # 41
Timestep 5:
	0 # 43
	1 # 45
	2 # 25
	3 # 31
	4 # 23
	5 # 46
	6 # 44
	7 # 48
	8 # 28
	9 # 2
	10 # 10
	11 # 26
	12 # 16
	13 # 51
	14 # 42
	15 # 21
	16 # 4
	17 # 50
	18 # 33
	19 # 47
	20 # 11
	21 # 35
	22 # 39
	23 # 40
Timestep 6:
	0 # 35
	1 # 37
	2 # 32
	3 # 24
	4 # 18
	5 # 53
	6 # 45
	7 # 47
	8 # 20
	9 # 1
	10 # 2
	11 # 27
	12 # 17
	13 # 50
	14 # 42
	15 # 16
	16 # 3
	17 # 43
	18 # 26
	19 # 54
	20 # 10
	21 # 36
	22 # 33
	23 # 39
Timestep 7:
	0 # 30
	1 # 37
	2 # 31
	3 # 24
	4 # 17
	5 # 52
	6 # 46
	7 # 54
	8 # 20
	9 # 0
	10 # 3
	11 # 26
	12 # 9
	13 # 43
	14 # 42
	15 # 8
	16 # 11
	17 # 35
	18 # 25
	19 # 53
	20 # 18
	21 # 36
	22 # 33
	23 # 38
Timestep 8:
	0 # 22
	1 # 36
	2 # 37
	3 # 25
	4 # 16
	5 # 51
	6 # 47
	7 # 53
	8 # 28
	9 # 1
	10 # 4
	11 # 26
	12 # 17
	13 # 35
	14 # 42
	15 # 8
	16 # 10
	17 # 30
	18 # 32
	19 # 52
	20 # 23
	21 # 44
	22 # 39
	23 # 46
Timestep 9:
	0 # 21
	1 # 35
	2 # 36
	3 # 26
	4 # 8
	5 # 52
	6 # 48
	7 # 53
	8 # 34
	9 # 1
	10 # 5
	11 # 27
	12 # 16
	13 # 30
	14 # 42
	15 # 0
	16 # 10
	17 # 22
	18 # 38
	19 # 45
	20 # 24
	21 # 43
	22 # 40
	23 # 46
Timestep 10:
	0 # 21
	1 # 30
	2 # 44
	3 # 19
	4 # 9
	5 # 45
	6 # 49
	7 # 46
	8 # 41
	9 # 2
	10 # 6
	11 # 26
	12 # 17
	13 # 22
	14 # 43
	15 # 0
	16 # 18
	17 # 23
	18 # 39
	19 # 37
	20 # 25
	21 # 35
	22 # 48
	23 # 47
Timestep 11:
	0 # 16
	1 # 30
	2 # 51
	3 # 19
	4 # 10
	5 # 52
	6 # 55
	7 # 38
	8 # 49
	9 # 1
	10 # 7
	11 # 33
	12 # 9
	13 # 22
	14 # 43
	15 # 8
	16 # 23
	17 # 24
	18 # 40
	19 # 31
	20 # 26
	21 # 36
	22 # 48
	23 # 39

