Solution makespan:9
Timestep 0:
	0 # 4
	1 # 57
	2 # 43
	3 # 28
	4 # 22
	5 # 30
	6 # 52
	7 # 29
	8 # 9
	9 # 44
	10 # 55
	11 # 16
Timestep 1:
	0 # 12
	1 # 56
	2 # 50
	3 # 28
	4 # 23
	5 # 31
	6 # 53
	7 # 30
	8 # 9
	9 # 36
	10 # 47
	11 # 17
Timestep 2:
	0 # 19
	1 # 48
	2 # 43
	3 # 21
	4 # 24
	5 # 38
	6 # 45
	7 # 31
	8 # 10
	9 # 29
	10 # 40
	11 # 18
Timestep 3:
	0 # 18
	1 # 47
	2 # 35
	3 # 21
	4 # 25
	5 # 39
	6 # 38
	7 # 23
	8 # 2
	9 # 30
	10 # 32
	11 # 11
Timestep 4:
	0 # 17
	1 # 46
	2 # 43
	3 # 15
	4 # 26
	5 # 40
	6 # 38
	7 # 24
	8 # 3
	9 # 31
	10 # 25
	11 # 12
Timestep 5:
	0 # 16
	1 # 45
	2 # 50
	3 # 7
	4 # 33
	5 # 47
	6 # 31
	7 # 25
	8 # 4
	9 # 23
	10 # 19
	11 # 13
Timestep 6:
	0 # 16
	1 # 45
	2 # 58
	3 # 7
	4 # 32
	5 # 55
	6 # 23
	7 # 19
	8 # 5
	9 # 17
	10 # 12
	11 # 14
Timestep 7:
	0 # 22
	1 # 38
	2 # 50
	3 # 7
	4 # 40
	5 # 56
	6 # 17
	7 # 12
	8 # 6
	9 # 10
	10 # 11
	11 # 15
Timestep 8:
	0 # 16
	1 # 37
	2 # 43
	3 # 6
	4 # 39
	5 # 48
	6 # 10
	7 # 4
	8 # 14
	9 # 2
	10 # 12
	11 # 15
Timestep 9:
	0 # 16
	1 # 30
	2 # 50
	3 # 7
	4 # 38
	5 # 49
	6 # 9
	7 # 5
	8 # 20
	9 # 2
	10 # 4
	11 # 21

