Solution makespan:10
Timestep 0:
	0 # 56
	1 # 20
	2 # 18
	3 # 5
	4 # 24
	5 # 23
	6 # 10
	7 # 36
Timestep 1:
	0 # 56
	1 # 27
	2 # 25
	3 # 4
	4 # 16
	5 # 23
	6 # 18
	7 # 44
Timestep 2:
	0 # 56
	1 # 27
	2 # 33
	3 # 3
	4 # 8
	5 # 24
	6 # 25
	7 # 44
Timestep 3:
	0 # 50
	1 # 26
	2 # 32
	3 # 10
	4 # 9
	5 # 31
	6 # 33
	7 # 44
Timestep 4:
	0 # 43
	1 # 34
	2 # 39
	3 # 9
	4 # 17
	5 # 38
	6 # 40
	7 # 36
Timestep 5:
	0 # 35
	1 # 26
	2 # 47
	3 # 8
	4 # 17
	5 # 39
	6 # 41
	7 # 29
Timestep 6:
	0 # 28
	1 # 25
	2 # 39
	3 # 16
	4 # 18
	5 # 38
	6 # 42
	7 # 22
Timestep 7:
	0 # 21
	1 # 25
	2 # 32
	3 # 24
	4 # 19
	5 # 37
	6 # 43
	7 # 14
Timestep 8:
	0 # 13
	1 # 18
	2 # 39
	3 # 31
	4 # 20
	5 # 37
	6 # 50
	7 # 7
Timestep 9:
	0 # 12
	1 # 17
	2 # 47
	3 # 38
	4 # 21
	5 # 36
	6 # 56
	7 # 0
Timestep 10:
	0 # 11
	1 # 9
	2 # 39
	3 # 46
	4 # 21
	5 # 29
	6 # 50
	7 # 1

