Solution makespan:11
Timestep 0:
	0 # 52
	1 # 29
	2 # 49
	3 # 39
	4 # 7
	5 # 26
	6 # 27
	7 # 42
	8 # 36
	9 # 5
	10 # 23
	11 # 21
	12 # 20
	13 # 12
	14 # 51
	15 # 3
	16 # 19
	17 # 41
	18 # 33
	19 # 9
	20 # 16
	21 # 8
	22 # 53
	23 # 14
	24 # 2
	25 # 55
	26 # 24
	27 # 6
Timestep 1:
	0 # 53
	1 # 22
	2 # 49
	3 # 46
	4 # 7
	5 # 34
	6 # 20
	7 # 42
	8 # 43
	9 # 5
	10 # 30
	11 # 28
	12 # 14
	13 # 13
	14 # 44
	15 # 11
	16 # 26
	17 # 40
	18 # 32
	19 # 10
	20 # 17
	21 # 9
	22 # 54
	23 # 15
	24 # 3
	25 # 47
	26 # 31
	27 # 6
Timestep 2:
	0 # 54
	1 # 23
	2 # 49
	3 # 46
	4 # 8
	5 # 41
	6 # 21
	7 # 43
	8 # 50
	9 # 5
	10 # 30
	11 # 36
	12 # 14
	13 # 19
	14 # 37
	15 # 18
	16 # 34
	17 # 33
	18 # 31
	19 # 11
	20 # 17
	21 # 9
	22 # 55
	23 # 15
	24 # 4
	25 # 48
	26 # 38
	27 # 7
Timestep 3:
	0 # 54
	1 # 16
	2 # 42
	3 # 46
	4 # 9
	5 # 40
	6 # 22
	7 # 44
	8 # 51
	9 # 5
	10 # 31
	11 # 43
	12 # 6
	13 # 26
	14 # 29
	15 # 25
	16 # 33
	17 # 32
	18 # 24
	19 # 12
	20 # 18
	21 # 10
	22 # 47
	23 # 14
	24 # 4
	25 # 41
	26 # 39
	27 # 7
Timestep 4:
	0 # 54
	1 # 17
	2 # 43
	3 # 47
	4 # 10
	5 # 40
	6 # 29
	7 # 51
	8 # 52
	9 # 5
	10 # 38
	11 # 50
	12 # 6
	13 # 34
	14 # 30
	15 # 25
	16 # 32
	17 # 31
	18 # 23
	19 # 13
	20 # 18
	21 # 11
	22 # 48
	23 # 20
	24 # 3
	25 # 41
	26 # 39
	27 # 15
Timestep 5:
	0 # 55
	1 # 24
	2 # 36
	3 # 48
	4 # 2
	5 # 39
	6 # 29
	7 # 52
	8 # 53
	9 # 13
	10 # 45
	11 # 50
	12 # 14
	13 # 33
	14 # 23
	15 # 25
	16 # 31
	17 # 30
	18 # 22
	19 # 19
	20 # 18
	21 # 12
	22 # 41
	23 # 20
	24 # 11
	25 # 40
	26 # 32
	27 # 21
Timestep 6:
	0 # 54
	1 # 31
	2 # 28
	3 # 48
	4 # 3
	5 # 38
	6 # 22
	7 # 53
	8 # 45
	9 # 13
	10 # 46
	11 # 51
	12 # 15
	13 # 32
	14 # 16
	15 # 18
	16 # 30
	17 # 29
	18 # 21
	19 # 26
	20 # 17
	21 # 12
	22 # 34
	23 # 14
	24 # 11
	25 # 41
	26 # 25
	27 # 20
Timestep 7:
	0 # 55
	1 # 30
	2 # 21
	3 # 48
	4 # 4
	5 # 31
	6 # 23
	7 # 45
	8 # 38
	9 # 19
	10 # 47
	11 # 52
	12 # 14
	13 # 39
	14 # 9
	15 # 17
	16 # 29
	17 # 28
	18 # 15
	19 # 34
	20 # 16
	21 # 11
	22 # 33
	23 # 6
	24 # 3
	25 # 41
	26 # 24
	27 # 27
Timestep 8:
	0 # 55
	1 # 29
	2 # 15
	3 # 48
	4 # 12
	5 # 30
	6 # 24
	7 # 38
	8 # 31
	9 # 26
	10 # 47
	11 # 53
	12 # 20
	13 # 46
	14 # 10
	15 # 16
	16 # 28
	17 # 21
	18 # 14
	19 # 33
	20 # 9
	21 # 18
	22 # 32
	23 # 6
	24 # 2
	25 # 34
	26 # 17
	27 # 35
Timestep 9:
	0 # 55
	1 # 37
	2 # 7
	3 # 41
	4 # 4
	5 # 29
	6 # 25
	7 # 31
	8 # 24
	9 # 19
	10 # 48
	11 # 45
	12 # 20
	13 # 54
	14 # 11
	15 # 23
	16 # 36
	17 # 15
	18 # 14
	19 # 40
	20 # 16
	21 # 18
	22 # 39
	23 # 6
	24 # 10
	25 # 33
	26 # 17
	27 # 42
Timestep 10:
	0 # 54
	1 # 44
	2 # 8
	3 # 41
	4 # 3
	5 # 28
	6 # 32
	7 # 30
	8 # 17
	9 # 19
	10 # 48
	11 # 38
	12 # 27
	13 # 46
	14 # 12
	15 # 22
	16 # 43
	17 # 7
	18 # 20
	19 # 47
	20 # 23
	21 # 25
	22 # 39
	23 # 6
	24 # 9
	25 # 40
	26 # 10
	27 # 49
Timestep 11:
	0 # 54
	1 # 51
	2 # 8
	3 # 48
	4 # 2
	5 # 36
	6 # 33
	7 # 23
	8 # 18
	9 # 26
	10 # 47
	11 # 31
	12 # 35
	13 # 46
	14 # 13
	15 # 21
	16 # 42
	17 # 0
	18 # 14
	19 # 55
	20 # 22
	21 # 25
	22 # 32
	23 # 7
	24 # 16
	25 # 40
	26 # 11
	27 # 50

