Solution makespan:10
Timestep 0:
	0 # 53
	1 # 13
	2 # 27
	3 # 22
	4 # 39
	5 # 18
	6 # 52
	7 # 45
	8 # 3
	9 # 34
	10 # 24
	11 # 17
	12 # 30
	13 # 26
	14 # 33
	15 # 15
	16 # 41
	17 # 16
	18 # 23
	19 # 7
	20 # 10
	21 # 40
	22 # 11
	23 # 51
	24 # 47
	25 # 2
	26 # 35
	27 # 14
	28 # 42
	29 # 12
	30 # 0
	31 # 25
Timestep 1:
	0 # 45
	1 # 13
	2 # 21
	3 # 28
	4 # 40
	5 # 25
	6 # 44
	7 # 37
	8 # 4
	9 # 27
	10 # 30
	11 # 23
	12 # 38
	13 # 26
	14 # 33
	15 # 16
	16 # 42
	17 # 8
	18 # 22
	19 # 7
	20 # 9
	21 # 48
	22 # 11
	23 # 52
	24 # 46
	25 # 3
	26 # 34
	27 # 14
	28 # 50
	29 # 19
	30 # 1
	31 # 31
Timestep 2:
	0 # 44
	1 # 20
	2 # 14
	3 # 36
	4 # 48
	5 # 24
	6 # 43
	7 # 38
	8 # 3
	9 # 21
	10 # 30
	11 # 29
	12 # 39
	13 # 27
	14 # 41
	15 # 16
	16 # 42
	17 # 9
	18 # 23
	19 # 7
	20 # 17
	21 # 47
	22 # 18
	23 # 53
	24 # 45
	25 # 2
	26 # 33
	27 # 15
	28 # 49
	29 # 19
	30 # 0
	31 # 32
Timestep 3:
	0 # 52
	1 # 26
	2 # 13
	3 # 35
	4 # 55
	5 # 24
	6 # 51
	7 # 46
	8 # 3
	9 # 21
	10 # 38
	11 # 28
	12 # 31
	13 # 34
	14 # 41
	15 # 22
	16 # 43
	17 # 10
	18 # 23
	19 # 14
	20 # 17
	21 # 39
	22 # 25
	23 # 45
	24 # 44
	25 # 2
	26 # 33
	27 # 16
	28 # 49
	29 # 19
	30 # 6
	31 # 40
Timestep 4:
	0 # 53
	1 # 27
	2 # 20
	3 # 34
	4 # 55
	5 # 23
	6 # 50
	7 # 38
	8 # 2
	9 # 14
	10 # 37
	11 # 36
	12 # 30
	13 # 42
	14 # 33
	15 # 28
	16 # 51
	17 # 3
	18 # 29
	19 # 15
	20 # 16
	21 # 39
	22 # 31
	23 # 46
	24 # 52
	25 # 9
	26 # 26
	27 # 8
	28 # 41
	29 # 18
	30 # 13
	31 # 48
Timestep 5:
	0 # 53
	1 # 34
	2 # 21
	3 # 33
	4 # 54
	5 # 23
	6 # 50
	7 # 37
	8 # 2
	9 # 7
	10 # 45
	11 # 35
	12 # 24
	13 # 43
	14 # 26
	15 # 36
	16 # 52
	17 # 4
	18 # 30
	19 # 16
	20 # 22
	21 # 40
	22 # 32
	23 # 47
	24 # 44
	25 # 17
	26 # 20
	27 # 9
	28 # 41
	29 # 25
	30 # 14
	31 # 55
Timestep 6:
	0 # 45
	1 # 42
	2 # 27
	3 # 26
	4 # 55
	5 # 22
	6 # 49
	7 # 29
	8 # 9
	9 # 14
	10 # 44
	11 # 34
	12 # 25
	13 # 35
	14 # 20
	15 # 36
	16 # 53
	17 # 11
	18 # 38
	19 # 8
	20 # 28
	21 # 39
	22 # 40
	23 # 47
	24 # 43
	25 # 23
	26 # 13
	27 # 10
	28 # 41
	29 # 31
	30 # 15
	31 # 48
Timestep 7:
	0 # 44
	1 # 50
	2 # 26
	3 # 20
	4 # 55
	5 # 23
	6 # 49
	7 # 30
	8 # 17
	9 # 15
	10 # 43
	11 # 27
	12 # 18
	13 # 35
	14 # 13
	15 # 37
	16 # 45
	17 # 10
	18 # 46
	19 # 9
	20 # 36
	21 # 31
	22 # 40
	23 # 54
	24 # 42
	25 # 24
	26 # 6
	27 # 3
	28 # 33
	29 # 32
	30 # 16
	31 # 47
Timestep 8:
	0 # 43
	1 # 51
	2 # 27
	3 # 13
	4 # 55
	5 # 23
	6 # 50
	7 # 29
	8 # 17
	9 # 16
	10 # 42
	11 # 21
	12 # 19
	13 # 35
	14 # 6
	15 # 38
	16 # 37
	17 # 11
	18 # 45
	19 # 2
	20 # 44
	21 # 25
	22 # 48
	23 # 47
	24 # 41
	25 # 30
	26 # 7
	27 # 4
	28 # 33
	29 # 40
	30 # 8
	31 # 46
Timestep 9:
	0 # 35
	1 # 43
	2 # 34
	3 # 20
	4 # 55
	5 # 24
	6 # 50
	7 # 29
	8 # 16
	9 # 22
	10 # 41
	11 # 14
	12 # 12
	13 # 36
	14 # 0
	15 # 39
	16 # 37
	17 # 10
	18 # 46
	19 # 3
	20 # 52
	21 # 18
	22 # 47
	23 # 54
	24 # 49
	25 # 31
	26 # 6
	27 # 11
	28 # 26
	29 # 48
	30 # 8
	31 # 38
Timestep 10:
	0 # 34
	1 # 44
	2 # 42
	3 # 20
	4 # 55
	5 # 25
	6 # 49
	7 # 30
	8 # 15
	9 # 22
	10 # 33
	11 # 21
	12 # 5
	13 # 28
	14 # 0
	15 # 40
	16 # 29
	17 # 9
	18 # 46
	19 # 4
	20 # 53
	21 # 19
	22 # 39
	23 # 47
	24 # 41
	25 # 32
	26 # 13
	27 # 12
	28 # 27
	29 # 48
	30 # 8
	31 # 37

