Solution makespan:6
Timestep 0:
	0 # 8
	1 # 11
	2 # 6
	3 # 4
	4 # 2
	5 # 10
	6 # 9
	7 # 5
Timestep 1:
	0 # 8
	1 # 12
	2 # 7
	3 # 6
	4 # 1
	5 # 11
	6 # 9
	7 # 5
Timestep 2:
	0 # 7
	1 # 8
	2 # 6
	3 # 10
	4 # 0
	5 # 12
	6 # 13
	7 # 4
Timestep 3:
	0 # 5
	1 # 7
	2 # 6
	3 # 10
	4 # 0
	5 # 12
	6 # 9
	7 # 4
Timestep 4:
	0 # 1
	1 # 7
	2 # 6
	3 # 11
	4 # 0
	5 # 13
	6 # 8
	7 # 4
Timestep 5:
	0 # 2
	1 # 6
	2 # 10
	3 # 12
	4 # 1
	5 # 9
	6 # 7
	7 # 5
Timestep 6:
	0 # 3
	1 # 10
	2 # 11
	3 # 13
	4 # 0
	5 # 9
	6 # 5
	7 # 4

