Solution makespan:8
Timestep 0:
	0 # 4
	1 # 44
	2 # 37
	3 # 2
	4 # 26
	5 # 15
	6 # 11
	7 # 39
	8 # 52
	9 # 56
	10 # 22
	11 # 6
Timestep 1:
	0 # 11
	1 # 36
	2 # 45
	3 # 3
	4 # 34
	5 # 14
	6 # 19
	7 # 38
	8 # 44
	9 # 56
	10 # 15
	11 # 13
Timestep 2:
	0 # 10
	1 # 37
	2 # 46
	3 # 4
	4 # 33
	5 # 15
	6 # 19
	7 # 31
	8 # 36
	9 # 56
	10 # 16
	11 # 13
Timestep 3:
	0 # 9
	1 # 30
	2 # 47
	3 # 4
	4 # 40
	5 # 14
	6 # 18
	7 # 24
	8 # 29
	9 # 55
	10 # 16
	11 # 12
Timestep 4:
	0 # 17
	1 # 30
	2 # 48
	3 # 5
	4 # 39
	5 # 21
	6 # 18
	7 # 23
	8 # 22
	9 # 56
	10 # 16
	11 # 11
Timestep 5:
	0 # 24
	1 # 31
	2 # 49
	3 # 12
	4 # 39
	5 # 28
	6 # 18
	7 # 22
	8 # 15
	9 # 57
	10 # 23
	11 # 10
Timestep 6:
	0 # 23
	1 # 32
	2 # 41
	3 # 20
	4 # 40
	5 # 35
	6 # 17
	7 # 15
	8 # 16
	9 # 58
	10 # 30
	11 # 11
Timestep 7:
	0 # 22
	1 # 33
	2 # 34
	3 # 26
	4 # 39
	5 # 36
	6 # 16
	7 # 14
	8 # 8
	9 # 58
	10 # 23
	11 # 11
Timestep 8:
	0 # 21
	1 # 40
	2 # 33
	3 # 27
	4 # 39
	5 # 44
	6 # 15
	7 # 7
	8 # 1
	9 # 58
	10 # 22
	11 # 10

