Solution makespan:9
Timestep 0:
	0 # 41
	1 # 46
	2 # 51
	3 # 29
	4 # 47
	5 # 0
	6 # 30
	7 # 16
	8 # 45
	9 # 50
	10 # 56
	11 # 11
Timestep 1:
	0 # 33
	1 # 46
	2 # 51
	3 # 36
	4 # 40
	5 # 1
	6 # 31
	7 # 8
	8 # 37
	9 # 50
	10 # 55
	11 # 12
Timestep 2:
	0 # 32
	1 # 39
	2 # 44
	3 # 35
	4 # 41
	5 # 6
	6 # 24
	7 # 16
	8 # 30
	9 # 50
	10 # 54
	11 # 20
Timestep 3:
	0 # 26
	1 # 38
	2 # 36
	3 # 35
	4 # 41
	5 # 14
	6 # 16
	7 # 8
	8 # 23
	9 # 43
	10 # 47
	11 # 19
Timestep 4:
	0 # 25
	1 # 31
	2 # 37
	3 # 28
	4 # 33
	5 # 22
	6 # 17
	7 # 7
	8 # 23
	9 # 35
	10 # 40
	11 # 20
Timestep 5:
	0 # 24
	1 # 30
	2 # 38
	3 # 21
	4 # 34
	5 # 29
	6 # 17
	7 # 7
	8 # 15
	9 # 28
	10 # 32
	11 # 27
Timestep 6:
	0 # 23
	1 # 30
	2 # 39
	3 # 13
	4 # 33
	5 # 36
	6 # 25
	7 # 7
	8 # 16
	9 # 21
	10 # 26
	11 # 34
Timestep 7:
	0 # 30
	1 # 37
	2 # 40
	3 # 14
	4 # 34
	5 # 44
	6 # 26
	7 # 8
	8 # 24
	9 # 13
	10 # 18
	11 # 42
Timestep 8:
	0 # 29
	1 # 38
	2 # 41
	3 # 6
	4 # 27
	5 # 44
	6 # 32
	7 # 9
	8 # 23
	9 # 14
	10 # 17
	11 # 42
Timestep 9:
	0 # 29
	1 # 31
	2 # 42
	3 # 6
	4 # 20
	5 # 51
	6 # 32
	7 # 17
	8 # 24
	9 # 15
	10 # 16
	11 # 34

