Solution makespan:11
Timestep 0:
	0 # 8
	1 # 55
	2 # 21
	3 # 20
	4 # 10
	5 # 23
	6 # 43
	7 # 33
Timestep 1:
	0 # 15
	1 # 47
	2 # 28
	3 # 20
	4 # 9
	5 # 24
	6 # 44
	7 # 25
Timestep 2:
	0 # 22
	1 # 55
	2 # 27
	3 # 19
	4 # 8
	5 # 17
	6 # 44
	7 # 33
Timestep 3:
	0 # 23
	1 # 54
	2 # 26
	3 # 18
	4 # 15
	5 # 10
	6 # 51
	7 # 32
Timestep 4:
	0 # 24
	1 # 53
	2 # 25
	3 # 19
	4 # 15
	5 # 10
	6 # 50
	7 # 31
Timestep 5:
	0 # 17
	1 # 46
	2 # 33
	3 # 19
	4 # 22
	5 # 2
	6 # 49
	7 # 31
Timestep 6:
	0 # 16
	1 # 45
	2 # 38
	3 # 25
	4 # 22
	5 # 2
	6 # 42
	7 # 24
Timestep 7:
	0 # 15
	1 # 44
	2 # 45
	3 # 33
	4 # 29
	5 # 3
	6 # 42
	7 # 17
Timestep 8:
	0 # 15
	1 # 43
	2 # 52
	3 # 38
	4 # 30
	5 # 4
	6 # 42
	7 # 24
Timestep 9:
	0 # 16
	1 # 37
	2 # 51
	3 # 45
	4 # 30
	5 # 11
	6 # 49
	7 # 31
Timestep 10:
	0 # 17
	1 # 31
	2 # 50
	3 # 44
	4 # 36
	5 # 12
	6 # 49
	7 # 32
Timestep 11:
	0 # 17
	1 # 30
	2 # 49
	3 # 43
	4 # 37
	5 # 13
	6 # 42
	7 # 32

