Solution makespan:12
Timestep 0:
	0 # 13
	1 # 38
	2 # 27
	3 # 9
	4 # 44
	5 # 39
	6 # 1
	7 # 22
	8 # 36
	9 # 50
	10 # 31
	11 # 48
	12 # 20
	13 # 10
	14 # 29
	15 # 17
	16 # 11
	17 # 3
	18 # 21
	19 # 5
Timestep 1:
	0 # 21
	1 # 44
	2 # 34
	3 # 10
	4 # 52
	5 # 45
	6 # 0
	7 # 28
	8 # 37
	9 # 51
	10 # 24
	11 # 41
	12 # 12
	13 # 18
	14 # 30
	15 # 16
	16 # 19
	17 # 3
	18 # 20
	19 # 4
Timestep 2:
	0 # 27
	1 # 43
	2 # 40
	3 # 9
	4 # 53
	5 # 44
	6 # 7
	7 # 29
	8 # 38
	9 # 52
	10 # 24
	11 # 42
	12 # 13
	13 # 25
	14 # 36
	15 # 16
	16 # 18
	17 # 4
	18 # 21
	19 # 11
Timestep 3:
	0 # 34
	1 # 51
	2 # 47
	3 # 9
	4 # 45
	5 # 44
	6 # 7
	7 # 29
	8 # 39
	9 # 52
	10 # 17
	11 # 35
	12 # 13
	13 # 24
	14 # 37
	15 # 15
	16 # 18
	17 # 4
	18 # 20
	19 # 19
Timestep 4:
	0 # 27
	1 # 50
	2 # 40
	3 # 10
	4 # 45
	5 # 52
	6 # 7
	7 # 35
	8 # 38
	9 # 53
	10 # 17
	11 # 36
	12 # 21
	13 # 24
	14 # 43
	15 # 14
	16 # 25
	17 # 5
	18 # 20
	19 # 18
Timestep 5:
	0 # 27
	1 # 49
	2 # 40
	3 # 11
	4 # 53
	5 # 51
	6 # 14
	7 # 42
	8 # 32
	9 # 52
	10 # 16
	11 # 36
	12 # 21
	13 # 17
	14 # 44
	15 # 22
	16 # 24
	17 # 6
	18 # 19
	19 # 25
Timestep 6:
	0 # 26
	1 # 48
	2 # 34
	3 # 12
	4 # 52
	5 # 43
	6 # 14
	7 # 49
	8 # 31
	9 # 44
	10 # 15
	11 # 30
	12 # 20
	13 # 16
	14 # 45
	15 # 28
	16 # 17
	17 # 13
	18 # 18
	19 # 32
Timestep 7:
	0 # 27
	1 # 48
	2 # 33
	3 # 13
	4 # 51
	5 # 37
	6 # 7
	7 # 50
	8 # 30
	9 # 44
	10 # 14
	11 # 23
	12 # 19
	13 # 16
	14 # 46
	15 # 29
	16 # 17
	17 # 21
	18 # 25
	19 # 38
Timestep 8:
	0 # 27
	1 # 49
	2 # 26
	3 # 6
	4 # 51
	5 # 31
	6 # 14
	7 # 50
	8 # 23
	9 # 38
	10 # 22
	11 # 24
	12 # 11
	13 # 8
	14 # 46
	15 # 35
	16 # 18
	17 # 13
	18 # 32
	19 # 37
Timestep 9:
	0 # 34
	1 # 49
	2 # 20
	3 # 6
	4 # 43
	5 # 24
	6 # 22
	7 # 51
	8 # 16
	9 # 32
	10 # 28
	11 # 17
	12 # 10
	13 # 8
	14 # 46
	15 # 42
	16 # 25
	17 # 13
	18 # 31
	19 # 36
Timestep 10:
	0 # 40
	1 # 50
	2 # 12
	3 # 5
	4 # 37
	5 # 23
	6 # 22
	7 # 43
	8 # 8
	9 # 31
	10 # 29
	11 # 18
	12 # 11
	13 # 2
	14 # 47
	15 # 49
	16 # 32
	17 # 21
	18 # 24
	19 # 35
Timestep 11:
	0 # 47
	1 # 51
	2 # 5
	3 # 4
	4 # 37
	5 # 16
	6 # 28
	7 # 44
	8 # 8
	9 # 24
	10 # 35
	11 # 10
	12 # 11
	13 # 1
	14 # 46
	15 # 49
	16 # 38
	17 # 20
	18 # 17
	19 # 42
Timestep 12:
	0 # 54
	1 # 51
	2 # 5
	3 # 3
	4 # 43
	5 # 15
	6 # 29
	7 # 45
	8 # 2
	9 # 23
	10 # 42
	11 # 11
	12 # 12
	13 # 0
	14 # 47
	15 # 50
	16 # 32
	17 # 19
	18 # 16
	19 # 41

