Solution makespan:11
Timestep 0:
	0 # 20
	1 # 12
	2 # 35
	3 # 9
	4 # 18
	5 # 50
	6 # 43
	7 # 31
	8 # 53
	9 # 52
	10 # 34
	11 # 29
	12 # 47
	13 # 25
	14 # 57
	15 # 38
	16 # 30
	17 # 44
	18 # 48
	19 # 28
	20 # 24
	21 # 40
	22 # 33
	23 # 14
Timestep 1:
	0 # 28
	1 # 11
	2 # 35
	3 # 10
	4 # 19
	5 # 49
	6 # 36
	7 # 32
	8 # 53
	9 # 44
	10 # 41
	11 # 29
	12 # 54
	13 # 25
	14 # 50
	15 # 37
	16 # 22
	17 # 45
	18 # 55
	19 # 27
	20 # 31
	21 # 40
	22 # 26
	23 # 7
Timestep 2:
	0 # 27
	1 # 12
	2 # 29
	3 # 11
	4 # 20
	5 # 48
	6 # 30
	7 # 25
	8 # 52
	9 # 37
	10 # 41
	11 # 28
	12 # 54
	13 # 17
	14 # 49
	15 # 36
	16 # 23
	17 # 44
	18 # 56
	19 # 19
	20 # 38
	21 # 33
	22 # 18
	23 # 7
Timestep 3:
	0 # 34
	1 # 11
	2 # 28
	3 # 3
	4 # 20
	5 # 41
	6 # 30
	7 # 24
	8 # 53
	9 # 38
	10 # 40
	11 # 27
	12 # 47
	13 # 25
	14 # 42
	15 # 36
	16 # 15
	17 # 43
	18 # 56
	19 # 12
	20 # 45
	21 # 26
	22 # 18
	23 # 8
Timestep 4:
	0 # 33
	1 # 10
	2 # 27
	3 # 4
	4 # 20
	5 # 34
	6 # 36
	7 # 23
	8 # 45
	9 # 31
	10 # 40
	11 # 26
	12 # 48
	13 # 32
	14 # 41
	15 # 37
	16 # 16
	17 # 51
	18 # 49
	19 # 11
	20 # 46
	21 # 25
	22 # 17
	23 # 15
Timestep 5:
	0 # 32
	1 # 9
	2 # 26
	3 # 5
	4 # 19
	5 # 27
	6 # 36
	7 # 23
	8 # 46
	9 # 24
	10 # 33
	11 # 25
	12 # 41
	13 # 39
	14 # 34
	15 # 38
	16 # 15
	17 # 52
	18 # 49
	19 # 18
	20 # 47
	21 # 17
	22 # 16
	23 # 14
Timestep 6:
	0 # 33
	1 # 8
	2 # 25
	3 # 13
	4 # 18
	5 # 28
	6 # 37
	7 # 23
	8 # 39
	9 # 16
	10 # 26
	11 # 24
	12 # 34
	13 # 40
	14 # 27
	15 # 45
	16 # 14
	17 # 44
	18 # 42
	19 # 17
	20 # 54
	21 # 10
	22 # 15
	23 # 7
Timestep 7:
	0 # 40
	1 # 9
	2 # 24
	3 # 20
	4 # 19
	5 # 27
	6 # 38
	7 # 22
	8 # 32
	9 # 17
	10 # 18
	11 # 31
	12 # 41
	13 # 47
	14 # 26
	15 # 44
	16 # 14
	17 # 52
	18 # 42
	19 # 10
	20 # 55
	21 # 11
	22 # 23
	23 # 0
Timestep 8:
	0 # 47
	1 # 16
	2 # 23
	3 # 28
	4 # 27
	5 # 26
	6 # 39
	7 # 14
	8 # 33
	9 # 18
	10 # 11
	11 # 38
	12 # 48
	13 # 54
	14 # 25
	15 # 37
	16 # 7
	17 # 52
	18 # 41
	19 # 9
	20 # 56
	21 # 12
	22 # 22
	23 # 1
Timestep 9:
	0 # 54
	1 # 24
	2 # 22
	3 # 27
	4 # 34
	5 # 25
	6 # 46
	7 # 15
	8 # 26
	9 # 19
	10 # 12
	11 # 45
	12 # 49
	13 # 55
	14 # 17
	15 # 38
	16 # 7
	17 # 53
	18 # 48
	19 # 8
	20 # 57
	21 # 13
	22 # 30
	23 # 2
Timestep 10:
	0 # 55
	1 # 31
	2 # 30
	3 # 34
	4 # 41
	5 # 25
	6 # 46
	7 # 14
	8 # 18
	9 # 19
	10 # 13
	11 # 44
	12 # 50
	13 # 56
	14 # 10
	15 # 39
	16 # 8
	17 # 53
	18 # 47
	19 # 1
	20 # 57
	21 # 20
	22 # 36
	23 # 9
Timestep 11:
	0 # 56
	1 # 38
	2 # 36
	3 # 41
	4 # 48
	5 # 24
	6 # 39
	7 # 14
	8 # 19
	9 # 12
	10 # 20
	11 # 52
	12 # 50
	13 # 49
	14 # 9
	15 # 32
	16 # 15
	17 # 45
	18 # 54
	19 # 0
	20 # 57
	21 # 21
	22 # 43
	23 # 16

