Solution makespan:10
Timestep 0:
	0 # 1
	1 # 51
	2 # 30
	3 # 49
	4 # 29
	5 # 13
	6 # 36
	7 # 35
	8 # 34
	9 # 26
	10 # 43
	11 # 7
Timestep 1:
	0 # 2
	1 # 52
	2 # 31
	3 # 48
	4 # 29
	5 # 12
	6 # 37
	7 # 35
	8 # 41
	9 # 27
	10 # 44
	11 # 6
Timestep 2:
	0 # 2
	1 # 53
	2 # 39
	3 # 48
	4 # 23
	5 # 11
	6 # 38
	7 # 34
	8 # 42
	9 # 28
	10 # 45
	11 # 7
Timestep 3:
	0 # 8
	1 # 52
	2 # 38
	3 # 49
	4 # 16
	5 # 12
	6 # 30
	7 # 34
	8 # 35
	9 # 22
	10 # 46
	11 # 7
Timestep 4:
	0 # 9
	1 # 44
	2 # 45
	3 # 50
	4 # 17
	5 # 18
	6 # 29
	7 # 34
	8 # 36
	9 # 23
	10 # 39
	11 # 6
Timestep 5:
	0 # 10
	1 # 44
	2 # 45
	3 # 51
	4 # 11
	5 # 12
	6 # 28
	7 # 33
	8 # 37
	9 # 16
	10 # 31
	11 # 5
Timestep 6:
	0 # 16
	1 # 52
	2 # 38
	3 # 51
	4 # 5
	5 # 6
	6 # 27
	7 # 40
	8 # 44
	9 # 17
	10 # 31
	11 # 4
Timestep 7:
	0 # 23
	1 # 51
	2 # 37
	3 # 43
	4 # 5
	5 # 6
	6 # 35
	7 # 33
	8 # 45
	9 # 11
	10 # 32
	11 # 10
Timestep 8:
	0 # 29
	1 # 52
	2 # 36
	3 # 42
	4 # 6
	5 # 12
	6 # 34
	7 # 25
	8 # 45
	9 # 10
	10 # 24
	11 # 16
Timestep 9:
	0 # 30
	1 # 44
	2 # 43
	3 # 35
	4 # 5
	5 # 6
	6 # 41
	7 # 20
	8 # 38
	9 # 10
	10 # 19
	11 # 23
Timestep 10:
	0 # 31
	1 # 43
	2 # 42
	3 # 34
	4 # 4
	5 # 12
	6 # 41
	7 # 25
	8 # 37
	9 # 11
	10 # 18
	11 # 22

