Solution makespan:11
Timestep 0:
	0 # 38
	1 # 10
	2 # 46
	3 # 22
	4 # 37
	5 # 48
	6 # 36
	7 # 2
	8 # 44
	9 # 9
	10 # 43
	11 # 32
Timestep 1:
	0 # 30
	1 # 11
	2 # 53
	3 # 29
	4 # 38
	5 # 49
	6 # 35
	7 # 3
	8 # 45
	9 # 10
	10 # 42
	11 # 33
Timestep 2:
	0 # 23
	1 # 11
	2 # 54
	3 # 37
	4 # 39
	5 # 50
	6 # 42
	7 # 2
	8 # 46
	9 # 9
	10 # 41
	11 # 34
Timestep 3:
	0 # 23
	1 # 12
	2 # 55
	3 # 44
	4 # 31
	5 # 51
	6 # 35
	7 # 10
	8 # 47
	9 # 8
	10 # 40
	11 # 34
Timestep 4:
	0 # 15
	1 # 13
	2 # 56
	3 # 45
	4 # 32
	5 # 43
	6 # 34
	7 # 18
	8 # 48
	9 # 16
	10 # 33
	11 # 27
Timestep 5:
	0 # 7
	1 # 5
	2 # 57
	3 # 52
	4 # 25
	5 # 36
	6 # 27
	7 # 26
	8 # 49
	9 # 24
	10 # 32
	11 # 19
Timestep 6:
	0 # 1
	1 # 5
	2 # 58
	3 # 53
	4 # 17
	5 # 36
	6 # 19
	7 # 33
	8 # 41
	9 # 16
	10 # 31
	11 # 11
Timestep 7:
	0 # 0
	1 # 4
	2 # 58
	3 # 53
	4 # 25
	5 # 28
	6 # 27
	7 # 32
	8 # 34
	9 # 15
	10 # 24
	11 # 10
Timestep 8:
	0 # 0
	1 # 3
	2 # 57
	3 # 46
	4 # 24
	5 # 36
	6 # 34
	7 # 31
	8 # 33
	9 # 7
	10 # 23
	11 # 2
Timestep 9:
	0 # 0
	1 # 3
	2 # 50
	3 # 39
	4 # 23
	5 # 35
	6 # 34
	7 # 30
	8 # 33
	9 # 7
	10 # 22
	11 # 2
Timestep 10:
	0 # 6
	1 # 11
	2 # 42
	3 # 38
	4 # 15
	5 # 36
	6 # 41
	7 # 29
	8 # 40
	9 # 8
	10 # 14
	11 # 2
Timestep 11:
	0 # 7
	1 # 19
	2 # 50
	3 # 45
	4 # 16
	5 # 36
	6 # 49
	7 # 22
	8 # 48
	9 # 8
	10 # 6
	11 # 3

