Solution makespan:6
Timestep 0:
	0 # 1
	1 # 11
	2 # 37
	3 # 44
	4 # 28
	5 # 21
	6 # 12
	7 # 30
Timestep 1:
	0 # 9
	1 # 18
	2 # 37
	3 # 45
	4 # 27
	5 # 20
	6 # 12
	7 # 38
Timestep 2:
	0 # 16
	1 # 17
	2 # 36
	3 # 37
	4 # 35
	5 # 19
	6 # 4
	7 # 39
Timestep 3:
	0 # 24
	1 # 25
	2 # 37
	3 # 29
	4 # 35
	5 # 18
	6 # 3
	7 # 40
Timestep 4:
	0 # 25
	1 # 33
	2 # 45
	3 # 21
	4 # 27
	5 # 17
	6 # 11
	7 # 40
Timestep 5:
	0 # 25
	1 # 32
	2 # 52
	3 # 14
	4 # 26
	5 # 16
	6 # 3
	7 # 41
Timestep 6:
	0 # 25
	1 # 31
	2 # 59
	3 # 6
	4 # 26
	5 # 24
	6 # 2
	7 # 33

