Solution makespan:10
Timestep 0:
	0 # 32
	1 # 53
	2 # 7
	3 # 45
	4 # 37
	5 # 3
	6 # 19
	7 # 27
	8 # 9
	9 # 13
	10 # 17
	11 # 40
Timestep 1:
	0 # 32
	1 # 54
	2 # 6
	3 # 45
	4 # 30
	5 # 2
	6 # 19
	7 # 27
	8 # 16
	9 # 20
	10 # 18
	11 # 39
Timestep 2:
	0 # 31
	1 # 47
	2 # 5
	3 # 44
	4 # 23
	5 # 2
	6 # 18
	7 # 27
	8 # 17
	9 # 19
	10 # 11
	11 # 34
Timestep 3:
	0 # 38
	1 # 39
	2 # 4
	3 # 44
	4 # 30
	5 # 3
	6 # 18
	7 # 20
	8 # 25
	9 # 19
	10 # 11
	11 # 34
Timestep 4:
	0 # 31
	1 # 34
	2 # 10
	3 # 43
	4 # 37
	5 # 2
	6 # 26
	7 # 27
	8 # 32
	9 # 12
	10 # 5
	11 # 33
Timestep 5:
	0 # 30
	1 # 33
	2 # 17
	3 # 37
	4 # 38
	5 # 3
	6 # 18
	7 # 20
	8 # 31
	9 # 19
	10 # 5
	11 # 32
Timestep 6:
	0 # 23
	1 # 26
	2 # 25
	3 # 30
	4 # 44
	5 # 9
	6 # 17
	7 # 19
	8 # 38
	9 # 12
	10 # 5
	11 # 33
Timestep 7:
	0 # 22
	1 # 18
	2 # 26
	3 # 37
	4 # 45
	5 # 16
	6 # 10
	7 # 20
	8 # 44
	9 # 12
	10 # 11
	11 # 32
Timestep 8:
	0 # 21
	1 # 18
	2 # 33
	3 # 36
	4 # 46
	5 # 24
	6 # 9
	7 # 20
	8 # 45
	9 # 11
	10 # 10
	11 # 25
Timestep 9:
	0 # 28
	1 # 19
	2 # 34
	3 # 35
	4 # 47
	5 # 16
	6 # 3
	7 # 20
	8 # 45
	9 # 18
	10 # 17
	11 # 25
Timestep 10:
	0 # 21
	1 # 20
	2 # 39
	3 # 41
	4 # 48
	5 # 9
	6 # 2
	7 # 13
	8 # 46
	9 # 26
	10 # 16
	11 # 24

