Solution makespan:9
Timestep 0:
	0 # 1
	1 # 9
	2 # 2
	3 # 0
	4 # 27
	5 # 54
	6 # 40
	7 # 56
	8 # 31
	9 # 39
	10 # 29
	11 # 22
	12 # 4
	13 # 5
	14 # 43
	15 # 46
	16 # 19
	17 # 48
	18 # 53
	19 # 12
	20 # 15
	21 # 35
	22 # 13
	23 # 6
Timestep 1:
	0 # 0
	1 # 9
	2 # 10
	3 # 8
	4 # 20
	5 # 53
	6 # 48
	7 # 49
	8 # 31
	9 # 38
	10 # 30
	11 # 21
	12 # 3
	13 # 4
	14 # 51
	15 # 39
	16 # 25
	17 # 47
	18 # 46
	19 # 12
	20 # 22
	21 # 34
	22 # 5
	23 # 14
Timestep 2:
	0 # 8
	1 # 10
	2 # 18
	3 # 16
	4 # 20
	5 # 46
	6 # 48
	7 # 49
	8 # 37
	9 # 45
	10 # 31
	11 # 28
	12 # 2
	13 # 3
	14 # 43
	15 # 33
	16 # 32
	17 # 47
	18 # 39
	19 # 4
	20 # 22
	21 # 27
	22 # 6
	23 # 13
Timestep 3:
	0 # 16
	1 # 11
	2 # 24
	3 # 17
	4 # 13
	5 # 45
	6 # 47
	7 # 48
	8 # 44
	9 # 52
	10 # 30
	11 # 35
	12 # 1
	13 # 2
	14 # 42
	15 # 34
	16 # 33
	17 # 46
	18 # 38
	19 # 3
	20 # 21
	21 # 20
	22 # 14
	23 # 12
Timestep 4:
	0 # 17
	1 # 3
	2 # 25
	3 # 18
	4 # 5
	5 # 44
	6 # 46
	7 # 47
	8 # 43
	9 # 53
	10 # 29
	11 # 40
	12 # 9
	13 # 1
	14 # 42
	15 # 34
	16 # 32
	17 # 45
	18 # 37
	19 # 2
	20 # 28
	21 # 13
	22 # 21
	23 # 11
Timestep 5:
	0 # 18
	1 # 4
	2 # 26
	3 # 19
	4 # 6
	5 # 37
	6 # 45
	7 # 46
	8 # 51
	9 # 54
	10 # 30
	11 # 48
	12 # 9
	13 # 0
	14 # 50
	15 # 27
	16 # 32
	17 # 38
	18 # 31
	19 # 1
	20 # 35
	21 # 14
	22 # 28
	23 # 11
Timestep 6:
	0 # 10
	1 # 5
	2 # 27
	3 # 11
	4 # 7
	5 # 31
	6 # 38
	7 # 45
	8 # 43
	9 # 55
	10 # 30
	11 # 47
	12 # 17
	13 # 8
	14 # 51
	15 # 20
	16 # 25
	17 # 32
	18 # 24
	19 # 0
	20 # 40
	21 # 14
	22 # 35
	23 # 3
Timestep 7:
	0 # 11
	1 # 6
	2 # 28
	3 # 12
	4 # 15
	5 # 24
	6 # 32
	7 # 45
	8 # 44
	9 # 56
	10 # 31
	11 # 54
	12 # 23
	13 # 9
	14 # 51
	15 # 21
	16 # 26
	17 # 25
	18 # 18
	19 # 0
	20 # 48
	21 # 14
	22 # 40
	23 # 3
Timestep 8:
	0 # 12
	1 # 7
	2 # 21
	3 # 13
	4 # 22
	5 # 23
	6 # 25
	7 # 38
	8 # 45
	9 # 49
	10 # 37
	11 # 53
	12 # 30
	13 # 1
	14 # 50
	15 # 14
	16 # 26
	17 # 24
	18 # 18
	19 # 8
	20 # 55
	21 # 6
	22 # 48
	23 # 3
Timestep 9:
	0 # 4
	1 # 15
	2 # 14
	3 # 12
	4 # 21
	5 # 17
	6 # 19
	7 # 37
	8 # 45
	9 # 41
	10 # 44
	11 # 46
	12 # 30
	13 # 0
	14 # 42
	15 # 6
	16 # 27
	17 # 18
	18 # 10
	19 # 9
	20 # 54
	21 # 5
	22 # 47
	23 # 11

