Solution makespan:8
Timestep 0:
	0 # 55
	1 # 9
	2 # 16
	3 # 38
	4 # 5
	5 # 52
	6 # 45
	7 # 51
Timestep 1:
	0 # 56
	1 # 10
	2 # 15
	3 # 46
	4 # 12
	5 # 44
	6 # 37
	7 # 50
Timestep 2:
	0 # 57
	1 # 11
	2 # 23
	3 # 54
	4 # 20
	5 # 43
	6 # 38
	7 # 49
Timestep 3:
	0 # 58
	1 # 19
	2 # 24
	3 # 54
	4 # 28
	5 # 35
	6 # 31
	7 # 41
Timestep 4:
	0 # 59
	1 # 19
	2 # 25
	3 # 55
	4 # 27
	5 # 29
	6 # 32
	7 # 34
Timestep 5:
	0 # 51
	1 # 18
	2 # 17
	3 # 47
	4 # 26
	5 # 28
	6 # 33
	7 # 27
Timestep 6:
	0 # 43
	1 # 17
	2 # 9
	3 # 47
	4 # 33
	5 # 20
	6 # 34
	7 # 28
Timestep 7:
	0 # 35
	1 # 16
	2 # 2
	3 # 39
	4 # 40
	5 # 12
	6 # 27
	7 # 20
Timestep 8:
	0 # 36
	1 # 24
	2 # 3
	3 # 32
	4 # 48
	5 # 5
	6 # 28
	7 # 20

