Solution makespan:13
Timestep 0:
	0 # 54
	1 # 1
	2 # 0
	3 # 36
	4 # 14
	5 # 6
	6 # 7
	7 # 31
	8 # 9
	9 # 39
	10 # 52
	11 # 38
	12 # 26
	13 # 37
	14 # 32
	15 # 43
	16 # 12
	17 # 5
	18 # 2
	19 # 28
	20 # 34
	21 # 45
	22 # 27
	23 # 35
	24 # 8
	25 # 24
	26 # 40
	27 # 20
Timestep 1:
	0 # 53
	1 # 2
	2 # 0
	3 # 42
	4 # 14
	5 # 13
	6 # 8
	7 # 23
	8 # 10
	9 # 33
	10 # 51
	11 # 37
	12 # 26
	13 # 31
	14 # 24
	15 # 44
	16 # 20
	17 # 6
	18 # 3
	19 # 21
	20 # 34
	21 # 39
	22 # 27
	23 # 41
	24 # 15
	25 # 17
	26 # 40
	27 # 19
Timestep 2:
	0 # 46
	1 # 3
	2 # 7
	3 # 43
	4 # 14
	5 # 12
	6 # 15
	7 # 24
	8 # 11
	9 # 25
	10 # 51
	11 # 31
	12 # 26
	13 # 32
	14 # 17
	15 # 37
	16 # 27
	17 # 13
	18 # 4
	19 # 21
	20 # 40
	21 # 39
	22 # 28
	23 # 41
	24 # 22
	25 # 9
	26 # 47
	27 # 18
Timestep 3:
	0 # 45
	1 # 4
	2 # 8
	3 # 44
	4 # 15
	5 # 11
	6 # 16
	7 # 32
	8 # 19
	9 # 18
	10 # 51
	11 # 23
	12 # 25
	13 # 33
	14 # 9
	15 # 31
	16 # 34
	17 # 21
	18 # 5
	19 # 20
	20 # 41
	21 # 38
	22 # 27
	23 # 35
	24 # 22
	25 # 2
	26 # 46
	27 # 10
Timestep 4:
	0 # 39
	1 # 5
	2 # 15
	3 # 50
	4 # 14
	5 # 10
	6 # 17
	7 # 33
	8 # 26
	9 # 18
	10 # 52
	11 # 16
	12 # 24
	13 # 25
	14 # 2
	15 # 23
	16 # 40
	17 # 28
	18 # 12
	19 # 19
	20 # 41
	21 # 37
	22 # 20
	23 # 34
	24 # 30
	25 # 1
	26 # 46
	27 # 9
Timestep 5:
	0 # 38
	1 # 6
	2 # 22
	3 # 51
	4 # 7
	5 # 9
	6 # 18
	7 # 39
	8 # 25
	9 # 10
	10 # 53
	11 # 15
	12 # 32
	13 # 24
	14 # 3
	15 # 16
	16 # 47
	17 # 35
	18 # 20
	19 # 11
	20 # 40
	21 # 44
	22 # 21
	23 # 27
	24 # 31
	25 # 1
	26 # 45
	27 # 2
Timestep 6:
	0 # 32
	1 # 13
	2 # 30
	3 # 52
	4 # 8
	5 # 17
	6 # 19
	7 # 39
	8 # 33
	9 # 10
	10 # 54
	11 # 14
	12 # 31
	13 # 24
	14 # 4
	15 # 15
	16 # 46
	17 # 41
	18 # 27
	19 # 12
	20 # 34
	21 # 43
	22 # 21
	23 # 28
	24 # 37
	25 # 1
	26 # 45
	27 # 3
Timestep 7:
	0 # 38
	1 # 12
	2 # 29
	3 # 53
	4 # 15
	5 # 24
	6 # 20
	7 # 39
	8 # 32
	9 # 9
	10 # 55
	11 # 7
	12 # 30
	13 # 25
	14 # 11
	15 # 14
	16 # 46
	17 # 40
	18 # 34
	19 # 5
	20 # 35
	21 # 44
	22 # 13
	23 # 21
	24 # 37
	25 # 2
	26 # 52
	27 # 3
Timestep 8:
	0 # 32
	1 # 5
	2 # 36
	3 # 52
	4 # 16
	5 # 23
	6 # 27
	7 # 45
	8 # 31
	9 # 10
	10 # 48
	11 # 7
	12 # 29
	13 # 18
	14 # 12
	15 # 15
	16 # 53
	17 # 47
	18 # 40
	19 # 4
	20 # 28
	21 # 50
	22 # 6
	23 # 13
	24 # 38
	25 # 9
	26 # 51
	27 # 3
Timestep 9:
	0 # 31
	1 # 5
	2 # 42
	3 # 45
	4 # 16
	5 # 22
	6 # 34
	7 # 46
	8 # 37
	9 # 18
	10 # 41
	11 # 0
	12 # 29
	13 # 19
	14 # 20
	15 # 15
	16 # 52
	17 # 54
	18 # 47
	19 # 3
	20 # 21
	21 # 49
	22 # 13
	23 # 12
	24 # 32
	25 # 17
	26 # 51
	27 # 2
Timestep 10:
	0 # 31
	1 # 6
	2 # 36
	3 # 39
	4 # 23
	5 # 22
	6 # 40
	7 # 53
	8 # 38
	9 # 10
	10 # 35
	11 # 7
	12 # 29
	13 # 20
	14 # 27
	15 # 16
	16 # 51
	17 # 54
	18 # 48
	19 # 2
	20 # 13
	21 # 49
	22 # 12
	23 # 11
	24 # 24
	25 # 18
	26 # 50
	27 # 1
Timestep 11:
	0 # 30
	1 # 5
	2 # 42
	3 # 33
	4 # 22
	5 # 15
	6 # 47
	7 # 52
	8 # 38
	9 # 3
	10 # 28
	11 # 7
	12 # 29
	13 # 21
	14 # 34
	15 # 23
	16 # 50
	17 # 53
	18 # 55
	19 # 2
	20 # 6
	21 # 49
	22 # 11
	23 # 10
	24 # 24
	25 # 19
	26 # 44
	27 # 1
Timestep 12:
	0 # 29
	1 # 5
	2 # 42
	3 # 25
	4 # 30
	5 # 15
	6 # 48
	7 # 45
	8 # 39
	9 # 4
	10 # 27
	11 # 14
	12 # 36
	13 # 28
	14 # 40
	15 # 31
	16 # 44
	17 # 52
	18 # 54
	19 # 3
	20 # 13
	21 # 50
	22 # 10
	23 # 9
	24 # 32
	25 # 20
	26 # 43
	27 # 1
Timestep 13:
	0 # 29
	1 # 6
	2 # 42
	3 # 24
	4 # 30
	5 # 8
	6 # 55
	7 # 39
	8 # 33
	9 # 5
	10 # 34
	11 # 14
	12 # 36
	13 # 35
	14 # 41
	15 # 32
	16 # 43
	17 # 51
	18 # 47
	19 # 10
	20 # 12
	21 # 50
	22 # 9
	23 # 17
	24 # 38
	25 # 27
	26 # 49
	27 # 2

