Solution makespan:10
Timestep 0:
	0 # 17
	1 # 32
	2 # 16
	3 # 9
	4 # 22
	5 # 5
	6 # 23
	7 # 18
	8 # 56
	9 # 30
	10 # 3
	11 # 39
Timestep 1:
	0 # 10
	1 # 33
	2 # 24
	3 # 16
	4 # 22
	5 # 12
	6 # 30
	7 # 19
	8 # 48
	9 # 31
	10 # 4
	11 # 32
Timestep 2:
	0 # 10
	1 # 34
	2 # 31
	3 # 17
	4 # 29
	5 # 19
	6 # 37
	7 # 20
	8 # 41
	9 # 30
	10 # 5
	11 # 33
Timestep 3:
	0 # 11
	1 # 33
	2 # 38
	3 # 18
	4 # 30
	5 # 26
	6 # 37
	7 # 21
	8 # 34
	9 # 23
	10 # 12
	11 # 40
Timestep 4:
	0 # 10
	1 # 32
	2 # 37
	3 # 25
	4 # 31
	5 # 34
	6 # 45
	7 # 14
	8 # 33
	9 # 24
	10 # 19
	11 # 40
Timestep 5:
	0 # 9
	1 # 32
	2 # 30
	3 # 18
	4 # 38
	5 # 41
	6 # 37
	7 # 13
	8 # 25
	9 # 23
	10 # 26
	11 # 33
Timestep 6:
	0 # 16
	1 # 39
	2 # 37
	3 # 19
	4 # 46
	5 # 40
	6 # 36
	7 # 12
	8 # 18
	9 # 23
	10 # 34
	11 # 25
Timestep 7:
	0 # 9
	1 # 40
	2 # 45
	3 # 20
	4 # 53
	5 # 33
	6 # 37
	7 # 5
	8 # 18
	9 # 23
	10 # 41
	11 # 25
Timestep 8:
	0 # 9
	1 # 41
	2 # 45
	3 # 21
	4 # 53
	5 # 34
	6 # 38
	7 # 4
	8 # 17
	9 # 15
	10 # 48
	11 # 18
Timestep 9:
	0 # 9
	1 # 42
	2 # 46
	3 # 28
	4 # 52
	5 # 33
	6 # 39
	7 # 3
	8 # 10
	9 # 8
	10 # 56
	11 # 11
Timestep 10:
	0 # 8
	1 # 43
	2 # 53
	3 # 35
	4 # 51
	5 # 32
	6 # 40
	7 # 2
	8 # 11
	9 # 7
	10 # 55
	11 # 4

