Solution makespan:11
Timestep 0:
	0 # 51
	1 # 18
	2 # 27
	3 # 48
	4 # 30
	5 # 1
	6 # 4
	7 # 5
Timestep 1:
	0 # 52
	1 # 26
	2 # 28
	3 # 48
	4 # 38
	5 # 9
	6 # 12
	7 # 13
Timestep 2:
	0 # 46
	1 # 27
	2 # 36
	3 # 54
	4 # 37
	5 # 17
	6 # 20
	7 # 21
Timestep 3:
	0 # 40
	1 # 28
	2 # 43
	3 # 55
	4 # 44
	5 # 25
	6 # 19
	7 # 29
Timestep 4:
	0 # 32
	1 # 36
	2 # 42
	3 # 55
	4 # 43
	5 # 26
	6 # 27
	7 # 28
Timestep 5:
	0 # 24
	1 # 43
	2 # 42
	3 # 56
	4 # 49
	5 # 18
	6 # 35
	7 # 27
Timestep 6:
	0 # 16
	1 # 44
	2 # 42
	3 # 55
	4 # 56
	5 # 10
	6 # 35
	7 # 26
Timestep 7:
	0 # 8
	1 # 44
	2 # 35
	3 # 56
	4 # 57
	5 # 11
	6 # 34
	7 # 25
Timestep 8:
	0 # 16
	1 # 37
	2 # 27
	3 # 49
	4 # 58
	5 # 12
	6 # 33
	7 # 24
Timestep 9:
	0 # 17
	1 # 44
	2 # 19
	3 # 43
	4 # 58
	5 # 13
	6 # 41
	7 # 32
Timestep 10:
	0 # 18
	1 # 37
	2 # 19
	3 # 42
	4 # 50
	5 # 21
	6 # 47
	7 # 40
Timestep 11:
	0 # 10
	1 # 44
	2 # 11
	3 # 43
	4 # 58
	5 # 13
	6 # 48
	7 # 46

