Solution makespan:10
Timestep 0:
	0 # 4
	1 # 25
	2 # 24
	3 # 9
	4 # 51
	5 # 16
	6 # 23
	7 # 28
	8 # 18
	9 # 34
	10 # 36
	11 # 32
	12 # 50
	13 # 39
	14 # 30
	15 # 19
	16 # 41
	17 # 27
	18 # 13
	19 # 22
	20 # 11
	21 # 6
	22 # 33
	23 # 42
	24 # 37
	25 # 3
	26 # 14
	27 # 44
Timestep 1:
	0 # 3
	1 # 20
	2 # 25
	3 # 17
	4 # 45
	5 # 15
	6 # 30
	7 # 35
	8 # 19
	9 # 27
	10 # 29
	11 # 38
	12 # 51
	13 # 39
	14 # 31
	15 # 11
	16 # 41
	17 # 21
	18 # 12
	19 # 22
	20 # 4
	21 # 6
	22 # 34
	23 # 42
	24 # 37
	25 # 10
	26 # 13
	27 # 44
Timestep 2:
	0 # 2
	1 # 19
	2 # 26
	3 # 23
	4 # 44
	5 # 15
	6 # 29
	7 # 36
	8 # 24
	9 # 21
	10 # 22
	11 # 38
	12 # 52
	13 # 39
	14 # 32
	15 # 4
	16 # 42
	17 # 14
	18 # 5
	19 # 16
	20 # 3
	21 # 13
	22 # 27
	23 # 43
	24 # 31
	25 # 11
	26 # 12
	27 # 50
Timestep 3:
	0 # 9
	1 # 18
	2 # 33
	3 # 23
	4 # 50
	5 # 15
	6 # 22
	7 # 41
	8 # 25
	9 # 14
	10 # 16
	11 # 38
	12 # 52
	13 # 40
	14 # 24
	15 # 3
	16 # 43
	17 # 13
	18 # 4
	19 # 8
	20 # 2
	21 # 12
	22 # 21
	23 # 37
	24 # 30
	25 # 19
	26 # 20
	27 # 51
Timestep 4:
	0 # 10
	1 # 17
	2 # 33
	3 # 22
	4 # 49
	5 # 15
	6 # 16
	7 # 42
	8 # 26
	9 # 13
	10 # 8
	11 # 38
	12 # 51
	13 # 34
	14 # 19
	15 # 2
	16 # 37
	17 # 12
	18 # 3
	19 # 7
	20 # 1
	21 # 11
	22 # 14
	23 # 31
	24 # 29
	25 # 18
	26 # 25
	27 # 45
Timestep 5:
	0 # 3
	1 # 23
	2 # 26
	3 # 29
	4 # 48
	5 # 16
	6 # 8
	7 # 43
	8 # 27
	9 # 12
	10 # 1
	11 # 37
	12 # 45
	13 # 33
	14 # 20
	15 # 9
	16 # 31
	17 # 11
	18 # 4
	19 # 7
	20 # 0
	21 # 10
	22 # 13
	23 # 30
	24 # 28
	25 # 19
	26 # 24
	27 # 44
Timestep 6:
	0 # 4
	1 # 22
	2 # 25
	3 # 36
	4 # 43
	5 # 17
	6 # 7
	7 # 37
	8 # 27
	9 # 11
	10 # 2
	11 # 38
	12 # 39
	13 # 26
	14 # 20
	15 # 8
	16 # 31
	17 # 10
	18 # 5
	19 # 15
	20 # 0
	21 # 9
	22 # 12
	23 # 23
	24 # 28
	25 # 24
	26 # 32
	27 # 44
Timestep 7:
	0 # 4
	1 # 29
	2 # 20
	3 # 41
	4 # 42
	5 # 18
	6 # 0
	7 # 38
	8 # 34
	9 # 10
	10 # 3
	11 # 32
	12 # 33
	13 # 27
	14 # 12
	15 # 16
	16 # 30
	17 # 9
	18 # 6
	19 # 15
	20 # 1
	21 # 8
	22 # 11
	23 # 17
	24 # 28
	25 # 25
	26 # 31
	27 # 44
Timestep 8:
	0 # 5
	1 # 36
	2 # 20
	3 # 47
	4 # 41
	5 # 19
	6 # 0
	7 # 38
	8 # 33
	9 # 9
	10 # 4
	11 # 24
	12 # 39
	13 # 34
	14 # 13
	15 # 16
	16 # 31
	17 # 8
	18 # 6
	19 # 15
	20 # 2
	21 # 7
	22 # 10
	23 # 18
	24 # 29
	25 # 26
	26 # 37
	27 # 50
Timestep 9:
	0 # 12
	1 # 29
	2 # 19
	3 # 47
	4 # 36
	5 # 18
	6 # 1
	7 # 38
	8 # 39
	9 # 17
	10 # 11
	11 # 25
	12 # 40
	13 # 34
	14 # 13
	15 # 22
	16 # 32
	17 # 16
	18 # 5
	19 # 7
	20 # 3
	21 # 0
	22 # 9
	23 # 10
	24 # 30
	25 # 27
	26 # 43
	27 # 49
Timestep 10:
	0 # 20
	1 # 30
	2 # 18
	3 # 47
	4 # 36
	5 # 17
	6 # 2
	7 # 38
	8 # 45
	9 # 23
	10 # 10
	11 # 26
	12 # 39
	13 # 27
	14 # 13
	15 # 22
	16 # 24
	17 # 16
	18 # 12
	19 # 8
	20 # 4
	21 # 1
	22 # 9
	23 # 3
	24 # 31
	25 # 21
	26 # 42
	27 # 48

