Solution makespan:7
Timestep 0:
	0 # 46
	1 # 27
	2 # 28
	3 # 57
	4 # 21
	5 # 49
	6 # 31
	7 # 11
	8 # 43
	9 # 55
	10 # 9
	11 # 38
Timestep 1:
	0 # 47
	1 # 27
	2 # 29
	3 # 49
	4 # 28
	5 # 48
	6 # 32
	7 # 12
	8 # 42
	9 # 54
	10 # 1
	11 # 38
Timestep 2:
	0 # 42
	1 # 26
	2 # 37
	3 # 50
	4 # 27
	5 # 47
	6 # 33
	7 # 13
	8 # 41
	9 # 46
	10 # 9
	11 # 38
Timestep 3:
	0 # 42
	1 # 25
	2 # 38
	3 # 44
	4 # 26
	5 # 46
	6 # 34
	7 # 21
	8 # 33
	9 # 41
	10 # 8
	11 # 30
Timestep 4:
	0 # 34
	1 # 24
	2 # 45
	3 # 37
	4 # 19
	5 # 41
	6 # 35
	7 # 28
	8 # 25
	9 # 40
	10 # 8
	11 # 38
Timestep 5:
	0 # 26
	1 # 24
	2 # 44
	3 # 29
	4 # 11
	5 # 40
	6 # 43
	7 # 36
	8 # 25
	9 # 32
	10 # 0
	11 # 45
Timestep 6:
	0 # 27
	1 # 17
	2 # 44
	3 # 30
	4 # 3
	5 # 32
	6 # 48
	7 # 37
	8 # 25
	9 # 24
	10 # 1
	11 # 51
Timestep 7:
	0 # 28
	1 # 9
	2 # 50
	3 # 38
	4 # 11
	5 # 31
	6 # 56
	7 # 44
	8 # 26
	9 # 24
	10 # 2
	11 # 59

