Solution makespan:9
Timestep 0:
	0 # 37
	1 # 3
	2 # 19
	3 # 27
	4 # 9
	5 # 13
	6 # 17
	7 # 40
Timestep 1:
	0 # 43
	1 # 4
	2 # 18
	3 # 20
	4 # 3
	5 # 12
	6 # 25
	7 # 48
Timestep 2:
	0 # 44
	1 # 10
	2 # 26
	3 # 13
	4 # 3
	5 # 19
	6 # 24
	7 # 47
Timestep 3:
	0 # 52
	1 # 10
	2 # 33
	3 # 20
	4 # 4
	5 # 18
	6 # 24
	7 # 46
Timestep 4:
	0 # 51
	1 # 9
	2 # 33
	3 # 19
	4 # 5
	5 # 26
	6 # 31
	7 # 45
Timestep 5:
	0 # 43
	1 # 3
	2 # 34
	3 # 18
	4 # 6
	5 # 33
	6 # 38
	7 # 44
Timestep 6:
	0 # 37
	1 # 2
	2 # 39
	3 # 17
	4 # 12
	5 # 34
	6 # 44
	7 # 43
Timestep 7:
	0 # 30
	1 # 2
	2 # 40
	3 # 16
	4 # 19
	5 # 39
	6 # 45
	7 # 42
Timestep 8:
	0 # 23
	1 # 1
	2 # 48
	3 # 24
	4 # 20
	5 # 47
	6 # 46
	7 # 36
Timestep 9:
	0 # 23
	1 # 0
	2 # 55
	3 # 24
	4 # 27
	5 # 54
	6 # 47
	7 # 29

