Solution makespan:9
Timestep 0:
	0 # 7
	1 # 12
	2 # 6
	3 # 9
	4 # 0
	5 # 3
	6 # 4
	7 # 5
Timestep 1:
	0 # 7
	1 # 11
	2 # 8
	3 # 10
	4 # 1
	5 # 6
	6 # 0
	7 # 5
Timestep 2:
	0 # 11
	1 # 10
	2 # 8
	3 # 9
	4 # 2
	5 # 6
	6 # 1
	7 # 5
Timestep 3:
	0 # 12
	1 # 11
	2 # 7
	3 # 9
	4 # 3
	5 # 8
	6 # 2
	7 # 5
Timestep 4:
	0 # 12
	1 # 11
	2 # 7
	3 # 10
	4 # 6
	5 # 8
	6 # 3
	7 # 5
Timestep 5:
	0 # 8
	1 # 12
	2 # 5
	3 # 10
	4 # 6
	5 # 7
	6 # 3
	7 # 2
Timestep 6:
	0 # 8
	1 # 12
	2 # 5
	3 # 11
	4 # 6
	5 # 7
	6 # 3
	7 # 2
Timestep 7:
	0 # 12
	1 # 11
	2 # 2
	3 # 7
	4 # 6
	5 # 5
	6 # 3
	7 # 1
Timestep 8:
	0 # 11
	1 # 10
	2 # 1
	3 # 5
	4 # 8
	5 # 2
	6 # 3
	7 # 0
Timestep 9:
	0 # 10
	1 # 9
	2 # 0
	3 # 5
	4 # 12
	5 # 3
	6 # 6
	7 # 4

