Solution makespan:9
Timestep 0:
	0 # 52
	1 # 16
	2 # 5
	3 # 24
	4 # 49
	5 # 34
	6 # 8
	7 # 13
	8 # 50
	9 # 14
	10 # 39
	11 # 15
Timestep 1:
	0 # 46
	1 # 11
	2 # 12
	3 # 32
	4 # 49
	5 # 34
	6 # 0
	7 # 19
	8 # 44
	9 # 14
	10 # 33
	11 # 16
Timestep 2:
	0 # 39
	1 # 16
	2 # 18
	3 # 31
	4 # 50
	5 # 40
	6 # 8
	7 # 19
	8 # 37
	9 # 14
	10 # 25
	11 # 17
Timestep 3:
	0 # 33
	1 # 16
	2 # 26
	3 # 30
	4 # 44
	5 # 40
	6 # 9
	7 # 27
	8 # 31
	9 # 13
	10 # 24
	11 # 18
Timestep 4:
	0 # 25
	1 # 24
	2 # 34
	3 # 30
	4 # 37
	5 # 39
	6 # 9
	7 # 26
	8 # 23
	9 # 12
	10 # 32
	11 # 19
Timestep 5:
	0 # 17
	1 # 24
	2 # 40
	3 # 29
	4 # 31
	5 # 33
	6 # 10
	7 # 25
	8 # 15
	9 # 18
	10 # 38
	11 # 27
Timestep 6:
	0 # 16
	1 # 32
	2 # 39
	3 # 21
	4 # 23
	5 # 34
	6 # 11
	7 # 24
	8 # 10
	9 # 17
	10 # 45
	11 # 26
Timestep 7:
	0 # 11
	1 # 38
	2 # 46
	3 # 22
	4 # 15
	5 # 40
	6 # 10
	7 # 32
	8 # 2
	9 # 25
	10 # 51
	11 # 34
Timestep 8:
	0 # 3
	1 # 38
	2 # 52
	3 # 30
	4 # 10
	5 # 40
	6 # 9
	7 # 31
	8 # 1
	9 # 33
	10 # 50
	11 # 34
Timestep 9:
	0 # 11
	1 # 39
	2 # 53
	3 # 36
	4 # 2
	5 # 41
	6 # 10
	7 # 37
	8 # 0
	9 # 34
	10 # 44
	11 # 26

