Solution makespan:10
Timestep 0:
	0 # 14
	1 # 6
	2 # 7
	3 # 31
	4 # 9
	5 # 39
	6 # 52
	7 # 38
	8 # 26
	9 # 37
	10 # 32
	11 # 43
	12 # 12
	13 # 5
	14 # 2
	15 # 28
	16 # 34
	17 # 45
	18 # 27
	19 # 35
	20 # 8
	21 # 24
	22 # 40
	23 # 20
Timestep 1:
	0 # 7
	1 # 5
	2 # 0
	3 # 23
	4 # 17
	5 # 38
	6 # 45
	7 # 37
	8 # 19
	9 # 31
	10 # 33
	11 # 42
	12 # 12
	13 # 4
	14 # 9
	15 # 35
	16 # 27
	17 # 39
	18 # 26
	19 # 41
	20 # 15
	21 # 32
	22 # 34
	23 # 21
Timestep 2:
	0 # 8
	1 # 4
	2 # 0
	3 # 23
	4 # 24
	5 # 37
	6 # 46
	7 # 44
	8 # 20
	9 # 30
	10 # 33
	11 # 43
	12 # 5
	13 # 11
	14 # 10
	15 # 41
	16 # 26
	17 # 38
	18 # 19
	19 # 48
	20 # 16
	21 # 31
	22 # 27
	23 # 28
Timestep 3:
	0 # 15
	1 # 3
	2 # 0
	3 # 24
	4 # 32
	5 # 31
	6 # 47
	7 # 43
	8 # 21
	9 # 22
	10 # 33
	11 # 49
	12 # 4
	13 # 12
	14 # 11
	15 # 35
	16 # 19
	17 # 37
	18 # 18
	19 # 41
	20 # 17
	21 # 30
	22 # 20
	23 # 27
Timestep 4:
	0 # 8
	1 # 2
	2 # 7
	3 # 25
	4 # 38
	5 # 30
	6 # 46
	7 # 49
	8 # 28
	9 # 15
	10 # 33
	11 # 50
	12 # 3
	13 # 13
	14 # 4
	15 # 41
	16 # 11
	17 # 31
	18 # 10
	19 # 48
	20 # 18
	21 # 29
	22 # 12
	23 # 34
Timestep 5:
	0 # 15
	1 # 9
	2 # 0
	3 # 26
	4 # 37
	5 # 29
	6 # 45
	7 # 49
	8 # 35
	9 # 16
	10 # 39
	11 # 51
	12 # 2
	13 # 21
	14 # 5
	15 # 41
	16 # 10
	17 # 32
	18 # 3
	19 # 47
	20 # 25
	21 # 36
	22 # 12
	23 # 40
Timestep 6:
	0 # 22
	1 # 17
	2 # 0
	3 # 19
	4 # 37
	5 # 36
	6 # 45
	7 # 50
	8 # 34
	9 # 23
	10 # 33
	11 # 52
	12 # 2
	13 # 21
	14 # 6
	15 # 41
	16 # 9
	17 # 38
	18 # 10
	19 # 46
	20 # 26
	21 # 42
	22 # 5
	23 # 47
Timestep 7:
	0 # 30
	1 # 16
	2 # 0
	3 # 11
	4 # 44
	5 # 42
	6 # 39
	7 # 51
	8 # 40
	9 # 24
	10 # 25
	11 # 53
	12 # 3
	13 # 21
	14 # 5
	15 # 35
	16 # 17
	17 # 32
	18 # 18
	19 # 45
	20 # 27
	21 # 43
	22 # 4
	23 # 46
Timestep 8:
	0 # 29
	1 # 15
	2 # 7
	3 # 4
	4 # 44
	5 # 43
	6 # 33
	7 # 52
	8 # 40
	9 # 17
	10 # 26
	11 # 46
	12 # 10
	13 # 20
	14 # 12
	15 # 28
	16 # 16
	17 # 24
	18 # 25
	19 # 39
	20 # 27
	21 # 49
	22 # 3
	23 # 45
Timestep 9:
	0 # 36
	1 # 8
	2 # 0
	3 # 5
	4 # 50
	5 # 44
	6 # 25
	7 # 45
	8 # 40
	9 # 9
	10 # 26
	11 # 47
	12 # 18
	13 # 19
	14 # 20
	15 # 21
	16 # 15
	17 # 23
	18 # 24
	19 # 38
	20 # 28
	21 # 49
	22 # 2
	23 # 39
Timestep 10:
	0 # 42
	1 # 7
	2 # 0
	3 # 6
	4 # 49
	5 # 37
	6 # 26
	7 # 52
	8 # 47
	9 # 9
	10 # 27
	11 # 48
	12 # 17
	13 # 11
	14 # 21
	15 # 13
	16 # 14
	17 # 23
	18 # 24
	19 # 38
	20 # 28
	21 # 43
	22 # 1
	23 # 33

