Solution makespan:9
Timestep 0:
	0 # 21
	1 # 42
	2 # 35
	3 # 38
	4 # 44
	5 # 13
	6 # 18
	7 # 4
	8 # 15
	9 # 23
	10 # 7
	11 # 9
Timestep 1:
	0 # 20
	1 # 50
	2 # 36
	3 # 39
	4 # 43
	5 # 21
	6 # 19
	7 # 11
	8 # 16
	9 # 24
	10 # 15
	11 # 2
Timestep 2:
	0 # 19
	1 # 42
	2 # 37
	3 # 38
	4 # 36
	5 # 20
	6 # 27
	7 # 11
	8 # 17
	9 # 16
	10 # 14
	11 # 2
Timestep 3:
	0 # 11
	1 # 35
	2 # 29
	3 # 31
	4 # 28
	5 # 19
	6 # 27
	7 # 10
	8 # 25
	9 # 24
	10 # 6
	11 # 9
Timestep 4:
	0 # 4
	1 # 42
	2 # 37
	3 # 31
	4 # 20
	5 # 18
	6 # 19
	7 # 10
	8 # 33
	9 # 23
	10 # 0
	11 # 17
Timestep 5:
	0 # 3
	1 # 43
	2 # 44
	3 # 23
	4 # 12
	5 # 17
	6 # 11
	7 # 9
	8 # 25
	9 # 15
	10 # 0
	11 # 16
Timestep 6:
	0 # 3
	1 # 44
	2 # 52
	3 # 23
	4 # 5
	5 # 25
	6 # 12
	7 # 9
	8 # 26
	9 # 7
	10 # 6
	11 # 24
Timestep 7:
	0 # 10
	1 # 37
	2 # 51
	3 # 31
	4 # 4
	5 # 33
	6 # 5
	7 # 17
	8 # 34
	9 # 7
	10 # 14
	11 # 24
Timestep 8:
	0 # 10
	1 # 44
	2 # 43
	3 # 38
	4 # 11
	5 # 32
	6 # 12
	7 # 17
	8 # 33
	9 # 7
	10 # 15
	11 # 16
Timestep 9:
	0 # 10
	1 # 44
	2 # 51
	3 # 39
	4 # 11
	5 # 31
	6 # 5
	7 # 18
	8 # 32
	9 # 6
	10 # 14
	11 # 24

