Solution makespan:12
Timestep 0:
	0 # 10
	1 # 36
	2 # 40
	3 # 37
	4 # 33
	5 # 30
	6 # 19
	7 # 44
	8 # 3
	9 # 27
	10 # 28
	11 # 12
	12 # 24
	13 # 11
	14 # 20
	15 # 9
	16 # 26
	17 # 0
	18 # 13
	19 # 6
	20 # 23
	21 # 15
	22 # 41
	23 # 38
	24 # 49
	25 # 45
	26 # 50
	27 # 16
	28 # 51
	29 # 22
	30 # 17
	31 # 8
Timestep 1:
	0 # 9
	1 # 29
	2 # 39
	3 # 36
	4 # 32
	5 # 37
	6 # 26
	7 # 44
	8 # 10
	9 # 34
	10 # 35
	11 # 11
	12 # 24
	13 # 18
	14 # 21
	15 # 8
	16 # 25
	17 # 1
	18 # 12
	19 # 0
	20 # 27
	21 # 14
	22 # 48
	23 # 45
	24 # 49
	25 # 53
	26 # 51
	27 # 15
	28 # 52
	29 # 22
	30 # 16
	31 # 7
Timestep 2:
	0 # 17
	1 # 36
	2 # 39
	3 # 43
	4 # 31
	5 # 38
	6 # 25
	7 # 37
	8 # 10
	9 # 42
	10 # 35
	11 # 12
	12 # 23
	13 # 18
	14 # 22
	15 # 9
	16 # 24
	17 # 2
	18 # 19
	19 # 1
	20 # 34
	21 # 20
	22 # 49
	23 # 44
	24 # 50
	25 # 45
	26 # 51
	27 # 7
	28 # 53
	29 # 16
	30 # 15
	31 # 6
Timestep 3:
	0 # 23
	1 # 35
	2 # 39
	3 # 43
	4 # 31
	5 # 45
	6 # 24
	7 # 36
	8 # 11
	9 # 42
	10 # 34
	11 # 19
	12 # 22
	13 # 25
	14 # 16
	15 # 10
	16 # 28
	17 # 2
	18 # 26
	19 # 1
	20 # 33
	21 # 21
	22 # 49
	23 # 37
	24 # 51
	25 # 44
	26 # 52
	27 # 6
	28 # 53
	29 # 8
	30 # 7
	31 # 14
Timestep 4:
	0 # 27
	1 # 34
	2 # 46
	3 # 36
	4 # 31
	5 # 45
	6 # 23
	7 # 35
	8 # 12
	9 # 41
	10 # 33
	11 # 26
	12 # 21
	13 # 29
	14 # 17
	15 # 11
	16 # 24
	17 # 8
	18 # 25
	19 # 1
	20 # 32
	21 # 20
	22 # 42
	23 # 30
	24 # 52
	25 # 43
	26 # 44
	27 # 6
	28 # 53
	29 # 9
	30 # 7
	31 # 15
Timestep 5:
	0 # 34
	1 # 33
	2 # 46
	3 # 35
	4 # 39
	5 # 45
	6 # 22
	7 # 28
	8 # 4
	9 # 41
	10 # 32
	11 # 25
	12 # 20
	13 # 36
	14 # 17
	15 # 18
	16 # 23
	17 # 9
	18 # 24
	19 # 1
	20 # 40
	21 # 14
	22 # 42
	23 # 26
	24 # 44
	25 # 51
	26 # 37
	27 # 0
	28 # 52
	29 # 10
	30 # 15
	31 # 16
Timestep 6:
	0 # 33
	1 # 32
	2 # 46
	3 # 35
	4 # 40
	5 # 45
	6 # 16
	7 # 27
	8 # 5
	9 # 48
	10 # 31
	11 # 29
	12 # 14
	13 # 43
	14 # 23
	15 # 25
	16 # 22
	17 # 10
	18 # 28
	19 # 2
	20 # 47
	21 # 6
	22 # 34
	23 # 19
	24 # 37
	25 # 50
	26 # 30
	27 # 0
	28 # 52
	29 # 11
	30 # 15
	31 # 8
Timestep 7:
	0 # 33
	1 # 32
	2 # 47
	3 # 34
	4 # 41
	5 # 38
	6 # 8
	7 # 23
	8 # 13
	9 # 48
	10 # 39
	11 # 36
	12 # 6
	13 # 44
	14 # 24
	15 # 29
	16 # 21
	17 # 11
	18 # 35
	19 # 2
	20 # 40
	21 # 7
	22 # 27
	23 # 12
	24 # 30
	25 # 50
	26 # 26
	27 # 0
	28 # 53
	29 # 18
	30 # 16
	31 # 9
Timestep 8:
	0 # 41
	1 # 40
	2 # 47
	3 # 27
	4 # 42
	5 # 37
	6 # 8
	7 # 22
	8 # 13
	9 # 48
	10 # 46
	11 # 29
	12 # 7
	13 # 43
	14 # 24
	15 # 28
	16 # 20
	17 # 12
	18 # 34
	19 # 2
	20 # 39
	21 # 15
	22 # 23
	23 # 4
	24 # 26
	25 # 49
	26 # 19
	27 # 0
	28 # 45
	29 # 25
	30 # 17
	31 # 10
Timestep 9:
	0 # 41
	1 # 47
	2 # 46
	3 # 27
	4 # 34
	5 # 38
	6 # 9
	7 # 16
	8 # 13
	9 # 49
	10 # 39
	11 # 29
	12 # 7
	13 # 36
	14 # 28
	15 # 35
	16 # 14
	17 # 4
	18 # 33
	19 # 1
	20 # 31
	21 # 15
	22 # 22
	23 # 5
	24 # 19
	25 # 42
	26 # 12
	27 # 6
	28 # 44
	29 # 26
	30 # 23
	31 # 11
Timestep 10:
	0 # 40
	1 # 48
	2 # 47
	3 # 23
	4 # 27
	5 # 45
	6 # 10
	7 # 16
	8 # 12
	9 # 50
	10 # 39
	11 # 25
	12 # 8
	13 # 35
	14 # 29
	15 # 34
	16 # 6
	17 # 4
	18 # 32
	19 # 7
	20 # 31
	21 # 15
	22 # 21
	23 # 13
	24 # 19
	25 # 41
	26 # 11
	27 # 0
	28 # 43
	29 # 30
	30 # 24
	31 # 18
Timestep 11:
	0 # 41
	1 # 49
	2 # 47
	3 # 22
	4 # 23
	5 # 44
	6 # 3
	7 # 8
	8 # 11
	9 # 51
	10 # 46
	11 # 26
	12 # 9
	13 # 34
	14 # 30
	15 # 42
	16 # 0
	17 # 4
	18 # 32
	19 # 6
	20 # 31
	21 # 21
	22 # 20
	23 # 5
	24 # 12
	25 # 33
	26 # 10
	27 # 1
	28 # 36
	29 # 37
	30 # 28
	31 # 25
Timestep 12:
	0 # 48
	1 # 49
	2 # 40
	3 # 16
	4 # 24
	5 # 44
	6 # 3
	7 # 2
	8 # 12
	9 # 52
	10 # 47
	11 # 19
	12 # 17
	13 # 27
	14 # 26
	15 # 42
	16 # 0
	17 # 4
	18 # 32
	19 # 14
	20 # 39
	21 # 22
	22 # 20
	23 # 5
	24 # 13
	25 # 33
	26 # 9
	27 # 7
	28 # 35
	29 # 37
	30 # 29
	31 # 18

