Solution makespan:6
Timestep 0:
	0 # 1
	1 # 13
	2 # 4
	3 # 2
	4 # 11
	5 # 6
	6 # 5
	7 # 10
Timestep 1:
	0 # 1
	1 # 9
	2 # 3
	3 # 6
	4 # 12
	5 # 5
	6 # 4
	7 # 11
Timestep 2:
	0 # 2
	1 # 8
	2 # 7
	3 # 9
	4 # 13
	5 # 5
	6 # 0
	7 # 12
Timestep 3:
	0 # 2
	1 # 5
	2 # 10
	3 # 13
	4 # 12
	5 # 1
	6 # 0
	7 # 8
Timestep 4:
	0 # 2
	1 # 6
	2 # 10
	3 # 12
	4 # 11
	5 # 1
	6 # 0
	7 # 8
Timestep 5:
	0 # 1
	1 # 9
	2 # 7
	3 # 11
	4 # 10
	5 # 0
	6 # 4
	7 # 8
Timestep 6:
	0 # 5
	1 # 8
	2 # 7
	3 # 11
	4 # 10
	5 # 4
	6 # 3
	7 # 12

