Solution makespan:9
Timestep 0:
	0 # 17
	1 # 48
	2 # 1
	3 # 10
	4 # 52
	5 # 16
	6 # 5
	7 # 24
	8 # 49
	9 # 34
	10 # 8
	11 # 13
	12 # 50
	13 # 14
	14 # 39
	15 # 15
Timestep 1:
	0 # 18
	1 # 55
	2 # 9
	3 # 11
	4 # 51
	5 # 24
	6 # 5
	7 # 25
	8 # 43
	9 # 33
	10 # 0
	11 # 14
	12 # 44
	13 # 20
	14 # 46
	15 # 23
Timestep 2:
	0 # 18
	1 # 48
	2 # 10
	3 # 16
	4 # 51
	5 # 23
	6 # 12
	7 # 17
	8 # 36
	9 # 25
	10 # 1
	11 # 14
	12 # 45
	13 # 19
	14 # 52
	15 # 31
Timestep 3:
	0 # 26
	1 # 47
	2 # 15
	3 # 24
	4 # 52
	5 # 22
	6 # 5
	7 # 17
	8 # 30
	9 # 25
	10 # 2
	11 # 7
	12 # 38
	13 # 18
	14 # 53
	15 # 37
Timestep 4:
	0 # 25
	1 # 47
	2 # 23
	3 # 32
	4 # 46
	5 # 21
	6 # 12
	7 # 16
	8 # 22
	9 # 17
	10 # 3
	11 # 6
	12 # 39
	13 # 26
	14 # 52
	15 # 44
Timestep 5:
	0 # 25
	1 # 41
	2 # 24
	3 # 38
	4 # 39
	5 # 21
	6 # 13
	7 # 11
	8 # 23
	9 # 16
	10 # 4
	11 # 5
	12 # 33
	13 # 34
	14 # 51
	15 # 50
Timestep 6:
	0 # 24
	1 # 40
	2 # 32
	3 # 39
	4 # 33
	5 # 22
	6 # 19
	7 # 3
	8 # 15
	9 # 11
	10 # 5
	11 # 12
	12 # 25
	13 # 34
	14 # 45
	15 # 49
Timestep 7:
	0 # 23
	1 # 40
	2 # 38
	3 # 46
	4 # 25
	5 # 22
	6 # 20
	7 # 3
	8 # 16
	9 # 10
	10 # 6
	11 # 5
	12 # 17
	13 # 34
	14 # 45
	15 # 49
Timestep 8:
	0 # 23
	1 # 41
	2 # 39
	3 # 45
	4 # 26
	5 # 22
	6 # 14
	7 # 11
	8 # 17
	9 # 2
	10 # 6
	11 # 5
	12 # 18
	13 # 33
	14 # 38
	15 # 43
Timestep 9:
	0 # 24
	1 # 47
	2 # 40
	3 # 38
	4 # 27
	5 # 22
	6 # 20
	7 # 16
	8 # 25
	9 # 1
	10 # 7
	11 # 4
	12 # 12
	13 # 33
	14 # 32
	15 # 49

