Solution makespan:6
Timestep 0:
	0 # 9
	1 # 6
	2 # 11
	3 # 3
	4 # 4
	5 # 14
	6 # 10
	7 # 2
Timestep 1:
	0 # 13
	1 # 10
	2 # 12
	3 # 2
	4 # 7
	5 # 14
	6 # 9
	7 # 1
Timestep 2:
	0 # 9
	1 # 10
	2 # 13
	3 # 1
	4 # 11
	5 # 14
	6 # 8
	7 # 5
Timestep 3:
	0 # 8
	1 # 9
	2 # 14
	3 # 0
	4 # 12
	5 # 10
	6 # 5
	7 # 4
Timestep 4:
	0 # 7
	1 # 9
	2 # 10
	3 # 0
	4 # 12
	5 # 6
	6 # 8
	7 # 4
Timestep 5:
	0 # 11
	1 # 10
	2 # 6
	3 # 0
	4 # 8
	5 # 3
	6 # 5
	7 # 4
Timestep 6:
	0 # 11
	1 # 14
	2 # 3
	3 # 4
	4 # 5
	5 # 2
	6 # 1
	7 # 7

