Solution makespan:12
Timestep 0:
	0 # 25
	1 # 24
	2 # 6
	3 # 52
	4 # 1
	5 # 14
	6 # 37
	7 # 26
	8 # 8
	9 # 16
	10 # 49
	11 # 45
Timestep 1:
	0 # 33
	1 # 25
	2 # 5
	3 # 52
	4 # 2
	5 # 19
	6 # 38
	7 # 34
	8 # 9
	9 # 17
	10 # 42
	11 # 53
Timestep 2:
	0 # 40
	1 # 26
	2 # 13
	3 # 44
	4 # 10
	5 # 19
	6 # 39
	7 # 33
	8 # 16
	9 # 21
	10 # 35
	11 # 52
Timestep 3:
	0 # 33
	1 # 34
	2 # 12
	3 # 37
	4 # 9
	5 # 19
	6 # 40
	7 # 32
	8 # 17
	9 # 29
	10 # 42
	11 # 44
Timestep 4:
	0 # 25
	1 # 33
	2 # 11
	3 # 30
	4 # 16
	5 # 14
	6 # 47
	7 # 31
	8 # 21
	9 # 29
	10 # 49
	11 # 37
Timestep 5:
	0 # 24
	1 # 40
	2 # 18
	3 # 22
	4 # 15
	5 # 13
	6 # 48
	7 # 23
	8 # 29
	9 # 28
	10 # 49
	11 # 36
Timestep 6:
	0 # 23
	1 # 33
	2 # 17
	3 # 18
	4 # 8
	5 # 12
	6 # 55
	7 # 22
	8 # 30
	9 # 27
	10 # 50
	11 # 29
Timestep 7:
	0 # 22
	1 # 33
	2 # 16
	3 # 11
	4 # 0
	5 # 4
	6 # 55
	7 # 21
	8 # 37
	9 # 35
	10 # 51
	11 # 36
Timestep 8:
	0 # 18
	1 # 33
	2 # 15
	3 # 12
	4 # 0
	5 # 3
	6 # 55
	7 # 17
	8 # 44
	9 # 42
	10 # 52
	11 # 36
Timestep 9:
	0 # 11
	1 # 34
	2 # 20
	3 # 4
	4 # 0
	5 # 2
	6 # 48
	7 # 16
	8 # 45
	9 # 49
	10 # 44
	11 # 29
Timestep 10:
	0 # 10
	1 # 34
	2 # 27
	3 # 5
	4 # 8
	5 # 3
	6 # 41
	7 # 9
	8 # 46
	9 # 42
	10 # 37
	11 # 21
Timestep 11:
	0 # 11
	1 # 34
	2 # 35
	3 # 6
	4 # 8
	5 # 4
	6 # 41
	7 # 16
	8 # 47
	9 # 42
	10 # 44
	11 # 17
Timestep 12:
	0 # 12
	1 # 26
	2 # 42
	3 # 14
	4 # 0
	5 # 5
	6 # 41
	7 # 16
	8 # 48
	9 # 43
	10 # 45
	11 # 21

