Solution makespan:8
Timestep 0:
	0 # 17
	1 # 23
	2 # 45
	3 # 35
	4 # 18
	5 # 36
	6 # 13
	7 # 41
Timestep 1:
	0 # 18
	1 # 23
	2 # 53
	3 # 36
	4 # 25
	5 # 37
	6 # 13
	7 # 42
Timestep 2:
	0 # 25
	1 # 22
	2 # 52
	3 # 37
	4 # 32
	5 # 29
	6 # 20
	7 # 43
Timestep 3:
	0 # 32
	1 # 21
	2 # 51
	3 # 44
	4 # 40
	5 # 23
	6 # 20
	7 # 35
Timestep 4:
	0 # 31
	1 # 28
	2 # 50
	3 # 45
	4 # 39
	5 # 15
	6 # 13
	7 # 36
Timestep 5:
	0 # 31
	1 # 35
	2 # 43
	3 # 46
	4 # 38
	5 # 9
	6 # 13
	7 # 37
Timestep 6:
	0 # 30
	1 # 34
	2 # 35
	3 # 47
	4 # 45
	5 # 3
	6 # 13
	7 # 38
Timestep 7:
	0 # 29
	1 # 33
	2 # 28
	3 # 47
	4 # 53
	5 # 2
	6 # 20
	7 # 30
Timestep 8:
	0 # 23
	1 # 34
	2 # 28
	3 # 55
	4 # 53
	5 # 1
	6 # 27
	7 # 24

