Solution makespan:8
Timestep 0:
	0 # 7
	1 # 11
	2 # 4
	3 # 13
	4 # 1
	5 # 0
	6 # 5
	7 # 2
Timestep 1:
	0 # 3
	1 # 11
	2 # 8
	3 # 9
	4 # 1
	5 # 4
	6 # 5
	7 # 6
Timestep 2:
	0 # 2
	1 # 11
	2 # 10
	3 # 7
	4 # 0
	5 # 8
	6 # 1
	7 # 5
Timestep 3:
	0 # 6
	1 # 11
	2 # 8
	3 # 3
	4 # 0
	5 # 4
	6 # 2
	7 # 5
Timestep 4:
	0 # 7
	1 # 10
	2 # 4
	3 # 3
	4 # 1
	5 # 0
	6 # 2
	7 # 6
Timestep 5:
	0 # 9
	1 # 8
	2 # 5
	3 # 3
	4 # 1
	5 # 0
	6 # 2
	7 # 7
Timestep 6:
	0 # 13
	1 # 4
	2 # 6
	3 # 3
	4 # 5
	5 # 0
	6 # 2
	7 # 9
Timestep 7:
	0 # 12
	1 # 8
	2 # 2
	3 # 7
	4 # 6
	5 # 4
	6 # 1
	7 # 13
Timestep 8:
	0 # 11
	1 # 10
	2 # 3
	3 # 9
	4 # 7
	5 # 5
	6 # 2
	7 # 12

