Solution makespan:11
Timestep 0:
	0 # 13
	1 # 16
	2 # 19
	3 # 35
	4 # 8
	5 # 36
	6 # 17
	7 # 9
	8 # 32
	9 # 34
	10 # 31
	11 # 33
Timestep 1:
	0 # 13
	1 # 22
	2 # 19
	3 # 29
	4 # 16
	5 # 35
	6 # 23
	7 # 9
	8 # 31
	9 # 42
	10 # 30
	11 # 27
Timestep 2:
	0 # 12
	1 # 28
	2 # 18
	3 # 23
	4 # 17
	5 # 34
	6 # 22
	7 # 8
	8 # 37
	9 # 42
	10 # 29
	11 # 26
Timestep 3:
	0 # 11
	1 # 27
	2 # 24
	3 # 23
	4 # 18
	5 # 34
	6 # 28
	7 # 7
	8 # 36
	9 # 49
	10 # 35
	11 # 21
Timestep 4:
	0 # 19
	1 # 27
	2 # 30
	3 # 23
	4 # 24
	5 # 28
	6 # 22
	7 # 7
	8 # 44
	9 # 42
	10 # 29
	11 # 14
Timestep 5:
	0 # 18
	1 # 33
	2 # 36
	3 # 17
	4 # 30
	5 # 27
	6 # 16
	7 # 8
	8 # 43
	9 # 41
	10 # 28
	11 # 6
Timestep 6:
	0 # 24
	1 # 41
	2 # 44
	3 # 9
	4 # 31
	5 # 26
	6 # 22
	7 # 16
	8 # 43
	9 # 48
	10 # 29
	11 # 7
Timestep 7:
	0 # 30
	1 # 40
	2 # 45
	3 # 3
	4 # 32
	5 # 21
	6 # 28
	7 # 22
	8 # 42
	9 # 48
	10 # 35
	11 # 8
Timestep 8:
	0 # 36
	1 # 41
	2 # 51
	3 # 3
	4 # 38
	5 # 14
	6 # 29
	7 # 28
	8 # 34
	9 # 49
	10 # 35
	11 # 9
Timestep 9:
	0 # 44
	1 # 42
	2 # 51
	3 # 2
	4 # 46
	5 # 15
	6 # 30
	7 # 34
	8 # 33
	9 # 49
	10 # 35
	11 # 3
Timestep 10:
	0 # 45
	1 # 34
	2 # 51
	3 # 1
	4 # 47
	5 # 16
	6 # 31
	7 # 28
	8 # 27
	9 # 42
	10 # 29
	11 # 4
Timestep 11:
	0 # 37
	1 # 34
	2 # 52
	3 # 7
	4 # 53
	5 # 17
	6 # 32
	7 # 27
	8 # 26
	9 # 49
	10 # 35
	11 # 10

