Solution makespan:11
Timestep 0:
	0 # 18
	1 # 36
	2 # 13
	3 # 27
	4 # 6
	5 # 53
	6 # 3
	7 # 59
	8 # 14
	9 # 8
	10 # 2
	11 # 40
	12 # 5
	13 # 43
	14 # 41
	15 # 24
	16 # 55
	17 # 51
	18 # 7
	19 # 12
Timestep 1:
	0 # 19
	1 # 37
	2 # 12
	3 # 35
	4 # 14
	5 # 45
	6 # 2
	7 # 59
	8 # 13
	9 # 9
	10 # 10
	11 # 32
	12 # 5
	13 # 42
	14 # 40
	15 # 24
	16 # 55
	17 # 50
	18 # 8
	19 # 11
Timestep 2:
	0 # 20
	1 # 38
	2 # 12
	3 # 34
	4 # 21
	5 # 37
	6 # 2
	7 # 59
	8 # 14
	9 # 16
	10 # 17
	11 # 33
	12 # 4
	13 # 41
	14 # 40
	15 # 23
	16 # 56
	17 # 50
	18 # 9
	19 # 18
Timestep 3:
	0 # 26
	1 # 39
	2 # 4
	3 # 42
	4 # 27
	5 # 36
	6 # 2
	7 # 59
	8 # 21
	9 # 24
	10 # 10
	11 # 41
	12 # 3
	13 # 40
	14 # 48
	15 # 22
	16 # 57
	17 # 58
	18 # 16
	19 # 19
Timestep 4:
	0 # 25
	1 # 40
	2 # 5
	3 # 34
	4 # 35
	5 # 36
	6 # 10
	7 # 51
	8 # 27
	9 # 30
	10 # 9
	11 # 42
	12 # 11
	13 # 32
	14 # 56
	15 # 15
	16 # 58
	17 # 50
	18 # 24
	19 # 20
Timestep 5:
	0 # 19
	1 # 41
	2 # 6
	3 # 26
	4 # 43
	5 # 36
	6 # 17
	7 # 50
	8 # 21
	9 # 38
	10 # 16
	11 # 34
	12 # 12
	13 # 40
	14 # 57
	15 # 7
	16 # 58
	17 # 49
	18 # 30
	19 # 20
Timestep 6:
	0 # 18
	1 # 42
	2 # 14
	3 # 34
	4 # 35
	5 # 36
	6 # 16
	7 # 50
	8 # 20
	9 # 46
	10 # 24
	11 # 33
	12 # 11
	13 # 48
	14 # 58
	15 # 7
	16 # 59
	17 # 41
	18 # 31
	19 # 19
Timestep 7:
	0 # 17
	1 # 34
	2 # 21
	3 # 26
	4 # 43
	5 # 37
	6 # 16
	7 # 42
	8 # 19
	9 # 47
	10 # 30
	11 # 33
	12 # 10
	13 # 49
	14 # 58
	15 # 8
	16 # 51
	17 # 40
	18 # 32
	19 # 18
Timestep 8:
	0 # 16
	1 # 33
	2 # 27
	3 # 20
	4 # 42
	5 # 36
	6 # 24
	7 # 34
	8 # 12
	9 # 48
	10 # 38
	11 # 25
	12 # 10
	13 # 41
	14 # 57
	15 # 9
	16 # 43
	17 # 39
	18 # 40
	19 # 17
Timestep 9:
	0 # 9
	1 # 25
	2 # 27
	3 # 13
	4 # 43
	5 # 28
	6 # 30
	7 # 26
	8 # 12
	9 # 49
	10 # 46
	11 # 19
	12 # 2
	13 # 33
	14 # 56
	15 # 1
	16 # 35
	17 # 38
	18 # 32
	19 # 16
Timestep 10:
	0 # 8
	1 # 19
	2 # 26
	3 # 13
	4 # 51
	5 # 29
	6 # 30
	7 # 25
	8 # 4
	9 # 50
	10 # 46
	11 # 12
	12 # 3
	13 # 34
	14 # 48
	15 # 1
	16 # 27
	17 # 39
	18 # 33
	19 # 24
Timestep 11:
	0 # 7
	1 # 20
	2 # 34
	3 # 14
	4 # 43
	5 # 37
	6 # 31
	7 # 25
	8 # 5
	9 # 51
	10 # 54
	11 # 13
	12 # 11
	13 # 35
	14 # 56
	15 # 9
	16 # 21
	17 # 38
	18 # 41
	19 # 23

