Solution makespan:13
Timestep 0:
	0 # 2
	1 # 5
	2 # 44
	3 # 32
	4 # 45
	5 # 37
	6 # 8
	7 # 1
	8 # 16
	9 # 46
	10 # 24
	11 # 31
	12 # 43
	13 # 21
	14 # 28
	15 # 13
Timestep 1:
	0 # 3
	1 # 4
	2 # 43
	3 # 26
	4 # 44
	5 # 36
	6 # 7
	7 # 2
	8 # 10
	9 # 47
	10 # 19
	11 # 32
	12 # 35
	13 # 22
	14 # 27
	15 # 13
Timestep 2:
	0 # 2
	1 # 5
	2 # 44
	3 # 25
	4 # 45
	5 # 35
	6 # 1
	7 # 8
	8 # 10
	9 # 48
	10 # 18
	11 # 39
	12 # 29
	13 # 27
	14 # 33
	15 # 6
Timestep 3:
	0 # 1
	1 # 5
	2 # 36
	3 # 20
	4 # 45
	5 # 29
	6 # 7
	7 # 14
	8 # 11
	9 # 49
	10 # 12
	11 # 47
	12 # 23
	13 # 28
	14 # 41
	15 # 6
Timestep 4:
	0 # 2
	1 # 5
	2 # 35
	3 # 13
	4 # 37
	5 # 28
	6 # 1
	7 # 21
	8 # 12
	9 # 41
	10 # 4
	11 # 48
	12 # 17
	13 # 34
	14 # 40
	15 # 7
Timestep 5:
	0 # 8
	1 # 5
	2 # 43
	3 # 6
	4 # 30
	5 # 27
	6 # 0
	7 # 22
	8 # 11
	9 # 42
	10 # 4
	11 # 49
	12 # 16
	13 # 28
	14 # 40
	15 # 1
Timestep 6:
	0 # 14
	1 # 5
	2 # 44
	3 # 7
	4 # 24
	5 # 33
	6 # 6
	7 # 27
	8 # 10
	9 # 34
	10 # 12
	11 # 49
	12 # 15
	13 # 29
	14 # 40
	15 # 1
Timestep 7:
	0 # 15
	1 # 4
	2 # 36
	3 # 8
	4 # 19
	5 # 33
	6 # 6
	7 # 28
	8 # 16
	9 # 42
	10 # 11
	11 # 49
	12 # 9
	13 # 35
	14 # 40
	15 # 1
Timestep 8:
	0 # 22
	1 # 12
	2 # 44
	3 # 9
	4 # 18
	5 # 33
	6 # 13
	7 # 29
	8 # 15
	9 # 42
	10 # 17
	11 # 48
	12 # 10
	13 # 35
	14 # 39
	15 # 0
Timestep 9:
	0 # 22
	1 # 18
	2 # 36
	3 # 9
	4 # 17
	5 # 41
	6 # 20
	7 # 35
	8 # 14
	9 # 43
	10 # 16
	11 # 47
	12 # 11
	13 # 34
	14 # 38
	15 # 6
Timestep 10:
	0 # 27
	1 # 17
	2 # 37
	3 # 10
	4 # 23
	5 # 49
	6 # 25
	7 # 43
	8 # 21
	9 # 44
	10 # 15
	11 # 47
	12 # 12
	13 # 42
	14 # 31
	15 # 0
Timestep 11:
	0 # 28
	1 # 16
	2 # 36
	3 # 11
	4 # 29
	5 # 49
	6 # 31
	7 # 44
	8 # 22
	9 # 50
	10 # 15
	11 # 39
	12 # 18
	13 # 42
	14 # 32
	15 # 6
Timestep 12:
	0 # 34
	1 # 10
	2 # 37
	3 # 12
	4 # 35
	5 # 48
	6 # 38
	7 # 45
	8 # 27
	9 # 44
	10 # 22
	11 # 32
	12 # 19
	13 # 41
	14 # 26
	15 # 0
Timestep 13:
	0 # 42
	1 # 9
	2 # 30
	3 # 4
	4 # 34
	5 # 40
	6 # 46
	7 # 51
	8 # 28
	9 # 45
	10 # 27
	11 # 26
	12 # 24
	13 # 49
	14 # 25
	15 # 0

