Solution makespan:9
Timestep 0:
	0 # 28
	1 # 7
	2 # 8
	3 # 56
	4 # 48
	5 # 3
	6 # 26
	7 # 10
	8 # 47
	9 # 53
	10 # 34
	11 # 54
	12 # 14
	13 # 6
	14 # 1
	15 # 57
	16 # 37
	17 # 43
	18 # 29
	19 # 16
Timestep 1:
	0 # 20
	1 # 14
	2 # 9
	3 # 48
	4 # 49
	5 # 10
	6 # 33
	7 # 17
	8 # 55
	9 # 45
	10 # 34
	11 # 54
	12 # 21
	13 # 13
	14 # 8
	15 # 56
	16 # 38
	17 # 44
	18 # 30
	19 # 23
Timestep 2:
	0 # 28
	1 # 15
	2 # 9
	3 # 48
	4 # 42
	5 # 11
	6 # 41
	7 # 17
	8 # 54
	9 # 46
	10 # 33
	11 # 53
	12 # 14
	13 # 20
	14 # 1
	15 # 55
	16 # 38
	17 # 36
	18 # 29
	19 # 24
Timestep 3:
	0 # 28
	1 # 16
	2 # 8
	3 # 41
	4 # 34
	5 # 11
	6 # 40
	7 # 10
	8 # 53
	9 # 47
	10 # 32
	11 # 52
	12 # 13
	13 # 21
	14 # 0
	15 # 54
	16 # 45
	17 # 37
	18 # 22
	19 # 25
Timestep 4:
	0 # 20
	1 # 23
	2 # 16
	3 # 42
	4 # 34
	5 # 10
	6 # 39
	7 # 17
	8 # 54
	9 # 48
	10 # 32
	11 # 51
	12 # 13
	13 # 22
	14 # 1
	15 # 46
	16 # 45
	17 # 38
	18 # 29
	19 # 26
Timestep 5:
	0 # 28
	1 # 24
	2 # 16
	3 # 42
	4 # 34
	5 # 3
	6 # 38
	7 # 18
	8 # 54
	9 # 47
	10 # 25
	11 # 44
	12 # 20
	13 # 15
	14 # 8
	15 # 45
	16 # 53
	17 # 30
	18 # 29
	19 # 33
Timestep 6:
	0 # 35
	1 # 25
	2 # 8
	3 # 41
	4 # 42
	5 # 4
	6 # 37
	7 # 19
	8 # 46
	9 # 55
	10 # 17
	11 # 36
	12 # 13
	13 # 16
	14 # 9
	15 # 38
	16 # 45
	17 # 23
	18 # 22
	19 # 33
Timestep 7:
	0 # 28
	1 # 32
	2 # 1
	3 # 33
	4 # 41
	5 # 4
	6 # 36
	7 # 27
	8 # 54
	9 # 56
	10 # 17
	11 # 35
	12 # 20
	13 # 8
	14 # 10
	15 # 30
	16 # 45
	17 # 16
	18 # 23
	19 # 34
Timestep 8:
	0 # 20
	1 # 33
	2 # 0
	3 # 26
	4 # 48
	5 # 11
	6 # 44
	7 # 34
	8 # 54
	9 # 57
	10 # 18
	11 # 43
	12 # 21
	13 # 9
	14 # 17
	15 # 23
	16 # 46
	17 # 8
	18 # 24
	19 # 42
Timestep 9:
	0 # 21
	1 # 26
	2 # 0
	3 # 27
	4 # 41
	5 # 12
	6 # 51
	7 # 33
	8 # 54
	9 # 49
	10 # 17
	11 # 43
	12 # 14
	13 # 10
	14 # 25
	15 # 16
	16 # 46
	17 # 9
	18 # 23
	19 # 42

