Solution makespan:10
Timestep 0:
	0 # 52
	1 # 50
	2 # 36
	3 # 47
	4 # 25
	5 # 44
	6 # 42
	7 # 48
	8 # 31
	9 # 21
	10 # 0
	11 # 18
	12 # 2
	13 # 17
	14 # 24
	15 # 38
	16 # 55
	17 # 15
	18 # 12
	19 # 40
	20 # 41
	21 # 13
	22 # 11
	23 # 3
Timestep 1:
	0 # 52
	1 # 50
	2 # 37
	3 # 47
	4 # 32
	5 # 36
	6 # 43
	7 # 40
	8 # 31
	9 # 14
	10 # 1
	11 # 24
	12 # 10
	13 # 17
	14 # 23
	15 # 39
	16 # 56
	17 # 9
	18 # 4
	19 # 34
	20 # 42
	21 # 12
	22 # 3
	23 # 2
Timestep 2:
	0 # 53
	1 # 51
	2 # 38
	3 # 46
	4 # 31
	5 # 37
	6 # 44
	7 # 34
	8 # 24
	9 # 15
	10 # 1
	11 # 25
	12 # 9
	13 # 11
	14 # 30
	15 # 47
	16 # 48
	17 # 8
	18 # 5
	19 # 33
	20 # 43
	21 # 18
	22 # 3
	23 # 10
Timestep 3:
	0 # 54
	1 # 52
	2 # 39
	3 # 46
	4 # 31
	5 # 38
	6 # 45
	7 # 27
	8 # 23
	9 # 9
	10 # 2
	11 # 26
	12 # 8
	13 # 10
	14 # 36
	15 # 48
	16 # 40
	17 # 14
	18 # 6
	19 # 32
	20 # 44
	21 # 24
	22 # 11
	23 # 16
Timestep 4:
	0 # 55
	1 # 53
	2 # 47
	3 # 54
	4 # 24
	5 # 39
	6 # 37
	7 # 26
	8 # 22
	9 # 1
	10 # 3
	11 # 33
	12 # 8
	13 # 9
	14 # 36
	15 # 56
	16 # 48
	17 # 14
	18 # 6
	19 # 31
	20 # 45
	21 # 25
	22 # 10
	23 # 16
Timestep 5:
	0 # 54
	1 # 45
	2 # 55
	3 # 53
	4 # 18
	5 # 40
	6 # 31
	7 # 25
	8 # 16
	9 # 1
	10 # 4
	11 # 39
	12 # 14
	13 # 9
	14 # 44
	15 # 56
	16 # 48
	17 # 15
	18 # 5
	19 # 24
	20 # 46
	21 # 32
	22 # 2
	23 # 17
Timestep 6:
	0 # 46
	1 # 37
	2 # 55
	3 # 45
	4 # 12
	5 # 40
	6 # 32
	7 # 24
	8 # 10
	9 # 0
	10 # 5
	11 # 47
	12 # 21
	13 # 8
	14 # 52
	15 # 56
	16 # 48
	17 # 16
	18 # 13
	19 # 18
	20 # 38
	21 # 25
	22 # 1
	23 # 23
Timestep 7:
	0 # 54
	1 # 31
	2 # 47
	3 # 37
	4 # 12
	5 # 34
	6 # 33
	7 # 18
	8 # 16
	9 # 0
	10 # 6
	11 # 46
	12 # 28
	13 # 14
	14 # 53
	15 # 48
	16 # 40
	17 # 22
	18 # 13
	19 # 17
	20 # 39
	21 # 32
	22 # 9
	23 # 24
Timestep 8:
	0 # 55
	1 # 30
	2 # 39
	3 # 36
	4 # 11
	5 # 27
	6 # 32
	7 # 18
	8 # 10
	9 # 8
	10 # 6
	11 # 45
	12 # 35
	13 # 21
	14 # 54
	15 # 47
	16 # 40
	17 # 23
	18 # 12
	19 # 16
	20 # 33
	21 # 38
	22 # 1
	23 # 31
Timestep 9:
	0 # 56
	1 # 23
	2 # 38
	3 # 44
	4 # 10
	5 # 27
	6 # 32
	7 # 12
	8 # 2
	9 # 8
	10 # 5
	11 # 37
	12 # 41
	13 # 28
	14 # 55
	15 # 39
	16 # 48
	17 # 24
	18 # 4
	19 # 15
	20 # 26
	21 # 46
	22 # 9
	23 # 31
Timestep 10:
	0 # 55
	1 # 22
	2 # 32
	3 # 43
	4 # 2
	5 # 27
	6 # 33
	7 # 4
	8 # 1
	9 # 0
	10 # 6
	11 # 36
	12 # 42
	13 # 29
	14 # 47
	15 # 40
	16 # 48
	17 # 25
	18 # 3
	19 # 14
	20 # 19
	21 # 54
	22 # 9
	23 # 30

