Solution makespan:8
Timestep 0:
	0 # 49
	1 # 41
	2 # 16
	3 # 18
	4 # 22
	5 # 23
	6 # 3
	7 # 56
Timestep 1:
	0 # 55
	1 # 33
	2 # 16
	3 # 26
	4 # 22
	5 # 31
	6 # 8
	7 # 56
Timestep 2:
	0 # 55
	1 # 25
	2 # 8
	3 # 34
	4 # 21
	5 # 39
	6 # 9
	7 # 56
Timestep 3:
	0 # 49
	1 # 24
	2 # 3
	3 # 42
	4 # 29
	5 # 39
	6 # 17
	7 # 55
Timestep 4:
	0 # 43
	1 # 23
	2 # 8
	3 # 41
	4 # 30
	5 # 38
	6 # 17
	7 # 55
Timestep 5:
	0 # 35
	1 # 22
	2 # 9
	3 # 40
	4 # 29
	5 # 30
	6 # 25
	7 # 56
Timestep 6:
	0 # 43
	1 # 21
	2 # 10
	3 # 39
	4 # 30
	5 # 22
	6 # 26
	7 # 56
Timestep 7:
	0 # 44
	1 # 29
	2 # 11
	3 # 38
	4 # 22
	5 # 21
	6 # 18
	7 # 56
Timestep 8:
	0 # 36
	1 # 30
	2 # 12
	3 # 46
	4 # 14
	5 # 21
	6 # 10
	7 # 56

