Solution makespan:8
Timestep 0:
	0 # 21
	1 # 18
	2 # 5
	3 # 12
	4 # 22
	5 # 42
	6 # 32
	7 # 4
Timestep 1:
	0 # 22
	1 # 18
	2 # 4
	3 # 20
	4 # 28
	5 # 34
	6 # 40
	7 # 3
Timestep 2:
	0 # 23
	1 # 17
	2 # 3
	3 # 26
	4 # 27
	5 # 28
	6 # 41
	7 # 2
Timestep 3:
	0 # 15
	1 # 24
	2 # 2
	3 # 32
	4 # 27
	5 # 22
	6 # 42
	7 # 1
Timestep 4:
	0 # 16
	1 # 17
	2 # 1
	3 # 40
	4 # 33
	5 # 23
	6 # 43
	7 # 0
Timestep 5:
	0 # 17
	1 # 10
	2 # 0
	3 # 41
	4 # 33
	5 # 15
	6 # 49
	7 # 7
Timestep 6:
	0 # 24
	1 # 17
	2 # 0
	3 # 42
	4 # 34
	5 # 8
	6 # 50
	7 # 13
Timestep 7:
	0 # 17
	1 # 18
	2 # 1
	3 # 43
	4 # 35
	5 # 8
	6 # 49
	7 # 14
Timestep 8:
	0 # 24
	1 # 18
	2 # 1
	3 # 44
	4 # 35
	5 # 2
	6 # 50
	7 # 14

