Solution makespan:8
Timestep 0:
	0 # 17
	1 # 23
	2 # 45
	3 # 35
	4 # 18
	5 # 36
	6 # 13
	7 # 41
Timestep 1:
	0 # 17
	1 # 23
	2 # 38
	3 # 36
	4 # 18
	5 # 37
	6 # 8
	7 # 42
Timestep 2:
	0 # 17
	1 # 22
	2 # 30
	3 # 37
	4 # 25
	5 # 29
	6 # 13
	7 # 43
Timestep 3:
	0 # 17
	1 # 21
	2 # 29
	3 # 44
	4 # 32
	5 # 23
	6 # 20
	7 # 35
Timestep 4:
	0 # 18
	1 # 28
	2 # 23
	3 # 44
	4 # 40
	5 # 15
	6 # 27
	7 # 36
Timestep 5:
	0 # 17
	1 # 35
	2 # 22
	3 # 45
	4 # 47
	5 # 9
	6 # 28
	7 # 37
Timestep 6:
	0 # 16
	1 # 35
	2 # 21
	3 # 53
	4 # 46
	5 # 3
	6 # 28
	7 # 38
Timestep 7:
	0 # 24
	1 # 34
	2 # 21
	3 # 54
	4 # 45
	5 # 2
	6 # 28
	7 # 30
Timestep 8:
	0 # 23
	1 # 34
	2 # 28
	3 # 55
	4 # 53
	5 # 1
	6 # 27
	7 # 24

