Solution makespan:11
Timestep 0:
	0 # 26
	1 # 28
	2 # 7
	3 # 58
	4 # 17
	5 # 23
	6 # 14
	7 # 39
	8 # 43
	9 # 12
	10 # 30
	11 # 38
	12 # 29
	13 # 0
	14 # 6
	15 # 34
	16 # 8
	17 # 60
	18 # 3
	19 # 2
Timestep 1:
	0 # 18
	1 # 20
	2 # 6
	3 # 57
	4 # 17
	5 # 31
	6 # 22
	7 # 40
	8 # 44
	9 # 12
	10 # 38
	11 # 46
	12 # 21
	13 # 8
	14 # 13
	15 # 35
	16 # 15
	17 # 59
	18 # 3
	19 # 9
Timestep 2:
	0 # 26
	1 # 28
	2 # 7
	3 # 50
	4 # 18
	5 # 32
	6 # 30
	7 # 40
	8 # 36
	9 # 11
	10 # 37
	11 # 46
	12 # 21
	13 # 15
	14 # 13
	15 # 27
	16 # 23
	17 # 58
	18 # 3
	19 # 9
Timestep 3:
	0 # 27
	1 # 20
	2 # 14
	3 # 43
	4 # 18
	5 # 33
	6 # 38
	7 # 32
	8 # 44
	9 # 10
	10 # 36
	11 # 53
	12 # 13
	13 # 23
	14 # 12
	15 # 19
	16 # 24
	17 # 57
	18 # 2
	19 # 17
Timestep 4:
	0 # 28
	1 # 12
	2 # 22
	3 # 42
	4 # 10
	5 # 34
	6 # 46
	7 # 32
	8 # 51
	9 # 9
	10 # 37
	11 # 60
	12 # 6
	13 # 31
	14 # 11
	15 # 20
	16 # 25
	17 # 50
	18 # 1
	19 # 18
Timestep 5:
	0 # 20
	1 # 11
	2 # 30
	3 # 34
	4 # 9
	5 # 35
	6 # 46
	7 # 24
	8 # 44
	9 # 17
	10 # 29
	11 # 59
	12 # 7
	13 # 32
	14 # 19
	15 # 21
	16 # 26
	17 # 43
	18 # 0
	19 # 10
Timestep 6:
	0 # 19
	1 # 4
	2 # 29
	3 # 26
	4 # 9
	5 # 36
	6 # 45
	7 # 16
	8 # 51
	9 # 25
	10 # 28
	11 # 60
	12 # 14
	13 # 33
	14 # 18
	15 # 13
	16 # 27
	17 # 35
	18 # 8
	19 # 11
Timestep 7:
	0 # 11
	1 # 5
	2 # 28
	3 # 26
	4 # 9
	5 # 37
	6 # 46
	7 # 16
	8 # 50
	9 # 33
	10 # 27
	11 # 59
	12 # 22
	13 # 34
	14 # 10
	15 # 13
	16 # 19
	17 # 35
	18 # 15
	19 # 12
Timestep 8:
	0 # 10
	1 # 6
	2 # 36
	3 # 25
	4 # 17
	5 # 38
	6 # 45
	7 # 24
	8 # 51
	9 # 41
	10 # 27
	11 # 58
	12 # 30
	13 # 35
	14 # 3
	15 # 21
	16 # 11
	17 # 43
	18 # 23
	19 # 13
Timestep 9:
	0 # 18
	1 # 7
	2 # 44
	3 # 24
	4 # 25
	5 # 30
	6 # 45
	7 # 16
	8 # 52
	9 # 41
	10 # 26
	11 # 58
	12 # 29
	13 # 36
	14 # 4
	15 # 22
	16 # 11
	17 # 42
	18 # 31
	19 # 13
Timestep 10:
	0 # 19
	1 # 7
	2 # 44
	3 # 24
	4 # 26
	5 # 22
	6 # 45
	7 # 16
	8 # 53
	9 # 48
	10 # 18
	11 # 51
	12 # 28
	13 # 37
	14 # 5
	15 # 14
	16 # 11
	17 # 41
	18 # 23
	19 # 13
Timestep 11:
	0 # 20
	1 # 7
	2 # 45
	3 # 25
	4 # 27
	5 # 30
	6 # 37
	7 # 24
	8 # 46
	9 # 55
	10 # 17
	11 # 52
	12 # 28
	13 # 38
	14 # 6
	15 # 14
	16 # 11
	17 # 40
	18 # 23
	19 # 13

