Solution makespan:8
Timestep 0:
	0 # 27
	1 # 54
	2 # 40
	3 # 56
	4 # 31
	5 # 39
	6 # 29
	7 # 22
	8 # 4
	9 # 5
	10 # 43
	11 # 46
	12 # 19
	13 # 48
	14 # 53
	15 # 12
	16 # 15
	17 # 35
	18 # 13
	19 # 6
Timestep 1:
	0 # 34
	1 # 47
	2 # 35
	3 # 55
	4 # 24
	5 # 33
	6 # 30
	7 # 21
	8 # 3
	9 # 4
	10 # 44
	11 # 45
	12 # 25
	13 # 40
	14 # 46
	15 # 11
	16 # 22
	17 # 36
	18 # 20
	19 # 5
Timestep 2:
	0 # 33
	1 # 46
	2 # 34
	3 # 54
	4 # 18
	5 # 26
	6 # 31
	7 # 28
	8 # 11
	9 # 12
	10 # 37
	11 # 44
	12 # 32
	13 # 35
	14 # 45
	15 # 19
	16 # 21
	17 # 36
	18 # 27
	19 # 13
Timestep 3:
	0 # 33
	1 # 39
	2 # 34
	3 # 53
	4 # 10
	5 # 27
	6 # 37
	7 # 35
	8 # 3
	9 # 11
	10 # 38
	11 # 43
	12 # 25
	13 # 40
	14 # 44
	15 # 18
	16 # 21
	17 # 41
	18 # 20
	19 # 12
Timestep 4:
	0 # 39
	1 # 38
	2 # 27
	3 # 46
	4 # 10
	5 # 20
	6 # 44
	7 # 34
	8 # 4
	9 # 19
	10 # 45
	11 # 42
	12 # 26
	13 # 48
	14 # 43
	15 # 17
	16 # 14
	17 # 40
	18 # 13
	19 # 11
Timestep 5:
	0 # 46
	1 # 32
	2 # 20
	3 # 45
	4 # 2
	5 # 13
	6 # 43
	7 # 33
	8 # 3
	9 # 18
	10 # 38
	11 # 42
	12 # 27
	13 # 40
	14 # 51
	15 # 16
	16 # 6
	17 # 35
	18 # 12
	19 # 10
Timestep 6:
	0 # 46
	1 # 31
	2 # 13
	3 # 38
	4 # 10
	5 # 14
	6 # 44
	7 # 39
	8 # 11
	9 # 24
	10 # 32
	11 # 42
	12 # 20
	13 # 35
	14 # 43
	15 # 17
	16 # 5
	17 # 34
	18 # 12
	19 # 9
Timestep 7:
	0 # 39
	1 # 37
	2 # 12
	3 # 32
	4 # 18
	5 # 6
	6 # 45
	7 # 38
	8 # 19
	9 # 23
	10 # 25
	11 # 42
	12 # 27
	13 # 40
	14 # 43
	15 # 9
	16 # 13
	17 # 33
	18 # 11
	19 # 8
Timestep 8:
	0 # 39
	1 # 44
	2 # 4
	3 # 38
	4 # 24
	5 # 7
	6 # 46
	7 # 37
	8 # 11
	9 # 30
	10 # 26
	11 # 42
	12 # 27
	13 # 48
	14 # 51
	15 # 1
	16 # 5
	17 # 34
	18 # 10
	19 # 8

