Solution makespan:10
Timestep 0:
	0 # 31
	1 # 43
	2 # 44
	3 # 45
	4 # 53
	5 # 46
	6 # 11
	7 # 12
	8 # 54
	9 # 23
	10 # 41
	11 # 33
	12 # 17
	13 # 48
	14 # 1
	15 # 10
	16 # 52
	17 # 16
	18 # 5
	19 # 24
	20 # 49
	21 # 34
	22 # 8
	23 # 13
	24 # 50
	25 # 14
	26 # 39
	27 # 15
Timestep 1:
	0 # 30
	1 # 36
	2 # 37
	3 # 44
	4 # 52
	5 # 39
	6 # 11
	7 # 18
	8 # 53
	9 # 31
	10 # 40
	11 # 25
	12 # 17
	13 # 47
	14 # 0
	15 # 2
	16 # 46
	17 # 16
	18 # 4
	19 # 24
	20 # 43
	21 # 26
	22 # 9
	23 # 6
	24 # 49
	25 # 20
	26 # 33
	27 # 15
Timestep 2:
	0 # 29
	1 # 30
	2 # 38
	3 # 50
	4 # 46
	5 # 33
	6 # 16
	7 # 26
	8 # 52
	9 # 37
	10 # 39
	11 # 25
	12 # 17
	13 # 41
	14 # 8
	15 # 1
	16 # 45
	17 # 15
	18 # 3
	19 # 24
	20 # 36
	21 # 27
	22 # 10
	23 # 5
	24 # 43
	25 # 14
	26 # 34
	27 # 23
Timestep 3:
	0 # 35
	1 # 29
	2 # 32
	3 # 51
	4 # 39
	5 # 33
	6 # 17
	7 # 25
	8 # 52
	9 # 44
	10 # 38
	11 # 24
	12 # 18
	13 # 40
	14 # 9
	15 # 0
	16 # 46
	17 # 10
	18 # 2
	19 # 23
	20 # 30
	21 # 19
	22 # 11
	23 # 4
	24 # 36
	25 # 13
	26 # 34
	27 # 31
Timestep 4:
	0 # 42
	1 # 21
	2 # 31
	3 # 45
	4 # 33
	5 # 25
	6 # 18
	7 # 24
	8 # 51
	9 # 43
	10 # 38
	11 # 23
	12 # 26
	13 # 39
	14 # 8
	15 # 1
	16 # 46
	17 # 9
	18 # 10
	19 # 15
	20 # 22
	21 # 20
	22 # 16
	23 # 3
	24 # 30
	25 # 19
	26 # 40
	27 # 37
Timestep 5:
	0 # 35
	1 # 29
	2 # 37
	3 # 45
	4 # 25
	5 # 17
	6 # 26
	7 # 32
	8 # 50
	9 # 42
	10 # 39
	11 # 15
	12 # 34
	13 # 33
	14 # 0
	15 # 9
	16 # 52
	17 # 8
	18 # 11
	19 # 10
	20 # 23
	21 # 28
	22 # 24
	23 # 2
	24 # 30
	25 # 20
	26 # 41
	27 # 44
Timestep 6:
	0 # 35
	1 # 21
	2 # 36
	3 # 38
	4 # 17
	5 # 18
	6 # 34
	7 # 31
	8 # 49
	9 # 43
	10 # 46
	11 # 15
	12 # 40
	13 # 32
	14 # 0
	15 # 10
	16 # 52
	17 # 8
	18 # 16
	19 # 2
	20 # 23
	21 # 27
	22 # 25
	23 # 1
	24 # 22
	25 # 28
	26 # 47
	27 # 45
Timestep 7:
	0 # 35
	1 # 29
	2 # 37
	3 # 32
	4 # 18
	5 # 19
	6 # 40
	7 # 30
	8 # 49
	9 # 44
	10 # 52
	11 # 10
	12 # 41
	13 # 31
	14 # 1
	15 # 11
	16 # 51
	17 # 8
	18 # 24
	19 # 3
	20 # 15
	21 # 26
	22 # 25
	23 # 9
	24 # 23
	25 # 27
	26 # 54
	27 # 45
Timestep 8:
	0 # 35
	1 # 30
	2 # 38
	3 # 32
	4 # 12
	5 # 19
	6 # 41
	7 # 36
	8 # 43
	9 # 44
	10 # 53
	11 # 9
	12 # 47
	13 # 31
	14 # 2
	15 # 16
	16 # 50
	17 # 8
	18 # 23
	19 # 4
	20 # 10
	21 # 25
	22 # 33
	23 # 1
	24 # 15
	25 # 26
	26 # 54
	27 # 51
Timestep 9:
	0 # 35
	1 # 31
	2 # 38
	3 # 33
	4 # 13
	5 # 18
	6 # 47
	7 # 43
	8 # 42
	9 # 37
	10 # 52
	11 # 9
	12 # 48
	13 # 23
	14 # 3
	15 # 17
	16 # 49
	17 # 8
	18 # 22
	19 # 5
	20 # 2
	21 # 24
	22 # 39
	23 # 1
	24 # 16
	25 # 34
	26 # 53
	27 # 50
Timestep 10:
	0 # 36
	1 # 32
	2 # 39
	3 # 34
	4 # 14
	5 # 12
	6 # 54
	7 # 44
	8 # 43
	9 # 37
	10 # 51
	11 # 10
	12 # 55
	13 # 22
	14 # 4
	15 # 25
	16 # 49
	17 # 9
	18 # 30
	19 # 6
	20 # 3
	21 # 23
	22 # 46
	23 # 0
	24 # 11
	25 # 40
	26 # 52
	27 # 50

