Solution makespan:11
Timestep 0:
	0 # 20
	1 # 10
	2 # 29
	3 # 17
	4 # 11
	5 # 3
	6 # 21
	7 # 5
Timestep 1:
	0 # 19
	1 # 18
	2 # 28
	3 # 24
	4 # 4
	5 # 10
	6 # 27
	7 # 12
Timestep 2:
	0 # 18
	1 # 17
	2 # 29
	3 # 23
	4 # 11
	5 # 10
	6 # 34
	7 # 20
Timestep 3:
	0 # 25
	1 # 24
	2 # 35
	3 # 16
	4 # 11
	5 # 18
	6 # 40
	7 # 19
Timestep 4:
	0 # 32
	1 # 23
	2 # 42
	3 # 8
	4 # 10
	5 # 17
	6 # 47
	7 # 18
Timestep 5:
	0 # 38
	1 # 16
	2 # 35
	3 # 2
	4 # 9
	5 # 24
	6 # 46
	7 # 25
Timestep 6:
	0 # 37
	1 # 16
	2 # 36
	3 # 1
	4 # 17
	5 # 23
	6 # 45
	7 # 32
Timestep 7:
	0 # 36
	1 # 8
	2 # 30
	3 # 0
	4 # 24
	5 # 16
	6 # 53
	7 # 38
Timestep 8:
	0 # 35
	1 # 9
	2 # 31
	3 # 7
	4 # 23
	5 # 15
	6 # 52
	7 # 44
Timestep 9:
	0 # 42
	1 # 10
	2 # 37
	3 # 7
	4 # 30
	5 # 14
	6 # 51
	7 # 52
Timestep 10:
	0 # 41
	1 # 11
	2 # 37
	3 # 0
	4 # 36
	5 # 22
	6 # 50
	7 # 51
Timestep 11:
	0 # 41
	1 # 19
	2 # 43
	3 # 7
	4 # 36
	5 # 28
	6 # 49
	7 # 51

