Solution makespan:9
Timestep 0:
	0 # 30
	1 # 17
	2 # 11
	3 # 10
	4 # 12
	5 # 33
	6 # 39
	7 # 18
	8 # 25
	9 # 14
	10 # 54
	11 # 4
Timestep 1:
	0 # 31
	1 # 18
	2 # 10
	3 # 9
	4 # 11
	5 # 34
	6 # 38
	7 # 23
	8 # 33
	9 # 15
	10 # 54
	11 # 3
Timestep 2:
	0 # 30
	1 # 18
	2 # 9
	3 # 8
	4 # 10
	5 # 35
	6 # 37
	7 # 22
	8 # 34
	9 # 16
	10 # 47
	11 # 11
Timestep 3:
	0 # 38
	1 # 23
	2 # 17
	3 # 8
	4 # 9
	5 # 27
	6 # 36
	7 # 22
	8 # 35
	9 # 16
	10 # 39
	11 # 10
Timestep 4:
	0 # 39
	1 # 30
	2 # 16
	3 # 7
	4 # 17
	5 # 21
	6 # 28
	7 # 22
	8 # 36
	9 # 8
	10 # 31
	11 # 18
Timestep 5:
	0 # 39
	1 # 31
	2 # 8
	3 # 6
	4 # 16
	5 # 15
	6 # 27
	7 # 17
	8 # 37
	9 # 9
	10 # 24
	11 # 23
Timestep 6:
	0 # 31
	1 # 32
	2 # 16
	3 # 14
	4 # 15
	5 # 21
	6 # 26
	7 # 9
	8 # 45
	9 # 10
	10 # 23
	11 # 30
Timestep 7:
	0 # 24
	1 # 31
	2 # 17
	3 # 14
	4 # 21
	5 # 27
	6 # 20
	7 # 8
	8 # 46
	9 # 9
	10 # 18
	11 # 38
Timestep 8:
	0 # 23
	1 # 30
	2 # 16
	3 # 15
	4 # 20
	5 # 28
	6 # 14
	7 # 7
	8 # 46
	9 # 8
	10 # 10
	11 # 37
Timestep 9:
	0 # 22
	1 # 38
	2 # 16
	3 # 21
	4 # 19
	5 # 29
	6 # 13
	7 # 6
	8 # 46
	9 # 7
	10 # 9
	11 # 45

