Solution makespan:9
Timestep 0:
	0 # 2
	1 # 28
	2 # 52
	3 # 29
	4 # 20
	5 # 24
	6 # 6
	7 # 42
	8 # 0
	9 # 16
	10 # 57
	11 # 30
	12 # 14
	13 # 1
	14 # 53
	15 # 37
	16 # 48
	17 # 54
	18 # 26
	19 # 19
	20 # 59
	21 # 41
	22 # 43
	23 # 15
Timestep 1:
	0 # 2
	1 # 36
	2 # 51
	3 # 21
	4 # 13
	5 # 32
	6 # 5
	7 # 41
	8 # 1
	9 # 8
	10 # 57
	11 # 29
	12 # 14
	13 # 9
	14 # 45
	15 # 38
	16 # 55
	17 # 54
	18 # 26
	19 # 11
	20 # 59
	21 # 40
	22 # 43
	23 # 7
Timestep 2:
	0 # 1
	1 # 36
	2 # 51
	3 # 22
	4 # 20
	5 # 32
	6 # 4
	7 # 40
	8 # 0
	9 # 9
	10 # 50
	11 # 28
	12 # 21
	13 # 17
	14 # 46
	15 # 37
	16 # 48
	17 # 47
	18 # 25
	19 # 12
	20 # 52
	21 # 39
	22 # 43
	23 # 6
Timestep 3:
	0 # 9
	1 # 35
	2 # 50
	3 # 30
	4 # 21
	5 # 31
	6 # 4
	7 # 33
	8 # 8
	9 # 10
	10 # 43
	11 # 36
	12 # 29
	13 # 24
	14 # 39
	15 # 38
	16 # 41
	17 # 40
	18 # 25
	19 # 13
	20 # 59
	21 # 32
	22 # 42
	23 # 5
Timestep 4:
	0 # 17
	1 # 27
	2 # 49
	3 # 29
	4 # 22
	5 # 23
	6 # 3
	7 # 25
	8 # 16
	9 # 11
	10 # 36
	11 # 35
	12 # 28
	13 # 32
	14 # 39
	15 # 44
	16 # 40
	17 # 33
	18 # 18
	19 # 14
	20 # 52
	21 # 31
	22 # 43
	23 # 6
Timestep 5:
	0 # 17
	1 # 26
	2 # 42
	3 # 28
	4 # 30
	5 # 23
	6 # 4
	7 # 18
	8 # 8
	9 # 12
	10 # 37
	11 # 34
	12 # 27
	13 # 39
	14 # 46
	15 # 52
	16 # 33
	17 # 25
	18 # 10
	19 # 21
	20 # 51
	21 # 31
	22 # 50
	23 # 7
Timestep 6:
	0 # 24
	1 # 19
	2 # 43
	3 # 36
	4 # 30
	5 # 16
	6 # 3
	7 # 17
	8 # 9
	9 # 13
	10 # 38
	11 # 41
	12 # 26
	13 # 40
	14 # 47
	15 # 59
	16 # 25
	17 # 18
	18 # 11
	19 # 20
	20 # 52
	21 # 31
	22 # 50
	23 # 15
Timestep 7:
	0 # 23
	1 # 18
	2 # 42
	3 # 43
	4 # 38
	5 # 8
	6 # 11
	7 # 16
	8 # 17
	9 # 14
	10 # 44
	11 # 48
	12 # 25
	13 # 40
	14 # 47
	15 # 58
	16 # 33
	17 # 10
	18 # 12
	19 # 28
	20 # 59
	21 # 31
	22 # 57
	23 # 22
Timestep 8:
	0 # 16
	1 # 17
	2 # 43
	3 # 50
	4 # 37
	5 # 0
	6 # 3
	7 # 8
	8 # 24
	9 # 21
	10 # 38
	11 # 55
	12 # 18
	13 # 41
	14 # 40
	15 # 57
	16 # 25
	17 # 10
	18 # 13
	19 # 36
	20 # 52
	21 # 23
	22 # 56
	23 # 15
Timestep 9:
	0 # 8
	1 # 17
	2 # 50
	3 # 51
	4 # 37
	5 # 0
	6 # 4
	7 # 9
	8 # 24
	9 # 22
	10 # 44
	11 # 54
	12 # 18
	13 # 42
	14 # 41
	15 # 58
	16 # 25
	17 # 10
	18 # 20
	19 # 36
	20 # 59
	21 # 16
	22 # 49
	23 # 7

