Solution makespan:12
Timestep 0:
	0 # 53
	1 # 32
	2 # 34
	3 # 46
	4 # 49
	5 # 16
	6 # 57
	7 # 27
	8 # 43
	9 # 35
	10 # 48
	11 # 23
Timestep 1:
	0 # 54
	1 # 40
	2 # 33
	3 # 52
	4 # 42
	5 # 17
	6 # 56
	7 # 28
	8 # 43
	9 # 34
	10 # 49
	11 # 15
Timestep 2:
	0 # 54
	1 # 40
	2 # 32
	3 # 53
	4 # 41
	5 # 9
	6 # 55
	7 # 20
	8 # 44
	9 # 33
	10 # 56
	11 # 16
Timestep 3:
	0 # 54
	1 # 32
	2 # 25
	3 # 47
	4 # 33
	5 # 10
	6 # 48
	7 # 28
	8 # 43
	9 # 26
	10 # 56
	11 # 17
Timestep 4:
	0 # 54
	1 # 33
	2 # 24
	3 # 47
	4 # 26
	5 # 11
	6 # 41
	7 # 27
	8 # 35
	9 # 18
	10 # 56
	11 # 16
Timestep 5:
	0 # 55
	1 # 32
	2 # 23
	3 # 39
	4 # 18
	5 # 12
	6 # 40
	7 # 27
	8 # 43
	9 # 19
	10 # 57
	11 # 16
Timestep 6:
	0 # 48
	1 # 25
	2 # 15
	3 # 40
	4 # 10
	5 # 13
	6 # 32
	7 # 34
	8 # 44
	9 # 27
	10 # 57
	11 # 24
Timestep 7:
	0 # 41
	1 # 24
	2 # 14
	3 # 40
	4 # 11
	5 # 21
	6 # 25
	7 # 33
	8 # 50
	9 # 28
	10 # 58
	11 # 23
Timestep 8:
	0 # 33
	1 # 25
	2 # 22
	3 # 41
	4 # 10
	5 # 21
	6 # 17
	7 # 32
	8 # 44
	9 # 27
	10 # 58
	11 # 23
Timestep 9:
	0 # 33
	1 # 32
	2 # 30
	3 # 42
	4 # 9
	5 # 13
	6 # 16
	7 # 40
	8 # 44
	9 # 34
	10 # 50
	11 # 31
Timestep 10:
	0 # 26
	1 # 40
	2 # 37
	3 # 43
	4 # 17
	5 # 13
	6 # 15
	7 # 39
	8 # 36
	9 # 42
	10 # 44
	11 # 31
Timestep 11:
	0 # 26
	1 # 40
	2 # 38
	3 # 35
	4 # 9
	5 # 21
	6 # 7
	7 # 47
	8 # 36
	9 # 42
	10 # 43
	11 # 23
Timestep 12:
	0 # 27
	1 # 39
	2 # 37
	3 # 28
	4 # 2
	5 # 20
	6 # 1
	7 # 46
	8 # 29
	9 # 49
	10 # 35
	11 # 23

