Solution makespan:9
Timestep 0:
	0 # 34
	1 # 51
	2 # 57
	3 # 28
	4 # 5
	5 # 37
	6 # 29
	7 # 6
	8 # 36
	9 # 53
	10 # 26
	11 # 8
	12 # 21
	13 # 42
	14 # 35
	15 # 38
	16 # 44
	17 # 13
	18 # 18
	19 # 4
	20 # 15
	21 # 23
	22 # 7
	23 # 9
Timestep 1:
	0 # 35
	1 # 59
	2 # 56
	3 # 20
	4 # 12
	5 # 29
	6 # 28
	7 # 0
	8 # 36
	9 # 54
	10 # 25
	11 # 8
	12 # 21
	13 # 50
	14 # 27
	15 # 31
	16 # 43
	17 # 13
	18 # 26
	19 # 3
	20 # 23
	21 # 22
	22 # 6
	23 # 10
Timestep 2:
	0 # 36
	1 # 60
	2 # 57
	3 # 19
	4 # 20
	5 # 29
	6 # 27
	7 # 6
	8 # 28
	9 # 46
	10 # 17
	11 # 1
	12 # 21
	13 # 50
	14 # 26
	15 # 23
	16 # 42
	17 # 13
	18 # 34
	19 # 10
	20 # 24
	21 # 30
	22 # 14
	23 # 18
Timestep 3:
	0 # 36
	1 # 52
	2 # 58
	3 # 11
	4 # 20
	5 # 21
	6 # 19
	7 # 14
	8 # 27
	9 # 47
	10 # 17
	11 # 1
	12 # 13
	13 # 49
	14 # 34
	15 # 15
	16 # 41
	17 # 12
	18 # 35
	19 # 9
	20 # 25
	21 # 31
	22 # 22
	23 # 10
Timestep 4:
	0 # 43
	1 # 44
	2 # 50
	3 # 4
	4 # 28
	5 # 20
	6 # 18
	7 # 22
	8 # 19
	9 # 46
	10 # 25
	11 # 2
	12 # 21
	13 # 41
	14 # 33
	15 # 15
	16 # 34
	17 # 12
	18 # 42
	19 # 8
	20 # 26
	21 # 38
	22 # 30
	23 # 11
Timestep 5:
	0 # 51
	1 # 37
	2 # 42
	3 # 3
	4 # 36
	5 # 19
	6 # 17
	7 # 30
	8 # 18
	9 # 54
	10 # 25
	11 # 9
	12 # 29
	13 # 34
	14 # 32
	15 # 7
	16 # 33
	17 # 13
	18 # 35
	19 # 8
	20 # 27
	21 # 46
	22 # 31
	23 # 12
Timestep 6:
	0 # 59
	1 # 36
	2 # 35
	3 # 2
	4 # 43
	5 # 11
	6 # 17
	7 # 31
	8 # 18
	9 # 53
	10 # 26
	11 # 10
	12 # 21
	13 # 33
	14 # 39
	15 # 6
	16 # 25
	17 # 13
	18 # 34
	19 # 7
	20 # 19
	21 # 38
	22 # 23
	23 # 20
Timestep 7:
	0 # 58
	1 # 36
	2 # 35
	3 # 9
	4 # 42
	5 # 4
	6 # 16
	7 # 32
	8 # 18
	9 # 45
	10 # 26
	11 # 11
	12 # 29
	13 # 40
	14 # 47
	15 # 7
	16 # 17
	17 # 12
	18 # 41
	19 # 15
	20 # 20
	21 # 46
	22 # 24
	23 # 28
Timestep 8:
	0 # 57
	1 # 35
	2 # 27
	3 # 17
	4 # 41
	5 # 3
	6 # 15
	7 # 33
	8 # 10
	9 # 53
	10 # 18
	11 # 19
	12 # 37
	13 # 48
	14 # 39
	15 # 8
	16 # 16
	17 # 20
	18 # 40
	19 # 14
	20 # 21
	21 # 46
	22 # 25
	23 # 36
Timestep 9:
	0 # 57
	1 # 42
	2 # 27
	3 # 17
	4 # 49
	5 # 2
	6 # 16
	7 # 40
	8 # 3
	9 # 53
	10 # 10
	11 # 20
	12 # 36
	13 # 56
	14 # 38
	15 # 9
	16 # 8
	17 # 28
	18 # 39
	19 # 14
	20 # 29
	21 # 45
	22 # 26
	23 # 43

