Solution makespan:8
Timestep 0:
	0 # 26
	1 # 46
	2 # 36
	3 # 14
	4 # 11
	5 # 56
	6 # 57
	7 # 52
	8 # 45
	9 # 1
	10 # 43
	11 # 18
	12 # 38
	13 # 7
	14 # 32
	15 # 44
Timestep 1:
	0 # 27
	1 # 53
	2 # 36
	3 # 13
	4 # 19
	5 # 55
	6 # 57
	7 # 45
	8 # 39
	9 # 2
	10 # 43
	11 # 17
	12 # 44
	13 # 15
	14 # 25
	15 # 51
Timestep 2:
	0 # 27
	1 # 52
	2 # 35
	3 # 12
	4 # 26
	5 # 54
	6 # 56
	7 # 46
	8 # 38
	9 # 1
	10 # 48
	11 # 24
	12 # 45
	13 # 16
	14 # 32
	15 # 51
Timestep 3:
	0 # 28
	1 # 51
	2 # 43
	3 # 11
	4 # 33
	5 # 53
	6 # 55
	7 # 40
	8 # 30
	9 # 0
	10 # 56
	11 # 25
	12 # 39
	13 # 23
	14 # 31
	15 # 44
Timestep 4:
	0 # 21
	1 # 52
	2 # 42
	3 # 10
	4 # 34
	5 # 46
	6 # 54
	7 # 39
	8 # 23
	9 # 7
	10 # 56
	11 # 32
	12 # 31
	13 # 24
	14 # 30
	15 # 38
Timestep 5:
	0 # 13
	1 # 52
	2 # 41
	3 # 18
	4 # 42
	5 # 45
	6 # 47
	7 # 31
	8 # 16
	9 # 0
	10 # 48
	11 # 33
	12 # 24
	13 # 25
	14 # 23
	15 # 30
Timestep 6:
	0 # 21
	1 # 51
	2 # 40
	3 # 25
	4 # 42
	5 # 39
	6 # 46
	7 # 32
	8 # 8
	9 # 7
	10 # 43
	11 # 33
	12 # 17
	13 # 26
	14 # 23
	15 # 31
Timestep 7:
	0 # 28
	1 # 50
	2 # 39
	3 # 26
	4 # 42
	5 # 31
	6 # 40
	7 # 32
	8 # 8
	9 # 7
	10 # 48
	11 # 41
	12 # 9
	13 # 27
	14 # 30
	15 # 24
Timestep 8:
	0 # 29
	1 # 50
	2 # 45
	3 # 19
	4 # 43
	5 # 31
	6 # 40
	7 # 25
	8 # 1
	9 # 15
	10 # 49
	11 # 41
	12 # 10
	13 # 34
	14 # 23
	15 # 17

