Solution makespan:9
Timestep 0:
	0 # 46
	1 # 35
	2 # 6
	3 # 52
	4 # 31
	5 # 39
	6 # 54
	7 # 37
Timestep 1:
	0 # 38
	1 # 43
	2 # 14
	3 # 45
	4 # 23
	5 # 40
	6 # 53
	7 # 29
Timestep 2:
	0 # 30
	1 # 44
	2 # 20
	3 # 37
	4 # 31
	5 # 41
	6 # 46
	7 # 21
Timestep 3:
	0 # 31
	1 # 36
	2 # 28
	3 # 29
	4 # 32
	5 # 42
	6 # 38
	7 # 22
Timestep 4:
	0 # 32
	1 # 35
	2 # 27
	3 # 30
	4 # 33
	5 # 43
	6 # 39
	7 # 23
Timestep 5:
	0 # 24
	1 # 34
	2 # 35
	3 # 22
	4 # 41
	5 # 50
	6 # 40
	7 # 23
Timestep 6:
	0 # 25
	1 # 33
	2 # 43
	3 # 16
	4 # 48
	5 # 51
	6 # 47
	7 # 24
Timestep 7:
	0 # 26
	1 # 32
	2 # 42
	3 # 8
	4 # 49
	5 # 44
	6 # 48
	7 # 25
Timestep 8:
	0 # 18
	1 # 31
	2 # 41
	3 # 9
	4 # 50
	5 # 43
	6 # 49
	7 # 26
Timestep 9:
	0 # 19
	1 # 23
	2 # 48
	3 # 9
	4 # 51
	5 # 42
	6 # 49
	7 # 27

