Solution makespan:9
Timestep 0:
	0 # 12
	1 # 14
	2 # 13
	3 # 1
	4 # 3
	5 # 44
	6 # 48
	7 # 27
Timestep 1:
	0 # 19
	1 # 13
	2 # 5
	3 # 2
	4 # 11
	5 # 52
	6 # 47
	7 # 26
Timestep 2:
	0 # 20
	1 # 14
	2 # 4
	3 # 10
	4 # 18
	5 # 52
	6 # 46
	7 # 34
Timestep 3:
	0 # 28
	1 # 13
	2 # 3
	3 # 17
	4 # 26
	5 # 52
	6 # 45
	7 # 33
Timestep 4:
	0 # 35
	1 # 20
	2 # 4
	3 # 25
	4 # 34
	5 # 44
	6 # 38
	7 # 40
Timestep 5:
	0 # 42
	1 # 21
	2 # 12
	3 # 26
	4 # 33
	5 # 37
	6 # 31
	7 # 47
Timestep 6:
	0 # 42
	1 # 14
	2 # 11
	3 # 27
	4 # 40
	5 # 30
	6 # 38
	7 # 48
Timestep 7:
	0 # 41
	1 # 6
	2 # 10
	3 # 28
	4 # 39
	5 # 22
	6 # 38
	7 # 47
Timestep 8:
	0 # 49
	1 # 14
	2 # 10
	3 # 35
	4 # 40
	5 # 15
	6 # 45
	7 # 46
Timestep 9:
	0 # 49
	1 # 6
	2 # 2
	3 # 42
	4 # 47
	5 # 22
	6 # 53
	7 # 54

