Solution makespan:9
Timestep 0:
	0 # 9
	1 # 49
	2 # 39
	3 # 46
	4 # 45
	5 # 27
	6 # 42
	7 # 25
	8 # 56
	9 # 20
	10 # 18
	11 # 5
	12 # 24
	13 # 23
	14 # 10
	15 # 36
Timestep 1:
	0 # 8
	1 # 42
	2 # 40
	3 # 47
	4 # 46
	5 # 27
	6 # 43
	7 # 18
	8 # 50
	9 # 12
	10 # 10
	11 # 4
	12 # 31
	13 # 23
	14 # 9
	15 # 44
Timestep 2:
	0 # 16
	1 # 42
	2 # 39
	3 # 47
	4 # 52
	5 # 20
	6 # 50
	7 # 10
	8 # 49
	9 # 11
	10 # 9
	11 # 3
	12 # 30
	13 # 24
	14 # 17
	15 # 45
Timestep 3:
	0 # 8
	1 # 41
	2 # 38
	3 # 39
	4 # 53
	5 # 12
	6 # 49
	7 # 18
	8 # 48
	9 # 19
	10 # 10
	11 # 2
	12 # 37
	13 # 23
	14 # 16
	15 # 46
Timestep 4:
	0 # 8
	1 # 40
	2 # 31
	3 # 38
	4 # 54
	5 # 11
	6 # 48
	7 # 25
	8 # 41
	9 # 26
	10 # 3
	11 # 2
	12 # 37
	13 # 22
	14 # 15
	15 # 47
Timestep 5:
	0 # 16
	1 # 39
	2 # 24
	3 # 37
	4 # 55
	5 # 11
	6 # 41
	7 # 33
	8 # 40
	9 # 34
	10 # 4
	11 # 2
	12 # 30
	13 # 29
	14 # 14
	15 # 53
Timestep 6:
	0 # 8
	1 # 38
	2 # 16
	3 # 30
	4 # 48
	5 # 4
	6 # 40
	7 # 33
	8 # 39
	9 # 41
	10 # 5
	11 # 3
	12 # 31
	13 # 36
	14 # 22
	15 # 54
Timestep 7:
	0 # 9
	1 # 38
	2 # 24
	3 # 23
	4 # 49
	5 # 3
	6 # 39
	7 # 34
	8 # 47
	9 # 41
	10 # 5
	11 # 10
	12 # 32
	13 # 37
	14 # 29
	15 # 53
Timestep 8:
	0 # 10
	1 # 37
	2 # 16
	3 # 15
	4 # 50
	5 # 4
	6 # 38
	7 # 34
	8 # 46
	9 # 42
	10 # 12
	11 # 18
	12 # 31
	13 # 45
	14 # 36
	15 # 47
Timestep 9:
	0 # 11
	1 # 36
	2 # 16
	3 # 23
	4 # 43
	5 # 3
	6 # 39
	7 # 33
	8 # 52
	9 # 42
	10 # 20
	11 # 25
	12 # 32
	13 # 37
	14 # 44
	15 # 53

