Solution makespan:11
Timestep 0:
	0 # 18
	1 # 31
	2 # 10
	3 # 53
	4 # 14
	5 # 0
	6 # 34
	7 # 29
Timestep 1:
	0 # 26
	1 # 38
	2 # 9
	3 # 54
	4 # 14
	5 # 1
	6 # 41
	7 # 36
Timestep 2:
	0 # 33
	1 # 46
	2 # 15
	3 # 54
	4 # 13
	5 # 2
	6 # 40
	7 # 43
Timestep 3:
	0 # 40
	1 # 53
	2 # 22
	3 # 47
	4 # 12
	5 # 3
	6 # 39
	7 # 44
Timestep 4:
	0 # 33
	1 # 52
	2 # 23
	3 # 46
	4 # 11
	5 # 4
	6 # 38
	7 # 45
Timestep 5:
	0 # 32
	1 # 53
	2 # 24
	3 # 38
	4 # 11
	5 # 5
	6 # 31
	7 # 52
Timestep 6:
	0 # 32
	1 # 52
	2 # 25
	3 # 31
	4 # 4
	5 # 12
	6 # 24
	7 # 51
Timestep 7:
	0 # 25
	1 # 51
	2 # 26
	3 # 24
	4 # 3
	5 # 13
	6 # 23
	7 # 50
Timestep 8:
	0 # 17
	1 # 44
	2 # 27
	3 # 25
	4 # 2
	5 # 19
	6 # 22
	7 # 43
Timestep 9:
	0 # 17
	1 # 51
	2 # 34
	3 # 26
	4 # 1
	5 # 20
	6 # 30
	7 # 36
Timestep 10:
	0 # 25
	1 # 50
	2 # 41
	3 # 33
	4 # 9
	5 # 14
	6 # 22
	7 # 43
Timestep 11:
	0 # 24
	1 # 51
	2 # 49
	3 # 34
	4 # 15
	5 # 7
	6 # 30
	7 # 44

