Solution makespan:9
Timestep 0:
	0 # 53
	1 # 43
	2 # 44
	3 # 6
	4 # 15
	5 # 28
	6 # 25
	7 # 10
	8 # 17
	9 # 32
	10 # 16
	11 # 9
	12 # 22
	13 # 5
	14 # 23
	15 # 18
	16 # 56
	17 # 30
	18 # 3
	19 # 39
Timestep 1:
	0 # 54
	1 # 43
	2 # 45
	3 # 14
	4 # 8
	5 # 27
	6 # 33
	7 # 9
	8 # 18
	9 # 39
	10 # 24
	11 # 2
	12 # 29
	13 # 4
	14 # 15
	15 # 19
	16 # 56
	17 # 31
	18 # 3
	19 # 38
Timestep 2:
	0 # 47
	1 # 43
	2 # 37
	3 # 13
	4 # 9
	5 # 26
	6 # 25
	7 # 16
	8 # 19
	9 # 40
	10 # 31
	11 # 2
	12 # 36
	13 # 3
	14 # 23
	15 # 20
	16 # 48
	17 # 32
	18 # 10
	19 # 38
Timestep 3:
	0 # 39
	1 # 50
	2 # 45
	3 # 12
	4 # 10
	5 # 34
	6 # 25
	7 # 24
	8 # 26
	9 # 41
	10 # 38
	11 # 1
	12 # 44
	13 # 2
	14 # 23
	15 # 21
	16 # 56
	17 # 32
	18 # 17
	19 # 37
Timestep 4:
	0 # 40
	1 # 50
	2 # 45
	3 # 5
	4 # 11
	5 # 33
	6 # 26
	7 # 31
	8 # 27
	9 # 34
	10 # 46
	11 # 8
	12 # 51
	13 # 1
	14 # 15
	15 # 14
	16 # 57
	17 # 32
	18 # 17
	19 # 36
Timestep 5:
	0 # 41
	1 # 49
	2 # 46
	3 # 5
	4 # 12
	5 # 32
	6 # 34
	7 # 38
	8 # 28
	9 # 33
	10 # 53
	11 # 8
	12 # 52
	13 # 0
	14 # 16
	15 # 6
	16 # 56
	17 # 39
	18 # 18
	19 # 29
Timestep 6:
	0 # 40
	1 # 48
	2 # 47
	3 # 12
	4 # 13
	5 # 31
	6 # 41
	7 # 46
	8 # 35
	9 # 32
	10 # 54
	11 # 15
	12 # 53
	13 # 7
	14 # 24
	15 # 6
	16 # 57
	17 # 39
	18 # 11
	19 # 22
Timestep 7:
	0 # 33
	1 # 41
	2 # 46
	3 # 19
	4 # 13
	5 # 30
	6 # 42
	7 # 45
	8 # 43
	9 # 39
	10 # 54
	11 # 23
	12 # 52
	13 # 8
	14 # 31
	15 # 14
	16 # 57
	17 # 38
	18 # 18
	19 # 22
Timestep 8:
	0 # 33
	1 # 34
	2 # 53
	3 # 26
	4 # 20
	5 # 30
	6 # 42
	7 # 44
	8 # 50
	9 # 32
	10 # 54
	11 # 15
	12 # 52
	13 # 9
	14 # 38
	15 # 13
	16 # 49
	17 # 37
	18 # 19
	19 # 23
Timestep 9:
	0 # 32
	1 # 34
	2 # 53
	3 # 25
	4 # 21
	5 # 29
	6 # 49
	7 # 51
	8 # 58
	9 # 31
	10 # 47
	11 # 23
	12 # 45
	13 # 10
	14 # 37
	15 # 12
	16 # 48
	17 # 30
	18 # 26
	19 # 24

