Solution makespan:10
Timestep 0:
	0 # 40
	1 # 48
	2 # 11
	3 # 35
	4 # 1
	5 # 16
	6 # 41
	7 # 28
	8 # 47
	9 # 55
	10 # 38
	11 # 54
	12 # 30
	13 # 52
	14 # 46
	15 # 36
Timestep 1:
	0 # 39
	1 # 41
	2 # 12
	3 # 36
	4 # 9
	5 # 17
	6 # 33
	7 # 22
	8 # 47
	9 # 48
	10 # 45
	11 # 55
	12 # 23
	13 # 53
	14 # 46
	15 # 28
Timestep 2:
	0 # 38
	1 # 33
	2 # 19
	3 # 35
	4 # 9
	5 # 24
	6 # 32
	7 # 14
	8 # 40
	9 # 41
	10 # 45
	11 # 48
	12 # 16
	13 # 52
	14 # 39
	15 # 36
Timestep 3:
	0 # 37
	1 # 34
	2 # 20
	3 # 27
	4 # 16
	5 # 31
	6 # 25
	7 # 14
	8 # 32
	9 # 41
	10 # 46
	11 # 49
	12 # 17
	13 # 52
	14 # 38
	15 # 35
Timestep 4:
	0 # 44
	1 # 26
	2 # 19
	3 # 35
	4 # 23
	5 # 39
	6 # 24
	7 # 22
	8 # 25
	9 # 42
	10 # 47
	11 # 48
	12 # 17
	13 # 53
	14 # 30
	15 # 43
Timestep 5:
	0 # 37
	1 # 20
	2 # 19
	3 # 43
	4 # 30
	5 # 40
	6 # 17
	7 # 21
	8 # 18
	9 # 34
	10 # 47
	11 # 55
	12 # 16
	13 # 52
	14 # 31
	15 # 42
Timestep 6:
	0 # 37
	1 # 19
	2 # 18
	3 # 42
	4 # 29
	5 # 41
	6 # 16
	7 # 21
	8 # 25
	9 # 26
	10 # 40
	11 # 54
	12 # 23
	13 # 52
	14 # 31
	15 # 34
Timestep 7:
	0 # 37
	1 # 18
	2 # 17
	3 # 41
	4 # 30
	5 # 48
	6 # 15
	7 # 21
	8 # 25
	9 # 20
	10 # 32
	11 # 47
	12 # 16
	13 # 44
	14 # 31
	15 # 33
Timestep 8:
	0 # 38
	1 # 19
	2 # 10
	3 # 41
	4 # 31
	5 # 49
	6 # 8
	7 # 27
	8 # 18
	9 # 21
	10 # 25
	11 # 46
	12 # 9
	13 # 37
	14 # 24
	15 # 32
Timestep 9:
	0 # 39
	1 # 19
	2 # 10
	3 # 41
	4 # 24
	5 # 50
	6 # 15
	7 # 26
	8 # 11
	9 # 13
	10 # 18
	11 # 45
	12 # 9
	13 # 29
	14 # 17
	15 # 40
Timestep 10:
	0 # 46
	1 # 12
	2 # 10
	3 # 33
	4 # 25
	5 # 51
	6 # 8
	7 # 26
	8 # 11
	9 # 21
	10 # 19
	11 # 53
	12 # 1
	13 # 29
	14 # 24
	15 # 32

