Solution makespan:6
Timestep 0:
	0 # 0
	1 # 7
	2 # 12
	3 # 3
	4 # 4
	5 # 5
	6 # 14
	7 # 1
Timestep 1:
	0 # 1
	1 # 8
	2 # 12
	3 # 3
	4 # 5
	5 # 9
	6 # 14
	7 # 2
Timestep 2:
	0 # 4
	1 # 9
	2 # 12
	3 # 3
	4 # 6
	5 # 10
	6 # 13
	7 # 5
Timestep 3:
	0 # 8
	1 # 5
	2 # 13
	3 # 2
	4 # 10
	5 # 14
	6 # 9
	7 # 4
Timestep 4:
	0 # 7
	1 # 2
	2 # 9
	3 # 1
	4 # 14
	5 # 13
	6 # 5
	7 # 8
Timestep 5:
	0 # 11
	1 # 3
	2 # 5
	3 # 2
	4 # 14
	5 # 9
	6 # 4
	7 # 8
Timestep 6:
	0 # 11
	1 # 3
	2 # 4
	3 # 2
	4 # 14
	5 # 9
	6 # 1
	7 # 8

