Solution makespan:9
Timestep 0:
	0 # 51
	1 # 28
	2 # 17
	3 # 50
	4 # 16
	5 # 1
	6 # 9
	7 # 2
Timestep 1:
	0 # 50
	1 # 29
	2 # 23
	3 # 43
	4 # 22
	5 # 9
	6 # 8
	7 # 3
Timestep 2:
	0 # 49
	1 # 30
	2 # 28
	3 # 37
	4 # 27
	5 # 17
	6 # 9
	7 # 11
Timestep 3:
	0 # 48
	1 # 24
	2 # 29
	3 # 30
	4 # 34
	5 # 23
	6 # 8
	7 # 18
Timestep 4:
	0 # 41
	1 # 18
	2 # 36
	3 # 24
	4 # 40
	5 # 28
	6 # 8
	7 # 11
Timestep 5:
	0 # 40
	1 # 11
	2 # 37
	3 # 18
	4 # 47
	5 # 29
	6 # 9
	7 # 3
Timestep 6:
	0 # 41
	1 # 18
	2 # 38
	3 # 19
	4 # 48
	5 # 30
	6 # 17
	7 # 2
Timestep 7:
	0 # 41
	1 # 11
	2 # 44
	3 # 19
	4 # 49
	5 # 37
	6 # 23
	7 # 1
Timestep 8:
	0 # 35
	1 # 18
	2 # 45
	3 # 20
	4 # 42
	5 # 43
	6 # 28
	7 # 0
Timestep 9:
	0 # 28
	1 # 24
	2 # 45
	3 # 25
	4 # 42
	5 # 44
	6 # 29
	7 # 0

