Solution makespan:10
Timestep 0:
	0 # 9
	1 # 24
	2 # 36
	3 # 53
	4 # 18
	5 # 39
	6 # 45
	7 # 6
	8 # 38
	9 # 0
	10 # 5
	11 # 52
	12 # 1
	13 # 11
	14 # 37
	15 # 44
	16 # 28
	17 # 21
	18 # 12
	19 # 30
Timestep 1:
	0 # 16
	1 # 24
	2 # 44
	3 # 54
	4 # 18
	5 # 40
	6 # 45
	7 # 14
	8 # 46
	9 # 8
	10 # 13
	11 # 59
	12 # 9
	13 # 12
	14 # 37
	15 # 51
	16 # 29
	17 # 21
	18 # 4
	19 # 22
Timestep 2:
	0 # 17
	1 # 24
	2 # 45
	3 # 54
	4 # 19
	5 # 32
	6 # 52
	7 # 13
	8 # 47
	9 # 7
	10 # 20
	11 # 58
	12 # 9
	13 # 4
	14 # 36
	15 # 51
	16 # 29
	17 # 21
	18 # 3
	19 # 23
Timestep 3:
	0 # 25
	1 # 16
	2 # 52
	3 # 47
	4 # 19
	5 # 40
	6 # 59
	7 # 12
	8 # 48
	9 # 15
	10 # 28
	11 # 57
	12 # 8
	13 # 5
	14 # 44
	15 # 58
	16 # 21
	17 # 20
	18 # 2
	19 # 24
Timestep 4:
	0 # 26
	1 # 9
	2 # 52
	3 # 48
	4 # 12
	5 # 41
	6 # 58
	7 # 11
	8 # 49
	9 # 22
	10 # 29
	11 # 56
	12 # 7
	13 # 6
	14 # 43
	15 # 57
	16 # 14
	17 # 28
	18 # 10
	19 # 24
Timestep 5:
	0 # 18
	1 # 1
	2 # 45
	3 # 40
	4 # 19
	5 # 42
	6 # 58
	7 # 11
	8 # 55
	9 # 30
	10 # 29
	11 # 50
	12 # 15
	13 # 14
	14 # 43
	15 # 56
	16 # 21
	17 # 36
	18 # 10
	19 # 25
Timestep 6:
	0 # 17
	1 # 2
	2 # 52
	3 # 32
	4 # 27
	5 # 34
	6 # 51
	7 # 10
	8 # 56
	9 # 31
	10 # 37
	11 # 49
	12 # 22
	13 # 21
	14 # 42
	15 # 50
	16 # 20
	17 # 44
	18 # 9
	19 # 33
Timestep 7:
	0 # 16
	1 # 1
	2 # 51
	3 # 24
	4 # 35
	5 # 26
	6 # 44
	7 # 17
	8 # 57
	9 # 32
	10 # 45
	11 # 48
	12 # 23
	13 # 29
	14 # 42
	15 # 56
	16 # 19
	17 # 43
	18 # 8
	19 # 34
Timestep 8:
	0 # 9
	1 # 2
	2 # 51
	3 # 25
	4 # 34
	5 # 26
	6 # 36
	7 # 16
	8 # 56
	9 # 40
	10 # 52
	11 # 47
	12 # 31
	13 # 29
	14 # 42
	15 # 50
	16 # 12
	17 # 44
	18 # 0
	19 # 33
Timestep 9:
	0 # 10
	1 # 3
	2 # 44
	3 # 17
	4 # 26
	5 # 27
	6 # 28
	7 # 24
	8 # 55
	9 # 41
	10 # 51
	11 # 54
	12 # 39
	13 # 21
	14 # 34
	15 # 42
	16 # 4
	17 # 36
	18 # 0
	19 # 33
Timestep 10:
	0 # 11
	1 # 3
	2 # 45
	3 # 18
	4 # 25
	5 # 35
	6 # 27
	7 # 23
	8 # 55
	9 # 49
	10 # 44
	11 # 53
	12 # 40
	13 # 20
	14 # 34
	15 # 42
	16 # 4
	17 # 28
	18 # 1
	19 # 41

