Solution makespan:13
Timestep 0:
	0 # 48
	1 # 33
	2 # 3
	3 # 46
	4 # 27
	5 # 11
	6 # 47
	7 # 19
	8 # 5
	9 # 13
	10 # 20
	11 # 6
	12 # 36
	13 # 50
	14 # 41
	15 # 21
	16 # 56
	17 # 57
	18 # 49
	19 # 45
	20 # 14
	21 # 8
	22 # 32
	23 # 16
	24 # 31
	25 # 7
	26 # 44
	27 # 2
	28 # 52
	29 # 58
	30 # 40
	31 # 42
Timestep 1:
	0 # 40
	1 # 32
	2 # 2
	3 # 46
	4 # 20
	5 # 10
	6 # 48
	7 # 18
	8 # 4
	9 # 14
	10 # 19
	11 # 5
	12 # 28
	13 # 51
	14 # 35
	15 # 21
	16 # 56
	17 # 58
	18 # 49
	19 # 45
	20 # 6
	21 # 16
	22 # 39
	23 # 23
	24 # 30
	25 # 7
	26 # 37
	27 # 9
	28 # 44
	29 # 50
	30 # 34
	31 # 36
Timestep 2:
	0 # 34
	1 # 24
	2 # 1
	3 # 47
	4 # 12
	5 # 3
	6 # 40
	7 # 17
	8 # 5
	9 # 14
	10 # 20
	11 # 13
	12 # 27
	13 # 51
	14 # 36
	15 # 21
	16 # 57
	17 # 50
	18 # 48
	19 # 45
	20 # 6
	21 # 23
	22 # 39
	23 # 31
	24 # 22
	25 # 8
	26 # 30
	27 # 10
	28 # 37
	29 # 42
	30 # 33
	31 # 28
Timestep 3:
	0 # 26
	1 # 17
	2 # 8
	3 # 48
	4 # 4
	5 # 2
	6 # 34
	7 # 16
	8 # 5
	9 # 13
	10 # 19
	11 # 12
	12 # 28
	13 # 50
	14 # 35
	15 # 21
	16 # 57
	17 # 42
	18 # 56
	19 # 53
	20 # 6
	21 # 31
	22 # 46
	23 # 38
	24 # 15
	25 # 9
	26 # 22
	27 # 11
	28 # 30
	29 # 41
	30 # 32
	31 # 29
Timestep 4:
	0 # 27
	1 # 9
	2 # 8
	3 # 48
	4 # 4
	5 # 1
	6 # 26
	7 # 17
	8 # 13
	9 # 12
	10 # 18
	11 # 20
	12 # 36
	13 # 58
	14 # 34
	15 # 14
	16 # 57
	17 # 41
	18 # 55
	19 # 54
	20 # 6
	21 # 38
	22 # 47
	23 # 37
	24 # 7
	25 # 2
	26 # 15
	27 # 11
	28 # 22
	29 # 40
	30 # 39
	31 # 21
Timestep 5:
	0 # 28
	1 # 17
	2 # 16
	3 # 40
	4 # 5
	5 # 8
	6 # 27
	7 # 24
	8 # 12
	9 # 4
	10 # 19
	11 # 20
	12 # 42
	13 # 57
	14 # 33
	15 # 13
	16 # 49
	17 # 41
	18 # 55
	19 # 54
	20 # 6
	21 # 45
	22 # 48
	23 # 37
	24 # 0
	25 # 3
	26 # 7
	27 # 11
	28 # 15
	29 # 34
	30 # 38
	31 # 14
Timestep 6:
	0 # 28
	1 # 17
	2 # 23
	3 # 41
	4 # 13
	5 # 16
	6 # 20
	7 # 32
	8 # 11
	9 # 4
	10 # 26
	11 # 19
	12 # 42
	13 # 49
	14 # 25
	15 # 12
	16 # 50
	17 # 35
	18 # 47
	19 # 55
	20 # 6
	21 # 53
	22 # 56
	23 # 44
	24 # 0
	25 # 2
	26 # 7
	27 # 10
	28 # 15
	29 # 33
	30 # 45
	31 # 14
Timestep 7:
	0 # 36
	1 # 24
	2 # 31
	3 # 35
	4 # 12
	5 # 15
	6 # 20
	7 # 39
	8 # 10
	9 # 5
	10 # 34
	11 # 26
	12 # 43
	13 # 41
	14 # 25
	15 # 4
	16 # 42
	17 # 27
	18 # 47
	19 # 56
	20 # 14
	21 # 54
	22 # 57
	23 # 52
	24 # 1
	25 # 9
	26 # 8
	27 # 18
	28 # 7
	29 # 32
	30 # 44
	31 # 13
Timestep 8:
	0 # 28
	1 # 24
	2 # 38
	3 # 34
	4 # 11
	5 # 22
	6 # 12
	7 # 39
	8 # 9
	9 # 6
	10 # 40
	11 # 27
	12 # 43
	13 # 35
	14 # 18
	15 # 4
	16 # 41
	17 # 20
	18 # 48
	19 # 57
	20 # 21
	21 # 55
	22 # 49
	23 # 52
	24 # 2
	25 # 17
	26 # 1
	27 # 19
	28 # 0
	29 # 31
	30 # 44
	31 # 13
Timestep 9:
	0 # 36
	1 # 32
	2 # 45
	3 # 33
	4 # 11
	5 # 22
	6 # 4
	7 # 46
	8 # 8
	9 # 14
	10 # 48
	11 # 20
	12 # 51
	13 # 27
	14 # 10
	15 # 5
	16 # 35
	17 # 12
	18 # 47
	19 # 49
	20 # 29
	21 # 56
	22 # 41
	23 # 52
	24 # 9
	25 # 18
	26 # 1
	27 # 26
	28 # 0
	29 # 30
	30 # 37
	31 # 13
Timestep 10:
	0 # 42
	1 # 31
	2 # 53
	3 # 33
	4 # 10
	5 # 23
	6 # 5
	7 # 45
	8 # 16
	9 # 13
	10 # 49
	11 # 19
	12 # 43
	13 # 26
	14 # 3
	15 # 6
	16 # 27
	17 # 11
	18 # 55
	19 # 41
	20 # 28
	21 # 57
	22 # 35
	23 # 52
	24 # 17
	25 # 25
	26 # 2
	27 # 34
	28 # 7
	29 # 22
	30 # 38
	31 # 12
Timestep 11:
	0 # 50
	1 # 38
	2 # 54
	3 # 32
	4 # 3
	5 # 22
	6 # 6
	7 # 44
	8 # 23
	9 # 12
	10 # 57
	11 # 26
	12 # 42
	13 # 25
	14 # 2
	15 # 14
	16 # 20
	17 # 10
	18 # 56
	19 # 41
	20 # 36
	21 # 58
	22 # 27
	23 # 53
	24 # 18
	25 # 24
	26 # 1
	27 # 40
	28 # 8
	29 # 15
	30 # 39
	31 # 11
Timestep 12:
	0 # 51
	1 # 45
	2 # 55
	3 # 39
	4 # 3
	5 # 30
	6 # 6
	7 # 52
	8 # 31
	9 # 11
	10 # 49
	11 # 26
	12 # 41
	13 # 24
	14 # 2
	15 # 21
	16 # 12
	17 # 9
	18 # 57
	19 # 40
	20 # 42
	21 # 50
	22 # 20
	23 # 54
	24 # 25
	25 # 23
	26 # 8
	27 # 48
	28 # 16
	29 # 7
	30 # 46
	31 # 10
Timestep 13:
	0 # 50
	1 # 45
	2 # 55
	3 # 46
	4 # 10
	5 # 37
	6 # 5
	7 # 53
	8 # 38
	9 # 11
	10 # 48
	11 # 25
	12 # 40
	13 # 24
	14 # 1
	15 # 14
	16 # 4
	17 # 2
	18 # 49
	19 # 34
	20 # 43
	21 # 42
	22 # 12
	23 # 54
	24 # 33
	25 # 31
	26 # 7
	27 # 56
	28 # 15
	29 # 0
	30 # 47
	31 # 9

