Solution makespan:10
Timestep 0:
	0 # 53
	1 # 47
	2 # 46
	3 # 18
	4 # 35
	5 # 54
	6 # 28
	7 # 31
	8 # 1
	9 # 39
	10 # 36
	11 # 11
	12 # 23
	13 # 14
	14 # 12
	15 # 17
	16 # 27
	17 # 25
	18 # 48
	19 # 34
Timestep 1:
	0 # 46
	1 # 48
	2 # 38
	3 # 18
	4 # 36
	5 # 54
	6 # 29
	7 # 23
	8 # 2
	9 # 39
	10 # 44
	11 # 11
	12 # 15
	13 # 22
	14 # 12
	15 # 17
	16 # 33
	17 # 32
	18 # 55
	19 # 28
Timestep 2:
	0 # 47
	1 # 49
	2 # 38
	3 # 10
	4 # 36
	5 # 54
	6 # 35
	7 # 24
	8 # 9
	9 # 39
	10 # 51
	11 # 19
	12 # 23
	13 # 30
	14 # 20
	15 # 16
	16 # 27
	17 # 25
	18 # 48
	19 # 29
Timestep 3:
	0 # 39
	1 # 41
	2 # 38
	3 # 3
	4 # 44
	5 # 47
	6 # 43
	7 # 16
	8 # 17
	9 # 40
	10 # 58
	11 # 11
	12 # 31
	13 # 22
	14 # 28
	15 # 8
	16 # 19
	17 # 26
	18 # 48
	19 # 35
Timestep 4:
	0 # 32
	1 # 42
	2 # 37
	3 # 2
	4 # 44
	5 # 39
	6 # 43
	7 # 17
	8 # 25
	9 # 40
	10 # 51
	11 # 10
	12 # 31
	13 # 14
	14 # 34
	15 # 8
	16 # 11
	17 # 18
	18 # 49
	19 # 35
Timestep 5:
	0 # 25
	1 # 43
	2 # 38
	3 # 2
	4 # 36
	5 # 32
	6 # 35
	7 # 17
	8 # 26
	9 # 48
	10 # 50
	11 # 3
	12 # 31
	13 # 22
	14 # 33
	15 # 8
	16 # 19
	17 # 10
	18 # 41
	19 # 29
Timestep 6:
	0 # 17
	1 # 50
	2 # 39
	3 # 1
	4 # 44
	5 # 25
	6 # 29
	7 # 18
	8 # 27
	9 # 47
	10 # 51
	11 # 2
	12 # 37
	13 # 22
	14 # 41
	15 # 16
	16 # 19
	17 # 9
	18 # 42
	19 # 28
Timestep 7:
	0 # 9
	1 # 57
	2 # 39
	3 # 0
	4 # 43
	5 # 26
	6 # 21
	7 # 10
	8 # 33
	9 # 46
	10 # 44
	11 # 3
	12 # 38
	13 # 14
	14 # 40
	15 # 17
	16 # 11
	17 # 8
	18 # 34
	19 # 20
Timestep 8:
	0 # 2
	1 # 58
	2 # 47
	3 # 1
	4 # 50
	5 # 18
	6 # 13
	7 # 9
	8 # 41
	9 # 46
	10 # 43
	11 # 10
	12 # 39
	13 # 6
	14 # 40
	15 # 25
	16 # 19
	17 # 7
	18 # 42
	19 # 12
Timestep 9:
	0 # 2
	1 # 51
	2 # 48
	3 # 8
	4 # 57
	5 # 19
	6 # 5
	7 # 17
	8 # 49
	9 # 38
	10 # 35
	11 # 11
	12 # 47
	13 # 14
	14 # 40
	15 # 24
	16 # 20
	17 # 0
	18 # 43
	19 # 4
Timestep 10:
	0 # 3
	1 # 58
	2 # 48
	3 # 8
	4 # 57
	5 # 20
	6 # 5
	7 # 17
	8 # 56
	9 # 37
	10 # 35
	11 # 10
	12 # 46
	13 # 13
	14 # 39
	15 # 23
	16 # 21
	17 # 7
	18 # 44
	19 # 4

