Solution makespan:11
Timestep 0:
	0 # 3
	1 # 56
	2 # 29
	3 # 51
	4 # 14
	5 # 16
	6 # 22
	7 # 35
	8 # 23
	9 # 31
	10 # 10
	11 # 19
	12 # 4
	13 # 2
	14 # 17
	15 # 20
	16 # 7
	17 # 30
	18 # 57
	19 # 44
	20 # 40
	21 # 5
	22 # 46
	23 # 12
Timestep 1:
	0 # 10
	1 # 57
	2 # 37
	3 # 50
	4 # 14
	5 # 8
	6 # 30
	7 # 43
	8 # 16
	9 # 39
	10 # 11
	11 # 26
	12 # 4
	13 # 2
	14 # 24
	15 # 19
	16 # 15
	17 # 29
	18 # 58
	19 # 36
	20 # 48
	21 # 13
	22 # 47
	23 # 20
Timestep 2:
	0 # 10
	1 # 50
	2 # 45
	3 # 49
	4 # 21
	5 # 16
	6 # 38
	7 # 51
	8 # 17
	9 # 47
	10 # 11
	11 # 25
	12 # 4
	13 # 1
	14 # 32
	15 # 26
	16 # 15
	17 # 29
	18 # 59
	19 # 28
	20 # 55
	21 # 12
	22 # 54
	23 # 27
Timestep 3:
	0 # 10
	1 # 42
	2 # 46
	3 # 49
	4 # 22
	5 # 8
	6 # 39
	7 # 43
	8 # 18
	9 # 48
	10 # 12
	11 # 26
	12 # 4
	13 # 7
	14 # 40
	15 # 34
	16 # 16
	17 # 21
	18 # 59
	19 # 27
	20 # 55
	21 # 20
	22 # 53
	23 # 35
Timestep 4:
	0 # 18
	1 # 42
	2 # 47
	3 # 50
	4 # 23
	5 # 2
	6 # 31
	7 # 51
	8 # 19
	9 # 49
	10 # 13
	11 # 27
	12 # 5
	13 # 15
	14 # 39
	15 # 33
	16 # 8
	17 # 29
	18 # 52
	19 # 20
	20 # 54
	21 # 12
	22 # 46
	23 # 43
Timestep 5:
	0 # 10
	1 # 34
	2 # 54
	3 # 51
	4 # 31
	5 # 8
	6 # 30
	7 # 58
	8 # 26
	9 # 56
	10 # 5
	11 # 35
	12 # 4
	13 # 22
	14 # 38
	15 # 32
	16 # 7
	17 # 37
	18 # 44
	19 # 12
	20 # 53
	21 # 11
	22 # 46
	23 # 42
Timestep 6:
	0 # 18
	1 # 26
	2 # 47
	3 # 51
	4 # 39
	5 # 7
	6 # 22
	7 # 58
	8 # 27
	9 # 57
	10 # 13
	11 # 43
	12 # 12
	13 # 23
	14 # 37
	15 # 32
	16 # 6
	17 # 45
	18 # 36
	19 # 11
	20 # 54
	21 # 10
	22 # 38
	23 # 41
Timestep 7:
	0 # 17
	1 # 27
	2 # 54
	3 # 50
	4 # 40
	5 # 15
	6 # 30
	7 # 59
	8 # 35
	9 # 56
	10 # 13
	11 # 51
	12 # 11
	13 # 31
	14 # 29
	15 # 32
	16 # 14
	17 # 46
	18 # 28
	19 # 10
	20 # 53
	21 # 9
	22 # 37
	23 # 49
Timestep 8:
	0 # 17
	1 # 20
	2 # 54
	3 # 50
	4 # 41
	5 # 22
	6 # 30
	7 # 52
	8 # 43
	9 # 49
	10 # 12
	11 # 51
	12 # 10
	13 # 39
	14 # 21
	15 # 24
	16 # 15
	17 # 38
	18 # 27
	19 # 9
	20 # 53
	21 # 8
	22 # 29
	23 # 48
Timestep 9:
	0 # 9
	1 # 12
	2 # 53
	3 # 49
	4 # 42
	5 # 30
	6 # 29
	7 # 44
	8 # 51
	9 # 41
	10 # 11
	11 # 50
	12 # 18
	13 # 47
	14 # 14
	15 # 23
	16 # 16
	17 # 39
	18 # 26
	19 # 8
	20 # 46
	21 # 7
	22 # 21
	23 # 48
Timestep 10:
	0 # 8
	1 # 4
	2 # 46
	3 # 41
	4 # 43
	5 # 31
	6 # 37
	7 # 36
	8 # 50
	9 # 33
	10 # 12
	11 # 49
	12 # 25
	13 # 54
	14 # 6
	15 # 16
	16 # 17
	17 # 40
	18 # 19
	19 # 2
	20 # 45
	21 # 15
	22 # 14
	23 # 47
Timestep 11:
	0 # 2
	1 # 5
	2 # 38
	3 # 33
	4 # 51
	5 # 32
	6 # 29
	7 # 35
	8 # 57
	9 # 34
	10 # 4
	11 # 49
	12 # 24
	13 # 55
	14 # 7
	15 # 8
	16 # 9
	17 # 41
	18 # 20
	19 # 1
	20 # 45
	21 # 22
	22 # 6
	23 # 47

