Solution makespan:9
Timestep 0:
	0 # 14
	1 # 6
	2 # 36
	3 # 51
	4 # 46
	5 # 27
	6 # 28
	7 # 57
	8 # 21
	9 # 49
	10 # 31
	11 # 11
	12 # 43
	13 # 55
	14 # 9
	15 # 38
Timestep 1:
	0 # 15
	1 # 7
	2 # 28
	3 # 59
	4 # 41
	5 # 35
	6 # 21
	7 # 56
	8 # 13
	9 # 50
	10 # 39
	11 # 12
	12 # 43
	13 # 47
	14 # 10
	15 # 45
Timestep 2:
	0 # 22
	1 # 15
	2 # 27
	3 # 51
	4 # 33
	5 # 43
	6 # 21
	7 # 55
	8 # 5
	9 # 49
	10 # 40
	11 # 20
	12 # 42
	13 # 48
	14 # 18
	15 # 44
Timestep 3:
	0 # 30
	1 # 22
	2 # 26
	3 # 45
	4 # 25
	5 # 43
	6 # 20
	7 # 54
	8 # 4
	9 # 48
	10 # 39
	11 # 19
	12 # 42
	13 # 56
	14 # 17
	15 # 44
Timestep 4:
	0 # 29
	1 # 15
	2 # 19
	3 # 38
	4 # 25
	5 # 48
	6 # 27
	7 # 54
	8 # 5
	9 # 47
	10 # 40
	11 # 11
	12 # 42
	13 # 56
	14 # 16
	15 # 50
Timestep 5:
	0 # 37
	1 # 7
	2 # 18
	3 # 30
	4 # 33
	5 # 49
	6 # 35
	7 # 55
	8 # 4
	9 # 47
	10 # 41
	11 # 12
	12 # 34
	13 # 56
	14 # 16
	15 # 58
Timestep 6:
	0 # 44
	1 # 6
	2 # 17
	3 # 30
	4 # 41
	5 # 50
	6 # 43
	7 # 47
	8 # 3
	9 # 42
	10 # 40
	11 # 4
	12 # 35
	13 # 57
	14 # 8
	15 # 59
Timestep 7:
	0 # 50
	1 # 14
	2 # 9
	3 # 22
	4 # 46
	5 # 51
	6 # 48
	7 # 47
	8 # 2
	9 # 42
	10 # 41
	11 # 5
	12 # 36
	13 # 49
	14 # 0
	15 # 58
Timestep 8:
	0 # 49
	1 # 14
	2 # 8
	3 # 15
	4 # 54
	5 # 45
	6 # 56
	7 # 42
	8 # 10
	9 # 34
	10 # 33
	11 # 6
	12 # 37
	13 # 48
	14 # 1
	15 # 50
Timestep 9:
	0 # 50
	1 # 13
	2 # 0
	3 # 15
	4 # 53
	5 # 45
	6 # 57
	7 # 34
	8 # 18
	9 # 35
	10 # 32
	11 # 6
	12 # 37
	13 # 47
	14 # 1
	15 # 44

