Solution makespan:10
Timestep 0:
	0 # 57
	1 # 15
	2 # 9
	3 # 21
	4 # 5
	5 # 43
	6 # 2
	7 # 55
	8 # 11
	9 # 52
	10 # 29
	11 # 4
	12 # 38
	13 # 30
	14 # 12
	15 # 56
	16 # 10
	17 # 50
	18 # 16
	19 # 54
Timestep 1:
	0 # 50
	1 # 23
	2 # 8
	3 # 22
	4 # 5
	5 # 44
	6 # 2
	7 # 55
	8 # 3
	9 # 45
	10 # 21
	11 # 12
	12 # 32
	13 # 29
	14 # 19
	15 # 49
	16 # 17
	17 # 42
	18 # 16
	19 # 47
Timestep 2:
	0 # 42
	1 # 31
	2 # 15
	3 # 21
	4 # 13
	5 # 51
	6 # 1
	7 # 56
	8 # 11
	9 # 45
	10 # 20
	11 # 19
	12 # 32
	13 # 28
	14 # 18
	15 # 49
	16 # 16
	17 # 41
	18 # 24
	19 # 47
Timestep 3:
	0 # 42
	1 # 32
	2 # 23
	3 # 22
	4 # 12
	5 # 52
	6 # 0
	7 # 49
	8 # 10
	9 # 39
	10 # 13
	11 # 20
	12 # 33
	13 # 27
	14 # 18
	15 # 41
	16 # 15
	17 # 40
	18 # 25
	19 # 54
Timestep 4:
	0 # 36
	1 # 32
	2 # 31
	3 # 14
	4 # 13
	5 # 53
	6 # 8
	7 # 41
	8 # 17
	9 # 33
	10 # 5
	11 # 28
	12 # 25
	13 # 27
	14 # 18
	15 # 35
	16 # 23
	17 # 48
	18 # 26
	19 # 55
Timestep 5:
	0 # 30
	1 # 33
	2 # 37
	3 # 14
	4 # 5
	5 # 54
	6 # 15
	7 # 42
	8 # 16
	9 # 25
	10 # 4
	11 # 28
	12 # 17
	13 # 19
	14 # 11
	15 # 29
	16 # 24
	17 # 47
	18 # 27
	19 # 55
Timestep 6:
	0 # 22
	1 # 25
	2 # 38
	3 # 7
	4 # 6
	5 # 47
	6 # 23
	7 # 42
	8 # 24
	9 # 26
	10 # 4
	11 # 29
	12 # 10
	13 # 19
	14 # 12
	15 # 21
	16 # 32
	17 # 46
	18 # 27
	19 # 54
Timestep 7:
	0 # 21
	1 # 17
	2 # 44
	3 # 14
	4 # 5
	5 # 48
	6 # 15
	7 # 50
	8 # 32
	9 # 27
	10 # 3
	11 # 35
	12 # 9
	13 # 18
	14 # 11
	15 # 20
	16 # 33
	17 # 45
	18 # 28
	19 # 55
Timestep 8:
	0 # 20
	1 # 10
	2 # 51
	3 # 7
	4 # 4
	5 # 49
	6 # 15
	7 # 57
	8 # 38
	9 # 28
	10 # 2
	11 # 41
	12 # 9
	13 # 17
	14 # 18
	15 # 13
	16 # 25
	17 # 44
	18 # 29
	19 # 55
Timestep 9:
	0 # 19
	1 # 11
	2 # 52
	3 # 14
	4 # 4
	5 # 48
	6 # 23
	7 # 50
	8 # 44
	9 # 20
	10 # 1
	11 # 49
	12 # 10
	13 # 16
	14 # 26
	15 # 12
	16 # 17
	17 # 43
	18 # 29
	19 # 56
Timestep 10:
	0 # 12
	1 # 18
	2 # 45
	3 # 14
	4 # 3
	5 # 48
	6 # 24
	7 # 42
	8 # 51
	9 # 13
	10 # 9
	11 # 56
	12 # 2
	13 # 15
	14 # 25
	15 # 11
	16 # 10
	17 # 37
	18 # 35
	19 # 57

