Solution makespan:13
Timestep 0:
	0 # 30
	1 # 34
	2 # 0
	3 # 28
	4 # 48
	5 # 43
	6 # 47
	7 # 53
	8 # 22
	9 # 11
	10 # 39
	11 # 57
	12 # 32
	13 # 37
	14 # 35
	15 # 25
Timestep 1:
	0 # 30
	1 # 40
	2 # 8
	3 # 20
	4 # 55
	5 # 44
	6 # 48
	7 # 54
	8 # 22
	9 # 11
	10 # 46
	11 # 57
	12 # 31
	13 # 37
	14 # 34
	15 # 26
Timestep 2:
	0 # 22
	1 # 34
	2 # 15
	3 # 19
	4 # 55
	5 # 50
	6 # 49
	7 # 54
	8 # 21
	9 # 10
	10 # 51
	11 # 57
	12 # 31
	13 # 37
	14 # 33
	15 # 27
Timestep 3:
	0 # 21
	1 # 26
	2 # 23
	3 # 12
	4 # 54
	5 # 49
	6 # 56
	7 # 53
	8 # 20
	9 # 9
	10 # 52
	11 # 50
	12 # 32
	13 # 44
	14 # 25
	15 # 19
Timestep 4:
	0 # 14
	1 # 18
	2 # 24
	3 # 11
	4 # 47
	5 # 48
	6 # 55
	7 # 53
	8 # 19
	9 # 9
	10 # 51
	11 # 44
	12 # 39
	13 # 43
	14 # 17
	15 # 12
Timestep 5:
	0 # 6
	1 # 17
	2 # 25
	3 # 3
	4 # 41
	5 # 42
	6 # 54
	7 # 53
	8 # 18
	9 # 9
	10 # 46
	11 # 37
	12 # 32
	13 # 43
	14 # 10
	15 # 4
Timestep 6:
	0 # 7
	1 # 18
	2 # 33
	3 # 2
	4 # 35
	5 # 36
	6 # 47
	7 # 54
	8 # 26
	9 # 1
	10 # 39
	11 # 44
	12 # 32
	13 # 42
	14 # 10
	15 # 12
Timestep 7:
	0 # 6
	1 # 11
	2 # 34
	3 # 1
	4 # 27
	5 # 28
	6 # 41
	7 # 55
	8 # 25
	9 # 0
	10 # 32
	11 # 43
	12 # 24
	13 # 36
	14 # 17
	15 # 13
Timestep 8:
	0 # 5
	1 # 3
	2 # 40
	3 # 2
	4 # 19
	5 # 20
	6 # 35
	7 # 56
	8 # 33
	9 # 1
	10 # 24
	11 # 49
	12 # 16
	13 # 36
	14 # 10
	15 # 14
Timestep 9:
	0 # 5
	1 # 4
	2 # 41
	3 # 2
	4 # 12
	5 # 13
	6 # 27
	7 # 57
	8 # 32
	9 # 0
	10 # 24
	11 # 56
	12 # 17
	13 # 35
	14 # 9
	15 # 6
Timestep 10:
	0 # 5
	1 # 12
	2 # 42
	3 # 10
	4 # 19
	5 # 20
	6 # 35
	7 # 50
	8 # 39
	9 # 0
	10 # 24
	11 # 57
	12 # 25
	13 # 34
	14 # 1
	15 # 14
Timestep 11:
	0 # 5
	1 # 19
	2 # 43
	3 # 9
	4 # 18
	5 # 28
	6 # 41
	7 # 49
	8 # 46
	9 # 8
	10 # 16
	11 # 56
	12 # 17
	13 # 34
	14 # 2
	15 # 14
Timestep 12:
	0 # 13
	1 # 20
	2 # 49
	3 # 8
	4 # 26
	5 # 27
	6 # 47
	7 # 48
	8 # 51
	9 # 15
	10 # 9
	11 # 56
	12 # 18
	13 # 33
	14 # 10
	15 # 6
Timestep 13:
	0 # 5
	1 # 20
	2 # 50
	3 # 15
	4 # 34
	5 # 28
	6 # 54
	7 # 42
	8 # 52
	9 # 16
	10 # 1
	11 # 57
	12 # 19
	13 # 25
	14 # 9
	15 # 7

