Solution makespan:9
Timestep 0:
	0 # 52
	1 # 0
	2 # 23
	3 # 56
	4 # 38
	5 # 7
	6 # 31
	7 # 51
	8 # 24
	9 # 54
	10 # 44
	11 # 49
	12 # 16
	13 # 11
	14 # 37
	15 # 46
	16 # 34
	17 # 13
	18 # 26
	19 # 36
	20 # 8
	21 # 6
	22 # 21
	23 # 47
Timestep 1:
	0 # 51
	1 # 1
	2 # 15
	3 # 56
	4 # 39
	5 # 14
	6 # 32
	7 # 43
	8 # 16
	9 # 55
	10 # 44
	11 # 41
	12 # 17
	13 # 4
	14 # 45
	15 # 46
	16 # 26
	17 # 13
	18 # 25
	19 # 28
	20 # 9
	21 # 6
	22 # 21
	23 # 48
Timestep 2:
	0 # 50
	1 # 2
	2 # 23
	3 # 55
	4 # 39
	5 # 22
	6 # 33
	7 # 36
	8 # 8
	9 # 48
	10 # 43
	11 # 49
	12 # 18
	13 # 11
	14 # 44
	15 # 38
	16 # 27
	17 # 6
	18 # 24
	19 # 20
	20 # 17
	21 # 5
	22 # 13
	23 # 40
Timestep 3:
	0 # 49
	1 # 3
	2 # 15
	3 # 56
	4 # 40
	5 # 30
	6 # 32
	7 # 35
	8 # 1
	9 # 47
	10 # 36
	11 # 48
	12 # 26
	13 # 19
	14 # 43
	15 # 31
	16 # 28
	17 # 7
	18 # 24
	19 # 20
	20 # 18
	21 # 6
	22 # 12
	23 # 41
Timestep 4:
	0 # 48
	1 # 4
	2 # 15
	3 # 55
	4 # 41
	5 # 29
	6 # 31
	7 # 34
	8 # 2
	9 # 54
	10 # 28
	11 # 47
	12 # 18
	13 # 27
	14 # 51
	15 # 23
	16 # 20
	17 # 6
	18 # 16
	19 # 19
	20 # 10
	21 # 13
	22 # 11
	23 # 42
Timestep 5:
	0 # 49
	1 # 11
	2 # 23
	3 # 48
	4 # 42
	5 # 28
	6 # 38
	7 # 26
	8 # 3
	9 # 47
	10 # 20
	11 # 39
	12 # 17
	13 # 35
	14 # 50
	15 # 24
	16 # 21
	17 # 5
	18 # 16
	19 # 27
	20 # 9
	21 # 6
	22 # 12
	23 # 43
Timestep 6:
	0 # 48
	1 # 10
	2 # 31
	3 # 40
	4 # 43
	5 # 36
	6 # 46
	7 # 18
	8 # 4
	9 # 39
	10 # 19
	11 # 32
	12 # 25
	13 # 34
	14 # 49
	15 # 16
	16 # 29
	17 # 12
	18 # 15
	19 # 35
	20 # 8
	21 # 13
	22 # 11
	23 # 51
Timestep 7:
	0 # 48
	1 # 3
	2 # 38
	3 # 41
	4 # 44
	5 # 43
	6 # 47
	7 # 17
	8 # 5
	9 # 40
	10 # 27
	11 # 31
	12 # 26
	13 # 33
	14 # 56
	15 # 8
	16 # 30
	17 # 11
	18 # 15
	19 # 35
	20 # 1
	21 # 21
	22 # 4
	23 # 52
Timestep 8:
	0 # 47
	1 # 2
	2 # 39
	3 # 42
	4 # 45
	5 # 51
	6 # 46
	7 # 25
	8 # 6
	9 # 40
	10 # 19
	11 # 23
	12 # 27
	13 # 32
	14 # 55
	15 # 9
	16 # 37
	17 # 10
	18 # 16
	19 # 34
	20 # 0
	21 # 20
	22 # 5
	23 # 52
Timestep 9:
	0 # 46
	1 # 1
	2 # 39
	3 # 43
	4 # 53
	5 # 50
	6 # 38
	7 # 33
	8 # 7
	9 # 40
	10 # 27
	11 # 15
	12 # 35
	13 # 31
	14 # 54
	15 # 2
	16 # 45
	17 # 3
	18 # 8
	19 # 34
	20 # 0
	21 # 20
	22 # 4
	23 # 57

