Solution makespan:11
Timestep 0:
	0 # 17
	1 # 22
	2 # 35
	3 # 27
	4 # 5
	5 # 39
	6 # 34
	7 # 59
	8 # 47
	9 # 11
	10 # 28
	11 # 6
	12 # 30
	13 # 38
	14 # 20
	15 # 7
	16 # 13
	17 # 37
	18 # 45
	19 # 41
	20 # 58
	21 # 51
	22 # 44
	23 # 52
Timestep 1:
	0 # 25
	1 # 14
	2 # 43
	3 # 28
	4 # 4
	5 # 40
	6 # 26
	7 # 59
	8 # 41
	9 # 19
	10 # 20
	11 # 5
	12 # 22
	13 # 31
	14 # 12
	15 # 7
	16 # 21
	17 # 36
	18 # 37
	19 # 42
	20 # 57
	21 # 45
	22 # 50
	23 # 51
Timestep 2:
	0 # 24
	1 # 6
	2 # 42
	3 # 35
	4 # 12
	5 # 41
	6 # 18
	7 # 51
	8 # 34
	9 # 27
	10 # 19
	11 # 13
	12 # 14
	13 # 23
	14 # 11
	15 # 15
	16 # 22
	17 # 36
	18 # 38
	19 # 48
	20 # 56
	21 # 37
	22 # 58
	23 # 50
Timestep 3:
	0 # 24
	1 # 5
	2 # 42
	3 # 43
	4 # 11
	5 # 34
	6 # 10
	7 # 45
	8 # 26
	9 # 28
	10 # 18
	11 # 12
	12 # 6
	13 # 22
	14 # 3
	15 # 15
	16 # 14
	17 # 44
	18 # 37
	19 # 47
	20 # 55
	21 # 30
	22 # 58
	23 # 49
Timestep 4:
	0 # 25
	1 # 5
	2 # 41
	3 # 49
	4 # 19
	5 # 26
	6 # 11
	7 # 37
	8 # 18
	9 # 35
	10 # 17
	11 # 20
	12 # 6
	13 # 30
	14 # 4
	15 # 23
	16 # 14
	17 # 45
	18 # 36
	19 # 46
	20 # 47
	21 # 31
	22 # 57
	23 # 48
Timestep 5:
	0 # 33
	1 # 4
	2 # 34
	3 # 57
	4 # 20
	5 # 18
	6 # 12
	7 # 38
	8 # 17
	9 # 43
	10 # 9
	11 # 28
	12 # 7
	13 # 30
	14 # 3
	15 # 22
	16 # 6
	17 # 51
	18 # 44
	19 # 40
	20 # 41
	21 # 23
	22 # 56
	23 # 47
Timestep 6:
	0 # 40
	1 # 4
	2 # 26
	3 # 58
	4 # 28
	5 # 10
	6 # 13
	7 # 38
	8 # 9
	9 # 49
	10 # 1
	11 # 35
	12 # 7
	13 # 37
	14 # 3
	15 # 30
	16 # 5
	17 # 59
	18 # 50
	19 # 39
	20 # 34
	21 # 23
	22 # 56
	23 # 41
Timestep 7:
	0 # 41
	1 # 4
	2 # 18
	3 # 59
	4 # 35
	5 # 2
	6 # 14
	7 # 31
	8 # 1
	9 # 50
	10 # 0
	11 # 43
	12 # 6
	13 # 45
	14 # 11
	15 # 29
	16 # 13
	17 # 60
	18 # 44
	19 # 39
	20 # 26
	21 # 22
	22 # 57
	23 # 34
Timestep 8:
	0 # 42
	1 # 5
	2 # 19
	3 # 51
	4 # 35
	5 # 3
	6 # 15
	7 # 30
	8 # 2
	9 # 50
	10 # 0
	11 # 49
	12 # 14
	13 # 44
	14 # 12
	15 # 28
	16 # 21
	17 # 59
	18 # 36
	19 # 40
	20 # 25
	21 # 22
	22 # 58
	23 # 26
Timestep 9:
	0 # 42
	1 # 6
	2 # 19
	3 # 45
	4 # 43
	5 # 11
	6 # 23
	7 # 22
	8 # 3
	9 # 44
	10 # 1
	11 # 57
	12 # 13
	13 # 36
	14 # 20
	15 # 27
	16 # 29
	17 # 58
	18 # 35
	19 # 41
	20 # 17
	21 # 14
	22 # 50
	23 # 18
Timestep 10:
	0 # 43
	1 # 7
	2 # 27
	3 # 44
	4 # 49
	5 # 12
	6 # 31
	7 # 14
	8 # 11
	9 # 36
	10 # 1
	11 # 58
	12 # 5
	13 # 37
	14 # 21
	15 # 26
	16 # 30
	17 # 50
	18 # 28
	19 # 41
	20 # 18
	21 # 15
	22 # 51
	23 # 10
Timestep 11:
	0 # 43
	1 # 15
	2 # 28
	3 # 44
	4 # 57
	5 # 20
	6 # 38
	7 # 13
	8 # 12
	9 # 36
	10 # 1
	11 # 58
	12 # 6
	13 # 45
	14 # 22
	15 # 34
	16 # 37
	17 # 49
	18 # 35
	19 # 42
	20 # 18
	21 # 23
	22 # 51
	23 # 2

