Solution makespan:11
Timestep 0:
	0 # 58
	1 # 48
	2 # 16
	3 # 20
	4 # 35
	5 # 32
	6 # 26
	7 # 3
	8 # 40
	9 # 59
	10 # 15
	11 # 57
Timestep 1:
	0 # 57
	1 # 56
	2 # 16
	3 # 20
	4 # 35
	5 # 32
	6 # 27
	7 # 11
	8 # 39
	9 # 51
	10 # 14
	11 # 49
Timestep 2:
	0 # 49
	1 # 57
	2 # 8
	3 # 13
	4 # 28
	5 # 32
	6 # 26
	7 # 10
	8 # 38
	9 # 59
	10 # 14
	11 # 41
Timestep 3:
	0 # 50
	1 # 57
	2 # 7
	3 # 13
	4 # 35
	5 # 39
	6 # 26
	7 # 9
	8 # 31
	9 # 58
	10 # 21
	11 # 49
Timestep 4:
	0 # 51
	1 # 56
	2 # 7
	3 # 20
	4 # 43
	5 # 40
	6 # 25
	7 # 8
	8 # 30
	9 # 57
	10 # 29
	11 # 48
Timestep 5:
	0 # 51
	1 # 48
	2 # 8
	3 # 20
	4 # 43
	5 # 41
	6 # 24
	7 # 16
	8 # 22
	9 # 49
	10 # 30
	11 # 47
Timestep 6:
	0 # 50
	1 # 48
	2 # 9
	3 # 28
	4 # 42
	5 # 41
	6 # 32
	7 # 15
	8 # 21
	9 # 57
	10 # 22
	11 # 39
Timestep 7:
	0 # 58
	1 # 40
	2 # 10
	3 # 35
	4 # 41
	5 # 33
	6 # 31
	7 # 22
	8 # 14
	9 # 49
	10 # 23
	11 # 39
Timestep 8:
	0 # 58
	1 # 48
	2 # 11
	3 # 43
	4 # 40
	5 # 41
	6 # 38
	7 # 30
	8 # 6
	9 # 50
	10 # 24
	11 # 32
Timestep 9:
	0 # 57
	1 # 49
	2 # 12
	3 # 43
	4 # 40
	5 # 42
	6 # 46
	7 # 37
	8 # 0
	9 # 50
	10 # 25
	11 # 31
Timestep 10:
	0 # 56
	1 # 41
	2 # 19
	3 # 43
	4 # 39
	5 # 34
	6 # 47
	7 # 45
	8 # 1
	9 # 51
	10 # 26
	11 # 23
Timestep 11:
	0 # 55
	1 # 41
	2 # 27
	3 # 51
	4 # 39
	5 # 33
	6 # 46
	7 # 53
	8 # 2
	9 # 59
	10 # 18
	11 # 23

