Solution makespan:12
Timestep 0:
	0 # 8
	1 # 23
	2 # 6
	3 # 26
	4 # 18
	5 # 31
	6 # 10
	7 # 53
	8 # 14
	9 # 0
	10 # 34
	11 # 29
Timestep 1:
	0 # 9
	1 # 24
	2 # 13
	3 # 25
	4 # 18
	5 # 32
	6 # 2
	7 # 46
	8 # 14
	9 # 8
	10 # 34
	11 # 36
Timestep 2:
	0 # 15
	1 # 16
	2 # 19
	3 # 17
	4 # 26
	5 # 25
	6 # 1
	7 # 38
	8 # 14
	9 # 9
	10 # 41
	11 # 43
Timestep 3:
	0 # 22
	1 # 24
	2 # 27
	3 # 11
	4 # 33
	5 # 17
	6 # 0
	7 # 31
	8 # 13
	9 # 9
	10 # 34
	11 # 44
Timestep 4:
	0 # 23
	1 # 25
	2 # 34
	3 # 4
	4 # 40
	5 # 11
	6 # 8
	7 # 24
	8 # 12
	9 # 15
	10 # 35
	11 # 45
Timestep 5:
	0 # 24
	1 # 26
	2 # 41
	3 # 3
	4 # 40
	5 # 12
	6 # 9
	7 # 16
	8 # 13
	9 # 22
	10 # 28
	11 # 46
Timestep 6:
	0 # 31
	1 # 18
	2 # 49
	3 # 2
	4 # 41
	5 # 13
	6 # 8
	7 # 16
	8 # 19
	9 # 23
	10 # 20
	11 # 47
Timestep 7:
	0 # 32
	1 # 26
	2 # 48
	3 # 1
	4 # 49
	5 # 19
	6 # 8
	7 # 16
	8 # 27
	9 # 23
	10 # 28
	11 # 39
Timestep 8:
	0 # 32
	1 # 33
	2 # 47
	3 # 9
	4 # 48
	5 # 19
	6 # 0
	7 # 17
	8 # 34
	9 # 24
	10 # 27
	11 # 40
Timestep 9:
	0 # 39
	1 # 40
	2 # 46
	3 # 1
	4 # 47
	5 # 19
	6 # 0
	7 # 11
	8 # 34
	9 # 16
	10 # 27
	11 # 41
Timestep 10:
	0 # 40
	1 # 48
	2 # 45
	3 # 9
	4 # 47
	5 # 13
	6 # 0
	7 # 4
	8 # 41
	9 # 17
	10 # 26
	11 # 42
Timestep 11:
	0 # 41
	1 # 55
	2 # 44
	3 # 9
	4 # 46
	5 # 12
	6 # 8
	7 # 11
	8 # 49
	9 # 18
	10 # 25
	11 # 42
Timestep 12:
	0 # 49
	1 # 56
	2 # 51
	3 # 1
	4 # 46
	5 # 18
	6 # 8
	7 # 17
	8 # 48
	9 # 19
	10 # 26
	11 # 42

