Solution makespan:6
Timestep 0:
	0 # 0
	1 # 9
	2 # 3
	3 # 6
	4 # 1
	5 # 7
	6 # 5
	7 # 13
Timestep 1:
	0 # 3
	1 # 13
	2 # 4
	3 # 6
	4 # 1
	5 # 11
	6 # 5
	7 # 14
Timestep 2:
	0 # 7
	1 # 9
	2 # 8
	3 # 10
	4 # 5
	5 # 12
	6 # 4
	7 # 14
Timestep 3:
	0 # 11
	1 # 8
	2 # 7
	3 # 6
	4 # 9
	5 # 13
	6 # 4
	7 # 10
Timestep 4:
	0 # 12
	1 # 4
	2 # 11
	3 # 6
	4 # 8
	5 # 9
	6 # 5
	7 # 10
Timestep 5:
	0 # 13
	1 # 3
	2 # 12
	3 # 10
	4 # 7
	5 # 5
	6 # 4
	7 # 9
Timestep 6:
	0 # 13
	1 # 0
	2 # 12
	3 # 9
	4 # 11
	5 # 1
	6 # 3
	7 # 8

