Solution makespan:11
Timestep 0:
	0 # 11
	1 # 39
	2 # 57
	3 # 9
	4 # 31
	5 # 42
	6 # 1
	7 # 52
	8 # 49
	9 # 16
	10 # 54
	11 # 46
	12 # 18
	13 # 36
	14 # 13
	15 # 27
	16 # 6
	17 # 53
	18 # 3
	19 # 59
	20 # 14
	21 # 8
	22 # 2
	23 # 40
	24 # 5
	25 # 43
	26 # 41
	27 # 24
	28 # 55
	29 # 51
	30 # 7
	31 # 12
Timestep 1:
	0 # 10
	1 # 38
	2 # 49
	3 # 8
	4 # 32
	5 # 42
	6 # 9
	7 # 53
	8 # 41
	9 # 24
	10 # 55
	11 # 47
	12 # 19
	13 # 36
	14 # 20
	15 # 27
	16 # 14
	17 # 45
	18 # 4
	19 # 51
	20 # 21
	21 # 7
	22 # 2
	23 # 39
	24 # 13
	25 # 43
	26 # 40
	27 # 30
	28 # 56
	29 # 50
	30 # 15
	31 # 11
Timestep 2:
	0 # 2
	1 # 37
	2 # 41
	3 # 7
	4 # 33
	5 # 43
	6 # 1
	7 # 54
	8 # 40
	9 # 23
	10 # 56
	11 # 48
	12 # 12
	13 # 44
	14 # 26
	15 # 21
	16 # 6
	17 # 46
	18 # 5
	19 # 51
	20 # 20
	21 # 0
	22 # 3
	23 # 47
	24 # 13
	25 # 35
	26 # 32
	27 # 38
	28 # 57
	29 # 49
	30 # 22
	31 # 10
Timestep 3:
	0 # 2
	1 # 36
	2 # 33
	3 # 15
	4 # 25
	5 # 42
	6 # 9
	7 # 55
	8 # 39
	9 # 29
	10 # 48
	11 # 40
	12 # 4
	13 # 45
	14 # 34
	15 # 14
	16 # 6
	17 # 38
	18 # 13
	19 # 51
	20 # 26
	21 # 7
	22 # 11
	23 # 46
	24 # 12
	25 # 27
	26 # 31
	27 # 37
	28 # 57
	29 # 41
	30 # 23
	31 # 10
Timestep 4:
	0 # 3
	1 # 44
	2 # 25
	3 # 22
	4 # 19
	5 # 42
	6 # 1
	7 # 56
	8 # 47
	9 # 29
	10 # 48
	11 # 41
	12 # 5
	13 # 37
	14 # 35
	15 # 13
	16 # 14
	17 # 30
	18 # 20
	19 # 59
	20 # 34
	21 # 15
	22 # 18
	23 # 45
	24 # 11
	25 # 21
	26 # 32
	27 # 36
	28 # 49
	29 # 33
	30 # 24
	31 # 9
Timestep 5:
	0 # 4
	1 # 45
	2 # 26
	3 # 23
	4 # 12
	5 # 34
	6 # 2
	7 # 57
	8 # 46
	9 # 37
	10 # 48
	11 # 41
	12 # 5
	13 # 38
	14 # 43
	15 # 13
	16 # 21
	17 # 24
	18 # 19
	19 # 59
	20 # 33
	21 # 22
	22 # 18
	23 # 53
	24 # 3
	25 # 20
	26 # 40
	27 # 36
	28 # 50
	29 # 32
	30 # 16
	31 # 8
Timestep 6:
	0 # 4
	1 # 45
	2 # 26
	3 # 29
	4 # 11
	5 # 35
	6 # 10
	7 # 58
	8 # 46
	9 # 38
	10 # 47
	11 # 42
	12 # 6
	13 # 30
	14 # 43
	15 # 12
	16 # 27
	17 # 16
	18 # 25
	19 # 51
	20 # 32
	21 # 28
	22 # 19
	23 # 54
	24 # 3
	25 # 20
	26 # 48
	27 # 44
	28 # 49
	29 # 31
	30 # 9
	31 # 7
Timestep 7:
	0 # 5
	1 # 46
	2 # 20
	3 # 28
	4 # 3
	5 # 35
	6 # 9
	7 # 59
	8 # 38
	9 # 39
	10 # 47
	11 # 50
	12 # 6
	13 # 24
	14 # 42
	15 # 11
	16 # 27
	17 # 16
	18 # 26
	19 # 43
	20 # 40
	21 # 36
	22 # 19
	23 # 55
	24 # 2
	25 # 21
	26 # 56
	27 # 52
	28 # 49
	29 # 30
	30 # 1
	31 # 15
Timestep 8:
	0 # 5
	1 # 38
	2 # 13
	3 # 36
	4 # 11
	5 # 27
	6 # 8
	7 # 51
	8 # 30
	9 # 40
	10 # 46
	11 # 50
	12 # 6
	13 # 24
	14 # 41
	15 # 10
	16 # 26
	17 # 17
	18 # 34
	19 # 35
	20 # 48
	21 # 37
	22 # 25
	23 # 47
	24 # 2
	25 # 20
	26 # 57
	27 # 53
	28 # 49
	29 # 29
	30 # 1
	31 # 22
Timestep 9:
	0 # 4
	1 # 37
	2 # 5
	3 # 44
	4 # 11
	5 # 21
	6 # 8
	7 # 43
	8 # 24
	9 # 32
	10 # 46
	11 # 51
	12 # 14
	13 # 16
	14 # 40
	15 # 9
	16 # 34
	17 # 18
	18 # 42
	19 # 27
	20 # 56
	21 # 36
	22 # 33
	23 # 39
	24 # 3
	25 # 13
	26 # 57
	27 # 54
	28 # 48
	29 # 28
	30 # 2
	31 # 23
Timestep 10:
	0 # 4
	1 # 36
	2 # 5
	3 # 44
	4 # 12
	5 # 20
	6 # 7
	7 # 35
	8 # 23
	9 # 33
	10 # 54
	11 # 43
	12 # 6
	13 # 17
	14 # 39
	15 # 16
	16 # 34
	17 # 19
	18 # 50
	19 # 26
	20 # 48
	21 # 28
	22 # 41
	23 # 38
	24 # 11
	25 # 14
	26 # 57
	27 # 55
	28 # 47
	29 # 22
	30 # 10
	31 # 29
Timestep 11:
	0 # 4
	1 # 28
	2 # 5
	3 # 36
	4 # 13
	5 # 19
	6 # 0
	7 # 27
	8 # 29
	9 # 34
	10 # 55
	11 # 35
	12 # 6
	13 # 18
	14 # 31
	15 # 24
	16 # 26
	17 # 12
	18 # 50
	19 # 20
	20 # 47
	21 # 22
	22 # 42
	23 # 30
	24 # 11
	25 # 14
	26 # 49
	27 # 56
	28 # 46
	29 # 15
	30 # 17
	31 # 37

