Solution makespan:12
Timestep 0:
	0 # 33
	1 # 8
	2 # 3
	3 # 43
	4 # 2
	5 # 15
	6 # 26
	7 # 53
	8 # 31
	9 # 21
	10 # 18
	11 # 47
	12 # 27
	13 # 38
	14 # 23
	15 # 39
	16 # 11
	17 # 41
	18 # 6
	19 # 45
	20 # 35
	21 # 13
	22 # 44
	23 # 14
	24 # 10
	25 # 12
	26 # 37
	27 # 25
	28 # 46
	29 # 20
	30 # 7
	31 # 9
Timestep 1:
	0 # 26
	1 # 0
	2 # 2
	3 # 50
	4 # 1
	5 # 15
	6 # 25
	7 # 53
	8 # 31
	9 # 27
	10 # 17
	11 # 46
	12 # 34
	13 # 32
	14 # 30
	15 # 47
	16 # 18
	17 # 42
	18 # 5
	19 # 44
	20 # 28
	21 # 12
	22 # 51
	23 # 14
	24 # 4
	25 # 6
	26 # 38
	27 # 24
	28 # 45
	29 # 20
	30 # 13
	31 # 16
Timestep 2:
	0 # 33
	1 # 0
	2 # 9
	3 # 51
	4 # 2
	5 # 14
	6 # 24
	7 # 46
	8 # 37
	9 # 34
	10 # 10
	11 # 45
	12 # 35
	13 # 25
	14 # 36
	15 # 47
	16 # 17
	17 # 49
	18 # 11
	19 # 43
	20 # 22
	21 # 19
	22 # 52
	23 # 21
	24 # 5
	25 # 7
	26 # 32
	27 # 23
	28 # 38
	29 # 13
	30 # 12
	31 # 15
Timestep 3:
	0 # 32
	1 # 1
	2 # 16
	3 # 52
	4 # 3
	5 # 8
	6 # 31
	7 # 45
	8 # 44
	9 # 35
	10 # 4
	11 # 38
	12 # 28
	13 # 18
	14 # 36
	15 # 46
	16 # 24
	17 # 50
	18 # 10
	19 # 42
	20 # 15
	21 # 26
	22 # 53
	23 # 27
	24 # 6
	25 # 7
	26 # 25
	27 # 30
	28 # 37
	29 # 12
	30 # 11
	31 # 14
Timestep 4:
	0 # 25
	1 # 2
	2 # 9
	3 # 53
	4 # 4
	5 # 0
	6 # 37
	7 # 38
	8 # 51
	9 # 41
	10 # 5
	11 # 32
	12 # 22
	13 # 19
	14 # 43
	15 # 45
	16 # 23
	17 # 50
	18 # 17
	19 # 42
	20 # 16
	21 # 33
	22 # 54
	23 # 34
	24 # 6
	25 # 13
	26 # 18
	27 # 29
	28 # 36
	29 # 11
	30 # 10
	31 # 21
Timestep 5:
	0 # 26
	1 # 3
	2 # 2
	3 # 46
	4 # 4
	5 # 0
	6 # 37
	7 # 32
	8 # 51
	9 # 42
	10 # 6
	11 # 25
	12 # 15
	13 # 20
	14 # 44
	15 # 38
	16 # 30
	17 # 50
	18 # 24
	19 # 49
	20 # 9
	21 # 33
	22 # 54
	23 # 40
	24 # 12
	25 # 7
	26 # 19
	27 # 28
	28 # 36
	29 # 11
	30 # 17
	31 # 27
Timestep 6:
	0 # 26
	1 # 4
	2 # 1
	3 # 47
	4 # 5
	5 # 0
	6 # 36
	7 # 25
	8 # 52
	9 # 43
	10 # 12
	11 # 18
	12 # 22
	13 # 13
	14 # 45
	15 # 32
	16 # 29
	17 # 51
	18 # 23
	19 # 49
	20 # 2
	21 # 33
	22 # 54
	23 # 41
	24 # 11
	25 # 7
	26 # 20
	27 # 27
	28 # 30
	29 # 10
	30 # 24
	31 # 34
Timestep 7:
	0 # 33
	1 # 5
	2 # 2
	3 # 39
	4 # 6
	5 # 0
	6 # 37
	7 # 24
	8 # 53
	9 # 44
	10 # 19
	11 # 17
	12 # 15
	13 # 13
	14 # 46
	15 # 25
	16 # 28
	17 # 52
	18 # 30
	19 # 49
	20 # 3
	21 # 32
	22 # 54
	23 # 42
	24 # 18
	25 # 7
	26 # 20
	27 # 21
	28 # 29
	29 # 10
	30 # 31
	31 # 27
Timestep 8:
	0 # 32
	1 # 6
	2 # 9
	3 # 39
	4 # 12
	5 # 1
	6 # 44
	7 # 23
	8 # 46
	9 # 45
	10 # 19
	11 # 10
	12 # 14
	13 # 13
	14 # 47
	15 # 26
	16 # 22
	17 # 53
	18 # 36
	19 # 42
	20 # 4
	21 # 31
	22 # 54
	23 # 43
	24 # 25
	25 # 7
	26 # 20
	27 # 21
	28 # 29
	29 # 11
	30 # 30
	31 # 28
Timestep 9:
	0 # 31
	1 # 12
	2 # 16
	3 # 39
	4 # 11
	5 # 2
	6 # 51
	7 # 23
	8 # 45
	9 # 38
	10 # 18
	11 # 4
	12 # 21
	13 # 13
	14 # 47
	15 # 26
	16 # 15
	17 # 46
	18 # 36
	19 # 41
	20 # 5
	21 # 30
	22 # 53
	23 # 44
	24 # 32
	25 # 7
	26 # 20
	27 # 27
	28 # 28
	29 # 10
	30 # 29
	31 # 35
Timestep 10:
	0 # 37
	1 # 19
	2 # 15
	3 # 39
	4 # 18
	5 # 9
	6 # 51
	7 # 24
	8 # 38
	9 # 32
	10 # 25
	11 # 3
	12 # 21
	13 # 12
	14 # 54
	15 # 33
	16 # 14
	17 # 47
	18 # 43
	19 # 40
	20 # 5
	21 # 36
	22 # 52
	23 # 45
	24 # 31
	25 # 7
	26 # 13
	27 # 34
	28 # 22
	29 # 4
	30 # 28
	31 # 41
Timestep 11:
	0 # 44
	1 # 26
	2 # 15
	3 # 39
	4 # 18
	5 # 16
	6 # 52
	7 # 17
	8 # 38
	9 # 25
	10 # 24
	11 # 2
	12 # 21
	13 # 11
	14 # 53
	15 # 32
	16 # 8
	17 # 54
	18 # 50
	19 # 48
	20 # 4
	21 # 43
	22 # 45
	23 # 46
	24 # 30
	25 # 13
	26 # 12
	27 # 40
	28 # 22
	29 # 3
	30 # 35
	31 # 42
Timestep 12:
	0 # 51
	1 # 33
	2 # 22
	3 # 39
	4 # 19
	5 # 16
	6 # 52
	7 # 10
	8 # 45
	9 # 26
	10 # 23
	11 # 1
	12 # 27
	13 # 18
	14 # 46
	15 # 31
	16 # 0
	17 # 54
	18 # 49
	19 # 48
	20 # 3
	21 # 50
	22 # 44
	23 # 47
	24 # 29
	25 # 20
	26 # 6
	27 # 41
	28 # 28
	29 # 2
	30 # 35
	31 # 42

