Solution makespan:7
Timestep 0:
	0 # 13
	1 # 56
	2 # 8
	3 # 49
	4 # 29
	5 # 39
	6 # 35
	7 # 2
	8 # 11
	9 # 48
	10 # 21
	11 # 4
Timestep 1:
	0 # 13
	1 # 56
	2 # 8
	3 # 48
	4 # 21
	5 # 31
	6 # 35
	7 # 2
	8 # 18
	9 # 47
	10 # 15
	11 # 3
Timestep 2:
	0 # 5
	1 # 56
	2 # 0
	3 # 47
	4 # 22
	5 # 23
	6 # 27
	7 # 10
	8 # 19
	9 # 40
	10 # 15
	11 # 4
Timestep 3:
	0 # 6
	1 # 55
	2 # 8
	3 # 46
	4 # 22
	5 # 17
	6 # 28
	7 # 11
	8 # 25
	9 # 32
	10 # 16
	11 # 3
Timestep 4:
	0 # 6
	1 # 47
	2 # 15
	3 # 39
	4 # 23
	5 # 10
	6 # 36
	7 # 18
	8 # 33
	9 # 24
	10 # 22
	11 # 2
Timestep 5:
	0 # 7
	1 # 47
	2 # 21
	3 # 31
	4 # 22
	5 # 2
	6 # 43
	7 # 19
	8 # 25
	9 # 24
	10 # 16
	11 # 1
Timestep 6:
	0 # 6
	1 # 47
	2 # 29
	3 # 30
	4 # 16
	5 # 1
	6 # 43
	7 # 12
	8 # 26
	9 # 23
	10 # 17
	11 # 0
Timestep 7:
	0 # 7
	1 # 48
	2 # 37
	3 # 29
	4 # 15
	5 # 0
	6 # 43
	7 # 4
	8 # 20
	9 # 17
	10 # 18
	11 # 8

