Solution makespan:9
Timestep 0:
	0 # 11
	1 # 36
	2 # 38
	3 # 28
	4 # 15
	5 # 24
	6 # 44
	7 # 37
	8 # 49
	9 # 16
	10 # 4
	11 # 10
Timestep 1:
	0 # 3
	1 # 36
	2 # 39
	3 # 35
	4 # 16
	5 # 24
	6 # 38
	7 # 37
	8 # 43
	9 # 9
	10 # 4
	11 # 11
Timestep 2:
	0 # 2
	1 # 43
	2 # 31
	3 # 34
	4 # 23
	5 # 25
	6 # 30
	7 # 37
	8 # 49
	9 # 10
	10 # 3
	11 # 17
Timestep 3:
	0 # 2
	1 # 36
	2 # 32
	3 # 33
	4 # 24
	5 # 25
	6 # 23
	7 # 37
	8 # 49
	9 # 11
	10 # 4
	11 # 18
Timestep 4:
	0 # 10
	1 # 43
	2 # 32
	3 # 33
	4 # 31
	5 # 17
	6 # 23
	7 # 38
	8 # 48
	9 # 12
	10 # 3
	11 # 18
Timestep 5:
	0 # 11
	1 # 49
	2 # 32
	3 # 26
	4 # 39
	5 # 17
	6 # 16
	7 # 37
	8 # 42
	9 # 4
	10 # 2
	11 # 18
Timestep 6:
	0 # 10
	1 # 54
	2 # 31
	3 # 25
	4 # 45
	5 # 11
	6 # 9
	7 # 37
	8 # 35
	9 # 12
	10 # 1
	11 # 19
Timestep 7:
	0 # 2
	1 # 49
	2 # 31
	3 # 24
	4 # 50
	5 # 12
	6 # 10
	7 # 38
	8 # 28
	9 # 18
	10 # 1
	11 # 27
Timestep 8:
	0 # 1
	1 # 43
	2 # 32
	3 # 23
	4 # 51
	5 # 18
	6 # 11
	7 # 39
	8 # 20
	9 # 19
	10 # 9
	11 # 28
Timestep 9:
	0 # 0
	1 # 42
	2 # 25
	3 # 22
	4 # 52
	5 # 17
	6 # 3
	7 # 45
	8 # 20
	9 # 13
	10 # 9
	11 # 35

