Solution makespan:11
Timestep 0:
	0 # 15
	1 # 9
	2 # 48
	3 # 56
	4 # 37
	5 # 34
	6 # 14
	7 # 5
Timestep 1:
	0 # 15
	1 # 9
	2 # 48
	3 # 55
	4 # 38
	5 # 41
	6 # 21
	7 # 4
Timestep 2:
	0 # 14
	1 # 10
	2 # 42
	3 # 49
	4 # 39
	5 # 41
	6 # 29
	7 # 3
Timestep 3:
	0 # 13
	1 # 10
	2 # 41
	3 # 43
	4 # 40
	5 # 47
	6 # 28
	7 # 2
Timestep 4:
	0 # 12
	1 # 2
	2 # 42
	3 # 44
	4 # 41
	5 # 48
	6 # 27
	7 # 1
Timestep 5:
	0 # 11
	1 # 2
	2 # 42
	3 # 36
	4 # 34
	5 # 49
	6 # 26
	7 # 0
Timestep 6:
	0 # 10
	1 # 2
	2 # 41
	3 # 44
	4 # 27
	5 # 43
	6 # 25
	7 # 0
Timestep 7:
	0 # 2
	1 # 3
	2 # 34
	3 # 36
	4 # 20
	5 # 35
	6 # 24
	7 # 8
Timestep 8:
	0 # 10
	1 # 4
	2 # 27
	3 # 30
	4 # 12
	5 # 29
	6 # 32
	7 # 16
Timestep 9:
	0 # 11
	1 # 4
	2 # 20
	3 # 22
	4 # 13
	5 # 21
	6 # 31
	7 # 23
Timestep 10:
	0 # 12
	1 # 3
	2 # 27
	3 # 30
	4 # 5
	5 # 21
	6 # 31
	7 # 23
Timestep 11:
	0 # 13
	1 # 11
	2 # 28
	3 # 30
	4 # 6
	5 # 14
	6 # 32
	7 # 24

