Solution makespan:11
Timestep 0:
	0 # 49
	1 # 41
	2 # 16
	3 # 44
	4 # 29
	5 # 9
	6 # 2
	7 # 12
	8 # 40
	9 # 45
	10 # 17
	11 # 38
Timestep 1:
	0 # 48
	1 # 33
	2 # 8
	3 # 44
	4 # 28
	5 # 17
	6 # 3
	7 # 4
	8 # 40
	9 # 37
	10 # 16
	11 # 39
Timestep 2:
	0 # 47
	1 # 34
	2 # 9
	3 # 43
	4 # 36
	5 # 17
	6 # 2
	7 # 12
	8 # 39
	9 # 29
	10 # 8
	11 # 31
Timestep 3:
	0 # 39
	1 # 34
	2 # 9
	3 # 51
	4 # 35
	5 # 24
	6 # 1
	7 # 20
	8 # 31
	9 # 21
	10 # 16
	11 # 32
Timestep 4:
	0 # 47
	1 # 42
	2 # 17
	3 # 51
	4 # 36
	5 # 25
	6 # 8
	7 # 27
	8 # 32
	9 # 14
	10 # 15
	11 # 40
Timestep 5:
	0 # 48
	1 # 50
	2 # 24
	3 # 43
	4 # 36
	5 # 25
	6 # 16
	7 # 26
	8 # 40
	9 # 13
	10 # 15
	11 # 41
Timestep 6:
	0 # 49
	1 # 50
	2 # 32
	3 # 35
	4 # 28
	5 # 18
	6 # 23
	7 # 34
	8 # 48
	9 # 12
	10 # 15
	11 # 42
Timestep 7:
	0 # 49
	1 # 51
	2 # 40
	3 # 35
	4 # 27
	5 # 17
	6 # 31
	7 # 33
	8 # 55
	9 # 11
	10 # 16
	11 # 34
Timestep 8:
	0 # 50
	1 # 51
	2 # 41
	3 # 27
	4 # 26
	5 # 18
	6 # 31
	7 # 33
	8 # 56
	9 # 10
	10 # 16
	11 # 35
Timestep 9:
	0 # 50
	1 # 58
	2 # 49
	3 # 26
	4 # 34
	5 # 19
	6 # 39
	7 # 25
	8 # 57
	9 # 9
	10 # 17
	11 # 35
Timestep 10:
	0 # 42
	1 # 59
	2 # 56
	3 # 25
	4 # 33
	5 # 26
	6 # 47
	7 # 18
	8 # 57
	9 # 8
	10 # 9
	11 # 35
Timestep 11:
	0 # 43
	1 # 59
	2 # 56
	3 # 24
	4 # 32
	5 # 27
	6 # 39
	7 # 10
	8 # 57
	9 # 7
	10 # 9
	11 # 34

