Solution makespan:11
Timestep 0:
	0 # 0
	1 # 17
	2 # 54
	3 # 28
	4 # 8
	5 # 21
	6 # 49
	7 # 14
	8 # 20
	9 # 34
	10 # 31
	11 # 12
	12 # 10
	13 # 53
	14 # 27
	15 # 18
	16 # 7
	17 # 55
	18 # 29
	19 # 41
	20 # 52
	21 # 51
	22 # 35
	23 # 13
	24 # 45
	25 # 44
	26 # 32
	27 # 56
	28 # 39
	29 # 40
	30 # 6
	31 # 16
Timestep 1:
	0 # 8
	1 # 25
	2 # 53
	3 # 21
	4 # 15
	5 # 13
	6 # 49
	7 # 22
	8 # 12
	9 # 34
	10 # 32
	11 # 11
	12 # 18
	13 # 52
	14 # 20
	15 # 19
	16 # 7
	17 # 54
	18 # 28
	19 # 35
	20 # 45
	21 # 51
	22 # 27
	23 # 6
	24 # 46
	25 # 43
	26 # 33
	27 # 50
	28 # 40
	29 # 47
	30 # 5
	31 # 9
Timestep 2:
	0 # 15
	1 # 32
	2 # 54
	3 # 13
	4 # 23
	5 # 14
	6 # 48
	7 # 29
	8 # 5
	9 # 34
	10 # 38
	11 # 10
	12 # 17
	13 # 52
	14 # 19
	15 # 11
	16 # 7
	17 # 55
	18 # 21
	19 # 35
	20 # 45
	21 # 43
	22 # 20
	23 # 6
	24 # 47
	25 # 37
	26 # 33
	27 # 49
	28 # 41
	29 # 40
	30 # 4
	31 # 9
Timestep 3:
	0 # 23
	1 # 38
	2 # 54
	3 # 21
	4 # 24
	5 # 22
	6 # 41
	7 # 36
	8 # 5
	9 # 33
	10 # 39
	11 # 3
	12 # 25
	13 # 45
	14 # 18
	15 # 12
	16 # 14
	17 # 55
	18 # 20
	19 # 27
	20 # 46
	21 # 44
	22 # 19
	23 # 6
	24 # 47
	25 # 30
	26 # 26
	27 # 48
	28 # 35
	29 # 34
	30 # 11
	31 # 8
Timestep 4:
	0 # 30
	1 # 39
	2 # 54
	3 # 13
	4 # 25
	5 # 29
	6 # 35
	7 # 42
	8 # 4
	9 # 26
	10 # 40
	11 # 2
	12 # 32
	13 # 52
	14 # 17
	15 # 12
	16 # 22
	17 # 55
	18 # 19
	19 # 20
	20 # 53
	21 # 45
	22 # 11
	23 # 7
	24 # 48
	25 # 31
	26 # 18
	27 # 41
	28 # 27
	29 # 34
	30 # 10
	31 # 8
Timestep 5:
	0 # 37
	1 # 33
	2 # 47
	3 # 14
	4 # 32
	5 # 36
	6 # 27
	7 # 50
	8 # 3
	9 # 26
	10 # 41
	11 # 1
	12 # 38
	13 # 45
	14 # 16
	15 # 13
	16 # 29
	17 # 54
	18 # 11
	19 # 19
	20 # 53
	21 # 46
	22 # 4
	23 # 6
	24 # 55
	25 # 24
	26 # 17
	27 # 35
	28 # 20
	29 # 34
	30 # 18
	31 # 9
Timestep 6:
	0 # 43
	1 # 33
	2 # 40
	3 # 22
	4 # 32
	5 # 42
	6 # 28
	7 # 49
	8 # 3
	9 # 25
	10 # 48
	11 # 1
	12 # 45
	13 # 44
	14 # 15
	15 # 14
	16 # 36
	17 # 47
	18 # 10
	19 # 20
	20 # 46
	21 # 39
	22 # 4
	23 # 5
	24 # 55
	25 # 24
	26 # 17
	27 # 27
	28 # 12
	29 # 35
	30 # 26
	31 # 16
Timestep 7:
	0 # 43
	1 # 34
	2 # 40
	3 # 29
	4 # 38
	5 # 50
	6 # 28
	7 # 48
	8 # 3
	9 # 24
	10 # 47
	11 # 0
	12 # 45
	13 # 44
	14 # 8
	15 # 22
	16 # 36
	17 # 54
	18 # 18
	19 # 21
	20 # 39
	21 # 33
	22 # 4
	23 # 12
	24 # 55
	25 # 16
	26 # 17
	27 # 20
	28 # 13
	29 # 27
	30 # 25
	31 # 15
Timestep 8:
	0 # 51
	1 # 40
	2 # 39
	3 # 28
	4 # 38
	5 # 49
	6 # 27
	7 # 47
	8 # 4
	9 # 24
	10 # 46
	11 # 1
	12 # 44
	13 # 43
	14 # 9
	15 # 29
	16 # 36
	17 # 54
	18 # 19
	19 # 21
	20 # 33
	21 # 26
	22 # 5
	23 # 11
	24 # 55
	25 # 16
	26 # 17
	27 # 12
	28 # 14
	29 # 20
	30 # 32
	31 # 8
Timestep 9:
	0 # 43
	1 # 41
	2 # 33
	3 # 27
	4 # 45
	5 # 48
	6 # 35
	7 # 46
	8 # 11
	9 # 31
	10 # 53
	11 # 1
	12 # 44
	13 # 37
	14 # 9
	15 # 36
	16 # 42
	17 # 47
	18 # 20
	19 # 13
	20 # 26
	21 # 25
	22 # 6
	23 # 10
	24 # 54
	25 # 16
	26 # 18
	27 # 5
	28 # 14
	29 # 12
	30 # 38
	31 # 0
Timestep 10:
	0 # 37
	1 # 48
	2 # 26
	3 # 35
	4 # 44
	5 # 47
	6 # 34
	7 # 39
	8 # 19
	9 # 32
	10 # 52
	11 # 0
	12 # 43
	13 # 30
	14 # 16
	15 # 42
	16 # 50
	17 # 46
	18 # 20
	19 # 12
	20 # 25
	21 # 24
	22 # 13
	23 # 3
	24 # 53
	25 # 15
	26 # 18
	27 # 4
	28 # 22
	29 # 5
	30 # 45
	31 # 8
Timestep 11:
	0 # 37
	1 # 55
	2 # 18
	3 # 35
	4 # 43
	5 # 46
	6 # 40
	7 # 33
	8 # 20
	9 # 38
	10 # 52
	11 # 0
	12 # 51
	13 # 30
	14 # 16
	15 # 50
	16 # 49
	17 # 45
	18 # 27
	19 # 12
	20 # 24
	21 # 23
	22 # 21
	23 # 2
	24 # 53
	25 # 8
	26 # 10
	27 # 3
	28 # 29
	29 # 5
	30 # 44
	31 # 9

