Solution makespan:9
Timestep 0:
	0 # 14
	1 # 32
	2 # 54
	3 # 58
	4 # 22
	5 # 15
	6 # 33
	7 # 45
Timestep 1:
	0 # 21
	1 # 26
	2 # 55
	3 # 50
	4 # 23
	5 # 22
	6 # 32
	7 # 53
Timestep 2:
	0 # 14
	1 # 25
	2 # 47
	3 # 42
	4 # 29
	5 # 23
	6 # 32
	7 # 53
Timestep 3:
	0 # 15
	1 # 26
	2 # 48
	3 # 34
	4 # 37
	5 # 24
	6 # 40
	7 # 54
Timestep 4:
	0 # 15
	1 # 18
	2 # 48
	3 # 33
	4 # 45
	5 # 16
	6 # 39
	7 # 46
Timestep 5:
	0 # 22
	1 # 11
	2 # 56
	3 # 32
	4 # 53
	5 # 17
	6 # 38
	7 # 46
Timestep 6:
	0 # 15
	1 # 10
	2 # 55
	3 # 26
	4 # 54
	5 # 18
	6 # 37
	7 # 38
Timestep 7:
	0 # 22
	1 # 17
	2 # 54
	3 # 18
	4 # 46
	5 # 19
	6 # 45
	7 # 30
Timestep 8:
	0 # 23
	1 # 25
	2 # 53
	3 # 17
	4 # 47
	5 # 19
	6 # 45
	7 # 24
Timestep 9:
	0 # 29
	1 # 25
	2 # 54
	3 # 16
	4 # 46
	5 # 20
	6 # 37
	7 # 30

