Solution makespan:13
Timestep 0:
	0 # 41
	1 # 15
	2 # 8
	3 # 23
	4 # 37
	5 # 56
	6 # 43
	7 # 28
	8 # 5
	9 # 39
	10 # 50
	11 # 58
	12 # 7
	13 # 29
	14 # 16
	15 # 25
Timestep 1:
	0 # 42
	1 # 14
	2 # 0
	3 # 24
	4 # 29
	5 # 49
	6 # 43
	7 # 36
	8 # 13
	9 # 40
	10 # 50
	11 # 57
	12 # 6
	13 # 30
	14 # 8
	15 # 26
Timestep 2:
	0 # 42
	1 # 22
	2 # 0
	3 # 25
	4 # 28
	5 # 43
	6 # 36
	7 # 37
	8 # 21
	9 # 41
	10 # 57
	11 # 56
	12 # 5
	13 # 38
	14 # 9
	15 # 34
Timestep 3:
	0 # 48
	1 # 14
	2 # 0
	3 # 26
	4 # 27
	5 # 36
	6 # 28
	7 # 38
	8 # 21
	9 # 42
	10 # 57
	11 # 49
	12 # 4
	13 # 45
	14 # 17
	15 # 35
Timestep 4:
	0 # 54
	1 # 13
	2 # 8
	3 # 19
	4 # 27
	5 # 37
	6 # 29
	7 # 38
	8 # 28
	9 # 48
	10 # 50
	11 # 43
	12 # 3
	13 # 44
	14 # 24
	15 # 36
Timestep 5:
	0 # 55
	1 # 21
	2 # 0
	3 # 20
	4 # 26
	5 # 29
	6 # 22
	7 # 38
	8 # 36
	9 # 48
	10 # 50
	11 # 44
	12 # 2
	13 # 45
	14 # 32
	15 # 35
Timestep 6:
	0 # 56
	1 # 28
	2 # 8
	3 # 12
	4 # 25
	5 # 30
	6 # 29
	7 # 45
	8 # 43
	9 # 42
	10 # 57
	11 # 37
	12 # 1
	13 # 44
	14 # 33
	15 # 27
Timestep 7:
	0 # 57
	1 # 29
	2 # 16
	3 # 4
	4 # 24
	5 # 38
	6 # 22
	7 # 51
	8 # 49
	9 # 34
	10 # 50
	11 # 36
	12 # 0
	13 # 37
	14 # 33
	15 # 26
Timestep 8:
	0 # 58
	1 # 37
	2 # 23
	3 # 5
	4 # 17
	5 # 45
	6 # 22
	7 # 51
	8 # 49
	9 # 26
	10 # 57
	11 # 43
	12 # 8
	13 # 36
	14 # 34
	15 # 25
Timestep 9:
	0 # 51
	1 # 44
	2 # 24
	3 # 5
	4 # 9
	5 # 38
	6 # 21
	7 # 45
	8 # 50
	9 # 19
	10 # 56
	11 # 43
	12 # 16
	13 # 37
	14 # 34
	15 # 26
Timestep 10:
	0 # 58
	1 # 43
	2 # 25
	3 # 13
	4 # 9
	5 # 38
	6 # 20
	7 # 44
	8 # 49
	9 # 11
	10 # 55
	11 # 36
	12 # 23
	13 # 29
	14 # 26
	15 # 27
Timestep 11:
	0 # 57
	1 # 36
	2 # 33
	3 # 21
	4 # 8
	5 # 30
	6 # 19
	7 # 50
	8 # 49
	9 # 3
	10 # 54
	11 # 35
	12 # 31
	13 # 22
	14 # 26
	15 # 28
Timestep 12:
	0 # 56
	1 # 43
	2 # 32
	3 # 21
	4 # 0
	5 # 38
	6 # 18
	7 # 51
	8 # 50
	9 # 4
	10 # 48
	11 # 27
	12 # 39
	13 # 14
	14 # 34
	15 # 28
Timestep 13:
	0 # 55
	1 # 49
	2 # 31
	3 # 22
	4 # 1
	5 # 38
	6 # 18
	7 # 51
	8 # 50
	9 # 5
	10 # 54
	11 # 28
	12 # 46
	13 # 15
	14 # 26
	15 # 29

