Solution makespan:10
Timestep 0:
	0 # 23
	1 # 14
	2 # 12
	3 # 17
	4 # 27
	5 # 25
	6 # 48
	7 # 34
Timestep 1:
	0 # 24
	1 # 22
	2 # 12
	3 # 18
	4 # 27
	5 # 26
	6 # 49
	7 # 42
Timestep 2:
	0 # 25
	1 # 21
	2 # 20
	3 # 19
	4 # 33
	5 # 18
	6 # 41
	7 # 34
Timestep 3:
	0 # 32
	1 # 20
	2 # 19
	3 # 27
	4 # 41
	5 # 10
	6 # 42
	7 # 28
Timestep 4:
	0 # 39
	1 # 19
	2 # 18
	3 # 33
	4 # 49
	5 # 11
	6 # 34
	7 # 28
Timestep 5:
	0 # 47
	1 # 18
	2 # 17
	3 # 41
	4 # 56
	5 # 12
	6 # 28
	7 # 20
Timestep 6:
	0 # 48
	1 # 18
	2 # 16
	3 # 40
	4 # 55
	5 # 13
	6 # 20
	7 # 19
Timestep 7:
	0 # 49
	1 # 17
	2 # 15
	3 # 39
	4 # 48
	5 # 21
	6 # 12
	7 # 18
Timestep 8:
	0 # 41
	1 # 16
	2 # 23
	3 # 38
	4 # 40
	5 # 21
	6 # 4
	7 # 17
Timestep 9:
	0 # 49
	1 # 15
	2 # 24
	3 # 37
	4 # 41
	5 # 29
	6 # 5
	7 # 25
Timestep 10:
	0 # 56
	1 # 23
	2 # 16
	3 # 31
	4 # 33
	5 # 35
	6 # 6
	7 # 32

