Solution makespan:10
Timestep 0:
	0 # 29
	1 # 41
	2 # 38
	3 # 8
	4 # 61
	5 # 55
	6 # 28
	7 # 59
	8 # 47
	9 # 26
	10 # 7
	11 # 17
Timestep 1:
	0 # 28
	1 # 40
	2 # 46
	3 # 16
	4 # 60
	5 # 55
	6 # 27
	7 # 59
	8 # 39
	9 # 34
	10 # 7
	11 # 17
Timestep 2:
	0 # 21
	1 # 48
	2 # 47
	3 # 8
	4 # 60
	5 # 55
	6 # 27
	7 # 51
	8 # 31
	9 # 35
	10 # 0
	11 # 16
Timestep 3:
	0 # 20
	1 # 40
	2 # 48
	3 # 9
	4 # 59
	5 # 55
	6 # 26
	7 # 43
	8 # 24
	9 # 36
	10 # 1
	11 # 15
Timestep 4:
	0 # 20
	1 # 32
	2 # 40
	3 # 17
	4 # 60
	5 # 47
	6 # 19
	7 # 43
	8 # 16
	9 # 28
	10 # 8
	11 # 23
Timestep 5:
	0 # 12
	1 # 31
	2 # 48
	3 # 18
	4 # 52
	5 # 39
	6 # 26
	7 # 42
	8 # 17
	9 # 28
	10 # 7
	11 # 24
Timestep 6:
	0 # 4
	1 # 30
	2 # 40
	3 # 18
	4 # 44
	5 # 39
	6 # 34
	7 # 41
	8 # 9
	9 # 21
	10 # 15
	11 # 16
Timestep 7:
	0 # 5
	1 # 23
	2 # 48
	3 # 25
	4 # 36
	5 # 31
	6 # 35
	7 # 42
	8 # 10
	9 # 22
	10 # 16
	11 # 17
Timestep 8:
	0 # 5
	1 # 15
	2 # 48
	3 # 26
	4 # 35
	5 # 32
	6 # 27
	7 # 50
	8 # 11
	9 # 14
	10 # 24
	11 # 17
Timestep 9:
	0 # 13
	1 # 7
	2 # 49
	3 # 34
	4 # 27
	5 # 33
	6 # 26
	7 # 50
	8 # 3
	9 # 6
	10 # 31
	11 # 18
Timestep 10:
	0 # 21
	1 # 0
	2 # 57
	3 # 33
	4 # 27
	5 # 25
	6 # 34
	7 # 51
	8 # 4
	9 # 14
	10 # 39
	11 # 19

