Solution makespan:10
Timestep 0:
	0 # 17
	1 # 4
	2 # 32
	3 # 39
	4 # 46
	5 # 31
	6 # 30
	7 # 16
	8 # 37
	9 # 36
	10 # 59
	11 # 21
	12 # 50
	13 # 28
	14 # 23
	15 # 18
	16 # 19
	17 # 51
	18 # 14
	19 # 55
	20 # 43
	21 # 40
	22 # 25
	23 # 22
Timestep 1:
	0 # 17
	1 # 3
	2 # 31
	3 # 40
	4 # 45
	5 # 23
	6 # 37
	7 # 8
	8 # 38
	9 # 35
	10 # 58
	11 # 15
	12 # 49
	13 # 28
	14 # 24
	15 # 10
	16 # 25
	17 # 50
	18 # 13
	19 # 55
	20 # 43
	21 # 47
	22 # 33
	23 # 16
Timestep 2:
	0 # 16
	1 # 3
	2 # 30
	3 # 33
	4 # 38
	5 # 17
	6 # 44
	7 # 8
	8 # 39
	9 # 35
	10 # 57
	11 # 14
	12 # 41
	13 # 29
	14 # 25
	15 # 11
	16 # 19
	17 # 42
	18 # 12
	19 # 47
	20 # 36
	21 # 48
	22 # 34
	23 # 22
Timestep 3:
	0 # 16
	1 # 2
	2 # 37
	3 # 32
	4 # 31
	5 # 18
	6 # 44
	7 # 8
	8 # 40
	9 # 28
	10 # 56
	11 # 13
	12 # 42
	13 # 21
	14 # 26
	15 # 3
	16 # 25
	17 # 35
	18 # 11
	19 # 46
	20 # 36
	21 # 49
	22 # 34
	23 # 23
Timestep 4:
	0 # 17
	1 # 1
	2 # 44
	3 # 32
	4 # 31
	5 # 24
	6 # 52
	7 # 8
	8 # 47
	9 # 27
	10 # 55
	11 # 12
	12 # 42
	13 # 15
	14 # 26
	15 # 4
	16 # 19
	17 # 28
	18 # 10
	19 # 39
	20 # 35
	21 # 50
	22 # 33
	23 # 23
Timestep 5:
	0 # 18
	1 # 0
	2 # 45
	3 # 31
	4 # 30
	5 # 23
	6 # 52
	7 # 16
	8 # 48
	9 # 26
	10 # 54
	11 # 11
	12 # 42
	13 # 15
	14 # 20
	15 # 5
	16 # 25
	17 # 27
	18 # 10
	19 # 32
	20 # 28
	21 # 51
	22 # 40
	23 # 17
Timestep 6:
	0 # 10
	1 # 8
	2 # 45
	3 # 23
	4 # 30
	5 # 17
	6 # 44
	7 # 22
	8 # 49
	9 # 34
	10 # 53
	11 # 11
	12 # 35
	13 # 7
	14 # 12
	15 # 13
	16 # 25
	17 # 26
	18 # 9
	19 # 24
	20 # 29
	21 # 43
	22 # 39
	23 # 16
Timestep 7:
	0 # 2
	1 # 8
	2 # 46
	3 # 24
	4 # 31
	5 # 9
	6 # 52
	7 # 30
	8 # 50
	9 # 34
	10 # 45
	11 # 10
	12 # 42
	13 # 6
	14 # 12
	15 # 14
	16 # 26
	17 # 20
	18 # 1
	19 # 18
	20 # 21
	21 # 36
	22 # 38
	23 # 16
Timestep 8:
	0 # 3
	1 # 9
	2 # 45
	3 # 25
	4 # 32
	5 # 1
	6 # 53
	7 # 37
	8 # 42
	9 # 33
	10 # 44
	11 # 18
	12 # 41
	13 # 5
	14 # 20
	15 # 6
	16 # 27
	17 # 19
	18 # 0
	19 # 17
	20 # 15
	21 # 29
	22 # 31
	23 # 22
Timestep 9:
	0 # 4
	1 # 10
	2 # 45
	3 # 19
	4 # 33
	5 # 2
	6 # 54
	7 # 38
	8 # 43
	9 # 34
	10 # 37
	11 # 24
	12 # 41
	13 # 5
	14 # 26
	15 # 6
	16 # 28
	17 # 18
	18 # 0
	19 # 17
	20 # 14
	21 # 21
	22 # 30
	23 # 22
Timestep 10:
	0 # 12
	1 # 11
	2 # 53
	3 # 20
	4 # 34
	5 # 10
	6 # 55
	7 # 39
	8 # 36
	9 # 26
	10 # 30
	11 # 25
	12 # 49
	13 # 6
	14 # 27
	15 # 7
	16 # 35
	17 # 17
	18 # 1
	19 # 9
	20 # 13
	21 # 15
	22 # 22
	23 # 23

