Solution makespan:10
Timestep 0:
	0 # 46
	1 # 26
	2 # 35
	3 # 33
	4 # 50
	5 # 22
	6 # 7
	7 # 27
Timestep 1:
	0 # 54
	1 # 25
	2 # 36
	3 # 33
	4 # 51
	5 # 28
	6 # 6
	7 # 34
Timestep 2:
	0 # 53
	1 # 26
	2 # 37
	3 # 34
	4 # 51
	5 # 22
	6 # 7
	7 # 41
Timestep 3:
	0 # 52
	1 # 33
	2 # 38
	3 # 27
	4 # 44
	5 # 28
	6 # 15
	7 # 48
Timestep 4:
	0 # 51
	1 # 40
	2 # 39
	3 # 26
	4 # 45
	5 # 22
	6 # 16
	7 # 47
Timestep 5:
	0 # 44
	1 # 41
	2 # 40
	3 # 25
	4 # 37
	5 # 14
	6 # 17
	7 # 55
Timestep 6:
	0 # 36
	1 # 34
	2 # 33
	3 # 25
	4 # 38
	5 # 15
	6 # 23
	7 # 54
Timestep 7:
	0 # 30
	1 # 27
	2 # 26
	3 # 25
	4 # 39
	5 # 14
	6 # 24
	7 # 53
Timestep 8:
	0 # 29
	1 # 34
	2 # 26
	3 # 25
	4 # 46
	5 # 15
	6 # 18
	7 # 52
Timestep 9:
	0 # 28
	1 # 41
	2 # 27
	3 # 26
	4 # 47
	5 # 7
	6 # 10
	7 # 51
Timestep 10:
	0 # 22
	1 # 40
	2 # 34
	3 # 27
	4 # 48
	5 # 8
	6 # 11
	7 # 50

