Solution makespan:9
Timestep 0:
	0 # 4
	1 # 0
	2 # 53
	3 # 10
	4 # 36
	5 # 56
	6 # 22
	7 # 37
	8 # 16
	9 # 8
	10 # 31
	11 # 26
	12 # 6
	13 # 5
	14 # 43
	15 # 39
Timestep 1:
	0 # 11
	1 # 7
	2 # 53
	3 # 10
	4 # 37
	5 # 57
	6 # 23
	7 # 45
	8 # 17
	9 # 9
	10 # 32
	11 # 26
	12 # 13
	13 # 12
	14 # 35
	15 # 47
Timestep 2:
	0 # 18
	1 # 14
	2 # 54
	3 # 16
	4 # 38
	5 # 49
	6 # 30
	7 # 46
	8 # 17
	9 # 8
	10 # 33
	11 # 19
	12 # 20
	13 # 13
	14 # 28
	15 # 48
Timestep 3:
	0 # 25
	1 # 15
	2 # 55
	3 # 24
	4 # 39
	5 # 41
	6 # 37
	7 # 47
	8 # 16
	9 # 7
	10 # 26
	11 # 18
	12 # 19
	13 # 13
	14 # 21
	15 # 49
Timestep 4:
	0 # 32
	1 # 8
	2 # 47
	3 # 23
	4 # 40
	5 # 33
	6 # 45
	7 # 48
	8 # 10
	9 # 14
	10 # 19
	11 # 17
	12 # 18
	13 # 20
	14 # 28
	15 # 57
Timestep 5:
	0 # 40
	1 # 9
	2 # 39
	3 # 30
	4 # 41
	5 # 26
	6 # 46
	7 # 49
	8 # 2
	9 # 21
	10 # 12
	11 # 16
	12 # 17
	13 # 27
	14 # 29
	15 # 56
Timestep 6:
	0 # 48
	1 # 1
	2 # 40
	3 # 37
	4 # 33
	5 # 26
	6 # 47
	7 # 41
	8 # 2
	9 # 28
	10 # 5
	11 # 24
	12 # 16
	13 # 27
	14 # 30
	15 # 55
Timestep 7:
	0 # 48
	1 # 2
	2 # 32
	3 # 37
	4 # 26
	5 # 25
	6 # 39
	7 # 33
	8 # 10
	9 # 35
	10 # 12
	11 # 23
	12 # 24
	13 # 34
	14 # 29
	15 # 47
Timestep 8:
	0 # 47
	1 # 10
	2 # 25
	3 # 45
	4 # 19
	5 # 18
	6 # 31
	7 # 26
	8 # 16
	9 # 43
	10 # 13
	11 # 22
	12 # 23
	13 # 42
	14 # 36
	15 # 39
Timestep 9:
	0 # 55
	1 # 16
	2 # 18
	3 # 53
	4 # 12
	5 # 17
	6 # 39
	7 # 25
	8 # 24
	9 # 51
	10 # 13
	11 # 21
	12 # 30
	13 # 50
	14 # 35
	15 # 38

