Solution makespan:13
Timestep 0:
	0 # 55
	1 # 8
	2 # 47
	3 # 14
	4 # 19
	5 # 10
	6 # 4
	7 # 1
	8 # 17
	9 # 13
	10 # 48
	11 # 11
Timestep 1:
	0 # 54
	1 # 16
	2 # 47
	3 # 14
	4 # 19
	5 # 9
	6 # 12
	7 # 2
	8 # 18
	9 # 21
	10 # 49
	11 # 3
Timestep 2:
	0 # 53
	1 # 15
	2 # 40
	3 # 6
	4 # 18
	5 # 10
	6 # 13
	7 # 9
	8 # 17
	9 # 20
	10 # 41
	11 # 3
Timestep 3:
	0 # 52
	1 # 23
	2 # 39
	3 # 14
	4 # 26
	5 # 11
	6 # 21
	7 # 17
	8 # 25
	9 # 19
	10 # 35
	11 # 4
Timestep 4:
	0 # 45
	1 # 30
	2 # 39
	3 # 22
	4 # 33
	5 # 12
	6 # 28
	7 # 25
	8 # 24
	9 # 18
	10 # 27
	11 # 3
Timestep 5:
	0 # 38
	1 # 31
	2 # 46
	3 # 22
	4 # 34
	5 # 12
	6 # 29
	7 # 32
	8 # 25
	9 # 17
	10 # 20
	11 # 11
Timestep 6:
	0 # 31
	1 # 24
	2 # 46
	3 # 14
	4 # 35
	5 # 11
	6 # 22
	7 # 33
	8 # 17
	9 # 16
	10 # 12
	11 # 19
Timestep 7:
	0 # 32
	1 # 24
	2 # 45
	3 # 22
	4 # 41
	5 # 19
	6 # 29
	7 # 40
	8 # 25
	9 # 16
	10 # 20
	11 # 18
Timestep 8:
	0 # 33
	1 # 31
	2 # 44
	3 # 29
	4 # 49
	5 # 18
	6 # 36
	7 # 47
	8 # 32
	9 # 15
	10 # 27
	11 # 17
Timestep 9:
	0 # 34
	1 # 38
	2 # 37
	3 # 29
	4 # 56
	5 # 26
	6 # 43
	7 # 48
	8 # 31
	9 # 7
	10 # 20
	11 # 16
Timestep 10:
	0 # 35
	1 # 45
	2 # 38
	3 # 28
	4 # 56
	5 # 25
	6 # 43
	7 # 49
	8 # 30
	9 # 0
	10 # 12
	11 # 24
Timestep 11:
	0 # 27
	1 # 38
	2 # 31
	3 # 21
	4 # 49
	5 # 24
	6 # 43
	7 # 50
	8 # 37
	9 # 1
	10 # 4
	11 # 23
Timestep 12:
	0 # 28
	1 # 45
	2 # 31
	3 # 13
	4 # 48
	5 # 23
	6 # 42
	7 # 57
	8 # 44
	9 # 1
	10 # 5
	11 # 30
Timestep 13:
	0 # 29
	1 # 52
	2 # 24
	3 # 14
	4 # 48
	5 # 30
	6 # 50
	7 # 58
	8 # 51
	9 # 2
	10 # 6
	11 # 37

