Solution makespan:13
Timestep 0:
	0 # 23
	1 # 10
	2 # 44
	3 # 31
	4 # 55
	5 # 34
	6 # 35
	7 # 2
	8 # 51
	9 # 29
	10 # 20
	11 # 0
	12 # 41
	13 # 13
	14 # 30
	15 # 48
	16 # 25
	17 # 24
	18 # 6
	19 # 52
	20 # 1
	21 # 14
	22 # 37
	23 # 26
	24 # 8
	25 # 16
	26 # 49
	27 # 45
Timestep 1:
	0 # 31
	1 # 10
	2 # 37
	3 # 32
	4 # 55
	5 # 33
	6 # 42
	7 # 3
	8 # 52
	9 # 36
	10 # 15
	11 # 1
	12 # 40
	13 # 12
	14 # 22
	15 # 47
	16 # 25
	17 # 24
	18 # 14
	19 # 53
	20 # 9
	21 # 13
	22 # 38
	23 # 34
	24 # 8
	25 # 16
	26 # 50
	27 # 45
Timestep 2:
	0 # 23
	1 # 10
	2 # 30
	3 # 31
	4 # 55
	5 # 32
	6 # 43
	7 # 4
	8 # 53
	9 # 36
	10 # 8
	11 # 2
	12 # 33
	13 # 11
	14 # 22
	15 # 46
	16 # 26
	17 # 25
	18 # 6
	19 # 45
	20 # 1
	21 # 12
	22 # 39
	23 # 34
	24 # 0
	25 # 15
	26 # 51
	27 # 44
Timestep 3:
	0 # 24
	1 # 9
	2 # 22
	3 # 38
	4 # 48
	5 # 31
	6 # 50
	7 # 5
	8 # 53
	9 # 29
	10 # 8
	11 # 3
	12 # 32
	13 # 10
	14 # 18
	15 # 54
	16 # 34
	17 # 19
	18 # 6
	19 # 45
	20 # 2
	21 # 11
	22 # 39
	23 # 33
	24 # 0
	25 # 20
	26 # 52
	27 # 37
Timestep 4:
	0 # 24
	1 # 16
	2 # 18
	3 # 37
	4 # 41
	5 # 23
	6 # 50
	7 # 6
	8 # 45
	9 # 28
	10 # 0
	11 # 11
	12 # 31
	13 # 9
	14 # 17
	15 # 54
	16 # 34
	17 # 25
	18 # 14
	19 # 46
	20 # 2
	21 # 10
	22 # 40
	23 # 32
	24 # 1
	25 # 20
	26 # 53
	27 # 44
Timestep 5:
	0 # 23
	1 # 16
	2 # 11
	3 # 44
	4 # 40
	5 # 22
	6 # 49
	7 # 14
	8 # 38
	9 # 27
	10 # 0
	11 # 12
	12 # 30
	13 # 8
	14 # 21
	15 # 54
	16 # 34
	17 # 25
	18 # 19
	19 # 47
	20 # 3
	21 # 9
	22 # 33
	23 # 24
	24 # 2
	25 # 15
	26 # 45
	27 # 52
Timestep 6:
	0 # 31
	1 # 9
	2 # 10
	3 # 44
	4 # 39
	5 # 18
	6 # 49
	7 # 6
	8 # 37
	9 # 27
	10 # 1
	11 # 13
	12 # 22
	13 # 0
	14 # 29
	15 # 54
	16 # 26
	17 # 24
	18 # 25
	19 # 48
	20 # 4
	21 # 8
	22 # 32
	23 # 23
	24 # 3
	25 # 15
	26 # 46
	27 # 52
Timestep 7:
	0 # 38
	1 # 1
	2 # 10
	3 # 52
	4 # 46
	5 # 17
	6 # 49
	7 # 5
	8 # 30
	9 # 20
	10 # 2
	11 # 14
	12 # 18
	13 # 0
	14 # 28
	15 # 54
	16 # 26
	17 # 32
	18 # 33
	19 # 41
	20 # 12
	21 # 9
	22 # 31
	23 # 22
	24 # 4
	25 # 16
	26 # 47
	27 # 51
Timestep 8:
	0 # 39
	1 # 9
	2 # 2
	3 # 44
	4 # 45
	5 # 10
	6 # 49
	7 # 6
	8 # 22
	9 # 20
	10 # 3
	11 # 19
	12 # 11
	13 # 0
	14 # 27
	15 # 54
	16 # 25
	17 # 31
	18 # 40
	19 # 34
	20 # 13
	21 # 8
	22 # 23
	23 # 18
	24 # 5
	25 # 17
	26 # 48
	27 # 50
Timestep 9:
	0 # 40
	1 # 16
	2 # 2
	3 # 37
	4 # 53
	5 # 9
	6 # 50
	7 # 6
	8 # 18
	9 # 20
	10 # 4
	11 # 25
	12 # 3
	13 # 0
	14 # 35
	15 # 46
	16 # 24
	17 # 30
	18 # 47
	19 # 33
	20 # 14
	21 # 8
	22 # 31
	23 # 11
	24 # 13
	25 # 21
	26 # 55
	27 # 43
Timestep 10:
	0 # 41
	1 # 17
	2 # 1
	3 # 38
	4 # 54
	5 # 9
	6 # 51
	7 # 14
	8 # 11
	9 # 27
	10 # 5
	11 # 33
	12 # 4
	13 # 8
	14 # 42
	15 # 39
	16 # 24
	17 # 30
	18 # 47
	19 # 32
	20 # 19
	21 # 15
	22 # 23
	23 # 12
	24 # 13
	25 # 22
	26 # 48
	27 # 43
Timestep 11:
	0 # 34
	1 # 21
	2 # 9
	3 # 39
	4 # 54
	5 # 16
	6 # 52
	7 # 19
	8 # 3
	9 # 35
	10 # 6
	11 # 40
	12 # 4
	13 # 0
	14 # 42
	15 # 32
	16 # 23
	17 # 29
	18 # 46
	19 # 24
	20 # 25
	21 # 20
	22 # 31
	23 # 13
	24 # 5
	25 # 30
	26 # 41
	27 # 43
Timestep 12:
	0 # 26
	1 # 29
	2 # 10
	3 # 46
	4 # 53
	5 # 15
	6 # 52
	7 # 25
	8 # 2
	9 # 42
	10 # 6
	11 # 41
	12 # 12
	13 # 0
	14 # 49
	15 # 31
	16 # 22
	17 # 28
	18 # 45
	19 # 32
	20 # 33
	21 # 27
	22 # 30
	23 # 14
	24 # 5
	25 # 37
	26 # 34
	27 # 50
Timestep 13:
	0 # 25
	1 # 28
	2 # 2
	3 # 47
	4 # 52
	5 # 20
	6 # 51
	7 # 24
	8 # 1
	9 # 43
	10 # 7
	11 # 48
	12 # 13
	13 # 8
	14 # 42
	15 # 38
	16 # 30
	17 # 27
	18 # 53
	19 # 39
	20 # 40
	21 # 35
	22 # 29
	23 # 19
	24 # 6
	25 # 44
	26 # 26
	27 # 49

