Solution makespan:12
Timestep 0:
	0 # 23
	1 # 31
	2 # 22
	3 # 8
	4 # 37
	5 # 44
	6 # 25
	7 # 54
	8 # 52
	9 # 47
	10 # 29
	11 # 56
	12 # 13
	13 # 39
	14 # 32
	15 # 59
Timestep 1:
	0 # 31
	1 # 30
	2 # 21
	3 # 9
	4 # 29
	5 # 43
	6 # 26
	7 # 54
	8 # 44
	9 # 48
	10 # 28
	11 # 57
	12 # 13
	13 # 40
	14 # 24
	15 # 59
Timestep 2:
	0 # 38
	1 # 31
	2 # 20
	3 # 17
	4 # 28
	5 # 42
	6 # 27
	7 # 47
	8 # 43
	9 # 49
	10 # 36
	11 # 57
	12 # 21
	13 # 41
	14 # 25
	15 # 58
Timestep 3:
	0 # 46
	1 # 30
	2 # 19
	3 # 25
	4 # 20
	5 # 41
	6 # 35
	7 # 39
	8 # 36
	9 # 50
	10 # 28
	11 # 57
	12 # 29
	13 # 34
	14 # 26
	15 # 58
Timestep 4:
	0 # 53
	1 # 22
	2 # 11
	3 # 33
	4 # 19
	5 # 34
	6 # 42
	7 # 32
	8 # 36
	9 # 51
	10 # 28
	11 # 57
	12 # 37
	13 # 26
	14 # 27
	15 # 59
Timestep 5:
	0 # 53
	1 # 21
	2 # 10
	3 # 40
	4 # 27
	5 # 26
	6 # 41
	7 # 24
	8 # 36
	9 # 52
	10 # 20
	11 # 58
	12 # 44
	13 # 18
	14 # 35
	15 # 60
Timestep 6:
	0 # 46
	1 # 29
	2 # 2
	3 # 48
	4 # 19
	5 # 34
	6 # 40
	7 # 16
	8 # 35
	9 # 52
	10 # 12
	11 # 59
	12 # 44
	13 # 10
	14 # 42
	15 # 53
Timestep 7:
	0 # 45
	1 # 28
	2 # 1
	3 # 49
	4 # 20
	5 # 33
	6 # 39
	7 # 8
	8 # 34
	9 # 44
	10 # 13
	11 # 58
	12 # 43
	13 # 11
	14 # 35
	15 # 46
Timestep 8:
	0 # 44
	1 # 27
	2 # 0
	3 # 50
	4 # 21
	5 # 33
	6 # 32
	7 # 9
	8 # 41
	9 # 37
	10 # 14
	11 # 52
	12 # 51
	13 # 12
	14 # 34
	15 # 45
Timestep 9:
	0 # 43
	1 # 26
	2 # 8
	3 # 56
	4 # 20
	5 # 32
	6 # 24
	7 # 1
	8 # 41
	9 # 29
	10 # 22
	11 # 58
	12 # 50
	13 # 13
	14 # 34
	15 # 45
Timestep 10:
	0 # 42
	1 # 18
	2 # 9
	3 # 57
	4 # 28
	5 # 32
	6 # 25
	7 # 2
	8 # 40
	9 # 21
	10 # 30
	11 # 52
	12 # 56
	13 # 14
	14 # 41
	15 # 44
Timestep 11:
	0 # 35
	1 # 10
	2 # 1
	3 # 58
	4 # 36
	5 # 32
	6 # 33
	7 # 3
	8 # 39
	9 # 13
	10 # 31
	11 # 44
	12 # 56
	13 # 6
	14 # 40
	15 # 43
Timestep 12:
	0 # 27
	1 # 18
	2 # 1
	3 # 59
	4 # 36
	5 # 24
	6 # 34
	7 # 11
	8 # 47
	9 # 14
	10 # 23
	11 # 45
	12 # 56
	13 # 7
	14 # 48
	15 # 51

