Solution makespan:14
Timestep 0:
	0 # 6
	1 # 16
	2 # 44
	3 # 55
	4 # 51
	5 # 18
	6 # 27
	7 # 48
	8 # 30
	9 # 1
	10 # 4
	11 # 5
Timestep 1:
	0 # 14
	1 # 24
	2 # 43
	3 # 55
	4 # 45
	5 # 17
	6 # 26
	7 # 54
	8 # 29
	9 # 2
	10 # 12
	11 # 6
Timestep 2:
	0 # 14
	1 # 25
	2 # 44
	3 # 56
	4 # 46
	5 # 16
	6 # 18
	7 # 53
	8 # 29
	9 # 3
	10 # 20
	11 # 6
Timestep 3:
	0 # 14
	1 # 33
	2 # 37
	3 # 57
	4 # 40
	5 # 17
	6 # 19
	7 # 52
	8 # 29
	9 # 4
	10 # 28
	11 # 5
Timestep 4:
	0 # 22
	1 # 33
	2 # 38
	3 # 57
	4 # 32
	5 # 17
	6 # 18
	7 # 51
	8 # 28
	9 # 12
	10 # 36
	11 # 13
Timestep 5:
	0 # 30
	1 # 41
	2 # 37
	3 # 56
	4 # 33
	5 # 9
	6 # 17
	7 # 45
	8 # 28
	9 # 20
	10 # 36
	11 # 21
Timestep 6:
	0 # 38
	1 # 41
	2 # 37
	3 # 55
	4 # 34
	5 # 1
	6 # 25
	7 # 39
	8 # 20
	9 # 19
	10 # 43
	11 # 13
Timestep 7:
	0 # 37
	1 # 33
	2 # 29
	3 # 54
	4 # 35
	5 # 2
	6 # 24
	7 # 40
	8 # 20
	9 # 27
	10 # 49
	11 # 12
Timestep 8:
	0 # 37
	1 # 34
	2 # 29
	3 # 48
	4 # 36
	5 # 10
	6 # 16
	7 # 41
	8 # 19
	9 # 35
	10 # 56
	11 # 13
Timestep 9:
	0 # 44
	1 # 34
	2 # 29
	3 # 48
	4 # 37
	5 # 11
	6 # 24
	7 # 41
	8 # 20
	9 # 42
	10 # 55
	11 # 21
Timestep 10:
	0 # 44
	1 # 35
	2 # 28
	3 # 48
	4 # 38
	5 # 3
	6 # 16
	7 # 33
	8 # 12
	9 # 42
	10 # 54
	11 # 29
Timestep 11:
	0 # 37
	1 # 42
	2 # 27
	3 # 54
	4 # 30
	5 # 11
	6 # 15
	7 # 41
	8 # 20
	9 # 43
	10 # 53
	11 # 29
Timestep 12:
	0 # 36
	1 # 43
	2 # 26
	3 # 54
	4 # 22
	5 # 19
	6 # 23
	7 # 47
	8 # 21
	9 # 49
	10 # 52
	11 # 37
Timestep 13:
	0 # 35
	1 # 49
	2 # 25
	3 # 48
	4 # 14
	5 # 27
	6 # 31
	7 # 47
	8 # 29
	9 # 56
	10 # 51
	11 # 38
Timestep 14:
	0 # 42
	1 # 49
	2 # 24
	3 # 47
	4 # 6
	5 # 35
	6 # 39
	7 # 53
	8 # 30
	9 # 56
	10 # 51
	11 # 38

