Solution makespan:12
Timestep 0:
	0 # 27
	1 # 42
	2 # 14
	3 # 1
	4 # 28
	5 # 39
	6 # 48
	7 # 43
	8 # 59
	9 # 40
	10 # 41
	11 # 54
	12 # 55
	13 # 38
	14 # 4
	15 # 49
	16 # 2
	17 # 32
	18 # 25
	19 # 53
Timestep 1:
	0 # 19
	1 # 41
	2 # 21
	3 # 9
	4 # 20
	5 # 31
	6 # 55
	7 # 44
	8 # 58
	9 # 39
	10 # 33
	11 # 47
	12 # 54
	13 # 46
	14 # 3
	15 # 50
	16 # 10
	17 # 24
	18 # 25
	19 # 53
Timestep 2:
	0 # 20
	1 # 40
	2 # 14
	3 # 15
	4 # 28
	5 # 32
	6 # 55
	7 # 36
	8 # 57
	9 # 31
	10 # 34
	11 # 48
	12 # 47
	13 # 38
	14 # 11
	15 # 42
	16 # 16
	17 # 23
	18 # 33
	19 # 53
Timestep 3:
	0 # 21
	1 # 48
	2 # 14
	3 # 16
	4 # 28
	5 # 32
	6 # 55
	7 # 37
	8 # 57
	9 # 39
	10 # 35
	11 # 49
	12 # 46
	13 # 30
	14 # 17
	15 # 50
	16 # 24
	17 # 22
	18 # 34
	19 # 54
Timestep 4:
	0 # 14
	1 # 48
	2 # 7
	3 # 10
	4 # 36
	5 # 33
	6 # 55
	7 # 45
	8 # 56
	9 # 40
	10 # 27
	11 # 50
	12 # 47
	13 # 30
	14 # 25
	15 # 51
	16 # 32
	17 # 22
	18 # 35
	19 # 53
Timestep 5:
	0 # 21
	1 # 48
	2 # 7
	3 # 16
	4 # 37
	5 # 34
	6 # 55
	7 # 44
	8 # 56
	9 # 41
	10 # 28
	11 # 42
	12 # 46
	13 # 31
	14 # 24
	15 # 57
	16 # 40
	17 # 22
	18 # 36
	19 # 53
Timestep 6:
	0 # 29
	1 # 47
	2 # 6
	3 # 16
	4 # 45
	5 # 35
	6 # 48
	7 # 36
	8 # 50
	9 # 33
	10 # 20
	11 # 34
	12 # 38
	13 # 39
	14 # 24
	15 # 57
	16 # 41
	17 # 23
	18 # 28
	19 # 46
Timestep 7:
	0 # 29
	1 # 39
	2 # 13
	3 # 16
	4 # 44
	5 # 36
	6 # 48
	7 # 28
	8 # 49
	9 # 25
	10 # 21
	11 # 26
	12 # 30
	13 # 38
	14 # 24
	15 # 56
	16 # 42
	17 # 15
	18 # 27
	19 # 46
Timestep 8:
	0 # 37
	1 # 40
	2 # 14
	3 # 24
	4 # 44
	5 # 28
	6 # 48
	7 # 27
	8 # 41
	9 # 33
	10 # 29
	11 # 18
	12 # 22
	13 # 30
	14 # 32
	15 # 57
	16 # 43
	17 # 15
	18 # 26
	19 # 38
Timestep 9:
	0 # 45
	1 # 41
	2 # 13
	3 # 24
	4 # 36
	5 # 20
	6 # 49
	7 # 35
	8 # 33
	9 # 34
	10 # 28
	11 # 18
	12 # 23
	13 # 38
	14 # 31
	15 # 57
	16 # 44
	17 # 16
	18 # 25
	19 # 39
Timestep 10:
	0 # 37
	1 # 33
	2 # 20
	3 # 16
	4 # 35
	5 # 21
	6 # 41
	7 # 43
	8 # 25
	9 # 42
	10 # 36
	11 # 19
	12 # 15
	13 # 39
	14 # 31
	15 # 58
	16 # 45
	17 # 17
	18 # 24
	19 # 40
Timestep 11:
	0 # 45
	1 # 25
	2 # 28
	3 # 10
	4 # 27
	5 # 29
	6 # 33
	7 # 51
	8 # 24
	9 # 50
	10 # 44
	11 # 12
	12 # 9
	13 # 40
	14 # 23
	15 # 59
	16 # 52
	17 # 18
	18 # 16
	19 # 48
Timestep 12:
	0 # 44
	1 # 17
	2 # 36
	3 # 9
	4 # 35
	5 # 37
	6 # 34
	7 # 57
	8 # 25
	9 # 51
	10 # 43
	11 # 13
	12 # 8
	13 # 41
	14 # 15
	15 # 58
	16 # 59
	17 # 26
	18 # 10
	19 # 55

