Solution makespan:10
Timestep 0:
	0 # 6
	1 # 13
	2 # 3
	3 # 55
	4 # 14
	5 # 32
	6 # 54
	7 # 58
	8 # 22
	9 # 15
	10 # 33
	11 # 45
Timestep 1:
	0 # 13
	1 # 12
	2 # 10
	3 # 47
	4 # 14
	5 # 32
	6 # 46
	7 # 57
	8 # 28
	9 # 15
	10 # 33
	11 # 37
Timestep 2:
	0 # 12
	1 # 11
	2 # 17
	3 # 39
	4 # 7
	5 # 40
	6 # 45
	7 # 57
	8 # 36
	9 # 14
	10 # 32
	11 # 29
Timestep 3:
	0 # 19
	1 # 10
	2 # 25
	3 # 38
	4 # 14
	5 # 41
	6 # 44
	7 # 58
	8 # 37
	9 # 21
	10 # 31
	11 # 23
Timestep 4:
	0 # 27
	1 # 9
	2 # 31
	3 # 37
	4 # 15
	5 # 41
	6 # 44
	7 # 50
	8 # 45
	9 # 21
	10 # 30
	11 # 24
Timestep 5:
	0 # 26
	1 # 16
	2 # 39
	3 # 36
	4 # 22
	5 # 33
	6 # 43
	7 # 42
	8 # 53
	9 # 14
	10 # 29
	11 # 25
Timestep 6:
	0 # 32
	1 # 24
	2 # 47
	3 # 37
	4 # 23
	5 # 27
	6 # 35
	7 # 34
	8 # 54
	9 # 15
	10 # 28
	11 # 17
Timestep 7:
	0 # 31
	1 # 30
	2 # 55
	3 # 38
	4 # 24
	5 # 19
	6 # 35
	7 # 34
	8 # 54
	9 # 22
	10 # 36
	11 # 16
Timestep 8:
	0 # 30
	1 # 29
	2 # 54
	3 # 39
	4 # 25
	5 # 12
	6 # 35
	7 # 42
	8 # 53
	9 # 23
	10 # 36
	11 # 16
Timestep 9:
	0 # 38
	1 # 37
	2 # 46
	3 # 39
	4 # 26
	5 # 5
	6 # 36
	7 # 41
	8 # 52
	9 # 24
	10 # 28
	11 # 9
Timestep 10:
	0 # 37
	1 # 45
	2 # 54
	3 # 31
	4 # 27
	5 # 6
	6 # 28
	7 # 40
	8 # 53
	9 # 25
	10 # 22
	11 # 2

