Solution makespan:8
Timestep 0:
	0 # 47
	1 # 41
	2 # 53
	3 # 26
	4 # 2
	5 # 32
	6 # 23
	7 # 45
	8 # 42
	9 # 43
	10 # 5
	11 # 50
Timestep 1:
	0 # 48
	1 # 33
	2 # 53
	3 # 18
	4 # 3
	5 # 40
	6 # 22
	7 # 37
	8 # 43
	9 # 35
	10 # 13
	11 # 49
Timestep 2:
	0 # 55
	1 # 41
	2 # 45
	3 # 17
	4 # 11
	5 # 39
	6 # 14
	7 # 36
	8 # 44
	9 # 35
	10 # 12
	11 # 48
Timestep 3:
	0 # 55
	1 # 33
	2 # 37
	3 # 16
	4 # 19
	5 # 31
	6 # 13
	7 # 35
	8 # 36
	9 # 34
	10 # 20
	11 # 40
Timestep 4:
	0 # 56
	1 # 27
	2 # 45
	3 # 16
	4 # 20
	5 # 25
	6 # 12
	7 # 34
	8 # 29
	9 # 33
	10 # 28
	11 # 32
Timestep 5:
	0 # 57
	1 # 19
	2 # 53
	3 # 24
	4 # 21
	5 # 31
	6 # 11
	7 # 33
	8 # 22
	9 # 27
	10 # 20
	11 # 26
Timestep 6:
	0 # 58
	1 # 11
	2 # 52
	3 # 30
	4 # 22
	5 # 25
	6 # 10
	7 # 32
	8 # 14
	9 # 19
	10 # 12
	11 # 18
Timestep 7:
	0 # 58
	1 # 3
	2 # 53
	3 # 24
	4 # 29
	5 # 17
	6 # 9
	7 # 26
	8 # 13
	9 # 11
	10 # 12
	11 # 19
Timestep 8:
	0 # 59
	1 # 4
	2 # 52
	3 # 16
	4 # 29
	5 # 18
	6 # 17
	7 # 25
	8 # 5
	9 # 11
	10 # 13
	11 # 27

