Solution makespan:13
Timestep 0:
	0 # 52
	1 # 2
	2 # 43
	3 # 48
	4 # 53
	5 # 9
	6 # 46
	7 # 55
	8 # 16
	9 # 32
	10 # 19
	11 # 49
	12 # 13
	13 # 23
	14 # 7
	15 # 51
	16 # 8
	17 # 31
	18 # 40
	19 # 37
	20 # 30
	21 # 17
	22 # 11
	23 # 10
	24 # 12
	25 # 33
	26 # 39
	27 # 18
	28 # 25
	29 # 14
	30 # 54
	31 # 4
Timestep 1:
	0 # 44
	1 # 8
	2 # 35
	3 # 47
	4 # 45
	5 # 9
	6 # 46
	7 # 48
	8 # 15
	9 # 40
	10 # 20
	11 # 50
	12 # 19
	13 # 24
	14 # 6
	15 # 43
	16 # 7
	17 # 31
	18 # 39
	19 # 36
	20 # 29
	21 # 17
	22 # 11
	23 # 10
	24 # 12
	25 # 34
	26 # 38
	27 # 23
	28 # 33
	29 # 14
	30 # 55
	31 # 3
Timestep 2:
	0 # 36
	1 # 16
	2 # 27
	3 # 46
	4 # 44
	5 # 8
	6 # 38
	7 # 47
	8 # 14
	9 # 48
	10 # 26
	11 # 51
	12 # 20
	13 # 23
	14 # 5
	15 # 42
	16 # 7
	17 # 32
	18 # 31
	19 # 35
	20 # 22
	21 # 17
	22 # 10
	23 # 18
	24 # 12
	25 # 34
	26 # 37
	27 # 30
	28 # 41
	29 # 13
	30 # 54
	31 # 11
Timestep 3:
	0 # 28
	1 # 15
	2 # 27
	3 # 45
	4 # 43
	5 # 2
	6 # 39
	7 # 46
	8 # 13
	9 # 55
	10 # 26
	11 # 52
	12 # 21
	13 # 22
	14 # 5
	15 # 50
	16 # 6
	17 # 40
	18 # 32
	19 # 34
	20 # 17
	21 # 16
	22 # 9
	23 # 23
	24 # 11
	25 # 33
	26 # 37
	27 # 38
	28 # 49
	29 # 19
	30 # 47
	31 # 10
Timestep 4:
	0 # 28
	1 # 14
	2 # 26
	3 # 44
	4 # 35
	5 # 2
	6 # 31
	7 # 45
	8 # 19
	9 # 54
	10 # 20
	11 # 53
	12 # 15
	13 # 22
	14 # 0
	15 # 51
	16 # 6
	17 # 48
	18 # 40
	19 # 42
	20 # 18
	21 # 17
	22 # 8
	23 # 24
	24 # 10
	25 # 34
	26 # 29
	27 # 30
	28 # 50
	29 # 25
	30 # 39
	31 # 9
Timestep 5:
	0 # 28
	1 # 13
	2 # 20
	3 # 43
	4 # 27
	5 # 2
	6 # 32
	7 # 44
	8 # 25
	9 # 54
	10 # 21
	11 # 45
	12 # 16
	13 # 22
	14 # 0
	15 # 52
	16 # 14
	17 # 55
	18 # 48
	19 # 50
	20 # 17
	21 # 9
	22 # 7
	23 # 24
	24 # 18
	25 # 34
	26 # 37
	27 # 30
	28 # 49
	29 # 33
	30 # 31
	31 # 8
Timestep 6:
	0 # 28
	1 # 19
	2 # 26
	3 # 42
	4 # 21
	5 # 2
	6 # 31
	7 # 43
	8 # 33
	9 # 55
	10 # 20
	11 # 46
	12 # 8
	13 # 29
	14 # 1
	15 # 53
	16 # 14
	17 # 48
	18 # 47
	19 # 51
	20 # 22
	21 # 10
	22 # 6
	23 # 24
	24 # 18
	25 # 35
	26 # 36
	27 # 38
	28 # 50
	29 # 41
	30 # 30
	31 # 7
Timestep 7:
	0 # 28
	1 # 25
	2 # 20
	3 # 34
	4 # 15
	5 # 2
	6 # 32
	7 # 42
	8 # 41
	9 # 48
	10 # 14
	11 # 38
	12 # 9
	13 # 22
	14 # 1
	15 # 45
	16 # 6
	17 # 47
	18 # 46
	19 # 43
	20 # 23
	21 # 18
	22 # 5
	23 # 24
	24 # 17
	25 # 36
	26 # 44
	27 # 37
	28 # 51
	29 # 49
	30 # 29
	31 # 7
Timestep 8:
	0 # 29
	1 # 33
	2 # 14
	3 # 26
	4 # 16
	5 # 2
	6 # 32
	7 # 34
	8 # 49
	9 # 40
	10 # 13
	11 # 46
	12 # 10
	13 # 17
	14 # 1
	15 # 37
	16 # 6
	17 # 48
	18 # 45
	19 # 42
	20 # 30
	21 # 23
	22 # 5
	23 # 31
	24 # 9
	25 # 35
	26 # 43
	27 # 36
	28 # 52
	29 # 50
	30 # 22
	31 # 15
Timestep 9:
	0 # 22
	1 # 41
	2 # 15
	3 # 20
	4 # 16
	5 # 8
	6 # 40
	7 # 26
	8 # 50
	9 # 39
	10 # 19
	11 # 47
	12 # 11
	13 # 18
	14 # 0
	15 # 29
	16 # 1
	17 # 48
	18 # 45
	19 # 34
	20 # 38
	21 # 30
	22 # 13
	23 # 24
	24 # 10
	25 # 36
	26 # 42
	27 # 44
	28 # 53
	29 # 51
	30 # 17
	31 # 21
Timestep 10:
	0 # 17
	1 # 49
	2 # 21
	3 # 14
	4 # 8
	5 # 7
	6 # 48
	7 # 20
	8 # 42
	9 # 31
	10 # 25
	11 # 54
	12 # 3
	13 # 18
	14 # 5
	15 # 22
	16 # 6
	17 # 47
	18 # 44
	19 # 35
	20 # 46
	21 # 29
	22 # 19
	23 # 24
	24 # 9
	25 # 37
	26 # 41
	27 # 43
	28 # 45
	29 # 52
	30 # 16
	31 # 27
Timestep 11:
	0 # 16
	1 # 49
	2 # 20
	3 # 6
	4 # 2
	5 # 8
	6 # 55
	7 # 14
	8 # 34
	9 # 30
	10 # 26
	11 # 54
	12 # 3
	13 # 10
	14 # 13
	15 # 23
	16 # 5
	17 # 46
	18 # 52
	19 # 27
	20 # 45
	21 # 28
	22 # 25
	23 # 31
	24 # 17
	25 # 38
	26 # 41
	27 # 43
	28 # 37
	29 # 53
	30 # 15
	31 # 21
Timestep 12:
	0 # 8
	1 # 50
	2 # 20
	3 # 1
	4 # 2
	5 # 9
	6 # 55
	7 # 13
	8 # 34
	9 # 30
	10 # 27
	11 # 54
	12 # 3
	13 # 11
	14 # 19
	15 # 24
	16 # 6
	17 # 46
	18 # 52
	19 # 21
	20 # 44
	21 # 36
	22 # 33
	23 # 32
	24 # 17
	25 # 38
	26 # 42
	27 # 35
	28 # 29
	29 # 45
	30 # 14
	31 # 15
Timestep 13:
	0 # 7
	1 # 50
	2 # 26
	3 # 1
	4 # 2
	5 # 8
	6 # 48
	7 # 5
	8 # 33
	9 # 29
	10 # 28
	11 # 54
	12 # 4
	13 # 12
	14 # 25
	15 # 24
	16 # 14
	17 # 47
	18 # 51
	19 # 20
	20 # 44
	21 # 36
	22 # 41
	23 # 40
	24 # 9
	25 # 39
	26 # 42
	27 # 27
	28 # 22
	29 # 37
	30 # 13
	31 # 16

