Solution makespan:11
Timestep 0:
	0 # 13
	1 # 55
	2 # 0
	3 # 20
	4 # 40
	5 # 19
	6 # 56
	7 # 29
	8 # 30
	9 # 44
	10 # 42
	11 # 9
Timestep 1:
	0 # 7
	1 # 56
	2 # 1
	3 # 19
	4 # 40
	5 # 26
	6 # 48
	7 # 36
	8 # 31
	9 # 45
	10 # 43
	11 # 15
Timestep 2:
	0 # 6
	1 # 57
	2 # 9
	3 # 26
	4 # 47
	5 # 33
	6 # 49
	7 # 44
	8 # 38
	9 # 37
	10 # 43
	11 # 16
Timestep 3:
	0 # 5
	1 # 49
	2 # 15
	3 # 26
	4 # 55
	5 # 41
	6 # 42
	7 # 36
	8 # 31
	9 # 38
	10 # 35
	11 # 17
Timestep 4:
	0 # 4
	1 # 49
	2 # 16
	3 # 33
	4 # 47
	5 # 40
	6 # 34
	7 # 37
	8 # 30
	9 # 38
	10 # 43
	11 # 18
Timestep 5:
	0 # 3
	1 # 42
	2 # 17
	3 # 41
	4 # 40
	5 # 39
	6 # 27
	7 # 30
	8 # 29
	9 # 31
	10 # 50
	11 # 19
Timestep 6:
	0 # 2
	1 # 34
	2 # 25
	3 # 48
	4 # 40
	5 # 38
	6 # 20
	7 # 23
	8 # 22
	9 # 24
	10 # 49
	11 # 26
Timestep 7:
	0 # 1
	1 # 27
	2 # 32
	3 # 56
	4 # 41
	5 # 37
	6 # 21
	7 # 30
	8 # 29
	9 # 25
	10 # 50
	11 # 33
Timestep 8:
	0 # 0
	1 # 20
	2 # 39
	3 # 55
	4 # 48
	5 # 45
	6 # 13
	7 # 37
	8 # 29
	9 # 17
	10 # 43
	11 # 34
Timestep 9:
	0 # 0
	1 # 12
	2 # 46
	3 # 54
	4 # 49
	5 # 44
	6 # 7
	7 # 45
	8 # 22
	9 # 10
	10 # 43
	11 # 42
Timestep 10:
	0 # 0
	1 # 6
	2 # 47
	3 # 46
	4 # 42
	5 # 45
	6 # 13
	7 # 52
	8 # 14
	9 # 3
	10 # 43
	11 # 41
Timestep 11:
	0 # 0
	1 # 7
	2 # 48
	3 # 54
	4 # 34
	5 # 37
	6 # 13
	7 # 53
	8 # 22
	9 # 10
	10 # 35
	11 # 40

