Solution makespan:11
Timestep 0:
	0 # 47
	1 # 32
	2 # 42
	3 # 21
	4 # 23
	5 # 10
	6 # 44
	7 # 31
	8 # 55
	9 # 34
	10 # 35
	11 # 2
	12 # 51
	13 # 29
	14 # 20
	15 # 0
	16 # 41
	17 # 13
	18 # 30
	19 # 48
	20 # 25
	21 # 24
	22 # 6
	23 # 52
	24 # 1
	25 # 14
	26 # 37
	27 # 26
	28 # 8
	29 # 16
	30 # 49
	31 # 45
Timestep 1:
	0 # 48
	1 # 32
	2 # 43
	3 # 21
	4 # 31
	5 # 10
	6 # 45
	7 # 30
	8 # 55
	9 # 26
	10 # 42
	11 # 3
	12 # 52
	13 # 36
	14 # 27
	15 # 8
	16 # 34
	17 # 12
	18 # 29
	19 # 41
	20 # 19
	21 # 24
	22 # 5
	23 # 53
	24 # 2
	25 # 6
	26 # 37
	27 # 25
	28 # 15
	29 # 16
	30 # 50
	31 # 38
Timestep 2:
	0 # 41
	1 # 39
	2 # 50
	3 # 22
	4 # 23
	5 # 17
	6 # 46
	7 # 29
	8 # 48
	9 # 25
	10 # 35
	11 # 4
	12 # 52
	13 # 37
	14 # 28
	15 # 15
	16 # 26
	17 # 11
	18 # 21
	19 # 34
	20 # 14
	21 # 32
	22 # 5
	23 # 54
	24 # 3
	25 # 7
	26 # 44
	27 # 33
	28 # 20
	29 # 9
	30 # 51
	31 # 31
Timestep 3:
	0 # 34
	1 # 39
	2 # 50
	3 # 30
	4 # 22
	5 # 16
	6 # 54
	7 # 21
	8 # 41
	9 # 24
	10 # 35
	11 # 5
	12 # 44
	13 # 38
	14 # 29
	15 # 20
	16 # 25
	17 # 10
	18 # 17
	19 # 26
	20 # 13
	21 # 32
	22 # 6
	23 # 53
	24 # 11
	25 # 7
	26 # 37
	27 # 40
	28 # 27
	29 # 1
	30 # 52
	31 # 23
Timestep 4:
	0 # 26
	1 # 46
	2 # 51
	3 # 31
	4 # 18
	5 # 9
	6 # 54
	7 # 17
	8 # 34
	9 # 23
	10 # 42
	11 # 5
	12 # 45
	13 # 39
	14 # 30
	15 # 27
	16 # 33
	17 # 10
	18 # 16
	19 # 25
	20 # 13
	21 # 24
	22 # 14
	23 # 52
	24 # 12
	25 # 7
	26 # 37
	27 # 41
	28 # 28
	29 # 0
	30 # 44
	31 # 22
Timestep 5:
	0 # 26
	1 # 47
	2 # 52
	3 # 32
	4 # 17
	5 # 1
	6 # 46
	7 # 16
	8 # 41
	9 # 22
	10 # 35
	11 # 6
	12 # 53
	13 # 40
	14 # 31
	15 # 28
	16 # 25
	17 # 9
	18 # 15
	19 # 24
	20 # 5
	21 # 23
	22 # 19
	23 # 44
	24 # 13
	25 # 7
	26 # 38
	27 # 48
	28 # 29
	29 # 8
	30 # 37
	31 # 18
Timestep 6:
	0 # 26
	1 # 47
	2 # 53
	3 # 33
	4 # 21
	5 # 1
	6 # 39
	7 # 9
	8 # 48
	9 # 18
	10 # 27
	11 # 6
	12 # 54
	13 # 40
	14 # 32
	15 # 28
	16 # 24
	17 # 10
	18 # 20
	19 # 23
	20 # 5
	21 # 22
	22 # 25
	23 # 44
	24 # 14
	25 # 7
	26 # 38
	27 # 55
	28 # 36
	29 # 15
	30 # 30
	31 # 17
Timestep 7:
	0 # 26
	1 # 40
	2 # 54
	3 # 25
	4 # 21
	5 # 0
	6 # 39
	7 # 1
	8 # 47
	9 # 17
	10 # 27
	11 # 6
	12 # 46
	13 # 41
	14 # 33
	15 # 29
	16 # 23
	17 # 10
	18 # 20
	19 # 22
	20 # 4
	21 # 18
	22 # 24
	23 # 52
	24 # 19
	25 # 7
	26 # 45
	27 # 48
	28 # 36
	29 # 15
	30 # 31
	31 # 16
Timestep 8:
	0 # 26
	1 # 33
	2 # 54
	3 # 24
	4 # 29
	5 # 8
	6 # 39
	7 # 0
	8 # 46
	9 # 10
	10 # 28
	11 # 6
	12 # 45
	13 # 48
	14 # 34
	15 # 30
	16 # 22
	17 # 11
	18 # 27
	19 # 18
	20 # 4
	21 # 17
	22 # 23
	23 # 51
	24 # 14
	25 # 7
	26 # 53
	27 # 47
	28 # 36
	29 # 16
	30 # 32
	31 # 9
Timestep 9:
	0 # 26
	1 # 25
	2 # 54
	3 # 24
	4 # 28
	5 # 8
	6 # 46
	7 # 0
	8 # 45
	9 # 2
	10 # 27
	11 # 5
	12 # 38
	13 # 47
	14 # 41
	15 # 31
	16 # 22
	17 # 10
	18 # 35
	19 # 11
	20 # 12
	21 # 16
	22 # 23
	23 # 50
	24 # 6
	25 # 7
	26 # 52
	27 # 40
	28 # 29
	29 # 9
	30 # 33
	31 # 1
Timestep 10:
	0 # 34
	1 # 19
	2 # 53
	3 # 25
	4 # 27
	5 # 15
	6 # 45
	7 # 8
	8 # 38
	9 # 3
	10 # 20
	11 # 5
	12 # 31
	13 # 46
	14 # 48
	15 # 32
	16 # 21
	17 # 17
	18 # 42
	19 # 12
	20 # 13
	21 # 16
	22 # 23
	23 # 49
	24 # 6
	25 # 7
	26 # 51
	27 # 40
	28 # 30
	29 # 10
	30 # 33
	31 # 2
Timestep 11:
	0 # 41
	1 # 19
	2 # 52
	3 # 25
	4 # 35
	5 # 15
	6 # 53
	7 # 0
	8 # 38
	9 # 4
	10 # 27
	11 # 5
	12 # 23
	13 # 54
	14 # 55
	15 # 32
	16 # 29
	17 # 21
	18 # 43
	19 # 13
	20 # 14
	21 # 16
	22 # 24
	23 # 42
	24 # 6
	25 # 7
	26 # 50
	27 # 39
	28 # 31
	29 # 11
	30 # 34
	31 # 3

