Solution makespan:11
Timestep 0:
	0 # 21
	1 # 12
	2 # 1
	3 # 38
	4 # 2
	5 # 47
	6 # 3
	7 # 40
	8 # 30
	9 # 55
	10 # 6
	11 # 8
	12 # 17
	13 # 23
	14 # 45
	15 # 35
	16 # 18
	17 # 36
	18 # 13
	19 # 41
Timestep 1:
	0 # 21
	1 # 19
	2 # 1
	3 # 45
	4 # 3
	5 # 46
	6 # 9
	7 # 39
	8 # 31
	9 # 55
	10 # 6
	11 # 0
	12 # 10
	13 # 29
	14 # 44
	15 # 34
	16 # 17
	17 # 37
	18 # 14
	19 # 33
Timestep 2:
	0 # 28
	1 # 26
	2 # 2
	3 # 45
	4 # 9
	5 # 39
	6 # 15
	7 # 31
	8 # 32
	9 # 54
	10 # 11
	11 # 1
	12 # 17
	13 # 37
	14 # 52
	15 # 27
	16 # 16
	17 # 38
	18 # 14
	19 # 34
Timestep 3:
	0 # 27
	1 # 33
	2 # 3
	3 # 45
	4 # 15
	5 # 31
	6 # 23
	7 # 30
	8 # 25
	9 # 53
	10 # 18
	11 # 2
	12 # 10
	13 # 36
	14 # 51
	15 # 26
	16 # 17
	17 # 39
	18 # 21
	19 # 34
Timestep 4:
	0 # 26
	1 # 34
	2 # 9
	3 # 53
	4 # 23
	5 # 32
	6 # 22
	7 # 24
	8 # 18
	9 # 52
	10 # 11
	11 # 3
	12 # 5
	13 # 35
	14 # 50
	15 # 19
	16 # 16
	17 # 46
	18 # 21
	19 # 27
Timestep 5:
	0 # 33
	1 # 34
	2 # 15
	3 # 52
	4 # 29
	5 # 32
	6 # 23
	7 # 30
	8 # 11
	9 # 51
	10 # 10
	11 # 3
	12 # 4
	13 # 43
	14 # 49
	15 # 12
	16 # 24
	17 # 45
	18 # 21
	19 # 20
Timestep 6:
	0 # 41
	1 # 35
	2 # 16
	3 # 44
	4 # 37
	5 # 25
	6 # 29
	7 # 38
	8 # 11
	9 # 50
	10 # 10
	11 # 9
	12 # 3
	13 # 43
	14 # 42
	15 # 7
	16 # 24
	17 # 53
	18 # 22
	19 # 13
Timestep 7:
	0 # 48
	1 # 36
	2 # 24
	3 # 44
	4 # 37
	5 # 18
	6 # 30
	7 # 45
	8 # 6
	9 # 43
	10 # 11
	11 # 15
	12 # 2
	13 # 42
	14 # 41
	15 # 7
	16 # 23
	17 # 52
	18 # 21
	19 # 13
Timestep 8:
	0 # 41
	1 # 37
	2 # 30
	3 # 44
	4 # 38
	5 # 18
	6 # 31
	7 # 53
	8 # 5
	9 # 35
	10 # 6
	11 # 16
	12 # 3
	13 # 49
	14 # 33
	15 # 8
	16 # 22
	17 # 51
	18 # 28
	19 # 13
Timestep 9:
	0 # 42
	1 # 29
	2 # 38
	3 # 37
	4 # 45
	5 # 17
	6 # 31
	7 # 52
	8 # 4
	9 # 35
	10 # 11
	11 # 24
	12 # 3
	13 # 48
	14 # 26
	15 # 13
	16 # 21
	17 # 50
	18 # 28
	19 # 14
Timestep 10:
	0 # 49
	1 # 37
	2 # 45
	3 # 36
	4 # 46
	5 # 16
	6 # 39
	7 # 44
	8 # 4
	9 # 28
	10 # 18
	11 # 24
	12 # 3
	13 # 41
	14 # 27
	15 # 13
	16 # 20
	17 # 43
	18 # 21
	19 # 14
Timestep 11:
	0 # 48
	1 # 38
	2 # 53
	3 # 36
	4 # 45
	5 # 15
	6 # 39
	7 # 52
	8 # 4
	9 # 21
	10 # 25
	11 # 16
	12 # 3
	13 # 33
	14 # 27
	15 # 20
	16 # 19
	17 # 42
	18 # 22
	19 # 14

