Solution makespan:8
Timestep 0:
	0 # 47
	1 # 41
	2 # 53
	3 # 26
	4 # 2
	5 # 32
	6 # 23
	7 # 45
	8 # 42
	9 # 43
	10 # 5
	11 # 50
Timestep 1:
	0 # 39
	1 # 33
	2 # 53
	3 # 25
	4 # 10
	5 # 32
	6 # 22
	7 # 44
	8 # 34
	9 # 42
	10 # 4
	11 # 57
Timestep 2:
	0 # 40
	1 # 27
	2 # 45
	3 # 24
	4 # 11
	5 # 26
	6 # 21
	7 # 43
	8 # 35
	9 # 41
	10 # 12
	11 # 58
Timestep 3:
	0 # 41
	1 # 19
	2 # 53
	3 # 25
	4 # 11
	5 # 32
	6 # 20
	7 # 42
	8 # 34
	9 # 33
	10 # 13
	11 # 51
Timestep 4:
	0 # 49
	1 # 11
	2 # 53
	3 # 25
	4 # 12
	5 # 31
	6 # 19
	7 # 41
	8 # 28
	9 # 34
	10 # 14
	11 # 50
Timestep 5:
	0 # 56
	1 # 3
	2 # 53
	3 # 17
	4 # 13
	5 # 31
	6 # 18
	7 # 40
	8 # 20
	9 # 28
	10 # 22
	11 # 49
Timestep 6:
	0 # 57
	1 # 3
	2 # 52
	3 # 17
	4 # 14
	5 # 32
	6 # 19
	7 # 39
	8 # 12
	9 # 20
	10 # 22
	11 # 41
Timestep 7:
	0 # 58
	1 # 3
	2 # 52
	3 # 16
	4 # 22
	5 # 26
	6 # 18
	7 # 31
	8 # 4
	9 # 19
	10 # 21
	11 # 33
Timestep 8:
	0 # 59
	1 # 4
	2 # 52
	3 # 16
	4 # 29
	5 # 18
	6 # 17
	7 # 25
	8 # 5
	9 # 11
	10 # 13
	11 # 27

