Solution makespan:6
Timestep 0:
	0 # 9
	1 # 1
	2 # 2
	3 # 6
	4 # 4
	5 # 3
	6 # 13
	7 # 0
Timestep 1:
	0 # 13
	1 # 1
	2 # 2
	3 # 10
	4 # 5
	5 # 6
	6 # 14
	7 # 4
Timestep 2:
	0 # 13
	1 # 5
	2 # 3
	3 # 9
	4 # 4
	5 # 10
	6 # 14
	7 # 7
Timestep 3:
	0 # 12
	1 # 5
	2 # 6
	3 # 8
	4 # 7
	5 # 9
	6 # 10
	7 # 11
Timestep 4:
	0 # 8
	1 # 4
	2 # 10
	3 # 5
	4 # 7
	5 # 13
	6 # 9
	7 # 12
Timestep 5:
	0 # 5
	1 # 7
	2 # 14
	3 # 1
	4 # 11
	5 # 9
	6 # 8
	7 # 13
Timestep 6:
	0 # 4
	1 # 11
	2 # 14
	3 # 2
	4 # 12
	5 # 10
	6 # 5
	7 # 13

