Solution makespan:9
Timestep 0:
	0 # 35
	1 # 32
	2 # 26
	3 # 3
	4 # 40
	5 # 59
	6 # 15
	7 # 57
Timestep 1:
	0 # 43
	1 # 39
	2 # 27
	3 # 11
	4 # 48
	5 # 51
	6 # 14
	7 # 49
Timestep 2:
	0 # 51
	1 # 40
	2 # 34
	3 # 18
	4 # 49
	5 # 50
	6 # 14
	7 # 41
Timestep 3:
	0 # 51
	1 # 41
	2 # 42
	3 # 26
	4 # 48
	5 # 49
	6 # 21
	7 # 33
Timestep 4:
	0 # 50
	1 # 33
	2 # 34
	3 # 27
	4 # 40
	5 # 48
	6 # 22
	7 # 26
Timestep 5:
	0 # 49
	1 # 26
	2 # 33
	3 # 34
	4 # 39
	5 # 47
	6 # 23
	7 # 18
Timestep 6:
	0 # 57
	1 # 33
	2 # 41
	3 # 35
	4 # 38
	5 # 39
	6 # 16
	7 # 19
Timestep 7:
	0 # 56
	1 # 26
	2 # 40
	3 # 34
	4 # 31
	5 # 32
	6 # 8
	7 # 20
Timestep 8:
	0 # 55
	1 # 18
	2 # 48
	3 # 34
	4 # 38
	5 # 31
	6 # 8
	7 # 28
Timestep 9:
	0 # 55
	1 # 11
	2 # 48
	3 # 35
	4 # 31
	5 # 30
	6 # 9
	7 # 20

