Solution makespan:9
Timestep 0:
	0 # 11
	1 # 36
	2 # 38
	3 # 28
	4 # 15
	5 # 24
	6 # 44
	7 # 37
	8 # 49
	9 # 16
	10 # 4
	11 # 10
Timestep 1:
	0 # 11
	1 # 36
	2 # 30
	3 # 28
	4 # 16
	5 # 25
	6 # 44
	7 # 38
	8 # 54
	9 # 23
	10 # 12
	11 # 2
Timestep 2:
	0 # 10
	1 # 43
	2 # 31
	3 # 27
	4 # 23
	5 # 17
	6 # 38
	7 # 39
	8 # 49
	9 # 24
	10 # 11
	11 # 3
Timestep 3:
	0 # 9
	1 # 42
	2 # 32
	3 # 26
	4 # 24
	5 # 18
	6 # 30
	7 # 38
	8 # 43
	9 # 25
	10 # 10
	11 # 4
Timestep 4:
	0 # 16
	1 # 48
	2 # 33
	3 # 25
	4 # 31
	5 # 12
	6 # 23
	7 # 30
	8 # 42
	9 # 17
	10 # 9
	11 # 5
Timestep 5:
	0 # 15
	1 # 42
	2 # 32
	3 # 24
	4 # 39
	5 # 18
	6 # 16
	7 # 23
	8 # 35
	9 # 11
	10 # 8
	11 # 13
Timestep 6:
	0 # 16
	1 # 35
	2 # 25
	3 # 23
	4 # 45
	5 # 17
	6 # 9
	7 # 30
	8 # 28
	9 # 11
	10 # 8
	11 # 19
Timestep 7:
	0 # 9
	1 # 42
	2 # 32
	3 # 22
	4 # 46
	5 # 17
	6 # 10
	7 # 31
	8 # 20
	9 # 12
	10 # 15
	11 # 27
Timestep 8:
	0 # 1
	1 # 41
	2 # 32
	3 # 15
	4 # 51
	5 # 18
	6 # 2
	7 # 39
	8 # 19
	9 # 13
	10 # 16
	11 # 34
Timestep 9:
	0 # 0
	1 # 42
	2 # 25
	3 # 22
	4 # 52
	5 # 17
	6 # 3
	7 # 45
	8 # 20
	9 # 13
	10 # 9
	11 # 35

