Solution makespan:10
Timestep 0:
	0 # 10
	1 # 52
	2 # 23
	3 # 30
	4 # 29
	5 # 25
	6 # 17
	7 # 26
	8 # 13
	9 # 44
	10 # 32
	11 # 2
	12 # 18
	13 # 28
	14 # 8
	15 # 3
	16 # 15
	17 # 9
	18 # 48
	19 # 56
	20 # 37
	21 # 34
	22 # 14
	23 # 5
Timestep 1:
	0 # 11
	1 # 53
	2 # 16
	3 # 36
	4 # 21
	5 # 18
	6 # 24
	7 # 26
	8 # 12
	9 # 43
	10 # 32
	11 # 2
	12 # 19
	13 # 27
	14 # 8
	15 # 3
	16 # 14
	17 # 9
	18 # 42
	19 # 55
	20 # 38
	21 # 41
	22 # 13
	23 # 6
Timestep 2:
	0 # 3
	1 # 54
	2 # 8
	3 # 36
	4 # 14
	5 # 19
	6 # 32
	7 # 26
	8 # 11
	9 # 35
	10 # 31
	11 # 10
	12 # 20
	13 # 34
	14 # 0
	15 # 2
	16 # 13
	17 # 1
	18 # 43
	19 # 49
	20 # 39
	21 # 40
	22 # 5
	23 # 7
Timestep 3:
	0 # 4
	1 # 47
	2 # 8
	3 # 44
	4 # 13
	5 # 11
	6 # 38
	7 # 26
	8 # 10
	9 # 29
	10 # 37
	11 # 9
	12 # 27
	13 # 33
	14 # 0
	15 # 3
	16 # 12
	17 # 1
	18 # 35
	19 # 43
	20 # 39
	21 # 41
	22 # 5
	23 # 15
Timestep 4:
	0 # 5
	1 # 48
	2 # 16
	3 # 43
	4 # 12
	5 # 10
	6 # 45
	7 # 27
	8 # 18
	9 # 21
	10 # 31
	11 # 1
	12 # 34
	13 # 33
	14 # 8
	15 # 3
	16 # 11
	17 # 2
	18 # 29
	19 # 35
	20 # 40
	21 # 47
	22 # 6
	23 # 22
Timestep 5:
	0 # 6
	1 # 49
	2 # 23
	3 # 42
	4 # 11
	5 # 9
	6 # 45
	7 # 27
	8 # 19
	9 # 21
	10 # 31
	11 # 1
	12 # 41
	13 # 26
	14 # 16
	15 # 4
	16 # 3
	17 # 10
	18 # 29
	19 # 35
	20 # 33
	21 # 48
	22 # 7
	23 # 30
Timestep 6:
	0 # 7
	1 # 49
	2 # 24
	3 # 41
	4 # 3
	5 # 8
	6 # 38
	7 # 34
	8 # 20
	9 # 14
	10 # 37
	11 # 9
	12 # 47
	13 # 19
	14 # 23
	15 # 4
	16 # 2
	17 # 11
	18 # 21
	19 # 29
	20 # 26
	21 # 42
	22 # 15
	23 # 36
Timestep 7:
	0 # 15
	1 # 43
	2 # 25
	3 # 40
	4 # 2
	5 # 8
	6 # 38
	7 # 33
	8 # 20
	9 # 6
	10 # 37
	11 # 17
	12 # 48
	13 # 11
	14 # 24
	15 # 3
	16 # 10
	17 # 12
	18 # 14
	19 # 21
	20 # 27
	21 # 41
	22 # 22
	23 # 44
Timestep 8:
	0 # 22
	1 # 35
	2 # 26
	3 # 39
	4 # 1
	5 # 9
	6 # 37
	7 # 40
	8 # 12
	9 # 7
	10 # 31
	11 # 24
	12 # 49
	13 # 10
	14 # 32
	15 # 11
	16 # 18
	17 # 13
	18 # 6
	19 # 14
	20 # 20
	21 # 34
	22 # 30
	23 # 43
Timestep 9:
	0 # 30
	1 # 35
	2 # 26
	3 # 46
	4 # 0
	5 # 1
	6 # 37
	7 # 41
	8 # 11
	9 # 15
	10 # 31
	11 # 32
	12 # 55
	13 # 9
	14 # 38
	15 # 19
	16 # 17
	17 # 14
	18 # 5
	19 # 6
	20 # 20
	21 # 33
	22 # 36
	23 # 43
Timestep 10:
	0 # 36
	1 # 35
	2 # 27
	3 # 52
	4 # 0
	5 # 1
	6 # 37
	7 # 47
	8 # 11
	9 # 15
	10 # 23
	11 # 38
	12 # 56
	13 # 8
	14 # 39
	15 # 26
	16 # 24
	17 # 21
	18 # 13
	19 # 5
	20 # 12
	21 # 40
	22 # 44
	23 # 42

