Solution makespan:7
Timestep 0:
	0 # 30
	1 # 44
	2 # 48
	3 # 28
	4 # 24
	5 # 40
	6 # 33
	7 # 14
Timestep 1:
	0 # 22
	1 # 45
	2 # 41
	3 # 27
	4 # 31
	5 # 47
	6 # 32
	7 # 14
Timestep 2:
	0 # 23
	1 # 38
	2 # 40
	3 # 19
	4 # 31
	5 # 54
	6 # 33
	7 # 22
Timestep 3:
	0 # 15
	1 # 31
	2 # 47
	3 # 18
	4 # 32
	5 # 55
	6 # 34
	7 # 23
Timestep 4:
	0 # 14
	1 # 32
	2 # 46
	3 # 17
	4 # 33
	5 # 48
	6 # 27
	7 # 23
Timestep 5:
	0 # 14
	1 # 33
	2 # 45
	3 # 25
	4 # 26
	5 # 47
	6 # 28
	7 # 24
Timestep 6:
	0 # 15
	1 # 26
	2 # 44
	3 # 32
	4 # 18
	5 # 40
	6 # 29
	7 # 25
Timestep 7:
	0 # 14
	1 # 18
	2 # 43
	3 # 33
	4 # 11
	5 # 41
	6 # 21
	7 # 26

