Solution makespan:12
Timestep 0:
	0 # 45
	1 # 15
	2 # 54
	3 # 4
	4 # 22
	5 # 55
	6 # 19
	7 # 50
	8 # 9
	9 # 1
	10 # 3
	11 # 47
	12 # 53
	13 # 32
	14 # 34
	15 # 46
	16 # 49
	17 # 16
	18 # 57
	19 # 27
	20 # 43
	21 # 35
	22 # 48
	23 # 23
Timestep 1:
	0 # 45
	1 # 14
	2 # 53
	3 # 12
	4 # 22
	5 # 56
	6 # 20
	7 # 44
	8 # 8
	9 # 7
	10 # 11
	11 # 46
	12 # 52
	13 # 33
	14 # 34
	15 # 38
	16 # 42
	17 # 17
	18 # 58
	19 # 26
	20 # 35
	21 # 28
	22 # 41
	23 # 23
Timestep 2:
	0 # 51
	1 # 14
	2 # 54
	3 # 11
	4 # 23
	5 # 57
	6 # 21
	7 # 36
	8 # 16
	9 # 8
	10 # 19
	11 # 47
	12 # 46
	13 # 34
	14 # 27
	15 # 37
	16 # 43
	17 # 17
	18 # 50
	19 # 18
	20 # 28
	21 # 29
	22 # 40
	23 # 31
Timestep 3:
	0 # 52
	1 # 22
	2 # 55
	3 # 19
	4 # 15
	5 # 58
	6 # 13
	7 # 29
	8 # 24
	9 # 9
	10 # 18
	11 # 53
	12 # 45
	13 # 35
	14 # 34
	15 # 30
	16 # 42
	17 # 25
	18 # 44
	19 # 17
	20 # 28
	21 # 21
	22 # 39
	23 # 38
Timestep 4:
	0 # 46
	1 # 30
	2 # 48
	3 # 11
	4 # 14
	5 # 50
	6 # 13
	7 # 29
	8 # 23
	9 # 10
	10 # 17
	11 # 52
	12 # 51
	13 # 28
	14 # 33
	15 # 31
	16 # 34
	17 # 32
	18 # 36
	19 # 16
	20 # 27
	21 # 21
	22 # 47
	23 # 39
Timestep 5:
	0 # 38
	1 # 37
	2 # 41
	3 # 3
	4 # 14
	5 # 44
	6 # 5
	7 # 28
	8 # 22
	9 # 11
	10 # 25
	11 # 53
	12 # 52
	13 # 20
	14 # 26
	15 # 31
	16 # 27
	17 # 33
	18 # 35
	19 # 24
	20 # 19
	21 # 21
	22 # 47
	23 # 40
Timestep 6:
	0 # 39
	1 # 45
	2 # 33
	3 # 11
	4 # 15
	5 # 36
	6 # 4
	7 # 29
	8 # 30
	9 # 12
	10 # 32
	11 # 54
	12 # 53
	13 # 21
	14 # 25
	15 # 38
	16 # 19
	17 # 26
	18 # 28
	19 # 24
	20 # 18
	21 # 13
	22 # 46
	23 # 41
Timestep 7:
	0 # 47
	1 # 51
	2 # 33
	3 # 10
	4 # 7
	5 # 29
	6 # 4
	7 # 21
	8 # 22
	9 # 20
	10 # 32
	11 # 55
	12 # 54
	13 # 13
	14 # 25
	15 # 46
	16 # 18
	17 # 27
	18 # 35
	19 # 23
	20 # 17
	21 # 12
	22 # 45
	23 # 42
Timestep 8:
	0 # 53
	1 # 52
	2 # 34
	3 # 9
	4 # 15
	5 # 21
	6 # 3
	7 # 13
	8 # 14
	9 # 28
	10 # 32
	11 # 48
	12 # 55
	13 # 5
	14 # 26
	15 # 46
	16 # 10
	17 # 19
	18 # 35
	19 # 31
	20 # 25
	21 # 11
	22 # 37
	23 # 43
Timestep 9:
	0 # 54
	1 # 53
	2 # 27
	3 # 8
	4 # 23
	5 # 21
	6 # 11
	7 # 5
	8 # 6
	9 # 29
	10 # 40
	11 # 41
	12 # 48
	13 # 4
	14 # 26
	15 # 47
	16 # 9
	17 # 20
	18 # 28
	19 # 38
	20 # 32
	21 # 12
	22 # 30
	23 # 43
Timestep 10:
	0 # 55
	1 # 54
	2 # 19
	3 # 7
	4 # 31
	5 # 21
	6 # 10
	7 # 13
	8 # 14
	9 # 36
	10 # 39
	11 # 42
	12 # 41
	13 # 4
	14 # 18
	15 # 47
	16 # 8
	17 # 28
	18 # 27
	19 # 46
	20 # 40
	21 # 11
	22 # 22
	23 # 35
Timestep 11:
	0 # 56
	1 # 55
	2 # 11
	3 # 1
	4 # 30
	5 # 29
	6 # 9
	7 # 5
	8 # 15
	9 # 44
	10 # 38
	11 # 49
	12 # 42
	13 # 12
	14 # 19
	15 # 53
	16 # 7
	17 # 27
	18 # 34
	19 # 52
	20 # 39
	21 # 10
	22 # 14
	23 # 36
Timestep 12:
	0 # 49
	1 # 56
	2 # 3
	3 # 1
	4 # 37
	5 # 29
	6 # 2
	7 # 5
	8 # 16
	9 # 50
	10 # 46
	11 # 42
	12 # 43
	13 # 13
	14 # 20
	15 # 54
	16 # 7
	17 # 19
	18 # 34
	19 # 51
	20 # 47
	21 # 10
	22 # 6
	23 # 44

