Solution makespan:10
Timestep 0:
	0 # 29
	1 # 19
	2 # 52
	3 # 59
	4 # 36
	5 # 28
	6 # 2
	7 # 25
	8 # 47
	9 # 46
	10 # 24
	11 # 43
	12 # 17
	13 # 34
	14 # 54
	15 # 26
	16 # 22
	17 # 20
	18 # 8
	19 # 42
	20 # 12
	21 # 14
	22 # 13
	23 # 1
	24 # 3
	25 # 44
	26 # 48
	27 # 27
Timestep 1:
	0 # 30
	1 # 27
	2 # 51
	3 # 52
	4 # 29
	5 # 28
	6 # 1
	7 # 33
	8 # 47
	9 # 39
	10 # 25
	11 # 36
	12 # 10
	13 # 34
	14 # 53
	15 # 18
	16 # 22
	17 # 13
	18 # 9
	19 # 35
	20 # 4
	21 # 21
	22 # 12
	23 # 0
	24 # 11
	25 # 44
	26 # 55
	27 # 26
Timestep 2:
	0 # 30
	1 # 26
	2 # 58
	3 # 44
	4 # 29
	5 # 27
	6 # 0
	7 # 40
	8 # 46
	9 # 32
	10 # 17
	11 # 37
	12 # 2
	13 # 33
	14 # 54
	15 # 19
	16 # 15
	17 # 14
	18 # 10
	19 # 28
	20 # 5
	21 # 21
	22 # 4
	23 # 8
	24 # 12
	25 # 43
	26 # 55
	27 # 25
Timestep 3:
	0 # 37
	1 # 25
	2 # 57
	3 # 43
	4 # 28
	5 # 26
	6 # 8
	7 # 47
	8 # 39
	9 # 24
	10 # 18
	11 # 36
	12 # 2
	13 # 32
	14 # 46
	15 # 20
	16 # 22
	17 # 15
	18 # 11
	19 # 27
	20 # 5
	21 # 29
	22 # 3
	23 # 9
	24 # 13
	25 # 51
	26 # 48
	27 # 17
Timestep 4:
	0 # 44
	1 # 24
	2 # 56
	3 # 36
	4 # 27
	5 # 34
	6 # 9
	7 # 46
	8 # 32
	9 # 16
	10 # 19
	11 # 29
	12 # 1
	13 # 31
	14 # 39
	15 # 21
	16 # 30
	17 # 22
	18 # 12
	19 # 26
	20 # 6
	21 # 28
	22 # 11
	23 # 10
	24 # 14
	25 # 51
	26 # 47
	27 # 25
Timestep 5:
	0 # 44
	1 # 16
	2 # 55
	3 # 29
	4 # 26
	5 # 34
	6 # 8
	7 # 39
	8 # 31
	9 # 9
	10 # 20
	11 # 21
	12 # 1
	13 # 38
	14 # 32
	15 # 14
	16 # 37
	17 # 22
	18 # 13
	19 # 18
	20 # 7
	21 # 27
	22 # 12
	23 # 17
	24 # 15
	25 # 43
	26 # 40
	27 # 33
Timestep 6:
	0 # 43
	1 # 16
	2 # 48
	3 # 29
	4 # 25
	5 # 34
	6 # 8
	7 # 39
	8 # 23
	9 # 10
	10 # 28
	11 # 14
	12 # 2
	13 # 31
	14 # 24
	15 # 6
	16 # 44
	17 # 30
	18 # 20
	19 # 11
	20 # 7
	21 # 26
	22 # 12
	23 # 18
	24 # 22
	25 # 36
	26 # 47
	27 # 40
Timestep 7:
	0 # 36
	1 # 17
	2 # 47
	3 # 21
	4 # 33
	5 # 34
	6 # 0
	7 # 39
	8 # 24
	9 # 2
	10 # 35
	11 # 13
	12 # 3
	13 # 38
	14 # 16
	15 # 6
	16 # 43
	17 # 37
	18 # 28
	19 # 10
	20 # 7
	21 # 25
	22 # 19
	23 # 26
	24 # 30
	25 # 29
	26 # 46
	27 # 40
Timestep 8:
	0 # 36
	1 # 18
	2 # 46
	3 # 14
	4 # 33
	5 # 26
	6 # 1
	7 # 32
	8 # 23
	9 # 2
	10 # 42
	11 # 12
	12 # 11
	13 # 45
	14 # 16
	15 # 7
	16 # 43
	17 # 44
	18 # 35
	19 # 9
	20 # 15
	21 # 24
	22 # 20
	23 # 27
	24 # 37
	25 # 21
	26 # 54
	27 # 47
Timestep 9:
	0 # 29
	1 # 19
	2 # 46
	3 # 13
	4 # 40
	5 # 26
	6 # 2
	7 # 33
	8 # 31
	9 # 3
	10 # 50
	11 # 11
	12 # 10
	13 # 38
	14 # 9
	15 # 15
	16 # 36
	17 # 43
	18 # 42
	19 # 8
	20 # 22
	21 # 24
	22 # 28
	23 # 27
	24 # 44
	25 # 14
	26 # 53
	27 # 48
Timestep 10:
	0 # 21
	1 # 20
	2 # 47
	3 # 5
	4 # 39
	5 # 18
	6 # 2
	7 # 34
	8 # 31
	9 # 4
	10 # 50
	11 # 10
	12 # 17
	13 # 45
	14 # 1
	15 # 22
	16 # 37
	17 # 42
	18 # 41
	19 # 0
	20 # 30
	21 # 23
	22 # 35
	23 # 28
	24 # 52
	25 # 6
	26 # 53
	27 # 48

