Solution makespan:9
Timestep 0:
	0 # 11
	1 # 56
	2 # 57
	3 # 52
	4 # 45
	5 # 1
	6 # 43
	7 # 18
	8 # 38
	9 # 7
	10 # 32
	11 # 44
Timestep 1:
	0 # 19
	1 # 48
	2 # 56
	3 # 52
	4 # 39
	5 # 8
	6 # 43
	7 # 18
	8 # 30
	9 # 7
	10 # 31
	11 # 44
Timestep 2:
	0 # 18
	1 # 48
	2 # 55
	3 # 45
	4 # 31
	5 # 9
	6 # 35
	7 # 10
	8 # 23
	9 # 8
	10 # 32
	11 # 44
Timestep 3:
	0 # 25
	1 # 43
	2 # 54
	3 # 45
	4 # 31
	5 # 17
	6 # 34
	7 # 11
	8 # 16
	9 # 9
	10 # 40
	11 # 38
Timestep 4:
	0 # 32
	1 # 35
	2 # 53
	3 # 39
	4 # 24
	5 # 18
	6 # 42
	7 # 11
	8 # 16
	9 # 10
	10 # 46
	11 # 30
Timestep 5:
	0 # 33
	1 # 28
	2 # 52
	3 # 45
	4 # 17
	5 # 25
	6 # 41
	7 # 12
	8 # 8
	9 # 10
	10 # 53
	11 # 38
Timestep 6:
	0 # 34
	1 # 21
	2 # 51
	3 # 45
	4 # 18
	5 # 32
	6 # 40
	7 # 12
	8 # 1
	9 # 11
	10 # 54
	11 # 38
Timestep 7:
	0 # 27
	1 # 13
	2 # 44
	3 # 46
	4 # 19
	5 # 32
	6 # 41
	7 # 4
	8 # 1
	9 # 11
	10 # 53
	11 # 30
Timestep 8:
	0 # 27
	1 # 12
	2 # 38
	3 # 47
	4 # 20
	5 # 40
	6 # 42
	7 # 5
	8 # 0
	9 # 19
	10 # 52
	11 # 31
Timestep 9:
	0 # 26
	1 # 11
	2 # 37
	3 # 54
	4 # 12
	5 # 46
	6 # 43
	7 # 5
	8 # 7
	9 # 19
	10 # 45
	11 # 32

