Solution makespan:9
Timestep 0:
	0 # 54
	1 # 22
	2 # 4
	3 # 6
	4 # 8
	5 # 45
	6 # 12
	7 # 18
Timestep 1:
	0 # 53
	1 # 22
	2 # 5
	3 # 14
	4 # 9
	5 # 44
	6 # 12
	7 # 24
Timestep 2:
	0 # 52
	1 # 22
	2 # 4
	3 # 20
	4 # 10
	5 # 37
	6 # 13
	7 # 31
Timestep 3:
	0 # 46
	1 # 29
	2 # 3
	3 # 27
	4 # 11
	5 # 30
	6 # 14
	7 # 38
Timestep 4:
	0 # 45
	1 # 36
	2 # 2
	3 # 26
	4 # 3
	5 # 23
	6 # 20
	7 # 37
Timestep 5:
	0 # 44
	1 # 43
	2 # 1
	3 # 25
	4 # 3
	5 # 17
	6 # 27
	7 # 36
Timestep 6:
	0 # 37
	1 # 36
	2 # 2
	3 # 24
	4 # 3
	5 # 10
	6 # 20
	7 # 35
Timestep 7:
	0 # 36
	1 # 29
	2 # 10
	3 # 31
	4 # 11
	5 # 9
	6 # 14
	7 # 35
Timestep 8:
	0 # 37
	1 # 22
	2 # 10
	3 # 38
	4 # 12
	5 # 8
	6 # 20
	7 # 42
Timestep 9:
	0 # 30
	1 # 22
	2 # 2
	3 # 45
	4 # 11
	5 # 8
	6 # 27
	7 # 43

