Solution makespan:10
Timestep 0:
	0 # 21
	1 # 45
	2 # 33
	3 # 19
	4 # 41
	5 # 6
	6 # 11
	7 # 5
Timestep 1:
	0 # 21
	1 # 44
	2 # 40
	3 # 24
	4 # 42
	5 # 6
	6 # 18
	7 # 13
Timestep 2:
	0 # 15
	1 # 43
	2 # 41
	3 # 31
	4 # 50
	5 # 7
	6 # 17
	7 # 12
Timestep 3:
	0 # 14
	1 # 35
	2 # 42
	3 # 38
	4 # 51
	5 # 8
	6 # 16
	7 # 19
Timestep 4:
	0 # 14
	1 # 34
	2 # 43
	3 # 46
	4 # 52
	5 # 9
	6 # 22
	7 # 24
Timestep 5:
	0 # 14
	1 # 28
	2 # 44
	3 # 45
	4 # 53
	5 # 10
	6 # 22
	7 # 23
Timestep 6:
	0 # 14
	1 # 21
	2 # 36
	3 # 46
	4 # 45
	5 # 9
	6 # 22
	7 # 30
Timestep 7:
	0 # 14
	1 # 22
	2 # 29
	3 # 38
	4 # 44
	5 # 9
	6 # 16
	7 # 37
Timestep 8:
	0 # 7
	1 # 22
	2 # 30
	3 # 37
	4 # 43
	5 # 8
	6 # 15
	7 # 36
Timestep 9:
	0 # 1
	1 # 21
	2 # 23
	3 # 38
	4 # 42
	5 # 7
	6 # 15
	7 # 35
Timestep 10:
	0 # 2
	1 # 22
	2 # 18
	3 # 39
	4 # 41
	5 # 6
	6 # 14
	7 # 34

