Solution makespan:12
Timestep 0:
	0 # 20
	1 # 39
	2 # 13
	3 # 26
	4 # 22
	5 # 24
	6 # 49
	7 # 4
	8 # 51
	9 # 28
	10 # 17
	11 # 50
	12 # 16
	13 # 1
	14 # 9
	15 # 2
Timestep 1:
	0 # 20
	1 # 46
	2 # 13
	3 # 33
	4 # 23
	5 # 18
	6 # 42
	7 # 12
	8 # 50
	9 # 29
	10 # 16
	11 # 49
	12 # 8
	13 # 2
	14 # 9
	15 # 3
Timestep 2:
	0 # 25
	1 # 45
	2 # 12
	3 # 32
	4 # 28
	5 # 19
	6 # 49
	7 # 11
	8 # 50
	9 # 30
	10 # 22
	11 # 48
	12 # 16
	13 # 3
	14 # 17
	15 # 4
Timestep 3:
	0 # 20
	1 # 44
	2 # 4
	3 # 39
	4 # 23
	5 # 19
	6 # 50
	7 # 10
	8 # 43
	9 # 31
	10 # 27
	11 # 48
	12 # 22
	13 # 11
	14 # 9
	15 # 5
Timestep 4:
	0 # 13
	1 # 43
	2 # 3
	3 # 46
	4 # 23
	5 # 20
	6 # 50
	7 # 9
	8 # 37
	9 # 38
	10 # 34
	11 # 41
	12 # 27
	13 # 18
	14 # 17
	15 # 6
Timestep 5:
	0 # 12
	1 # 42
	2 # 2
	3 # 53
	4 # 17
	5 # 20
	6 # 49
	7 # 8
	8 # 30
	9 # 44
	10 # 34
	11 # 35
	12 # 28
	13 # 24
	14 # 9
	15 # 14
Timestep 6:
	0 # 4
	1 # 41
	2 # 1
	3 # 46
	4 # 9
	5 # 13
	6 # 48
	7 # 16
	8 # 29
	9 # 45
	10 # 40
	11 # 28
	12 # 27
	13 # 30
	14 # 10
	15 # 21
Timestep 7:
	0 # 5
	1 # 35
	2 # 0
	3 # 39
	4 # 1
	5 # 13
	6 # 41
	7 # 22
	8 # 30
	9 # 46
	10 # 47
	11 # 23
	12 # 34
	13 # 37
	14 # 11
	15 # 20
Timestep 8:
	0 # 6
	1 # 28
	2 # 8
	3 # 32
	4 # 9
	5 # 5
	6 # 35
	7 # 27
	8 # 24
	9 # 39
	10 # 48
	11 # 17
	12 # 34
	13 # 38
	14 # 11
	15 # 19
Timestep 9:
	0 # 7
	1 # 23
	2 # 16
	3 # 33
	4 # 8
	5 # 13
	6 # 36
	7 # 28
	8 # 18
	9 # 32
	10 # 49
	11 # 17
	12 # 35
	13 # 44
	14 # 3
	15 # 19
Timestep 10:
	0 # 7
	1 # 17
	2 # 16
	3 # 26
	4 # 8
	5 # 13
	6 # 42
	7 # 29
	8 # 18
	9 # 32
	10 # 50
	11 # 9
	12 # 28
	13 # 45
	14 # 2
	15 # 12
Timestep 11:
	0 # 15
	1 # 9
	2 # 22
	3 # 33
	4 # 8
	5 # 13
	6 # 43
	7 # 30
	8 # 19
	9 # 32
	10 # 51
	11 # 10
	12 # 23
	13 # 46
	14 # 1
	15 # 11
Timestep 12:
	0 # 14
	1 # 1
	2 # 27
	3 # 26
	4 # 8
	5 # 5
	6 # 37
	7 # 31
	8 # 20
	9 # 32
	10 # 52
	11 # 10
	12 # 17
	13 # 53
	14 # 0
	15 # 3

