Solution makespan:12
Timestep 0:
	0 # 8
	1 # 37
	2 # 40
	3 # 47
	4 # 12
	5 # 18
	6 # 34
	7 # 16
	8 # 13
	9 # 38
	10 # 27
	11 # 9
	12 # 44
	13 # 39
	14 # 1
	15 # 22
	16 # 36
	17 # 50
	18 # 31
	19 # 48
	20 # 20
	21 # 10
	22 # 29
	23 # 17
	24 # 11
	25 # 3
	26 # 21
	27 # 5
Timestep 1:
	0 # 16
	1 # 43
	2 # 34
	3 # 40
	4 # 5
	5 # 25
	6 # 33
	7 # 15
	8 # 6
	9 # 39
	10 # 26
	11 # 9
	12 # 52
	13 # 45
	14 # 2
	15 # 28
	16 # 37
	17 # 51
	18 # 31
	19 # 49
	20 # 19
	21 # 10
	22 # 29
	23 # 24
	24 # 12
	25 # 3
	26 # 13
	27 # 4
Timestep 2:
	0 # 17
	1 # 44
	2 # 27
	3 # 34
	4 # 5
	5 # 32
	6 # 33
	7 # 14
	8 # 6
	9 # 45
	10 # 26
	11 # 9
	12 # 51
	13 # 46
	14 # 8
	15 # 29
	16 # 38
	17 # 43
	18 # 37
	19 # 50
	20 # 18
	21 # 10
	22 # 30
	23 # 23
	24 # 12
	25 # 4
	26 # 13
	27 # 11
Timestep 3:
	0 # 9
	1 # 44
	2 # 27
	3 # 33
	4 # 4
	5 # 38
	6 # 26
	7 # 22
	8 # 13
	9 # 53
	10 # 20
	11 # 8
	12 # 43
	13 # 47
	14 # 16
	15 # 35
	16 # 39
	17 # 37
	18 # 31
	19 # 51
	20 # 25
	21 # 11
	22 # 29
	23 # 30
	24 # 5
	25 # 3
	26 # 12
	27 # 19
Timestep 4:
	0 # 8
	1 # 43
	2 # 34
	3 # 26
	4 # 3
	5 # 39
	6 # 20
	7 # 28
	8 # 21
	9 # 53
	10 # 19
	11 # 2
	12 # 37
	13 # 40
	14 # 23
	15 # 42
	16 # 45
	17 # 31
	18 # 32
	19 # 52
	20 # 25
	21 # 12
	22 # 30
	23 # 36
	24 # 6
	25 # 10
	26 # 5
	27 # 18
Timestep 5:
	0 # 8
	1 # 51
	2 # 27
	3 # 20
	4 # 3
	5 # 45
	6 # 19
	7 # 29
	8 # 21
	9 # 53
	10 # 11
	11 # 1
	12 # 31
	13 # 34
	14 # 24
	15 # 49
	16 # 46
	17 # 30
	18 # 38
	19 # 52
	20 # 32
	21 # 5
	22 # 23
	23 # 37
	24 # 13
	25 # 9
	26 # 4
	27 # 17
Timestep 6:
	0 # 16
	1 # 52
	2 # 26
	3 # 19
	4 # 3
	5 # 46
	6 # 18
	7 # 35
	8 # 20
	9 # 53
	10 # 11
	11 # 0
	12 # 37
	13 # 34
	14 # 25
	15 # 50
	16 # 47
	17 # 29
	18 # 39
	19 # 44
	20 # 38
	21 # 6
	22 # 30
	23 # 43
	24 # 21
	25 # 10
	26 # 5
	27 # 24
Timestep 7:
	0 # 16
	1 # 52
	2 # 26
	3 # 18
	4 # 3
	5 # 47
	6 # 17
	7 # 42
	8 # 19
	9 # 53
	10 # 11
	11 # 7
	12 # 36
	13 # 34
	14 # 32
	15 # 51
	16 # 40
	17 # 29
	18 # 45
	19 # 38
	20 # 37
	21 # 5
	22 # 30
	23 # 44
	24 # 27
	25 # 9
	26 # 4
	27 # 31
Timestep 8:
	0 # 17
	1 # 51
	2 # 20
	3 # 25
	4 # 3
	5 # 40
	6 # 24
	7 # 49
	8 # 18
	9 # 53
	10 # 12
	11 # 14
	12 # 35
	13 # 27
	14 # 38
	15 # 43
	16 # 34
	17 # 30
	18 # 46
	19 # 39
	20 # 36
	21 # 5
	22 # 23
	23 # 45
	24 # 26
	25 # 8
	26 # 4
	27 # 37
Timestep 9:
	0 # 9
	1 # 52
	2 # 12
	3 # 24
	4 # 10
	5 # 34
	6 # 31
	7 # 50
	8 # 25
	9 # 53
	10 # 5
	11 # 22
	12 # 29
	13 # 21
	14 # 44
	15 # 51
	16 # 27
	17 # 23
	18 # 47
	19 # 38
	20 # 35
	21 # 4
	22 # 16
	23 # 46
	24 # 33
	25 # 2
	26 # 11
	27 # 36
Timestep 10:
	0 # 10
	1 # 44
	2 # 12
	3 # 23
	4 # 18
	5 # 27
	6 # 37
	7 # 50
	8 # 32
	9 # 53
	10 # 5
	11 # 28
	12 # 30
	13 # 20
	14 # 45
	15 # 51
	16 # 26
	17 # 16
	18 # 54
	19 # 38
	20 # 42
	21 # 3
	22 # 15
	23 # 47
	24 # 34
	25 # 1
	26 # 4
	27 # 35
Timestep 11:
	0 # 11
	1 # 44
	2 # 20
	3 # 30
	4 # 25
	5 # 26
	6 # 43
	7 # 50
	8 # 38
	9 # 45
	10 # 6
	11 # 29
	12 # 31
	13 # 21
	14 # 46
	15 # 52
	16 # 33
	17 # 17
	18 # 54
	19 # 37
	20 # 41
	21 # 3
	22 # 16
	23 # 40
	24 # 27
	25 # 0
	26 # 4
	27 # 42
Timestep 12:
	0 # 12
	1 # 43
	2 # 19
	3 # 36
	4 # 32
	5 # 20
	6 # 51
	7 # 50
	8 # 44
	9 # 46
	10 # 13
	11 # 30
	12 # 31
	13 # 21
	14 # 47
	15 # 52
	16 # 33
	17 # 18
	18 # 54
	19 # 37
	20 # 48
	21 # 10
	22 # 17
	23 # 40
	24 # 26
	25 # 7
	26 # 4
	27 # 41

