Solution makespan:8
Timestep 0:
	0 # 12
	1 # 8
	2 # 2
	3 # 3
	4 # 7
	5 # 9
	6 # 11
Timestep 1:
	0 # 8
	1 # 7
	2 # 1
	3 # 5
	4 # 6
	5 # 13
	6 # 12
Timestep 2:
	0 # 7
	1 # 6
	2 # 2
	3 # 9
	4 # 10
	5 # 13
	6 # 12
Timestep 3:
	0 # 11
	1 # 4
	2 # 2
	3 # 8
	4 # 6
	5 # 13
	6 # 12
Timestep 4:
	0 # 11
	1 # 0
	2 # 3
	3 # 7
	4 # 10
	5 # 13
	6 # 8
Timestep 5:
	0 # 11
	1 # 1
	2 # 3
	3 # 6
	4 # 10
	5 # 9
	6 # 12
Timestep 6:
	0 # 10
	1 # 2
	2 # 5
	3 # 4
	4 # 6
	5 # 13
	6 # 8
Timestep 7:
	0 # 6
	1 # 3
	2 # 5
	3 # 0
	4 # 7
	5 # 12
	6 # 9
Timestep 8:
	0 # 4
	1 # 2
	2 # 5
	3 # 1
	4 # 7
	5 # 11
	6 # 13

