Solution makespan:9
Timestep 0:
	0 # 22
	1 # 24
	2 # 49
	3 # 4
	4 # 51
	5 # 28
	6 # 17
	7 # 50
	8 # 16
	9 # 1
	10 # 9
	11 # 2
Timestep 1:
	0 # 27
	1 # 24
	2 # 48
	3 # 12
	4 # 44
	5 # 35
	6 # 23
	7 # 50
	8 # 17
	9 # 9
	10 # 8
	11 # 2
Timestep 2:
	0 # 22
	1 # 30
	2 # 47
	3 # 11
	4 # 38
	5 # 41
	6 # 28
	7 # 49
	8 # 16
	9 # 17
	10 # 0
	11 # 10
Timestep 3:
	0 # 22
	1 # 37
	2 # 40
	3 # 10
	4 # 31
	5 # 41
	6 # 35
	7 # 42
	8 # 8
	9 # 17
	10 # 1
	11 # 9
Timestep 4:
	0 # 16
	1 # 43
	2 # 34
	3 # 9
	4 # 30
	5 # 41
	6 # 36
	7 # 42
	8 # 0
	9 # 23
	10 # 2
	11 # 1
Timestep 5:
	0 # 17
	1 # 50
	2 # 27
	3 # 10
	4 # 24
	5 # 35
	6 # 37
	7 # 41
	8 # 0
	9 # 28
	10 # 3
	11 # 9
Timestep 6:
	0 # 23
	1 # 51
	2 # 22
	3 # 2
	4 # 18
	5 # 36
	6 # 38
	7 # 35
	8 # 1
	9 # 29
	10 # 4
	11 # 10
Timestep 7:
	0 # 23
	1 # 52
	2 # 16
	3 # 3
	4 # 19
	5 # 36
	6 # 44
	7 # 35
	8 # 9
	9 # 30
	10 # 5
	11 # 2
Timestep 8:
	0 # 28
	1 # 52
	2 # 8
	3 # 11
	4 # 20
	5 # 35
	6 # 45
	7 # 41
	8 # 17
	9 # 30
	10 # 6
	11 # 2
Timestep 9:
	0 # 28
	1 # 53
	2 # 8
	3 # 18
	4 # 21
	5 # 34
	6 # 46
	7 # 48
	8 # 16
	9 # 31
	10 # 7
	11 # 2

