Solution makespan:8
Timestep 0:
	0 # 1
	1 # 16
	2 # 41
	3 # 28
	4 # 47
	5 # 55
	6 # 38
	7 # 54
	8 # 30
	9 # 52
	10 # 46
	11 # 36
Timestep 1:
	0 # 2
	1 # 17
	2 # 40
	3 # 36
	4 # 47
	5 # 48
	6 # 39
	7 # 55
	8 # 31
	9 # 53
	10 # 45
	11 # 35
Timestep 2:
	0 # 10
	1 # 18
	2 # 32
	3 # 36
	4 # 46
	5 # 48
	6 # 40
	7 # 54
	8 # 24
	9 # 45
	10 # 38
	11 # 34
Timestep 3:
	0 # 11
	1 # 19
	2 # 32
	3 # 28
	4 # 39
	5 # 55
	6 # 41
	7 # 47
	8 # 23
	9 # 38
	10 # 30
	11 # 42
Timestep 4:
	0 # 3
	1 # 19
	2 # 33
	3 # 22
	4 # 38
	5 # 55
	6 # 48
	7 # 46
	8 # 16
	9 # 30
	10 # 31
	11 # 41
Timestep 5:
	0 # 11
	1 # 18
	2 # 41
	3 # 21
	4 # 38
	5 # 54
	6 # 49
	7 # 45
	8 # 23
	9 # 30
	10 # 32
	11 # 40
Timestep 6:
	0 # 11
	1 # 25
	2 # 40
	3 # 27
	4 # 38
	5 # 55
	6 # 50
	7 # 46
	8 # 30
	9 # 31
	10 # 33
	11 # 39
Timestep 7:
	0 # 18
	1 # 32
	2 # 47
	3 # 35
	4 # 37
	5 # 48
	6 # 56
	7 # 39
	8 # 31
	9 # 24
	10 # 34
	11 # 38
Timestep 8:
	0 # 19
	1 # 33
	2 # 48
	3 # 43
	4 # 29
	5 # 41
	6 # 56
	7 # 38
	8 # 31
	9 # 25
	10 # 35
	11 # 45

