Solution makespan:7
Timestep 0:
	0 # 0
	1 # 4
	2 # 9
	3 # 7
	4 # 1
	5 # 5
	6 # 2
Timestep 1:
	0 # 0
	1 # 8
	2 # 12
	3 # 10
	4 # 1
	5 # 6
	6 # 2
Timestep 2:
	0 # 4
	1 # 9
	2 # 12
	3 # 14
	4 # 5
	5 # 7
	6 # 2
Timestep 3:
	0 # 5
	1 # 8
	2 # 9
	3 # 13
	4 # 6
	5 # 3
	6 # 1
Timestep 4:
	0 # 6
	1 # 11
	2 # 9
	3 # 12
	4 # 7
	5 # 3
	6 # 0
Timestep 5:
	0 # 7
	1 # 8
	2 # 5
	3 # 11
	4 # 10
	5 # 2
	6 # 4
Timestep 6:
	0 # 10
	1 # 9
	2 # 6
	3 # 11
	4 # 14
	5 # 2
	6 # 8
Timestep 7:
	0 # 14
	1 # 9
	2 # 7
	3 # 12
	4 # 13
	5 # 2
	6 # 11

