Solution makespan:8
Timestep 0:
	0 # 8
	1 # 13
	2 # 4
	3 # 9
	4 # 52
	5 # 44
	6 # 32
	7 # 0
Timestep 1:
	0 # 16
	1 # 21
	2 # 3
	3 # 8
	4 # 53
	5 # 44
	6 # 33
	7 # 1
Timestep 2:
	0 # 17
	1 # 20
	2 # 10
	3 # 7
	4 # 52
	5 # 36
	6 # 34
	7 # 8
Timestep 3:
	0 # 25
	1 # 19
	2 # 3
	3 # 0
	4 # 52
	5 # 35
	6 # 26
	7 # 16
Timestep 4:
	0 # 33
	1 # 18
	2 # 4
	3 # 0
	4 # 51
	5 # 34
	6 # 27
	7 # 16
Timestep 5:
	0 # 41
	1 # 17
	2 # 4
	3 # 7
	4 # 50
	5 # 33
	6 # 28
	7 # 15
Timestep 6:
	0 # 42
	1 # 16
	2 # 11
	3 # 8
	4 # 49
	5 # 41
	6 # 20
	7 # 23
Timestep 7:
	0 # 50
	1 # 15
	2 # 10
	3 # 9
	4 # 48
	5 # 42
	6 # 12
	7 # 23
Timestep 8:
	0 # 49
	1 # 23
	2 # 11
	3 # 10
	4 # 47
	5 # 42
	6 # 5
	7 # 31

