Solution makespan:9
Timestep 0:
	0 # 12
	1 # 55
	2 # 9
	3 # 35
	4 # 20
	5 # 45
	6 # 49
	7 # 17
	8 # 30
	9 # 6
	10 # 13
	11 # 3
	12 # 57
	13 # 18
	14 # 37
	15 # 34
Timestep 1:
	0 # 19
	1 # 55
	2 # 9
	3 # 34
	4 # 28
	5 # 45
	6 # 49
	7 # 25
	8 # 22
	9 # 12
	10 # 13
	11 # 2
	12 # 56
	13 # 26
	14 # 38
	15 # 33
Timestep 2:
	0 # 20
	1 # 55
	2 # 10
	3 # 33
	4 # 36
	5 # 38
	6 # 49
	7 # 25
	8 # 21
	9 # 19
	10 # 13
	11 # 1
	12 # 48
	13 # 34
	14 # 39
	15 # 32
Timestep 3:
	0 # 13
	1 # 47
	2 # 10
	3 # 33
	4 # 36
	5 # 30
	6 # 42
	7 # 17
	8 # 29
	9 # 20
	10 # 12
	11 # 0
	12 # 48
	13 # 34
	14 # 40
	15 # 32
Timestep 4:
	0 # 20
	1 # 46
	2 # 10
	3 # 32
	4 # 35
	5 # 22
	6 # 34
	7 # 18
	8 # 30
	9 # 28
	10 # 19
	11 # 7
	12 # 48
	13 # 33
	14 # 41
	15 # 24
Timestep 5:
	0 # 28
	1 # 39
	2 # 3
	3 # 40
	4 # 43
	5 # 15
	6 # 35
	7 # 18
	8 # 31
	9 # 36
	10 # 27
	11 # 14
	12 # 47
	13 # 41
	14 # 42
	15 # 16
Timestep 6:
	0 # 36
	1 # 31
	2 # 3
	3 # 39
	4 # 42
	5 # 8
	6 # 27
	7 # 18
	8 # 32
	9 # 35
	10 # 26
	11 # 21
	12 # 40
	13 # 48
	14 # 34
	15 # 10
Timestep 7:
	0 # 35
	1 # 30
	2 # 4
	3 # 39
	4 # 41
	5 # 9
	6 # 28
	7 # 19
	8 # 24
	9 # 43
	10 # 25
	11 # 29
	12 # 32
	13 # 56
	14 # 26
	15 # 3
Timestep 8:
	0 # 43
	1 # 31
	2 # 5
	3 # 46
	4 # 40
	5 # 9
	6 # 36
	7 # 19
	8 # 25
	9 # 50
	10 # 17
	11 # 29
	12 # 33
	13 # 57
	14 # 18
	15 # 4
Timestep 9:
	0 # 50
	1 # 31
	2 # 6
	3 # 54
	4 # 47
	5 # 8
	6 # 36
	7 # 18
	8 # 26
	9 # 51
	10 # 17
	11 # 30
	12 # 41
	13 # 58
	14 # 11
	15 # 4

