Solution makespan:9
Timestep 0:
	0 # 0
	1 # 21
	2 # 30
	3 # 46
	4 # 53
	5 # 6
	6 # 18
	7 # 40
	8 # 45
	9 # 29
	10 # 11
	11 # 14
	12 # 51
	13 # 4
	14 # 2
	15 # 49
Timestep 1:
	0 # 1
	1 # 21
	2 # 38
	3 # 47
	4 # 53
	5 # 7
	6 # 18
	7 # 41
	8 # 45
	9 # 28
	10 # 11
	11 # 13
	12 # 44
	13 # 5
	14 # 3
	15 # 42
Timestep 2:
	0 # 2
	1 # 29
	2 # 39
	3 # 48
	4 # 46
	5 # 6
	6 # 12
	7 # 42
	8 # 52
	9 # 28
	10 # 17
	11 # 19
	12 # 45
	13 # 13
	14 # 4
	15 # 34
Timestep 3:
	0 # 3
	1 # 28
	2 # 47
	3 # 40
	4 # 38
	5 # 7
	6 # 11
	7 # 42
	8 # 52
	9 # 36
	10 # 25
	11 # 27
	12 # 37
	13 # 13
	14 # 12
	15 # 26
Timestep 4:
	0 # 11
	1 # 28
	2 # 54
	3 # 41
	4 # 39
	5 # 7
	6 # 10
	7 # 43
	8 # 45
	9 # 44
	10 # 33
	11 # 35
	12 # 36
	13 # 19
	14 # 18
	15 # 25
Timestep 5:
	0 # 11
	1 # 27
	2 # 53
	3 # 42
	4 # 40
	5 # 15
	6 # 9
	7 # 44
	8 # 37
	9 # 36
	10 # 41
	11 # 34
	12 # 35
	13 # 20
	14 # 26
	15 # 17
Timestep 6:
	0 # 12
	1 # 19
	2 # 46
	3 # 43
	4 # 32
	5 # 14
	6 # 8
	7 # 36
	8 # 29
	9 # 35
	10 # 42
	11 # 33
	12 # 27
	13 # 28
	14 # 34
	15 # 11
Timestep 7:
	0 # 18
	1 # 13
	2 # 38
	3 # 35
	4 # 33
	5 # 20
	6 # 16
	7 # 36
	8 # 37
	9 # 27
	10 # 49
	11 # 41
	12 # 19
	13 # 28
	14 # 42
	15 # 10
Timestep 8:
	0 # 12
	1 # 5
	2 # 46
	3 # 43
	4 # 34
	5 # 19
	6 # 22
	7 # 35
	8 # 45
	9 # 28
	10 # 56
	11 # 40
	12 # 13
	13 # 20
	14 # 49
	15 # 9
Timestep 9:
	0 # 12
	1 # 6
	2 # 53
	3 # 50
	4 # 42
	5 # 18
	6 # 23
	7 # 34
	8 # 52
	9 # 28
	10 # 56
	11 # 39
	12 # 13
	13 # 19
	14 # 49
	15 # 8

