Solution makespan:11
Timestep 0:
	0 # 37
	1 # 48
	2 # 36
	3 # 2
	4 # 44
	5 # 9
	6 # 43
	7 # 32
Timestep 1:
	0 # 29
	1 # 55
	2 # 35
	3 # 2
	4 # 44
	5 # 17
	6 # 36
	7 # 32
Timestep 2:
	0 # 30
	1 # 54
	2 # 34
	3 # 10
	4 # 45
	5 # 25
	6 # 28
	7 # 31
Timestep 3:
	0 # 30
	1 # 55
	2 # 27
	3 # 11
	4 # 44
	5 # 24
	6 # 21
	7 # 39
Timestep 4:
	0 # 31
	1 # 48
	2 # 26
	3 # 19
	4 # 44
	5 # 16
	6 # 13
	7 # 38
Timestep 5:
	0 # 32
	1 # 48
	2 # 25
	3 # 27
	4 # 37
	5 # 8
	6 # 12
	7 # 45
Timestep 6:
	0 # 33
	1 # 47
	2 # 24
	3 # 34
	4 # 29
	5 # 9
	6 # 11
	7 # 38
Timestep 7:
	0 # 26
	1 # 46
	2 # 16
	3 # 33
	4 # 22
	5 # 10
	6 # 19
	7 # 39
Timestep 8:
	0 # 27
	1 # 45
	2 # 8
	3 # 40
	4 # 14
	5 # 2
	6 # 18
	7 # 39
Timestep 9:
	0 # 19
	1 # 38
	2 # 7
	3 # 48
	4 # 6
	5 # 3
	6 # 17
	7 # 31
Timestep 10:
	0 # 20
	1 # 37
	2 # 6
	3 # 47
	4 # 14
	5 # 4
	6 # 16
	7 # 24
Timestep 11:
	0 # 12
	1 # 29
	2 # 0
	3 # 54
	4 # 6
	5 # 5
	6 # 16
	7 # 25

