Solution makespan:9
Timestep 0:
	0 # 15
	1 # 12
	2 # 14
	3 # 44
	4 # 42
	5 # 31
	6 # 34
	7 # 17
	8 # 48
	9 # 28
	10 # 39
	11 # 30
Timestep 1:
	0 # 16
	1 # 13
	2 # 15
	3 # 44
	4 # 42
	5 # 25
	6 # 35
	7 # 24
	8 # 48
	9 # 34
	10 # 47
	11 # 36
Timestep 2:
	0 # 22
	1 # 12
	2 # 16
	3 # 36
	4 # 43
	5 # 31
	6 # 29
	7 # 23
	8 # 40
	9 # 34
	10 # 46
	11 # 37
Timestep 3:
	0 # 21
	1 # 5
	2 # 16
	3 # 36
	4 # 44
	5 # 38
	6 # 30
	7 # 22
	8 # 32
	9 # 35
	10 # 46
	11 # 45
Timestep 4:
	0 # 28
	1 # 12
	2 # 22
	3 # 30
	4 # 36
	5 # 38
	6 # 23
	7 # 21
	8 # 27
	9 # 43
	10 # 45
	11 # 51
Timestep 5:
	0 # 34
	1 # 5
	2 # 23
	3 # 30
	4 # 37
	5 # 39
	6 # 24
	7 # 21
	8 # 20
	9 # 50
	10 # 44
	11 # 51
Timestep 6:
	0 # 28
	1 # 5
	2 # 24
	3 # 29
	4 # 38
	5 # 40
	6 # 25
	7 # 15
	8 # 13
	9 # 50
	10 # 43
	11 # 45
Timestep 7:
	0 # 21
	1 # 6
	2 # 17
	3 # 35
	4 # 39
	5 # 40
	6 # 26
	7 # 16
	8 # 12
	9 # 43
	10 # 42
	11 # 44
Timestep 8:
	0 # 15
	1 # 5
	2 # 18
	3 # 29
	4 # 47
	5 # 32
	6 # 19
	7 # 9
	8 # 11
	9 # 44
	10 # 41
	11 # 36
Timestep 9:
	0 # 14
	1 # 12
	2 # 25
	3 # 22
	4 # 48
	5 # 40
	6 # 20
	7 # 16
	8 # 10
	9 # 44
	10 # 49
	11 # 30

