Solution makespan:14
Timestep 0:
	0 # 22
	1 # 11
	2 # 39
	3 # 57
	4 # 32
	5 # 37
	6 # 35
	7 # 25
Timestep 1:
	0 # 30
	1 # 18
	2 # 46
	3 # 50
	4 # 39
	5 # 44
	6 # 41
	7 # 33
Timestep 2:
	0 # 29
	1 # 17
	2 # 45
	3 # 44
	4 # 46
	5 # 43
	6 # 35
	7 # 33
Timestep 3:
	0 # 28
	1 # 18
	2 # 46
	3 # 37
	4 # 39
	5 # 43
	6 # 35
	7 # 34
Timestep 4:
	0 # 36
	1 # 26
	2 # 46
	3 # 30
	4 # 32
	5 # 44
	6 # 27
	7 # 35
Timestep 5:
	0 # 42
	1 # 34
	2 # 45
	3 # 22
	4 # 33
	5 # 37
	6 # 28
	7 # 36
Timestep 6:
	0 # 48
	1 # 40
	2 # 38
	3 # 21
	4 # 34
	5 # 30
	6 # 28
	7 # 42
Timestep 7:
	0 # 49
	1 # 41
	2 # 39
	3 # 14
	4 # 35
	5 # 22
	6 # 36
	7 # 43
Timestep 8:
	0 # 43
	1 # 47
	2 # 32
	3 # 6
	4 # 27
	5 # 21
	6 # 35
	7 # 44
Timestep 9:
	0 # 42
	1 # 48
	2 # 33
	3 # 5
	4 # 19
	5 # 20
	6 # 41
	7 # 50
Timestep 10:
	0 # 36
	1 # 49
	2 # 25
	3 # 4
	4 # 20
	5 # 28
	6 # 47
	7 # 57
Timestep 11:
	0 # 28
	1 # 43
	2 # 17
	3 # 3
	4 # 21
	5 # 29
	6 # 41
	7 # 57
Timestep 12:
	0 # 27
	1 # 43
	2 # 16
	3 # 2
	4 # 14
	5 # 28
	6 # 42
	7 # 57
Timestep 13:
	0 # 26
	1 # 49
	2 # 15
	3 # 1
	4 # 6
	5 # 36
	6 # 43
	7 # 56
Timestep 14:
	0 # 25
	1 # 50
	2 # 8
	3 # 0
	4 # 7
	5 # 35
	6 # 44
	7 # 57

