Solution makespan:9
Timestep 0:
	0 # 6
	1 # 45
	2 # 30
	3 # 40
	4 # 39
	5 # 46
	6 # 47
	7 # 23
	8 # 54
	9 # 26
	10 # 43
	11 # 18
	12 # 56
	13 # 11
	14 # 7
	15 # 36
	16 # 51
	17 # 8
	18 # 5
	19 # 35
Timestep 1:
	0 # 14
	1 # 46
	2 # 29
	3 # 40
	4 # 38
	5 # 53
	6 # 47
	7 # 15
	8 # 55
	9 # 25
	10 # 51
	11 # 18
	12 # 49
	13 # 19
	14 # 6
	15 # 37
	16 # 50
	17 # 9
	18 # 4
	19 # 36
Timestep 2:
	0 # 22
	1 # 39
	2 # 21
	3 # 32
	4 # 45
	5 # 53
	6 # 40
	7 # 14
	8 # 56
	9 # 17
	10 # 51
	11 # 26
	12 # 41
	13 # 27
	14 # 7
	15 # 37
	16 # 50
	17 # 10
	18 # 12
	19 # 35
Timestep 3:
	0 # 30
	1 # 38
	2 # 13
	3 # 29
	4 # 46
	5 # 53
	6 # 47
	7 # 6
	8 # 49
	9 # 18
	10 # 52
	11 # 25
	12 # 34
	13 # 28
	14 # 7
	15 # 44
	16 # 50
	17 # 11
	18 # 20
	19 # 42
Timestep 4:
	0 # 30
	1 # 45
	2 # 14
	3 # 21
	4 # 47
	5 # 53
	6 # 48
	7 # 5
	8 # 41
	9 # 19
	10 # 51
	11 # 25
	12 # 33
	13 # 31
	14 # 6
	15 # 52
	16 # 42
	17 # 3
	18 # 28
	19 # 35
Timestep 5:
	0 # 29
	1 # 46
	2 # 14
	3 # 20
	4 # 40
	5 # 53
	6 # 49
	7 # 4
	8 # 41
	9 # 11
	10 # 51
	11 # 24
	12 # 30
	13 # 39
	14 # 5
	15 # 52
	16 # 43
	17 # 2
	18 # 31
	19 # 42
Timestep 6:
	0 # 28
	1 # 47
	2 # 15
	3 # 19
	4 # 32
	5 # 46
	6 # 49
	7 # 3
	8 # 41
	9 # 12
	10 # 43
	11 # 16
	12 # 22
	13 # 38
	14 # 4
	15 # 51
	16 # 42
	17 # 10
	18 # 39
	19 # 50
Timestep 7:
	0 # 29
	1 # 48
	2 # 23
	3 # 18
	4 # 31
	5 # 45
	6 # 56
	7 # 2
	8 # 41
	9 # 13
	10 # 44
	11 # 8
	12 # 14
	13 # 37
	14 # 3
	15 # 43
	16 # 35
	17 # 10
	18 # 38
	19 # 42
Timestep 8:
	0 # 30
	1 # 49
	2 # 22
	3 # 17
	4 # 28
	5 # 38
	6 # 56
	7 # 3
	8 # 41
	9 # 13
	10 # 45
	11 # 16
	12 # 15
	13 # 36
	14 # 11
	15 # 51
	16 # 35
	17 # 10
	18 # 37
	19 # 50
Timestep 9:
	0 # 33
	1 # 41
	2 # 21
	3 # 16
	4 # 29
	5 # 45
	6 # 55
	7 # 3
	8 # 34
	9 # 5
	10 # 46
	11 # 24
	12 # 15
	13 # 43
	14 # 19
	15 # 51
	16 # 36
	17 # 11
	18 # 44
	19 # 50

