Solution makespan:11
Timestep 0:
	0 # 34
	1 # 7
	2 # 48
	3 # 30
	4 # 47
	5 # 4
	6 # 2
	7 # 23
Timestep 1:
	0 # 35
	1 # 8
	2 # 44
	3 # 30
	4 # 43
	5 # 10
	6 # 3
	7 # 23
Timestep 2:
	0 # 41
	1 # 15
	2 # 45
	3 # 29
	4 # 42
	5 # 9
	6 # 4
	7 # 30
Timestep 3:
	0 # 35
	1 # 22
	2 # 37
	3 # 28
	4 # 41
	5 # 9
	6 # 10
	7 # 23
Timestep 4:
	0 # 27
	1 # 29
	2 # 31
	3 # 21
	4 # 35
	5 # 16
	6 # 11
	7 # 24
Timestep 5:
	0 # 20
	1 # 29
	2 # 24
	3 # 14
	4 # 27
	5 # 23
	6 # 12
	7 # 17
Timestep 6:
	0 # 21
	1 # 30
	2 # 24
	3 # 7
	4 # 28
	5 # 22
	6 # 19
	7 # 16
Timestep 7:
	0 # 14
	1 # 23
	2 # 24
	3 # 6
	4 # 21
	5 # 29
	6 # 19
	7 # 9
Timestep 8:
	0 # 15
	1 # 22
	2 # 31
	3 # 5
	4 # 14
	5 # 30
	6 # 18
	7 # 8
Timestep 9:
	0 # 16
	1 # 22
	2 # 24
	3 # 0
	4 # 7
	5 # 36
	6 # 17
	7 # 8
Timestep 10:
	0 # 23
	1 # 29
	2 # 17
	3 # 0
	4 # 6
	5 # 44
	6 # 16
	7 # 7
Timestep 11:
	0 # 22
	1 # 28
	2 # 17
	3 # 5
	4 # 1
	5 # 45
	6 # 9
	7 # 6

