Solution makespan:10
Timestep 0:
	0 # 0
	1 # 10
	2 # 48
	3 # 15
	4 # 28
	5 # 46
	6 # 2
	7 # 17
Timestep 1:
	0 # 1
	1 # 11
	2 # 40
	3 # 21
	4 # 29
	5 # 54
	6 # 10
	7 # 17
Timestep 2:
	0 # 8
	1 # 12
	2 # 33
	3 # 22
	4 # 30
	5 # 55
	6 # 11
	7 # 17
Timestep 3:
	0 # 9
	1 # 13
	2 # 33
	3 # 22
	4 # 31
	5 # 55
	6 # 12
	7 # 10
Timestep 4:
	0 # 10
	1 # 13
	2 # 34
	3 # 21
	4 # 32
	5 # 47
	6 # 18
	7 # 17
Timestep 5:
	0 # 11
	1 # 19
	2 # 41
	3 # 22
	4 # 39
	5 # 47
	6 # 25
	7 # 10
Timestep 6:
	0 # 12
	1 # 20
	2 # 49
	3 # 21
	4 # 40
	5 # 47
	6 # 33
	7 # 2
Timestep 7:
	0 # 13
	1 # 27
	2 # 57
	3 # 28
	4 # 41
	5 # 39
	6 # 32
	7 # 3
Timestep 8:
	0 # 19
	1 # 35
	2 # 49
	3 # 21
	4 # 40
	5 # 32
	6 # 31
	7 # 2
Timestep 9:
	0 # 26
	1 # 27
	2 # 48
	3 # 28
	4 # 41
	5 # 32
	6 # 30
	7 # 2
Timestep 10:
	0 # 34
	1 # 20
	2 # 47
	3 # 36
	4 # 42
	5 # 24
	6 # 29
	7 # 2

