Solution makespan:8
Timestep 0:
	0 # 1
	1 # 17
	2 # 25
	3 # 0
	4 # 34
	5 # 7
	6 # 48
	7 # 30
	8 # 47
	9 # 4
	10 # 2
	11 # 23
Timestep 1:
	0 # 1
	1 # 24
	2 # 25
	3 # 0
	4 # 34
	5 # 8
	6 # 44
	7 # 36
	8 # 48
	9 # 3
	10 # 2
	11 # 22
Timestep 2:
	0 # 6
	1 # 23
	2 # 24
	3 # 5
	4 # 26
	5 # 9
	6 # 45
	7 # 37
	8 # 44
	9 # 4
	10 # 8
	11 # 15
Timestep 3:
	0 # 1
	1 # 22
	2 # 23
	3 # 6
	4 # 27
	5 # 10
	6 # 37
	7 # 38
	8 # 36
	9 # 4
	10 # 7
	11 # 16
Timestep 4:
	0 # 1
	1 # 15
	2 # 22
	3 # 7
	4 # 28
	5 # 11
	6 # 31
	7 # 37
	8 # 30
	9 # 3
	10 # 8
	11 # 17
Timestep 5:
	0 # 0
	1 # 8
	2 # 29
	3 # 14
	4 # 21
	5 # 11
	6 # 32
	7 # 37
	8 # 23
	9 # 2
	10 # 7
	11 # 18
Timestep 6:
	0 # 0
	1 # 8
	2 # 29
	3 # 21
	4 # 22
	5 # 12
	6 # 38
	7 # 45
	8 # 24
	9 # 2
	10 # 6
	11 # 25
Timestep 7:
	0 # 0
	1 # 9
	2 # 29
	3 # 21
	4 # 15
	5 # 19
	6 # 39
	7 # 44
	8 # 17
	9 # 2
	10 # 5
	11 # 32
Timestep 8:
	0 # 0
	1 # 9
	2 # 28
	3 # 22
	4 # 8
	5 # 12
	6 # 46
	7 # 44
	8 # 10
	9 # 3
	10 # 13
	11 # 31

