Solution makespan:11
Timestep 0:
	0 # 1
	1 # 44
	2 # 22
	3 # 45
	4 # 11
	5 # 35
	6 # 38
	7 # 31
Timestep 1:
	0 # 8
	1 # 44
	2 # 22
	3 # 39
	4 # 10
	5 # 35
	6 # 38
	7 # 37
Timestep 2:
	0 # 9
	1 # 43
	2 # 30
	3 # 45
	4 # 10
	5 # 42
	6 # 44
	7 # 31
Timestep 3:
	0 # 17
	1 # 37
	2 # 36
	3 # 53
	4 # 3
	5 # 48
	6 # 44
	7 # 23
Timestep 4:
	0 # 23
	1 # 38
	2 # 37
	3 # 52
	4 # 2
	5 # 49
	6 # 44
	7 # 22
Timestep 5:
	0 # 24
	1 # 44
	2 # 31
	3 # 51
	4 # 1
	5 # 50
	6 # 43
	7 # 16
Timestep 6:
	0 # 25
	1 # 43
	2 # 23
	3 # 44
	4 # 2
	5 # 51
	6 # 37
	7 # 8
Timestep 7:
	0 # 26
	1 # 50
	2 # 17
	3 # 51
	4 # 3
	5 # 52
	6 # 31
	7 # 16
Timestep 8:
	0 # 27
	1 # 51
	2 # 9
	3 # 44
	4 # 4
	5 # 53
	6 # 23
	7 # 8
Timestep 9:
	0 # 33
	1 # 52
	2 # 2
	3 # 51
	4 # 4
	5 # 45
	6 # 22
	7 # 1
Timestep 10:
	0 # 40
	1 # 53
	2 # 2
	3 # 44
	4 # 11
	5 # 46
	6 # 30
	7 # 1
Timestep 11:
	0 # 41
	1 # 45
	2 # 3
	3 # 51
	4 # 18
	5 # 46
	6 # 29
	7 # 2

