Solution makespan:11
Timestep 0:
	0 # 18
	1 # 24
	2 # 32
	3 # 43
	4 # 41
	5 # 46
	6 # 51
	7 # 29
	8 # 47
	9 # 0
	10 # 30
	11 # 16
	12 # 45
	13 # 50
	14 # 56
	15 # 11
Timestep 1:
	0 # 19
	1 # 24
	2 # 26
	3 # 35
	4 # 33
	5 # 39
	6 # 44
	7 # 22
	8 # 54
	9 # 5
	10 # 29
	11 # 17
	12 # 37
	13 # 51
	14 # 49
	15 # 10
Timestep 2:
	0 # 20
	1 # 31
	2 # 25
	3 # 28
	4 # 32
	5 # 40
	6 # 51
	7 # 14
	8 # 47
	9 # 6
	10 # 29
	11 # 9
	12 # 30
	13 # 52
	14 # 48
	15 # 18
Timestep 3:
	0 # 27
	1 # 38
	2 # 24
	3 # 21
	4 # 26
	5 # 32
	6 # 50
	7 # 14
	8 # 40
	9 # 7
	10 # 29
	11 # 10
	12 # 23
	13 # 45
	14 # 41
	15 # 17
Timestep 4:
	0 # 34
	1 # 39
	2 # 23
	3 # 13
	4 # 25
	5 # 26
	6 # 50
	7 # 6
	8 # 32
	9 # 8
	10 # 22
	11 # 11
	12 # 15
	13 # 37
	14 # 33
	15 # 16
Timestep 5:
	0 # 42
	1 # 46
	2 # 23
	3 # 14
	4 # 17
	5 # 25
	6 # 43
	7 # 7
	8 # 26
	9 # 9
	10 # 22
	11 # 12
	12 # 16
	13 # 38
	14 # 32
	15 # 24
Timestep 6:
	0 # 41
	1 # 47
	2 # 22
	3 # 15
	4 # 9
	5 # 24
	6 # 35
	7 # 2
	8 # 25
	9 # 10
	10 # 14
	11 # 11
	12 # 17
	13 # 39
	14 # 26
	15 # 23
Timestep 7:
	0 # 40
	1 # 54
	2 # 21
	3 # 16
	4 # 9
	5 # 23
	6 # 43
	7 # 1
	8 # 24
	9 # 3
	10 # 6
	11 # 4
	12 # 18
	13 # 46
	14 # 25
	15 # 30
Timestep 8:
	0 # 39
	1 # 55
	2 # 13
	3 # 17
	4 # 8
	5 # 22
	6 # 44
	7 # 0
	8 # 23
	9 # 10
	10 # 7
	11 # 3
	12 # 26
	13 # 47
	14 # 24
	15 # 37
Timestep 9:
	0 # 46
	1 # 55
	2 # 14
	3 # 9
	4 # 7
	5 # 21
	6 # 51
	7 # 5
	8 # 22
	9 # 10
	10 # 15
	11 # 4
	12 # 32
	13 # 48
	14 # 25
	15 # 37
Timestep 10:
	0 # 47
	1 # 48
	2 # 15
	3 # 10
	4 # 6
	5 # 28
	6 # 51
	7 # 13
	8 # 21
	9 # 3
	10 # 23
	11 # 11
	12 # 40
	13 # 49
	14 # 26
	15 # 38
Timestep 11:
	0 # 54
	1 # 55
	2 # 23
	3 # 11
	4 # 5
	5 # 28
	6 # 52
	7 # 14
	8 # 21
	9 # 3
	10 # 22
	11 # 19
	12 # 40
	13 # 49
	14 # 32
	15 # 37

