Solution makespan:11
Timestep 0:
	0 # 7
	1 # 26
	2 # 27
	3 # 42
	4 # 36
	5 # 5
	6 # 23
	7 # 21
	8 # 20
	9 # 12
	10 # 51
	11 # 3
	12 # 19
	13 # 41
	14 # 33
	15 # 9
	16 # 16
	17 # 8
	18 # 53
	19 # 14
	20 # 2
	21 # 55
	22 # 24
	23 # 6
Timestep 1:
	0 # 15
	1 # 19
	2 # 28
	3 # 49
	4 # 37
	5 # 4
	6 # 23
	7 # 22
	8 # 20
	9 # 11
	10 # 52
	11 # 3
	12 # 13
	13 # 34
	14 # 32
	15 # 16
	16 # 17
	17 # 8
	18 # 45
	19 # 14
	20 # 2
	21 # 54
	22 # 31
	23 # 7
Timestep 2:
	0 # 21
	1 # 13
	2 # 28
	3 # 42
	4 # 29
	5 # 5
	6 # 16
	7 # 23
	8 # 27
	9 # 10
	10 # 51
	11 # 3
	12 # 12
	13 # 34
	14 # 25
	15 # 9
	16 # 24
	17 # 7
	18 # 53
	19 # 14
	20 # 2
	21 # 46
	22 # 38
	23 # 0
Timestep 3:
	0 # 22
	1 # 12
	2 # 29
	3 # 42
	4 # 30
	5 # 13
	6 # 17
	7 # 16
	8 # 35
	9 # 9
	10 # 50
	11 # 4
	12 # 11
	13 # 41
	14 # 25
	15 # 8
	16 # 31
	17 # 6
	18 # 52
	19 # 15
	20 # 2
	21 # 54
	22 # 45
	23 # 7
Timestep 4:
	0 # 23
	1 # 11
	2 # 22
	3 # 42
	4 # 31
	5 # 13
	6 # 10
	7 # 16
	8 # 35
	9 # 8
	10 # 49
	11 # 4
	12 # 18
	13 # 48
	14 # 24
	15 # 7
	16 # 38
	17 # 14
	18 # 51
	19 # 21
	20 # 3
	21 # 53
	22 # 45
	23 # 0
Timestep 5:
	0 # 24
	1 # 10
	2 # 29
	3 # 43
	4 # 32
	5 # 12
	6 # 2
	7 # 9
	8 # 36
	9 # 7
	10 # 49
	11 # 5
	12 # 25
	13 # 48
	14 # 17
	15 # 15
	16 # 39
	17 # 20
	18 # 44
	19 # 28
	20 # 4
	21 # 52
	22 # 53
	23 # 1
Timestep 6:
	0 # 17
	1 # 9
	2 # 30
	3 # 50
	4 # 33
	5 # 11
	6 # 3
	7 # 16
	8 # 28
	9 # 15
	10 # 42
	11 # 13
	12 # 32
	13 # 47
	14 # 18
	15 # 14
	16 # 46
	17 # 27
	18 # 37
	19 # 21
	20 # 12
	21 # 51
	22 # 52
	23 # 8
Timestep 7:
	0 # 10
	1 # 8
	2 # 31
	3 # 43
	4 # 34
	5 # 11
	6 # 4
	7 # 9
	8 # 29
	9 # 14
	10 # 49
	11 # 19
	12 # 39
	13 # 55
	14 # 17
	15 # 20
	16 # 47
	17 # 28
	18 # 36
	19 # 22
	20 # 12
	21 # 44
	22 # 51
	23 # 7
Timestep 8:
	0 # 2
	1 # 7
	2 # 38
	3 # 44
	4 # 26
	5 # 18
	6 # 12
	7 # 8
	8 # 30
	9 # 20
	10 # 42
	11 # 19
	12 # 46
	13 # 54
	14 # 16
	15 # 27
	16 # 47
	17 # 21
	18 # 28
	19 # 23
	20 # 11
	21 # 37
	22 # 50
	23 # 6
Timestep 9:
	0 # 3
	1 # 6
	2 # 39
	3 # 51
	4 # 19
	5 # 25
	6 # 11
	7 # 7
	8 # 31
	9 # 27
	10 # 43
	11 # 13
	12 # 54
	13 # 53
	14 # 23
	15 # 35
	16 # 55
	17 # 15
	18 # 21
	19 # 24
	20 # 10
	21 # 29
	22 # 49
	23 # 14
Timestep 10:
	0 # 4
	1 # 14
	2 # 40
	3 # 50
	4 # 13
	5 # 25
	6 # 18
	7 # 0
	8 # 32
	9 # 35
	10 # 36
	11 # 5
	12 # 53
	13 # 45
	14 # 30
	15 # 42
	16 # 54
	17 # 7
	18 # 15
	19 # 31
	20 # 9
	21 # 22
	22 # 49
	23 # 20
Timestep 11:
	0 # 12
	1 # 20
	2 # 33
	3 # 50
	4 # 5
	5 # 24
	6 # 18
	7 # 1
	8 # 39
	9 # 42
	10 # 36
	11 # 4
	12 # 52
	13 # 45
	14 # 31
	15 # 43
	16 # 54
	17 # 0
	18 # 15
	19 # 38
	20 # 8
	21 # 23
	22 # 49
	23 # 21

