Solution makespan:13
Timestep 0:
	0 # 8
	1 # 7
	2 # 0
	3 # 11
	4 # 58
	5 # 48
	6 # 16
	7 # 20
	8 # 35
	9 # 32
	10 # 26
	11 # 3
	12 # 40
	13 # 59
	14 # 15
	15 # 57
Timestep 1:
	0 # 2
	1 # 8
	2 # 6
	3 # 18
	4 # 50
	5 # 56
	6 # 23
	7 # 13
	8 # 28
	9 # 39
	10 # 27
	11 # 4
	12 # 41
	13 # 58
	14 # 22
	15 # 57
Timestep 2:
	0 # 8
	1 # 16
	2 # 14
	3 # 26
	4 # 51
	5 # 57
	6 # 31
	7 # 20
	8 # 27
	9 # 47
	10 # 19
	11 # 12
	12 # 42
	13 # 50
	14 # 30
	15 # 49
Timestep 3:
	0 # 9
	1 # 23
	2 # 21
	3 # 25
	4 # 59
	5 # 57
	6 # 38
	7 # 28
	8 # 19
	9 # 46
	10 # 18
	11 # 12
	12 # 43
	13 # 49
	14 # 31
	15 # 41
Timestep 4:
	0 # 9
	1 # 23
	2 # 22
	3 # 24
	4 # 58
	5 # 56
	6 # 46
	7 # 35
	8 # 19
	9 # 45
	10 # 18
	11 # 13
	12 # 51
	13 # 41
	14 # 32
	15 # 33
Timestep 5:
	0 # 17
	1 # 31
	2 # 30
	3 # 23
	4 # 50
	5 # 55
	6 # 54
	7 # 43
	8 # 27
	9 # 45
	10 # 11
	11 # 20
	12 # 59
	13 # 33
	14 # 32
	15 # 26
Timestep 6:
	0 # 16
	1 # 38
	2 # 31
	3 # 22
	4 # 49
	5 # 54
	6 # 53
	7 # 43
	8 # 34
	9 # 37
	10 # 10
	11 # 28
	12 # 58
	13 # 26
	14 # 24
	15 # 18
Timestep 7:
	0 # 16
	1 # 39
	2 # 38
	3 # 15
	4 # 49
	5 # 54
	6 # 45
	7 # 42
	8 # 34
	9 # 30
	10 # 9
	11 # 35
	12 # 57
	13 # 18
	14 # 23
	15 # 11
Timestep 8:
	0 # 15
	1 # 39
	2 # 46
	3 # 7
	4 # 41
	5 # 53
	6 # 37
	7 # 42
	8 # 35
	9 # 22
	10 # 8
	11 # 43
	12 # 56
	13 # 11
	14 # 23
	15 # 3
Timestep 9:
	0 # 15
	1 # 39
	2 # 54
	3 # 1
	4 # 33
	5 # 52
	6 # 38
	7 # 41
	8 # 43
	9 # 23
	10 # 7
	11 # 51
	12 # 55
	13 # 10
	14 # 24
	15 # 4
Timestep 10:
	0 # 22
	1 # 38
	2 # 55
	3 # 0
	4 # 26
	5 # 52
	6 # 31
	7 # 40
	8 # 51
	9 # 16
	10 # 6
	11 # 59
	12 # 47
	13 # 9
	14 # 24
	15 # 12
Timestep 11:
	0 # 22
	1 # 46
	2 # 56
	3 # 1
	4 # 27
	5 # 44
	6 # 23
	7 # 39
	8 # 50
	9 # 17
	10 # 14
	11 # 59
	12 # 47
	13 # 8
	14 # 25
	15 # 12
Timestep 12:
	0 # 30
	1 # 54
	2 # 56
	3 # 7
	4 # 27
	5 # 36
	6 # 31
	7 # 32
	8 # 49
	9 # 24
	10 # 21
	11 # 51
	12 # 48
	13 # 2
	14 # 26
	15 # 4
Timestep 13:
	0 # 30
	1 # 53
	2 # 57
	3 # 8
	4 # 19
	5 # 37
	6 # 38
	7 # 24
	8 # 50
	9 # 25
	10 # 29
	11 # 51
	12 # 49
	13 # 1
	14 # 27
	15 # 5

