Solution makespan:11
Timestep 0:
	0 # 39
	1 # 46
	2 # 31
	3 # 9
	4 # 53
	5 # 47
	6 # 41
	7 # 29
	8 # 0
	9 # 51
	10 # 30
	11 # 6
	12 # 24
	13 # 38
	14 # 14
	15 # 3
	16 # 5
	17 # 1
	18 # 50
	19 # 40
	20 # 8
	21 # 55
	22 # 21
	23 # 20
	24 # 10
	25 # 23
	26 # 43
	27 # 33
Timestep 1:
	0 # 38
	1 # 45
	2 # 30
	3 # 9
	4 # 46
	5 # 55
	6 # 42
	7 # 35
	8 # 8
	9 # 44
	10 # 23
	11 # 5
	12 # 31
	13 # 33
	14 # 14
	15 # 2
	16 # 4
	17 # 1
	18 # 49
	19 # 39
	20 # 15
	21 # 54
	22 # 28
	23 # 26
	24 # 17
	25 # 16
	26 # 50
	27 # 32
Timestep 2:
	0 # 33
	1 # 44
	2 # 23
	3 # 9
	4 # 46
	5 # 54
	6 # 36
	7 # 41
	8 # 8
	9 # 51
	10 # 16
	11 # 4
	12 # 37
	13 # 25
	14 # 13
	15 # 10
	16 # 3
	17 # 2
	18 # 42
	19 # 38
	20 # 22
	21 # 53
	22 # 27
	23 # 20
	24 # 24
	25 # 15
	26 # 49
	27 # 31
Timestep 3:
	0 # 25
	1 # 44
	2 # 23
	3 # 1
	4 # 39
	5 # 53
	6 # 35
	7 # 48
	8 # 8
	9 # 52
	10 # 17
	11 # 5
	12 # 43
	13 # 19
	14 # 12
	15 # 9
	16 # 3
	17 # 10
	18 # 36
	19 # 45
	20 # 29
	21 # 46
	22 # 26
	23 # 20
	24 # 31
	25 # 16
	26 # 42
	27 # 30
Timestep 4:
	0 # 19
	1 # 43
	2 # 16
	3 # 1
	4 # 40
	5 # 46
	6 # 41
	7 # 49
	8 # 0
	9 # 45
	10 # 17
	11 # 4
	12 # 50
	13 # 11
	14 # 13
	15 # 8
	16 # 2
	17 # 10
	18 # 30
	19 # 44
	20 # 29
	21 # 39
	22 # 25
	23 # 26
	24 # 37
	25 # 9
	26 # 36
	27 # 23
Timestep 5:
	0 # 11
	1 # 37
	2 # 16
	3 # 1
	4 # 40
	5 # 45
	6 # 48
	7 # 50
	8 # 0
	9 # 38
	10 # 18
	11 # 3
	12 # 51
	13 # 4
	14 # 12
	15 # 15
	16 # 10
	17 # 9
	18 # 23
	19 # 43
	20 # 35
	21 # 46
	22 # 33
	23 # 27
	24 # 36
	25 # 8
	26 # 30
	27 # 22
Timestep 6:
	0 # 11
	1 # 31
	2 # 16
	3 # 1
	4 # 40
	5 # 38
	6 # 48
	7 # 51
	8 # 0
	9 # 33
	10 # 19
	11 # 2
	12 # 52
	13 # 5
	14 # 20
	15 # 22
	16 # 17
	17 # 9
	18 # 23
	19 # 37
	20 # 41
	21 # 45
	22 # 32
	23 # 28
	24 # 42
	25 # 8
	26 # 30
	27 # 29
Timestep 7:
	0 # 12
	1 # 30
	2 # 9
	3 # 2
	4 # 39
	5 # 33
	6 # 49
	7 # 52
	8 # 0
	9 # 25
	10 # 11
	11 # 10
	12 # 53
	13 # 5
	14 # 19
	15 # 29
	16 # 24
	17 # 8
	18 # 23
	19 # 37
	20 # 48
	21 # 38
	22 # 31
	23 # 34
	24 # 43
	25 # 15
	26 # 36
	27 # 35
Timestep 8:
	0 # 13
	1 # 23
	2 # 1
	3 # 3
	4 # 38
	5 # 32
	6 # 50
	7 # 53
	8 # 0
	9 # 26
	10 # 12
	11 # 17
	12 # 54
	13 # 6
	14 # 18
	15 # 35
	16 # 31
	17 # 9
	18 # 16
	19 # 36
	20 # 49
	21 # 33
	22 # 30
	23 # 28
	24 # 44
	25 # 15
	26 # 42
	27 # 41
Timestep 9:
	0 # 14
	1 # 16
	2 # 2
	3 # 4
	4 # 33
	5 # 31
	6 # 51
	7 # 46
	8 # 0
	9 # 20
	10 # 13
	11 # 24
	12 # 53
	13 # 5
	14 # 17
	15 # 36
	16 # 37
	17 # 10
	18 # 15
	19 # 30
	20 # 50
	21 # 25
	22 # 29
	23 # 34
	24 # 45
	25 # 22
	26 # 41
	27 # 48
Timestep 10:
	0 # 13
	1 # 15
	2 # 3
	3 # 11
	4 # 25
	5 # 30
	6 # 52
	7 # 45
	8 # 0
	9 # 19
	10 # 6
	11 # 31
	12 # 46
	13 # 5
	14 # 16
	15 # 37
	16 # 43
	17 # 17
	18 # 8
	19 # 23
	20 # 51
	21 # 26
	22 # 35
	23 # 28
	24 # 38
	25 # 22
	26 # 41
	27 # 49
Timestep 11:
	0 # 6
	1 # 8
	2 # 3
	3 # 12
	4 # 26
	5 # 23
	6 # 52
	7 # 44
	8 # 1
	9 # 11
	10 # 7
	11 # 32
	12 # 39
	13 # 5
	14 # 16
	15 # 43
	16 # 50
	17 # 18
	18 # 9
	19 # 24
	20 # 51
	21 # 27
	22 # 41
	23 # 21
	24 # 45
	25 # 29
	26 # 48
	27 # 42

