Solution makespan:11
Timestep 0:
	0 # 23
	1 # 33
	2 # 8
	3 # 53
	4 # 46
	5 # 50
	6 # 54
	7 # 4
	8 # 12
	9 # 55
	10 # 9
	11 # 35
	12 # 20
	13 # 45
	14 # 49
	15 # 17
	16 # 30
	17 # 6
	18 # 13
	19 # 3
	20 # 57
	21 # 18
	22 # 37
	23 # 34
Timestep 1:
	0 # 22
	1 # 33
	2 # 1
	3 # 53
	4 # 46
	5 # 49
	6 # 54
	7 # 5
	8 # 19
	9 # 55
	10 # 8
	11 # 43
	12 # 28
	13 # 38
	14 # 48
	15 # 16
	16 # 30
	17 # 12
	18 # 13
	19 # 10
	20 # 56
	21 # 26
	22 # 44
	23 # 35
Timestep 2:
	0 # 22
	1 # 33
	2 # 2
	3 # 45
	4 # 54
	5 # 42
	6 # 53
	7 # 11
	8 # 18
	9 # 47
	10 # 15
	11 # 50
	12 # 27
	13 # 39
	14 # 41
	15 # 16
	16 # 31
	17 # 19
	18 # 20
	19 # 9
	20 # 56
	21 # 26
	22 # 52
	23 # 36
Timestep 3:
	0 # 15
	1 # 34
	2 # 9
	3 # 46
	4 # 55
	5 # 43
	6 # 45
	7 # 18
	8 # 17
	9 # 47
	10 # 14
	11 # 49
	12 # 35
	13 # 40
	14 # 33
	15 # 24
	16 # 31
	17 # 27
	18 # 13
	19 # 8
	20 # 48
	21 # 26
	22 # 52
	23 # 28
Timestep 4:
	0 # 14
	1 # 34
	2 # 10
	3 # 39
	4 # 56
	5 # 43
	6 # 44
	7 # 17
	8 # 25
	9 # 40
	10 # 21
	11 # 50
	12 # 35
	13 # 41
	14 # 32
	15 # 24
	16 # 30
	17 # 26
	18 # 12
	19 # 15
	20 # 47
	21 # 18
	22 # 53
	23 # 20
Timestep 5:
	0 # 14
	1 # 34
	2 # 3
	3 # 40
	4 # 48
	5 # 35
	6 # 52
	7 # 17
	8 # 33
	9 # 32
	10 # 29
	11 # 43
	12 # 27
	13 # 42
	14 # 24
	15 # 16
	16 # 30
	17 # 18
	18 # 19
	19 # 22
	20 # 55
	21 # 11
	22 # 54
	23 # 13
Timestep 6:
	0 # 14
	1 # 42
	2 # 4
	3 # 41
	4 # 48
	5 # 36
	6 # 53
	7 # 25
	8 # 32
	9 # 24
	10 # 29
	11 # 35
	12 # 19
	13 # 49
	14 # 16
	15 # 10
	16 # 22
	17 # 26
	18 # 18
	19 # 23
	20 # 56
	21 # 11
	22 # 55
	23 # 13
Timestep 7:
	0 # 21
	1 # 49
	2 # 4
	3 # 33
	4 # 41
	5 # 28
	6 # 54
	7 # 26
	8 # 40
	9 # 16
	10 # 30
	11 # 35
	12 # 18
	13 # 50
	14 # 10
	15 # 3
	16 # 15
	17 # 34
	18 # 17
	19 # 31
	20 # 56
	21 # 12
	22 # 47
	23 # 13
Timestep 8:
	0 # 29
	1 # 48
	2 # 5
	3 # 25
	4 # 33
	5 # 36
	6 # 54
	7 # 27
	8 # 47
	9 # 16
	10 # 31
	11 # 34
	12 # 19
	13 # 51
	14 # 9
	15 # 4
	16 # 15
	17 # 42
	18 # 17
	19 # 39
	20 # 56
	21 # 6
	22 # 46
	23 # 20
Timestep 9:
	0 # 37
	1 # 47
	2 # 11
	3 # 26
	4 # 25
	5 # 36
	6 # 53
	7 # 35
	8 # 55
	9 # 16
	10 # 32
	11 # 34
	12 # 18
	13 # 59
	14 # 8
	15 # 5
	16 # 22
	17 # 49
	18 # 17
	19 # 40
	20 # 56
	21 # 6
	22 # 45
	23 # 19
Timestep 10:
	0 # 44
	1 # 47
	2 # 12
	3 # 27
	4 # 25
	5 # 35
	6 # 53
	7 # 43
	8 # 54
	9 # 10
	10 # 33
	11 # 42
	12 # 17
	13 # 51
	14 # 8
	15 # 11
	16 # 30
	17 # 57
	18 # 16
	19 # 32
	20 # 55
	21 # 6
	22 # 38
	23 # 18
Timestep 11:
	0 # 52
	1 # 40
	2 # 13
	3 # 28
	4 # 17
	5 # 43
	6 # 45
	7 # 50
	8 # 53
	9 # 10
	10 # 41
	11 # 49
	12 # 16
	13 # 51
	14 # 1
	15 # 12
	16 # 38
	17 # 58
	18 # 24
	19 # 33
	20 # 54
	21 # 6
	22 # 37
	23 # 18

