Solution makespan:12
Timestep 0:
	0 # 13
	1 # 37
	2 # 24
	3 # 8
	4 # 31
	5 # 33
	6 # 15
	7 # 39
	8 # 29
	9 # 21
	10 # 3
	11 # 2
	12 # 40
	13 # 48
	14 # 11
	15 # 35
	16 # 1
	17 # 16
	18 # 41
	19 # 28
	20 # 47
	21 # 55
	22 # 38
	23 # 54
	24 # 30
	25 # 52
	26 # 46
	27 # 36
Timestep 1:
	0 # 13
	1 # 38
	2 # 31
	3 # 9
	4 # 30
	5 # 34
	6 # 16
	7 # 39
	8 # 29
	9 # 21
	10 # 11
	11 # 10
	12 # 32
	13 # 41
	14 # 12
	15 # 27
	16 # 2
	17 # 17
	18 # 33
	19 # 22
	20 # 40
	21 # 48
	22 # 45
	23 # 55
	24 # 23
	25 # 52
	26 # 47
	27 # 35
Timestep 2:
	0 # 13
	1 # 30
	2 # 39
	3 # 10
	4 # 29
	5 # 35
	6 # 23
	7 # 46
	8 # 37
	9 # 22
	10 # 12
	11 # 2
	12 # 25
	13 # 33
	14 # 4
	15 # 28
	16 # 3
	17 # 18
	18 # 32
	19 # 14
	20 # 41
	21 # 49
	22 # 53
	23 # 48
	24 # 24
	25 # 44
	26 # 47
	27 # 43
Timestep 3:
	0 # 14
	1 # 31
	2 # 39
	3 # 17
	4 # 37
	5 # 43
	6 # 30
	7 # 47
	8 # 38
	9 # 28
	10 # 19
	11 # 10
	12 # 32
	13 # 34
	14 # 3
	15 # 27
	16 # 11
	17 # 18
	18 # 40
	19 # 7
	20 # 42
	21 # 49
	22 # 53
	23 # 41
	24 # 24
	25 # 45
	26 # 54
	27 # 50
Timestep 4:
	0 # 14
	1 # 24
	2 # 39
	3 # 18
	4 # 44
	5 # 50
	6 # 29
	7 # 48
	8 # 38
	9 # 22
	10 # 20
	11 # 9
	12 # 33
	13 # 35
	14 # 2
	15 # 28
	16 # 10
	17 # 11
	18 # 32
	19 # 6
	20 # 34
	21 # 42
	22 # 45
	23 # 40
	24 # 23
	25 # 46
	26 # 47
	27 # 49
Timestep 5:
	0 # 13
	1 # 17
	2 # 31
	3 # 19
	4 # 45
	5 # 49
	6 # 29
	7 # 47
	8 # 30
	9 # 21
	10 # 26
	11 # 8
	12 # 41
	13 # 36
	14 # 1
	15 # 27
	16 # 2
	17 # 12
	18 # 25
	19 # 5
	20 # 35
	21 # 43
	22 # 38
	23 # 32
	24 # 24
	25 # 39
	26 # 40
	27 # 48
Timestep 6:
	0 # 13
	1 # 10
	2 # 31
	3 # 20
	4 # 46
	5 # 48
	6 # 37
	7 # 54
	8 # 23
	9 # 27
	10 # 34
	11 # 9
	12 # 42
	13 # 28
	14 # 0
	15 # 26
	16 # 3
	17 # 19
	18 # 18
	19 # 4
	20 # 36
	21 # 50
	22 # 38
	23 # 25
	24 # 17
	25 # 40
	26 # 32
	27 # 47
Timestep 7:
	0 # 14
	1 # 2
	2 # 31
	3 # 21
	4 # 47
	5 # 55
	6 # 37
	7 # 54
	8 # 24
	9 # 35
	10 # 33
	11 # 16
	12 # 49
	13 # 27
	14 # 8
	15 # 34
	16 # 4
	17 # 20
	18 # 11
	19 # 12
	20 # 36
	21 # 50
	22 # 39
	23 # 18
	24 # 10
	25 # 32
	26 # 25
	27 # 40
Timestep 8:
	0 # 22
	1 # 3
	2 # 30
	3 # 27
	4 # 48
	5 # 55
	6 # 44
	7 # 54
	8 # 17
	9 # 34
	10 # 41
	11 # 23
	12 # 50
	13 # 28
	14 # 15
	15 # 42
	16 # 12
	17 # 20
	18 # 10
	19 # 19
	20 # 35
	21 # 43
	22 # 31
	23 # 11
	24 # 9
	25 # 25
	26 # 18
	27 # 47
Timestep 9:
	0 # 21
	1 # 4
	2 # 29
	3 # 35
	4 # 49
	5 # 54
	6 # 45
	7 # 47
	8 # 10
	9 # 33
	10 # 48
	11 # 30
	12 # 43
	13 # 28
	14 # 16
	15 # 34
	16 # 12
	17 # 26
	18 # 9
	19 # 19
	20 # 36
	21 # 42
	22 # 24
	23 # 3
	24 # 8
	25 # 18
	26 # 11
	27 # 46
Timestep 10:
	0 # 27
	1 # 5
	2 # 37
	3 # 43
	4 # 50
	5 # 47
	6 # 38
	7 # 46
	8 # 10
	9 # 32
	10 # 55
	11 # 29
	12 # 42
	13 # 22
	14 # 23
	15 # 33
	16 # 11
	17 # 34
	18 # 8
	19 # 12
	20 # 36
	21 # 41
	22 # 25
	23 # 2
	24 # 15
	25 # 19
	26 # 3
	27 # 45
Timestep 11:
	0 # 27
	1 # 6
	2 # 29
	3 # 50
	4 # 51
	5 # 46
	6 # 38
	7 # 39
	8 # 2
	9 # 25
	10 # 55
	11 # 30
	12 # 41
	13 # 21
	14 # 24
	15 # 32
	16 # 10
	17 # 42
	18 # 9
	19 # 11
	20 # 35
	21 # 33
	22 # 18
	23 # 1
	24 # 15
	25 # 20
	26 # 3
	27 # 44
Timestep 12:
	0 # 26
	1 # 7
	2 # 30
	3 # 56
	4 # 51
	5 # 45
	6 # 39
	7 # 40
	8 # 1
	9 # 24
	10 # 54
	11 # 23
	12 # 41
	13 # 27
	14 # 17
	15 # 25
	16 # 10
	17 # 49
	18 # 16
	19 # 3
	20 # 43
	21 # 32
	22 # 11
	23 # 0
	24 # 15
	25 # 20
	26 # 4
	27 # 37

