Solution makespan:10
Timestep 0:
	0 # 32
	1 # 27
	2 # 44
	3 # 28
	4 # 11
	5 # 46
	6 # 35
	7 # 3
	8 # 13
	9 # 25
	10 # 14
	11 # 9
	12 # 36
	13 # 54
	14 # 42
	15 # 58
Timestep 1:
	0 # 31
	1 # 26
	2 # 43
	3 # 28
	4 # 19
	5 # 53
	6 # 36
	7 # 11
	8 # 21
	9 # 17
	10 # 22
	11 # 9
	12 # 37
	13 # 47
	14 # 34
	15 # 57
Timestep 2:
	0 # 32
	1 # 25
	2 # 43
	3 # 36
	4 # 18
	5 # 46
	6 # 44
	7 # 19
	8 # 29
	9 # 9
	10 # 30
	11 # 8
	12 # 45
	13 # 40
	14 # 34
	15 # 56
Timestep 3:
	0 # 32
	1 # 24
	2 # 42
	3 # 44
	4 # 26
	5 # 47
	6 # 50
	7 # 27
	8 # 37
	9 # 10
	10 # 38
	11 # 9
	12 # 51
	13 # 41
	14 # 33
	15 # 49
Timestep 4:
	0 # 24
	1 # 23
	2 # 42
	3 # 36
	4 # 34
	5 # 40
	6 # 49
	7 # 35
	8 # 45
	9 # 11
	10 # 37
	11 # 17
	12 # 58
	13 # 33
	14 # 32
	15 # 48
Timestep 5:
	0 # 16
	1 # 23
	2 # 41
	3 # 35
	4 # 33
	5 # 32
	6 # 48
	7 # 43
	8 # 44
	9 # 19
	10 # 36
	11 # 17
	12 # 58
	13 # 25
	14 # 24
	15 # 42
Timestep 6:
	0 # 8
	1 # 15
	2 # 40
	3 # 34
	4 # 32
	5 # 24
	6 # 48
	7 # 42
	8 # 50
	9 # 27
	10 # 44
	11 # 16
	12 # 58
	13 # 26
	14 # 23
	15 # 41
Timestep 7:
	0 # 9
	1 # 7
	2 # 32
	3 # 34
	4 # 31
	5 # 16
	6 # 42
	7 # 41
	8 # 49
	9 # 35
	10 # 43
	11 # 15
	12 # 51
	13 # 27
	14 # 24
	15 # 40
Timestep 8:
	0 # 10
	1 # 7
	2 # 24
	3 # 26
	4 # 39
	5 # 8
	6 # 34
	7 # 40
	8 # 48
	9 # 43
	10 # 42
	11 # 23
	12 # 45
	13 # 28
	14 # 16
	15 # 32
Timestep 9:
	0 # 11
	1 # 15
	2 # 16
	3 # 18
	4 # 46
	5 # 1
	6 # 26
	7 # 47
	8 # 42
	9 # 49
	10 # 41
	11 # 31
	12 # 44
	13 # 29
	14 # 8
	15 # 24
Timestep 10:
	0 # 19
	1 # 15
	2 # 8
	3 # 18
	4 # 46
	5 # 1
	6 # 26
	7 # 54
	8 # 41
	9 # 50
	10 # 40
	11 # 31
	12 # 36
	13 # 30
	14 # 9
	15 # 16

