Solution makespan:10
Timestep 0:
	0 # 47
	1 # 18
	2 # 11
	3 # 33
	4 # 52
	5 # 38
	6 # 40
	7 # 19
	8 # 26
	9 # 54
	10 # 13
	11 # 2
	12 # 15
	13 # 12
	14 # 14
	15 # 44
	16 # 42
	17 # 31
	18 # 34
	19 # 17
	20 # 48
	21 # 28
	22 # 39
	23 # 30
Timestep 1:
	0 # 46
	1 # 25
	2 # 11
	3 # 41
	4 # 53
	5 # 37
	6 # 32
	7 # 26
	8 # 27
	9 # 54
	10 # 20
	11 # 9
	12 # 15
	13 # 12
	14 # 14
	15 # 36
	16 # 43
	17 # 38
	18 # 34
	19 # 17
	20 # 47
	21 # 29
	22 # 40
	23 # 23
Timestep 2:
	0 # 38
	1 # 31
	2 # 4
	3 # 42
	4 # 52
	5 # 36
	6 # 27
	7 # 25
	8 # 26
	9 # 53
	10 # 19
	11 # 16
	12 # 8
	13 # 11
	14 # 15
	15 # 30
	16 # 44
	17 # 37
	18 # 33
	19 # 17
	20 # 47
	21 # 35
	22 # 32
	23 # 22
Timestep 3:
	0 # 39
	1 # 38
	2 # 4
	3 # 34
	4 # 52
	5 # 30
	6 # 20
	7 # 26
	8 # 19
	9 # 53
	10 # 18
	11 # 22
	12 # 1
	13 # 12
	14 # 15
	15 # 23
	16 # 44
	17 # 36
	18 # 41
	19 # 10
	20 # 46
	21 # 43
	22 # 27
	23 # 21
Timestep 4:
	0 # 39
	1 # 46
	2 # 4
	3 # 28
	4 # 52
	5 # 23
	6 # 13
	7 # 27
	8 # 18
	9 # 47
	10 # 17
	11 # 29
	12 # 2
	13 # 19
	14 # 8
	15 # 24
	16 # 36
	17 # 30
	18 # 42
	19 # 11
	20 # 45
	21 # 44
	22 # 20
	23 # 15
Timestep 5:
	0 # 47
	1 # 45
	2 # 11
	3 # 29
	4 # 46
	5 # 22
	6 # 13
	7 # 20
	8 # 18
	9 # 53
	10 # 24
	11 # 35
	12 # 2
	13 # 26
	14 # 9
	15 # 25
	16 # 37
	17 # 23
	18 # 41
	19 # 10
	20 # 44
	21 # 36
	22 # 19
	23 # 16
Timestep 6:
	0 # 48
	1 # 44
	2 # 10
	3 # 22
	4 # 45
	5 # 16
	6 # 12
	7 # 13
	8 # 11
	9 # 47
	10 # 23
	11 # 35
	12 # 1
	13 # 27
	14 # 9
	15 # 26
	16 # 38
	17 # 30
	18 # 41
	19 # 17
	20 # 43
	21 # 37
	22 # 19
	23 # 15
Timestep 7:
	0 # 54
	1 # 43
	2 # 17
	3 # 21
	4 # 44
	5 # 15
	6 # 11
	7 # 6
	8 # 4
	9 # 39
	10 # 22
	11 # 36
	12 # 0
	13 # 27
	14 # 16
	15 # 19
	16 # 46
	17 # 23
	18 # 42
	19 # 24
	20 # 35
	21 # 38
	22 # 12
	23 # 8
Timestep 8:
	0 # 48
	1 # 42
	2 # 10
	3 # 15
	4 # 36
	5 # 8
	6 # 18
	7 # 5
	8 # 4
	9 # 39
	10 # 21
	11 # 37
	12 # 0
	13 # 27
	14 # 22
	15 # 26
	16 # 47
	17 # 30
	18 # 34
	19 # 17
	20 # 29
	21 # 46
	22 # 13
	23 # 9
Timestep 9:
	0 # 54
	1 # 41
	2 # 11
	3 # 8
	4 # 35
	5 # 1
	6 # 19
	7 # 12
	8 # 5
	9 # 38
	10 # 15
	11 # 45
	12 # 0
	13 # 32
	14 # 29
	15 # 27
	16 # 39
	17 # 23
	18 # 34
	19 # 17
	20 # 28
	21 # 47
	22 # 13
	23 # 16
Timestep 10:
	0 # 54
	1 # 49
	2 # 11
	3 # 8
	4 # 43
	5 # 2
	6 # 12
	7 # 5
	8 # 6
	9 # 31
	10 # 14
	11 # 46
	12 # 7
	13 # 40
	14 # 30
	15 # 32
	16 # 39
	17 # 22
	18 # 42
	19 # 17
	20 # 21
	21 # 48
	22 # 13
	23 # 15

