Solution makespan:11
Timestep 0:
	0 # 46
	1 # 12
	2 # 20
	3 # 42
	4 # 33
	5 # 38
	6 # 4
	7 # 27
	8 # 44
	9 # 49
	10 # 54
	11 # 23
	12 # 30
	13 # 34
	14 # 0
	15 # 28
	16 # 48
	17 # 43
	18 # 47
	19 # 53
	20 # 22
	21 # 11
	22 # 39
	23 # 57
	24 # 32
	25 # 37
	26 # 35
	27 # 25
Timestep 1:
	0 # 51
	1 # 12
	2 # 13
	3 # 48
	4 # 25
	5 # 31
	6 # 4
	7 # 26
	8 # 37
	9 # 56
	10 # 47
	11 # 23
	12 # 29
	13 # 33
	14 # 1
	15 # 27
	16 # 55
	17 # 44
	18 # 41
	19 # 54
	20 # 21
	21 # 18
	22 # 39
	23 # 50
	24 # 24
	25 # 30
	26 # 36
	27 # 17
Timestep 2:
	0 # 52
	1 # 19
	2 # 14
	3 # 49
	4 # 17
	5 # 32
	6 # 3
	7 # 26
	8 # 30
	9 # 55
	10 # 41
	11 # 31
	12 # 28
	13 # 25
	14 # 2
	15 # 35
	16 # 54
	17 # 37
	18 # 42
	19 # 47
	20 # 20
	21 # 18
	22 # 46
	23 # 44
	24 # 24
	25 # 29
	26 # 36
	27 # 10
Timestep 3:
	0 # 51
	1 # 18
	2 # 14
	3 # 50
	4 # 10
	5 # 33
	6 # 11
	7 # 34
	8 # 22
	9 # 54
	10 # 40
	11 # 31
	12 # 27
	13 # 24
	14 # 3
	15 # 41
	16 # 47
	17 # 30
	18 # 43
	19 # 48
	20 # 19
	21 # 17
	22 # 46
	23 # 37
	24 # 16
	25 # 29
	26 # 42
	27 # 9
Timestep 4:
	0 # 46
	1 # 17
	2 # 6
	3 # 57
	4 # 2
	5 # 25
	6 # 12
	7 # 26
	8 # 21
	9 # 53
	10 # 40
	11 # 31
	12 # 35
	13 # 32
	14 # 3
	15 # 41
	16 # 47
	17 # 22
	18 # 44
	19 # 49
	20 # 18
	21 # 16
	22 # 39
	23 # 30
	24 # 15
	25 # 28
	26 # 42
	27 # 10
Timestep 5:
	0 # 39
	1 # 10
	2 # 7
	3 # 57
	4 # 3
	5 # 26
	6 # 4
	7 # 18
	8 # 14
	9 # 52
	10 # 40
	11 # 23
	12 # 34
	13 # 33
	14 # 11
	15 # 41
	16 # 48
	17 # 22
	18 # 50
	19 # 49
	20 # 17
	21 # 24
	22 # 32
	23 # 29
	24 # 8
	25 # 20
	26 # 36
	27 # 9
Timestep 6:
	0 # 32
	1 # 2
	2 # 6
	3 # 50
	4 # 11
	5 # 27
	6 # 4
	7 # 17
	8 # 14
	9 # 51
	10 # 34
	11 # 15
	12 # 26
	13 # 33
	14 # 12
	15 # 47
	16 # 42
	17 # 30
	18 # 44
	19 # 56
	20 # 10
	21 # 23
	22 # 31
	23 # 28
	24 # 0
	25 # 19
	26 # 36
	27 # 16
Timestep 7:
	0 # 24
	1 # 3
	2 # 5
	3 # 49
	4 # 11
	5 # 28
	6 # 4
	7 # 16
	8 # 21
	9 # 51
	10 # 26
	11 # 8
	12 # 25
	13 # 34
	14 # 19
	15 # 47
	16 # 41
	17 # 29
	18 # 37
	19 # 57
	20 # 9
	21 # 31
	22 # 38
	23 # 20
	24 # 1
	25 # 18
	26 # 42
	27 # 15
Timestep 8:
	0 # 25
	1 # 3
	2 # 13
	3 # 56
	4 # 10
	5 # 36
	6 # 5
	7 # 16
	8 # 21
	9 # 46
	10 # 18
	11 # 0
	12 # 33
	13 # 40
	14 # 27
	15 # 41
	16 # 35
	17 # 28
	18 # 44
	19 # 50
	20 # 8
	21 # 32
	22 # 38
	23 # 19
	24 # 9
	25 # 11
	26 # 43
	27 # 23
Timestep 9:
	0 # 26
	1 # 4
	2 # 20
	3 # 56
	4 # 2
	5 # 42
	6 # 13
	7 # 17
	8 # 29
	9 # 39
	10 # 11
	11 # 8
	12 # 32
	13 # 41
	14 # 19
	15 # 47
	16 # 27
	17 # 36
	18 # 43
	19 # 44
	20 # 15
	21 # 24
	22 # 45
	23 # 12
	24 # 16
	25 # 10
	26 # 49
	27 # 31
Timestep 10:
	0 # 27
	1 # 12
	2 # 28
	3 # 57
	4 # 2
	5 # 48
	6 # 20
	7 # 17
	8 # 30
	9 # 38
	10 # 10
	11 # 15
	12 # 39
	13 # 47
	14 # 18
	15 # 54
	16 # 19
	17 # 35
	18 # 42
	19 # 44
	20 # 23
	21 # 25
	22 # 46
	23 # 11
	24 # 24
	25 # 9
	26 # 50
	27 # 31
Timestep 11:
	0 # 28
	1 # 11
	2 # 36
	3 # 56
	4 # 1
	5 # 49
	6 # 19
	7 # 25
	8 # 30
	9 # 45
	10 # 2
	11 # 16
	12 # 46
	13 # 54
	14 # 26
	15 # 53
	16 # 12
	17 # 34
	18 # 42
	19 # 37
	20 # 23
	21 # 24
	22 # 51
	23 # 10
	24 # 32
	25 # 8
	26 # 57
	27 # 31

