Solution makespan:12
Timestep 0:
	0 # 33
	1 # 19
	2 # 32
	3 # 28
	4 # 37
	5 # 7
	6 # 46
	7 # 56
	8 # 52
	9 # 50
	10 # 36
	11 # 47
	12 # 25
	13 # 44
	14 # 42
	15 # 48
	16 # 31
	17 # 21
	18 # 0
	19 # 18
	20 # 2
	21 # 17
	22 # 24
	23 # 38
	24 # 55
	25 # 15
	26 # 12
	27 # 40
	28 # 41
	29 # 13
	30 # 11
	31 # 3
Timestep 1:
	0 # 34
	1 # 26
	2 # 25
	3 # 28
	4 # 37
	5 # 6
	6 # 38
	7 # 55
	8 # 51
	9 # 50
	10 # 30
	11 # 47
	12 # 24
	13 # 45
	14 # 43
	15 # 56
	16 # 32
	17 # 14
	18 # 1
	19 # 18
	20 # 2
	21 # 16
	22 # 23
	23 # 39
	24 # 54
	25 # 15
	26 # 13
	27 # 40
	28 # 42
	29 # 5
	30 # 10
	31 # 11
Timestep 2:
	0 # 40
	1 # 25
	2 # 24
	3 # 35
	4 # 38
	5 # 6
	6 # 32
	7 # 54
	8 # 50
	9 # 49
	10 # 30
	11 # 47
	12 # 31
	13 # 46
	14 # 44
	15 # 55
	16 # 33
	17 # 8
	18 # 1
	19 # 12
	20 # 2
	21 # 15
	22 # 22
	23 # 39
	24 # 53
	25 # 14
	26 # 5
	27 # 48
	28 # 43
	29 # 4
	30 # 11
	31 # 17
Timestep 3:
	0 # 48
	1 # 24
	2 # 18
	3 # 41
	4 # 32
	5 # 5
	6 # 25
	7 # 54
	8 # 42
	9 # 49
	10 # 31
	11 # 39
	12 # 37
	13 # 47
	14 # 45
	15 # 55
	16 # 34
	17 # 9
	18 # 2
	19 # 13
	20 # 10
	21 # 14
	22 # 16
	23 # 38
	24 # 52
	25 # 8
	26 # 4
	27 # 56
	28 # 44
	29 # 3
	30 # 12
	31 # 23
Timestep 4:
	0 # 56
	1 # 23
	2 # 17
	3 # 42
	4 # 25
	5 # 4
	6 # 24
	7 # 54
	8 # 50
	9 # 49
	10 # 31
	11 # 38
	12 # 36
	13 # 39
	14 # 46
	15 # 47
	16 # 34
	17 # 8
	18 # 2
	19 # 13
	20 # 9
	21 # 21
	22 # 15
	23 # 37
	24 # 52
	25 # 0
	26 # 3
	27 # 55
	28 # 45
	29 # 11
	30 # 18
	31 # 30
Timestep 5:
	0 # 55
	1 # 17
	2 # 16
	3 # 43
	4 # 26
	5 # 12
	6 # 23
	7 # 46
	8 # 49
	9 # 41
	10 # 32
	11 # 39
	12 # 44
	13 # 33
	14 # 45
	15 # 48
	16 # 34
	17 # 8
	18 # 1
	19 # 13
	20 # 15
	21 # 28
	22 # 14
	23 # 31
	24 # 53
	25 # 0
	26 # 3
	27 # 47
	28 # 37
	29 # 10
	30 # 24
	31 # 36
Timestep 6:
	0 # 54
	1 # 11
	2 # 15
	3 # 44
	4 # 27
	5 # 18
	6 # 17
	7 # 47
	8 # 49
	9 # 42
	10 # 33
	11 # 40
	12 # 52
	13 # 26
	14 # 37
	15 # 56
	16 # 34
	17 # 8
	18 # 2
	19 # 12
	20 # 14
	21 # 29
	22 # 21
	23 # 24
	24 # 53
	25 # 0
	26 # 3
	27 # 39
	28 # 38
	29 # 9
	30 # 25
	31 # 36
Timestep 7:
	0 # 54
	1 # 3
	2 # 9
	3 # 44
	4 # 27
	5 # 24
	6 # 16
	7 # 39
	8 # 41
	9 # 42
	10 # 32
	11 # 48
	12 # 51
	13 # 19
	14 # 31
	15 # 55
	16 # 40
	17 # 0
	18 # 10
	19 # 11
	20 # 15
	21 # 29
	22 # 28
	23 # 23
	24 # 52
	25 # 1
	26 # 2
	27 # 33
	28 # 46
	29 # 8
	30 # 26
	31 # 37
Timestep 8:
	0 # 53
	1 # 4
	2 # 8
	3 # 45
	4 # 27
	5 # 25
	6 # 15
	7 # 39
	8 # 49
	9 # 41
	10 # 31
	11 # 56
	12 # 43
	13 # 20
	14 # 24
	15 # 54
	16 # 48
	17 # 0
	18 # 16
	19 # 17
	20 # 9
	21 # 29
	22 # 28
	23 # 22
	24 # 51
	25 # 1
	26 # 3
	27 # 34
	28 # 47
	29 # 14
	30 # 33
	31 # 38
Timestep 9:
	0 # 52
	1 # 5
	2 # 8
	3 # 37
	4 # 20
	5 # 26
	6 # 9
	7 # 39
	8 # 50
	9 # 41
	10 # 24
	11 # 56
	12 # 44
	13 # 19
	14 # 18
	15 # 54
	16 # 47
	17 # 1
	18 # 17
	19 # 23
	20 # 10
	21 # 29
	22 # 35
	23 # 22
	24 # 51
	25 # 2
	26 # 3
	27 # 33
	28 # 55
	29 # 14
	30 # 32
	31 # 46
Timestep 10:
	0 # 52
	1 # 6
	2 # 0
	3 # 36
	4 # 20
	5 # 27
	6 # 8
	7 # 40
	8 # 51
	9 # 42
	10 # 18
	11 # 48
	12 # 44
	13 # 26
	14 # 12
	15 # 46
	16 # 47
	17 # 9
	18 # 17
	19 # 30
	20 # 11
	21 # 28
	22 # 41
	23 # 22
	24 # 43
	25 # 10
	26 # 4
	27 # 33
	28 # 56
	29 # 21
	30 # 38
	31 # 45
Timestep 11:
	0 # 44
	1 # 7
	2 # 1
	3 # 30
	4 # 19
	5 # 20
	6 # 0
	7 # 34
	8 # 52
	9 # 41
	10 # 12
	11 # 48
	12 # 43
	13 # 33
	14 # 4
	15 # 46
	16 # 55
	17 # 10
	18 # 23
	19 # 31
	20 # 17
	21 # 29
	22 # 49
	23 # 22
	24 # 42
	25 # 16
	26 # 5
	27 # 39
	28 # 56
	29 # 28
	30 # 37
	31 # 45
Timestep 12:
	0 # 36
	1 # 7
	2 # 9
	3 # 23
	4 # 19
	5 # 20
	6 # 1
	7 # 27
	8 # 52
	9 # 41
	10 # 13
	11 # 40
	12 # 51
	13 # 39
	14 # 5
	15 # 47
	16 # 56
	17 # 11
	18 # 24
	19 # 32
	20 # 18
	21 # 28
	22 # 50
	23 # 22
	24 # 43
	25 # 17
	26 # 6
	27 # 38
	28 # 48
	29 # 35
	30 # 31
	31 # 37

