Solution makespan:11
Timestep 0:
	0 # 23
	1 # 31
	2 # 10
	3 # 19
	4 # 4
	5 # 2
	6 # 17
	7 # 20
	8 # 7
	9 # 30
	10 # 57
	11 # 44
	12 # 40
	13 # 5
	14 # 46
	15 # 12
Timestep 1:
	0 # 23
	1 # 30
	2 # 18
	3 # 26
	4 # 12
	5 # 8
	6 # 24
	7 # 19
	8 # 1
	9 # 29
	10 # 57
	11 # 52
	12 # 40
	13 # 13
	14 # 46
	15 # 11
Timestep 2:
	0 # 31
	1 # 38
	2 # 17
	3 # 34
	4 # 20
	5 # 9
	6 # 23
	7 # 18
	8 # 7
	9 # 29
	10 # 50
	11 # 52
	12 # 39
	13 # 12
	14 # 47
	15 # 19
Timestep 3:
	0 # 32
	1 # 46
	2 # 9
	3 # 42
	4 # 27
	5 # 10
	6 # 16
	7 # 17
	8 # 15
	9 # 21
	10 # 50
	11 # 59
	12 # 31
	13 # 11
	14 # 39
	15 # 20
Timestep 4:
	0 # 33
	1 # 47
	2 # 8
	3 # 43
	4 # 35
	5 # 18
	6 # 16
	7 # 9
	8 # 22
	9 # 14
	10 # 42
	11 # 59
	12 # 23
	13 # 19
	14 # 40
	15 # 20
Timestep 5:
	0 # 41
	1 # 54
	2 # 7
	3 # 44
	4 # 43
	5 # 25
	6 # 17
	7 # 8
	8 # 30
	9 # 6
	10 # 34
	11 # 59
	12 # 22
	13 # 26
	14 # 48
	15 # 27
Timestep 6:
	0 # 42
	1 # 47
	2 # 15
	3 # 43
	4 # 51
	5 # 33
	6 # 18
	7 # 8
	8 # 31
	9 # 7
	10 # 26
	11 # 59
	12 # 23
	13 # 25
	14 # 49
	15 # 35
Timestep 7:
	0 # 34
	1 # 39
	2 # 22
	3 # 51
	4 # 58
	5 # 41
	6 # 25
	7 # 9
	8 # 32
	9 # 8
	10 # 19
	11 # 59
	12 # 16
	13 # 24
	14 # 56
	15 # 36
Timestep 8:
	0 # 35
	1 # 31
	2 # 30
	3 # 51
	4 # 59
	5 # 41
	6 # 26
	7 # 10
	8 # 33
	9 # 9
	10 # 20
	11 # 52
	12 # 15
	13 # 32
	14 # 56
	15 # 36
Timestep 9:
	0 # 35
	1 # 39
	2 # 38
	3 # 51
	4 # 59
	5 # 42
	6 # 34
	7 # 11
	8 # 25
	9 # 9
	10 # 12
	11 # 44
	12 # 7
	13 # 40
	14 # 49
	15 # 36
Timestep 10:
	0 # 34
	1 # 47
	2 # 38
	3 # 58
	4 # 52
	5 # 50
	6 # 33
	7 # 11
	8 # 18
	9 # 8
	10 # 12
	11 # 36
	12 # 15
	13 # 39
	14 # 41
	15 # 35
Timestep 11:
	0 # 42
	1 # 48
	2 # 46
	3 # 58
	4 # 59
	5 # 57
	6 # 25
	7 # 11
	8 # 19
	9 # 2
	10 # 20
	11 # 44
	12 # 16
	13 # 38
	14 # 33
	15 # 27

