Solution makespan:11
Timestep 0:
	0 # 16
	1 # 8
	2 # 53
	3 # 14
	4 # 2
	5 # 55
	6 # 24
	7 # 6
Timestep 1:
	0 # 23
	1 # 9
	2 # 53
	3 # 20
	4 # 10
	5 # 55
	6 # 17
	7 # 14
Timestep 2:
	0 # 30
	1 # 16
	2 # 45
	3 # 21
	4 # 9
	5 # 54
	6 # 10
	7 # 20
Timestep 3:
	0 # 31
	1 # 17
	2 # 38
	3 # 22
	4 # 8
	5 # 46
	6 # 11
	7 # 27
Timestep 4:
	0 # 38
	1 # 24
	2 # 39
	3 # 29
	4 # 7
	5 # 54
	6 # 18
	7 # 28
Timestep 5:
	0 # 45
	1 # 24
	2 # 40
	3 # 37
	4 # 15
	5 # 54
	6 # 25
	7 # 28
Timestep 6:
	0 # 38
	1 # 25
	2 # 33
	3 # 37
	4 # 14
	5 # 55
	6 # 32
	7 # 21
Timestep 7:
	0 # 39
	1 # 32
	2 # 34
	3 # 29
	4 # 20
	5 # 55
	6 # 31
	7 # 15
Timestep 8:
	0 # 46
	1 # 33
	2 # 34
	3 # 30
	4 # 27
	5 # 54
	6 # 32
	7 # 7
Timestep 9:
	0 # 46
	1 # 33
	2 # 41
	3 # 23
	4 # 35
	5 # 55
	6 # 32
	7 # 0
Timestep 10:
	0 # 39
	1 # 34
	2 # 41
	3 # 16
	4 # 42
	5 # 47
	6 # 33
	7 # 0
Timestep 11:
	0 # 46
	1 # 26
	2 # 48
	3 # 23
	4 # 49
	5 # 55
	6 # 34
	7 # 1

