Solution makespan:10
Timestep 0:
	0 # 18
	1 # 55
	2 # 32
	3 # 23
	4 # 36
	5 # 14
	6 # 41
	7 # 4
	8 # 13
	9 # 46
	10 # 24
	11 # 8
	12 # 51
	13 # 19
	14 # 26
	15 # 6
	16 # 49
	17 # 39
	18 # 47
	19 # 21
	20 # 56
	21 # 34
	22 # 58
	23 # 35
	24 # 9
	25 # 25
	26 # 30
	27 # 31
Timestep 1:
	0 # 26
	1 # 56
	2 # 24
	3 # 15
	4 # 37
	5 # 22
	6 # 40
	7 # 3
	8 # 12
	9 # 38
	10 # 16
	11 # 9
	12 # 51
	13 # 27
	14 # 25
	15 # 5
	16 # 48
	17 # 32
	18 # 54
	19 # 21
	20 # 49
	21 # 41
	22 # 57
	23 # 36
	24 # 1
	25 # 33
	26 # 31
	27 # 23
Timestep 2:
	0 # 34
	1 # 56
	2 # 16
	3 # 8
	4 # 29
	5 # 30
	6 # 39
	7 # 2
	8 # 12
	9 # 38
	10 # 17
	11 # 10
	12 # 43
	13 # 35
	14 # 25
	15 # 4
	16 # 47
	17 # 24
	18 # 53
	19 # 20
	20 # 48
	21 # 49
	22 # 51
	23 # 28
	24 # 9
	25 # 32
	26 # 23
	27 # 22
Timestep 3:
	0 # 41
	1 # 49
	2 # 17
	3 # 7
	4 # 21
	5 # 30
	6 # 38
	7 # 1
	8 # 12
	9 # 31
	10 # 18
	11 # 11
	12 # 36
	13 # 34
	14 # 26
	15 # 3
	16 # 54
	17 # 25
	18 # 52
	19 # 20
	20 # 40
	21 # 48
	22 # 50
	23 # 29
	24 # 10
	25 # 39
	26 # 15
	27 # 14
Timestep 4:
	0 # 41
	1 # 56
	2 # 18
	3 # 14
	4 # 29
	5 # 31
	6 # 46
	7 # 9
	8 # 4
	9 # 32
	10 # 19
	11 # 3
	12 # 28
	13 # 33
	14 # 27
	15 # 2
	16 # 53
	17 # 26
	18 # 45
	19 # 20
	20 # 39
	21 # 55
	22 # 49
	23 # 37
	24 # 11
	25 # 47
	26 # 8
	27 # 22
Timestep 5:
	0 # 42
	1 # 49
	2 # 11
	3 # 15
	4 # 29
	5 # 38
	6 # 46
	7 # 16
	8 # 3
	9 # 31
	10 # 18
	11 # 2
	12 # 20
	13 # 34
	14 # 35
	15 # 1
	16 # 53
	17 # 27
	18 # 52
	19 # 21
	20 # 32
	21 # 56
	22 # 48
	23 # 36
	24 # 12
	25 # 47
	26 # 9
	27 # 22
Timestep 6:
	0 # 43
	1 # 50
	2 # 3
	3 # 23
	4 # 37
	5 # 31
	6 # 46
	7 # 15
	8 # 2
	9 # 30
	10 # 17
	11 # 1
	12 # 13
	13 # 41
	14 # 34
	15 # 0
	16 # 53
	17 # 28
	18 # 52
	19 # 21
	20 # 32
	21 # 56
	22 # 55
	23 # 35
	24 # 19
	25 # 48
	26 # 10
	27 # 14
Timestep 7:
	0 # 36
	1 # 51
	2 # 4
	3 # 22
	4 # 44
	5 # 32
	6 # 53
	7 # 23
	8 # 2
	9 # 30
	10 # 18
	11 # 1
	12 # 13
	13 # 40
	14 # 41
	15 # 8
	16 # 54
	17 # 28
	18 # 45
	19 # 29
	20 # 24
	21 # 56
	22 # 55
	23 # 42
	24 # 20
	25 # 49
	26 # 11
	27 # 14
Timestep 8:
	0 # 28
	1 # 43
	2 # 12
	3 # 14
	4 # 44
	5 # 24
	6 # 53
	7 # 31
	8 # 10
	9 # 30
	10 # 26
	11 # 2
	12 # 5
	13 # 48
	14 # 40
	15 # 15
	16 # 47
	17 # 20
	18 # 45
	19 # 37
	20 # 16
	21 # 49
	22 # 54
	23 # 41
	24 # 19
	25 # 50
	26 # 11
	27 # 7
Timestep 9:
	0 # 20
	1 # 36
	2 # 11
	3 # 22
	4 # 43
	5 # 16
	6 # 53
	7 # 38
	8 # 17
	9 # 30
	10 # 26
	11 # 2
	12 # 5
	13 # 55
	14 # 33
	15 # 23
	16 # 48
	17 # 21
	18 # 46
	19 # 44
	20 # 9
	21 # 50
	22 # 54
	23 # 40
	24 # 27
	25 # 51
	26 # 3
	27 # 8
Timestep 10:
	0 # 21
	1 # 37
	2 # 18
	3 # 14
	4 # 36
	5 # 17
	6 # 53
	7 # 39
	8 # 10
	9 # 30
	10 # 27
	11 # 3
	12 # 6
	13 # 56
	14 # 25
	15 # 31
	16 # 49
	17 # 29
	18 # 38
	19 # 43
	20 # 1
	21 # 51
	22 # 54
	23 # 33
	24 # 35
	25 # 57
	26 # 4
	27 # 9

