Solution makespan:11
Timestep 0:
	0 # 0
	1 # 47
	2 # 49
	3 # 42
	4 # 2
	5 # 5
	6 # 44
	7 # 32
	8 # 45
	9 # 37
	10 # 8
	11 # 1
	12 # 16
	13 # 46
	14 # 24
	15 # 31
	16 # 43
	17 # 21
	18 # 28
	19 # 13
Timestep 1:
	0 # 6
	1 # 39
	2 # 41
	3 # 34
	4 # 1
	5 # 4
	6 # 43
	7 # 32
	8 # 44
	9 # 45
	10 # 2
	11 # 7
	12 # 10
	13 # 47
	14 # 30
	15 # 38
	16 # 42
	17 # 22
	18 # 29
	19 # 20
Timestep 2:
	0 # 0
	1 # 40
	2 # 33
	3 # 28
	4 # 7
	5 # 12
	6 # 42
	7 # 31
	8 # 43
	9 # 45
	10 # 3
	11 # 6
	12 # 9
	13 # 46
	14 # 37
	15 # 38
	16 # 41
	17 # 27
	18 # 35
	19 # 25
Timestep 3:
	0 # 1
	1 # 41
	2 # 33
	3 # 27
	4 # 8
	5 # 18
	6 # 42
	7 # 32
	8 # 43
	9 # 37
	10 # 2
	11 # 13
	12 # 9
	13 # 46
	14 # 36
	15 # 39
	16 # 49
	17 # 22
	18 # 34
	19 # 25
Timestep 4:
	0 # 0
	1 # 33
	2 # 27
	3 # 22
	4 # 14
	5 # 18
	6 # 41
	7 # 32
	8 # 43
	9 # 30
	10 # 8
	11 # 20
	12 # 10
	13 # 38
	14 # 44
	15 # 40
	16 # 48
	17 # 15
	18 # 35
	19 # 26
Timestep 5:
	0 # 6
	1 # 33
	2 # 28
	3 # 15
	4 # 21
	5 # 19
	6 # 49
	7 # 39
	8 # 42
	9 # 24
	10 # 14
	11 # 25
	12 # 11
	13 # 31
	14 # 43
	15 # 41
	16 # 48
	17 # 16
	18 # 36
	19 # 32
Timestep 6:
	0 # 0
	1 # 34
	2 # 28
	3 # 9
	4 # 22
	5 # 19
	6 # 48
	7 # 40
	8 # 41
	9 # 24
	10 # 21
	11 # 26
	12 # 17
	13 # 25
	14 # 35
	15 # 33
	16 # 47
	17 # 16
	18 # 44
	19 # 31
Timestep 7:
	0 # 1
	1 # 35
	2 # 27
	3 # 8
	4 # 22
	5 # 19
	6 # 47
	7 # 41
	8 # 49
	9 # 30
	10 # 21
	11 # 32
	12 # 23
	13 # 20
	14 # 29
	15 # 33
	16 # 39
	17 # 10
	18 # 43
	19 # 38
Timestep 8:
	0 # 2
	1 # 36
	2 # 22
	3 # 7
	4 # 15
	5 # 18
	6 # 39
	7 # 33
	8 # 48
	9 # 24
	10 # 14
	11 # 32
	12 # 29
	13 # 13
	14 # 28
	15 # 27
	16 # 38
	17 # 11
	18 # 35
	19 # 46
Timestep 9:
	0 # 2
	1 # 44
	2 # 21
	3 # 1
	4 # 9
	5 # 18
	6 # 38
	7 # 34
	8 # 47
	9 # 19
	10 # 8
	11 # 39
	12 # 28
	13 # 6
	14 # 27
	15 # 22
	16 # 31
	17 # 12
	18 # 43
	19 # 46
Timestep 10:
	0 # 2
	1 # 50
	2 # 22
	3 # 0
	4 # 3
	5 # 12
	6 # 38
	7 # 35
	8 # 47
	9 # 18
	10 # 9
	11 # 40
	12 # 34
	13 # 7
	14 # 27
	15 # 15
	16 # 32
	17 # 4
	18 # 42
	19 # 46
Timestep 11:
	0 # 1
	1 # 50
	2 # 15
	3 # 6
	4 # 2
	5 # 18
	6 # 31
	7 # 36
	8 # 46
	9 # 17
	10 # 3
	11 # 48
	12 # 42
	13 # 8
	14 # 22
	15 # 16
	16 # 32
	17 # 5
	18 # 41
	19 # 38

