Solution makespan:11
Timestep 0:
	0 # 22
	1 # 49
	2 # 21
	3 # 38
	4 # 24
	5 # 19
	6 # 4
	7 # 0
	8 # 10
	9 # 52
	10 # 23
	11 # 30
	12 # 29
	13 # 25
	14 # 17
	15 # 26
	16 # 13
	17 # 44
	18 # 32
	19 # 2
	20 # 18
	21 # 28
	22 # 8
	23 # 3
	24 # 15
	25 # 9
	26 # 48
	27 # 56
	28 # 37
	29 # 34
	30 # 14
	31 # 5
Timestep 1:
	0 # 30
	1 # 49
	2 # 21
	3 # 38
	4 # 17
	5 # 26
	6 # 12
	7 # 0
	8 # 11
	9 # 53
	10 # 23
	11 # 36
	12 # 29
	13 # 24
	14 # 16
	15 # 25
	16 # 5
	17 # 43
	18 # 31
	19 # 2
	20 # 10
	21 # 27
	22 # 9
	23 # 3
	24 # 14
	25 # 1
	26 # 47
	27 # 55
	28 # 37
	29 # 41
	30 # 13
	31 # 4
Timestep 2:
	0 # 30
	1 # 43
	2 # 22
	3 # 45
	4 # 18
	5 # 33
	6 # 20
	7 # 8
	8 # 19
	9 # 53
	10 # 24
	11 # 35
	12 # 21
	13 # 32
	14 # 16
	15 # 25
	16 # 6
	17 # 42
	18 # 31
	19 # 10
	20 # 9
	21 # 34
	22 # 1
	23 # 11
	24 # 13
	25 # 0
	26 # 54
	27 # 49
	28 # 38
	29 # 41
	30 # 12
	31 # 5
Timestep 3:
	0 # 36
	1 # 35
	2 # 30
	3 # 45
	4 # 19
	5 # 40
	6 # 27
	7 # 16
	8 # 26
	9 # 53
	10 # 17
	11 # 29
	12 # 14
	13 # 38
	14 # 23
	15 # 24
	16 # 7
	17 # 48
	18 # 37
	19 # 9
	20 # 1
	21 # 33
	22 # 2
	23 # 10
	24 # 12
	25 # 0
	26 # 47
	27 # 49
	28 # 39
	29 # 42
	30 # 11
	31 # 13
Timestep 4:
	0 # 44
	1 # 29
	2 # 36
	3 # 45
	4 # 20
	5 # 41
	6 # 28
	7 # 23
	8 # 27
	9 # 54
	10 # 18
	11 # 21
	12 # 15
	13 # 38
	14 # 31
	15 # 17
	16 # 7
	17 # 48
	18 # 37
	19 # 1
	20 # 0
	21 # 33
	22 # 3
	23 # 9
	24 # 11
	25 # 8
	26 # 47
	27 # 55
	28 # 40
	29 # 43
	30 # 10
	31 # 12
Timestep 5:
	0 # 43
	1 # 21
	2 # 44
	3 # 38
	4 # 12
	5 # 40
	6 # 29
	7 # 24
	8 # 20
	9 # 54
	10 # 19
	11 # 14
	12 # 15
	13 # 39
	14 # 23
	15 # 18
	16 # 7
	17 # 47
	18 # 31
	19 # 1
	20 # 0
	21 # 34
	22 # 4
	23 # 8
	24 # 10
	25 # 16
	26 # 41
	27 # 49
	28 # 33
	29 # 35
	30 # 2
	31 # 11
Timestep 6:
	0 # 42
	1 # 21
	2 # 43
	3 # 37
	4 # 13
	5 # 39
	6 # 35
	7 # 25
	8 # 20
	9 # 47
	10 # 11
	11 # 6
	12 # 22
	13 # 46
	14 # 23
	15 # 10
	16 # 15
	17 # 41
	18 # 32
	19 # 1
	20 # 0
	21 # 34
	22 # 5
	23 # 16
	24 # 9
	25 # 17
	26 # 40
	27 # 48
	28 # 26
	29 # 36
	30 # 2
	31 # 3
Timestep 7:
	0 # 42
	1 # 29
	2 # 49
	3 # 31
	4 # 14
	5 # 39
	6 # 43
	7 # 26
	8 # 27
	9 # 54
	10 # 12
	11 # 7
	12 # 30
	13 # 52
	14 # 24
	15 # 2
	16 # 15
	17 # 40
	18 # 38
	19 # 0
	20 # 8
	21 # 41
	22 # 6
	23 # 23
	24 # 17
	25 # 18
	26 # 33
	27 # 48
	28 # 19
	29 # 36
	30 # 1
	31 # 3
Timestep 8:
	0 # 41
	1 # 35
	2 # 48
	3 # 23
	4 # 21
	5 # 38
	6 # 49
	7 # 19
	8 # 28
	9 # 47
	10 # 13
	11 # 7
	12 # 29
	13 # 53
	14 # 25
	15 # 3
	16 # 22
	17 # 33
	18 # 45
	19 # 1
	20 # 8
	21 # 40
	22 # 14
	23 # 16
	24 # 24
	25 # 10
	26 # 26
	27 # 42
	28 # 20
	29 # 36
	30 # 9
	31 # 11
Timestep 9:
	0 # 40
	1 # 35
	2 # 47
	3 # 24
	4 # 29
	5 # 38
	6 # 55
	7 # 11
	8 # 27
	9 # 41
	10 # 14
	11 # 7
	12 # 28
	13 # 54
	14 # 26
	15 # 4
	16 # 30
	17 # 33
	18 # 51
	19 # 1
	20 # 9
	21 # 39
	22 # 15
	23 # 16
	24 # 32
	25 # 18
	26 # 19
	27 # 43
	28 # 12
	29 # 44
	30 # 17
	31 # 3
Timestep 10:
	0 # 41
	1 # 43
	2 # 48
	3 # 25
	4 # 28
	5 # 37
	6 # 56
	7 # 3
	8 # 20
	9 # 42
	10 # 21
	11 # 7
	12 # 27
	13 # 47
	14 # 19
	15 # 5
	16 # 36
	17 # 26
	18 # 45
	19 # 9
	20 # 10
	21 # 46
	22 # 22
	23 # 8
	24 # 38
	25 # 18
	26 # 11
	27 # 49
	28 # 13
	29 # 44
	30 # 16
	31 # 2
Timestep 11:
	0 # 40
	1 # 49
	2 # 47
	3 # 18
	4 # 28
	5 # 31
	6 # 56
	7 # 4
	8 # 12
	9 # 48
	10 # 29
	11 # 6
	12 # 34
	13 # 41
	14 # 11
	15 # 13
	16 # 35
	17 # 27
	18 # 46
	19 # 17
	20 # 2
	21 # 52
	22 # 21
	23 # 0
	24 # 39
	25 # 10
	26 # 3
	27 # 55
	28 # 14
	29 # 44
	30 # 23
	31 # 1

