Solution makespan:9
Timestep 0:
	0 # 36
	1 # 28
	2 # 2
	3 # 25
	4 # 47
	5 # 46
	6 # 24
	7 # 43
	8 # 17
	9 # 34
	10 # 54
	11 # 26
	12 # 22
	13 # 20
	14 # 8
	15 # 42
	16 # 12
	17 # 14
	18 # 13
	19 # 1
	20 # 3
	21 # 44
	22 # 48
	23 # 27
Timestep 1:
	0 # 36
	1 # 35
	2 # 3
	3 # 26
	4 # 48
	5 # 46
	6 # 23
	7 # 42
	8 # 17
	9 # 33
	10 # 54
	11 # 18
	12 # 22
	13 # 28
	14 # 9
	15 # 50
	16 # 11
	17 # 21
	18 # 5
	19 # 1
	20 # 4
	21 # 43
	22 # 49
	23 # 27
Timestep 2:
	0 # 29
	1 # 28
	2 # 2
	3 # 18
	4 # 55
	5 # 47
	6 # 31
	7 # 41
	8 # 25
	9 # 34
	10 # 46
	11 # 19
	12 # 30
	13 # 27
	14 # 16
	15 # 51
	16 # 3
	17 # 21
	18 # 6
	19 # 9
	20 # 5
	21 # 42
	22 # 50
	23 # 26
Timestep 3:
	0 # 28
	1 # 27
	2 # 1
	3 # 11
	4 # 56
	5 # 48
	6 # 32
	7 # 49
	8 # 33
	9 # 34
	10 # 39
	11 # 20
	12 # 37
	13 # 26
	14 # 24
	15 # 52
	16 # 4
	17 # 29
	18 # 7
	19 # 10
	20 # 13
	21 # 35
	22 # 42
	23 # 25
Timestep 4:
	0 # 27
	1 # 26
	2 # 1
	3 # 3
	4 # 57
	5 # 55
	6 # 24
	7 # 48
	8 # 40
	9 # 34
	10 # 32
	11 # 21
	12 # 30
	13 # 18
	14 # 23
	15 # 44
	16 # 5
	17 # 36
	18 # 15
	19 # 11
	20 # 20
	21 # 28
	22 # 42
	23 # 33
Timestep 5:
	0 # 26
	1 # 25
	2 # 2
	3 # 4
	4 # 58
	5 # 55
	6 # 16
	7 # 47
	8 # 39
	9 # 34
	10 # 24
	11 # 22
	12 # 29
	13 # 18
	14 # 31
	15 # 37
	16 # 13
	17 # 43
	18 # 14
	19 # 12
	20 # 28
	21 # 27
	22 # 41
	23 # 33
Timestep 6:
	0 # 18
	1 # 17
	2 # 3
	3 # 5
	4 # 51
	5 # 56
	6 # 16
	7 # 40
	8 # 46
	9 # 33
	10 # 25
	11 # 30
	12 # 28
	13 # 11
	14 # 38
	15 # 36
	16 # 20
	17 # 42
	18 # 6
	19 # 13
	20 # 35
	21 # 19
	22 # 49
	23 # 32
Timestep 7:
	0 # 17
	1 # 10
	2 # 4
	3 # 6
	4 # 43
	5 # 57
	6 # 24
	7 # 33
	8 # 47
	9 # 32
	10 # 26
	11 # 37
	12 # 27
	13 # 12
	14 # 38
	15 # 29
	16 # 28
	17 # 41
	18 # 7
	19 # 13
	20 # 42
	21 # 18
	22 # 56
	23 # 31
Timestep 8:
	0 # 10
	1 # 11
	2 # 5
	3 # 14
	4 # 42
	5 # 58
	6 # 23
	7 # 25
	8 # 48
	9 # 24
	10 # 18
	11 # 44
	12 # 26
	13 # 19
	14 # 45
	15 # 21
	16 # 35
	17 # 49
	18 # 15
	19 # 20
	20 # 50
	21 # 17
	22 # 55
	23 # 32
Timestep 9:
	0 # 11
	1 # 12
	2 # 6
	3 # 14
	4 # 41
	5 # 57
	6 # 31
	7 # 26
	8 # 49
	9 # 16
	10 # 19
	11 # 44
	12 # 34
	13 # 27
	14 # 53
	15 # 20
	16 # 35
	17 # 56
	18 # 22
	19 # 28
	20 # 50
	21 # 17
	22 # 55
	23 # 39

