Solution makespan:12
Timestep 0:
	0 # 41
	1 # 14
	2 # 28
	3 # 38
	4 # 42
	5 # 7
	6 # 12
	7 # 17
	8 # 45
	9 # 15
	10 # 54
	11 # 4
	12 # 22
	13 # 55
	14 # 19
	15 # 50
	16 # 9
	17 # 1
	18 # 3
	19 # 47
	20 # 53
	21 # 32
	22 # 34
	23 # 46
	24 # 49
	25 # 16
	26 # 57
	27 # 27
	28 # 43
	29 # 35
	30 # 48
	31 # 23
Timestep 1:
	0 # 33
	1 # 15
	2 # 28
	3 # 37
	4 # 34
	5 # 8
	6 # 13
	7 # 18
	8 # 45
	9 # 7
	10 # 55
	11 # 12
	12 # 23
	13 # 56
	14 # 20
	15 # 44
	16 # 17
	17 # 0
	18 # 3
	19 # 39
	20 # 47
	21 # 25
	22 # 27
	23 # 38
	24 # 42
	25 # 16
	26 # 58
	27 # 26
	28 # 43
	29 # 35
	30 # 49
	31 # 31
Timestep 2:
	0 # 32
	1 # 14
	2 # 27
	3 # 38
	4 # 35
	5 # 9
	6 # 12
	7 # 19
	8 # 46
	9 # 8
	10 # 48
	11 # 11
	12 # 24
	13 # 55
	14 # 21
	15 # 36
	16 # 16
	17 # 6
	18 # 4
	19 # 40
	20 # 39
	21 # 17
	22 # 26
	23 # 31
	24 # 42
	25 # 15
	26 # 57
	27 # 25
	28 # 44
	29 # 28
	30 # 56
	31 # 30
Timestep 3:
	0 # 25
	1 # 22
	2 # 26
	3 # 38
	4 # 43
	5 # 10
	6 # 20
	7 # 27
	8 # 47
	9 # 9
	10 # 48
	11 # 3
	12 # 16
	13 # 54
	14 # 21
	15 # 29
	16 # 15
	17 # 14
	18 # 5
	19 # 32
	20 # 40
	21 # 18
	22 # 33
	23 # 23
	24 # 49
	25 # 7
	26 # 56
	27 # 24
	28 # 44
	29 # 28
	30 # 55
	31 # 37
Timestep 4:
	0 # 24
	1 # 30
	2 # 25
	3 # 31
	4 # 42
	5 # 11
	6 # 20
	7 # 26
	8 # 39
	9 # 10
	10 # 48
	11 # 3
	12 # 8
	13 # 53
	14 # 29
	15 # 28
	16 # 7
	17 # 14
	18 # 13
	19 # 32
	20 # 41
	21 # 19
	22 # 34
	23 # 23
	24 # 56
	25 # 1
	26 # 55
	27 # 16
	28 # 50
	29 # 27
	30 # 54
	31 # 38
Timestep 5:
	0 # 25
	1 # 31
	2 # 17
	3 # 23
	4 # 49
	5 # 12
	6 # 28
	7 # 18
	8 # 38
	9 # 11
	10 # 48
	11 # 4
	12 # 9
	13 # 47
	14 # 36
	15 # 27
	16 # 6
	17 # 22
	18 # 21
	19 # 40
	20 # 42
	21 # 19
	22 # 35
	23 # 15
	24 # 55
	25 # 0
	26 # 54
	27 # 16
	28 # 58
	29 # 26
	30 # 53
	31 # 37
Timestep 6:
	0 # 25
	1 # 38
	2 # 16
	3 # 24
	4 # 56
	5 # 13
	6 # 28
	7 # 17
	8 # 46
	9 # 12
	10 # 49
	11 # 5
	12 # 10
	13 # 39
	14 # 44
	15 # 19
	16 # 14
	17 # 23
	18 # 29
	19 # 32
	20 # 34
	21 # 20
	22 # 35
	23 # 7
	24 # 54
	25 # 1
	26 # 53
	27 # 8
	28 # 57
	29 # 18
	30 # 52
	31 # 45
Timestep 7:
	0 # 25
	1 # 39
	2 # 15
	3 # 24
	4 # 55
	5 # 13
	6 # 35
	7 # 16
	8 # 45
	9 # 12
	10 # 42
	11 # 4
	12 # 11
	13 # 40
	14 # 43
	15 # 20
	16 # 22
	17 # 31
	18 # 36
	19 # 33
	20 # 27
	21 # 21
	22 # 34
	23 # 8
	24 # 53
	25 # 1
	26 # 47
	27 # 9
	28 # 56
	29 # 17
	30 # 46
	31 # 37
Timestep 8:
	0 # 25
	1 # 40
	2 # 14
	3 # 24
	4 # 54
	5 # 21
	6 # 34
	7 # 15
	8 # 51
	9 # 4
	10 # 43
	11 # 3
	12 # 12
	13 # 32
	14 # 35
	15 # 20
	16 # 30
	17 # 23
	18 # 44
	19 # 41
	20 # 28
	21 # 29
	22 # 33
	23 # 9
	24 # 47
	25 # 7
	26 # 46
	27 # 2
	28 # 49
	29 # 16
	30 # 38
	31 # 45
Timestep 9:
	0 # 26
	1 # 41
	2 # 22
	3 # 16
	4 # 53
	5 # 29
	6 # 33
	7 # 7
	8 # 52
	9 # 4
	10 # 35
	11 # 11
	12 # 13
	13 # 25
	14 # 34
	15 # 12
	16 # 37
	17 # 24
	18 # 44
	19 # 48
	20 # 20
	21 # 36
	22 # 32
	23 # 10
	24 # 46
	25 # 8
	26 # 38
	27 # 9
	28 # 42
	29 # 15
	30 # 31
	31 # 51
Timestep 10:
	0 # 27
	1 # 48
	2 # 22
	3 # 15
	4 # 47
	5 # 36
	6 # 32
	7 # 1
	8 # 53
	9 # 3
	10 # 28
	11 # 11
	12 # 21
	13 # 17
	14 # 33
	15 # 4
	16 # 38
	17 # 25
	18 # 50
	19 # 55
	20 # 12
	21 # 35
	22 # 40
	23 # 18
	24 # 46
	25 # 8
	26 # 31
	27 # 10
	28 # 34
	29 # 14
	30 # 23
	31 # 51
Timestep 11:
	0 # 28
	1 # 49
	2 # 14
	3 # 7
	4 # 46
	5 # 44
	6 # 25
	7 # 1
	8 # 54
	9 # 3
	10 # 20
	11 # 19
	12 # 29
	13 # 9
	14 # 41
	15 # 12
	16 # 39
	17 # 26
	18 # 58
	19 # 56
	20 # 13
	21 # 43
	22 # 32
	23 # 17
	24 # 52
	25 # 16
	26 # 38
	27 # 11
	28 # 34
	29 # 6
	30 # 22
	31 # 51
Timestep 12:
	0 # 35
	1 # 56
	2 # 14
	3 # 8
	4 # 45
	5 # 43
	6 # 24
	7 # 7
	8 # 55
	9 # 3
	10 # 12
	11 # 18
	12 # 36
	13 # 2
	14 # 48
	15 # 4
	16 # 40
	17 # 33
	18 # 50
	19 # 57
	20 # 5
	21 # 42
	22 # 32
	23 # 25
	24 # 52
	25 # 16
	26 # 38
	27 # 11
	28 # 27
	29 # 0
	30 # 30
	31 # 51

