Solution makespan:10
Timestep 0:
	0 # 59
	1 # 3
	2 # 12
	3 # 16
	4 # 7
	5 # 10
	6 # 34
	7 # 53
	8 # 51
	9 # 24
	10 # 29
	11 # 35
Timestep 1:
	0 # 52
	1 # 3
	2 # 20
	3 # 8
	4 # 6
	5 # 18
	6 # 41
	7 # 54
	8 # 58
	9 # 32
	10 # 21
	11 # 34
Timestep 2:
	0 # 46
	1 # 11
	2 # 21
	3 # 16
	4 # 5
	5 # 19
	6 # 41
	7 # 54
	8 # 58
	9 # 33
	10 # 13
	11 # 26
Timestep 3:
	0 # 45
	1 # 19
	2 # 22
	3 # 24
	4 # 13
	5 # 20
	6 # 42
	7 # 47
	8 # 57
	9 # 34
	10 # 14
	11 # 18
Timestep 4:
	0 # 38
	1 # 27
	2 # 14
	3 # 32
	4 # 12
	5 # 21
	6 # 48
	7 # 40
	8 # 58
	9 # 41
	10 # 15
	11 # 18
Timestep 5:
	0 # 37
	1 # 26
	2 # 13
	3 # 39
	4 # 20
	5 # 22
	6 # 49
	7 # 33
	8 # 59
	9 # 42
	10 # 15
	11 # 19
Timestep 6:
	0 # 36
	1 # 34
	2 # 12
	3 # 40
	4 # 20
	5 # 23
	6 # 50
	7 # 25
	8 # 58
	9 # 48
	10 # 15
	11 # 19
Timestep 7:
	0 # 28
	1 # 35
	2 # 11
	3 # 33
	4 # 19
	5 # 23
	6 # 44
	7 # 17
	8 # 58
	9 # 49
	10 # 14
	11 # 27
Timestep 8:
	0 # 27
	1 # 42
	2 # 10
	3 # 25
	4 # 18
	5 # 23
	6 # 37
	7 # 9
	8 # 59
	9 # 50
	10 # 22
	11 # 19
Timestep 9:
	0 # 19
	1 # 42
	2 # 10
	3 # 33
	4 # 17
	5 # 15
	6 # 29
	7 # 1
	8 # 52
	9 # 50
	10 # 21
	11 # 20
Timestep 10:
	0 # 11
	1 # 35
	2 # 9
	3 # 40
	4 # 16
	5 # 7
	6 # 30
	7 # 2
	8 # 52
	9 # 57
	10 # 29
	11 # 12

