Solution makespan:12
Timestep 0:
	0 # 49
	1 # 21
	2 # 54
	3 # 36
	4 # 26
	5 # 8
	6 # 9
	7 # 32
	8 # 43
	9 # 10
	10 # 42
	11 # 45
	12 # 25
	13 # 44
	14 # 53
	15 # 16
	16 # 27
	17 # 35
	18 # 48
	19 # 2
Timestep 1:
	0 # 50
	1 # 22
	2 # 47
	3 # 28
	4 # 34
	5 # 15
	6 # 8
	7 # 32
	8 # 42
	9 # 16
	10 # 41
	11 # 46
	12 # 33
	13 # 45
	14 # 52
	15 # 17
	16 # 27
	17 # 35
	18 # 49
	19 # 2
Timestep 2:
	0 # 43
	1 # 23
	2 # 39
	3 # 20
	4 # 34
	5 # 22
	6 # 9
	7 # 31
	8 # 36
	9 # 24
	10 # 42
	11 # 53
	12 # 32
	13 # 46
	14 # 51
	15 # 16
	16 # 28
	17 # 35
	18 # 48
	19 # 3
Timestep 3:
	0 # 44
	1 # 23
	2 # 33
	3 # 13
	4 # 26
	5 # 30
	6 # 8
	7 # 31
	8 # 28
	9 # 32
	10 # 43
	11 # 54
	12 # 38
	13 # 47
	14 # 50
	15 # 17
	16 # 20
	17 # 35
	18 # 41
	19 # 9
Timestep 4:
	0 # 45
	1 # 24
	2 # 33
	3 # 7
	4 # 18
	5 # 31
	6 # 15
	7 # 37
	8 # 29
	9 # 38
	10 # 44
	11 # 55
	12 # 46
	13 # 39
	14 # 49
	15 # 11
	16 # 13
	17 # 36
	18 # 35
	19 # 10
Timestep 5:
	0 # 37
	1 # 25
	2 # 32
	3 # 6
	4 # 17
	5 # 23
	6 # 22
	7 # 31
	8 # 30
	9 # 39
	10 # 45
	11 # 55
	12 # 47
	13 # 33
	14 # 48
	15 # 12
	16 # 14
	17 # 35
	18 # 27
	19 # 10
Timestep 6:
	0 # 38
	1 # 17
	2 # 24
	3 # 6
	4 # 16
	5 # 31
	6 # 21
	7 # 30
	8 # 22
	9 # 47
	10 # 46
	11 # 55
	12 # 54
	13 # 32
	14 # 41
	15 # 12
	16 # 15
	17 # 36
	18 # 19
	19 # 11
Timestep 7:
	0 # 39
	1 # 11
	2 # 16
	3 # 6
	4 # 10
	5 # 37
	6 # 22
	7 # 29
	8 # 15
	9 # 54
	10 # 38
	11 # 55
	12 # 53
	13 # 24
	14 # 48
	15 # 12
	16 # 14
	17 # 36
	18 # 20
	19 # 5
Timestep 8:
	0 # 40
	1 # 10
	2 # 24
	3 # 0
	4 # 9
	5 # 45
	6 # 30
	7 # 28
	8 # 8
	9 # 53
	10 # 38
	11 # 55
	12 # 52
	13 # 32
	14 # 49
	15 # 18
	16 # 15
	17 # 36
	18 # 19
	19 # 4
Timestep 9:
	0 # 34
	1 # 9
	2 # 16
	3 # 1
	4 # 8
	5 # 45
	6 # 29
	7 # 27
	8 # 2
	9 # 52
	10 # 39
	11 # 55
	12 # 51
	13 # 32
	14 # 48
	15 # 26
	16 # 22
	17 # 28
	18 # 20
	19 # 4
Timestep 10:
	0 # 26
	1 # 9
	2 # 10
	3 # 1
	4 # 15
	5 # 44
	6 # 30
	7 # 27
	8 # 2
	9 # 51
	10 # 40
	11 # 55
	12 # 50
	13 # 31
	14 # 41
	15 # 25
	16 # 23
	17 # 20
	18 # 21
	19 # 4
Timestep 11:
	0 # 18
	1 # 8
	2 # 9
	3 # 7
	4 # 14
	5 # 51
	6 # 31
	7 # 28
	8 # 2
	9 # 50
	10 # 34
	11 # 55
	12 # 43
	13 # 23
	14 # 35
	15 # 33
	16 # 24
	17 # 21
	18 # 29
	19 # 10
Timestep 12:
	0 # 12
	1 # 15
	2 # 8
	3 # 13
	4 # 14
	5 # 52
	6 # 37
	7 # 28
	8 # 2
	9 # 49
	10 # 26
	11 # 54
	12 # 44
	13 # 23
	14 # 27
	15 # 33
	16 # 25
	17 # 22
	18 # 29
	19 # 16

