Solution makespan:12
Timestep 0:
	0 # 36
	1 # 50
	2 # 31
	3 # 48
	4 # 20
	5 # 10
	6 # 29
	7 # 17
	8 # 11
	9 # 3
	10 # 21
	11 # 5
Timestep 1:
	0 # 36
	1 # 51
	2 # 32
	3 # 41
	4 # 26
	5 # 10
	6 # 28
	7 # 24
	8 # 19
	9 # 3
	10 # 20
	11 # 12
Timestep 2:
	0 # 35
	1 # 52
	2 # 32
	3 # 42
	4 # 20
	5 # 3
	6 # 29
	7 # 17
	8 # 18
	9 # 4
	10 # 19
	11 # 11
Timestep 3:
	0 # 36
	1 # 44
	2 # 32
	3 # 35
	4 # 26
	5 # 10
	6 # 30
	7 # 17
	8 # 25
	9 # 5
	10 # 18
	11 # 11
Timestep 4:
	0 # 37
	1 # 45
	2 # 38
	3 # 29
	4 # 33
	5 # 10
	6 # 30
	7 # 16
	8 # 24
	9 # 12
	10 # 25
	11 # 19
Timestep 5:
	0 # 37
	1 # 46
	2 # 39
	3 # 30
	4 # 34
	5 # 9
	6 # 36
	7 # 15
	8 # 31
	9 # 20
	10 # 32
	11 # 18
Timestep 6:
	0 # 38
	1 # 45
	2 # 39
	3 # 23
	4 # 40
	5 # 8
	6 # 37
	7 # 16
	8 # 30
	9 # 20
	10 # 31
	11 # 25
Timestep 7:
	0 # 44
	1 # 46
	2 # 38
	3 # 24
	4 # 47
	5 # 8
	6 # 43
	7 # 17
	8 # 36
	9 # 20
	10 # 30
	11 # 32
Timestep 8:
	0 # 45
	1 # 47
	2 # 38
	3 # 17
	4 # 54
	5 # 8
	6 # 44
	7 # 18
	8 # 36
	9 # 20
	10 # 29
	11 # 31
Timestep 9:
	0 # 46
	1 # 40
	2 # 39
	3 # 9
	4 # 47
	5 # 16
	6 # 44
	7 # 18
	8 # 37
	9 # 12
	10 # 35
	11 # 30
Timestep 10:
	0 # 47
	1 # 40
	2 # 38
	3 # 10
	4 # 54
	5 # 8
	6 # 45
	7 # 19
	8 # 31
	9 # 5
	10 # 42
	11 # 36
Timestep 11:
	0 # 47
	1 # 34
	2 # 32
	3 # 11
	4 # 54
	5 # 2
	6 # 46
	7 # 20
	8 # 24
	9 # 4
	10 # 42
	11 # 37
Timestep 12:
	0 # 40
	1 # 33
	2 # 38
	3 # 12
	4 # 54
	5 # 2
	6 # 47
	7 # 21
	8 # 17
	9 # 4
	10 # 49
	11 # 37

