Solution makespan:10
Timestep 0:
	0 # 16
	1 # 40
	2 # 4
	3 # 36
	4 # 46
	5 # 8
	6 # 49
	7 # 28
	8 # 20
	9 # 10
	10 # 5
	11 # 9
	12 # 12
	13 # 55
	14 # 23
	15 # 0
	16 # 26
	17 # 25
	18 # 48
	19 # 37
	20 # 53
	21 # 52
	22 # 22
	23 # 2
Timestep 1:
	0 # 16
	1 # 40
	2 # 12
	3 # 43
	4 # 45
	5 # 9
	6 # 57
	7 # 29
	8 # 27
	9 # 11
	10 # 6
	11 # 15
	12 # 17
	13 # 48
	14 # 24
	15 # 1
	16 # 25
	17 # 33
	18 # 47
	19 # 38
	20 # 52
	21 # 51
	22 # 23
	23 # 10
Timestep 2:
	0 # 15
	1 # 47
	2 # 17
	3 # 50
	4 # 38
	5 # 1
	6 # 56
	7 # 37
	8 # 35
	9 # 3
	10 # 14
	11 # 22
	12 # 18
	13 # 41
	14 # 31
	15 # 2
	16 # 33
	17 # 32
	18 # 46
	19 # 30
	20 # 45
	21 # 52
	22 # 23
	23 # 9
Timestep 3:
	0 # 22
	1 # 46
	2 # 18
	3 # 50
	4 # 30
	5 # 9
	6 # 56
	7 # 44
	8 # 34
	9 # 11
	10 # 19
	11 # 29
	12 # 13
	13 # 42
	14 # 32
	15 # 2
	16 # 41
	17 # 40
	18 # 39
	19 # 23
	20 # 38
	21 # 45
	22 # 16
	23 # 8
Timestep 4:
	0 # 22
	1 # 39
	2 # 25
	3 # 43
	4 # 23
	5 # 10
	6 # 56
	7 # 51
	8 # 26
	9 # 12
	10 # 19
	11 # 37
	12 # 5
	13 # 34
	14 # 33
	15 # 3
	16 # 40
	17 # 47
	18 # 38
	19 # 16
	20 # 30
	21 # 46
	22 # 15
	23 # 8
Timestep 5:
	0 # 29
	1 # 31
	2 # 33
	3 # 36
	4 # 22
	5 # 9
	6 # 55
	7 # 51
	8 # 34
	9 # 13
	10 # 18
	11 # 44
	12 # 6
	13 # 35
	14 # 41
	15 # 4
	16 # 32
	17 # 46
	18 # 37
	19 # 10
	20 # 23
	21 # 39
	22 # 16
	23 # 8
Timestep 6:
	0 # 29
	1 # 24
	2 # 32
	3 # 28
	4 # 22
	5 # 15
	6 # 54
	7 # 44
	8 # 42
	9 # 14
	10 # 25
	11 # 37
	12 # 5
	13 # 27
	14 # 48
	15 # 4
	16 # 31
	17 # 53
	18 # 36
	19 # 11
	20 # 16
	21 # 39
	22 # 10
	23 # 9
Timestep 7:
	0 # 22
	1 # 24
	2 # 40
	3 # 29
	4 # 23
	5 # 9
	6 # 54
	7 # 43
	8 # 41
	9 # 19
	10 # 33
	11 # 44
	12 # 4
	13 # 20
	14 # 55
	15 # 12
	16 # 30
	17 # 53
	18 # 36
	19 # 3
	20 # 10
	21 # 31
	22 # 2
	23 # 8
Timestep 8:
	0 # 15
	1 # 24
	2 # 39
	3 # 37
	4 # 30
	5 # 9
	6 # 47
	7 # 44
	8 # 48
	9 # 26
	10 # 41
	11 # 51
	12 # 5
	13 # 19
	14 # 56
	15 # 17
	16 # 29
	17 # 54
	18 # 36
	19 # 4
	20 # 11
	21 # 32
	22 # 2
	23 # 8
Timestep 9:
	0 # 16
	1 # 23
	2 # 46
	3 # 38
	4 # 30
	5 # 9
	6 # 40
	7 # 37
	8 # 47
	9 # 26
	10 # 48
	11 # 51
	12 # 4
	13 # 14
	14 # 57
	15 # 17
	16 # 28
	17 # 54
	18 # 36
	19 # 3
	20 # 12
	21 # 32
	22 # 1
	23 # 8
Timestep 10:
	0 # 15
	1 # 16
	2 # 45
	3 # 30
	4 # 29
	5 # 1
	6 # 39
	7 # 38
	8 # 46
	9 # 34
	10 # 47
	11 # 52
	12 # 3
	13 # 6
	14 # 49
	15 # 12
	16 # 21
	17 # 55
	18 # 28
	19 # 2
	20 # 4
	21 # 40
	22 # 0
	23 # 8

