Solution makespan:12
Timestep 0:
	0 # 19
	1 # 51
	2 # 27
	3 # 38
	4 # 34
	5 # 12
	6 # 48
	7 # 42
	8 # 43
	9 # 11
	10 # 32
	11 # 40
	12 # 46
	13 # 8
	14 # 26
	15 # 28
	16 # 49
	17 # 41
	18 # 16
	19 # 18
	20 # 22
	21 # 23
	22 # 3
	23 # 56
Timestep 1:
	0 # 20
	1 # 46
	2 # 19
	3 # 38
	4 # 35
	5 # 11
	6 # 42
	7 # 34
	8 # 44
	9 # 5
	10 # 31
	11 # 41
	12 # 45
	13 # 16
	14 # 25
	15 # 28
	16 # 48
	17 # 33
	18 # 17
	19 # 26
	20 # 14
	21 # 23
	22 # 4
	23 # 55
Timestep 2:
	0 # 28
	1 # 46
	2 # 11
	3 # 30
	4 # 27
	5 # 10
	6 # 43
	7 # 33
	8 # 44
	9 # 6
	10 # 31
	11 # 42
	12 # 50
	13 # 15
	14 # 17
	15 # 36
	16 # 47
	17 # 25
	18 # 18
	19 # 34
	20 # 14
	21 # 24
	22 # 9
	23 # 49
Timestep 3:
	0 # 27
	1 # 38
	2 # 5
	3 # 22
	4 # 19
	5 # 9
	6 # 35
	7 # 25
	8 # 44
	9 # 6
	10 # 31
	11 # 48
	12 # 45
	13 # 23
	14 # 16
	15 # 28
	16 # 41
	17 # 17
	18 # 26
	19 # 42
	20 # 15
	21 # 32
	22 # 8
	23 # 43
Timestep 4:
	0 # 26
	1 # 39
	2 # 5
	3 # 14
	4 # 18
	5 # 8
	6 # 27
	7 # 24
	8 # 43
	9 # 12
	10 # 30
	11 # 48
	12 # 45
	13 # 31
	14 # 15
	15 # 36
	16 # 47
	17 # 9
	18 # 34
	19 # 41
	20 # 7
	21 # 33
	22 # 3
	23 # 42
Timestep 5:
	0 # 27
	1 # 31
	2 # 11
	3 # 22
	4 # 17
	5 # 7
	6 # 19
	7 # 25
	8 # 44
	9 # 20
	10 # 29
	11 # 42
	12 # 46
	13 # 30
	14 # 14
	15 # 36
	16 # 47
	17 # 4
	18 # 35
	19 # 40
	20 # 2
	21 # 34
	22 # 8
	23 # 41
Timestep 6:
	0 # 27
	1 # 32
	2 # 10
	3 # 23
	4 # 16
	5 # 15
	6 # 20
	7 # 26
	8 # 36
	9 # 28
	10 # 37
	11 # 41
	12 # 51
	13 # 38
	14 # 22
	15 # 35
	16 # 48
	17 # 4
	18 # 43
	19 # 39
	20 # 1
	21 # 42
	22 # 7
	23 # 40
Timestep 7:
	0 # 27
	1 # 33
	2 # 9
	3 # 24
	4 # 15
	5 # 14
	6 # 12
	7 # 18
	8 # 35
	9 # 36
	10 # 29
	11 # 40
	12 # 50
	13 # 46
	14 # 30
	15 # 34
	16 # 49
	17 # 3
	18 # 43
	19 # 38
	20 # 0
	21 # 48
	22 # 7
	23 # 39
Timestep 8:
	0 # 28
	1 # 25
	2 # 8
	3 # 16
	4 # 23
	5 # 22
	6 # 20
	7 # 10
	8 # 27
	9 # 35
	10 # 21
	11 # 41
	12 # 45
	13 # 51
	14 # 31
	15 # 33
	16 # 43
	17 # 4
	18 # 42
	19 # 46
	20 # 0
	21 # 49
	22 # 15
	23 # 39
Timestep 9:
	0 # 36
	1 # 26
	2 # 7
	3 # 17
	4 # 22
	5 # 30
	6 # 19
	7 # 11
	8 # 27
	9 # 43
	10 # 21
	11 # 42
	12 # 37
	13 # 52
	14 # 31
	15 # 32
	16 # 44
	17 # 3
	18 # 48
	19 # 51
	20 # 1
	21 # 55
	22 # 23
	23 # 38
Timestep 10:
	0 # 35
	1 # 34
	2 # 15
	3 # 18
	4 # 21
	5 # 38
	6 # 19
	7 # 10
	8 # 28
	9 # 49
	10 # 13
	11 # 43
	12 # 29
	13 # 53
	14 # 32
	15 # 40
	16 # 36
	17 # 8
	18 # 48
	19 # 52
	20 # 2
	21 # 56
	22 # 24
	23 # 46
Timestep 11:
	0 # 34
	1 # 42
	2 # 23
	3 # 19
	4 # 29
	5 # 46
	6 # 27
	7 # 9
	8 # 20
	9 # 55
	10 # 13
	11 # 44
	12 # 30
	13 # 53
	14 # 33
	15 # 39
	16 # 28
	17 # 7
	18 # 49
	19 # 52
	20 # 1
	21 # 56
	22 # 32
	23 # 51
Timestep 12:
	0 # 34
	1 # 48
	2 # 22
	3 # 20
	4 # 37
	5 # 46
	6 # 35
	7 # 8
	8 # 12
	9 # 54
	10 # 14
	11 # 36
	12 # 29
	13 # 53
	14 # 25
	15 # 38
	16 # 28
	17 # 15
	18 # 43
	19 # 52
	20 # 0
	21 # 55
	22 # 40
	23 # 51

