Solution makespan:10
Timestep 0:
	0 # 6
	1 # 36
	2 # 42
	3 # 41
	4 # 22
	5 # 24
	6 # 57
	7 # 1
	8 # 59
	9 # 30
	10 # 47
	11 # 32
	12 # 17
	13 # 23
	14 # 25
	15 # 50
	16 # 13
	17 # 56
	18 # 8
	19 # 49
	20 # 29
	21 # 39
	22 # 35
	23 # 2
	24 # 11
	25 # 48
	26 # 21
	27 # 4
Timestep 1:
	0 # 5
	1 # 43
	2 # 35
	3 # 41
	4 # 23
	5 # 18
	6 # 58
	7 # 9
	8 # 51
	9 # 29
	10 # 40
	11 # 33
	12 # 16
	13 # 31
	14 # 25
	15 # 42
	16 # 20
	17 # 57
	18 # 0
	19 # 50
	20 # 21
	21 # 39
	22 # 34
	23 # 2
	24 # 3
	25 # 47
	26 # 15
	27 # 4
Timestep 2:
	0 # 13
	1 # 51
	2 # 36
	3 # 49
	4 # 31
	5 # 11
	6 # 50
	7 # 16
	8 # 59
	9 # 29
	10 # 32
	11 # 25
	12 # 15
	13 # 30
	14 # 19
	15 # 41
	16 # 26
	17 # 58
	18 # 0
	19 # 42
	20 # 22
	21 # 38
	22 # 35
	23 # 10
	24 # 3
	25 # 55
	26 # 8
	27 # 5
Timestep 3:
	0 # 12
	1 # 50
	2 # 43
	3 # 48
	4 # 39
	5 # 3
	6 # 49
	7 # 15
	8 # 51
	9 # 30
	10 # 33
	11 # 25
	12 # 21
	13 # 22
	14 # 18
	15 # 34
	16 # 27
	17 # 59
	18 # 1
	19 # 41
	20 # 23
	21 # 45
	22 # 42
	23 # 11
	24 # 2
	25 # 56
	26 # 9
	27 # 6
Timestep 4:
	0 # 12
	1 # 49
	2 # 36
	3 # 47
	4 # 40
	5 # 4
	6 # 48
	7 # 21
	8 # 43
	9 # 31
	10 # 25
	11 # 19
	12 # 29
	13 # 23
	14 # 18
	15 # 26
	16 # 35
	17 # 51
	18 # 1
	19 # 34
	20 # 17
	21 # 38
	22 # 50
	23 # 3
	24 # 10
	25 # 57
	26 # 16
	27 # 7
Timestep 5:
	0 # 19
	1 # 48
	2 # 28
	3 # 46
	4 # 47
	5 # 5
	6 # 56
	7 # 29
	8 # 36
	9 # 32
	10 # 26
	11 # 18
	12 # 37
	13 # 23
	14 # 24
	15 # 20
	16 # 34
	17 # 43
	18 # 1
	19 # 33
	20 # 10
	21 # 30
	22 # 50
	23 # 4
	24 # 11
	25 # 58
	26 # 22
	27 # 7
Timestep 6:
	0 # 25
	1 # 47
	2 # 36
	3 # 54
	4 # 55
	5 # 6
	6 # 57
	7 # 21
	8 # 35
	9 # 24
	10 # 27
	11 # 11
	12 # 37
	13 # 17
	14 # 18
	15 # 20
	16 # 33
	17 # 42
	18 # 0
	19 # 32
	20 # 10
	21 # 29
	22 # 49
	23 # 5
	24 # 12
	25 # 50
	26 # 22
	27 # 14
Timestep 7:
	0 # 25
	1 # 46
	2 # 43
	3 # 54
	4 # 56
	5 # 6
	6 # 49
	7 # 15
	8 # 27
	9 # 23
	10 # 28
	11 # 3
	12 # 44
	13 # 17
	14 # 18
	15 # 19
	16 # 32
	17 # 35
	18 # 0
	19 # 31
	20 # 11
	21 # 21
	22 # 48
	23 # 13
	24 # 4
	25 # 42
	26 # 30
	27 # 7
Timestep 8:
	0 # 25
	1 # 45
	2 # 51
	3 # 54
	4 # 57
	5 # 5
	6 # 41
	7 # 21
	8 # 28
	9 # 17
	10 # 36
	11 # 2
	12 # 37
	13 # 10
	14 # 24
	15 # 12
	16 # 40
	17 # 34
	18 # 1
	19 # 23
	20 # 18
	21 # 22
	22 # 47
	23 # 20
	24 # 4
	25 # 35
	26 # 31
	27 # 6
Timestep 9:
	0 # 24
	1 # 53
	2 # 59
	3 # 54
	4 # 56
	5 # 13
	6 # 34
	7 # 29
	8 # 36
	9 # 10
	10 # 35
	11 # 1
	12 # 37
	13 # 2
	14 # 23
	15 # 4
	16 # 39
	17 # 33
	18 # 9
	19 # 17
	20 # 18
	21 # 22
	22 # 46
	23 # 26
	24 # 3
	25 # 27
	26 # 31
	27 # 7
Timestep 10:
	0 # 32
	1 # 52
	2 # 58
	3 # 46
	4 # 55
	5 # 20
	6 # 33
	7 # 30
	8 # 35
	9 # 2
	10 # 42
	11 # 0
	12 # 29
	13 # 1
	14 # 17
	15 # 3
	16 # 38
	17 # 25
	18 # 9
	19 # 16
	20 # 24
	21 # 23
	22 # 45
	23 # 27
	24 # 11
	25 # 28
	26 # 39
	27 # 14

