Solution makespan:11
Timestep 0:
	0 # 19
	1 # 3
	2 # 33
	3 # 21
	4 # 2
	5 # 10
	6 # 15
	7 # 45
	8 # 56
	9 # 32
	10 # 6
	11 # 8
	12 # 53
	13 # 47
	14 # 46
	15 # 18
	16 # 35
	17 # 54
	18 # 28
	19 # 31
	20 # 1
	21 # 39
	22 # 36
	23 # 11
	24 # 23
	25 # 14
	26 # 12
	27 # 17
	28 # 27
	29 # 25
	30 # 48
	31 # 34
Timestep 1:
	0 # 19
	1 # 2
	2 # 33
	3 # 29
	4 # 1
	5 # 3
	6 # 7
	7 # 52
	8 # 49
	9 # 39
	10 # 5
	11 # 9
	12 # 46
	13 # 47
	14 # 45
	15 # 18
	16 # 43
	17 # 53
	18 # 20
	19 # 31
	20 # 0
	21 # 38
	22 # 30
	23 # 10
	24 # 24
	25 # 6
	26 # 13
	27 # 16
	28 # 28
	29 # 26
	30 # 55
	31 # 42
Timestep 2:
	0 # 27
	1 # 2
	2 # 33
	3 # 35
	4 # 8
	5 # 3
	6 # 15
	7 # 52
	8 # 56
	9 # 40
	10 # 13
	11 # 17
	12 # 45
	13 # 39
	14 # 37
	15 # 10
	16 # 50
	17 # 46
	18 # 28
	19 # 23
	20 # 7
	21 # 38
	22 # 22
	23 # 9
	24 # 25
	25 # 6
	26 # 14
	27 # 24
	28 # 34
	29 # 18
	30 # 54
	31 # 41
Timestep 3:
	0 # 28
	1 # 9
	2 # 33
	3 # 43
	4 # 16
	5 # 3
	6 # 7
	7 # 53
	8 # 56
	9 # 41
	10 # 13
	11 # 18
	12 # 52
	13 # 39
	14 # 31
	15 # 11
	16 # 57
	17 # 47
	18 # 29
	19 # 23
	20 # 0
	21 # 38
	22 # 21
	23 # 8
	24 # 26
	25 # 5
	26 # 22
	27 # 25
	28 # 35
	29 # 10
	30 # 55
	31 # 49
Timestep 4:
	0 # 29
	1 # 17
	2 # 34
	3 # 50
	4 # 16
	5 # 2
	6 # 8
	7 # 53
	8 # 56
	9 # 42
	10 # 14
	11 # 19
	12 # 52
	13 # 38
	14 # 23
	15 # 12
	16 # 58
	17 # 47
	18 # 21
	19 # 15
	20 # 0
	21 # 37
	22 # 13
	23 # 1
	24 # 27
	25 # 6
	26 # 30
	27 # 26
	28 # 36
	29 # 3
	30 # 48
	31 # 49
Timestep 5:
	0 # 29
	1 # 18
	2 # 35
	3 # 51
	4 # 16
	5 # 2
	6 # 9
	7 # 54
	8 # 55
	9 # 43
	10 # 22
	11 # 27
	12 # 53
	13 # 37
	14 # 24
	15 # 4
	16 # 57
	17 # 39
	18 # 20
	19 # 15
	20 # 7
	21 # 31
	22 # 12
	23 # 0
	24 # 28
	25 # 14
	26 # 36
	27 # 25
	28 # 44
	29 # 10
	30 # 47
	31 # 48
Timestep 6:
	0 # 21
	1 # 19
	2 # 29
	3 # 58
	4 # 17
	5 # 1
	6 # 2
	7 # 47
	8 # 56
	9 # 35
	10 # 30
	11 # 33
	12 # 54
	13 # 37
	14 # 25
	15 # 5
	16 # 50
	17 # 40
	18 # 20
	19 # 15
	20 # 8
	21 # 23
	22 # 11
	23 # 0
	24 # 34
	25 # 13
	26 # 44
	27 # 32
	28 # 43
	29 # 18
	30 # 39
	31 # 48
Timestep 7:
	0 # 20
	1 # 11
	2 # 21
	3 # 57
	4 # 25
	5 # 0
	6 # 3
	7 # 47
	8 # 55
	9 # 29
	10 # 36
	11 # 41
	12 # 54
	13 # 37
	14 # 26
	15 # 13
	16 # 50
	17 # 40
	18 # 19
	19 # 16
	20 # 1
	21 # 24
	22 # 10
	23 # 7
	24 # 34
	25 # 12
	26 # 51
	27 # 39
	28 # 43
	29 # 18
	30 # 38
	31 # 48
Timestep 8:
	0 # 19
	1 # 12
	2 # 22
	3 # 57
	4 # 32
	5 # 7
	6 # 10
	7 # 46
	8 # 54
	9 # 30
	10 # 36
	11 # 49
	12 # 53
	13 # 45
	14 # 27
	15 # 21
	16 # 50
	17 # 41
	18 # 18
	19 # 15
	20 # 2
	21 # 24
	22 # 9
	23 # 8
	24 # 33
	25 # 4
	26 # 44
	27 # 47
	28 # 35
	29 # 17
	30 # 37
	31 # 48
Timestep 9:
	0 # 27
	1 # 13
	2 # 14
	3 # 50
	4 # 39
	5 # 7
	6 # 11
	7 # 38
	8 # 53
	9 # 22
	10 # 30
	11 # 56
	12 # 52
	13 # 46
	14 # 28
	15 # 29
	16 # 51
	17 # 42
	18 # 26
	19 # 15
	20 # 3
	21 # 16
	22 # 2
	23 # 9
	24 # 41
	25 # 5
	26 # 36
	27 # 54
	28 # 34
	29 # 25
	30 # 31
	31 # 40
Timestep 10:
	0 # 27
	1 # 21
	2 # 6
	3 # 43
	4 # 40
	5 # 8
	6 # 11
	7 # 37
	8 # 52
	9 # 14
	10 # 22
	11 # 55
	12 # 45
	13 # 38
	14 # 29
	15 # 35
	16 # 51
	17 # 41
	18 # 25
	19 # 7
	20 # 2
	21 # 16
	22 # 1
	23 # 10
	24 # 49
	25 # 13
	26 # 44
	27 # 53
	28 # 34
	29 # 24
	30 # 23
	31 # 48
Timestep 11:
	0 # 19
	1 # 20
	2 # 5
	3 # 35
	4 # 48
	5 # 8
	6 # 12
	7 # 31
	8 # 45
	9 # 6
	10 # 22
	11 # 54
	12 # 46
	13 # 38
	14 # 30
	15 # 29
	16 # 51
	17 # 42
	18 # 32
	19 # 7
	20 # 1
	21 # 24
	22 # 0
	23 # 11
	24 # 56
	25 # 21
	26 # 43
	27 # 52
	28 # 28
	29 # 23
	30 # 15
	31 # 47

