Solution makespan:13
Timestep 0:
	0 # 54
	1 # 26
	2 # 43
	3 # 18
	4 # 56
	5 # 11
	6 # 7
	7 # 36
	8 # 51
	9 # 8
	10 # 5
	11 # 35
Timestep 1:
	0 # 53
	1 # 27
	2 # 44
	3 # 19
	4 # 56
	5 # 3
	6 # 7
	7 # 37
	8 # 52
	9 # 16
	10 # 6
	11 # 42
Timestep 2:
	0 # 53
	1 # 27
	2 # 45
	3 # 18
	4 # 55
	5 # 11
	6 # 15
	7 # 38
	8 # 51
	9 # 24
	10 # 14
	11 # 50
Timestep 3:
	0 # 53
	1 # 28
	2 # 46
	3 # 19
	4 # 54
	5 # 12
	6 # 14
	7 # 39
	8 # 51
	9 # 25
	10 # 22
	11 # 50
Timestep 4:
	0 # 46
	1 # 31
	2 # 47
	3 # 20
	4 # 54
	5 # 13
	6 # 22
	7 # 40
	8 # 43
	9 # 26
	10 # 30
	11 # 50
Timestep 5:
	0 # 46
	1 # 39
	2 # 48
	3 # 12
	4 # 47
	5 # 14
	6 # 23
	7 # 32
	8 # 36
	9 # 27
	10 # 33
	11 # 51
Timestep 6:
	0 # 45
	1 # 40
	2 # 49
	3 # 11
	4 # 46
	5 # 13
	6 # 23
	7 # 29
	8 # 37
	9 # 28
	10 # 32
	11 # 50
Timestep 7:
	0 # 46
	1 # 47
	2 # 41
	3 # 12
	4 # 53
	5 # 13
	6 # 22
	7 # 21
	8 # 37
	9 # 31
	10 # 32
	11 # 42
Timestep 8:
	0 # 45
	1 # 54
	2 # 34
	3 # 12
	4 # 46
	5 # 21
	6 # 30
	7 # 20
	8 # 38
	9 # 39
	10 # 40
	11 # 35
Timestep 9:
	0 # 44
	1 # 53
	2 # 33
	3 # 13
	4 # 45
	5 # 22
	6 # 29
	7 # 12
	8 # 38
	9 # 46
	10 # 47
	11 # 42
Timestep 10:
	0 # 37
	1 # 46
	2 # 32
	3 # 13
	4 # 44
	5 # 22
	6 # 28
	7 # 4
	8 # 39
	9 # 45
	10 # 40
	11 # 35
Timestep 11:
	0 # 36
	1 # 45
	2 # 29
	3 # 14
	4 # 43
	5 # 21
	6 # 27
	7 # 5
	8 # 46
	9 # 44
	10 # 32
	11 # 35
Timestep 12:
	0 # 37
	1 # 38
	2 # 28
	3 # 22
	4 # 43
	5 # 29
	6 # 27
	7 # 6
	8 # 39
	9 # 52
	10 # 32
	11 # 35
Timestep 13:
	0 # 44
	1 # 37
	2 # 20
	3 # 30
	4 # 36
	5 # 32
	6 # 26
	7 # 7
	8 # 39
	9 # 51
	10 # 31
	11 # 35

