Solution makespan:11
Timestep 0:
	0 # 37
	1 # 26
	2 # 10
	3 # 28
	4 # 45
	5 # 4
	6 # 12
	7 # 49
Timestep 1:
	0 # 38
	1 # 25
	2 # 11
	3 # 20
	4 # 44
	5 # 4
	6 # 13
	7 # 56
Timestep 2:
	0 # 39
	1 # 32
	2 # 12
	3 # 28
	4 # 43
	5 # 11
	6 # 21
	7 # 55
Timestep 3:
	0 # 45
	1 # 39
	2 # 20
	3 # 27
	4 # 44
	5 # 19
	6 # 29
	7 # 54
Timestep 4:
	0 # 51
	1 # 32
	2 # 21
	3 # 28
	4 # 38
	5 # 20
	6 # 35
	7 # 53
Timestep 5:
	0 # 51
	1 # 32
	2 # 29
	3 # 28
	4 # 31
	5 # 21
	6 # 36
	7 # 52
Timestep 6:
	0 # 52
	1 # 25
	2 # 28
	3 # 27
	4 # 24
	5 # 29
	6 # 30
	7 # 46
Timestep 7:
	0 # 53
	1 # 17
	2 # 20
	3 # 19
	4 # 31
	5 # 30
	6 # 22
	7 # 45
Timestep 8:
	0 # 54
	1 # 25
	2 # 12
	3 # 11
	4 # 32
	5 # 36
	6 # 22
	7 # 44
Timestep 9:
	0 # 47
	1 # 32
	2 # 13
	3 # 4
	4 # 33
	5 # 42
	6 # 21
	7 # 44
Timestep 10:
	0 # 48
	1 # 39
	2 # 14
	3 # 3
	4 # 33
	5 # 36
	6 # 20
	7 # 43
Timestep 11:
	0 # 49
	1 # 45
	2 # 6
	3 # 4
	4 # 33
	5 # 30
	6 # 19
	7 # 50

