Solution makespan:15
Timestep 0:
	0 # 38
	1 # 12
	2 # 29
	3 # 11
	4 # 34
	5 # 31
	6 # 46
	7 # 33
	8 # 53
	9 # 5
	10 # 32
	11 # 44
	12 # 20
	13 # 39
	14 # 13
	15 # 26
	16 # 22
	17 # 24
	18 # 49
	19 # 4
	20 # 51
	21 # 28
	22 # 17
	23 # 50
	24 # 16
	25 # 1
	26 # 9
	27 # 2
Timestep 1:
	0 # 44
	1 # 19
	2 # 28
	3 # 12
	4 # 40
	5 # 30
	6 # 45
	7 # 33
	8 # 54
	9 # 6
	10 # 32
	11 # 43
	12 # 13
	13 # 46
	14 # 5
	15 # 26
	16 # 27
	17 # 18
	18 # 49
	19 # 3
	20 # 52
	21 # 23
	22 # 16
	23 # 51
	24 # 8
	25 # 0
	26 # 17
	27 # 2
Timestep 2:
	0 # 43
	1 # 20
	2 # 27
	3 # 4
	4 # 41
	5 # 37
	6 # 44
	7 # 32
	8 # 54
	9 # 14
	10 # 39
	11 # 42
	12 # 12
	13 # 45
	14 # 13
	15 # 33
	16 # 34
	17 # 19
	18 # 50
	19 # 11
	20 # 53
	21 # 22
	22 # 8
	23 # 52
	24 # 9
	25 # 1
	26 # 23
	27 # 3
Timestep 3:
	0 # 42
	1 # 20
	2 # 34
	3 # 5
	4 # 35
	5 # 38
	6 # 43
	7 # 39
	8 # 54
	9 # 13
	10 # 46
	11 # 41
	12 # 11
	13 # 44
	14 # 12
	15 # 33
	16 # 40
	17 # 19
	18 # 51
	19 # 18
	20 # 52
	21 # 16
	22 # 0
	23 # 45
	24 # 10
	25 # 2
	26 # 28
	27 # 3
Timestep 4:
	0 # 36
	1 # 25
	2 # 34
	3 # 6
	4 # 28
	5 # 37
	6 # 43
	7 # 46
	8 # 54
	9 # 13
	10 # 45
	11 # 35
	12 # 10
	13 # 38
	14 # 11
	15 # 32
	16 # 40
	17 # 20
	18 # 51
	19 # 24
	20 # 53
	21 # 16
	22 # 0
	23 # 44
	24 # 9
	25 # 2
	26 # 29
	27 # 3
Timestep 5:
	0 # 35
	1 # 20
	2 # 27
	3 # 14
	4 # 28
	5 # 38
	6 # 42
	7 # 45
	8 # 54
	9 # 12
	10 # 44
	11 # 34
	12 # 9
	13 # 31
	14 # 10
	15 # 32
	16 # 41
	17 # 21
	18 # 51
	19 # 30
	20 # 46
	21 # 22
	22 # 1
	23 # 43
	24 # 17
	25 # 2
	26 # 36
	27 # 11
Timestep 6:
	0 # 28
	1 # 13
	2 # 27
	3 # 14
	4 # 29
	5 # 31
	6 # 41
	7 # 52
	8 # 54
	9 # 11
	10 # 38
	11 # 35
	12 # 8
	13 # 30
	14 # 2
	15 # 32
	16 # 48
	17 # 21
	18 # 51
	19 # 37
	20 # 46
	21 # 22
	22 # 9
	23 # 50
	24 # 23
	25 # 3
	26 # 42
	27 # 18
Timestep 7:
	0 # 23
	1 # 5
	2 # 28
	3 # 14
	4 # 36
	5 # 30
	6 # 40
	7 # 52
	8 # 54
	9 # 12
	10 # 31
	11 # 35
	12 # 16
	13 # 24
	14 # 1
	15 # 32
	16 # 48
	17 # 20
	18 # 51
	19 # 43
	20 # 46
	21 # 22
	22 # 8
	23 # 50
	24 # 17
	25 # 3
	26 # 49
	27 # 11
Timestep 8:
	0 # 17
	1 # 6
	2 # 29
	3 # 15
	4 # 42
	5 # 24
	6 # 34
	7 # 52
	8 # 54
	9 # 4
	10 # 30
	11 # 28
	12 # 16
	13 # 18
	14 # 0
	15 # 39
	16 # 41
	17 # 25
	18 # 51
	19 # 44
	20 # 53
	21 # 27
	22 # 8
	23 # 43
	24 # 9
	25 # 3
	26 # 50
	27 # 12
Timestep 9:
	0 # 9
	1 # 6
	2 # 36
	3 # 7
	4 # 49
	5 # 18
	6 # 35
	7 # 53
	8 # 54
	9 # 4
	10 # 24
	11 # 23
	12 # 22
	13 # 19
	14 # 0
	15 # 39
	16 # 40
	17 # 25
	18 # 44
	19 # 38
	20 # 46
	21 # 34
	22 # 16
	23 # 42
	24 # 1
	25 # 11
	26 # 50
	27 # 13
Timestep 10:
	0 # 10
	1 # 5
	2 # 42
	3 # 6
	4 # 48
	5 # 11
	6 # 28
	7 # 52
	8 # 53
	9 # 3
	10 # 18
	11 # 22
	12 # 27
	13 # 19
	14 # 8
	15 # 46
	16 # 47
	17 # 25
	18 # 38
	19 # 37
	20 # 45
	21 # 40
	22 # 17
	23 # 41
	24 # 1
	25 # 12
	26 # 50
	27 # 14
Timestep 11:
	0 # 11
	1 # 4
	2 # 43
	3 # 7
	4 # 49
	5 # 3
	6 # 27
	7 # 53
	8 # 46
	9 # 2
	10 # 19
	11 # 22
	12 # 34
	13 # 20
	14 # 9
	15 # 45
	16 # 48
	17 # 25
	18 # 31
	19 # 37
	20 # 44
	21 # 40
	22 # 23
	23 # 42
	24 # 0
	25 # 12
	26 # 51
	27 # 15
Timestep 12:
	0 # 18
	1 # 4
	2 # 50
	3 # 6
	4 # 42
	5 # 3
	6 # 27
	7 # 54
	8 # 39
	9 # 1
	10 # 20
	11 # 23
	12 # 35
	13 # 13
	14 # 10
	15 # 44
	16 # 49
	17 # 25
	18 # 30
	19 # 43
	20 # 38
	21 # 40
	22 # 28
	23 # 41
	24 # 0
	25 # 11
	26 # 52
	27 # 15
Timestep 13:
	0 # 19
	1 # 3
	2 # 51
	3 # 6
	4 # 42
	5 # 2
	6 # 22
	7 # 54
	8 # 32
	9 # 0
	10 # 21
	11 # 17
	12 # 36
	13 # 12
	14 # 9
	15 # 38
	16 # 49
	17 # 25
	18 # 29
	19 # 44
	20 # 37
	21 # 47
	22 # 35
	23 # 48
	24 # 8
	25 # 18
	26 # 53
	27 # 14
Timestep 14:
	0 # 20
	1 # 11
	2 # 52
	3 # 5
	4 # 42
	5 # 1
	6 # 23
	7 # 53
	8 # 33
	9 # 0
	10 # 14
	11 # 9
	12 # 29
	13 # 12
	14 # 8
	15 # 38
	16 # 50
	17 # 25
	18 # 28
	19 # 45
	20 # 36
	21 # 40
	22 # 41
	23 # 49
	24 # 16
	25 # 24
	26 # 46
	27 # 13
Timestep 15:
	0 # 21
	1 # 11
	2 # 53
	3 # 4
	4 # 36
	5 # 9
	6 # 17
	7 # 54
	8 # 26
	9 # 0
	10 # 6
	11 # 10
	12 # 29
	13 # 19
	14 # 8
	15 # 44
	16 # 43
	17 # 20
	18 # 27
	19 # 46
	20 # 35
	21 # 34
	22 # 48
	23 # 42
	24 # 22
	25 # 30
	26 # 39
	27 # 12

