Solution makespan:9
Timestep 0:
	0 # 30
	1 # 38
	2 # 20
	3 # 7
	4 # 13
	5 # 37
	6 # 45
	7 # 41
	8 # 58
	9 # 51
	10 # 44
	11 # 52
Timestep 1:
	0 # 29
	1 # 38
	2 # 19
	3 # 15
	4 # 13
	5 # 36
	6 # 51
	7 # 47
	8 # 59
	9 # 50
	10 # 43
	11 # 52
Timestep 2:
	0 # 28
	1 # 37
	2 # 18
	3 # 14
	4 # 12
	5 # 35
	6 # 59
	7 # 48
	8 # 60
	9 # 44
	10 # 42
	11 # 52
Timestep 3:
	0 # 27
	1 # 45
	2 # 26
	3 # 13
	4 # 20
	5 # 35
	6 # 58
	7 # 56
	8 # 52
	9 # 36
	10 # 41
	11 # 51
Timestep 4:
	0 # 26
	1 # 44
	2 # 34
	3 # 12
	4 # 28
	5 # 36
	6 # 50
	7 # 55
	8 # 51
	9 # 29
	10 # 41
	11 # 45
Timestep 5:
	0 # 25
	1 # 43
	2 # 33
	3 # 20
	4 # 35
	5 # 29
	6 # 49
	7 # 47
	8 # 45
	9 # 28
	10 # 40
	11 # 37
Timestep 6:
	0 # 33
	1 # 42
	2 # 32
	3 # 19
	4 # 43
	5 # 21
	6 # 48
	7 # 47
	8 # 37
	9 # 20
	10 # 40
	11 # 30
Timestep 7:
	0 # 25
	1 # 42
	2 # 39
	3 # 27
	4 # 35
	5 # 13
	6 # 47
	7 # 41
	8 # 30
	9 # 12
	10 # 40
	11 # 29
Timestep 8:
	0 # 25
	1 # 43
	2 # 39
	3 # 27
	4 # 28
	5 # 12
	6 # 46
	7 # 41
	8 # 22
	9 # 4
	10 # 40
	11 # 21
Timestep 9:
	0 # 33
	1 # 49
	2 # 39
	3 # 26
	4 # 29
	5 # 4
	6 # 46
	7 # 41
	8 # 30
	9 # 3
	10 # 40
	11 # 21

