Solution makespan:11
Timestep 0:
	0 # 16
	1 # 46
	2 # 24
	3 # 31
	4 # 43
	5 # 21
	6 # 28
	7 # 13
Timestep 1:
	0 # 17
	1 # 47
	2 # 30
	3 # 38
	4 # 43
	5 # 21
	6 # 34
	7 # 20
Timestep 2:
	0 # 23
	1 # 48
	2 # 30
	3 # 31
	4 # 42
	5 # 22
	6 # 33
	7 # 25
Timestep 3:
	0 # 29
	1 # 49
	2 # 24
	3 # 25
	4 # 42
	5 # 27
	6 # 41
	7 # 26
Timestep 4:
	0 # 23
	1 # 41
	2 # 24
	3 # 20
	4 # 34
	5 # 28
	6 # 40
	7 # 32
Timestep 5:
	0 # 17
	1 # 33
	2 # 19
	3 # 13
	4 # 42
	5 # 34
	6 # 41
	7 # 39
Timestep 6:
	0 # 23
	1 # 27
	2 # 24
	3 # 13
	4 # 41
	5 # 42
	6 # 33
	7 # 47
Timestep 7:
	0 # 29
	1 # 22
	2 # 24
	3 # 20
	4 # 33
	5 # 41
	6 # 27
	7 # 48
Timestep 8:
	0 # 35
	1 # 15
	2 # 19
	3 # 13
	4 # 27
	5 # 40
	6 # 22
	7 # 48
Timestep 9:
	0 # 36
	1 # 16
	2 # 18
	3 # 6
	4 # 22
	5 # 39
	6 # 21
	7 # 49
Timestep 10:
	0 # 35
	1 # 17
	2 # 19
	3 # 0
	4 # 15
	5 # 38
	6 # 22
	7 # 41
Timestep 11:
	0 # 43
	1 # 11
	2 # 24
	3 # 0
	4 # 16
	5 # 31
	6 # 15
	7 # 41

