Solution makespan:12
Timestep 0:
	0 # 22
	1 # 44
	2 # 48
	3 # 58
	4 # 1
	5 # 54
	6 # 52
	7 # 5
	8 # 18
	9 # 53
	10 # 56
	11 # 27
	12 # 32
	13 # 45
	14 # 10
	15 # 50
	16 # 6
	17 # 57
	18 # 24
	19 # 19
	20 # 29
	21 # 41
	22 # 38
	23 # 8
	24 # 61
	25 # 55
	26 # 28
	27 # 59
	28 # 47
	29 # 26
	30 # 7
	31 # 17
Timestep 1:
	0 # 21
	1 # 36
	2 # 49
	3 # 50
	4 # 8
	5 # 46
	6 # 52
	7 # 13
	8 # 10
	9 # 61
	10 # 48
	11 # 35
	12 # 33
	13 # 44
	14 # 11
	15 # 42
	16 # 5
	17 # 58
	18 # 31
	19 # 18
	20 # 37
	21 # 41
	22 # 30
	23 # 16
	24 # 60
	25 # 54
	26 # 29
	27 # 51
	28 # 47
	29 # 27
	30 # 7
	31 # 17
Timestep 2:
	0 # 20
	1 # 28
	2 # 50
	3 # 42
	4 # 16
	5 # 38
	6 # 53
	7 # 5
	8 # 9
	9 # 60
	10 # 40
	11 # 43
	12 # 25
	13 # 36
	14 # 11
	15 # 34
	16 # 4
	17 # 59
	18 # 39
	19 # 10
	20 # 45
	21 # 33
	22 # 23
	23 # 24
	24 # 52
	25 # 46
	26 # 22
	27 # 51
	28 # 48
	29 # 35
	30 # 7
	31 # 18
Timestep 3:
	0 # 27
	1 # 29
	2 # 50
	3 # 34
	4 # 24
	5 # 30
	6 # 52
	7 # 6
	8 # 2
	9 # 61
	10 # 41
	11 # 44
	12 # 26
	13 # 28
	14 # 10
	15 # 33
	16 # 3
	17 # 60
	18 # 47
	19 # 9
	20 # 53
	21 # 25
	22 # 15
	23 # 31
	24 # 51
	25 # 38
	26 # 21
	27 # 43
	28 # 49
	29 # 36
	30 # 8
	31 # 19
Timestep 4:
	0 # 27
	1 # 37
	2 # 42
	3 # 34
	4 # 31
	5 # 23
	6 # 51
	7 # 6
	8 # 1
	9 # 60
	10 # 33
	11 # 43
	12 # 19
	13 # 21
	14 # 18
	15 # 32
	16 # 3
	17 # 52
	18 # 47
	19 # 2
	20 # 61
	21 # 26
	22 # 7
	23 # 39
	24 # 59
	25 # 30
	26 # 13
	27 # 35
	28 # 49
	29 # 44
	30 # 9
	31 # 20
Timestep 5:
	0 # 35
	1 # 37
	2 # 41
	3 # 33
	4 # 39
	5 # 15
	6 # 51
	7 # 6
	8 # 8
	9 # 59
	10 # 25
	11 # 42
	12 # 11
	13 # 22
	14 # 17
	15 # 32
	16 # 4
	17 # 52
	18 # 55
	19 # 2
	20 # 61
	21 # 26
	22 # 7
	23 # 38
	24 # 58
	25 # 23
	26 # 5
	27 # 36
	28 # 57
	29 # 43
	30 # 9
	31 # 20
Timestep 6:
	0 # 34
	1 # 45
	2 # 41
	3 # 32
	4 # 39
	5 # 7
	6 # 43
	7 # 14
	8 # 16
	9 # 51
	10 # 18
	11 # 50
	12 # 3
	13 # 29
	14 # 17
	15 # 31
	16 # 5
	17 # 44
	18 # 56
	19 # 9
	20 # 61
	21 # 27
	22 # 0
	23 # 38
	24 # 58
	25 # 23
	26 # 13
	27 # 35
	28 # 57
	29 # 42
	30 # 10
	31 # 12
Timestep 7:
	0 # 26
	1 # 44
	2 # 41
	3 # 32
	4 # 40
	5 # 8
	6 # 35
	7 # 22
	8 # 24
	9 # 51
	10 # 17
	11 # 49
	12 # 3
	13 # 37
	14 # 16
	15 # 30
	16 # 6
	17 # 36
	18 # 56
	19 # 9
	20 # 60
	21 # 28
	22 # 7
	23 # 46
	24 # 59
	25 # 23
	26 # 14
	27 # 34
	28 # 57
	29 # 50
	30 # 11
	31 # 4
Timestep 8:
	0 # 25
	1 # 43
	2 # 42
	3 # 32
	4 # 41
	5 # 9
	6 # 35
	7 # 22
	8 # 31
	9 # 52
	10 # 17
	11 # 48
	12 # 3
	13 # 45
	14 # 24
	15 # 38
	16 # 14
	17 # 28
	18 # 56
	19 # 2
	20 # 59
	21 # 27
	22 # 15
	23 # 47
	24 # 58
	25 # 30
	26 # 13
	27 # 33
	28 # 57
	29 # 50
	30 # 12
	31 # 5
Timestep 9:
	0 # 18
	1 # 44
	2 # 34
	3 # 31
	4 # 42
	5 # 10
	6 # 36
	7 # 14
	8 # 30
	9 # 60
	10 # 16
	11 # 40
	12 # 11
	13 # 53
	14 # 24
	15 # 46
	16 # 13
	17 # 29
	18 # 48
	19 # 1
	20 # 51
	21 # 26
	22 # 15
	23 # 47
	24 # 57
	25 # 23
	26 # 5
	27 # 25
	28 # 56
	29 # 58
	30 # 12
	31 # 6
Timestep 10:
	0 # 17
	1 # 52
	2 # 35
	3 # 30
	4 # 43
	5 # 11
	6 # 37
	7 # 22
	8 # 38
	9 # 59
	10 # 8
	11 # 41
	12 # 3
	13 # 45
	14 # 31
	15 # 47
	16 # 21
	17 # 29
	18 # 49
	19 # 1
	20 # 50
	21 # 25
	22 # 15
	23 # 39
	24 # 56
	25 # 23
	26 # 13
	27 # 18
	28 # 55
	29 # 57
	30 # 4
	31 # 6
Timestep 11:
	0 # 9
	1 # 52
	2 # 27
	3 # 23
	4 # 44
	5 # 12
	6 # 36
	7 # 22
	8 # 46
	9 # 58
	10 # 7
	11 # 33
	12 # 11
	13 # 37
	14 # 32
	15 # 39
	16 # 20
	17 # 28
	18 # 50
	19 # 0
	20 # 42
	21 # 18
	22 # 16
	23 # 38
	24 # 55
	25 # 24
	26 # 21
	27 # 17
	28 # 47
	29 # 56
	30 # 5
	31 # 14
Timestep 12:
	0 # 8
	1 # 44
	2 # 20
	3 # 23
	4 # 45
	5 # 4
	6 # 36
	7 # 29
	8 # 46
	9 # 50
	10 # 15
	11 # 32
	12 # 10
	13 # 37
	14 # 40
	15 # 38
	16 # 19
	17 # 27
	18 # 51
	19 # 1
	20 # 34
	21 # 17
	22 # 24
	23 # 30
	24 # 54
	25 # 31
	26 # 28
	27 # 9
	28 # 39
	29 # 48
	30 # 6
	31 # 22

