Solution makespan:9
Timestep 0:
	0 # 4
	1 # 2
	2 # 17
	3 # 20
	4 # 7
	5 # 30
	6 # 57
	7 # 44
	8 # 40
	9 # 5
	10 # 46
	11 # 12
Timestep 1:
	0 # 4
	1 # 2
	2 # 18
	3 # 19
	4 # 15
	5 # 30
	6 # 58
	7 # 52
	8 # 41
	9 # 13
	10 # 47
	11 # 20
Timestep 2:
	0 # 4
	1 # 8
	2 # 10
	3 # 18
	4 # 22
	5 # 38
	6 # 58
	7 # 59
	8 # 33
	9 # 12
	10 # 39
	11 # 27
Timestep 3:
	0 # 4
	1 # 16
	2 # 9
	3 # 17
	4 # 30
	5 # 37
	6 # 57
	7 # 58
	8 # 25
	9 # 20
	10 # 40
	11 # 35
Timestep 4:
	0 # 12
	1 # 23
	2 # 8
	3 # 24
	4 # 38
	5 # 29
	6 # 56
	7 # 57
	8 # 18
	9 # 27
	10 # 41
	11 # 43
Timestep 5:
	0 # 20
	1 # 31
	2 # 9
	3 # 24
	4 # 38
	5 # 29
	6 # 55
	7 # 57
	8 # 17
	9 # 35
	10 # 33
	11 # 42
Timestep 6:
	0 # 19
	1 # 39
	2 # 8
	3 # 25
	4 # 38
	5 # 30
	6 # 48
	7 # 58
	8 # 16
	9 # 43
	10 # 34
	11 # 41
Timestep 7:
	0 # 18
	1 # 47
	2 # 7
	3 # 24
	4 # 37
	5 # 38
	6 # 55
	7 # 57
	8 # 8
	9 # 51
	10 # 35
	11 # 49
Timestep 8:
	0 # 10
	1 # 54
	2 # 6
	3 # 17
	4 # 37
	5 # 46
	6 # 56
	7 # 50
	8 # 8
	9 # 58
	10 # 43
	11 # 48
Timestep 9:
	0 # 3
	1 # 53
	2 # 14
	3 # 16
	4 # 45
	5 # 46
	6 # 56
	7 # 51
	8 # 2
	9 # 59
	10 # 44
	11 # 55

