Solution makespan:7
Timestep 0:
	0 # 52
	1 # 1
	2 # 30
	3 # 38
	4 # 31
	5 # 27
	6 # 41
	7 # 8
	8 # 28
	9 # 10
	10 # 29
	11 # 24
Timestep 1:
	0 # 51
	1 # 2
	2 # 31
	3 # 38
	4 # 39
	5 # 32
	6 # 42
	7 # 16
	8 # 28
	9 # 11
	10 # 37
	11 # 25
Timestep 2:
	0 # 45
	1 # 3
	2 # 32
	3 # 37
	4 # 46
	5 # 33
	6 # 42
	7 # 17
	8 # 21
	9 # 11
	10 # 44
	11 # 26
Timestep 3:
	0 # 38
	1 # 10
	2 # 32
	3 # 29
	4 # 52
	5 # 34
	6 # 42
	7 # 24
	8 # 14
	9 # 12
	10 # 44
	11 # 27
Timestep 4:
	0 # 37
	1 # 18
	2 # 27
	3 # 24
	4 # 52
	5 # 33
	6 # 42
	7 # 25
	8 # 6
	9 # 12
	10 # 45
	11 # 19
Timestep 5:
	0 # 44
	1 # 25
	2 # 19
	3 # 23
	4 # 53
	5 # 32
	6 # 34
	7 # 26
	8 # 14
	9 # 4
	10 # 46
	11 # 20
Timestep 6:
	0 # 45
	1 # 30
	2 # 12
	3 # 16
	4 # 47
	5 # 31
	6 # 33
	7 # 27
	8 # 21
	9 # 5
	10 # 46
	11 # 13
Timestep 7:
	0 # 51
	1 # 38
	2 # 4
	3 # 23
	4 # 40
	5 # 26
	6 # 33
	7 # 19
	8 # 28
	9 # 6
	10 # 47
	11 # 5

