Solution makespan:9
Timestep 0:
	0 # 19
	1 # 51
	2 # 14
	3 # 55
	4 # 43
	5 # 40
	6 # 25
	7 # 22
Timestep 1:
	0 # 25
	1 # 51
	2 # 13
	3 # 56
	4 # 42
	5 # 47
	6 # 24
	7 # 30
Timestep 2:
	0 # 33
	1 # 50
	2 # 12
	3 # 57
	4 # 35
	5 # 48
	6 # 32
	7 # 37
Timestep 3:
	0 # 32
	1 # 58
	2 # 11
	3 # 57
	4 # 28
	5 # 49
	6 # 39
	7 # 38
Timestep 4:
	0 # 31
	1 # 57
	2 # 10
	3 # 49
	4 # 27
	5 # 41
	6 # 40
	7 # 39
Timestep 5:
	0 # 23
	1 # 56
	2 # 9
	3 # 50
	4 # 26
	5 # 49
	6 # 47
	7 # 39
Timestep 6:
	0 # 17
	1 # 55
	2 # 8
	3 # 42
	4 # 25
	5 # 50
	6 # 48
	7 # 32
Timestep 7:
	0 # 9
	1 # 54
	2 # 16
	3 # 35
	4 # 19
	5 # 51
	6 # 49
	7 # 24
Timestep 8:
	0 # 1
	1 # 53
	2 # 22
	3 # 28
	4 # 20
	5 # 51
	6 # 57
	7 # 25
Timestep 9:
	0 # 2
	1 # 52
	2 # 30
	3 # 29
	4 # 12
	5 # 59
	6 # 58
	7 # 26

