Solution makespan:12
Timestep 0:
	0 # 45
	1 # 17
	2 # 44
	3 # 4
	4 # 57
	5 # 54
	6 # 13
	7 # 3
	8 # 25
	9 # 50
	10 # 16
	11 # 35
	12 # 12
	13 # 11
	14 # 49
	15 # 52
	16 # 8
	17 # 23
	18 # 6
	19 # 26
	20 # 18
	21 # 31
	22 # 10
	23 # 53
	24 # 14
	25 # 0
	26 # 34
	27 # 29
Timestep 1:
	0 # 44
	1 # 17
	2 # 51
	3 # 4
	4 # 56
	5 # 53
	6 # 14
	7 # 2
	8 # 32
	9 # 50
	10 # 16
	11 # 34
	12 # 5
	13 # 11
	14 # 41
	15 # 45
	16 # 8
	17 # 24
	18 # 6
	19 # 27
	20 # 26
	21 # 38
	22 # 9
	23 # 52
	24 # 20
	25 # 1
	26 # 33
	27 # 36
Timestep 2:
	0 # 45
	1 # 18
	2 # 51
	3 # 5
	4 # 49
	5 # 54
	6 # 7
	7 # 10
	8 # 39
	9 # 50
	10 # 24
	11 # 33
	12 # 12
	13 # 17
	14 # 42
	15 # 46
	16 # 8
	17 # 31
	18 # 13
	19 # 27
	20 # 26
	21 # 37
	22 # 15
	23 # 53
	24 # 28
	25 # 2
	26 # 32
	27 # 43
Timestep 3:
	0 # 45
	1 # 19
	2 # 52
	3 # 6
	4 # 49
	5 # 54
	6 # 7
	7 # 10
	8 # 39
	9 # 51
	10 # 23
	11 # 32
	12 # 18
	13 # 16
	14 # 42
	15 # 47
	16 # 9
	17 # 38
	18 # 14
	19 # 28
	20 # 25
	21 # 37
	22 # 22
	23 # 46
	24 # 35
	25 # 3
	26 # 31
	27 # 44
Timestep 4:
	0 # 44
	1 # 18
	2 # 53
	3 # 6
	4 # 41
	5 # 54
	6 # 7
	7 # 10
	8 # 40
	9 # 52
	10 # 22
	11 # 33
	12 # 26
	13 # 24
	14 # 35
	15 # 48
	16 # 15
	17 # 38
	18 # 13
	19 # 20
	20 # 17
	21 # 45
	22 # 21
	23 # 47
	24 # 34
	25 # 4
	26 # 31
	27 # 43
Timestep 5:
	0 # 43
	1 # 17
	2 # 53
	3 # 5
	4 # 42
	5 # 47
	6 # 14
	7 # 9
	8 # 48
	9 # 52
	10 # 30
	11 # 33
	12 # 27
	13 # 25
	14 # 28
	15 # 49
	16 # 22
	17 # 38
	18 # 13
	19 # 20
	20 # 16
	21 # 44
	22 # 29
	23 # 46
	24 # 41
	25 # 11
	26 # 32
	27 # 50
Timestep 6:
	0 # 44
	1 # 16
	2 # 53
	3 # 4
	4 # 42
	5 # 46
	6 # 7
	7 # 15
	8 # 49
	9 # 52
	10 # 29
	11 # 34
	12 # 27
	13 # 26
	14 # 35
	15 # 41
	16 # 21
	17 # 39
	18 # 12
	19 # 14
	20 # 24
	21 # 51
	22 # 36
	23 # 38
	24 # 40
	25 # 17
	26 # 25
	27 # 50
Timestep 7:
	0 # 45
	1 # 24
	2 # 46
	3 # 3
	4 # 42
	5 # 38
	6 # 7
	7 # 22
	8 # 41
	9 # 53
	10 # 36
	11 # 27
	12 # 28
	13 # 33
	14 # 35
	15 # 34
	16 # 21
	17 # 40
	18 # 5
	19 # 14
	20 # 23
	21 # 51
	22 # 43
	23 # 31
	24 # 48
	25 # 18
	26 # 17
	27 # 50
Timestep 8:
	0 # 45
	1 # 23
	2 # 38
	3 # 3
	4 # 42
	5 # 31
	6 # 14
	7 # 30
	8 # 34
	9 # 54
	10 # 43
	11 # 19
	12 # 28
	13 # 33
	14 # 35
	15 # 27
	16 # 29
	17 # 40
	18 # 4
	19 # 13
	20 # 22
	21 # 52
	22 # 44
	23 # 24
	24 # 48
	25 # 26
	26 # 11
	27 # 50
Timestep 9:
	0 # 37
	1 # 22
	2 # 31
	3 # 3
	4 # 35
	5 # 24
	6 # 14
	7 # 30
	8 # 27
	9 # 55
	10 # 44
	11 # 18
	12 # 20
	13 # 40
	14 # 28
	15 # 19
	16 # 36
	17 # 41
	18 # 5
	19 # 6
	20 # 21
	21 # 53
	22 # 51
	23 # 23
	24 # 47
	25 # 26
	26 # 4
	27 # 50
Timestep 10:
	0 # 38
	1 # 21
	2 # 24
	3 # 2
	4 # 35
	5 # 16
	6 # 7
	7 # 30
	8 # 26
	9 # 48
	10 # 45
	11 # 17
	12 # 28
	13 # 40
	14 # 27
	15 # 13
	16 # 43
	17 # 34
	18 # 4
	19 # 5
	20 # 29
	21 # 54
	22 # 52
	23 # 22
	24 # 46
	25 # 33
	26 # 3
	27 # 51
Timestep 11:
	0 # 31
	1 # 29
	2 # 25
	3 # 1
	4 # 42
	5 # 17
	6 # 14
	7 # 22
	8 # 26
	9 # 40
	10 # 37
	11 # 11
	12 # 28
	13 # 41
	14 # 19
	15 # 6
	16 # 50
	17 # 27
	18 # 4
	19 # 12
	20 # 36
	21 # 47
	22 # 52
	23 # 15
	24 # 45
	25 # 32
	26 # 2
	27 # 51
Timestep 12:
	0 # 32
	1 # 36
	2 # 17
	3 # 0
	4 # 41
	5 # 11
	6 # 20
	7 # 15
	8 # 25
	9 # 33
	10 # 37
	11 # 4
	12 # 35
	13 # 49
	14 # 18
	15 # 7
	16 # 50
	17 # 19
	18 # 5
	19 # 12
	20 # 43
	21 # 46
	22 # 53
	23 # 9
	24 # 52
	25 # 39
	26 # 1
	27 # 44

