Solution makespan:10
Timestep 0:
	0 # 32
	1 # 14
	2 # 49
	3 # 3
	4 # 20
	5 # 46
	6 # 22
	7 # 5
	8 # 52
	9 # 1
	10 # 30
	11 # 38
	12 # 31
	13 # 27
	14 # 41
	15 # 8
	16 # 28
	17 # 10
	18 # 29
	19 # 24
Timestep 1:
	0 # 40
	1 # 13
	2 # 50
	3 # 3
	4 # 19
	5 # 39
	6 # 23
	7 # 5
	8 # 52
	9 # 2
	10 # 29
	11 # 45
	12 # 26
	13 # 32
	14 # 42
	15 # 8
	16 # 34
	17 # 11
	18 # 24
	19 # 25
Timestep 2:
	0 # 41
	1 # 20
	2 # 44
	3 # 3
	4 # 27
	5 # 31
	6 # 24
	7 # 4
	8 # 51
	9 # 9
	10 # 37
	11 # 45
	12 # 25
	13 # 40
	14 # 34
	15 # 1
	16 # 33
	17 # 12
	18 # 17
	19 # 30
Timestep 3:
	0 # 41
	1 # 19
	2 # 37
	3 # 2
	4 # 27
	5 # 26
	6 # 25
	7 # 4
	8 # 50
	9 # 10
	10 # 36
	11 # 44
	12 # 18
	13 # 47
	14 # 28
	15 # 1
	16 # 32
	17 # 13
	18 # 9
	19 # 38
Timestep 4:
	0 # 42
	1 # 19
	2 # 29
	3 # 9
	4 # 26
	5 # 25
	6 # 30
	7 # 4
	8 # 49
	9 # 11
	10 # 37
	11 # 44
	12 # 17
	13 # 53
	14 # 28
	15 # 1
	16 # 27
	17 # 14
	18 # 8
	19 # 39
Timestep 5:
	0 # 42
	1 # 27
	2 # 24
	3 # 17
	4 # 31
	5 # 25
	6 # 38
	7 # 4
	8 # 49
	9 # 12
	10 # 44
	11 # 50
	12 # 16
	13 # 52
	14 # 28
	15 # 2
	16 # 26
	17 # 21
	18 # 1
	19 # 39
Timestep 6:
	0 # 42
	1 # 26
	2 # 23
	3 # 24
	4 # 31
	5 # 18
	6 # 37
	7 # 12
	8 # 49
	9 # 13
	10 # 45
	11 # 50
	12 # 8
	13 # 51
	14 # 21
	15 # 9
	16 # 25
	17 # 20
	18 # 2
	19 # 46
Timestep 7:
	0 # 41
	1 # 25
	2 # 22
	3 # 29
	4 # 26
	5 # 10
	6 # 38
	7 # 12
	8 # 49
	9 # 5
	10 # 46
	11 # 44
	12 # 16
	13 # 50
	14 # 28
	15 # 17
	16 # 24
	17 # 19
	18 # 3
	19 # 52
Timestep 8:
	0 # 40
	1 # 18
	2 # 15
	3 # 37
	4 # 31
	5 # 9
	6 # 39
	7 # 19
	8 # 48
	9 # 5
	10 # 47
	11 # 45
	12 # 16
	13 # 49
	14 # 21
	15 # 24
	16 # 23
	17 # 27
	18 # 10
	19 # 53
Timestep 9:
	0 # 39
	1 # 10
	2 # 7
	3 # 37
	4 # 30
	5 # 9
	6 # 46
	7 # 27
	8 # 43
	9 # 6
	10 # 53
	11 # 45
	12 # 17
	13 # 48
	14 # 20
	15 # 25
	16 # 23
	17 # 32
	18 # 11
	19 # 54
Timestep 10:
	0 # 38
	1 # 3
	2 # 0
	3 # 29
	4 # 25
	5 # 8
	6 # 52
	7 # 32
	8 # 43
	9 # 14
	10 # 54
	11 # 45
	12 # 18
	13 # 49
	14 # 13
	15 # 26
	16 # 23
	17 # 40
	18 # 12
	19 # 55

