Solution makespan:11
Timestep 0:
	0 # 12
	1 # 42
	2 # 43
	3 # 11
	4 # 6
	5 # 13
	6 # 36
	7 # 56
	8 # 55
	9 # 9
	10 # 16
	11 # 38
	12 # 5
	13 # 52
	14 # 45
	15 # 51
Timestep 1:
	0 # 20
	1 # 50
	2 # 35
	3 # 12
	4 # 5
	5 # 14
	6 # 44
	7 # 56
	8 # 54
	9 # 10
	10 # 17
	11 # 46
	12 # 4
	13 # 51
	14 # 37
	15 # 59
Timestep 2:
	0 # 28
	1 # 42
	2 # 43
	3 # 11
	4 # 4
	5 # 22
	6 # 36
	7 # 57
	8 # 55
	9 # 18
	10 # 25
	11 # 46
	12 # 3
	13 # 50
	14 # 38
	15 # 59
Timestep 3:
	0 # 29
	1 # 42
	2 # 43
	3 # 10
	4 # 3
	5 # 21
	6 # 35
	7 # 58
	8 # 56
	9 # 26
	10 # 32
	11 # 38
	12 # 2
	13 # 49
	14 # 31
	15 # 51
Timestep 4:
	0 # 29
	1 # 41
	2 # 51
	3 # 10
	4 # 2
	5 # 20
	6 # 36
	7 # 57
	8 # 55
	9 # 27
	10 # 39
	11 # 31
	12 # 1
	13 # 48
	14 # 24
	15 # 50
Timestep 5:
	0 # 30
	1 # 34
	2 # 50
	3 # 11
	4 # 1
	5 # 12
	6 # 35
	7 # 58
	8 # 54
	9 # 28
	10 # 40
	11 # 31
	12 # 0
	13 # 47
	14 # 25
	15 # 49
Timestep 6:
	0 # 36
	1 # 27
	2 # 49
	3 # 10
	4 # 1
	5 # 5
	6 # 43
	7 # 57
	8 # 54
	9 # 20
	10 # 41
	11 # 24
	12 # 7
	13 # 46
	14 # 26
	15 # 48
Timestep 7:
	0 # 44
	1 # 19
	2 # 48
	3 # 18
	4 # 0
	5 # 4
	6 # 43
	7 # 56
	8 # 53
	9 # 12
	10 # 42
	11 # 24
	12 # 15
	13 # 38
	14 # 27
	15 # 40
Timestep 8:
	0 # 52
	1 # 11
	2 # 47
	3 # 19
	4 # 7
	5 # 3
	6 # 35
	7 # 48
	8 # 53
	9 # 5
	10 # 43
	11 # 23
	12 # 16
	13 # 31
	14 # 28
	15 # 33
Timestep 9:
	0 # 51
	1 # 10
	2 # 55
	3 # 27
	4 # 15
	5 # 3
	6 # 29
	7 # 56
	8 # 54
	9 # 6
	10 # 35
	11 # 23
	12 # 8
	13 # 31
	14 # 20
	15 # 26
Timestep 10:
	0 # 50
	1 # 3
	2 # 47
	3 # 34
	4 # 16
	5 # 2
	6 # 28
	7 # 55
	8 # 54
	9 # 13
	10 # 29
	11 # 15
	12 # 8
	13 # 24
	14 # 21
	15 # 33
Timestep 11:
	0 # 42
	1 # 3
	2 # 47
	3 # 41
	4 # 15
	5 # 2
	6 # 20
	7 # 55
	8 # 54
	9 # 14
	10 # 35
	11 # 23
	12 # 7
	13 # 16
	14 # 22
	15 # 32

