Solution makespan:9
Timestep 0:
	0 # 47
	1 # 55
	2 # 38
	3 # 54
	4 # 30
	5 # 52
	6 # 46
	7 # 36
Timestep 1:
	0 # 40
	1 # 55
	2 # 37
	3 # 47
	4 # 38
	5 # 44
	6 # 46
	7 # 35
Timestep 2:
	0 # 32
	1 # 54
	2 # 29
	3 # 40
	4 # 30
	5 # 37
	6 # 39
	7 # 43
Timestep 3:
	0 # 33
	1 # 54
	2 # 37
	3 # 32
	4 # 23
	5 # 38
	6 # 31
	7 # 50
Timestep 4:
	0 # 33
	1 # 54
	2 # 38
	3 # 25
	4 # 16
	5 # 30
	6 # 24
	7 # 43
Timestep 5:
	0 # 41
	1 # 47
	2 # 38
	3 # 18
	4 # 9
	5 # 23
	6 # 24
	7 # 42
Timestep 6:
	0 # 33
	1 # 46
	2 # 39
	3 # 11
	4 # 9
	5 # 16
	6 # 17
	7 # 41
Timestep 7:
	0 # 34
	1 # 45
	2 # 31
	3 # 10
	4 # 16
	5 # 15
	6 # 18
	7 # 40
Timestep 8:
	0 # 26
	1 # 44
	2 # 32
	3 # 2
	4 # 17
	5 # 8
	6 # 19
	7 # 39
Timestep 9:
	0 # 20
	1 # 37
	2 # 33
	3 # 1
	4 # 18
	5 # 0
	6 # 12
	7 # 38

