Solution makespan:12
Timestep 0:
	0 # 54
	1 # 23
	2 # 41
	3 # 33
	4 # 17
	5 # 48
	6 # 1
	7 # 10
	8 # 52
	9 # 16
	10 # 5
	11 # 24
	12 # 49
	13 # 34
	14 # 8
	15 # 13
	16 # 50
	17 # 14
	18 # 39
	19 # 15
Timestep 1:
	0 # 55
	1 # 15
	2 # 40
	3 # 32
	4 # 25
	5 # 47
	6 # 0
	7 # 2
	8 # 53
	9 # 16
	10 # 12
	11 # 24
	12 # 50
	13 # 26
	14 # 8
	15 # 13
	16 # 44
	17 # 20
	18 # 38
	19 # 10
Timestep 2:
	0 # 55
	1 # 15
	2 # 40
	3 # 31
	4 # 33
	5 # 41
	6 # 8
	7 # 1
	8 # 54
	9 # 17
	10 # 18
	11 # 25
	12 # 51
	13 # 27
	14 # 9
	15 # 19
	16 # 45
	17 # 14
	18 # 32
	19 # 2
Timestep 3:
	0 # 55
	1 # 16
	2 # 39
	3 # 30
	4 # 34
	5 # 40
	6 # 9
	7 # 0
	8 # 47
	9 # 18
	10 # 26
	11 # 33
	12 # 52
	13 # 28
	14 # 10
	15 # 27
	16 # 45
	17 # 20
	18 # 31
	19 # 1
Timestep 4:
	0 # 55
	1 # 11
	2 # 38
	3 # 22
	4 # 26
	5 # 34
	6 # 10
	7 # 8
	8 # 41
	9 # 17
	10 # 18
	11 # 33
	12 # 53
	13 # 20
	14 # 15
	15 # 27
	16 # 51
	17 # 19
	18 # 31
	19 # 0
Timestep 5:
	0 # 55
	1 # 3
	2 # 38
	3 # 21
	4 # 18
	5 # 26
	6 # 15
	7 # 9
	8 # 40
	9 # 25
	10 # 17
	11 # 39
	12 # 54
	13 # 28
	14 # 23
	15 # 19
	16 # 45
	17 # 13
	18 # 37
	19 # 0
Timestep 6:
	0 # 55
	1 # 4
	2 # 45
	3 # 29
	4 # 19
	5 # 25
	6 # 23
	7 # 10
	8 # 34
	9 # 24
	10 # 16
	11 # 40
	12 # 47
	13 # 28
	14 # 22
	15 # 27
	16 # 46
	17 # 14
	18 # 36
	19 # 8
Timestep 7:
	0 # 54
	1 # 4
	2 # 51
	3 # 29
	4 # 13
	5 # 17
	6 # 31
	7 # 11
	8 # 34
	9 # 32
	10 # 15
	11 # 40
	12 # 47
	13 # 28
	14 # 22
	15 # 26
	16 # 46
	17 # 20
	18 # 43
	19 # 8
Timestep 8:
	0 # 55
	1 # 5
	2 # 50
	3 # 35
	4 # 14
	5 # 16
	6 # 32
	7 # 11
	8 # 26
	9 # 33
	10 # 23
	11 # 39
	12 # 54
	13 # 28
	14 # 22
	15 # 27
	16 # 46
	17 # 20
	18 # 42
	19 # 0
Timestep 9:
	0 # 48
	1 # 12
	2 # 51
	3 # 29
	4 # 7
	5 # 11
	6 # 38
	7 # 3
	8 # 25
	9 # 34
	10 # 31
	11 # 40
	12 # 53
	13 # 28
	14 # 22
	15 # 26
	16 # 39
	17 # 20
	18 # 35
	19 # 1
Timestep 10:
	0 # 55
	1 # 13
	2 # 45
	3 # 21
	4 # 7
	5 # 10
	6 # 38
	7 # 4
	8 # 17
	9 # 40
	10 # 37
	11 # 39
	12 # 52
	13 # 27
	14 # 23
	15 # 25
	16 # 33
	17 # 19
	18 # 29
	19 # 2
Timestep 11:
	0 # 54
	1 # 19
	2 # 45
	3 # 22
	4 # 6
	5 # 2
	6 # 39
	7 # 5
	8 # 16
	9 # 41
	10 # 44
	11 # 46
	12 # 51
	13 # 28
	14 # 31
	15 # 33
	16 # 34
	17 # 18
	18 # 21
	19 # 3
Timestep 12:
	0 # 53
	1 # 27
	2 # 46
	3 # 30
	4 # 5
	5 # 1
	6 # 40
	7 # 12
	8 # 11
	9 # 47
	10 # 44
	11 # 52
	12 # 51
	13 # 20
	14 # 37
	15 # 32
	16 # 34
	17 # 17
	18 # 21
	19 # 4

