Solution makespan:10
Timestep 0:
	0 # 57
	1 # 15
	2 # 9
	3 # 21
	4 # 5
	5 # 43
	6 # 2
	7 # 55
	8 # 11
	9 # 52
	10 # 29
	11 # 4
	12 # 38
	13 # 30
	14 # 12
	15 # 56
	16 # 10
	17 # 50
	18 # 16
	19 # 54
Timestep 1:
	0 # 50
	1 # 15
	2 # 16
	3 # 29
	4 # 6
	5 # 44
	6 # 1
	7 # 55
	8 # 18
	9 # 45
	10 # 28
	11 # 12
	12 # 37
	13 # 22
	14 # 11
	15 # 56
	16 # 10
	17 # 49
	18 # 17
	19 # 47
Timestep 2:
	0 # 42
	1 # 16
	2 # 24
	3 # 28
	4 # 7
	5 # 43
	6 # 0
	7 # 56
	8 # 26
	9 # 39
	10 # 27
	11 # 13
	12 # 31
	13 # 21
	14 # 3
	15 # 49
	16 # 11
	17 # 48
	18 # 18
	19 # 47
Timestep 3:
	0 # 36
	1 # 17
	2 # 32
	3 # 27
	4 # 14
	5 # 44
	6 # 8
	7 # 49
	8 # 25
	9 # 33
	10 # 26
	11 # 20
	12 # 23
	13 # 21
	14 # 2
	15 # 41
	16 # 12
	17 # 48
	18 # 11
	19 # 47
Timestep 4:
	0 # 30
	1 # 10
	2 # 33
	3 # 19
	4 # 7
	5 # 51
	6 # 15
	7 # 41
	8 # 24
	9 # 25
	10 # 26
	11 # 28
	12 # 23
	13 # 20
	14 # 1
	15 # 35
	16 # 4
	17 # 47
	18 # 18
	19 # 54
Timestep 5:
	0 # 22
	1 # 11
	2 # 33
	3 # 12
	4 # 6
	5 # 52
	6 # 15
	7 # 49
	8 # 32
	9 # 17
	10 # 25
	11 # 28
	12 # 23
	13 # 19
	14 # 9
	15 # 29
	16 # 3
	17 # 46
	18 # 26
	19 # 55
Timestep 6:
	0 # 22
	1 # 12
	2 # 33
	3 # 4
	4 # 5
	5 # 53
	6 # 23
	7 # 50
	8 # 38
	9 # 10
	10 # 25
	11 # 29
	12 # 24
	13 # 19
	14 # 16
	15 # 21
	16 # 2
	17 # 45
	18 # 27
	19 # 56
Timestep 7:
	0 # 21
	1 # 19
	2 # 39
	3 # 5
	4 # 13
	5 # 54
	6 # 31
	7 # 42
	8 # 38
	9 # 11
	10 # 24
	11 # 35
	12 # 16
	13 # 18
	14 # 15
	15 # 20
	16 # 1
	17 # 44
	18 # 28
	19 # 57
Timestep 8:
	0 # 20
	1 # 18
	2 # 45
	3 # 6
	4 # 5
	5 # 47
	6 # 31
	7 # 42
	8 # 44
	9 # 12
	10 # 16
	11 # 41
	12 # 9
	13 # 17
	14 # 23
	15 # 19
	16 # 2
	17 # 43
	18 # 29
	19 # 57
Timestep 9:
	0 # 19
	1 # 26
	2 # 45
	3 # 7
	4 # 4
	5 # 48
	6 # 23
	7 # 42
	8 # 51
	9 # 12
	10 # 9
	11 # 49
	12 # 1
	13 # 16
	14 # 24
	15 # 18
	16 # 10
	17 # 37
	18 # 35
	19 # 57
Timestep 10:
	0 # 12
	1 # 18
	2 # 45
	3 # 14
	4 # 3
	5 # 48
	6 # 24
	7 # 42
	8 # 51
	9 # 13
	10 # 9
	11 # 56
	12 # 2
	13 # 15
	14 # 25
	15 # 11
	16 # 10
	17 # 37
	18 # 35
	19 # 57

