Solution makespan:10
Timestep 0:
	0 # 26
	1 # 4
	2 # 31
	3 # 59
	4 # 50
	5 # 47
	6 # 24
	7 # 46
	8 # 28
	9 # 15
	10 # 3
	11 # 33
	12 # 44
	13 # 10
	14 # 22
	15 # 48
	16 # 12
	17 # 42
	18 # 43
	19 # 11
	20 # 6
	21 # 13
	22 # 36
	23 # 56
	24 # 55
	25 # 9
	26 # 16
	27 # 38
	28 # 5
	29 # 52
	30 # 45
	31 # 51
Timestep 1:
	0 # 25
	1 # 11
	2 # 32
	3 # 60
	4 # 58
	5 # 47
	6 # 16
	7 # 38
	8 # 29
	9 # 7
	10 # 10
	11 # 26
	12 # 36
	13 # 9
	14 # 22
	15 # 49
	16 # 20
	17 # 41
	18 # 51
	19 # 19
	20 # 13
	21 # 21
	22 # 35
	23 # 56
	24 # 55
	25 # 17
	26 # 15
	27 # 39
	28 # 12
	29 # 44
	30 # 53
	31 # 50
Timestep 2:
	0 # 17
	1 # 10
	2 # 39
	3 # 59
	4 # 50
	5 # 46
	6 # 15
	7 # 31
	8 # 30
	9 # 0
	10 # 18
	11 # 25
	12 # 35
	13 # 8
	14 # 21
	15 # 57
	16 # 28
	17 # 42
	18 # 51
	19 # 27
	20 # 14
	21 # 20
	22 # 43
	23 # 56
	24 # 47
	25 # 16
	26 # 23
	27 # 40
	28 # 13
	29 # 36
	30 # 54
	31 # 49
Timestep 3:
	0 # 9
	1 # 18
	2 # 47
	3 # 58
	4 # 50
	5 # 38
	6 # 7
	7 # 32
	8 # 36
	9 # 1
	10 # 19
	11 # 17
	12 # 29
	13 # 16
	14 # 21
	15 # 49
	16 # 20
	17 # 43
	18 # 59
	19 # 26
	20 # 22
	21 # 12
	22 # 44
	23 # 56
	24 # 46
	25 # 24
	26 # 15
	27 # 41
	28 # 14
	29 # 35
	30 # 55
	31 # 48
Timestep 4:
	0 # 10
	1 # 26
	2 # 47
	3 # 50
	4 # 51
	5 # 39
	6 # 0
	7 # 33
	8 # 44
	9 # 1
	10 # 27
	11 # 9
	12 # 28
	13 # 24
	14 # 20
	15 # 49
	16 # 12
	17 # 35
	18 # 58
	19 # 25
	20 # 30
	21 # 13
	22 # 52
	23 # 48
	24 # 46
	25 # 31
	26 # 15
	27 # 42
	28 # 22
	29 # 29
	30 # 56
	31 # 40
Timestep 5:
	0 # 18
	1 # 25
	2 # 55
	3 # 42
	4 # 59
	5 # 47
	6 # 0
	7 # 26
	8 # 52
	9 # 2
	10 # 34
	11 # 10
	12 # 27
	13 # 24
	14 # 19
	15 # 41
	16 # 20
	17 # 29
	18 # 50
	19 # 32
	20 # 36
	21 # 14
	22 # 51
	23 # 49
	24 # 45
	25 # 38
	26 # 7
	27 # 43
	28 # 30
	29 # 28
	30 # 57
	31 # 33
Timestep 6:
	0 # 17
	1 # 24
	2 # 54
	3 # 43
	4 # 59
	5 # 48
	6 # 1
	7 # 25
	8 # 52
	9 # 3
	10 # 34
	11 # 11
	12 # 26
	13 # 31
	14 # 18
	15 # 40
	16 # 19
	17 # 28
	18 # 49
	19 # 39
	20 # 44
	21 # 14
	22 # 51
	23 # 41
	24 # 45
	25 # 37
	26 # 8
	27 # 35
	28 # 36
	29 # 27
	30 # 58
	31 # 32
Timestep 7:
	0 # 16
	1 # 31
	2 # 55
	3 # 35
	4 # 51
	5 # 40
	6 # 8
	7 # 17
	8 # 52
	9 # 2
	10 # 34
	11 # 12
	12 # 18
	13 # 38
	14 # 10
	15 # 33
	16 # 20
	17 # 27
	18 # 49
	19 # 39
	20 # 43
	21 # 22
	22 # 50
	23 # 41
	24 # 45
	25 # 37
	26 # 7
	27 # 29
	28 # 44
	29 # 26
	30 # 59
	31 # 25
Timestep 8:
	0 # 8
	1 # 32
	2 # 56
	3 # 29
	4 # 43
	5 # 41
	6 # 7
	7 # 16
	8 # 60
	9 # 1
	10 # 33
	11 # 13
	12 # 17
	13 # 46
	14 # 3
	15 # 26
	16 # 12
	17 # 19
	18 # 48
	19 # 38
	20 # 42
	21 # 30
	22 # 49
	23 # 34
	24 # 53
	25 # 37
	26 # 0
	27 # 21
	28 # 52
	29 # 18
	30 # 51
	31 # 24
Timestep 9:
	0 # 9
	1 # 25
	2 # 57
	3 # 21
	4 # 44
	5 # 34
	6 # 15
	7 # 24
	8 # 59
	9 # 8
	10 # 40
	11 # 12
	12 # 17
	13 # 54
	14 # 2
	15 # 33
	16 # 5
	17 # 11
	18 # 47
	19 # 31
	20 # 50
	21 # 29
	22 # 41
	23 # 27
	24 # 45
	25 # 38
	26 # 7
	27 # 13
	28 # 60
	29 # 10
	30 # 43
	31 # 23
Timestep 10:
	0 # 2
	1 # 17
	2 # 58
	3 # 13
	4 # 52
	5 # 33
	6 # 16
	7 # 25
	8 # 51
	9 # 8
	10 # 48
	11 # 20
	12 # 9
	13 # 55
	14 # 1
	15 # 32
	16 # 6
	17 # 4
	18 # 46
	19 # 38
	20 # 49
	21 # 35
	22 # 40
	23 # 26
	24 # 37
	25 # 39
	26 # 15
	27 # 12
	28 # 59
	29 # 3
	30 # 44
	31 # 23

