Solution makespan:12
Timestep 0:
	0 # 32
	1 # 45
	2 # 10
	3 # 50
	4 # 6
	5 # 57
	6 # 24
	7 # 19
	8 # 29
	9 # 41
	10 # 38
	11 # 8
	12 # 61
	13 # 55
	14 # 28
	15 # 59
	16 # 47
	17 # 26
	18 # 7
	19 # 17
Timestep 1:
	0 # 33
	1 # 44
	2 # 10
	3 # 49
	4 # 14
	5 # 57
	6 # 24
	7 # 20
	8 # 37
	9 # 40
	10 # 46
	11 # 16
	12 # 61
	13 # 56
	14 # 21
	15 # 59
	16 # 47
	17 # 25
	18 # 8
	19 # 18
Timestep 2:
	0 # 34
	1 # 44
	2 # 11
	3 # 49
	4 # 22
	5 # 58
	6 # 31
	7 # 12
	8 # 29
	9 # 32
	10 # 54
	11 # 24
	12 # 53
	13 # 57
	14 # 13
	15 # 51
	16 # 39
	17 # 25
	18 # 9
	19 # 19
Timestep 3:
	0 # 35
	1 # 52
	2 # 11
	3 # 41
	4 # 29
	5 # 50
	6 # 30
	7 # 4
	8 # 28
	9 # 40
	10 # 54
	11 # 31
	12 # 45
	13 # 58
	14 # 12
	15 # 43
	16 # 38
	17 # 33
	18 # 17
	19 # 26
Timestep 4:
	0 # 43
	1 # 60
	2 # 11
	3 # 33
	4 # 28
	5 # 49
	6 # 30
	7 # 4
	8 # 27
	9 # 48
	10 # 55
	11 # 39
	12 # 37
	13 # 50
	14 # 13
	15 # 42
	16 # 38
	17 # 32
	18 # 18
	19 # 25
Timestep 5:
	0 # 43
	1 # 59
	2 # 10
	3 # 32
	4 # 36
	5 # 49
	6 # 23
	7 # 12
	8 # 35
	9 # 48
	10 # 56
	11 # 47
	12 # 29
	13 # 42
	14 # 21
	15 # 41
	16 # 46
	17 # 31
	18 # 19
	19 # 25
Timestep 6:
	0 # 42
	1 # 58
	2 # 9
	3 # 40
	4 # 44
	5 # 50
	6 # 15
	7 # 4
	8 # 35
	9 # 48
	10 # 57
	11 # 55
	12 # 22
	13 # 34
	14 # 28
	15 # 41
	16 # 54
	17 # 24
	18 # 20
	19 # 25
Timestep 7:
	0 # 41
	1 # 50
	2 # 10
	3 # 39
	4 # 52
	5 # 51
	6 # 7
	7 # 4
	8 # 43
	9 # 40
	10 # 58
	11 # 56
	12 # 14
	13 # 35
	14 # 29
	15 # 33
	16 # 46
	17 # 16
	18 # 27
	19 # 26
Timestep 8:
	0 # 33
	1 # 49
	2 # 10
	3 # 47
	4 # 51
	5 # 43
	6 # 0
	7 # 12
	8 # 42
	9 # 32
	10 # 50
	11 # 57
	12 # 22
	13 # 36
	14 # 28
	15 # 25
	16 # 38
	17 # 8
	18 # 35
	19 # 34
Timestep 9:
	0 # 25
	1 # 48
	2 # 10
	3 # 47
	4 # 50
	5 # 44
	6 # 0
	7 # 20
	8 # 41
	9 # 31
	10 # 49
	11 # 58
	12 # 21
	13 # 36
	14 # 27
	15 # 26
	16 # 38
	17 # 1
	18 # 43
	19 # 33
Timestep 10:
	0 # 26
	1 # 47
	2 # 18
	3 # 39
	4 # 49
	5 # 43
	6 # 0
	7 # 21
	8 # 40
	9 # 30
	10 # 41
	11 # 59
	12 # 13
	13 # 44
	14 # 35
	15 # 34
	16 # 46
	17 # 1
	18 # 42
	19 # 32
Timestep 11:
	0 # 27
	1 # 39
	2 # 25
	3 # 38
	4 # 48
	5 # 35
	6 # 0
	7 # 28
	8 # 32
	9 # 30
	10 # 49
	11 # 51
	12 # 5
	13 # 52
	14 # 34
	15 # 26
	16 # 54
	17 # 1
	18 # 50
	19 # 33
Timestep 12:
	0 # 26
	1 # 31
	2 # 25
	3 # 46
	4 # 56
	5 # 36
	6 # 7
	7 # 28
	8 # 40
	9 # 38
	10 # 48
	11 # 59
	12 # 6
	13 # 53
	14 # 33
	15 # 19
	16 # 54
	17 # 8
	18 # 49
	19 # 41

