Solution makespan:11
Timestep 0:
	0 # 28
	1 # 16
	2 # 38
	3 # 32
	4 # 6
	5 # 44
	6 # 8
	7 # 5
	8 # 24
	9 # 34
	10 # 23
	11 # 3
	12 # 43
	13 # 52
	14 # 48
	15 # 31
	16 # 18
	17 # 54
	18 # 13
	19 # 29
	20 # 47
	21 # 30
	22 # 19
	23 # 40
Timestep 1:
	0 # 33
	1 # 17
	2 # 39
	3 # 38
	4 # 14
	5 # 45
	6 # 8
	7 # 5
	8 # 16
	9 # 34
	10 # 23
	11 # 10
	12 # 51
	13 # 53
	14 # 47
	15 # 36
	16 # 19
	17 # 54
	18 # 12
	19 # 22
	20 # 46
	21 # 31
	22 # 20
	23 # 48
Timestep 2:
	0 # 33
	1 # 25
	2 # 39
	3 # 37
	4 # 13
	5 # 52
	6 # 7
	7 # 12
	8 # 17
	9 # 29
	10 # 30
	11 # 18
	12 # 51
	13 # 54
	14 # 46
	15 # 35
	16 # 19
	17 # 47
	18 # 11
	19 # 14
	20 # 45
	21 # 24
	22 # 21
	23 # 48
Timestep 3:
	0 # 41
	1 # 26
	2 # 40
	3 # 37
	4 # 12
	5 # 53
	6 # 15
	7 # 5
	8 # 17
	9 # 29
	10 # 31
	11 # 19
	12 # 51
	13 # 54
	14 # 38
	15 # 43
	16 # 11
	17 # 46
	18 # 10
	19 # 13
	20 # 52
	21 # 25
	22 # 28
	23 # 47
Timestep 4:
	0 # 49
	1 # 25
	2 # 41
	3 # 37
	4 # 11
	5 # 46
	6 # 23
	7 # 5
	8 # 18
	9 # 22
	10 # 24
	11 # 20
	12 # 51
	13 # 47
	14 # 32
	15 # 44
	16 # 4
	17 # 38
	18 # 3
	19 # 12
	20 # 53
	21 # 17
	22 # 33
	23 # 39
Timestep 5:
	0 # 48
	1 # 24
	2 # 42
	3 # 38
	4 # 10
	5 # 46
	6 # 30
	7 # 12
	8 # 19
	9 # 14
	10 # 31
	11 # 21
	12 # 51
	13 # 39
	14 # 26
	15 # 45
	16 # 4
	17 # 32
	18 # 2
	19 # 11
	20 # 54
	21 # 9
	22 # 41
	23 # 40
Timestep 6:
	0 # 40
	1 # 23
	2 # 50
	3 # 32
	4 # 18
	5 # 47
	6 # 35
	7 # 13
	8 # 20
	9 # 22
	10 # 31
	11 # 28
	12 # 43
	13 # 38
	14 # 25
	15 # 46
	16 # 5
	17 # 26
	18 # 2
	19 # 4
	20 # 53
	21 # 10
	22 # 49
	23 # 39
Timestep 7:
	0 # 40
	1 # 30
	2 # 56
	3 # 26
	4 # 17
	5 # 48
	6 # 43
	7 # 21
	8 # 20
	9 # 29
	10 # 36
	11 # 33
	12 # 44
	13 # 32
	14 # 24
	15 # 47
	16 # 12
	17 # 18
	18 # 9
	19 # 3
	20 # 54
	21 # 11
	22 # 55
	23 # 39
Timestep 8:
	0 # 40
	1 # 30
	2 # 56
	3 # 18
	4 # 16
	5 # 49
	6 # 44
	7 # 22
	8 # 12
	9 # 34
	10 # 37
	11 # 41
	12 # 45
	13 # 32
	14 # 23
	15 # 48
	16 # 13
	17 # 10
	18 # 17
	19 # 2
	20 # 54
	21 # 11
	22 # 55
	23 # 39
Timestep 9:
	0 # 39
	1 # 35
	2 # 50
	3 # 17
	4 # 24
	5 # 41
	6 # 45
	7 # 29
	8 # 5
	9 # 42
	10 # 36
	11 # 40
	12 # 46
	13 # 26
	14 # 15
	15 # 49
	16 # 14
	17 # 9
	18 # 25
	19 # 1
	20 # 53
	21 # 12
	22 # 56
	23 # 38
Timestep 10:
	0 # 38
	1 # 36
	2 # 49
	3 # 16
	4 # 31
	5 # 33
	6 # 52
	7 # 34
	8 # 12
	9 # 41
	10 # 44
	11 # 48
	12 # 47
	13 # 18
	14 # 7
	15 # 55
	16 # 22
	17 # 2
	18 # 25
	19 # 8
	20 # 46
	21 # 13
	22 # 56
	23 # 32
Timestep 11:
	0 # 32
	1 # 31
	2 # 48
	3 # 15
	4 # 30
	5 # 28
	6 # 53
	7 # 42
	8 # 20
	9 # 40
	10 # 43
	11 # 47
	12 # 39
	13 # 17
	14 # 0
	15 # 49
	16 # 14
	17 # 1
	18 # 24
	19 # 16
	20 # 45
	21 # 21
	22 # 55
	23 # 26

