Solution makespan:14
Timestep 0:
	0 # 53
	1 # 5
	2 # 32
	3 # 44
	4 # 20
	5 # 39
	6 # 13
	7 # 26
	8 # 22
	9 # 24
	10 # 49
	11 # 4
	12 # 51
	13 # 28
	14 # 17
	15 # 50
	16 # 16
	17 # 1
	18 # 9
	19 # 2
Timestep 1:
	0 # 52
	1 # 6
	2 # 39
	3 # 45
	4 # 19
	5 # 46
	6 # 5
	7 # 33
	8 # 23
	9 # 30
	10 # 49
	11 # 12
	12 # 44
	13 # 35
	14 # 17
	15 # 43
	16 # 22
	17 # 2
	18 # 9
	19 # 3
Timestep 2:
	0 # 51
	1 # 6
	2 # 46
	3 # 52
	4 # 18
	5 # 53
	6 # 4
	7 # 32
	8 # 23
	9 # 29
	10 # 50
	11 # 13
	12 # 38
	13 # 41
	14 # 17
	15 # 42
	16 # 27
	17 # 10
	18 # 8
	19 # 3
Timestep 3:
	0 # 50
	1 # 7
	2 # 45
	3 # 53
	4 # 24
	5 # 54
	6 # 3
	7 # 39
	8 # 28
	9 # 36
	10 # 43
	11 # 12
	12 # 44
	13 # 48
	14 # 23
	15 # 42
	16 # 22
	17 # 11
	18 # 16
	19 # 2
Timestep 4:
	0 # 43
	1 # 7
	2 # 44
	3 # 53
	4 # 30
	5 # 54
	6 # 2
	7 # 46
	8 # 29
	9 # 36
	10 # 42
	11 # 4
	12 # 51
	13 # 47
	14 # 22
	15 # 49
	16 # 27
	17 # 18
	18 # 8
	19 # 1
Timestep 5:
	0 # 37
	1 # 15
	2 # 43
	3 # 46
	4 # 31
	5 # 54
	6 # 1
	7 # 45
	8 # 30
	9 # 36
	10 # 41
	11 # 4
	12 # 50
	13 # 48
	14 # 23
	15 # 49
	16 # 27
	17 # 19
	18 # 16
	19 # 9
Timestep 6:
	0 # 30
	1 # 7
	2 # 42
	3 # 46
	4 # 31
	5 # 53
	6 # 0
	7 # 44
	8 # 24
	9 # 29
	10 # 40
	11 # 5
	12 # 43
	13 # 41
	14 # 17
	15 # 48
	16 # 28
	17 # 20
	18 # 22
	19 # 1
Timestep 7:
	0 # 24
	1 # 7
	2 # 41
	3 # 39
	4 # 38
	5 # 46
	6 # 8
	7 # 43
	8 # 18
	9 # 30
	10 # 40
	11 # 13
	12 # 50
	13 # 35
	14 # 9
	15 # 47
	16 # 23
	17 # 25
	18 # 27
	19 # 0
Timestep 8:
	0 # 18
	1 # 6
	2 # 35
	3 # 39
	4 # 44
	5 # 45
	6 # 16
	7 # 37
	8 # 19
	9 # 24
	10 # 41
	11 # 5
	12 # 51
	13 # 28
	14 # 1
	15 # 48
	16 # 22
	17 # 25
	18 # 34
	19 # 8
Timestep 9:
	0 # 19
	1 # 5
	2 # 28
	3 # 32
	4 # 38
	5 # 44
	6 # 16
	7 # 30
	8 # 20
	9 # 24
	10 # 41
	11 # 4
	12 # 52
	13 # 29
	14 # 1
	15 # 49
	16 # 27
	17 # 25
	18 # 35
	19 # 0
Timestep 10:
	0 # 20
	1 # 13
	2 # 27
	3 # 33
	4 # 37
	5 # 38
	6 # 17
	7 # 24
	8 # 21
	9 # 18
	10 # 42
	11 # 4
	12 # 53
	13 # 28
	14 # 0
	15 # 50
	16 # 34
	17 # 25
	18 # 36
	19 # 8
Timestep 11:
	0 # 13
	1 # 12
	2 # 22
	3 # 26
	4 # 36
	5 # 37
	6 # 16
	7 # 18
	8 # 21
	9 # 19
	10 # 49
	11 # 5
	12 # 52
	13 # 27
	14 # 0
	15 # 43
	16 # 40
	17 # 25
	18 # 29
	19 # 9
Timestep 12:
	0 # 5
	1 # 4
	2 # 16
	3 # 33
	4 # 35
	5 # 36
	6 # 8
	7 # 19
	8 # 21
	9 # 20
	10 # 42
	11 # 6
	12 # 51
	13 # 22
	14 # 0
	15 # 37
	16 # 41
	17 # 25
	18 # 30
	19 # 17
Timestep 13:
	0 # 6
	1 # 4
	2 # 17
	3 # 32
	4 # 34
	5 # 35
	6 # 8
	7 # 12
	8 # 21
	9 # 13
	10 # 36
	11 # 7
	12 # 44
	13 # 27
	14 # 1
	15 # 30
	16 # 42
	17 # 20
	18 # 24
	19 # 23
Timestep 14:
	0 # 7
	1 # 3
	2 # 23
	3 # 32
	4 # 40
	5 # 35
	6 # 16
	7 # 11
	8 # 14
	9 # 13
	10 # 29
	11 # 15
	12 # 51
	13 # 22
	14 # 9
	15 # 24
	16 # 36
	17 # 21
	18 # 18
	19 # 28

