Solution makespan:8
Timestep 0:
	0 # 22
	1 # 55
	2 # 19
	3 # 50
	4 # 9
	5 # 1
	6 # 3
	7 # 47
	8 # 53
	9 # 32
	10 # 34
	11 # 46
	12 # 49
	13 # 16
	14 # 57
	15 # 27
	16 # 43
	17 # 35
	18 # 48
	19 # 23
Timestep 1:
	0 # 22
	1 # 48
	2 # 27
	3 # 44
	4 # 10
	5 # 7
	6 # 11
	7 # 46
	8 # 47
	9 # 32
	10 # 34
	11 # 52
	12 # 42
	13 # 17
	14 # 56
	15 # 26
	16 # 43
	17 # 36
	18 # 41
	19 # 24
Timestep 2:
	0 # 14
	1 # 49
	2 # 28
	3 # 43
	4 # 18
	5 # 15
	6 # 12
	7 # 52
	8 # 39
	9 # 33
	10 # 27
	11 # 53
	12 # 34
	13 # 25
	14 # 55
	15 # 26
	16 # 35
	17 # 29
	18 # 48
	19 # 16
Timestep 3:
	0 # 6
	1 # 56
	2 # 28
	3 # 35
	4 # 19
	5 # 23
	6 # 4
	7 # 53
	8 # 38
	9 # 34
	10 # 26
	11 # 47
	12 # 27
	13 # 32
	14 # 55
	15 # 18
	16 # 36
	17 # 21
	18 # 49
	19 # 16
Timestep 4:
	0 # 0
	1 # 49
	2 # 27
	3 # 28
	4 # 20
	5 # 31
	6 # 5
	7 # 54
	8 # 37
	9 # 35
	10 # 25
	11 # 46
	12 # 26
	13 # 40
	14 # 48
	15 # 18
	16 # 29
	17 # 13
	18 # 42
	19 # 16
Timestep 5:
	0 # 1
	1 # 48
	2 # 34
	3 # 27
	4 # 28
	5 # 38
	6 # 13
	7 # 55
	8 # 30
	9 # 36
	10 # 24
	11 # 45
	12 # 26
	13 # 39
	14 # 41
	15 # 10
	16 # 21
	17 # 12
	18 # 43
	19 # 16
Timestep 6:
	0 # 1
	1 # 41
	2 # 42
	3 # 26
	4 # 35
	5 # 46
	6 # 21
	7 # 48
	8 # 22
	9 # 44
	10 # 23
	11 # 37
	12 # 18
	13 # 38
	14 # 33
	15 # 9
	16 # 20
	17 # 12
	18 # 43
	19 # 15
Timestep 7:
	0 # 7
	1 # 40
	2 # 49
	3 # 25
	4 # 43
	5 # 47
	6 # 29
	7 # 41
	8 # 23
	9 # 50
	10 # 31
	11 # 30
	12 # 19
	13 # 46
	14 # 26
	15 # 2
	16 # 20
	17 # 11
	18 # 42
	19 # 14
Timestep 8:
	0 # 8
	1 # 39
	2 # 49
	3 # 24
	4 # 44
	5 # 47
	6 # 36
	7 # 40
	8 # 15
	9 # 50
	10 # 38
	11 # 31
	12 # 27
	13 # 52
	14 # 18
	15 # 2
	16 # 19
	17 # 10
	18 # 43
	19 # 22

