Solution makespan:12
Timestep 0:
	0 # 14
	1 # 1
	2 # 53
	3 # 37
	4 # 48
	5 # 54
	6 # 26
	7 # 19
	8 # 59
	9 # 41
	10 # 43
	11 # 15
Timestep 1:
	0 # 21
	1 # 9
	2 # 45
	3 # 37
	4 # 55
	5 # 47
	6 # 19
	7 # 11
	8 # 59
	9 # 40
	10 # 42
	11 # 15
Timestep 2:
	0 # 29
	1 # 17
	2 # 46
	3 # 36
	4 # 48
	5 # 40
	6 # 11
	7 # 10
	8 # 59
	9 # 33
	10 # 41
	11 # 15
Timestep 3:
	0 # 37
	1 # 24
	2 # 47
	3 # 35
	4 # 41
	5 # 33
	6 # 12
	7 # 9
	8 # 59
	9 # 25
	10 # 34
	11 # 14
Timestep 4:
	0 # 36
	1 # 32
	2 # 47
	3 # 27
	4 # 34
	5 # 25
	6 # 13
	7 # 9
	8 # 59
	9 # 24
	10 # 33
	11 # 21
Timestep 5:
	0 # 43
	1 # 33
	2 # 40
	3 # 28
	4 # 26
	5 # 24
	6 # 14
	7 # 8
	8 # 58
	9 # 17
	10 # 25
	11 # 20
Timestep 6:
	0 # 50
	1 # 34
	2 # 33
	3 # 20
	4 # 25
	5 # 17
	6 # 14
	7 # 16
	8 # 57
	9 # 9
	10 # 18
	11 # 21
Timestep 7:
	0 # 49
	1 # 41
	2 # 34
	3 # 28
	4 # 18
	5 # 24
	6 # 21
	7 # 23
	8 # 56
	9 # 1
	10 # 10
	11 # 29
Timestep 8:
	0 # 48
	1 # 42
	2 # 35
	3 # 27
	4 # 10
	5 # 32
	6 # 20
	7 # 23
	8 # 55
	9 # 1
	10 # 2
	11 # 29
Timestep 9:
	0 # 47
	1 # 49
	2 # 35
	3 # 26
	4 # 2
	5 # 39
	6 # 13
	7 # 31
	8 # 54
	9 # 0
	10 # 1
	11 # 28
Timestep 10:
	0 # 46
	1 # 50
	2 # 36
	3 # 25
	4 # 3
	5 # 40
	6 # 5
	7 # 32
	8 # 47
	9 # 8
	10 # 1
	11 # 27
Timestep 11:
	0 # 45
	1 # 57
	2 # 37
	3 # 18
	4 # 11
	5 # 47
	6 # 13
	7 # 39
	8 # 46
	9 # 8
	10 # 1
	11 # 35
Timestep 12:
	0 # 53
	1 # 58
	2 # 38
	3 # 25
	4 # 19
	5 # 48
	6 # 14
	7 # 46
	8 # 45
	9 # 0
	10 # 2
	11 # 42

