Solution makespan:9
Timestep 0:
	0 # 2
	1 # 47
	2 # 3
	3 # 40
	4 # 30
	5 # 55
	6 # 6
	7 # 8
	8 # 17
	9 # 23
	10 # 45
	11 # 35
	12 # 18
	13 # 36
	14 # 13
	15 # 41
Timestep 1:
	0 # 1
	1 # 40
	2 # 9
	3 # 39
	4 # 38
	5 # 55
	6 # 6
	7 # 0
	8 # 16
	9 # 22
	10 # 46
	11 # 43
	12 # 25
	13 # 35
	14 # 20
	15 # 42
Timestep 2:
	0 # 0
	1 # 39
	2 # 3
	3 # 38
	4 # 37
	5 # 47
	6 # 11
	7 # 8
	8 # 24
	9 # 21
	10 # 46
	11 # 50
	12 # 32
	13 # 28
	14 # 27
	15 # 34
Timestep 3:
	0 # 8
	1 # 46
	2 # 4
	3 # 37
	4 # 29
	5 # 40
	6 # 18
	7 # 13
	8 # 30
	9 # 14
	10 # 45
	11 # 49
	12 # 31
	13 # 21
	14 # 26
	15 # 27
Timestep 4:
	0 # 7
	1 # 46
	2 # 5
	3 # 44
	4 # 30
	5 # 32
	6 # 17
	7 # 8
	8 # 38
	9 # 13
	10 # 45
	11 # 50
	12 # 39
	13 # 22
	14 # 19
	15 # 20
Timestep 5:
	0 # 7
	1 # 45
	2 # 10
	3 # 52
	4 # 31
	5 # 25
	6 # 16
	7 # 0
	8 # 37
	9 # 14
	10 # 38
	11 # 43
	12 # 46
	13 # 23
	14 # 12
	15 # 13
Timestep 6:
	0 # 8
	1 # 38
	2 # 17
	3 # 51
	4 # 32
	5 # 18
	6 # 24
	7 # 1
	8 # 36
	9 # 21
	10 # 39
	11 # 50
	12 # 47
	13 # 15
	14 # 7
	15 # 20
Timestep 7:
	0 # 8
	1 # 37
	2 # 10
	3 # 52
	4 # 40
	5 # 11
	6 # 30
	7 # 2
	8 # 35
	9 # 14
	10 # 31
	11 # 43
	12 # 46
	13 # 16
	14 # 7
	15 # 21
Timestep 8:
	0 # 0
	1 # 36
	2 # 5
	3 # 44
	4 # 40
	5 # 10
	6 # 30
	7 # 3
	8 # 34
	9 # 13
	10 # 32
	11 # 35
	12 # 39
	13 # 17
	14 # 12
	15 # 21
Timestep 9:
	0 # 0
	1 # 35
	2 # 6
	3 # 44
	4 # 47
	5 # 5
	6 # 31
	7 # 4
	8 # 42
	9 # 8
	10 # 32
	11 # 34
	12 # 46
	13 # 18
	14 # 19
	15 # 22

