Solution makespan:11
Timestep 0:
	0 # 37
	1 # 44
	2 # 25
	3 # 54
	4 # 52
	5 # 47
	6 # 29
	7 # 56
	8 # 13
	9 # 39
	10 # 32
	11 # 59
Timestep 1:
	0 # 36
	1 # 52
	2 # 26
	3 # 55
	4 # 51
	5 # 47
	6 # 29
	7 # 57
	8 # 13
	9 # 40
	10 # 32
	11 # 60
Timestep 2:
	0 # 35
	1 # 52
	2 # 27
	3 # 48
	4 # 43
	5 # 39
	6 # 28
	7 # 58
	8 # 12
	9 # 41
	10 # 33
	11 # 53
Timestep 3:
	0 # 35
	1 # 58
	2 # 19
	3 # 40
	4 # 36
	5 # 32
	6 # 27
	7 # 59
	8 # 11
	9 # 41
	10 # 34
	11 # 46
Timestep 4:
	0 # 42
	1 # 57
	2 # 20
	3 # 33
	4 # 28
	5 # 39
	6 # 26
	7 # 58
	8 # 10
	9 # 41
	10 # 35
	11 # 38
Timestep 5:
	0 # 42
	1 # 51
	2 # 21
	3 # 33
	4 # 27
	5 # 39
	6 # 25
	7 # 57
	8 # 9
	9 # 34
	10 # 36
	11 # 31
Timestep 6:
	0 # 41
	1 # 57
	2 # 22
	3 # 25
	4 # 19
	5 # 47
	6 # 24
	7 # 56
	8 # 8
	9 # 26
	10 # 37
	11 # 30
Timestep 7:
	0 # 40
	1 # 56
	2 # 23
	3 # 17
	4 # 11
	5 # 47
	6 # 32
	7 # 50
	8 # 16
	9 # 18
	10 # 29
	11 # 22
Timestep 8:
	0 # 33
	1 # 50
	2 # 15
	3 # 18
	4 # 10
	5 # 39
	6 # 32
	7 # 49
	8 # 24
	9 # 19
	10 # 30
	11 # 21
Timestep 9:
	0 # 40
	1 # 42
	2 # 23
	3 # 10
	4 # 9
	5 # 32
	6 # 24
	7 # 48
	8 # 25
	9 # 11
	10 # 31
	11 # 29
Timestep 10:
	0 # 40
	1 # 43
	2 # 23
	3 # 10
	4 # 8
	5 # 24
	6 # 16
	7 # 47
	8 # 17
	9 # 11
	10 # 38
	11 # 37
Timestep 11:
	0 # 33
	1 # 43
	2 # 15
	3 # 9
	4 # 0
	5 # 32
	6 # 8
	7 # 54
	8 # 25
	9 # 3
	10 # 46
	11 # 36

