Solution makespan:12
Timestep 0:
	0 # 53
	1 # 47
	2 # 31
	3 # 41
	4 # 33
	5 # 0
	6 # 43
	7 # 32
	8 # 2
	9 # 26
	10 # 7
	11 # 51
	12 # 55
	13 # 27
	14 # 21
	15 # 39
	16 # 35
	17 # 30
	18 # 15
	19 # 13
	20 # 37
	21 # 42
	22 # 50
	23 # 11
	24 # 54
	25 # 22
	26 # 4
	27 # 6
	28 # 8
	29 # 45
	30 # 12
	31 # 18
Timestep 1:
	0 # 53
	1 # 47
	2 # 24
	3 # 49
	4 # 33
	5 # 1
	6 # 44
	7 # 26
	8 # 10
	9 # 25
	10 # 6
	11 # 45
	12 # 54
	13 # 20
	14 # 28
	15 # 40
	16 # 36
	17 # 30
	18 # 7
	19 # 14
	20 # 38
	21 # 35
	22 # 50
	23 # 3
	24 # 48
	25 # 22
	26 # 4
	27 # 5
	28 # 9
	29 # 46
	30 # 13
	31 # 19
Timestep 2:
	0 # 47
	1 # 39
	2 # 18
	3 # 55
	4 # 32
	5 # 2
	6 # 37
	7 # 27
	8 # 17
	9 # 24
	10 # 5
	11 # 44
	12 # 53
	13 # 20
	14 # 34
	15 # 33
	16 # 43
	17 # 31
	18 # 6
	19 # 15
	20 # 45
	21 # 36
	22 # 42
	23 # 11
	24 # 48
	25 # 29
	26 # 12
	27 # 4
	28 # 9
	29 # 46
	30 # 14
	31 # 25
Timestep 3:
	0 # 39
	1 # 40
	2 # 18
	3 # 54
	4 # 33
	5 # 3
	6 # 44
	7 # 20
	8 # 23
	9 # 24
	10 # 13
	11 # 43
	12 # 52
	13 # 14
	14 # 41
	15 # 27
	16 # 42
	17 # 38
	18 # 7
	19 # 21
	20 # 51
	21 # 29
	22 # 35
	23 # 12
	24 # 49
	25 # 30
	26 # 19
	27 # 4
	28 # 10
	29 # 47
	30 # 6
	31 # 26
Timestep 4:
	0 # 40
	1 # 33
	2 # 19
	3 # 53
	4 # 27
	5 # 11
	6 # 44
	7 # 14
	8 # 22
	9 # 23
	10 # 12
	11 # 42
	12 # 46
	13 # 13
	14 # 49
	15 # 20
	16 # 50
	17 # 45
	18 # 15
	19 # 28
	20 # 52
	21 # 30
	22 # 35
	23 # 4
	24 # 55
	25 # 37
	26 # 25
	27 # 3
	28 # 17
	29 # 48
	30 # 6
	31 # 32
Timestep 5:
	0 # 33
	1 # 27
	2 # 25
	3 # 47
	4 # 20
	5 # 18
	6 # 44
	7 # 13
	8 # 29
	9 # 22
	10 # 11
	11 # 35
	12 # 45
	13 # 12
	14 # 48
	15 # 14
	16 # 42
	17 # 51
	18 # 21
	19 # 34
	20 # 53
	21 # 31
	22 # 36
	23 # 5
	24 # 54
	25 # 38
	26 # 26
	27 # 4
	28 # 23
	29 # 40
	30 # 7
	31 # 39
Timestep 6:
	0 # 27
	1 # 20
	2 # 26
	3 # 46
	4 # 14
	5 # 19
	6 # 45
	7 # 12
	8 # 29
	9 # 22
	10 # 10
	11 # 35
	12 # 38
	13 # 11
	14 # 47
	15 # 13
	16 # 43
	17 # 52
	18 # 21
	19 # 34
	20 # 53
	21 # 24
	22 # 37
	23 # 4
	24 # 48
	25 # 31
	26 # 32
	27 # 3
	28 # 23
	29 # 33
	30 # 7
	31 # 40
Timestep 7:
	0 # 20
	1 # 14
	2 # 32
	3 # 45
	4 # 13
	5 # 25
	6 # 51
	7 # 11
	8 # 36
	9 # 22
	10 # 17
	11 # 42
	12 # 37
	13 # 10
	14 # 46
	15 # 12
	16 # 44
	17 # 53
	18 # 21
	19 # 34
	20 # 54
	21 # 18
	22 # 30
	23 # 5
	24 # 40
	25 # 31
	26 # 39
	27 # 4
	28 # 24
	29 # 27
	30 # 15
	31 # 41
Timestep 8:
	0 # 14
	1 # 13
	2 # 39
	3 # 38
	4 # 5
	5 # 26
	6 # 52
	7 # 10
	8 # 43
	9 # 29
	10 # 23
	11 # 42
	12 # 36
	13 # 9
	14 # 45
	15 # 11
	16 # 44
	17 # 54
	18 # 28
	19 # 34
	20 # 55
	21 # 17
	22 # 30
	23 # 6
	24 # 33
	25 # 31
	26 # 47
	27 # 12
	28 # 25
	29 # 20
	30 # 21
	31 # 49
Timestep 9:
	0 # 13
	1 # 12
	2 # 47
	3 # 37
	4 # 4
	5 # 32
	6 # 53
	7 # 9
	8 # 36
	9 # 30
	10 # 22
	11 # 43
	12 # 35
	13 # 1
	14 # 38
	15 # 11
	16 # 45
	17 # 48
	18 # 34
	19 # 33
	20 # 54
	21 # 10
	22 # 23
	23 # 7
	24 # 27
	25 # 31
	26 # 46
	27 # 19
	28 # 26
	29 # 14
	30 # 20
	31 # 49
Timestep 10:
	0 # 5
	1 # 19
	2 # 48
	3 # 30
	4 # 3
	5 # 39
	6 # 53
	7 # 1
	8 # 37
	9 # 23
	10 # 22
	11 # 44
	12 # 42
	13 # 2
	14 # 31
	15 # 10
	16 # 51
	17 # 40
	18 # 34
	19 # 33
	20 # 54
	21 # 9
	22 # 17
	23 # 7
	24 # 20
	25 # 24
	26 # 45
	27 # 18
	28 # 26
	29 # 13
	30 # 14
	31 # 55
Timestep 11:
	0 # 4
	1 # 19
	2 # 49
	3 # 23
	4 # 11
	5 # 47
	6 # 52
	7 # 1
	8 # 38
	9 # 17
	10 # 22
	11 # 37
	12 # 50
	13 # 2
	14 # 30
	15 # 9
	16 # 45
	17 # 41
	18 # 28
	19 # 40
	20 # 48
	21 # 8
	22 # 10
	23 # 15
	24 # 14
	25 # 25
	26 # 44
	27 # 24
	28 # 32
	29 # 12
	30 # 13
	31 # 54
Timestep 12:
	0 # 3
	1 # 25
	2 # 49
	3 # 24
	4 # 10
	5 # 53
	6 # 51
	7 # 0
	8 # 45
	9 # 17
	10 # 22
	11 # 30
	12 # 50
	13 # 1
	14 # 29
	15 # 8
	16 # 46
	17 # 34
	18 # 28
	19 # 48
	20 # 47
	21 # 16
	22 # 2
	23 # 21
	24 # 13
	25 # 26
	26 # 43
	27 # 31
	28 # 39
	29 # 11
	30 # 5
	31 # 55

