Solution makespan:13
Timestep 0:
	0 # 55
	1 # 8
	2 # 47
	3 # 14
	4 # 19
	5 # 10
	6 # 4
	7 # 1
	8 # 17
	9 # 13
	10 # 48
	11 # 11
Timestep 1:
	0 # 54
	1 # 16
	2 # 47
	3 # 22
	4 # 11
	5 # 18
	6 # 12
	7 # 2
	8 # 9
	9 # 13
	10 # 49
	11 # 10
Timestep 2:
	0 # 53
	1 # 16
	2 # 46
	3 # 14
	4 # 11
	5 # 26
	6 # 20
	7 # 9
	8 # 17
	9 # 5
	10 # 49
	11 # 10
Timestep 3:
	0 # 53
	1 # 24
	2 # 45
	3 # 14
	4 # 19
	5 # 18
	6 # 27
	7 # 17
	8 # 25
	9 # 13
	10 # 50
	11 # 10
Timestep 4:
	0 # 54
	1 # 23
	2 # 45
	3 # 14
	4 # 20
	5 # 10
	6 # 27
	7 # 25
	8 # 26
	9 # 21
	10 # 42
	11 # 9
Timestep 5:
	0 # 47
	1 # 23
	2 # 46
	3 # 13
	4 # 20
	5 # 11
	6 # 35
	7 # 32
	8 # 33
	9 # 21
	10 # 43
	11 # 8
Timestep 6:
	0 # 47
	1 # 30
	2 # 46
	3 # 5
	4 # 19
	5 # 10
	6 # 34
	7 # 33
	8 # 40
	9 # 21
	10 # 36
	11 # 7
Timestep 7:
	0 # 48
	1 # 37
	2 # 47
	3 # 4
	4 # 18
	5 # 10
	6 # 35
	7 # 40
	8 # 39
	9 # 20
	10 # 29
	11 # 7
Timestep 8:
	0 # 49
	1 # 30
	2 # 46
	3 # 4
	4 # 18
	5 # 9
	6 # 27
	7 # 47
	8 # 39
	9 # 20
	10 # 22
	11 # 15
Timestep 9:
	0 # 41
	1 # 31
	2 # 46
	3 # 5
	4 # 26
	5 # 17
	6 # 35
	7 # 54
	8 # 38
	9 # 12
	10 # 14
	11 # 23
Timestep 10:
	0 # 42
	1 # 38
	2 # 39
	3 # 6
	4 # 33
	5 # 25
	6 # 41
	7 # 55
	8 # 37
	9 # 11
	10 # 13
	11 # 30
Timestep 11:
	0 # 43
	1 # 38
	2 # 32
	3 # 14
	4 # 40
	5 # 24
	6 # 42
	7 # 56
	8 # 44
	9 # 10
	10 # 5
	11 # 37
Timestep 12:
	0 # 36
	1 # 45
	2 # 25
	3 # 14
	4 # 47
	5 # 31
	6 # 42
	7 # 57
	8 # 51
	9 # 9
	10 # 6
	11 # 37
Timestep 13:
	0 # 29
	1 # 52
	2 # 24
	3 # 14
	4 # 48
	5 # 30
	6 # 50
	7 # 58
	8 # 51
	9 # 2
	10 # 6
	11 # 37

