Solution makespan:10
Timestep 0:
	0 # 32
	1 # 53
	2 # 7
	3 # 45
	4 # 37
	5 # 3
	6 # 19
	7 # 27
	8 # 9
	9 # 13
	10 # 17
	11 # 40
Timestep 1:
	0 # 31
	1 # 53
	2 # 6
	3 # 46
	4 # 36
	5 # 4
	6 # 12
	7 # 27
	8 # 16
	9 # 7
	10 # 10
	11 # 40
Timestep 2:
	0 # 30
	1 # 54
	2 # 5
	3 # 45
	4 # 35
	5 # 10
	6 # 11
	7 # 20
	8 # 16
	9 # 13
	10 # 9
	11 # 39
Timestep 3:
	0 # 29
	1 # 47
	2 # 4
	3 # 45
	4 # 36
	5 # 17
	6 # 10
	7 # 19
	8 # 24
	9 # 20
	10 # 9
	11 # 34
Timestep 4:
	0 # 28
	1 # 39
	2 # 10
	3 # 44
	4 # 37
	5 # 25
	6 # 9
	7 # 18
	8 # 31
	9 # 19
	10 # 3
	11 # 33
Timestep 5:
	0 # 35
	1 # 34
	2 # 17
	3 # 43
	4 # 38
	5 # 24
	6 # 3
	7 # 11
	8 # 31
	9 # 18
	10 # 4
	11 # 26
Timestep 6:
	0 # 41
	1 # 33
	2 # 25
	3 # 51
	4 # 44
	5 # 16
	6 # 2
	7 # 11
	8 # 38
	9 # 17
	10 # 3
	11 # 18
Timestep 7:
	0 # 41
	1 # 26
	2 # 32
	3 # 51
	4 # 45
	5 # 9
	6 # 2
	7 # 5
	8 # 44
	9 # 25
	10 # 4
	11 # 18
Timestep 8:
	0 # 35
	1 # 18
	2 # 33
	3 # 43
	4 # 46
	5 # 3
	6 # 2
	7 # 6
	8 # 45
	9 # 25
	10 # 10
	11 # 17
Timestep 9:
	0 # 28
	1 # 19
	2 # 34
	3 # 42
	4 # 47
	5 # 9
	6 # 2
	7 # 7
	8 # 46
	9 # 26
	10 # 17
	11 # 16
Timestep 10:
	0 # 21
	1 # 20
	2 # 39
	3 # 41
	4 # 48
	5 # 9
	6 # 2
	7 # 13
	8 # 46
	9 # 26
	10 # 16
	11 # 24

