Solution makespan:10
Timestep 0:
	0 # 14
	1 # 10
	2 # 29
	3 # 15
	4 # 40
	5 # 31
	6 # 30
	7 # 24
	8 # 33
	9 # 43
	10 # 36
	11 # 0
	12 # 16
	13 # 7
	14 # 32
	15 # 35
Timestep 1:
	0 # 14
	1 # 10
	2 # 37
	3 # 20
	4 # 39
	5 # 30
	6 # 29
	7 # 24
	8 # 34
	9 # 44
	10 # 35
	11 # 6
	12 # 16
	13 # 15
	14 # 40
	15 # 27
Timestep 2:
	0 # 6
	1 # 17
	2 # 45
	3 # 26
	4 # 47
	5 # 38
	6 # 28
	7 # 31
	8 # 35
	9 # 36
	10 # 43
	11 # 7
	12 # 16
	13 # 20
	14 # 39
	15 # 21
Timestep 3:
	0 # 6
	1 # 18
	2 # 45
	3 # 34
	4 # 47
	5 # 46
	6 # 27
	7 # 39
	8 # 36
	9 # 37
	10 # 42
	11 # 15
	12 # 8
	13 # 26
	14 # 38
	15 # 16
Timestep 4:
	0 # 0
	1 # 19
	2 # 37
	3 # 35
	4 # 46
	5 # 45
	6 # 21
	7 # 31
	8 # 44
	9 # 29
	10 # 49
	11 # 20
	12 # 9
	13 # 27
	14 # 30
	15 # 8
Timestep 5:
	0 # 1
	1 # 19
	2 # 29
	3 # 36
	4 # 45
	5 # 44
	6 # 20
	7 # 24
	8 # 50
	9 # 22
	10 # 49
	11 # 26
	12 # 10
	13 # 35
	14 # 23
	15 # 2
Timestep 6:
	0 # 7
	1 # 24
	2 # 22
	3 # 37
	4 # 51
	5 # 43
	6 # 26
	7 # 31
	8 # 44
	9 # 17
	10 # 49
	11 # 25
	12 # 11
	13 # 36
	14 # 30
	15 # 2
Timestep 7:
	0 # 7
	1 # 31
	2 # 23
	3 # 45
	4 # 51
	5 # 35
	6 # 34
	7 # 39
	8 # 50
	9 # 18
	10 # 49
	11 # 33
	12 # 12
	13 # 37
	14 # 29
	15 # 8
Timestep 8:
	0 # 8
	1 # 30
	2 # 22
	3 # 46
	4 # 50
	5 # 27
	6 # 42
	7 # 47
	8 # 44
	9 # 23
	10 # 49
	11 # 33
	12 # 13
	13 # 38
	14 # 28
	15 # 16
Timestep 9:
	0 # 2
	1 # 23
	2 # 17
	3 # 38
	4 # 44
	5 # 26
	6 # 43
	7 # 46
	8 # 45
	9 # 24
	10 # 42
	11 # 25
	12 # 12
	13 # 39
	14 # 27
	15 # 21
Timestep 10:
	0 # 3
	1 # 30
	2 # 18
	3 # 37
	4 # 36
	5 # 20
	6 # 35
	7 # 52
	8 # 45
	9 # 31
	10 # 43
	11 # 25
	12 # 19
	13 # 40
	14 # 28
	15 # 21

