Solution makespan:12
Timestep 0:
	0 # 30
	1 # 55
	2 # 6
	3 # 8
	4 # 17
	5 # 23
	6 # 45
	7 # 35
	8 # 18
	9 # 36
	10 # 13
	11 # 41
Timestep 1:
	0 # 31
	1 # 54
	2 # 11
	3 # 13
	4 # 16
	5 # 15
	6 # 53
	7 # 34
	8 # 18
	9 # 37
	10 # 14
	11 # 33
Timestep 2:
	0 # 31
	1 # 53
	2 # 18
	3 # 14
	4 # 24
	5 # 16
	6 # 52
	7 # 42
	8 # 17
	9 # 38
	10 # 21
	11 # 41
Timestep 3:
	0 # 32
	1 # 52
	2 # 17
	3 # 21
	4 # 30
	5 # 24
	6 # 44
	7 # 43
	8 # 10
	9 # 39
	10 # 22
	11 # 42
Timestep 4:
	0 # 40
	1 # 51
	2 # 16
	3 # 28
	4 # 38
	5 # 30
	6 # 37
	7 # 50
	8 # 5
	9 # 46
	10 # 23
	11 # 49
Timestep 5:
	0 # 39
	1 # 51
	2 # 24
	3 # 35
	4 # 45
	5 # 31
	6 # 44
	7 # 50
	8 # 4
	9 # 54
	10 # 29
	11 # 42
Timestep 6:
	0 # 31
	1 # 50
	2 # 23
	3 # 36
	4 # 45
	5 # 32
	6 # 52
	7 # 43
	8 # 3
	9 # 55
	10 # 30
	11 # 34
Timestep 7:
	0 # 31
	1 # 43
	2 # 22
	3 # 37
	4 # 38
	5 # 40
	6 # 51
	7 # 35
	8 # 2
	9 # 47
	10 # 30
	11 # 42
Timestep 8:
	0 # 31
	1 # 42
	2 # 21
	3 # 29
	4 # 30
	5 # 39
	6 # 50
	7 # 43
	8 # 1
	9 # 47
	10 # 24
	11 # 49
Timestep 9:
	0 # 30
	1 # 42
	2 # 28
	3 # 37
	4 # 24
	5 # 38
	6 # 43
	7 # 35
	8 # 0
	9 # 46
	10 # 16
	11 # 50
Timestep 10:
	0 # 29
	1 # 49
	2 # 35
	3 # 38
	4 # 24
	5 # 30
	6 # 42
	7 # 36
	8 # 0
	9 # 45
	10 # 17
	11 # 51
Timestep 11:
	0 # 23
	1 # 50
	2 # 43
	3 # 45
	4 # 16
	5 # 24
	6 # 49
	7 # 37
	8 # 8
	9 # 44
	10 # 10
	11 # 52
Timestep 12:
	0 # 23
	1 # 51
	2 # 42
	3 # 46
	4 # 15
	5 # 30
	6 # 49
	7 # 38
	8 # 7
	9 # 44
	10 # 5
	11 # 52

