Solution makespan:12
Timestep 0:
	0 # 51
	1 # 8
	2 # 33
	3 # 34
	4 # 40
	5 # 56
	6 # 0
	7 # 14
	8 # 4
	9 # 57
	10 # 43
	11 # 28
	12 # 22
	13 # 30
	14 # 52
	15 # 29
	16 # 9
	17 # 44
	18 # 55
	19 # 16
Timestep 1:
	0 # 44
	1 # 9
	2 # 33
	3 # 35
	4 # 41
	5 # 56
	6 # 1
	7 # 13
	8 # 5
	9 # 58
	10 # 43
	11 # 27
	12 # 23
	13 # 31
	14 # 53
	15 # 30
	16 # 10
	17 # 36
	18 # 47
	19 # 22
Timestep 2:
	0 # 44
	1 # 8
	2 # 32
	3 # 28
	4 # 33
	5 # 55
	6 # 9
	7 # 12
	8 # 13
	9 # 57
	10 # 43
	11 # 27
	12 # 23
	13 # 30
	14 # 54
	15 # 37
	16 # 17
	17 # 36
	18 # 48
	19 # 22
Timestep 3:
	0 # 51
	1 # 0
	2 # 40
	3 # 21
	4 # 41
	5 # 47
	6 # 10
	7 # 12
	8 # 13
	9 # 49
	10 # 50
	11 # 26
	12 # 31
	13 # 30
	14 # 55
	15 # 38
	16 # 17
	17 # 44
	18 # 48
	19 # 23
Timestep 4:
	0 # 52
	1 # 8
	2 # 39
	3 # 15
	4 # 41
	5 # 40
	6 # 11
	7 # 4
	8 # 14
	9 # 42
	10 # 58
	11 # 25
	12 # 38
	13 # 22
	14 # 47
	15 # 45
	16 # 10
	17 # 51
	18 # 49
	19 # 17
Timestep 5:
	0 # 52
	1 # 0
	2 # 39
	3 # 21
	4 # 42
	5 # 32
	6 # 18
	7 # 3
	8 # 15
	9 # 34
	10 # 58
	11 # 19
	12 # 45
	13 # 16
	14 # 40
	15 # 53
	16 # 10
	17 # 44
	18 # 48
	19 # 23
Timestep 6:
	0 # 52
	1 # 0
	2 # 38
	3 # 28
	4 # 34
	5 # 25
	6 # 24
	7 # 2
	8 # 15
	9 # 27
	10 # 50
	11 # 19
	12 # 53
	13 # 9
	14 # 40
	15 # 54
	16 # 17
	17 # 36
	18 # 48
	19 # 31
Timestep 7:
	0 # 53
	1 # 1
	2 # 31
	3 # 35
	4 # 27
	5 # 19
	6 # 25
	7 # 10
	8 # 21
	9 # 20
	10 # 50
	11 # 12
	12 # 45
	13 # 8
	14 # 32
	15 # 55
	16 # 18
	17 # 29
	18 # 41
	19 # 30
Timestep 8:
	0 # 54
	1 # 2
	2 # 38
	3 # 43
	4 # 20
	5 # 12
	6 # 26
	7 # 17
	8 # 28
	9 # 14
	10 # 58
	11 # 11
	12 # 53
	13 # 0
	14 # 25
	15 # 55
	16 # 19
	17 # 36
	18 # 41
	19 # 37
Timestep 9:
	0 # 53
	1 # 3
	2 # 37
	3 # 50
	4 # 27
	5 # 4
	6 # 33
	7 # 23
	8 # 21
	9 # 6
	10 # 57
	11 # 10
	12 # 52
	13 # 1
	14 # 24
	15 # 47
	16 # 25
	17 # 44
	18 # 48
	19 # 30
Timestep 10:
	0 # 53
	1 # 3
	2 # 36
	3 # 58
	4 # 34
	5 # 12
	6 # 41
	7 # 17
	8 # 15
	9 # 14
	10 # 57
	11 # 10
	12 # 51
	13 # 0
	14 # 18
	15 # 46
	16 # 32
	17 # 44
	18 # 56
	19 # 22
Timestep 11:
	0 # 54
	1 # 4
	2 # 29
	3 # 50
	4 # 42
	5 # 19
	6 # 48
	7 # 10
	8 # 7
	9 # 14
	10 # 49
	11 # 9
	12 # 51
	13 # 1
	14 # 18
	15 # 45
	16 # 40
	17 # 44
	18 # 57
	19 # 23
Timestep 12:
	0 # 54
	1 # 4
	2 # 29
	3 # 58
	4 # 41
	5 # 18
	6 # 56
	7 # 2
	8 # 7
	9 # 6
	10 # 42
	11 # 8
	12 # 51
	13 # 9
	14 # 11
	15 # 53
	16 # 40
	17 # 36
	18 # 49
	19 # 22

