Solution makespan:10
Timestep 0:
	0 # 43
	1 # 39
	2 # 25
	3 # 3
	4 # 14
	5 # 47
	6 # 0
	7 # 28
	8 # 8
	9 # 38
	10 # 44
	11 # 20
	12 # 21
	13 # 18
	14 # 5
	15 # 12
	16 # 22
	17 # 42
	18 # 32
	19 # 4
Timestep 1:
	0 # 42
	1 # 38
	2 # 25
	3 # 9
	4 # 22
	5 # 48
	6 # 0
	7 # 34
	8 # 8
	9 # 46
	10 # 36
	11 # 26
	12 # 13
	13 # 17
	14 # 5
	15 # 20
	16 # 21
	17 # 41
	18 # 33
	19 # 4
Timestep 2:
	0 # 42
	1 # 37
	2 # 19
	3 # 8
	4 # 28
	5 # 48
	6 # 7
	7 # 35
	8 # 15
	9 # 38
	10 # 36
	11 # 32
	12 # 13
	13 # 24
	14 # 4
	15 # 26
	16 # 21
	17 # 41
	18 # 27
	19 # 10
Timestep 3:
	0 # 43
	1 # 36
	2 # 18
	3 # 15
	4 # 34
	5 # 41
	6 # 13
	7 # 35
	8 # 16
	9 # 38
	10 # 29
	11 # 32
	12 # 14
	13 # 30
	14 # 10
	15 # 27
	16 # 20
	17 # 40
	18 # 21
	19 # 17
Timestep 4:
	0 # 43
	1 # 36
	2 # 18
	3 # 23
	4 # 28
	5 # 42
	6 # 21
	7 # 34
	8 # 9
	9 # 31
	10 # 30
	11 # 26
	12 # 15
	13 # 37
	14 # 17
	15 # 33
	16 # 12
	17 # 32
	18 # 20
	19 # 16
Timestep 5:
	0 # 44
	1 # 35
	2 # 19
	3 # 22
	4 # 34
	5 # 43
	6 # 21
	7 # 33
	8 # 9
	9 # 38
	10 # 31
	11 # 20
	12 # 8
	13 # 37
	14 # 24
	15 # 32
	16 # 13
	17 # 40
	18 # 12
	19 # 15
Timestep 6:
	0 # 50
	1 # 35
	2 # 18
	3 # 28
	4 # 33
	5 # 44
	6 # 13
	7 # 27
	8 # 16
	9 # 46
	10 # 38
	11 # 20
	12 # 2
	13 # 36
	14 # 30
	15 # 26
	16 # 14
	17 # 47
	18 # 12
	19 # 8
Timestep 7:
	0 # 51
	1 # 43
	2 # 17
	3 # 34
	4 # 27
	5 # 45
	6 # 7
	7 # 21
	8 # 9
	9 # 52
	10 # 31
	11 # 26
	12 # 3
	13 # 29
	14 # 37
	15 # 32
	16 # 14
	17 # 47
	18 # 13
	19 # 2
Timestep 8:
	0 # 52
	1 # 43
	2 # 10
	3 # 33
	4 # 21
	5 # 46
	6 # 0
	7 # 13
	8 # 8
	9 # 53
	10 # 30
	11 # 26
	12 # 9
	13 # 29
	14 # 36
	15 # 32
	16 # 15
	17 # 40
	18 # 7
	19 # 1
Timestep 9:
	0 # 51
	1 # 42
	2 # 4
	3 # 41
	4 # 20
	5 # 38
	6 # 0
	7 # 14
	8 # 9
	9 # 52
	10 # 24
	11 # 27
	12 # 16
	13 # 30
	14 # 35
	15 # 32
	16 # 15
	17 # 47
	18 # 7
	19 # 1
Timestep 10:
	0 # 45
	1 # 34
	2 # 4
	3 # 40
	4 # 26
	5 # 46
	6 # 1
	7 # 14
	8 # 16
	9 # 53
	10 # 17
	11 # 28
	12 # 15
	13 # 31
	14 # 43
	15 # 32
	16 # 8
	17 # 48
	18 # 13
	19 # 2

