Solution makespan:11
Timestep 0:
	0 # 18
	1 # 16
	2 # 39
	3 # 13
	4 # 43
	5 # 54
	6 # 50
	7 # 42
	8 # 44
	9 # 12
	10 # 36
	11 # 35
	12 # 32
	13 # 14
	14 # 49
	15 # 3
	16 # 20
	17 # 46
	18 # 22
	19 # 5
	20 # 52
	21 # 1
	22 # 30
	23 # 38
	24 # 31
	25 # 27
	26 # 41
	27 # 8
	28 # 28
	29 # 10
	30 # 29
	31 # 24
Timestep 1:
	0 # 18
	1 # 15
	2 # 38
	3 # 12
	4 # 48
	5 # 53
	6 # 51
	7 # 42
	8 # 44
	9 # 11
	10 # 37
	11 # 43
	12 # 27
	13 # 21
	14 # 50
	15 # 10
	16 # 13
	17 # 39
	18 # 23
	19 # 5
	20 # 52
	21 # 2
	22 # 25
	23 # 45
	24 # 30
	25 # 19
	26 # 41
	27 # 16
	28 # 34
	29 # 9
	30 # 24
	31 # 17
Timestep 2:
	0 # 25
	1 # 22
	2 # 30
	3 # 13
	4 # 49
	5 # 47
	6 # 45
	7 # 41
	8 # 44
	9 # 10
	10 # 38
	11 # 48
	12 # 19
	13 # 28
	14 # 51
	15 # 3
	16 # 14
	17 # 39
	18 # 24
	19 # 5
	20 # 52
	21 # 1
	22 # 26
	23 # 46
	24 # 29
	25 # 20
	26 # 33
	27 # 16
	28 # 42
	29 # 8
	30 # 17
	31 # 9
Timestep 3:
	0 # 26
	1 # 15
	2 # 30
	3 # 13
	4 # 49
	5 # 40
	6 # 44
	7 # 33
	8 # 50
	9 # 18
	10 # 38
	11 # 43
	12 # 20
	13 # 34
	14 # 52
	15 # 10
	16 # 14
	17 # 31
	18 # 29
	19 # 5
	20 # 46
	21 # 1
	22 # 27
	23 # 39
	24 # 37
	25 # 21
	26 # 32
	27 # 23
	28 # 41
	29 # 16
	30 # 9
	31 # 2
Timestep 4:
	0 # 26
	1 # 7
	2 # 25
	3 # 14
	4 # 50
	5 # 32
	6 # 44
	7 # 33
	8 # 51
	9 # 17
	10 # 30
	11 # 48
	12 # 21
	13 # 42
	14 # 53
	15 # 11
	16 # 6
	17 # 31
	18 # 37
	19 # 5
	20 # 45
	21 # 8
	22 # 19
	23 # 46
	24 # 36
	25 # 28
	26 # 27
	27 # 24
	28 # 40
	29 # 16
	30 # 9
	31 # 3
Timestep 5:
	0 # 31
	1 # 0
	2 # 18
	3 # 14
	4 # 51
	5 # 32
	6 # 37
	7 # 41
	8 # 52
	9 # 17
	10 # 29
	11 # 49
	12 # 28
	13 # 42
	14 # 53
	15 # 12
	16 # 6
	17 # 30
	18 # 36
	19 # 5
	20 # 44
	21 # 7
	22 # 20
	23 # 39
	24 # 35
	25 # 34
	26 # 19
	27 # 25
	28 # 47
	29 # 15
	30 # 2
	31 # 10
Timestep 6:
	0 # 39
	1 # 1
	2 # 18
	3 # 14
	4 # 45
	5 # 27
	6 # 29
	7 # 33
	8 # 52
	9 # 16
	10 # 24
	11 # 50
	12 # 28
	13 # 41
	14 # 53
	15 # 12
	16 # 5
	17 # 25
	18 # 35
	19 # 13
	20 # 37
	21 # 8
	22 # 21
	23 # 40
	24 # 43
	25 # 42
	26 # 20
	27 # 26
	28 # 46
	29 # 7
	30 # 9
	31 # 11
Timestep 7:
	0 # 39
	1 # 2
	2 # 10
	3 # 13
	4 # 44
	5 # 26
	6 # 24
	7 # 34
	8 # 53
	9 # 8
	10 # 23
	11 # 51
	12 # 28
	13 # 40
	14 # 47
	15 # 19
	16 # 4
	17 # 18
	18 # 43
	19 # 5
	20 # 36
	21 # 1
	22 # 21
	23 # 32
	24 # 48
	25 # 41
	26 # 20
	27 # 31
	28 # 45
	29 # 15
	30 # 17
	31 # 12
Timestep 8:
	0 # 38
	1 # 3
	2 # 9
	3 # 5
	4 # 50
	5 # 25
	6 # 23
	7 # 28
	8 # 47
	9 # 7
	10 # 16
	11 # 52
	12 # 21
	13 # 39
	14 # 46
	15 # 27
	16 # 4
	17 # 10
	18 # 35
	19 # 6
	20 # 37
	21 # 2
	22 # 20
	23 # 31
	24 # 49
	25 # 40
	26 # 13
	27 # 30
	28 # 51
	29 # 22
	30 # 18
	31 # 19
Timestep 9:
	0 # 45
	1 # 2
	2 # 17
	3 # 4
	4 # 44
	5 # 24
	6 # 16
	7 # 34
	8 # 46
	9 # 0
	10 # 8
	11 # 53
	12 # 20
	13 # 31
	14 # 39
	15 # 32
	16 # 12
	17 # 11
	18 # 36
	19 # 6
	20 # 29
	21 # 1
	22 # 13
	23 # 26
	24 # 48
	25 # 47
	26 # 14
	27 # 38
	28 # 50
	29 # 15
	30 # 25
	31 # 27
Timestep 10:
	0 # 51
	1 # 9
	2 # 24
	3 # 4
	4 # 44
	5 # 23
	6 # 8
	7 # 33
	8 # 52
	9 # 7
	10 # 1
	11 # 54
	12 # 19
	13 # 26
	14 # 39
	15 # 40
	16 # 12
	17 # 11
	18 # 37
	19 # 5
	20 # 29
	21 # 0
	22 # 20
	23 # 25
	24 # 43
	25 # 53
	26 # 6
	27 # 38
	28 # 49
	29 # 16
	30 # 30
	31 # 32
Timestep 11:
	0 # 50
	1 # 9
	2 # 25
	3 # 4
	4 # 44
	5 # 22
	6 # 7
	7 # 41
	8 # 51
	9 # 15
	10 # 2
	11 # 55
	12 # 20
	13 # 26
	14 # 38
	15 # 47
	16 # 11
	17 # 10
	18 # 37
	19 # 13
	20 # 30
	21 # 0
	22 # 21
	23 # 18
	24 # 43
	25 # 54
	26 # 6
	27 # 45
	28 # 48
	29 # 8
	30 # 31
	31 # 40

