Solution makespan:12
Timestep 0:
	0 # 39
	1 # 51
	2 # 54
	3 # 23
	4 # 36
	5 # 46
	6 # 47
	7 # 27
	8 # 7
	9 # 40
	10 # 55
	11 # 2
	12 # 1
	13 # 44
	14 # 22
	15 # 45
	16 # 11
	17 # 35
	18 # 38
	19 # 31
Timestep 1:
	0 # 40
	1 # 44
	2 # 46
	3 # 24
	4 # 35
	5 # 45
	6 # 41
	7 # 19
	8 # 8
	9 # 33
	10 # 54
	11 # 1
	12 # 0
	13 # 43
	14 # 23
	15 # 53
	16 # 18
	17 # 29
	18 # 38
	19 # 30
Timestep 2:
	0 # 33
	1 # 43
	2 # 47
	3 # 24
	4 # 42
	5 # 39
	6 # 34
	7 # 13
	8 # 7
	9 # 27
	10 # 53
	11 # 8
	12 # 0
	13 # 37
	14 # 23
	15 # 52
	16 # 25
	17 # 30
	18 # 44
	19 # 36
Timestep 3:
	0 # 27
	1 # 37
	2 # 55
	3 # 24
	4 # 48
	5 # 40
	6 # 41
	7 # 12
	8 # 15
	9 # 28
	10 # 52
	11 # 16
	12 # 1
	13 # 36
	14 # 17
	15 # 51
	16 # 18
	17 # 30
	18 # 38
	19 # 35
Timestep 4:
	0 # 19
	1 # 36
	2 # 54
	3 # 24
	4 # 49
	5 # 33
	6 # 41
	7 # 11
	8 # 15
	9 # 34
	10 # 51
	11 # 17
	12 # 1
	13 # 35
	14 # 9
	15 # 50
	16 # 25
	17 # 29
	18 # 37
	19 # 42
Timestep 5:
	0 # 13
	1 # 30
	2 # 55
	3 # 24
	4 # 50
	5 # 27
	6 # 34
	7 # 4
	8 # 16
	9 # 33
	10 # 44
	11 # 23
	12 # 8
	13 # 42
	14 # 10
	15 # 43
	16 # 26
	17 # 21
	18 # 38
	19 # 48
Timestep 6:
	0 # 12
	1 # 29
	2 # 47
	3 # 24
	4 # 51
	5 # 19
	6 # 28
	7 # 3
	8 # 17
	9 # 33
	10 # 43
	11 # 31
	12 # 9
	13 # 48
	14 # 11
	15 # 37
	16 # 27
	17 # 15
	18 # 44
	19 # 49
Timestep 7:
	0 # 11
	1 # 21
	2 # 46
	3 # 25
	4 # 52
	5 # 19
	6 # 20
	7 # 2
	8 # 23
	9 # 33
	10 # 37
	11 # 30
	12 # 8
	13 # 48
	14 # 10
	15 # 38
	16 # 28
	17 # 7
	18 # 51
	19 # 50
Timestep 8:
	0 # 4
	1 # 22
	2 # 40
	3 # 26
	4 # 53
	5 # 19
	6 # 20
	7 # 1
	8 # 31
	9 # 27
	10 # 36
	11 # 30
	12 # 8
	13 # 49
	14 # 11
	15 # 37
	16 # 34
	17 # 7
	18 # 52
	19 # 50
Timestep 9:
	0 # 3
	1 # 23
	2 # 39
	3 # 27
	4 # 54
	5 # 20
	6 # 14
	7 # 8
	8 # 30
	9 # 33
	10 # 35
	11 # 22
	12 # 16
	13 # 50
	14 # 12
	15 # 38
	16 # 41
	17 # 0
	18 # 53
	19 # 43
Timestep 10:
	0 # 4
	1 # 24
	2 # 40
	3 # 28
	4 # 46
	5 # 19
	6 # 14
	7 # 16
	8 # 31
	9 # 34
	10 # 29
	11 # 23
	12 # 17
	13 # 51
	14 # 13
	15 # 44
	16 # 47
	17 # 1
	18 # 45
	19 # 37
Timestep 11:
	0 # 3
	1 # 25
	2 # 41
	3 # 34
	4 # 40
	5 # 13
	6 # 20
	7 # 22
	8 # 37
	9 # 33
	10 # 21
	11 # 23
	12 # 17
	13 # 51
	14 # 5
	15 # 44
	16 # 46
	17 # 8
	18 # 39
	19 # 36
Timestep 12:
	0 # 2
	1 # 18
	2 # 47
	3 # 41
	4 # 33
	5 # 14
	6 # 20
	7 # 30
	8 # 43
	9 # 27
	10 # 15
	11 # 22
	12 # 23
	13 # 50
	14 # 6
	15 # 51
	16 # 45
	17 # 16
	18 # 40
	19 # 36

