Solution makespan:12
Timestep 0:
	0 # 47
	1 # 19
	2 # 29
	3 # 54
	4 # 12
	5 # 17
	6 # 41
	7 # 34
	8 # 0
	9 # 5
	10 # 32
	11 # 44
	12 # 35
	13 # 13
	14 # 56
	15 # 20
	16 # 14
	17 # 6
	18 # 36
	19 # 51
	20 # 46
	21 # 27
	22 # 28
	23 # 57
	24 # 21
	25 # 49
	26 # 31
	27 # 11
	28 # 43
	29 # 55
	30 # 9
	31 # 38
Timestep 1:
	0 # 48
	1 # 11
	2 # 28
	3 # 54
	4 # 4
	5 # 16
	6 # 33
	7 # 34
	8 # 1
	9 # 6
	10 # 31
	11 # 44
	12 # 35
	13 # 12
	14 # 57
	15 # 19
	16 # 13
	17 # 7
	18 # 36
	19 # 45
	20 # 47
	21 # 26
	22 # 27
	23 # 58
	24 # 21
	25 # 50
	26 # 39
	27 # 10
	28 # 42
	29 # 55
	30 # 17
	31 # 37
Timestep 2:
	0 # 43
	1 # 3
	2 # 36
	3 # 55
	4 # 4
	5 # 16
	6 # 25
	7 # 42
	8 # 9
	9 # 14
	10 # 23
	11 # 45
	12 # 27
	13 # 20
	14 # 58
	15 # 11
	16 # 12
	17 # 6
	18 # 35
	19 # 38
	20 # 48
	21 # 19
	22 # 26
	23 # 59
	24 # 13
	25 # 50
	26 # 31
	27 # 10
	28 # 41
	29 # 56
	30 # 24
	31 # 29
Timestep 3:
	0 # 43
	1 # 2
	2 # 35
	3 # 56
	4 # 12
	5 # 17
	6 # 24
	7 # 47
	8 # 9
	9 # 15
	10 # 16
	11 # 38
	12 # 26
	13 # 27
	14 # 50
	15 # 3
	16 # 11
	17 # 5
	18 # 34
	19 # 37
	20 # 49
	21 # 19
	22 # 25
	23 # 51
	24 # 14
	25 # 44
	26 # 23
	27 # 18
	28 # 41
	29 # 48
	30 # 32
	31 # 28
Timestep 4:
	0 # 35
	1 # 2
	2 # 34
	3 # 57
	4 # 13
	5 # 16
	6 # 24
	7 # 55
	8 # 17
	9 # 22
	10 # 8
	11 # 30
	12 # 25
	13 # 26
	14 # 44
	15 # 3
	16 # 10
	17 # 4
	18 # 42
	19 # 36
	20 # 50
	21 # 20
	22 # 33
	23 # 59
	24 # 15
	25 # 37
	26 # 31
	27 # 19
	28 # 46
	29 # 48
	30 # 32
	31 # 21
Timestep 5:
	0 # 27
	1 # 1
	2 # 33
	3 # 49
	4 # 14
	5 # 23
	6 # 17
	7 # 56
	8 # 16
	9 # 30
	10 # 9
	11 # 29
	12 # 25
	13 # 34
	14 # 44
	15 # 2
	16 # 18
	17 # 4
	18 # 41
	19 # 28
	20 # 51
	21 # 12
	22 # 32
	23 # 58
	24 # 15
	25 # 36
	26 # 39
	27 # 11
	28 # 47
	29 # 43
	30 # 24
	31 # 20
Timestep 6:
	0 # 20
	1 # 1
	2 # 33
	3 # 49
	4 # 15
	5 # 31
	6 # 9
	7 # 55
	8 # 8
	9 # 38
	10 # 10
	11 # 29
	12 # 24
	13 # 26
	14 # 37
	15 # 2
	16 # 25
	17 # 3
	18 # 46
	19 # 21
	20 # 45
	21 # 13
	22 # 32
	23 # 57
	24 # 22
	25 # 28
	26 # 40
	27 # 12
	28 # 48
	29 # 42
	30 # 17
	31 # 19
Timestep 7:
	0 # 12
	1 # 1
	2 # 41
	3 # 50
	4 # 22
	5 # 39
	6 # 10
	7 # 47
	8 # 16
	9 # 37
	10 # 18
	11 # 28
	12 # 23
	13 # 27
	14 # 29
	15 # 2
	16 # 33
	17 # 3
	18 # 54
	19 # 20
	20 # 38
	21 # 13
	22 # 31
	23 # 56
	24 # 30
	25 # 21
	26 # 32
	27 # 11
	28 # 49
	29 # 34
	30 # 24
	31 # 26
Timestep 8:
	0 # 4
	1 # 9
	2 # 42
	3 # 58
	4 # 22
	5 # 39
	6 # 11
	7 # 48
	8 # 8
	9 # 36
	10 # 25
	11 # 28
	12 # 16
	13 # 35
	14 # 29
	15 # 1
	16 # 41
	17 # 2
	18 # 54
	19 # 12
	20 # 38
	21 # 21
	22 # 23
	23 # 55
	24 # 30
	25 # 20
	26 # 31
	27 # 3
	28 # 50
	29 # 26
	30 # 32
	31 # 19
Timestep 9:
	0 # 5
	1 # 17
	2 # 42
	3 # 58
	4 # 30
	5 # 31
	6 # 12
	7 # 49
	8 # 9
	9 # 35
	10 # 33
	11 # 27
	12 # 16
	13 # 43
	14 # 37
	15 # 2
	16 # 46
	17 # 10
	18 # 55
	19 # 13
	20 # 45
	21 # 28
	22 # 24
	23 # 47
	24 # 29
	25 # 19
	26 # 23
	27 # 4
	28 # 44
	29 # 25
	30 # 40
	31 # 18
Timestep 10:
	0 # 6
	1 # 17
	2 # 42
	3 # 59
	4 # 38
	5 # 32
	6 # 20
	7 # 50
	8 # 8
	9 # 43
	10 # 34
	11 # 26
	12 # 16
	13 # 48
	14 # 29
	15 # 3
	16 # 54
	17 # 9
	18 # 56
	19 # 13
	20 # 44
	21 # 36
	22 # 25
	23 # 46
	24 # 28
	25 # 11
	26 # 31
	27 # 5
	28 # 37
	29 # 18
	30 # 41
	31 # 10
Timestep 11:
	0 # 7
	1 # 24
	2 # 47
	3 # 59
	4 # 37
	5 # 33
	6 # 27
	7 # 51
	8 # 16
	9 # 48
	10 # 26
	11 # 25
	12 # 23
	13 # 49
	14 # 30
	15 # 4
	16 # 53
	17 # 9
	18 # 57
	19 # 12
	20 # 50
	21 # 35
	22 # 18
	23 # 54
	24 # 28
	25 # 3
	26 # 39
	27 # 5
	28 # 29
	29 # 10
	30 # 42
	31 # 2
Timestep 12:
	0 # 15
	1 # 32
	2 # 55
	3 # 59
	4 # 37
	5 # 34
	6 # 35
	7 # 51
	8 # 17
	9 # 48
	10 # 19
	11 # 18
	12 # 24
	13 # 57
	14 # 30
	15 # 5
	16 # 52
	17 # 9
	18 # 56
	19 # 11
	20 # 58
	21 # 43
	22 # 10
	23 # 53
	24 # 36
	25 # 3
	26 # 31
	27 # 13
	28 # 29
	29 # 2
	30 # 47
	31 # 1

