Solution makespan:6
Timestep 0:
	0 # 1
	1 # 8
	2 # 13
	3 # 10
	4 # 14
	5 # 11
	6 # 0
	7 # 12
Timestep 1:
	0 # 2
	1 # 9
	2 # 13
	3 # 11
	4 # 14
	5 # 7
	6 # 1
	7 # 8
Timestep 2:
	0 # 2
	1 # 10
	2 # 12
	3 # 7
	4 # 11
	5 # 6
	6 # 5
	7 # 4
Timestep 3:
	0 # 6
	1 # 11
	2 # 13
	3 # 3
	4 # 7
	5 # 5
	6 # 9
	7 # 0
Timestep 4:
	0 # 7
	1 # 14
	2 # 9
	3 # 2
	4 # 3
	5 # 4
	6 # 10
	7 # 1
Timestep 5:
	0 # 11
	1 # 14
	2 # 5
	3 # 6
	4 # 7
	5 # 8
	6 # 9
	7 # 2
Timestep 6:
	0 # 7
	1 # 11
	2 # 1
	3 # 10
	4 # 6
	5 # 9
	6 # 13
	7 # 3

