Solution makespan:10
Timestep 0:
	0 # 26
	1 # 47
	2 # 20
	3 # 24
	4 # 2
	5 # 15
	6 # 0
	7 # 19
	8 # 12
	9 # 6
	10 # 31
	11 # 28
	12 # 1
	13 # 25
	14 # 49
	15 # 27
	16 # 46
	17 # 39
	18 # 30
	19 # 48
	20 # 36
	21 # 8
	22 # 17
	23 # 33
	24 # 11
	25 # 53
	26 # 18
	27 # 52
Timestep 1:
	0 # 34
	1 # 55
	2 # 27
	3 # 32
	4 # 3
	5 # 16
	6 # 7
	7 # 26
	8 # 12
	9 # 5
	10 # 31
	11 # 29
	12 # 8
	13 # 24
	14 # 48
	15 # 35
	16 # 46
	17 # 38
	18 # 23
	19 # 47
	20 # 44
	21 # 14
	22 # 17
	23 # 40
	24 # 11
	25 # 45
	26 # 25
	27 # 53
Timestep 2:
	0 # 26
	1 # 55
	2 # 35
	3 # 39
	4 # 4
	5 # 17
	6 # 13
	7 # 25
	8 # 12
	9 # 11
	10 # 31
	11 # 36
	12 # 14
	13 # 32
	14 # 47
	15 # 42
	16 # 45
	17 # 37
	18 # 15
	19 # 46
	20 # 43
	21 # 22
	22 # 18
	23 # 41
	24 # 19
	25 # 44
	26 # 33
	27 # 54
Timestep 3:
	0 # 19
	1 # 47
	2 # 42
	3 # 39
	4 # 10
	5 # 24
	6 # 13
	7 # 33
	8 # 12
	9 # 11
	10 # 38
	11 # 44
	12 # 22
	13 # 31
	14 # 46
	15 # 50
	16 # 37
	17 # 30
	18 # 9
	19 # 45
	20 # 43
	21 # 29
	22 # 18
	23 # 34
	24 # 20
	25 # 52
	26 # 40
	27 # 55
Timestep 4:
	0 # 18
	1 # 46
	2 # 50
	3 # 40
	4 # 10
	5 # 25
	6 # 21
	7 # 32
	8 # 20
	9 # 11
	10 # 38
	11 # 43
	12 # 29
	13 # 31
	14 # 45
	15 # 57
	16 # 30
	17 # 23
	18 # 8
	19 # 44
	20 # 51
	21 # 36
	22 # 17
	23 # 34
	24 # 27
	25 # 53
	26 # 41
	27 # 47
Timestep 5:
	0 # 17
	1 # 38
	2 # 57
	3 # 33
	4 # 10
	5 # 26
	6 # 28
	7 # 39
	8 # 19
	9 # 12
	10 # 31
	11 # 43
	12 # 29
	13 # 30
	14 # 37
	15 # 56
	16 # 23
	17 # 22
	18 # 7
	19 # 52
	20 # 51
	21 # 44
	22 # 16
	23 # 34
	24 # 35
	25 # 54
	26 # 49
	27 # 48
Timestep 6:
	0 # 16
	1 # 38
	2 # 56
	3 # 25
	4 # 17
	5 # 19
	6 # 29
	7 # 39
	8 # 18
	9 # 20
	10 # 32
	11 # 43
	12 # 36
	13 # 23
	14 # 30
	15 # 49
	16 # 22
	17 # 21
	18 # 0
	19 # 53
	20 # 52
	21 # 45
	22 # 15
	23 # 26
	24 # 42
	25 # 55
	26 # 50
	27 # 40
Timestep 7:
	0 # 15
	1 # 31
	2 # 49
	3 # 18
	4 # 24
	5 # 11
	6 # 30
	7 # 40
	8 # 17
	9 # 19
	10 # 33
	11 # 43
	12 # 37
	13 # 22
	14 # 23
	15 # 48
	16 # 21
	17 # 28
	18 # 1
	19 # 45
	20 # 44
	21 # 46
	22 # 14
	23 # 26
	24 # 50
	25 # 47
	26 # 57
	27 # 41
Timestep 8:
	0 # 9
	1 # 32
	2 # 48
	3 # 17
	4 # 24
	5 # 12
	6 # 31
	7 # 41
	8 # 10
	9 # 18
	10 # 34
	11 # 44
	12 # 37
	13 # 29
	14 # 23
	15 # 47
	16 # 13
	17 # 21
	18 # 8
	19 # 46
	20 # 36
	21 # 54
	22 # 22
	23 # 19
	24 # 50
	25 # 39
	26 # 56
	27 # 42
Timestep 9:
	0 # 9
	1 # 33
	2 # 47
	3 # 10
	4 # 25
	5 # 12
	6 # 32
	7 # 49
	8 # 4
	9 # 17
	10 # 41
	11 # 36
	12 # 45
	13 # 22
	14 # 15
	15 # 39
	16 # 7
	17 # 13
	18 # 14
	19 # 38
	20 # 29
	21 # 55
	22 # 21
	23 # 20
	24 # 57
	25 # 40
	26 # 56
	27 # 35
Timestep 10:
	0 # 8
	1 # 25
	2 # 46
	3 # 10
	4 # 18
	5 # 6
	6 # 33
	7 # 50
	8 # 3
	9 # 16
	10 # 49
	11 # 37
	12 # 53
	13 # 21
	14 # 9
	15 # 39
	16 # 7
	17 # 13
	18 # 15
	19 # 31
	20 # 22
	21 # 47
	22 # 28
	23 # 12
	24 # 57
	25 # 40
	26 # 56
	27 # 27

