Solution makespan:11
Timestep 0:
	0 # 30
	1 # 35
	2 # 47
	3 # 11
	4 # 9
	5 # 49
	6 # 39
	7 # 46
	8 # 45
	9 # 27
	10 # 42
	11 # 25
	12 # 56
	13 # 20
	14 # 18
	15 # 5
	16 # 24
	17 # 23
	18 # 10
	19 # 36
Timestep 1:
	0 # 37
	1 # 43
	2 # 39
	3 # 11
	4 # 17
	5 # 42
	6 # 40
	7 # 52
	8 # 46
	9 # 20
	10 # 41
	11 # 18
	12 # 50
	13 # 21
	14 # 19
	15 # 5
	16 # 16
	17 # 24
	18 # 10
	19 # 29
Timestep 2:
	0 # 36
	1 # 50
	2 # 32
	3 # 11
	4 # 17
	5 # 42
	6 # 40
	7 # 46
	8 # 38
	9 # 12
	10 # 34
	11 # 19
	12 # 49
	13 # 28
	14 # 26
	15 # 6
	16 # 8
	17 # 16
	18 # 10
	19 # 22
Timestep 3:
	0 # 44
	1 # 49
	2 # 31
	3 # 19
	4 # 16
	5 # 43
	6 # 41
	7 # 38
	8 # 39
	9 # 12
	10 # 33
	11 # 20
	12 # 48
	13 # 28
	14 # 34
	15 # 13
	16 # 9
	17 # 8
	18 # 18
	19 # 14
Timestep 4:
	0 # 51
	1 # 48
	2 # 24
	3 # 26
	4 # 17
	5 # 35
	6 # 42
	7 # 31
	8 # 47
	9 # 11
	10 # 32
	11 # 20
	12 # 55
	13 # 27
	14 # 41
	15 # 12
	16 # 10
	17 # 9
	18 # 18
	19 # 15
Timestep 5:
	0 # 44
	1 # 55
	2 # 23
	3 # 34
	4 # 18
	5 # 28
	6 # 43
	7 # 24
	8 # 39
	9 # 10
	10 # 31
	11 # 27
	12 # 54
	13 # 26
	14 # 42
	15 # 11
	16 # 3
	17 # 2
	18 # 19
	19 # 16
Timestep 6:
	0 # 36
	1 # 55
	2 # 30
	3 # 41
	4 # 19
	5 # 27
	6 # 35
	7 # 16
	8 # 40
	9 # 9
	10 # 24
	11 # 26
	12 # 53
	13 # 25
	14 # 42
	15 # 10
	16 # 4
	17 # 3
	18 # 11
	19 # 17
Timestep 7:
	0 # 37
	1 # 55
	2 # 31
	3 # 48
	4 # 19
	5 # 20
	6 # 28
	7 # 17
	8 # 41
	9 # 8
	10 # 23
	11 # 34
	12 # 52
	13 # 33
	14 # 43
	15 # 9
	16 # 5
	17 # 10
	18 # 4
	19 # 18
Timestep 8:
	0 # 30
	1 # 48
	2 # 32
	3 # 49
	4 # 20
	5 # 12
	6 # 27
	7 # 9
	8 # 42
	9 # 16
	10 # 15
	11 # 41
	12 # 46
	13 # 40
	14 # 43
	15 # 2
	16 # 6
	17 # 3
	18 # 5
	19 # 10
Timestep 9:
	0 # 30
	1 # 48
	2 # 33
	3 # 50
	4 # 21
	5 # 11
	6 # 27
	7 # 9
	8 # 49
	9 # 24
	10 # 14
	11 # 40
	12 # 45
	13 # 39
	14 # 35
	15 # 2
	16 # 13
	17 # 4
	18 # 6
	19 # 18
Timestep 10:
	0 # 37
	1 # 48
	2 # 25
	3 # 43
	4 # 21
	5 # 4
	6 # 27
	7 # 10
	8 # 49
	9 # 31
	10 # 7
	11 # 33
	12 # 44
	13 # 47
	14 # 35
	15 # 9
	16 # 12
	17 # 5
	18 # 13
	19 # 19
Timestep 11:
	0 # 37
	1 # 48
	2 # 25
	3 # 42
	4 # 13
	5 # 3
	6 # 20
	7 # 11
	8 # 50
	9 # 32
	10 # 0
	11 # 40
	12 # 51
	13 # 53
	14 # 43
	15 # 17
	16 # 5
	17 # 6
	18 # 12
	19 # 26

