Solution makespan:10
Timestep 0:
	0 # 30
	1 # 6
	2 # 13
	3 # 3
	4 # 57
	5 # 18
	6 # 37
	7 # 34
Timestep 1:
	0 # 22
	1 # 6
	2 # 13
	3 # 10
	4 # 56
	5 # 26
	6 # 29
	7 # 33
Timestep 2:
	0 # 30
	1 # 5
	2 # 20
	3 # 16
	4 # 48
	5 # 34
	6 # 21
	7 # 33
Timestep 3:
	0 # 38
	1 # 4
	2 # 28
	3 # 24
	4 # 48
	5 # 42
	6 # 14
	7 # 25
Timestep 4:
	0 # 45
	1 # 3
	2 # 36
	3 # 25
	4 # 41
	5 # 49
	6 # 7
	7 # 33
Timestep 5:
	0 # 53
	1 # 3
	2 # 35
	3 # 26
	4 # 33
	5 # 48
	6 # 0
	7 # 32
Timestep 6:
	0 # 53
	1 # 2
	2 # 43
	3 # 34
	4 # 32
	5 # 47
	6 # 1
	7 # 24
Timestep 7:
	0 # 52
	1 # 9
	2 # 50
	3 # 35
	4 # 31
	5 # 46
	6 # 2
	7 # 16
Timestep 8:
	0 # 53
	1 # 9
	2 # 58
	3 # 43
	4 # 30
	5 # 45
	6 # 3
	7 # 16
Timestep 9:
	0 # 52
	1 # 2
	2 # 57
	3 # 50
	4 # 29
	5 # 45
	6 # 4
	7 # 10
Timestep 10:
	0 # 53
	1 # 3
	2 # 56
	3 # 51
	4 # 21
	5 # 45
	6 # 5
	7 # 9

