Solution makespan:9
Timestep 0:
	0 # 29
	1 # 13
	2 # 36
	3 # 35
	4 # 34
	5 # 26
	6 # 43
	7 # 7
Timestep 1:
	0 # 37
	1 # 19
	2 # 28
	3 # 42
	4 # 35
	5 # 26
	6 # 43
	7 # 13
Timestep 2:
	0 # 38
	1 # 24
	2 # 36
	3 # 35
	4 # 34
	5 # 27
	6 # 42
	7 # 19
Timestep 3:
	0 # 45
	1 # 32
	2 # 43
	3 # 27
	4 # 35
	5 # 28
	6 # 41
	7 # 24
Timestep 4:
	0 # 46
	1 # 31
	2 # 51
	3 # 28
	4 # 36
	5 # 29
	6 # 40
	7 # 32
Timestep 5:
	0 # 54
	1 # 30
	2 # 50
	3 # 22
	4 # 37
	5 # 23
	6 # 33
	7 # 31
Timestep 6:
	0 # 55
	1 # 29
	2 # 42
	3 # 23
	4 # 38
	5 # 16
	6 # 25
	7 # 30
Timestep 7:
	0 # 54
	1 # 37
	2 # 35
	3 # 16
	4 # 39
	5 # 10
	6 # 20
	7 # 38
Timestep 8:
	0 # 46
	1 # 36
	2 # 42
	3 # 16
	4 # 38
	5 # 10
	6 # 14
	7 # 37
Timestep 9:
	0 # 54
	1 # 35
	2 # 50
	3 # 10
	4 # 37
	5 # 11
	6 # 20
	7 # 29

