Solution makespan:11
Timestep 0:
	0 # 3
	1 # 52
	2 # 38
	3 # 30
	4 # 17
	5 # 42
	6 # 23
	7 # 26
	8 # 1
	9 # 9
	10 # 2
	11 # 0
	12 # 27
	13 # 54
	14 # 40
	15 # 56
	16 # 31
	17 # 39
	18 # 29
	19 # 22
	20 # 4
	21 # 5
	22 # 43
	23 # 46
	24 # 19
	25 # 48
	26 # 53
	27 # 12
	28 # 15
	29 # 35
	30 # 13
	31 # 6
Timestep 1:
	0 # 11
	1 # 45
	2 # 38
	3 # 23
	4 # 18
	5 # 43
	6 # 24
	7 # 33
	8 # 0
	9 # 17
	10 # 2
	11 # 8
	12 # 28
	13 # 54
	14 # 35
	15 # 49
	16 # 31
	17 # 46
	18 # 30
	19 # 21
	20 # 3
	21 # 4
	22 # 44
	23 # 47
	24 # 25
	25 # 48
	26 # 53
	27 # 13
	28 # 22
	29 # 36
	30 # 5
	31 # 14
Timestep 2:
	0 # 11
	1 # 44
	2 # 45
	3 # 17
	4 # 18
	5 # 43
	6 # 25
	7 # 39
	8 # 0
	9 # 16
	10 # 2
	11 # 9
	12 # 35
	13 # 54
	14 # 34
	15 # 41
	16 # 30
	17 # 46
	18 # 23
	19 # 14
	20 # 3
	21 # 5
	22 # 37
	23 # 48
	24 # 32
	25 # 55
	26 # 53
	27 # 20
	28 # 21
	29 # 36
	30 # 6
	31 # 13
Timestep 3:
	0 # 11
	1 # 37
	2 # 46
	3 # 9
	4 # 24
	5 # 44
	6 # 26
	7 # 39
	8 # 0
	9 # 16
	10 # 2
	11 # 10
	12 # 35
	13 # 55
	14 # 33
	15 # 40
	16 # 23
	17 # 47
	18 # 17
	19 # 6
	20 # 4
	21 # 13
	22 # 31
	23 # 49
	24 # 32
	25 # 56
	26 # 52
	27 # 21
	28 # 28
	29 # 41
	30 # 7
	31 # 12
Timestep 4:
	0 # 3
	1 # 31
	2 # 47
	3 # 10
	4 # 25
	5 # 37
	6 # 33
	7 # 39
	8 # 0
	9 # 8
	10 # 1
	11 # 18
	12 # 36
	13 # 55
	14 # 32
	15 # 35
	16 # 17
	17 # 48
	18 # 16
	19 # 6
	20 # 5
	21 # 14
	22 # 30
	23 # 49
	24 # 38
	25 # 56
	26 # 53
	27 # 22
	28 # 21
	29 # 40
	30 # 7
	31 # 11
Timestep 5:
	0 # 4
	1 # 30
	2 # 47
	3 # 11
	4 # 26
	5 # 38
	6 # 39
	7 # 46
	8 # 0
	9 # 8
	10 # 1
	11 # 24
	12 # 41
	13 # 54
	14 # 25
	15 # 28
	16 # 9
	17 # 40
	18 # 17
	19 # 5
	20 # 13
	21 # 15
	22 # 23
	23 # 48
	24 # 45
	25 # 49
	26 # 53
	27 # 22
	28 # 21
	29 # 35
	30 # 6
	31 # 19
Timestep 6:
	0 # 12
	1 # 29
	2 # 48
	3 # 10
	4 # 33
	5 # 32
	6 # 38
	7 # 45
	8 # 0
	9 # 16
	10 # 1
	11 # 31
	12 # 49
	13 # 55
	14 # 24
	15 # 21
	16 # 8
	17 # 35
	18 # 18
	19 # 4
	20 # 14
	21 # 15
	22 # 23
	23 # 40
	24 # 52
	25 # 56
	26 # 46
	27 # 22
	28 # 20
	29 # 34
	30 # 5
	31 # 25
Timestep 7:
	0 # 13
	1 # 29
	2 # 40
	3 # 10
	4 # 39
	5 # 25
	6 # 45
	7 # 44
	8 # 8
	9 # 17
	10 # 1
	11 # 32
	12 # 48
	13 # 55
	14 # 18
	15 # 21
	16 # 9
	17 # 28
	18 # 19
	19 # 4
	20 # 6
	21 # 14
	22 # 24
	23 # 35
	24 # 53
	25 # 49
	26 # 46
	27 # 22
	28 # 27
	29 # 33
	30 # 5
	31 # 26
Timestep 8:
	0 # 20
	1 # 29
	2 # 35
	3 # 18
	4 # 39
	5 # 19
	6 # 44
	7 # 37
	8 # 16
	9 # 23
	10 # 0
	11 # 38
	12 # 47
	13 # 56
	14 # 17
	15 # 14
	16 # 8
	17 # 21
	18 # 11
	19 # 3
	20 # 5
	21 # 13
	22 # 25
	23 # 28
	24 # 54
	25 # 49
	26 # 45
	27 # 15
	28 # 34
	29 # 32
	30 # 4
	31 # 33
Timestep 9:
	0 # 27
	1 # 29
	2 # 28
	3 # 24
	4 # 33
	5 # 18
	6 # 43
	7 # 37
	8 # 17
	9 # 30
	10 # 1
	11 # 45
	12 # 46
	13 # 55
	14 # 9
	15 # 6
	16 # 8
	17 # 22
	18 # 12
	19 # 2
	20 # 4
	21 # 20
	22 # 19
	23 # 21
	24 # 54
	25 # 48
	26 # 44
	27 # 14
	28 # 34
	29 # 31
	30 # 3
	31 # 32
Timestep 10:
	0 # 28
	1 # 29
	2 # 21
	3 # 25
	4 # 26
	5 # 17
	6 # 43
	7 # 37
	8 # 23
	9 # 31
	10 # 9
	11 # 52
	12 # 39
	13 # 48
	14 # 8
	15 # 7
	16 # 16
	17 # 22
	18 # 13
	19 # 2
	20 # 12
	21 # 20
	22 # 11
	23 # 14
	24 # 55
	25 # 40
	26 # 45
	27 # 6
	28 # 35
	29 # 24
	30 # 3
	31 # 33
Timestep 11:
	0 # 35
	1 # 29
	2 # 22
	3 # 26
	4 # 27
	5 # 9
	6 # 43
	7 # 37
	8 # 23
	9 # 32
	10 # 10
	11 # 53
	12 # 33
	13 # 47
	14 # 8
	15 # 7
	16 # 16
	17 # 15
	18 # 14
	19 # 1
	20 # 11
	21 # 20
	22 # 3
	23 # 6
	24 # 56
	25 # 40
	26 # 44
	27 # 5
	28 # 36
	29 # 24
	30 # 2
	31 # 34

