Solution makespan:9
Timestep 0:
	0 # 12
	1 # 5
	2 # 2
	3 # 28
	4 # 34
	5 # 45
	6 # 27
	7 # 35
	8 # 8
	9 # 24
	10 # 40
	11 # 20
Timestep 1:
	0 # 11
	1 # 12
	2 # 3
	3 # 21
	4 # 34
	5 # 52
	6 # 26
	7 # 28
	8 # 15
	9 # 24
	10 # 41
	11 # 19
Timestep 2:
	0 # 10
	1 # 20
	2 # 4
	3 # 21
	4 # 35
	5 # 52
	6 # 19
	7 # 27
	8 # 22
	9 # 17
	10 # 48
	11 # 18
Timestep 3:
	0 # 18
	1 # 19
	2 # 5
	3 # 28
	4 # 35
	5 # 45
	6 # 11
	7 # 26
	8 # 23
	9 # 16
	10 # 55
	11 # 17
Timestep 4:
	0 # 25
	1 # 18
	2 # 6
	3 # 21
	4 # 41
	5 # 39
	6 # 4
	7 # 19
	8 # 24
	9 # 15
	10 # 54
	11 # 17
Timestep 5:
	0 # 33
	1 # 17
	2 # 6
	3 # 13
	4 # 48
	5 # 38
	6 # 3
	7 # 18
	8 # 25
	9 # 14
	10 # 53
	11 # 16
Timestep 6:
	0 # 39
	1 # 24
	2 # 5
	3 # 12
	4 # 55
	5 # 32
	6 # 2
	7 # 17
	8 # 18
	9 # 7
	10 # 46
	11 # 15
Timestep 7:
	0 # 45
	1 # 32
	2 # 4
	3 # 12
	4 # 55
	5 # 31
	6 # 9
	7 # 16
	8 # 19
	9 # 0
	10 # 46
	11 # 22
Timestep 8:
	0 # 52
	1 # 32
	2 # 3
	3 # 20
	4 # 54
	5 # 23
	6 # 17
	7 # 15
	8 # 19
	9 # 0
	10 # 45
	11 # 30
Timestep 9:
	0 # 51
	1 # 38
	2 # 3
	3 # 19
	4 # 53
	5 # 24
	6 # 17
	7 # 14
	8 # 26
	9 # 7
	10 # 52
	11 # 31

