Solution makespan:11
Timestep 0:
	0 # 2
	1 # 12
	2 # 31
	3 # 43
	4 # 27
	5 # 52
	6 # 47
	7 # 54
	8 # 34
	9 # 51
	10 # 57
	11 # 28
	12 # 5
	13 # 37
	14 # 29
	15 # 6
	16 # 36
	17 # 53
	18 # 26
	19 # 8
	20 # 21
	21 # 42
	22 # 35
	23 # 38
	24 # 44
	25 # 13
	26 # 18
	27 # 4
	28 # 15
	29 # 23
	30 # 7
	31 # 9
Timestep 1:
	0 # 1
	1 # 11
	2 # 32
	3 # 43
	4 # 19
	5 # 51
	6 # 47
	7 # 55
	8 # 34
	9 # 50
	10 # 56
	11 # 27
	12 # 5
	13 # 37
	14 # 28
	15 # 14
	16 # 36
	17 # 54
	18 # 18
	19 # 16
	20 # 20
	21 # 41
	22 # 35
	23 # 39
	24 # 52
	25 # 21
	26 # 10
	27 # 3
	28 # 23
	29 # 22
	30 # 6
	31 # 9
Timestep 2:
	0 # 8
	1 # 10
	2 # 33
	3 # 44
	4 # 11
	5 # 59
	6 # 48
	7 # 47
	8 # 35
	9 # 50
	10 # 55
	11 # 26
	12 # 4
	13 # 37
	14 # 20
	15 # 15
	16 # 43
	17 # 46
	18 # 17
	19 # 24
	20 # 19
	21 # 40
	22 # 42
	23 # 32
	24 # 60
	25 # 29
	26 # 3
	27 # 2
	28 # 31
	29 # 23
	30 # 14
	31 # 9
Timestep 3:
	0 # 7
	1 # 18
	2 # 34
	3 # 52
	4 # 12
	5 # 58
	6 # 49
	7 # 48
	8 # 27
	9 # 42
	10 # 54
	11 # 25
	12 # 4
	13 # 36
	14 # 20
	15 # 16
	16 # 51
	17 # 45
	18 # 9
	19 # 24
	20 # 11
	21 # 39
	22 # 35
	23 # 33
	24 # 59
	25 # 37
	26 # 10
	27 # 1
	28 # 38
	29 # 31
	30 # 14
	31 # 2
Timestep 4:
	0 # 15
	1 # 26
	2 # 34
	3 # 52
	4 # 13
	5 # 58
	6 # 50
	7 # 49
	8 # 19
	9 # 41
	10 # 54
	11 # 24
	12 # 11
	13 # 28
	14 # 12
	15 # 17
	16 # 43
	17 # 53
	18 # 2
	19 # 16
	20 # 10
	21 # 38
	22 # 36
	23 # 25
	24 # 60
	25 # 44
	26 # 9
	27 # 8
	28 # 46
	29 # 32
	30 # 22
	31 # 1
Timestep 5:
	0 # 23
	1 # 26
	2 # 34
	3 # 44
	4 # 13
	5 # 58
	6 # 51
	7 # 50
	8 # 19
	9 # 40
	10 # 53
	11 # 32
	12 # 10
	13 # 28
	14 # 11
	15 # 18
	16 # 36
	17 # 45
	18 # 3
	19 # 17
	20 # 9
	21 # 31
	22 # 37
	23 # 33
	24 # 60
	25 # 43
	26 # 2
	27 # 7
	28 # 47
	29 # 39
	30 # 14
	31 # 8
Timestep 6:
	0 # 31
	1 # 34
	2 # 41
	3 # 37
	4 # 13
	5 # 57
	6 # 43
	7 # 51
	8 # 11
	9 # 39
	10 # 53
	11 # 24
	12 # 9
	13 # 27
	14 # 10
	15 # 19
	16 # 28
	17 # 46
	18 # 4
	19 # 17
	20 # 8
	21 # 30
	22 # 29
	23 # 40
	24 # 52
	25 # 42
	26 # 1
	27 # 6
	28 # 47
	29 # 32
	30 # 15
	31 # 16
Timestep 7:
	0 # 38
	1 # 33
	2 # 34
	3 # 29
	4 # 21
	5 # 56
	6 # 36
	7 # 43
	8 # 12
	9 # 39
	10 # 53
	11 # 23
	12 # 10
	13 # 26
	14 # 3
	15 # 11
	16 # 20
	17 # 47
	18 # 5
	19 # 18
	20 # 7
	21 # 30
	22 # 28
	23 # 41
	24 # 52
	25 # 50
	26 # 2
	27 # 14
	28 # 48
	29 # 31
	30 # 15
	31 # 24
Timestep 8:
	0 # 46
	1 # 32
	2 # 35
	3 # 21
	4 # 20
	5 # 55
	6 # 28
	7 # 36
	8 # 5
	9 # 39
	10 # 54
	11 # 24
	12 # 3
	13 # 34
	14 # 2
	15 # 10
	16 # 12
	17 # 47
	18 # 4
	19 # 19
	20 # 6
	21 # 22
	22 # 27
	23 # 42
	24 # 44
	25 # 49
	26 # 9
	27 # 14
	28 # 40
	29 # 30
	30 # 7
	31 # 25
Timestep 9:
	0 # 45
	1 # 31
	2 # 35
	3 # 13
	4 # 20
	5 # 54
	6 # 29
	7 # 28
	8 # 4
	9 # 32
	10 # 46
	11 # 24
	12 # 2
	13 # 41
	14 # 1
	15 # 18
	16 # 11
	17 # 47
	18 # 3
	19 # 27
	20 # 6
	21 # 14
	22 # 26
	23 # 50
	24 # 52
	25 # 48
	26 # 17
	27 # 15
	28 # 39
	29 # 22
	30 # 8
	31 # 33
Timestep 10:
	0 # 45
	1 # 30
	2 # 35
	3 # 12
	4 # 21
	5 # 53
	6 # 29
	7 # 20
	8 # 3
	9 # 24
	10 # 47
	11 # 23
	12 # 2
	13 # 49
	14 # 8
	15 # 19
	16 # 4
	17 # 39
	18 # 10
	19 # 28
	20 # 7
	21 # 6
	22 # 25
	23 # 50
	24 # 51
	25 # 48
	26 # 18
	27 # 15
	28 # 38
	29 # 14
	30 # 9
	31 # 40
Timestep 11:
	0 # 46
	1 # 22
	2 # 36
	3 # 11
	4 # 13
	5 # 45
	6 # 21
	7 # 12
	8 # 2
	9 # 16
	10 # 47
	11 # 31
	12 # 1
	13 # 57
	14 # 7
	15 # 20
	16 # 5
	17 # 32
	18 # 3
	19 # 29
	20 # 6
	21 # 0
	22 # 24
	23 # 58
	24 # 51
	25 # 56
	26 # 26
	27 # 23
	28 # 38
	29 # 14
	30 # 10
	31 # 48

