Solution makespan:9
Timestep 0:
	0 # 33
	1 # 43
	2 # 36
	3 # 0
	4 # 16
	5 # 7
	6 # 32
	7 # 35
Timestep 1:
	0 # 34
	1 # 42
	2 # 37
	3 # 6
	4 # 21
	5 # 7
	6 # 31
	7 # 43
Timestep 2:
	0 # 35
	1 # 34
	2 # 45
	3 # 0
	4 # 27
	5 # 7
	6 # 30
	7 # 44
Timestep 3:
	0 # 36
	1 # 33
	2 # 44
	3 # 6
	4 # 35
	5 # 15
	6 # 29
	7 # 50
Timestep 4:
	0 # 37
	1 # 34
	2 # 43
	3 # 14
	4 # 36
	5 # 16
	6 # 28
	7 # 51
Timestep 5:
	0 # 29
	1 # 34
	2 # 42
	3 # 15
	4 # 28
	5 # 21
	6 # 27
	7 # 51
Timestep 6:
	0 # 29
	1 # 35
	2 # 41
	3 # 20
	4 # 28
	5 # 27
	6 # 26
	7 # 52
Timestep 7:
	0 # 30
	1 # 36
	2 # 33
	3 # 21
	4 # 29
	5 # 26
	6 # 20
	7 # 51
Timestep 8:
	0 # 38
	1 # 35
	2 # 41
	3 # 16
	4 # 37
	5 # 34
	6 # 15
	7 # 45
Timestep 9:
	0 # 30
	1 # 27
	2 # 48
	3 # 21
	4 # 36
	5 # 35
	6 # 14
	7 # 51

