Solution makespan:13
Timestep 0:
	0 # 17
	1 # 6
	2 # 29
	3 # 24
	4 # 2
	5 # 19
	6 # 46
	7 # 50
	8 # 40
	9 # 53
	10 # 7
	11 # 52
	12 # 43
	13 # 39
	14 # 25
	15 # 3
	16 # 14
	17 # 47
	18 # 0
	19 # 28
	20 # 8
	21 # 38
	22 # 44
	23 # 20
	24 # 21
	25 # 18
	26 # 5
	27 # 12
	28 # 22
	29 # 42
	30 # 32
	31 # 4
Timestep 1:
	0 # 16
	1 # 11
	2 # 36
	3 # 30
	4 # 8
	5 # 18
	6 # 38
	7 # 49
	8 # 40
	9 # 53
	10 # 0
	11 # 52
	12 # 42
	13 # 39
	14 # 19
	15 # 4
	16 # 13
	17 # 47
	18 # 1
	19 # 22
	20 # 15
	21 # 37
	22 # 50
	23 # 20
	24 # 27
	25 # 17
	26 # 6
	27 # 12
	28 # 14
	29 # 41
	30 # 33
	31 # 10
Timestep 2:
	0 # 15
	1 # 19
	2 # 44
	3 # 37
	4 # 9
	5 # 17
	6 # 31
	7 # 43
	8 # 40
	9 # 53
	10 # 1
	11 # 52
	12 # 41
	13 # 38
	14 # 18
	15 # 5
	16 # 21
	17 # 47
	18 # 2
	19 # 23
	20 # 14
	21 # 45
	22 # 51
	23 # 20
	24 # 28
	25 # 24
	26 # 6
	27 # 12
	28 # 13
	29 # 33
	30 # 34
	31 # 4
Timestep 3:
	0 # 14
	1 # 18
	2 # 50
	3 # 45
	4 # 9
	5 # 10
	6 # 31
	7 # 42
	8 # 32
	9 # 53
	10 # 2
	11 # 52
	12 # 48
	13 # 46
	14 # 17
	15 # 6
	16 # 21
	17 # 40
	18 # 3
	19 # 15
	20 # 22
	21 # 44
	22 # 51
	23 # 20
	24 # 34
	25 # 30
	26 # 11
	27 # 13
	28 # 7
	29 # 27
	30 # 35
	31 # 4
Timestep 4:
	0 # 13
	1 # 17
	2 # 49
	3 # 44
	4 # 9
	5 # 4
	6 # 31
	7 # 41
	8 # 33
	9 # 52
	10 # 8
	11 # 46
	12 # 48
	13 # 45
	14 # 10
	15 # 6
	16 # 21
	17 # 32
	18 # 3
	19 # 16
	20 # 23
	21 # 43
	22 # 51
	23 # 12
	24 # 35
	25 # 37
	26 # 11
	27 # 7
	28 # 0
	29 # 26
	30 # 36
	31 # 5
Timestep 5:
	0 # 21
	1 # 24
	2 # 50
	3 # 43
	4 # 8
	5 # 10
	6 # 31
	7 # 40
	8 # 34
	9 # 46
	10 # 15
	11 # 45
	12 # 41
	13 # 44
	14 # 9
	15 # 6
	16 # 27
	17 # 26
	18 # 3
	19 # 17
	20 # 22
	21 # 42
	22 # 52
	23 # 12
	24 # 35
	25 # 38
	26 # 19
	27 # 7
	28 # 1
	29 # 20
	30 # 37
	31 # 5
Timestep 6:
	0 # 27
	1 # 30
	2 # 50
	3 # 49
	4 # 15
	5 # 10
	6 # 31
	7 # 40
	8 # 35
	9 # 38
	10 # 23
	11 # 51
	12 # 33
	13 # 43
	14 # 16
	15 # 11
	16 # 26
	17 # 20
	18 # 9
	19 # 24
	20 # 28
	21 # 42
	22 # 53
	23 # 13
	24 # 36
	25 # 39
	26 # 18
	27 # 7
	28 # 2
	29 # 12
	30 # 45
	31 # 4
Timestep 7:
	0 # 28
	1 # 37
	2 # 50
	3 # 43
	4 # 14
	5 # 17
	6 # 31
	7 # 47
	8 # 36
	9 # 38
	10 # 22
	11 # 52
	12 # 33
	13 # 42
	14 # 15
	15 # 19
	16 # 32
	17 # 21
	18 # 9
	19 # 30
	20 # 34
	21 # 41
	22 # 53
	23 # 7
	24 # 44
	25 # 39
	26 # 18
	27 # 0
	28 # 3
	29 # 20
	30 # 45
	31 # 4
Timestep 8:
	0 # 34
	1 # 45
	2 # 51
	3 # 42
	4 # 14
	5 # 17
	6 # 30
	7 # 47
	8 # 44
	9 # 31
	10 # 22
	11 # 52
	12 # 27
	13 # 41
	14 # 23
	15 # 25
	16 # 40
	17 # 13
	18 # 16
	19 # 29
	20 # 35
	21 # 33
	22 # 53
	23 # 0
	24 # 43
	25 # 38
	26 # 19
	27 # 1
	28 # 4
	29 # 26
	30 # 46
	31 # 10
Timestep 9:
	0 # 35
	1 # 44
	2 # 45
	3 # 41
	4 # 13
	5 # 18
	6 # 24
	7 # 48
	8 # 50
	9 # 30
	10 # 21
	11 # 51
	12 # 26
	13 # 33
	14 # 22
	15 # 25
	16 # 47
	17 # 7
	18 # 16
	19 # 29
	20 # 36
	21 # 27
	22 # 52
	23 # 1
	24 # 43
	25 # 39
	26 # 11
	27 # 2
	28 # 4
	29 # 32
	30 # 46
	31 # 9
Timestep 10:
	0 # 35
	1 # 43
	2 # 44
	3 # 33
	4 # 13
	5 # 18
	6 # 17
	7 # 41
	8 # 50
	9 # 24
	10 # 20
	11 # 51
	12 # 26
	13 # 27
	14 # 28
	15 # 19
	16 # 48
	17 # 0
	18 # 9
	19 # 29
	20 # 37
	21 # 21
	22 # 46
	23 # 2
	24 # 49
	25 # 38
	26 # 6
	27 # 3
	28 # 10
	29 # 40
	30 # 45
	31 # 8
Timestep 11:
	0 # 43
	1 # 42
	2 # 36
	3 # 27
	4 # 7
	5 # 19
	6 # 10
	7 # 33
	8 # 44
	9 # 17
	10 # 12
	11 # 51
	12 # 32
	13 # 26
	14 # 34
	15 # 11
	16 # 41
	17 # 1
	18 # 16
	19 # 29
	20 # 30
	21 # 21
	22 # 38
	23 # 3
	24 # 50
	25 # 31
	26 # 5
	27 # 4
	28 # 9
	29 # 40
	30 # 45
	31 # 8
Timestep 12:
	0 # 42
	1 # 41
	2 # 37
	3 # 28
	4 # 0
	5 # 19
	6 # 10
	7 # 27
	8 # 43
	9 # 18
	10 # 12
	11 # 45
	12 # 33
	13 # 26
	14 # 35
	15 # 11
	16 # 40
	17 # 1
	18 # 17
	19 # 29
	20 # 30
	21 # 22
	22 # 39
	23 # 9
	24 # 51
	25 # 38
	26 # 5
	27 # 4
	28 # 8
	29 # 47
	30 # 44
	31 # 15
Timestep 13:
	0 # 42
	1 # 48
	2 # 38
	3 # 28
	4 # 0
	5 # 11
	6 # 4
	7 # 21
	8 # 35
	9 # 18
	10 # 13
	11 # 45
	12 # 41
	13 # 32
	14 # 36
	15 # 6
	16 # 40
	17 # 2
	18 # 10
	19 # 30
	20 # 31
	21 # 23
	22 # 39
	23 # 16
	24 # 52
	25 # 46
	26 # 5
	27 # 3
	28 # 8
	29 # 47
	30 # 50
	31 # 14

