Solution makespan:11
Timestep 0:
	0 # 18
	1 # 48
	2 # 52
	3 # 57
	4 # 25
	5 # 55
	6 # 46
	7 # 15
	8 # 26
	9 # 28
	10 # 7
	11 # 58
	12 # 17
	13 # 23
	14 # 14
	15 # 39
	16 # 43
	17 # 12
	18 # 30
	19 # 38
	20 # 29
	21 # 0
	22 # 6
	23 # 34
	24 # 8
	25 # 60
	26 # 3
	27 # 2
Timestep 1:
	0 # 19
	1 # 41
	2 # 51
	3 # 50
	4 # 26
	5 # 56
	6 # 45
	7 # 16
	8 # 27
	9 # 36
	10 # 7
	11 # 58
	12 # 18
	13 # 24
	14 # 22
	15 # 40
	16 # 42
	17 # 20
	18 # 29
	19 # 38
	20 # 37
	21 # 1
	22 # 13
	23 # 33
	24 # 0
	25 # 53
	26 # 4
	27 # 9
Timestep 2:
	0 # 18
	1 # 33
	2 # 50
	3 # 49
	4 # 34
	5 # 57
	6 # 52
	7 # 15
	8 # 35
	9 # 44
	10 # 7
	11 # 58
	12 # 10
	13 # 25
	14 # 30
	15 # 41
	16 # 42
	17 # 21
	18 # 28
	19 # 37
	20 # 29
	21 # 0
	22 # 6
	23 # 32
	24 # 8
	25 # 53
	26 # 5
	27 # 17
Timestep 3:
	0 # 26
	1 # 25
	2 # 50
	3 # 56
	4 # 42
	5 # 58
	6 # 51
	7 # 23
	8 # 27
	9 # 44
	10 # 7
	11 # 59
	12 # 11
	13 # 17
	14 # 38
	15 # 41
	16 # 43
	17 # 22
	18 # 36
	19 # 29
	20 # 28
	21 # 0
	22 # 5
	23 # 40
	24 # 15
	25 # 52
	26 # 12
	27 # 9
Timestep 4:
	0 # 34
	1 # 17
	2 # 57
	3 # 55
	4 # 49
	5 # 51
	6 # 50
	7 # 31
	8 # 27
	9 # 45
	10 # 7
	11 # 60
	12 # 11
	13 # 18
	14 # 37
	15 # 42
	16 # 35
	17 # 30
	18 # 36
	19 # 21
	20 # 29
	21 # 8
	22 # 6
	23 # 47
	24 # 16
	25 # 52
	26 # 20
	27 # 10
Timestep 5:
	0 # 34
	1 # 18
	2 # 56
	3 # 54
	4 # 49
	5 # 44
	6 # 50
	7 # 31
	8 # 26
	9 # 45
	10 # 14
	11 # 60
	12 # 4
	13 # 10
	14 # 36
	15 # 43
	16 # 27
	17 # 38
	18 # 35
	19 # 20
	20 # 21
	21 # 15
	22 # 7
	23 # 48
	24 # 16
	25 # 51
	26 # 28
	27 # 9
Timestep 6:
	0 # 33
	1 # 10
	2 # 55
	3 # 54
	4 # 42
	5 # 36
	6 # 57
	7 # 32
	8 # 18
	9 # 52
	10 # 22
	11 # 60
	12 # 5
	13 # 3
	14 # 35
	15 # 44
	16 # 28
	17 # 46
	18 # 34
	19 # 12
	20 # 13
	21 # 23
	22 # 14
	23 # 49
	24 # 24
	25 # 50
	26 # 29
	27 # 17
Timestep 7:
	0 # 41
	1 # 3
	2 # 48
	3 # 54
	4 # 34
	5 # 28
	6 # 56
	7 # 40
	8 # 10
	9 # 53
	10 # 30
	11 # 60
	12 # 6
	13 # 4
	14 # 35
	15 # 36
	16 # 20
	17 # 45
	18 # 33
	19 # 11
	20 # 12
	21 # 31
	22 # 13
	23 # 50
	24 # 25
	25 # 43
	26 # 37
	27 # 16
Timestep 8:
	0 # 41
	1 # 2
	2 # 49
	3 # 47
	4 # 26
	5 # 29
	6 # 55
	7 # 39
	8 # 9
	9 # 46
	10 # 38
	11 # 53
	12 # 13
	13 # 3
	14 # 34
	15 # 28
	16 # 19
	17 # 44
	18 # 32
	19 # 10
	20 # 11
	21 # 31
	22 # 12
	23 # 51
	24 # 24
	25 # 42
	26 # 36
	27 # 15
Timestep 9:
	0 # 48
	1 # 1
	2 # 50
	3 # 54
	4 # 18
	5 # 30
	6 # 56
	7 # 40
	8 # 2
	9 # 45
	10 # 37
	11 # 53
	12 # 21
	13 # 4
	14 # 26
	15 # 20
	16 # 19
	17 # 43
	18 # 24
	19 # 9
	20 # 10
	21 # 39
	22 # 12
	23 # 44
	24 # 16
	25 # 34
	26 # 35
	27 # 23
Timestep 10:
	0 # 49
	1 # 1
	2 # 51
	3 # 54
	4 # 19
	5 # 22
	6 # 56
	7 # 32
	8 # 3
	9 # 52
	10 # 37
	11 # 60
	12 # 29
	13 # 5
	14 # 25
	15 # 21
	16 # 11
	17 # 42
	18 # 16
	19 # 2
	20 # 9
	21 # 40
	22 # 12
	23 # 44
	24 # 15
	25 # 26
	26 # 34
	27 # 31
Timestep 11:
	0 # 50
	1 # 0
	2 # 52
	3 # 55
	4 # 11
	5 # 14
	6 # 57
	7 # 31
	8 # 3
	9 # 53
	10 # 45
	11 # 60
	12 # 28
	13 # 6
	14 # 24
	15 # 13
	16 # 10
	17 # 41
	18 # 15
	19 # 2
	20 # 9
	21 # 40
	22 # 5
	23 # 36
	24 # 8
	25 # 18
	26 # 33
	27 # 39

