Solution makespan:13
Timestep 0:
	0 # 31
	1 # 7
	2 # 44
	3 # 2
	4 # 52
	5 # 58
	6 # 40
	7 # 42
Timestep 1:
	0 # 38
	1 # 15
	2 # 37
	3 # 2
	4 # 44
	5 # 50
	6 # 48
	7 # 42
Timestep 2:
	0 # 45
	1 # 16
	2 # 30
	3 # 9
	4 # 37
	5 # 51
	6 # 40
	7 # 43
Timestep 3:
	0 # 46
	1 # 16
	2 # 37
	3 # 17
	4 # 38
	5 # 50
	6 # 34
	7 # 43
Timestep 4:
	0 # 47
	1 # 17
	2 # 38
	3 # 24
	4 # 31
	5 # 58
	6 # 33
	7 # 43
Timestep 5:
	0 # 48
	1 # 18
	2 # 31
	3 # 32
	4 # 23
	5 # 50
	6 # 34
	7 # 42
Timestep 6:
	0 # 47
	1 # 25
	2 # 32
	3 # 33
	4 # 24
	5 # 50
	6 # 40
	7 # 42
Timestep 7:
	0 # 46
	1 # 24
	2 # 33
	3 # 34
	4 # 17
	5 # 51
	6 # 48
	7 # 42
Timestep 8:
	0 # 39
	1 # 24
	2 # 34
	3 # 26
	4 # 18
	5 # 50
	6 # 56
	7 # 42
Timestep 9:
	0 # 32
	1 # 17
	2 # 35
	3 # 26
	4 # 19
	5 # 58
	6 # 55
	7 # 36
Timestep 10:
	0 # 33
	1 # 18
	2 # 41
	3 # 34
	4 # 20
	5 # 57
	6 # 54
	7 # 28
Timestep 11:
	0 # 33
	1 # 18
	2 # 49
	3 # 35
	4 # 12
	5 # 56
	6 # 53
	7 # 29
Timestep 12:
	0 # 25
	1 # 17
	2 # 50
	3 # 36
	4 # 13
	5 # 55
	6 # 52
	7 # 29
Timestep 13:
	0 # 18
	1 # 16
	2 # 50
	3 # 36
	4 # 14
	5 # 54
	6 # 44
	7 # 21

