Solution makespan:11
Timestep 0:
	0 # 16
	1 # 8
	2 # 53
	3 # 14
	4 # 2
	5 # 55
	6 # 24
	7 # 6
Timestep 1:
	0 # 17
	1 # 7
	2 # 53
	3 # 15
	4 # 10
	5 # 47
	6 # 23
	7 # 6
Timestep 2:
	0 # 17
	1 # 0
	2 # 45
	3 # 15
	4 # 9
	5 # 48
	6 # 30
	7 # 7
Timestep 3:
	0 # 18
	1 # 1
	2 # 38
	3 # 14
	4 # 16
	5 # 48
	6 # 30
	7 # 8
Timestep 4:
	0 # 11
	1 # 8
	2 # 31
	3 # 6
	4 # 23
	5 # 47
	6 # 29
	7 # 9
Timestep 5:
	0 # 11
	1 # 9
	2 # 31
	3 # 7
	4 # 22
	5 # 55
	6 # 29
	7 # 10
Timestep 6:
	0 # 18
	1 # 10
	2 # 38
	3 # 15
	4 # 21
	5 # 55
	6 # 30
	7 # 17
Timestep 7:
	0 # 25
	1 # 11
	2 # 39
	3 # 7
	4 # 20
	5 # 47
	6 # 30
	7 # 16
Timestep 8:
	0 # 32
	1 # 12
	2 # 40
	3 # 15
	4 # 27
	5 # 55
	6 # 31
	7 # 9
Timestep 9:
	0 # 39
	1 # 13
	2 # 40
	3 # 21
	4 # 35
	5 # 47
	6 # 32
	7 # 9
Timestep 10:
	0 # 39
	1 # 19
	2 # 41
	3 # 22
	4 # 42
	5 # 47
	6 # 33
	7 # 8
Timestep 11:
	0 # 46
	1 # 26
	2 # 48
	3 # 23
	4 # 49
	5 # 55
	6 # 34
	7 # 1

