Solution makespan:12
Timestep 0:
	0 # 33
	1 # 30
	2 # 19
	3 # 44
	4 # 3
	5 # 27
	6 # 28
	7 # 12
	8 # 24
	9 # 11
	10 # 20
	11 # 9
	12 # 26
	13 # 0
	14 # 13
	15 # 6
	16 # 23
	17 # 15
	18 # 41
	19 # 38
	20 # 49
	21 # 45
	22 # 50
	23 # 16
	24 # 51
	25 # 22
	26 # 17
	27 # 8
Timestep 1:
	0 # 32
	1 # 37
	2 # 26
	3 # 43
	4 # 3
	5 # 23
	6 # 35
	7 # 12
	8 # 24
	9 # 18
	10 # 20
	11 # 10
	12 # 25
	13 # 6
	14 # 13
	15 # 14
	16 # 17
	17 # 7
	18 # 48
	19 # 45
	20 # 42
	21 # 44
	22 # 49
	23 # 8
	24 # 50
	25 # 21
	26 # 9
	27 # 2
Timestep 2:
	0 # 40
	1 # 38
	2 # 30
	3 # 51
	4 # 10
	5 # 22
	6 # 35
	7 # 19
	8 # 28
	9 # 25
	10 # 20
	11 # 11
	12 # 29
	13 # 0
	14 # 12
	15 # 6
	16 # 23
	17 # 1
	18 # 48
	19 # 44
	20 # 34
	21 # 37
	22 # 42
	23 # 7
	24 # 49
	25 # 21
	26 # 9
	27 # 8
Timestep 3:
	0 # 39
	1 # 38
	2 # 26
	3 # 50
	4 # 9
	5 # 21
	6 # 35
	7 # 18
	8 # 29
	9 # 24
	10 # 14
	11 # 11
	12 # 36
	13 # 0
	14 # 19
	15 # 6
	16 # 27
	17 # 7
	18 # 47
	19 # 43
	20 # 34
	21 # 30
	22 # 41
	23 # 15
	24 # 48
	25 # 20
	26 # 17
	27 # 16
Timestep 4:
	0 # 46
	1 # 38
	2 # 19
	3 # 49
	4 # 8
	5 # 21
	6 # 36
	7 # 25
	8 # 30
	9 # 28
	10 # 14
	11 # 12
	12 # 37
	13 # 1
	14 # 18
	15 # 6
	16 # 34
	17 # 7
	18 # 48
	19 # 43
	20 # 42
	21 # 26
	22 # 40
	23 # 16
	24 # 41
	25 # 20
	26 # 23
	27 # 22
Timestep 5:
	0 # 46
	1 # 37
	2 # 12
	3 # 42
	4 # 16
	5 # 21
	6 # 43
	7 # 29
	8 # 26
	9 # 35
	10 # 14
	11 # 4
	12 # 30
	13 # 1
	14 # 25
	15 # 7
	16 # 33
	17 # 15
	18 # 49
	19 # 44
	20 # 41
	21 # 19
	22 # 39
	23 # 17
	24 # 40
	25 # 20
	26 # 27
	27 # 23
Timestep 6:
	0 # 39
	1 # 30
	2 # 11
	3 # 41
	4 # 22
	5 # 20
	6 # 44
	7 # 36
	8 # 19
	9 # 34
	10 # 6
	11 # 4
	12 # 26
	13 # 2
	14 # 29
	15 # 8
	16 # 32
	17 # 16
	18 # 50
	19 # 45
	20 # 33
	21 # 12
	22 # 31
	23 # 23
	24 # 47
	25 # 14
	26 # 28
	27 # 24
Timestep 7:
	0 # 39
	1 # 26
	2 # 10
	3 # 48
	4 # 23
	5 # 20
	6 # 37
	7 # 43
	8 # 18
	9 # 42
	10 # 6
	11 # 12
	12 # 19
	13 # 1
	14 # 36
	15 # 16
	16 # 40
	17 # 17
	18 # 51
	19 # 45
	20 # 34
	21 # 11
	22 # 31
	23 # 27
	24 # 47
	25 # 15
	26 # 28
	27 # 25
Timestep 8:
	0 # 39
	1 # 26
	2 # 9
	3 # 47
	4 # 24
	5 # 14
	6 # 30
	7 # 44
	8 # 11
	9 # 49
	10 # 7
	11 # 19
	12 # 18
	13 # 1
	14 # 43
	15 # 22
	16 # 41
	17 # 23
	18 # 52
	19 # 45
	20 # 35
	21 # 10
	22 # 32
	23 # 34
	24 # 46
	25 # 16
	26 # 28
	27 # 29
Timestep 9:
	0 # 31
	1 # 19
	2 # 8
	3 # 40
	4 # 25
	5 # 6
	6 # 26
	7 # 52
	8 # 10
	9 # 48
	10 # 15
	11 # 18
	12 # 11
	13 # 7
	14 # 51
	15 # 23
	16 # 33
	17 # 27
	18 # 53
	19 # 45
	20 # 28
	21 # 9
	22 # 32
	23 # 35
	24 # 47
	25 # 16
	26 # 24
	27 # 36
Timestep 10:
	0 # 31
	1 # 12
	2 # 7
	3 # 39
	4 # 29
	5 # 14
	6 # 26
	7 # 52
	8 # 9
	9 # 41
	10 # 16
	11 # 19
	12 # 11
	13 # 6
	14 # 50
	15 # 27
	16 # 33
	17 # 34
	18 # 45
	19 # 44
	20 # 28
	21 # 8
	22 # 40
	23 # 36
	24 # 48
	25 # 22
	26 # 25
	27 # 43
Timestep 11:
	0 # 32
	1 # 13
	2 # 7
	3 # 46
	4 # 36
	5 # 15
	6 # 25
	7 # 52
	8 # 8
	9 # 40
	10 # 17
	11 # 26
	12 # 11
	13 # 14
	14 # 50
	15 # 28
	16 # 34
	17 # 42
	18 # 38
	19 # 45
	20 # 24
	21 # 2
	22 # 47
	23 # 37
	24 # 41
	25 # 21
	26 # 18
	27 # 43
Timestep 12:
	0 # 33
	1 # 5
	2 # 6
	3 # 47
	4 # 43
	5 # 15
	6 # 24
	7 # 53
	8 # 2
	9 # 32
	10 # 16
	11 # 30
	12 # 12
	13 # 14
	14 # 50
	15 # 35
	16 # 42
	17 # 49
	18 # 37
	19 # 45
	20 # 23
	21 # 1
	22 # 48
	23 # 44
	24 # 41
	25 # 20
	26 # 18
	27 # 51

