Solution makespan:9
Timestep 0:
	0 # 12
	1 # 6
	2 # 31
	3 # 28
	4 # 1
	5 # 25
	6 # 49
	7 # 27
	8 # 46
	9 # 39
	10 # 30
	11 # 48
	12 # 36
	13 # 8
	14 # 17
	15 # 33
	16 # 11
	17 # 53
	18 # 18
	19 # 52
Timestep 1:
	0 # 11
	1 # 12
	2 # 31
	3 # 29
	4 # 8
	5 # 24
	6 # 48
	7 # 26
	8 # 54
	9 # 32
	10 # 23
	11 # 40
	12 # 37
	13 # 9
	14 # 17
	15 # 34
	16 # 5
	17 # 45
	18 # 19
	19 # 51
Timestep 2:
	0 # 5
	1 # 20
	2 # 32
	3 # 30
	4 # 14
	5 # 17
	6 # 47
	7 # 25
	8 # 53
	9 # 24
	10 # 15
	11 # 41
	12 # 38
	13 # 8
	14 # 10
	15 # 34
	16 # 6
	17 # 46
	18 # 26
	19 # 52
Timestep 3:
	0 # 6
	1 # 19
	2 # 33
	3 # 31
	4 # 22
	5 # 16
	6 # 55
	7 # 24
	8 # 45
	9 # 17
	10 # 9
	11 # 34
	12 # 39
	13 # 14
	14 # 10
	15 # 35
	16 # 12
	17 # 47
	18 # 27
	19 # 52
Timestep 4:
	0 # 5
	1 # 18
	2 # 33
	3 # 38
	4 # 21
	5 # 15
	6 # 55
	7 # 17
	8 # 37
	9 # 16
	10 # 9
	11 # 34
	12 # 32
	13 # 22
	14 # 10
	15 # 35
	16 # 20
	17 # 48
	18 # 26
	19 # 52
Timestep 5:
	0 # 5
	1 # 17
	2 # 40
	3 # 39
	4 # 28
	5 # 9
	6 # 54
	7 # 16
	8 # 30
	9 # 15
	10 # 2
	11 # 26
	12 # 24
	13 # 23
	14 # 10
	15 # 42
	16 # 19
	17 # 49
	18 # 25
	19 # 53
Timestep 6:
	0 # 5
	1 # 16
	2 # 33
	3 # 40
	4 # 29
	5 # 9
	6 # 53
	7 # 15
	8 # 30
	9 # 14
	10 # 3
	11 # 19
	12 # 24
	13 # 23
	14 # 17
	15 # 42
	16 # 20
	17 # 56
	18 # 25
	19 # 45
Timestep 7:
	0 # 6
	1 # 15
	2 # 32
	3 # 48
	4 # 28
	5 # 9
	6 # 52
	7 # 14
	8 # 29
	9 # 8
	10 # 4
	11 # 20
	12 # 17
	13 # 30
	14 # 18
	15 # 41
	16 # 27
	17 # 57
	18 # 26
	19 # 37
Timestep 8:
	0 # 12
	1 # 14
	2 # 33
	3 # 49
	4 # 28
	5 # 2
	6 # 44
	7 # 8
	8 # 36
	9 # 1
	10 # 10
	11 # 27
	12 # 24
	13 # 31
	14 # 19
	15 # 40
	16 # 35
	17 # 50
	18 # 34
	19 # 30
Timestep 9:
	0 # 6
	1 # 13
	2 # 34
	3 # 49
	4 # 29
	5 # 3
	6 # 43
	7 # 8
	8 # 37
	9 # 0
	10 # 17
	11 # 27
	12 # 24
	13 # 38
	14 # 26
	15 # 48
	16 # 42
	17 # 57
	18 # 41
	19 # 23

