Solution makespan:10
Timestep 0:
	0 # 57
	1 # 31
	2 # 36
	3 # 30
	4 # 14
	5 # 54
	6 # 15
	7 # 34
	8 # 27
	9 # 55
	10 # 11
	11 # 8
	12 # 18
	13 # 6
	14 # 51
	15 # 17
	16 # 59
	17 # 49
	18 # 29
	19 # 39
	20 # 47
	21 # 41
	22 # 53
	23 # 26
	24 # 2
	25 # 32
	26 # 23
	27 # 45
	28 # 42
	29 # 43
	30 # 5
	31 # 50
Timestep 1:
	0 # 58
	1 # 32
	2 # 36
	3 # 24
	4 # 13
	5 # 55
	6 # 14
	7 # 28
	8 # 27
	9 # 48
	10 # 12
	11 # 8
	12 # 26
	13 # 7
	14 # 50
	15 # 9
	16 # 52
	17 # 49
	18 # 29
	19 # 38
	20 # 47
	21 # 33
	22 # 53
	23 # 25
	24 # 1
	25 # 40
	26 # 15
	27 # 44
	28 # 41
	29 # 35
	30 # 4
	31 # 42
Timestep 2:
	0 # 59
	1 # 32
	2 # 35
	3 # 16
	4 # 21
	5 # 48
	6 # 22
	7 # 20
	8 # 19
	9 # 40
	10 # 4
	11 # 9
	12 # 25
	13 # 6
	14 # 57
	15 # 10
	16 # 51
	17 # 50
	18 # 36
	19 # 46
	20 # 47
	21 # 27
	22 # 52
	23 # 24
	24 # 0
	25 # 39
	26 # 14
	27 # 43
	28 # 33
	29 # 34
	30 # 3
	31 # 41
Timestep 3:
	0 # 52
	1 # 26
	2 # 34
	3 # 8
	4 # 20
	5 # 49
	6 # 29
	7 # 19
	8 # 18
	9 # 32
	10 # 5
	11 # 1
	12 # 31
	13 # 6
	14 # 58
	15 # 2
	16 # 43
	17 # 51
	18 # 37
	19 # 47
	20 # 54
	21 # 27
	22 # 44
	23 # 16
	24 # 0
	25 # 38
	26 # 13
	27 # 35
	28 # 33
	29 # 28
	30 # 11
	31 # 42
Timestep 4:
	0 # 53
	1 # 25
	2 # 33
	3 # 9
	4 # 19
	5 # 56
	6 # 36
	7 # 18
	8 # 17
	9 # 26
	10 # 6
	11 # 2
	12 # 32
	13 # 7
	14 # 57
	15 # 3
	16 # 35
	17 # 52
	18 # 37
	19 # 47
	20 # 54
	21 # 28
	22 # 43
	23 # 16
	24 # 8
	25 # 30
	26 # 12
	27 # 34
	28 # 41
	29 # 20
	30 # 10
	31 # 50
Timestep 5:
	0 # 45
	1 # 26
	2 # 32
	3 # 1
	4 # 27
	5 # 56
	6 # 44
	7 # 17
	8 # 9
	9 # 18
	10 # 14
	11 # 3
	12 # 40
	13 # 15
	14 # 57
	15 # 4
	16 # 34
	17 # 52
	18 # 36
	19 # 39
	20 # 47
	21 # 20
	22 # 35
	23 # 8
	24 # 0
	25 # 38
	26 # 11
	27 # 28
	28 # 49
	29 # 12
	30 # 10
	31 # 51
Timestep 6:
	0 # 53
	1 # 27
	2 # 32
	3 # 2
	4 # 33
	5 # 49
	6 # 52
	7 # 17
	8 # 1
	9 # 19
	10 # 22
	11 # 4
	12 # 41
	13 # 23
	14 # 56
	15 # 5
	16 # 28
	17 # 51
	18 # 36
	19 # 31
	20 # 39
	21 # 21
	22 # 34
	23 # 9
	24 # 0
	25 # 38
	26 # 11
	27 # 20
	28 # 48
	29 # 12
	30 # 18
	31 # 50
Timestep 7:
	0 # 53
	1 # 28
	2 # 31
	3 # 3
	4 # 32
	5 # 41
	6 # 59
	7 # 25
	8 # 1
	9 # 19
	10 # 29
	11 # 5
	12 # 42
	13 # 23
	14 # 57
	15 # 6
	16 # 20
	17 # 52
	18 # 44
	19 # 30
	20 # 38
	21 # 13
	22 # 33
	23 # 17
	24 # 0
	25 # 46
	26 # 10
	27 # 12
	28 # 55
	29 # 11
	30 # 26
	31 # 50
Timestep 8:
	0 # 52
	1 # 34
	2 # 39
	3 # 4
	4 # 40
	5 # 33
	6 # 59
	7 # 25
	8 # 9
	9 # 20
	10 # 36
	11 # 5
	12 # 43
	13 # 23
	14 # 57
	15 # 7
	16 # 12
	17 # 51
	18 # 45
	19 # 31
	20 # 46
	21 # 21
	22 # 32
	23 # 18
	24 # 0
	25 # 47
	26 # 2
	27 # 11
	28 # 48
	29 # 10
	30 # 27
	31 # 42
Timestep 9:
	0 # 59
	1 # 35
	2 # 39
	3 # 5
	4 # 41
	5 # 27
	6 # 58
	7 # 26
	8 # 17
	9 # 12
	10 # 37
	11 # 13
	12 # 44
	13 # 23
	14 # 50
	15 # 15
	16 # 11
	17 # 51
	18 # 53
	19 # 30
	20 # 46
	21 # 20
	22 # 31
	23 # 10
	24 # 0
	25 # 47
	26 # 1
	27 # 3
	28 # 40
	29 # 9
	30 # 28
	31 # 43
Timestep 10:
	0 # 59
	1 # 36
	2 # 31
	3 # 6
	4 # 49
	5 # 19
	6 # 57
	7 # 27
	8 # 16
	9 # 4
	10 # 37
	11 # 12
	12 # 45
	13 # 23
	14 # 51
	15 # 14
	16 # 10
	17 # 52
	18 # 53
	19 # 24
	20 # 38
	21 # 28
	22 # 30
	23 # 2
	24 # 8
	25 # 48
	26 # 0
	27 # 3
	28 # 39
	29 # 17
	30 # 34
	31 # 35

