Solution makespan:10
Timestep 0:
	0 # 11
	1 # 52
	2 # 29
	3 # 4
	4 # 38
	5 # 30
	6 # 12
	7 # 56
	8 # 10
	9 # 50
	10 # 16
	11 # 54
Timestep 1:
	0 # 18
	1 # 52
	2 # 30
	3 # 12
	4 # 38
	5 # 36
	6 # 11
	7 # 57
	8 # 9
	9 # 49
	10 # 24
	11 # 54
Timestep 2:
	0 # 17
	1 # 45
	2 # 22
	3 # 19
	4 # 39
	5 # 42
	6 # 11
	7 # 50
	8 # 10
	9 # 41
	10 # 16
	11 # 55
Timestep 3:
	0 # 25
	1 # 39
	2 # 21
	3 # 27
	4 # 33
	5 # 41
	6 # 18
	7 # 42
	8 # 11
	9 # 35
	10 # 24
	11 # 56
Timestep 4:
	0 # 24
	1 # 45
	2 # 20
	3 # 26
	4 # 25
	5 # 49
	6 # 11
	7 # 41
	8 # 12
	9 # 29
	10 # 32
	11 # 57
Timestep 5:
	0 # 24
	1 # 46
	2 # 13
	3 # 25
	4 # 17
	5 # 48
	6 # 10
	7 # 35
	8 # 19
	9 # 29
	10 # 38
	11 # 57
Timestep 6:
	0 # 23
	1 # 53
	2 # 12
	3 # 33
	4 # 16
	5 # 47
	6 # 17
	7 # 29
	8 # 20
	9 # 28
	10 # 44
	11 # 50
Timestep 7:
	0 # 31
	1 # 53
	2 # 12
	3 # 39
	4 # 9
	5 # 46
	6 # 25
	7 # 28
	8 # 21
	9 # 20
	10 # 51
	11 # 42
Timestep 8:
	0 # 23
	1 # 46
	2 # 11
	3 # 39
	4 # 9
	5 # 45
	6 # 17
	7 # 28
	8 # 29
	9 # 19
	10 # 51
	11 # 36
Timestep 9:
	0 # 15
	1 # 46
	2 # 11
	3 # 45
	4 # 9
	5 # 44
	6 # 10
	7 # 28
	8 # 35
	9 # 27
	10 # 51
	11 # 30
Timestep 10:
	0 # 16
	1 # 45
	2 # 10
	3 # 52
	4 # 1
	5 # 43
	6 # 9
	7 # 27
	8 # 41
	9 # 19
	10 # 44
	11 # 36

