Solution makespan:8
Timestep 0:
	0 # 43
	1 # 11
	2 # 32
	3 # 40
	4 # 46
	5 # 8
	6 # 26
	7 # 28
	8 # 49
	9 # 41
	10 # 16
	11 # 18
	12 # 22
	13 # 23
	14 # 3
	15 # 56
Timestep 1:
	0 # 43
	1 # 19
	2 # 40
	3 # 39
	4 # 51
	5 # 8
	6 # 27
	7 # 20
	8 # 49
	9 # 41
	10 # 24
	11 # 26
	12 # 30
	13 # 15
	14 # 2
	15 # 56
Timestep 2:
	0 # 43
	1 # 18
	2 # 39
	3 # 38
	4 # 52
	5 # 16
	6 # 28
	7 # 19
	8 # 48
	9 # 33
	10 # 32
	11 # 34
	12 # 31
	13 # 7
	14 # 2
	15 # 56
Timestep 3:
	0 # 35
	1 # 26
	2 # 39
	3 # 46
	4 # 53
	5 # 16
	6 # 28
	7 # 18
	8 # 47
	9 # 25
	10 # 40
	11 # 42
	12 # 32
	13 # 2
	14 # 3
	15 # 56
Timestep 4:
	0 # 36
	1 # 18
	2 # 40
	3 # 38
	4 # 53
	5 # 15
	6 # 27
	7 # 17
	8 # 47
	9 # 24
	10 # 41
	11 # 48
	12 # 33
	13 # 2
	14 # 8
	15 # 56
Timestep 5:
	0 # 28
	1 # 10
	2 # 40
	3 # 39
	4 # 53
	5 # 14
	6 # 26
	7 # 16
	8 # 47
	9 # 32
	10 # 41
	11 # 54
	12 # 34
	13 # 1
	14 # 7
	15 # 55
Timestep 6:
	0 # 20
	1 # 11
	2 # 41
	3 # 38
	4 # 52
	5 # 22
	6 # 25
	7 # 15
	8 # 47
	9 # 33
	10 # 42
	11 # 55
	12 # 35
	13 # 0
	14 # 2
	15 # 49
Timestep 7:
	0 # 12
	1 # 5
	2 # 42
	3 # 46
	4 # 53
	5 # 21
	6 # 24
	7 # 15
	8 # 47
	9 # 25
	10 # 34
	11 # 55
	12 # 36
	13 # 1
	14 # 3
	15 # 43
Timestep 8:
	0 # 20
	1 # 6
	2 # 48
	3 # 51
	4 # 52
	5 # 29
	6 # 32
	7 # 7
	8 # 47
	9 # 17
	10 # 35
	11 # 56
	12 # 44
	13 # 2
	14 # 4
	15 # 49

