Solution makespan:13
Timestep 0:
	0 # 5
	1 # 24
	2 # 28
	3 # 40
	4 # 30
	5 # 12
	6 # 36
	7 # 52
	8 # 19
	9 # 51
	10 # 29
	11 # 15
	12 # 4
	13 # 17
	14 # 9
	15 # 39
Timestep 1:
	0 # 5
	1 # 24
	2 # 21
	3 # 39
	4 # 22
	5 # 13
	6 # 37
	7 # 53
	8 # 26
	9 # 50
	10 # 36
	11 # 16
	12 # 3
	13 # 18
	14 # 10
	15 # 46
Timestep 2:
	0 # 4
	1 # 32
	2 # 20
	3 # 38
	4 # 15
	5 # 14
	6 # 44
	7 # 54
	8 # 27
	9 # 49
	10 # 36
	11 # 17
	12 # 2
	13 # 25
	14 # 11
	15 # 46
Timestep 3:
	0 # 3
	1 # 31
	2 # 27
	3 # 37
	4 # 8
	5 # 6
	6 # 50
	7 # 48
	8 # 28
	9 # 43
	10 # 29
	11 # 18
	12 # 1
	13 # 24
	14 # 12
	15 # 39
Timestep 4:
	0 # 2
	1 # 23
	2 # 28
	3 # 37
	4 # 1
	5 # 14
	6 # 50
	7 # 41
	8 # 21
	9 # 36
	10 # 30
	11 # 11
	12 # 0
	13 # 24
	14 # 19
	15 # 39
Timestep 5:
	0 # 9
	1 # 16
	2 # 35
	3 # 36
	4 # 1
	5 # 6
	6 # 44
	7 # 34
	8 # 14
	9 # 29
	10 # 31
	11 # 11
	12 # 0
	13 # 17
	14 # 26
	15 # 32
Timestep 6:
	0 # 16
	1 # 23
	2 # 42
	3 # 29
	4 # 2
	5 # 6
	6 # 37
	7 # 27
	8 # 21
	9 # 30
	10 # 38
	11 # 18
	12 # 0
	13 # 10
	14 # 33
	15 # 31
Timestep 7:
	0 # 16
	1 # 24
	2 # 35
	3 # 29
	4 # 2
	5 # 14
	6 # 30
	7 # 20
	8 # 28
	9 # 22
	10 # 45
	11 # 25
	12 # 1
	13 # 3
	14 # 34
	15 # 31
Timestep 8:
	0 # 23
	1 # 17
	2 # 34
	3 # 36
	4 # 2
	5 # 21
	6 # 22
	7 # 13
	8 # 28
	9 # 15
	10 # 38
	11 # 24
	12 # 8
	13 # 3
	14 # 41
	15 # 30
Timestep 9:
	0 # 22
	1 # 18
	2 # 33
	3 # 29
	4 # 1
	5 # 28
	6 # 15
	7 # 12
	8 # 27
	9 # 16
	10 # 37
	11 # 23
	12 # 9
	13 # 2
	14 # 48
	15 # 31
Timestep 10:
	0 # 30
	1 # 19
	2 # 26
	3 # 36
	4 # 1
	5 # 35
	6 # 8
	7 # 11
	8 # 34
	9 # 23
	10 # 44
	11 # 22
	12 # 10
	13 # 2
	14 # 47
	15 # 38
Timestep 11:
	0 # 37
	1 # 12
	2 # 33
	3 # 43
	4 # 2
	5 # 42
	6 # 7
	7 # 10
	8 # 27
	9 # 31
	10 # 50
	11 # 30
	12 # 17
	13 # 9
	14 # 48
	15 # 45
Timestep 12:
	0 # 37
	1 # 12
	2 # 34
	3 # 49
	4 # 3
	5 # 41
	6 # 0
	7 # 9
	8 # 26
	9 # 38
	10 # 51
	11 # 29
	12 # 24
	13 # 8
	14 # 47
	15 # 44
Timestep 13:
	0 # 44
	1 # 5
	2 # 35
	3 # 50
	4 # 3
	5 # 48
	6 # 0
	7 # 8
	8 # 33
	9 # 45
	10 # 51
	11 # 36
	12 # 25
	13 # 15
	14 # 53
	15 # 43

