Solution makespan:10
Timestep 0:
	0 # 4
	1 # 5
	2 # 57
	3 # 43
	4 # 26
	5 # 25
	6 # 8
	7 # 38
	8 # 33
	9 # 7
	10 # 32
	11 # 50
	12 # 16
	13 # 1
	14 # 48
	15 # 11
	16 # 34
	17 # 10
	18 # 41
	19 # 47
	20 # 13
	21 # 55
	22 # 0
	23 # 20
	24 # 40
	25 # 19
	26 # 56
	27 # 29
	28 # 30
	29 # 44
	30 # 42
	31 # 9
Timestep 1:
	0 # 5
	1 # 6
	2 # 56
	3 # 43
	4 # 27
	5 # 17
	6 # 14
	7 # 39
	8 # 26
	9 # 7
	10 # 32
	11 # 50
	12 # 24
	13 # 1
	14 # 49
	15 # 11
	16 # 35
	17 # 10
	18 # 33
	19 # 48
	20 # 21
	21 # 54
	22 # 8
	23 # 20
	24 # 41
	25 # 18
	26 # 55
	27 # 30
	28 # 37
	29 # 36
	30 # 34
	31 # 9
Timestep 2:
	0 # 5
	1 # 12
	2 # 48
	3 # 35
	4 # 34
	5 # 10
	6 # 15
	7 # 46
	8 # 19
	9 # 7
	10 # 39
	11 # 43
	12 # 25
	13 # 2
	14 # 57
	15 # 18
	16 # 28
	17 # 3
	18 # 26
	19 # 41
	20 # 13
	21 # 53
	22 # 14
	23 # 20
	24 # 42
	25 # 17
	26 # 54
	27 # 31
	28 # 45
	29 # 37
	30 # 33
	31 # 1
Timestep 3:
	0 # 4
	1 # 20
	2 # 41
	3 # 35
	4 # 42
	5 # 10
	6 # 14
	7 # 47
	8 # 18
	9 # 6
	10 # 40
	11 # 50
	12 # 25
	13 # 1
	14 # 56
	15 # 17
	16 # 27
	17 # 2
	18 # 19
	19 # 33
	20 # 13
	21 # 52
	22 # 22
	23 # 21
	24 # 49
	25 # 16
	26 # 54
	27 # 32
	28 # 37
	29 # 30
	30 # 26
	31 # 0
Timestep 4:
	0 # 3
	1 # 27
	2 # 33
	3 # 28
	4 # 49
	5 # 10
	6 # 14
	7 # 47
	8 # 11
	9 # 5
	10 # 41
	11 # 43
	12 # 24
	13 # 9
	14 # 56
	15 # 17
	16 # 34
	17 # 1
	18 # 18
	19 # 26
	20 # 12
	21 # 45
	22 # 29
	23 # 13
	24 # 57
	25 # 15
	26 # 54
	27 # 39
	28 # 30
	29 # 23
	30 # 19
	31 # 0
Timestep 5:
	0 # 4
	1 # 34
	2 # 26
	3 # 21
	4 # 57
	5 # 3
	6 # 22
	7 # 48
	8 # 10
	9 # 6
	10 # 42
	11 # 35
	12 # 31
	13 # 9
	14 # 55
	15 # 16
	16 # 33
	17 # 1
	18 # 17
	19 # 19
	20 # 20
	21 # 37
	22 # 30
	23 # 12
	24 # 56
	25 # 14
	26 # 53
	27 # 40
	28 # 23
	29 # 15
	30 # 18
	31 # 8
Timestep 6:
	0 # 4
	1 # 42
	2 # 26
	3 # 13
	4 # 56
	5 # 3
	6 # 29
	7 # 48
	8 # 10
	9 # 7
	10 # 49
	11 # 35
	12 # 38
	13 # 8
	14 # 54
	15 # 24
	16 # 33
	17 # 2
	18 # 25
	19 # 18
	20 # 27
	21 # 37
	22 # 31
	23 # 20
	24 # 55
	25 # 22
	26 # 52
	27 # 40
	28 # 15
	29 # 9
	30 # 17
	31 # 0
Timestep 7:
	0 # 5
	1 # 42
	2 # 19
	3 # 12
	4 # 55
	5 # 3
	6 # 30
	7 # 56
	8 # 10
	9 # 13
	10 # 49
	11 # 28
	12 # 39
	13 # 8
	14 # 53
	15 # 23
	16 # 34
	17 # 2
	18 # 25
	19 # 18
	20 # 26
	21 # 38
	22 # 32
	23 # 27
	24 # 54
	25 # 29
	26 # 45
	27 # 41
	28 # 16
	29 # 15
	30 # 17
	31 # 1
Timestep 8:
	0 # 6
	1 # 49
	2 # 19
	3 # 20
	4 # 54
	5 # 3
	6 # 31
	7 # 55
	8 # 11
	9 # 7
	10 # 57
	11 # 21
	12 # 40
	13 # 14
	14 # 52
	15 # 30
	16 # 35
	17 # 2
	18 # 25
	19 # 17
	20 # 26
	21 # 38
	22 # 39
	23 # 34
	24 # 46
	25 # 36
	26 # 37
	27 # 33
	28 # 24
	29 # 9
	30 # 16
	31 # 0
Timestep 9:
	0 # 12
	1 # 49
	2 # 26
	3 # 21
	4 # 53
	5 # 10
	6 # 32
	7 # 54
	8 # 4
	9 # 6
	10 # 56
	11 # 13
	12 # 41
	13 # 22
	14 # 51
	15 # 29
	16 # 43
	17 # 3
	18 # 17
	19 # 16
	20 # 27
	21 # 37
	22 # 40
	23 # 42
	24 # 46
	25 # 44
	26 # 30
	27 # 34
	28 # 31
	29 # 9
	30 # 15
	31 # 0
Timestep 10:
	0 # 20
	1 # 48
	2 # 19
	3 # 28
	4 # 52
	5 # 11
	6 # 25
	7 # 53
	8 # 5
	9 # 12
	10 # 55
	11 # 7
	12 # 33
	13 # 29
	14 # 51
	15 # 36
	16 # 50
	17 # 10
	18 # 16
	19 # 24
	20 # 34
	21 # 45
	22 # 47
	23 # 49
	24 # 54
	25 # 44
	26 # 31
	27 # 35
	28 # 38
	29 # 9
	30 # 14
	31 # 8

