Solution makespan:10
Timestep 0:
	0 # 0
	1 # 10
	2 # 48
	3 # 15
	4 # 28
	5 # 46
	6 # 2
	7 # 17
Timestep 1:
	0 # 1
	1 # 11
	2 # 56
	3 # 21
	4 # 36
	5 # 47
	6 # 3
	7 # 10
Timestep 2:
	0 # 8
	1 # 12
	2 # 55
	3 # 28
	4 # 43
	5 # 39
	6 # 4
	7 # 17
Timestep 3:
	0 # 9
	1 # 18
	2 # 56
	3 # 28
	4 # 44
	5 # 32
	6 # 12
	7 # 16
Timestep 4:
	0 # 10
	1 # 25
	2 # 48
	3 # 28
	4 # 45
	5 # 32
	6 # 18
	7 # 23
Timestep 5:
	0 # 11
	1 # 33
	2 # 56
	3 # 28
	4 # 46
	5 # 24
	6 # 25
	7 # 23
Timestep 6:
	0 # 12
	1 # 34
	2 # 55
	3 # 29
	4 # 47
	5 # 24
	6 # 33
	7 # 16
Timestep 7:
	0 # 13
	1 # 35
	2 # 55
	3 # 37
	4 # 48
	5 # 25
	6 # 32
	7 # 17
Timestep 8:
	0 # 19
	1 # 27
	2 # 47
	3 # 29
	4 # 49
	5 # 25
	6 # 31
	7 # 10
Timestep 9:
	0 # 26
	1 # 27
	2 # 39
	3 # 28
	4 # 41
	5 # 24
	6 # 30
	7 # 2
Timestep 10:
	0 # 34
	1 # 20
	2 # 47
	3 # 36
	4 # 42
	5 # 24
	6 # 29
	7 # 2

