Solution makespan:11
Timestep 0:
	0 # 15
	1 # 24
	2 # 44
	3 # 37
	4 # 49
	5 # 16
	6 # 4
	7 # 10
Timestep 1:
	0 # 8
	1 # 24
	2 # 38
	3 # 37
	4 # 54
	5 # 23
	6 # 4
	7 # 9
Timestep 2:
	0 # 9
	1 # 25
	2 # 39
	3 # 37
	4 # 53
	5 # 30
	6 # 12
	7 # 16
Timestep 3:
	0 # 10
	1 # 17
	2 # 31
	3 # 38
	4 # 48
	5 # 30
	6 # 18
	7 # 9
Timestep 4:
	0 # 11
	1 # 17
	2 # 32
	3 # 38
	4 # 47
	5 # 31
	6 # 26
	7 # 1
Timestep 5:
	0 # 17
	1 # 18
	2 # 33
	3 # 37
	4 # 41
	5 # 32
	6 # 26
	7 # 1
Timestep 6:
	0 # 25
	1 # 18
	2 # 34
	3 # 38
	4 # 42
	5 # 33
	6 # 27
	7 # 2
Timestep 7:
	0 # 25
	1 # 12
	2 # 41
	3 # 30
	4 # 35
	5 # 40
	6 # 28
	7 # 3
Timestep 8:
	0 # 26
	1 # 18
	2 # 47
	3 # 30
	4 # 34
	5 # 41
	6 # 29
	7 # 3
Timestep 9:
	0 # 27
	1 # 26
	2 # 48
	3 # 23
	4 # 33
	5 # 47
	6 # 36
	7 # 11
Timestep 10:
	0 # 27
	1 # 18
	2 # 53
	3 # 23
	4 # 32
	5 # 48
	6 # 43
	7 # 10
Timestep 11:
	0 # 28
	1 # 19
	2 # 54
	3 # 24
	4 # 31
	5 # 49
	6 # 36
	7 # 11

