Solution makespan:9
Timestep 0:
	0 # 19
	1 # 8
	2 # 23
	3 # 12
	4 # 45
	5 # 4
	6 # 25
	7 # 11
	8 # 53
	9 # 26
	10 # 16
	11 # 1
	12 # 38
	13 # 10
	14 # 46
	15 # 22
	16 # 37
	17 # 48
	18 # 36
	19 # 2
	20 # 44
	21 # 9
	22 # 43
	23 # 32
Timestep 1:
	0 # 20
	1 # 16
	2 # 15
	3 # 11
	4 # 52
	5 # 4
	6 # 26
	7 # 3
	8 # 54
	9 # 33
	10 # 24
	11 # 7
	12 # 39
	13 # 18
	14 # 53
	15 # 23
	16 # 29
	17 # 47
	18 # 36
	19 # 10
	20 # 37
	21 # 9
	22 # 43
	23 # 31
Timestep 2:
	0 # 12
	1 # 15
	2 # 7
	3 # 10
	4 # 52
	5 # 3
	6 # 27
	7 # 2
	8 # 54
	9 # 40
	10 # 25
	11 # 8
	12 # 31
	13 # 19
	14 # 53
	15 # 24
	16 # 22
	17 # 46
	18 # 35
	19 # 9
	20 # 29
	21 # 17
	22 # 36
	23 # 32
Timestep 3:
	0 # 4
	1 # 14
	2 # 15
	3 # 9
	4 # 45
	5 # 3
	6 # 19
	7 # 2
	8 # 47
	9 # 48
	10 # 26
	11 # 16
	12 # 32
	13 # 18
	14 # 52
	15 # 25
	16 # 23
	17 # 46
	18 # 42
	19 # 8
	20 # 22
	21 # 17
	22 # 28
	23 # 33
Timestep 4:
	0 # 5
	1 # 6
	2 # 16
	3 # 8
	4 # 44
	5 # 2
	6 # 20
	7 # 10
	8 # 46
	9 # 47
	10 # 27
	11 # 24
	12 # 33
	13 # 17
	14 # 45
	15 # 26
	16 # 23
	17 # 53
	18 # 41
	19 # 7
	20 # 14
	21 # 9
	22 # 21
	23 # 34
Timestep 5:
	0 # 4
	1 # 0
	2 # 17
	3 # 7
	4 # 37
	5 # 3
	6 # 20
	7 # 2
	8 # 45
	9 # 46
	10 # 27
	11 # 31
	12 # 26
	13 # 9
	14 # 38
	15 # 18
	16 # 24
	17 # 54
	18 # 40
	19 # 6
	20 # 15
	21 # 8
	22 # 13
	23 # 41
Timestep 6:
	0 # 12
	1 # 0
	2 # 9
	3 # 6
	4 # 29
	5 # 11
	6 # 21
	7 # 3
	8 # 38
	9 # 45
	10 # 34
	11 # 39
	12 # 18
	13 # 8
	14 # 30
	15 # 19
	16 # 25
	17 # 53
	18 # 33
	19 # 14
	20 # 16
	21 # 7
	22 # 13
	23 # 41
Timestep 7:
	0 # 12
	1 # 0
	2 # 10
	3 # 14
	4 # 37
	5 # 19
	6 # 28
	7 # 4
	8 # 39
	9 # 45
	10 # 41
	11 # 46
	12 # 18
	13 # 7
	14 # 23
	15 # 27
	16 # 26
	17 # 52
	18 # 32
	19 # 22
	20 # 17
	21 # 15
	22 # 21
	23 # 42
Timestep 8:
	0 # 12
	1 # 6
	2 # 18
	3 # 14
	4 # 37
	5 # 27
	6 # 28
	7 # 5
	8 # 31
	9 # 38
	10 # 42
	11 # 47
	12 # 17
	13 # 1
	14 # 24
	15 # 34
	16 # 33
	17 # 45
	18 # 32
	19 # 29
	20 # 9
	21 # 23
	22 # 20
	23 # 43
Timestep 9:
	0 # 11
	1 # 7
	2 # 18
	3 # 15
	4 # 44
	5 # 26
	6 # 36
	7 # 13
	8 # 32
	9 # 30
	10 # 42
	11 # 47
	12 # 9
	13 # 0
	14 # 16
	15 # 41
	16 # 34
	17 # 46
	18 # 25
	19 # 37
	20 # 10
	21 # 22
	22 # 19
	23 # 51

