Solution makespan:10
Timestep 0:
	0 # 41
	1 # 13
	2 # 30
	3 # 48
	4 # 25
	5 # 24
	6 # 6
	7 # 52
	8 # 1
	9 # 14
	10 # 37
	11 # 26
	12 # 8
	13 # 16
	14 # 49
	15 # 45
Timestep 1:
	0 # 40
	1 # 12
	2 # 22
	3 # 55
	4 # 26
	5 # 32
	6 # 14
	7 # 51
	8 # 2
	9 # 13
	10 # 30
	11 # 34
	12 # 15
	13 # 17
	14 # 50
	15 # 45
Timestep 2:
	0 # 39
	1 # 11
	2 # 22
	3 # 55
	4 # 34
	5 # 31
	6 # 19
	7 # 50
	8 # 1
	9 # 14
	10 # 37
	11 # 41
	12 # 20
	13 # 21
	14 # 49
	15 # 38
Timestep 3:
	0 # 32
	1 # 18
	2 # 21
	3 # 55
	4 # 34
	5 # 31
	6 # 25
	7 # 43
	8 # 0
	9 # 13
	10 # 44
	11 # 48
	12 # 27
	13 # 29
	14 # 50
	15 # 37
Timestep 4:
	0 # 24
	1 # 22
	2 # 17
	3 # 48
	4 # 26
	5 # 38
	6 # 19
	7 # 42
	8 # 8
	9 # 13
	10 # 52
	11 # 47
	12 # 35
	13 # 30
	14 # 51
	15 # 36
Timestep 5:
	0 # 23
	1 # 30
	2 # 16
	3 # 47
	4 # 25
	5 # 45
	6 # 14
	7 # 49
	8 # 15
	9 # 5
	10 # 53
	11 # 46
	12 # 42
	13 # 37
	14 # 52
	15 # 29
Timestep 6:
	0 # 22
	1 # 29
	2 # 16
	3 # 40
	4 # 24
	5 # 44
	6 # 13
	7 # 42
	8 # 15
	9 # 6
	10 # 45
	11 # 54
	12 # 43
	13 # 37
	14 # 53
	15 # 21
Timestep 7:
	0 # 18
	1 # 29
	2 # 16
	3 # 33
	4 # 24
	5 # 52
	6 # 12
	7 # 35
	8 # 15
	9 # 14
	10 # 38
	11 # 53
	12 # 43
	13 # 44
	14 # 45
	15 # 17
Timestep 8:
	0 # 11
	1 # 28
	2 # 17
	3 # 32
	4 # 23
	5 # 51
	6 # 4
	7 # 27
	8 # 8
	9 # 14
	10 # 31
	11 # 52
	12 # 43
	13 # 45
	14 # 38
	15 # 10
Timestep 9:
	0 # 11
	1 # 27
	2 # 10
	3 # 33
	4 # 22
	5 # 50
	6 # 5
	7 # 20
	8 # 0
	9 # 6
	10 # 23
	11 # 51
	12 # 42
	13 # 53
	14 # 31
	15 # 9
Timestep 10:
	0 # 3
	1 # 20
	2 # 17
	3 # 25
	4 # 30
	5 # 49
	6 # 5
	7 # 15
	8 # 0
	9 # 14
	10 # 22
	11 # 50
	12 # 43
	13 # 45
	14 # 38
	15 # 8

