Solution makespan:13
Timestep 0:
	0 # 43
	1 # 23
	2 # 24
	3 # 5
	4 # 25
	5 # 41
	6 # 36
	7 # 4
	8 # 47
	9 # 18
	10 # 11
	11 # 33
	12 # 52
	13 # 38
	14 # 40
	15 # 19
	16 # 26
	17 # 54
	18 # 13
	19 # 2
	20 # 15
	21 # 12
	22 # 14
	23 # 44
	24 # 42
	25 # 31
	26 # 34
	27 # 17
	28 # 48
	29 # 28
	30 # 39
	31 # 30
Timestep 1:
	0 # 35
	1 # 22
	2 # 23
	3 # 6
	4 # 25
	5 # 42
	6 # 37
	7 # 5
	8 # 47
	9 # 18
	10 # 11
	11 # 33
	12 # 51
	13 # 46
	14 # 40
	15 # 26
	16 # 27
	17 # 53
	18 # 20
	19 # 9
	20 # 21
	21 # 13
	22 # 15
	23 # 44
	24 # 34
	25 # 38
	26 # 28
	27 # 24
	28 # 54
	29 # 29
	30 # 39
	31 # 36
Timestep 2:
	0 # 29
	1 # 16
	2 # 22
	3 # 5
	4 # 25
	5 # 43
	6 # 37
	7 # 12
	8 # 47
	9 # 17
	10 # 18
	11 # 33
	12 # 51
	13 # 52
	14 # 48
	15 # 27
	16 # 20
	17 # 53
	18 # 19
	19 # 9
	20 # 15
	21 # 6
	22 # 14
	23 # 45
	24 # 35
	25 # 46
	26 # 28
	27 # 23
	28 # 54
	29 # 30
	30 # 40
	31 # 44
Timestep 3:
	0 # 30
	1 # 15
	2 # 21
	3 # 4
	4 # 24
	5 # 50
	6 # 38
	7 # 19
	8 # 46
	9 # 17
	10 # 25
	11 # 34
	12 # 51
	13 # 52
	14 # 40
	15 # 20
	16 # 13
	17 # 47
	18 # 26
	19 # 16
	20 # 8
	21 # 5
	22 # 7
	23 # 44
	24 # 36
	25 # 45
	26 # 28
	27 # 22
	28 # 48
	29 # 23
	30 # 32
	31 # 43
Timestep 4:
	0 # 30
	1 # 15
	2 # 21
	3 # 11
	4 # 17
	5 # 50
	6 # 39
	7 # 26
	8 # 45
	9 # 18
	10 # 31
	11 # 35
	12 # 52
	13 # 53
	14 # 48
	15 # 13
	16 # 6
	17 # 46
	18 # 25
	19 # 22
	20 # 9
	21 # 12
	22 # 8
	23 # 43
	24 # 37
	25 # 44
	26 # 34
	27 # 29
	28 # 47
	29 # 24
	30 # 27
	31 # 42
Timestep 5:
	0 # 36
	1 # 21
	2 # 28
	3 # 18
	4 # 10
	5 # 50
	6 # 47
	7 # 27
	8 # 51
	9 # 19
	10 # 31
	11 # 29
	12 # 53
	13 # 54
	14 # 48
	15 # 12
	16 # 13
	17 # 45
	18 # 24
	19 # 23
	20 # 2
	21 # 5
	22 # 8
	23 # 42
	24 # 38
	25 # 44
	26 # 35
	27 # 22
	28 # 46
	29 # 17
	30 # 20
	31 # 41
Timestep 6:
	0 # 37
	1 # 28
	2 # 34
	3 # 25
	4 # 11
	5 # 50
	6 # 46
	7 # 32
	8 # 51
	9 # 18
	10 # 38
	11 # 22
	12 # 47
	13 # 54
	14 # 48
	15 # 12
	16 # 20
	17 # 44
	18 # 23
	19 # 30
	20 # 2
	21 # 6
	22 # 15
	23 # 41
	24 # 39
	25 # 43
	26 # 29
	27 # 16
	28 # 45
	29 # 17
	30 # 19
	31 # 49
Timestep 7:
	0 # 37
	1 # 34
	2 # 33
	3 # 31
	4 # 18
	5 # 50
	6 # 52
	7 # 40
	8 # 51
	9 # 17
	10 # 38
	11 # 16
	12 # 47
	13 # 53
	14 # 54
	15 # 19
	16 # 20
	17 # 43
	18 # 22
	19 # 23
	20 # 1
	21 # 6
	22 # 21
	23 # 41
	24 # 39
	25 # 35
	26 # 30
	27 # 9
	28 # 44
	29 # 10
	30 # 26
	31 # 49
Timestep 8:
	0 # 45
	1 # 42
	2 # 33
	3 # 38
	4 # 25
	5 # 43
	6 # 46
	7 # 48
	8 # 52
	9 # 17
	10 # 37
	11 # 15
	12 # 47
	13 # 53
	14 # 54
	15 # 18
	16 # 27
	17 # 35
	18 # 16
	19 # 24
	20 # 0
	21 # 13
	22 # 21
	23 # 41
	24 # 40
	25 # 29
	26 # 23
	27 # 9
	28 # 36
	29 # 11
	30 # 26
	31 # 49
Timestep 9:
	0 # 51
	1 # 43
	2 # 34
	3 # 37
	4 # 31
	5 # 44
	6 # 38
	7 # 47
	8 # 46
	9 # 10
	10 # 36
	11 # 16
	12 # 39
	13 # 54
	14 # 48
	15 # 25
	16 # 27
	17 # 29
	18 # 9
	19 # 17
	20 # 0
	21 # 13
	22 # 28
	23 # 41
	24 # 32
	25 # 22
	26 # 24
	27 # 2
	28 # 35
	29 # 11
	30 # 26
	31 # 49
Timestep 10:
	0 # 52
	1 # 44
	2 # 42
	3 # 36
	4 # 31
	5 # 45
	6 # 37
	7 # 53
	8 # 38
	9 # 10
	10 # 35
	11 # 15
	12 # 39
	13 # 54
	14 # 47
	15 # 24
	16 # 26
	17 # 22
	18 # 9
	19 # 18
	20 # 0
	21 # 20
	22 # 34
	23 # 41
	24 # 27
	25 # 16
	26 # 17
	27 # 2
	28 # 29
	29 # 12
	30 # 25
	31 # 49
Timestep 11:
	0 # 46
	1 # 45
	2 # 34
	3 # 35
	4 # 38
	5 # 51
	6 # 36
	7 # 53
	8 # 37
	9 # 10
	10 # 43
	11 # 15
	12 # 40
	13 # 48
	14 # 47
	15 # 23
	16 # 25
	17 # 21
	18 # 2
	19 # 11
	20 # 0
	21 # 19
	22 # 33
	23 # 42
	24 # 20
	25 # 9
	26 # 18
	27 # 1
	28 # 22
	29 # 12
	30 # 24
	31 # 49
Timestep 12:
	0 # 38
	1 # 51
	2 # 28
	3 # 43
	4 # 37
	5 # 52
	6 # 44
	7 # 54
	8 # 36
	9 # 10
	10 # 50
	11 # 16
	12 # 32
	13 # 40
	14 # 47
	15 # 22
	16 # 24
	17 # 15
	18 # 1
	19 # 4
	20 # 7
	21 # 26
	22 # 41
	23 # 34
	24 # 13
	25 # 2
	26 # 11
	27 # 8
	28 # 21
	29 # 19
	30 # 23
	31 # 49
Timestep 13:
	0 # 31
	1 # 52
	2 # 28
	3 # 43
	4 # 37
	5 # 53
	6 # 45
	7 # 54
	8 # 44
	9 # 17
	10 # 50
	11 # 16
	12 # 27
	13 # 32
	14 # 46
	15 # 21
	16 # 23
	17 # 14
	18 # 1
	19 # 5
	20 # 7
	21 # 26
	22 # 42
	23 # 35
	24 # 6
	25 # 3
	26 # 12
	27 # 9
	28 # 15
	29 # 20
	30 # 30
	31 # 49

