Solution makespan:10
Timestep 0:
	0 # 38
	1 # 30
	2 # 12
	3 # 56
	4 # 10
	5 # 50
	6 # 16
	7 # 54
Timestep 1:
	0 # 44
	1 # 29
	2 # 13
	3 # 56
	4 # 11
	5 # 50
	6 # 24
	7 # 55
Timestep 2:
	0 # 44
	1 # 35
	2 # 20
	3 # 55
	4 # 12
	5 # 42
	6 # 24
	7 # 48
Timestep 3:
	0 # 45
	1 # 41
	2 # 20
	3 # 56
	4 # 11
	5 # 50
	6 # 25
	7 # 55
Timestep 4:
	0 # 52
	1 # 40
	2 # 13
	3 # 49
	4 # 18
	5 # 50
	6 # 26
	7 # 48
Timestep 5:
	0 # 53
	1 # 48
	2 # 12
	3 # 56
	4 # 19
	5 # 42
	6 # 27
	7 # 55
Timestep 6:
	0 # 52
	1 # 47
	2 # 12
	3 # 49
	4 # 27
	5 # 36
	6 # 28
	7 # 54
Timestep 7:
	0 # 52
	1 # 46
	2 # 11
	3 # 49
	4 # 26
	5 # 30
	6 # 28
	7 # 53
Timestep 8:
	0 # 53
	1 # 45
	2 # 10
	3 # 41
	4 # 25
	5 # 22
	6 # 29
	7 # 54
Timestep 9:
	0 # 54
	1 # 44
	2 # 9
	3 # 42
	4 # 24
	5 # 21
	6 # 30
	7 # 55
Timestep 10:
	0 # 55
	1 # 43
	2 # 8
	3 # 36
	4 # 23
	5 # 20
	6 # 30
	7 # 48

