Solution makespan:13
Timestep 0:
	0 # 36
	1 # 8
	2 # 17
	3 # 33
	4 # 11
	5 # 53
	6 # 18
	7 # 52
Timestep 1:
	0 # 37
	1 # 9
	2 # 18
	3 # 40
	4 # 11
	5 # 54
	6 # 25
	7 # 53
Timestep 2:
	0 # 38
	1 # 15
	2 # 25
	3 # 48
	4 # 19
	5 # 46
	6 # 33
	7 # 54
Timestep 3:
	0 # 39
	1 # 23
	2 # 33
	3 # 47
	4 # 18
	5 # 38
	6 # 40
	7 # 55
Timestep 4:
	0 # 32
	1 # 22
	2 # 40
	3 # 46
	4 # 17
	5 # 37
	6 # 41
	7 # 47
Timestep 5:
	0 # 24
	1 # 21
	2 # 48
	3 # 54
	4 # 16
	5 # 37
	6 # 34
	7 # 39
Timestep 6:
	0 # 17
	1 # 21
	2 # 47
	3 # 53
	4 # 15
	5 # 30
	6 # 26
	7 # 40
Timestep 7:
	0 # 10
	1 # 22
	2 # 46
	3 # 54
	4 # 14
	5 # 37
	6 # 27
	7 # 41
Timestep 8:
	0 # 17
	1 # 14
	2 # 45
	3 # 46
	4 # 13
	5 # 30
	6 # 20
	7 # 34
Timestep 9:
	0 # 17
	1 # 15
	2 # 37
	3 # 54
	4 # 13
	5 # 29
	6 # 12
	7 # 26
Timestep 10:
	0 # 18
	1 # 16
	2 # 30
	3 # 53
	4 # 21
	5 # 22
	6 # 11
	7 # 19
Timestep 11:
	0 # 25
	1 # 17
	2 # 23
	3 # 52
	4 # 28
	5 # 14
	6 # 11
	7 # 20
Timestep 12:
	0 # 24
	1 # 18
	2 # 30
	3 # 44
	4 # 21
	5 # 13
	6 # 19
	7 # 12
Timestep 13:
	0 # 17
	1 # 25
	2 # 37
	3 # 45
	4 # 13
	5 # 7
	6 # 18
	7 # 6

