Solution makespan:9
Timestep 0:
	0 # 35
	1 # 13
	2 # 56
	3 # 20
	4 # 14
	5 # 6
	6 # 36
	7 # 51
	8 # 46
	9 # 27
	10 # 28
	11 # 57
	12 # 21
	13 # 49
	14 # 31
	15 # 11
	16 # 43
	17 # 55
	18 # 9
	19 # 38
Timestep 1:
	0 # 34
	1 # 5
	2 # 57
	3 # 20
	4 # 15
	5 # 6
	6 # 35
	7 # 50
	8 # 41
	9 # 26
	10 # 21
	11 # 49
	12 # 13
	13 # 48
	14 # 23
	15 # 19
	16 # 43
	17 # 47
	18 # 9
	19 # 38
Timestep 2:
	0 # 42
	1 # 4
	2 # 58
	3 # 21
	4 # 22
	5 # 14
	6 # 27
	7 # 51
	8 # 33
	9 # 34
	10 # 13
	11 # 49
	12 # 12
	13 # 43
	14 # 23
	15 # 11
	16 # 35
	17 # 47
	18 # 8
	19 # 37
Timestep 3:
	0 # 41
	1 # 5
	2 # 59
	3 # 28
	4 # 15
	5 # 14
	6 # 26
	7 # 45
	8 # 32
	9 # 42
	10 # 12
	11 # 48
	12 # 11
	13 # 35
	14 # 24
	15 # 19
	16 # 27
	17 # 47
	18 # 16
	19 # 44
Timestep 4:
	0 # 46
	1 # 6
	2 # 51
	3 # 29
	4 # 14
	5 # 13
	6 # 27
	7 # 44
	8 # 40
	9 # 43
	10 # 11
	11 # 47
	12 # 10
	13 # 34
	14 # 25
	15 # 18
	16 # 20
	17 # 42
	18 # 23
	19 # 50
Timestep 5:
	0 # 54
	1 # 7
	2 # 45
	3 # 30
	4 # 14
	5 # 12
	6 # 28
	7 # 37
	8 # 41
	9 # 48
	10 # 19
	11 # 46
	12 # 2
	13 # 33
	14 # 24
	15 # 25
	16 # 21
	17 # 47
	18 # 31
	19 # 49
Timestep 6:
	0 # 54
	1 # 15
	2 # 45
	3 # 38
	4 # 6
	5 # 11
	6 # 27
	7 # 36
	8 # 33
	9 # 48
	10 # 26
	11 # 41
	12 # 1
	13 # 32
	14 # 17
	15 # 25
	16 # 13
	17 # 55
	18 # 39
	19 # 57
Timestep 7:
	0 # 53
	1 # 15
	2 # 44
	3 # 45
	4 # 5
	5 # 19
	6 # 20
	7 # 28
	8 # 41
	9 # 49
	10 # 34
	11 # 40
	12 # 2
	13 # 24
	14 # 18
	15 # 26
	16 # 14
	17 # 55
	18 # 31
	19 # 56
Timestep 8:
	0 # 52
	1 # 7
	2 # 37
	3 # 51
	4 # 6
	5 # 19
	6 # 12
	7 # 21
	8 # 42
	9 # 57
	10 # 33
	11 # 39
	12 # 1
	13 # 17
	14 # 25
	15 # 34
	16 # 15
	17 # 54
	18 # 32
	19 # 55
Timestep 9:
	0 # 52
	1 # 15
	2 # 29
	3 # 50
	4 # 14
	5 # 26
	6 # 11
	7 # 13
	8 # 43
	9 # 57
	10 # 41
	11 # 39
	12 # 0
	13 # 9
	14 # 33
	15 # 42
	16 # 22
	17 # 53
	18 # 32
	19 # 54

