Solution makespan:9
Timestep 0:
	0 # 27
	1 # 38
	2 # 23
	3 # 39
	4 # 11
	5 # 41
	6 # 6
	7 # 45
	8 # 35
	9 # 13
	10 # 44
	11 # 14
	12 # 10
	13 # 12
	14 # 37
	15 # 25
	16 # 46
	17 # 20
	18 # 7
	19 # 9
Timestep 1:
	0 # 34
	1 # 32
	2 # 30
	3 # 47
	4 # 18
	5 # 42
	6 # 5
	7 # 52
	8 # 28
	9 # 12
	10 # 45
	11 # 14
	12 # 4
	13 # 6
	14 # 38
	15 # 24
	16 # 53
	17 # 20
	18 # 13
	19 # 2
Timestep 2:
	0 # 35
	1 # 31
	2 # 36
	3 # 46
	4 # 25
	5 # 49
	6 # 11
	7 # 51
	8 # 29
	9 # 6
	10 # 38
	11 # 21
	12 # 5
	13 # 7
	14 # 37
	15 # 17
	16 # 52
	17 # 20
	18 # 12
	19 # 3
Timestep 3:
	0 # 28
	1 # 30
	2 # 43
	3 # 45
	4 # 24
	5 # 49
	6 # 18
	7 # 51
	8 # 29
	9 # 6
	10 # 32
	11 # 27
	12 # 5
	13 # 13
	14 # 31
	15 # 10
	16 # 53
	17 # 20
	18 # 19
	19 # 4
Timestep 4:
	0 # 28
	1 # 23
	2 # 50
	3 # 44
	4 # 24
	5 # 49
	6 # 25
	7 # 52
	8 # 30
	9 # 12
	10 # 33
	11 # 34
	12 # 5
	13 # 13
	14 # 31
	15 # 11
	16 # 54
	17 # 20
	18 # 18
	19 # 10
Timestep 5:
	0 # 29
	1 # 24
	2 # 51
	3 # 43
	4 # 17
	5 # 50
	6 # 32
	7 # 53
	8 # 30
	9 # 19
	10 # 26
	11 # 40
	12 # 4
	13 # 12
	14 # 37
	15 # 5
	16 # 54
	17 # 13
	18 # 25
	19 # 11
Timestep 6:
	0 # 30
	1 # 17
	2 # 51
	3 # 42
	4 # 18
	5 # 43
	6 # 31
	7 # 54
	8 # 23
	9 # 20
	10 # 19
	11 # 41
	12 # 10
	13 # 6
	14 # 38
	15 # 4
	16 # 47
	17 # 7
	18 # 32
	19 # 12
Timestep 7:
	0 # 23
	1 # 17
	2 # 44
	3 # 41
	4 # 25
	5 # 36
	6 # 30
	7 # 54
	8 # 24
	9 # 20
	10 # 18
	11 # 40
	12 # 11
	13 # 5
	14 # 32
	15 # 3
	16 # 39
	17 # 7
	18 # 31
	19 # 19
Timestep 8:
	0 # 24
	1 # 10
	2 # 51
	3 # 35
	4 # 25
	5 # 30
	6 # 29
	7 # 47
	8 # 17
	9 # 20
	10 # 11
	11 # 41
	12 # 5
	13 # 4
	14 # 33
	15 # 2
	16 # 39
	17 # 13
	18 # 37
	19 # 26
Timestep 9:
	0 # 17
	1 # 11
	2 # 52
	3 # 35
	4 # 24
	5 # 23
	6 # 29
	7 # 54
	8 # 18
	9 # 13
	10 # 5
	11 # 42
	12 # 6
	13 # 4
	14 # 26
	15 # 9
	16 # 39
	17 # 12
	18 # 44
	19 # 25

