Solution makespan:7
Timestep 0:
	0 # 13
	1 # 37
	2 # 45
	3 # 41
	4 # 58
	5 # 51
	6 # 44
	7 # 52
Timestep 1:
	0 # 5
	1 # 36
	2 # 51
	3 # 47
	4 # 59
	5 # 50
	6 # 44
	7 # 52
Timestep 2:
	0 # 4
	1 # 35
	2 # 50
	3 # 48
	4 # 59
	5 # 44
	6 # 43
	7 # 51
Timestep 3:
	0 # 3
	1 # 43
	2 # 50
	3 # 48
	4 # 51
	5 # 36
	6 # 49
	7 # 45
Timestep 4:
	0 # 2
	1 # 42
	2 # 44
	3 # 49
	4 # 45
	5 # 35
	6 # 43
	7 # 37
Timestep 5:
	0 # 1
	1 # 41
	2 # 50
	3 # 43
	4 # 44
	5 # 28
	6 # 42
	7 # 30
Timestep 6:
	0 # 0
	1 # 40
	2 # 51
	3 # 43
	4 # 44
	5 # 27
	6 # 48
	7 # 22
Timestep 7:
	0 # 0
	1 # 39
	2 # 52
	3 # 44
	4 # 50
	5 # 26
	6 # 56
	7 # 14

