Solution makespan:10
Timestep 0:
	0 # 41
	1 # 27
	2 # 13
	3 # 22
	4 # 11
	5 # 6
	6 # 33
	7 # 42
	8 # 37
	9 # 3
	10 # 14
	11 # 44
Timestep 1:
	0 # 36
	1 # 27
	2 # 12
	3 # 16
	4 # 19
	5 # 13
	6 # 39
	7 # 41
	8 # 31
	9 # 4
	10 # 21
	11 # 50
Timestep 2:
	0 # 29
	1 # 21
	2 # 5
	3 # 17
	4 # 20
	5 # 12
	6 # 45
	7 # 36
	8 # 30
	9 # 11
	10 # 14
	11 # 51
Timestep 3:
	0 # 30
	1 # 14
	2 # 4
	3 # 18
	4 # 25
	5 # 20
	6 # 44
	7 # 41
	8 # 23
	9 # 19
	10 # 13
	11 # 45
Timestep 4:
	0 # 31
	1 # 13
	2 # 11
	3 # 19
	4 # 26
	5 # 25
	6 # 50
	7 # 42
	8 # 17
	9 # 24
	10 # 12
	11 # 51
Timestep 5:
	0 # 32
	1 # 12
	2 # 10
	3 # 20
	4 # 33
	5 # 24
	6 # 49
	7 # 43
	8 # 16
	9 # 19
	10 # 11
	11 # 50
Timestep 6:
	0 # 38
	1 # 20
	2 # 18
	3 # 25
	4 # 39
	5 # 32
	6 # 48
	7 # 37
	8 # 15
	9 # 19
	10 # 10
	11 # 49
Timestep 7:
	0 # 32
	1 # 20
	2 # 18
	3 # 26
	4 # 45
	5 # 31
	6 # 43
	7 # 38
	8 # 7
	9 # 24
	10 # 9
	11 # 48
Timestep 8:
	0 # 24
	1 # 12
	2 # 18
	3 # 27
	4 # 44
	5 # 30
	6 # 37
	7 # 32
	8 # 7
	9 # 25
	10 # 8
	11 # 43
Timestep 9:
	0 # 25
	1 # 5
	2 # 17
	3 # 34
	4 # 44
	5 # 29
	6 # 38
	7 # 32
	8 # 8
	9 # 26
	10 # 16
	11 # 37
Timestep 10:
	0 # 26
	1 # 12
	2 # 23
	3 # 40
	4 # 44
	5 # 29
	6 # 32
	7 # 24
	8 # 9
	9 # 27
	10 # 22
	11 # 38

