Solution makespan:10
Timestep 0:
	0 # 27
	1 # 4
	2 # 47
	3 # 23
	4 # 46
	5 # 35
	6 # 6
	7 # 52
	8 # 31
	9 # 39
	10 # 54
	11 # 37
Timestep 1:
	0 # 26
	1 # 11
	2 # 40
	3 # 24
	4 # 38
	5 # 35
	6 # 14
	7 # 45
	8 # 30
	9 # 39
	10 # 53
	11 # 37
Timestep 2:
	0 # 34
	1 # 12
	2 # 32
	3 # 25
	4 # 30
	5 # 27
	6 # 14
	7 # 37
	8 # 22
	9 # 38
	10 # 52
	11 # 29
Timestep 3:
	0 # 34
	1 # 13
	2 # 24
	3 # 25
	4 # 31
	5 # 35
	6 # 14
	7 # 29
	8 # 22
	9 # 37
	10 # 45
	11 # 21
Timestep 4:
	0 # 33
	1 # 19
	2 # 17
	3 # 26
	4 # 32
	5 # 35
	6 # 20
	7 # 29
	8 # 16
	9 # 38
	10 # 45
	11 # 15
Timestep 5:
	0 # 41
	1 # 20
	2 # 24
	3 # 27
	4 # 33
	5 # 43
	6 # 14
	7 # 29
	8 # 8
	9 # 30
	10 # 45
	11 # 7
Timestep 6:
	0 # 42
	1 # 28
	2 # 32
	3 # 26
	4 # 25
	5 # 50
	6 # 14
	7 # 30
	8 # 8
	9 # 22
	10 # 52
	11 # 15
Timestep 7:
	0 # 43
	1 # 36
	2 # 32
	3 # 34
	4 # 26
	5 # 49
	6 # 14
	7 # 22
	8 # 9
	9 # 16
	10 # 45
	11 # 7
Timestep 8:
	0 # 35
	1 # 44
	2 # 33
	3 # 42
	4 # 18
	5 # 48
	6 # 20
	7 # 16
	8 # 10
	9 # 8
	10 # 52
	11 # 15
Timestep 9:
	0 # 27
	1 # 51
	2 # 41
	3 # 42
	4 # 12
	5 # 47
	6 # 19
	7 # 15
	8 # 3
	9 # 8
	10 # 53
	11 # 21
Timestep 10:
	0 # 27
	1 # 58
	2 # 40
	3 # 34
	4 # 5
	5 # 47
	6 # 18
	7 # 16
	8 # 3
	9 # 1
	10 # 54
	11 # 22

