Solution makespan:13
Timestep 0:
	0 # 8
	1 # 7
	2 # 0
	3 # 11
	4 # 58
	5 # 48
	6 # 16
	7 # 20
	8 # 35
	9 # 32
	10 # 26
	11 # 3
	12 # 40
	13 # 59
	14 # 15
	15 # 57
Timestep 1:
	0 # 2
	1 # 8
	2 # 6
	3 # 10
	4 # 50
	5 # 47
	6 # 23
	7 # 28
	8 # 43
	9 # 39
	10 # 27
	11 # 3
	12 # 40
	13 # 58
	14 # 16
	15 # 49
Timestep 2:
	0 # 1
	1 # 16
	2 # 14
	3 # 10
	4 # 42
	5 # 55
	6 # 31
	7 # 35
	8 # 43
	9 # 40
	10 # 28
	11 # 11
	12 # 48
	13 # 57
	14 # 17
	15 # 50
Timestep 3:
	0 # 0
	1 # 23
	2 # 21
	3 # 9
	4 # 34
	5 # 47
	6 # 30
	7 # 35
	8 # 51
	9 # 41
	10 # 20
	11 # 11
	12 # 49
	13 # 56
	14 # 24
	15 # 42
Timestep 4:
	0 # 0
	1 # 16
	2 # 29
	3 # 17
	4 # 27
	5 # 48
	6 # 22
	7 # 43
	8 # 59
	9 # 33
	10 # 19
	11 # 12
	12 # 57
	13 # 55
	14 # 24
	15 # 34
Timestep 5:
	0 # 1
	1 # 23
	2 # 36
	3 # 17
	4 # 19
	5 # 49
	6 # 21
	7 # 42
	8 # 58
	9 # 26
	10 # 18
	11 # 12
	12 # 56
	13 # 47
	14 # 32
	15 # 34
Timestep 6:
	0 # 7
	1 # 31
	2 # 44
	3 # 9
	4 # 20
	5 # 57
	6 # 21
	7 # 41
	8 # 58
	9 # 33
	10 # 18
	11 # 19
	12 # 55
	13 # 39
	14 # 24
	15 # 35
Timestep 7:
	0 # 15
	1 # 38
	2 # 52
	3 # 8
	4 # 13
	5 # 56
	6 # 14
	7 # 41
	8 # 58
	9 # 34
	10 # 26
	11 # 18
	12 # 55
	13 # 32
	14 # 17
	15 # 43
Timestep 8:
	0 # 15
	1 # 46
	2 # 52
	3 # 7
	4 # 20
	5 # 48
	6 # 14
	7 # 49
	8 # 50
	9 # 27
	10 # 25
	11 # 26
	12 # 56
	13 # 24
	14 # 9
	15 # 35
Timestep 9:
	0 # 22
	1 # 45
	2 # 53
	3 # 7
	4 # 20
	5 # 47
	6 # 15
	7 # 48
	8 # 42
	9 # 26
	10 # 24
	11 # 33
	12 # 57
	13 # 17
	14 # 10
	15 # 28
Timestep 10:
	0 # 30
	1 # 44
	2 # 54
	3 # 1
	4 # 13
	5 # 46
	6 # 16
	7 # 40
	8 # 42
	9 # 26
	10 # 23
	11 # 34
	12 # 49
	13 # 9
	14 # 11
	15 # 20
Timestep 11:
	0 # 37
	1 # 52
	2 # 55
	3 # 2
	4 # 12
	5 # 46
	6 # 23
	7 # 39
	8 # 42
	9 # 25
	10 # 22
	11 # 35
	12 # 49
	13 # 8
	14 # 18
	15 # 20
Timestep 12:
	0 # 37
	1 # 52
	2 # 56
	3 # 8
	4 # 19
	5 # 45
	6 # 31
	7 # 32
	8 # 42
	9 # 25
	10 # 30
	11 # 43
	12 # 41
	13 # 7
	14 # 26
	15 # 13
Timestep 13:
	0 # 30
	1 # 53
	2 # 57
	3 # 8
	4 # 19
	5 # 37
	6 # 38
	7 # 24
	8 # 50
	9 # 25
	10 # 29
	11 # 51
	12 # 49
	13 # 1
	14 # 27
	15 # 5

