Solution makespan:6
Timestep 0:
	0 # 12
	1 # 33
	2 # 39
	3 # 18
	4 # 25
	5 # 14
	6 # 54
	7 # 4
Timestep 1:
	0 # 11
	1 # 25
	2 # 38
	3 # 18
	4 # 26
	5 # 6
	6 # 55
	7 # 12
Timestep 2:
	0 # 10
	1 # 33
	2 # 37
	3 # 17
	4 # 34
	5 # 1
	6 # 55
	7 # 11
Timestep 3:
	0 # 9
	1 # 41
	2 # 36
	3 # 16
	4 # 34
	5 # 0
	6 # 55
	7 # 11
Timestep 4:
	0 # 8
	1 # 41
	2 # 35
	3 # 17
	4 # 26
	5 # 0
	6 # 55
	7 # 10
Timestep 5:
	0 # 8
	1 # 42
	2 # 27
	3 # 9
	4 # 34
	5 # 5
	6 # 48
	7 # 11
Timestep 6:
	0 # 2
	1 # 43
	2 # 21
	3 # 17
	4 # 35
	5 # 13
	6 # 55
	7 # 10

