Solution makespan:13
Timestep 0:
	0 # 48
	1 # 45
	2 # 52
	3 # 42
	4 # 39
	5 # 46
	6 # 31
	7 # 9
	8 # 53
	9 # 47
	10 # 41
	11 # 29
	12 # 0
	13 # 51
	14 # 30
	15 # 6
	16 # 24
	17 # 38
	18 # 14
	19 # 3
	20 # 5
	21 # 1
	22 # 50
	23 # 40
	24 # 8
	25 # 55
	26 # 21
	27 # 20
	28 # 10
	29 # 23
	30 # 43
	31 # 33
Timestep 1:
	0 # 49
	1 # 38
	2 # 45
	3 # 36
	4 # 39
	5 # 53
	6 # 37
	7 # 10
	8 # 52
	9 # 55
	10 # 42
	11 # 35
	12 # 0
	13 # 51
	14 # 31
	15 # 7
	16 # 23
	17 # 33
	18 # 13
	19 # 4
	20 # 6
	21 # 2
	22 # 43
	23 # 40
	24 # 8
	25 # 54
	26 # 28
	27 # 12
	28 # 17
	29 # 16
	30 # 44
	31 # 25
Timestep 2:
	0 # 49
	1 # 38
	2 # 45
	3 # 35
	4 # 39
	5 # 52
	6 # 36
	7 # 10
	8 # 51
	9 # 54
	10 # 43
	11 # 41
	12 # 8
	13 # 50
	14 # 30
	15 # 7
	16 # 24
	17 # 25
	18 # 12
	19 # 11
	20 # 13
	21 # 3
	22 # 37
	23 # 40
	24 # 15
	25 # 53
	26 # 28
	27 # 5
	28 # 17
	29 # 9
	30 # 44
	31 # 26
Timestep 3:
	0 # 48
	1 # 33
	2 # 38
	3 # 36
	4 # 39
	5 # 53
	6 # 42
	7 # 17
	8 # 50
	9 # 55
	10 # 37
	11 # 41
	12 # 9
	13 # 43
	14 # 30
	15 # 14
	16 # 23
	17 # 26
	18 # 11
	19 # 19
	20 # 12
	21 # 4
	22 # 31
	23 # 40
	24 # 16
	25 # 46
	26 # 34
	27 # 6
	28 # 18
	29 # 1
	30 # 51
	31 # 20
Timestep 4:
	0 # 48
	1 # 32
	2 # 33
	3 # 30
	4 # 38
	5 # 53
	6 # 49
	7 # 17
	8 # 43
	9 # 54
	10 # 31
	11 # 42
	12 # 9
	13 # 37
	14 # 29
	15 # 21
	16 # 22
	17 # 20
	18 # 4
	19 # 25
	20 # 13
	21 # 5
	22 # 24
	23 # 39
	24 # 16
	25 # 45
	26 # 34
	27 # 7
	28 # 19
	29 # 1
	30 # 52
	31 # 12
Timestep 5:
	0 # 48
	1 # 31
	2 # 32
	3 # 23
	4 # 38
	5 # 52
	6 # 50
	7 # 18
	8 # 37
	9 # 53
	10 # 30
	11 # 43
	12 # 9
	13 # 36
	14 # 35
	15 # 28
	16 # 29
	17 # 26
	18 # 3
	19 # 33
	20 # 12
	21 # 6
	22 # 24
	23 # 46
	24 # 17
	25 # 44
	26 # 34
	27 # 14
	28 # 19
	29 # 1
	30 # 45
	31 # 5
Timestep 6:
	0 # 48
	1 # 30
	2 # 32
	3 # 22
	4 # 39
	5 # 51
	6 # 49
	7 # 18
	8 # 31
	9 # 52
	10 # 23
	11 # 37
	12 # 16
	13 # 42
	14 # 41
	15 # 28
	16 # 35
	17 # 27
	18 # 2
	19 # 38
	20 # 5
	21 # 7
	22 # 17
	23 # 53
	24 # 10
	25 # 43
	26 # 34
	27 # 21
	28 # 11
	29 # 1
	30 # 45
	31 # 4
Timestep 7:
	0 # 48
	1 # 29
	2 # 33
	3 # 15
	4 # 40
	5 # 50
	6 # 49
	7 # 19
	8 # 24
	9 # 45
	10 # 22
	11 # 31
	12 # 23
	13 # 43
	14 # 41
	15 # 28
	16 # 36
	17 # 27
	18 # 10
	19 # 38
	20 # 6
	21 # 7
	22 # 18
	23 # 54
	24 # 9
	25 # 37
	26 # 34
	27 # 21
	28 # 4
	29 # 1
	30 # 46
	31 # 3
Timestep 8:
	0 # 41
	1 # 29
	2 # 25
	3 # 16
	4 # 40
	5 # 43
	6 # 50
	7 # 20
	8 # 24
	9 # 38
	10 # 23
	11 # 32
	12 # 30
	13 # 44
	14 # 42
	15 # 28
	16 # 37
	17 # 27
	18 # 17
	19 # 39
	20 # 13
	21 # 7
	22 # 19
	23 # 55
	24 # 9
	25 # 31
	26 # 34
	27 # 21
	28 # 11
	29 # 0
	30 # 46
	31 # 2
Timestep 9:
	0 # 48
	1 # 35
	2 # 25
	3 # 17
	4 # 40
	5 # 42
	6 # 51
	7 # 12
	8 # 23
	9 # 33
	10 # 22
	11 # 31
	12 # 36
	13 # 45
	14 # 49
	15 # 21
	16 # 43
	17 # 27
	18 # 18
	19 # 46
	20 # 13
	21 # 6
	22 # 20
	23 # 47
	24 # 9
	25 # 30
	26 # 28
	27 # 14
	28 # 11
	29 # 8
	30 # 53
	31 # 10
Timestep 10:
	0 # 48
	1 # 41
	2 # 19
	3 # 24
	4 # 39
	5 # 42
	6 # 52
	7 # 5
	8 # 16
	9 # 25
	10 # 23
	11 # 30
	12 # 37
	13 # 38
	14 # 50
	15 # 14
	16 # 44
	17 # 28
	18 # 17
	19 # 45
	20 # 12
	21 # 6
	22 # 26
	23 # 47
	24 # 1
	25 # 29
	26 # 21
	27 # 13
	28 # 4
	29 # 0
	30 # 54
	31 # 9
Timestep 11:
	0 # 48
	1 # 35
	2 # 20
	3 # 31
	4 # 46
	5 # 41
	6 # 52
	7 # 4
	8 # 16
	9 # 26
	10 # 24
	11 # 36
	12 # 37
	13 # 33
	14 # 49
	15 # 13
	16 # 43
	17 # 21
	18 # 17
	19 # 45
	20 # 11
	21 # 5
	22 # 27
	23 # 55
	24 # 9
	25 # 22
	26 # 14
	27 # 6
	28 # 3
	29 # 0
	30 # 53
	31 # 8
Timestep 12:
	0 # 41
	1 # 29
	2 # 20
	3 # 30
	4 # 45
	5 # 35
	6 # 52
	7 # 3
	8 # 23
	9 # 27
	10 # 31
	11 # 42
	12 # 36
	13 # 25
	14 # 48
	15 # 6
	16 # 37
	17 # 21
	18 # 17
	19 # 44
	20 # 19
	21 # 4
	22 # 28
	23 # 55
	24 # 16
	25 # 15
	26 # 14
	27 # 5
	28 # 2
	29 # 1
	30 # 46
	31 # 0
Timestep 13:
	0 # 35
	1 # 22
	2 # 26
	3 # 23
	4 # 46
	5 # 29
	6 # 53
	7 # 2
	8 # 24
	9 # 28
	10 # 32
	11 # 42
	12 # 30
	13 # 19
	14 # 41
	15 # 5
	16 # 36
	17 # 21
	18 # 16
	19 # 51
	20 # 18
	21 # 11
	22 # 34
	23 # 47
	24 # 15
	25 # 8
	26 # 14
	27 # 12
	28 # 10
	29 # 9
	30 # 39
	31 # 1

