Solution makespan:12
Timestep 0:
	0 # 32
	1 # 42
	2 # 33
	3 # 47
	4 # 38
	5 # 19
	6 # 46
	7 # 55
	8 # 4
	9 # 27
	10 # 41
	11 # 57
	12 # 59
	13 # 3
	14 # 12
	15 # 16
	16 # 7
	17 # 10
	18 # 34
	19 # 53
	20 # 51
	21 # 24
	22 # 29
	23 # 35
Timestep 1:
	0 # 24
	1 # 35
	2 # 34
	3 # 40
	4 # 45
	5 # 20
	6 # 46
	7 # 56
	8 # 5
	9 # 28
	10 # 42
	11 # 58
	12 # 52
	13 # 3
	14 # 13
	15 # 17
	16 # 15
	17 # 18
	18 # 26
	19 # 54
	20 # 50
	21 # 25
	22 # 30
	23 # 36
Timestep 2:
	0 # 16
	1 # 36
	2 # 41
	3 # 33
	4 # 51
	5 # 21
	6 # 45
	7 # 48
	8 # 6
	9 # 20
	10 # 42
	11 # 59
	12 # 46
	13 # 11
	14 # 5
	15 # 25
	16 # 14
	17 # 19
	18 # 18
	19 # 47
	20 # 57
	21 # 24
	22 # 38
	23 # 43
Timestep 3:
	0 # 8
	1 # 35
	2 # 34
	3 # 32
	4 # 51
	5 # 21
	6 # 44
	7 # 42
	8 # 7
	9 # 12
	10 # 41
	11 # 59
	12 # 45
	13 # 11
	14 # 5
	15 # 33
	16 # 22
	17 # 27
	18 # 26
	19 # 40
	20 # 58
	21 # 16
	22 # 37
	23 # 36
Timestep 4:
	0 # 0
	1 # 34
	2 # 26
	3 # 32
	4 # 45
	5 # 13
	6 # 50
	7 # 48
	8 # 15
	9 # 4
	10 # 42
	11 # 58
	12 # 44
	13 # 10
	14 # 5
	15 # 40
	16 # 21
	17 # 28
	18 # 25
	19 # 39
	20 # 51
	21 # 17
	22 # 36
	23 # 35
Timestep 5:
	0 # 0
	1 # 41
	2 # 26
	3 # 33
	4 # 44
	5 # 14
	6 # 50
	7 # 56
	8 # 23
	9 # 12
	10 # 42
	11 # 57
	12 # 37
	13 # 10
	14 # 5
	15 # 47
	16 # 20
	17 # 29
	18 # 24
	19 # 40
	20 # 52
	21 # 18
	22 # 35
	23 # 34
Timestep 6:
	0 # 0
	1 # 42
	2 # 27
	3 # 40
	4 # 37
	5 # 15
	6 # 49
	7 # 56
	8 # 31
	9 # 11
	10 # 35
	11 # 50
	12 # 29
	13 # 9
	14 # 4
	15 # 54
	16 # 19
	17 # 21
	18 # 16
	19 # 39
	20 # 52
	21 # 10
	22 # 34
	23 # 26
Timestep 7:
	0 # 1
	1 # 42
	2 # 26
	3 # 39
	4 # 44
	5 # 23
	6 # 43
	7 # 56
	8 # 30
	9 # 11
	10 # 27
	11 # 50
	12 # 28
	13 # 9
	14 # 12
	15 # 55
	16 # 18
	17 # 13
	18 # 8
	19 # 32
	20 # 59
	21 # 10
	22 # 35
	23 # 25
Timestep 8:
	0 # 1
	1 # 48
	2 # 34
	3 # 39
	4 # 43
	5 # 22
	6 # 36
	7 # 56
	8 # 38
	9 # 19
	10 # 27
	11 # 44
	12 # 20
	13 # 8
	14 # 12
	15 # 54
	16 # 26
	17 # 21
	18 # 0
	19 # 24
	20 # 52
	21 # 10
	22 # 35
	23 # 33
Timestep 9:
	0 # 2
	1 # 56
	2 # 26
	3 # 39
	4 # 36
	5 # 14
	6 # 35
	7 # 55
	8 # 45
	9 # 18
	10 # 27
	11 # 44
	12 # 12
	13 # 8
	14 # 11
	15 # 47
	16 # 25
	17 # 22
	18 # 1
	19 # 16
	20 # 46
	21 # 9
	22 # 42
	23 # 40
Timestep 10:
	0 # 10
	1 # 55
	2 # 18
	3 # 32
	4 # 28
	5 # 15
	6 # 35
	7 # 54
	8 # 51
	9 # 17
	10 # 26
	11 # 37
	12 # 4
	13 # 0
	14 # 11
	15 # 40
	16 # 33
	17 # 30
	18 # 1
	19 # 8
	20 # 45
	21 # 9
	22 # 48
	23 # 41
Timestep 11:
	0 # 9
	1 # 54
	2 # 10
	3 # 24
	4 # 20
	5 # 23
	6 # 27
	7 # 53
	8 # 51
	9 # 25
	10 # 26
	11 # 36
	12 # 3
	13 # 0
	14 # 19
	15 # 41
	16 # 32
	17 # 29
	18 # 2
	19 # 8
	20 # 44
	21 # 1
	22 # 48
	23 # 34
Timestep 12:
	0 # 17
	1 # 47
	2 # 10
	3 # 24
	4 # 12
	5 # 31
	6 # 27
	7 # 54
	8 # 58
	9 # 33
	10 # 25
	11 # 35
	12 # 11
	13 # 0
	14 # 20
	15 # 42
	16 # 39
	17 # 37
	18 # 2
	19 # 8
	20 # 45
	21 # 9
	22 # 49
	23 # 41

