Solution makespan:8
Timestep 0:
	0 # 23
	1 # 3
	2 # 19
	3 # 8
	4 # 37
	5 # 26
	6 # 10
	7 # 28
	8 # 45
	9 # 4
	10 # 12
	11 # 49
Timestep 1:
	0 # 15
	1 # 4
	2 # 27
	3 # 16
	4 # 38
	5 # 33
	6 # 9
	7 # 28
	8 # 51
	9 # 11
	10 # 12
	11 # 49
Timestep 2:
	0 # 15
	1 # 11
	2 # 28
	3 # 16
	4 # 31
	5 # 32
	6 # 17
	7 # 20
	8 # 45
	9 # 10
	10 # 12
	11 # 48
Timestep 3:
	0 # 7
	1 # 19
	2 # 29
	3 # 17
	4 # 24
	5 # 31
	6 # 25
	7 # 12
	8 # 39
	9 # 3
	10 # 13
	11 # 41
Timestep 4:
	0 # 8
	1 # 27
	2 # 35
	3 # 25
	4 # 16
	5 # 24
	6 # 32
	7 # 13
	8 # 38
	9 # 3
	10 # 5
	11 # 48
Timestep 5:
	0 # 1
	1 # 28
	2 # 35
	3 # 26
	4 # 8
	5 # 16
	6 # 39
	7 # 13
	8 # 37
	9 # 2
	10 # 5
	11 # 55
Timestep 6:
	0 # 0
	1 # 29
	2 # 35
	3 # 27
	4 # 1
	5 # 24
	6 # 45
	7 # 12
	8 # 37
	9 # 3
	10 # 13
	11 # 54
Timestep 7:
	0 # 1
	1 # 30
	2 # 29
	3 # 28
	4 # 2
	5 # 31
	6 # 46
	7 # 11
	8 # 43
	9 # 3
	10 # 5
	11 # 47
Timestep 8:
	0 # 0
	1 # 36
	2 # 21
	3 # 20
	4 # 9
	5 # 38
	6 # 46
	7 # 19
	8 # 37
	9 # 3
	10 # 6
	11 # 47

