Solution makespan:10
Timestep 0:
	0 # 30
	1 # 6
	2 # 13
	3 # 3
	4 # 57
	5 # 18
	6 # 37
	7 # 34
Timestep 1:
	0 # 38
	1 # 12
	2 # 20
	3 # 4
	4 # 56
	5 # 26
	6 # 29
	7 # 33
Timestep 2:
	0 # 39
	1 # 6
	2 # 28
	3 # 5
	4 # 48
	5 # 26
	6 # 30
	7 # 32
Timestep 3:
	0 # 40
	1 # 5
	2 # 27
	3 # 11
	4 # 47
	5 # 25
	6 # 31
	7 # 24
Timestep 4:
	0 # 47
	1 # 4
	2 # 26
	3 # 18
	4 # 46
	5 # 24
	6 # 32
	7 # 23
Timestep 5:
	0 # 55
	1 # 3
	2 # 34
	3 # 26
	4 # 45
	5 # 23
	6 # 24
	7 # 22
Timestep 6:
	0 # 54
	1 # 2
	2 # 42
	3 # 27
	4 # 44
	5 # 22
	6 # 16
	7 # 15
Timestep 7:
	0 # 53
	1 # 2
	2 # 41
	3 # 35
	4 # 37
	5 # 30
	6 # 10
	7 # 8
Timestep 8:
	0 # 52
	1 # 2
	2 # 48
	3 # 43
	4 # 29
	5 # 38
	6 # 3
	7 # 1
Timestep 9:
	0 # 52
	1 # 2
	2 # 48
	3 # 50
	4 # 21
	5 # 45
	6 # 4
	7 # 8
Timestep 10:
	0 # 53
	1 # 3
	2 # 56
	3 # 51
	4 # 21
	5 # 45
	6 # 5
	7 # 9

