Solution makespan:12
Timestep 0:
	0 # 1
	1 # 38
	2 # 0
	3 # 7
	4 # 27
	5 # 26
	6 # 10
	7 # 18
	8 # 17
	9 # 25
	10 # 16
	11 # 19
	12 # 6
	13 # 13
	14 # 3
	15 # 55
	16 # 14
	17 # 32
	18 # 54
	19 # 58
	20 # 22
	21 # 15
	22 # 33
	23 # 45
Timestep 1:
	0 # 2
	1 # 38
	2 # 1
	3 # 14
	4 # 27
	5 # 26
	6 # 11
	7 # 19
	8 # 17
	9 # 25
	10 # 24
	11 # 20
	12 # 5
	13 # 12
	14 # 10
	15 # 56
	16 # 21
	17 # 31
	18 # 55
	19 # 50
	20 # 28
	21 # 15
	22 # 32
	23 # 45
Timestep 2:
	0 # 1
	1 # 46
	2 # 8
	3 # 21
	4 # 33
	5 # 25
	6 # 4
	7 # 12
	8 # 10
	9 # 24
	10 # 30
	11 # 19
	12 # 5
	13 # 11
	14 # 9
	15 # 57
	16 # 22
	17 # 39
	18 # 56
	19 # 42
	20 # 36
	21 # 15
	22 # 40
	23 # 53
Timestep 3:
	0 # 1
	1 # 38
	2 # 9
	3 # 22
	4 # 33
	5 # 31
	6 # 11
	7 # 13
	8 # 3
	9 # 30
	10 # 29
	11 # 27
	12 # 12
	13 # 18
	14 # 16
	15 # 58
	16 # 28
	17 # 39
	18 # 57
	19 # 34
	20 # 44
	21 # 15
	22 # 48
	23 # 54
Timestep 4:
	0 # 1
	1 # 38
	2 # 16
	3 # 23
	4 # 41
	5 # 32
	6 # 18
	7 # 13
	8 # 4
	9 # 29
	10 # 28
	11 # 26
	12 # 19
	13 # 17
	14 # 24
	15 # 50
	16 # 36
	17 # 31
	18 # 57
	19 # 33
	20 # 52
	21 # 15
	22 # 56
	23 # 55
Timestep 5:
	0 # 2
	1 # 39
	2 # 17
	3 # 24
	4 # 49
	5 # 40
	6 # 11
	7 # 13
	8 # 4
	9 # 29
	10 # 28
	11 # 32
	12 # 20
	13 # 25
	14 # 30
	15 # 42
	16 # 44
	17 # 31
	18 # 56
	19 # 27
	20 # 53
	21 # 14
	22 # 48
	23 # 47
Timestep 6:
	0 # 3
	1 # 39
	2 # 18
	3 # 25
	4 # 57
	5 # 41
	6 # 10
	7 # 13
	8 # 5
	9 # 29
	10 # 36
	11 # 33
	12 # 20
	13 # 17
	14 # 30
	15 # 50
	16 # 45
	17 # 31
	18 # 55
	19 # 19
	20 # 52
	21 # 14
	22 # 40
	23 # 48
Timestep 7:
	0 # 4
	1 # 38
	2 # 17
	3 # 26
	4 # 56
	5 # 41
	6 # 10
	7 # 20
	8 # 6
	9 # 37
	10 # 44
	11 # 34
	12 # 19
	13 # 16
	14 # 29
	15 # 50
	16 # 46
	17 # 30
	18 # 54
	19 # 12
	20 # 52
	21 # 21
	22 # 32
	23 # 49
Timestep 8:
	0 # 5
	1 # 39
	2 # 25
	3 # 18
	4 # 55
	5 # 42
	6 # 17
	7 # 20
	8 # 6
	9 # 45
	10 # 52
	11 # 34
	12 # 27
	13 # 9
	14 # 30
	15 # 58
	16 # 47
	17 # 24
	18 # 46
	19 # 11
	20 # 51
	21 # 22
	22 # 32
	23 # 57
Timestep 9:
	0 # 5
	1 # 31
	2 # 25
	3 # 11
	4 # 47
	5 # 50
	6 # 18
	7 # 19
	8 # 6
	9 # 44
	10 # 53
	11 # 42
	12 # 33
	13 # 10
	14 # 24
	15 # 58
	16 # 48
	17 # 16
	18 # 38
	19 # 4
	20 # 51
	21 # 22
	22 # 32
	23 # 49
Timestep 10:
	0 # 4
	1 # 25
	2 # 24
	3 # 12
	4 # 46
	5 # 49
	6 # 19
	7 # 27
	8 # 6
	9 # 44
	10 # 54
	11 # 41
	12 # 32
	13 # 11
	14 # 23
	15 # 50
	16 # 56
	17 # 17
	18 # 30
	19 # 3
	20 # 52
	21 # 22
	22 # 31
	23 # 48
Timestep 11:
	0 # 5
	1 # 17
	2 # 23
	3 # 12
	4 # 45
	5 # 41
	6 # 20
	7 # 26
	8 # 6
	9 # 36
	10 # 55
	11 # 42
	12 # 32
	13 # 18
	14 # 29
	15 # 58
	16 # 57
	17 # 10
	18 # 24
	19 # 2
	20 # 51
	21 # 15
	22 # 25
	23 # 47
Timestep 12:
	0 # 4
	1 # 10
	2 # 22
	3 # 13
	4 # 45
	5 # 33
	6 # 20
	7 # 18
	8 # 6
	9 # 35
	10 # 56
	11 # 34
	12 # 26
	13 # 19
	14 # 28
	15 # 50
	16 # 58
	17 # 11
	18 # 23
	19 # 3
	20 # 43
	21 # 14
	22 # 17
	23 # 55

