Solution makespan:8
Timestep 0:
	0 # 1
	1 # 17
	2 # 25
	3 # 0
	4 # 34
	5 # 7
	6 # 48
	7 # 30
	8 # 47
	9 # 4
	10 # 2
	11 # 23
Timestep 1:
	0 # 6
	1 # 17
	2 # 25
	3 # 1
	4 # 35
	5 # 14
	6 # 49
	7 # 30
	8 # 48
	9 # 10
	10 # 8
	11 # 16
Timestep 2:
	0 # 5
	1 # 18
	2 # 24
	3 # 6
	4 # 27
	5 # 15
	6 # 50
	7 # 23
	8 # 49
	9 # 4
	10 # 7
	11 # 17
Timestep 3:
	0 # 13
	1 # 25
	2 # 31
	3 # 7
	4 # 28
	5 # 16
	6 # 49
	7 # 30
	8 # 45
	9 # 3
	10 # 14
	11 # 24
Timestep 4:
	0 # 13
	1 # 24
	2 # 30
	3 # 8
	4 # 28
	5 # 17
	6 # 45
	7 # 36
	8 # 37
	9 # 3
	10 # 7
	11 # 23
Timestep 5:
	0 # 5
	1 # 24
	2 # 29
	3 # 15
	4 # 21
	5 # 18
	6 # 37
	7 # 44
	8 # 31
	9 # 2
	10 # 6
	11 # 30
Timestep 6:
	0 # 0
	1 # 23
	2 # 28
	3 # 15
	4 # 14
	5 # 19
	6 # 38
	7 # 36
	8 # 24
	9 # 3
	10 # 5
	11 # 31
Timestep 7:
	0 # 0
	1 # 16
	2 # 21
	3 # 22
	4 # 7
	5 # 19
	6 # 39
	7 # 44
	8 # 17
	9 # 4
	10 # 5
	11 # 37
Timestep 8:
	0 # 0
	1 # 9
	2 # 28
	3 # 22
	4 # 8
	5 # 12
	6 # 46
	7 # 44
	8 # 10
	9 # 3
	10 # 13
	11 # 31

