Solution makespan:14
Timestep 0:
	0 # 25
	1 # 41
	2 # 36
	3 # 4
	4 # 47
	5 # 18
	6 # 11
	7 # 33
	8 # 52
	9 # 38
	10 # 40
	11 # 19
	12 # 26
	13 # 54
	14 # 13
	15 # 2
	16 # 15
	17 # 12
	18 # 14
	19 # 44
	20 # 42
	21 # 31
	22 # 34
	23 # 17
	24 # 48
	25 # 28
	26 # 39
	27 # 30
Timestep 1:
	0 # 18
	1 # 42
	2 # 37
	3 # 11
	4 # 46
	5 # 17
	6 # 10
	7 # 33
	8 # 53
	9 # 38
	10 # 32
	11 # 12
	12 # 27
	13 # 48
	14 # 13
	15 # 9
	16 # 21
	17 # 5
	18 # 15
	19 # 45
	20 # 43
	21 # 25
	22 # 34
	23 # 24
	24 # 40
	25 # 29
	26 # 47
	27 # 36
Timestep 2:
	0 # 19
	1 # 43
	2 # 38
	3 # 18
	4 # 46
	5 # 17
	6 # 10
	7 # 41
	8 # 54
	9 # 39
	10 # 27
	11 # 5
	12 # 26
	13 # 40
	14 # 13
	15 # 16
	16 # 28
	17 # 4
	18 # 21
	19 # 51
	20 # 44
	21 # 24
	22 # 33
	23 # 23
	24 # 32
	25 # 30
	26 # 48
	27 # 36
Timestep 3:
	0 # 12
	1 # 35
	2 # 46
	3 # 25
	4 # 45
	5 # 10
	6 # 11
	7 # 49
	8 # 54
	9 # 40
	10 # 26
	11 # 6
	12 # 19
	13 # 32
	14 # 20
	15 # 15
	16 # 34
	17 # 4
	18 # 28
	19 # 51
	20 # 44
	21 # 17
	22 # 33
	23 # 22
	24 # 27
	25 # 23
	26 # 48
	27 # 37
Timestep 4:
	0 # 13
	1 # 36
	2 # 45
	3 # 24
	4 # 37
	5 # 10
	6 # 11
	7 # 41
	8 # 54
	9 # 40
	10 # 25
	11 # 6
	12 # 19
	13 # 27
	14 # 20
	15 # 21
	16 # 42
	17 # 4
	18 # 28
	19 # 52
	20 # 43
	21 # 17
	22 # 34
	23 # 16
	24 # 26
	25 # 22
	26 # 48
	27 # 38
Timestep 5:
	0 # 13
	1 # 30
	2 # 45
	3 # 23
	4 # 36
	5 # 10
	6 # 11
	7 # 33
	8 # 54
	9 # 40
	10 # 31
	11 # 6
	12 # 12
	13 # 26
	14 # 27
	15 # 28
	16 # 34
	17 # 4
	18 # 29
	19 # 53
	20 # 50
	21 # 18
	22 # 35
	23 # 9
	24 # 25
	25 # 22
	26 # 47
	27 # 38
Timestep 6:
	0 # 20
	1 # 23
	2 # 51
	3 # 22
	4 # 30
	5 # 17
	6 # 11
	7 # 34
	8 # 54
	9 # 40
	10 # 31
	11 # 6
	12 # 13
	13 # 25
	14 # 32
	15 # 21
	16 # 42
	17 # 4
	18 # 29
	19 # 52
	20 # 50
	21 # 19
	22 # 36
	23 # 9
	24 # 24
	25 # 16
	26 # 48
	27 # 46
Timestep 7:
	0 # 27
	1 # 22
	2 # 51
	3 # 16
	4 # 23
	5 # 18
	6 # 12
	7 # 35
	8 # 53
	9 # 39
	10 # 25
	11 # 6
	12 # 13
	13 # 24
	14 # 40
	15 # 21
	16 # 41
	17 # 11
	18 # 30
	19 # 52
	20 # 50
	21 # 20
	22 # 37
	23 # 8
	24 # 17
	25 # 9
	26 # 54
	27 # 38
Timestep 8:
	0 # 26
	1 # 16
	2 # 51
	3 # 9
	4 # 22
	5 # 11
	6 # 19
	7 # 36
	8 # 52
	9 # 40
	10 # 24
	11 # 6
	12 # 13
	13 # 23
	14 # 48
	15 # 28
	16 # 49
	17 # 10
	18 # 30
	19 # 46
	20 # 50
	21 # 27
	22 # 38
	23 # 7
	24 # 18
	25 # 8
	26 # 53
	27 # 31
Timestep 9:
	0 # 26
	1 # 9
	2 # 51
	3 # 8
	4 # 16
	5 # 12
	6 # 20
	7 # 37
	8 # 46
	9 # 48
	10 # 23
	11 # 5
	12 # 6
	13 # 22
	14 # 54
	15 # 34
	16 # 49
	17 # 17
	18 # 36
	19 # 45
	20 # 50
	21 # 32
	22 # 31
	23 # 0
	24 # 18
	25 # 15
	26 # 47
	27 # 25
Timestep 10:
	0 # 26
	1 # 8
	2 # 45
	3 # 7
	4 # 9
	5 # 19
	6 # 27
	7 # 38
	8 # 47
	9 # 54
	10 # 22
	11 # 12
	12 # 6
	13 # 16
	14 # 53
	15 # 42
	16 # 49
	17 # 24
	18 # 37
	19 # 44
	20 # 43
	21 # 40
	22 # 25
	23 # 1
	24 # 11
	25 # 21
	26 # 39
	27 # 18
Timestep 11:
	0 # 25
	1 # 1
	2 # 51
	3 # 7
	4 # 8
	5 # 20
	6 # 27
	7 # 46
	8 # 53
	9 # 54
	10 # 21
	11 # 19
	12 # 6
	13 # 15
	14 # 52
	15 # 43
	16 # 41
	17 # 23
	18 # 38
	19 # 44
	20 # 35
	21 # 48
	22 # 24
	23 # 2
	24 # 11
	25 # 28
	26 # 40
	27 # 17
Timestep 12:
	0 # 18
	1 # 1
	2 # 45
	3 # 14
	4 # 7
	5 # 19
	6 # 20
	7 # 52
	8 # 53
	9 # 54
	10 # 21
	11 # 26
	12 # 5
	13 # 8
	14 # 51
	15 # 44
	16 # 42
	17 # 22
	18 # 39
	19 # 36
	20 # 29
	21 # 47
	22 # 23
	23 # 9
	24 # 12
	25 # 28
	26 # 48
	27 # 17
Timestep 13:
	0 # 11
	1 # 0
	2 # 37
	3 # 15
	4 # 8
	5 # 18
	6 # 20
	7 # 53
	8 # 47
	9 # 54
	10 # 28
	11 # 25
	12 # 4
	13 # 1
	14 # 51
	15 # 45
	16 # 43
	17 # 16
	18 # 40
	19 # 36
	20 # 30
	21 # 39
	22 # 23
	23 # 9
	24 # 12
	25 # 34
	26 # 48
	27 # 24
Timestep 14:
	0 # 10
	1 # 7
	2 # 36
	3 # 14
	4 # 15
	5 # 17
	6 # 27
	7 # 54
	8 # 47
	9 # 48
	10 # 21
	11 # 31
	12 # 11
	13 # 0
	14 # 45
	15 # 46
	16 # 50
	17 # 9
	18 # 32
	19 # 44
	20 # 23
	21 # 39
	22 # 22
	23 # 2
	24 # 19
	25 # 42
	26 # 40
	27 # 24

