Solution makespan:11
Timestep 0:
	0 # 8
	1 # 3
	2 # 11
	3 # 51
	4 # 13
	5 # 47
	6 # 54
	7 # 59
	8 # 49
	9 # 41
	10 # 16
	11 # 44
	12 # 29
	13 # 9
	14 # 2
	15 # 12
	16 # 40
	17 # 45
	18 # 17
	19 # 38
Timestep 1:
	0 # 16
	1 # 3
	2 # 12
	3 # 52
	4 # 5
	5 # 48
	6 # 46
	7 # 59
	8 # 41
	9 # 33
	10 # 15
	11 # 43
	12 # 28
	13 # 10
	14 # 9
	15 # 4
	16 # 40
	17 # 44
	18 # 17
	19 # 39
Timestep 2:
	0 # 17
	1 # 2
	2 # 20
	3 # 44
	4 # 13
	5 # 55
	6 # 47
	7 # 52
	8 # 33
	9 # 34
	10 # 7
	11 # 35
	12 # 27
	13 # 11
	14 # 10
	15 # 4
	16 # 32
	17 # 43
	18 # 24
	19 # 40
Timestep 3:
	0 # 18
	1 # 1
	2 # 27
	3 # 44
	4 # 14
	5 # 48
	6 # 39
	7 # 51
	8 # 25
	9 # 33
	10 # 8
	11 # 36
	12 # 26
	13 # 12
	14 # 11
	15 # 4
	16 # 24
	17 # 42
	18 # 23
	19 # 41
Timestep 4:
	0 # 10
	1 # 0
	2 # 35
	3 # 36
	4 # 6
	5 # 47
	6 # 40
	7 # 50
	8 # 24
	9 # 32
	10 # 8
	11 # 28
	12 # 26
	13 # 13
	14 # 19
	15 # 12
	16 # 17
	17 # 41
	18 # 31
	19 # 33
Timestep 5:
	0 # 18
	1 # 0
	2 # 36
	3 # 28
	4 # 14
	5 # 39
	6 # 41
	7 # 49
	8 # 17
	9 # 24
	10 # 1
	11 # 27
	12 # 25
	13 # 5
	14 # 26
	15 # 11
	16 # 9
	17 # 33
	18 # 32
	19 # 34
Timestep 6:
	0 # 19
	1 # 7
	2 # 37
	3 # 28
	4 # 14
	5 # 31
	6 # 42
	7 # 41
	8 # 17
	9 # 23
	10 # 0
	11 # 27
	12 # 24
	13 # 4
	14 # 34
	15 # 11
	16 # 2
	17 # 25
	18 # 40
	19 # 35
Timestep 7:
	0 # 20
	1 # 15
	2 # 45
	3 # 27
	4 # 13
	5 # 23
	6 # 42
	7 # 33
	8 # 9
	9 # 16
	10 # 1
	11 # 26
	12 # 32
	13 # 4
	14 # 35
	15 # 19
	16 # 2
	17 # 18
	18 # 41
	19 # 36
Timestep 8:
	0 # 27
	1 # 22
	2 # 44
	3 # 26
	4 # 5
	5 # 31
	6 # 34
	7 # 32
	8 # 10
	9 # 8
	10 # 0
	11 # 25
	12 # 40
	13 # 4
	14 # 36
	15 # 18
	16 # 3
	17 # 17
	18 # 41
	19 # 37
Timestep 9:
	0 # 26
	1 # 30
	2 # 43
	3 # 19
	4 # 6
	5 # 39
	6 # 33
	7 # 32
	8 # 11
	9 # 8
	10 # 1
	11 # 24
	12 # 40
	13 # 4
	14 # 44
	15 # 17
	16 # 10
	17 # 9
	18 # 42
	19 # 37
Timestep 10:
	0 # 19
	1 # 38
	2 # 43
	3 # 18
	4 # 14
	5 # 47
	6 # 41
	7 # 24
	8 # 12
	9 # 7
	10 # 1
	11 # 23
	12 # 40
	13 # 5
	14 # 44
	15 # 16
	16 # 10
	17 # 2
	18 # 42
	19 # 45
Timestep 11:
	0 # 26
	1 # 39
	2 # 35
	3 # 10
	4 # 21
	5 # 48
	6 # 33
	7 # 17
	8 # 4
	9 # 15
	10 # 0
	11 # 31
	12 # 40
	13 # 5
	14 # 52
	15 # 8
	16 # 3
	17 # 1
	18 # 50
	19 # 53

