Solution makespan:6
Timestep 0:
	0 # 1
	1 # 10
	2 # 0
	3 # 3
	4 # 13
	5 # 5
	6 # 8
	7 # 7
Timestep 1:
	0 # 0
	1 # 11
	2 # 4
	3 # 2
	4 # 9
	5 # 6
	6 # 12
	7 # 3
Timestep 2:
	0 # 4
	1 # 7
	2 # 5
	3 # 1
	4 # 9
	5 # 6
	6 # 13
	7 # 2
Timestep 3:
	0 # 8
	1 # 11
	2 # 6
	3 # 0
	4 # 9
	5 # 10
	6 # 14
	7 # 1
Timestep 4:
	0 # 12
	1 # 10
	2 # 6
	3 # 4
	4 # 5
	5 # 9
	6 # 15
	7 # 1
Timestep 5:
	0 # 12
	1 # 14
	2 # 10
	3 # 8
	4 # 4
	5 # 5
	6 # 11
	7 # 2
Timestep 6:
	0 # 13
	1 # 15
	2 # 14
	3 # 12
	4 # 0
	5 # 9
	6 # 11
	7 # 3

