Solution makespan:7
Timestep 0:
	0 # 6
	1 # 12
	2 # 8
	3 # 2
	4 # 3
	5 # 7
	6 # 9
	7 # 11
Timestep 1:
	0 # 6
	1 # 12
	2 # 8
	3 # 1
	4 # 3
	5 # 11
	6 # 13
	7 # 10
Timestep 2:
	0 # 7
	1 # 11
	2 # 12
	3 # 0
	4 # 5
	5 # 10
	6 # 13
	7 # 6
Timestep 3:
	0 # 8
	1 # 7
	2 # 11
	3 # 4
	4 # 9
	5 # 10
	6 # 12
	7 # 6
Timestep 4:
	0 # 9
	1 # 7
	2 # 11
	3 # 0
	4 # 13
	5 # 10
	6 # 12
	7 # 6
Timestep 5:
	0 # 5
	1 # 8
	2 # 11
	3 # 4
	4 # 13
	5 # 10
	6 # 12
	7 # 7
Timestep 6:
	0 # 3
	1 # 9
	2 # 7
	3 # 4
	4 # 12
	5 # 10
	6 # 8
	7 # 6
Timestep 7:
	0 # 2
	1 # 13
	2 # 7
	3 # 0
	4 # 11
	5 # 10
	6 # 8
	7 # 4

