Solution makespan:11
Timestep 0:
	0 # 9
	1 # 1
	2 # 3
	3 # 47
	4 # 53
	5 # 32
	6 # 34
	7 # 46
	8 # 49
	9 # 16
	10 # 57
	11 # 27
	12 # 43
	13 # 35
	14 # 48
	15 # 23
Timestep 1:
	0 # 10
	1 # 7
	2 # 4
	3 # 47
	4 # 53
	5 # 25
	6 # 42
	7 # 38
	8 # 49
	9 # 15
	10 # 58
	11 # 27
	12 # 43
	13 # 28
	14 # 55
	15 # 24
Timestep 2:
	0 # 11
	1 # 15
	2 # 12
	3 # 46
	4 # 47
	5 # 17
	6 # 41
	7 # 31
	8 # 56
	9 # 14
	10 # 57
	11 # 34
	12 # 42
	13 # 27
	14 # 55
	15 # 25
Timestep 3:
	0 # 3
	1 # 16
	2 # 11
	3 # 52
	4 # 39
	5 # 9
	6 # 40
	7 # 23
	8 # 49
	9 # 22
	10 # 56
	11 # 33
	12 # 41
	13 # 19
	14 # 48
	15 # 32
Timestep 4:
	0 # 4
	1 # 17
	2 # 10
	3 # 53
	4 # 38
	5 # 2
	6 # 39
	7 # 24
	8 # 42
	9 # 30
	10 # 49
	11 # 26
	12 # 40
	13 # 11
	14 # 41
	15 # 33
Timestep 5:
	0 # 3
	1 # 18
	2 # 9
	3 # 53
	4 # 31
	5 # 2
	6 # 47
	7 # 25
	8 # 43
	9 # 37
	10 # 48
	11 # 26
	12 # 39
	13 # 12
	14 # 33
	15 # 34
Timestep 6:
	0 # 4
	1 # 19
	2 # 8
	3 # 52
	4 # 38
	5 # 9
	6 # 46
	7 # 32
	8 # 35
	9 # 45
	10 # 41
	11 # 18
	12 # 47
	13 # 20
	14 # 26
	15 # 33
Timestep 7:
	0 # 3
	1 # 27
	2 # 16
	3 # 46
	4 # 39
	5 # 9
	6 # 45
	7 # 33
	8 # 43
	9 # 37
	10 # 40
	11 # 19
	12 # 53
	13 # 28
	14 # 25
	15 # 26
Timestep 8:
	0 # 4
	1 # 34
	2 # 17
	3 # 38
	4 # 47
	5 # 10
	6 # 37
	7 # 41
	8 # 35
	9 # 30
	10 # 32
	11 # 20
	12 # 52
	13 # 27
	14 # 24
	15 # 33
Timestep 9:
	0 # 3
	1 # 35
	2 # 17
	3 # 31
	4 # 53
	5 # 18
	6 # 30
	7 # 42
	8 # 28
	9 # 22
	10 # 25
	11 # 21
	12 # 46
	13 # 26
	14 # 16
	15 # 41
Timestep 10:
	0 # 11
	1 # 43
	2 # 9
	3 # 38
	4 # 47
	5 # 17
	6 # 22
	7 # 49
	8 # 28
	9 # 23
	10 # 24
	11 # 13
	12 # 46
	13 # 26
	14 # 15
	15 # 48
Timestep 11:
	0 # 3
	1 # 44
	2 # 10
	3 # 31
	4 # 53
	5 # 9
	6 # 30
	7 # 49
	8 # 35
	9 # 15
	10 # 23
	11 # 5
	12 # 38
	13 # 25
	14 # 7
	15 # 48

