Solution makespan:12
Timestep 0:
	0 # 17
	1 # 32
	2 # 57
	3 # 42
	4 # 15
	5 # 54
	6 # 23
	7 # 1
	8 # 20
	9 # 25
	10 # 40
	11 # 11
	12 # 21
	13 # 5
	14 # 36
	15 # 52
	16 # 12
	17 # 27
	18 # 26
	19 # 34
	20 # 7
	21 # 43
	22 # 44
	23 # 18
	24 # 29
	25 # 14
	26 # 38
	27 # 31
	28 # 51
	29 # 22
	30 # 55
	31 # 19
Timestep 1:
	0 # 10
	1 # 25
	2 # 57
	3 # 41
	4 # 16
	5 # 47
	6 # 23
	7 # 1
	8 # 13
	9 # 18
	10 # 32
	11 # 11
	12 # 22
	13 # 4
	14 # 44
	15 # 45
	16 # 12
	17 # 20
	18 # 33
	19 # 27
	20 # 8
	21 # 35
	22 # 43
	23 # 17
	24 # 30
	25 # 14
	26 # 37
	27 # 38
	28 # 52
	29 # 15
	30 # 56
	31 # 26
Timestep 2:
	0 # 4
	1 # 18
	2 # 49
	3 # 40
	4 # 15
	5 # 46
	6 # 16
	7 # 1
	8 # 6
	9 # 11
	10 # 25
	11 # 10
	12 # 23
	13 # 5
	14 # 51
	15 # 44
	16 # 12
	17 # 13
	18 # 41
	19 # 20
	20 # 9
	21 # 36
	22 # 43
	23 # 17
	24 # 31
	25 # 21
	26 # 30
	27 # 38
	28 # 53
	29 # 14
	30 # 57
	31 # 27
Timestep 3:
	0 # 3
	1 # 19
	2 # 42
	3 # 39
	4 # 8
	5 # 45
	6 # 15
	7 # 0
	8 # 6
	9 # 10
	10 # 18
	11 # 4
	12 # 24
	13 # 5
	14 # 51
	15 # 36
	16 # 11
	17 # 12
	18 # 48
	19 # 20
	20 # 16
	21 # 37
	22 # 44
	23 # 17
	24 # 30
	25 # 28
	26 # 29
	27 # 38
	28 # 54
	29 # 21
	30 # 56
	31 # 34
Timestep 4:
	0 # 2
	1 # 20
	2 # 41
	3 # 47
	4 # 7
	5 # 44
	6 # 8
	7 # 0
	8 # 6
	9 # 4
	10 # 11
	11 # 3
	12 # 31
	13 # 5
	14 # 52
	15 # 29
	16 # 10
	17 # 12
	18 # 49
	19 # 13
	20 # 23
	21 # 38
	22 # 36
	23 # 18
	24 # 30
	25 # 35
	26 # 22
	27 # 46
	28 # 55
	29 # 28
	30 # 48
	31 # 42
Timestep 5:
	0 # 1
	1 # 27
	2 # 33
	3 # 46
	4 # 7
	5 # 44
	6 # 8
	7 # 0
	8 # 6
	9 # 3
	10 # 10
	11 # 2
	12 # 38
	13 # 5
	14 # 51
	15 # 22
	16 # 17
	17 # 11
	18 # 57
	19 # 13
	20 # 24
	21 # 39
	22 # 29
	23 # 19
	24 # 37
	25 # 43
	26 # 15
	27 # 53
	28 # 56
	29 # 35
	30 # 41
	31 # 49
Timestep 6:
	0 # 8
	1 # 34
	2 # 26
	3 # 46
	4 # 14
	5 # 36
	6 # 7
	7 # 0
	8 # 6
	9 # 2
	10 # 4
	11 # 9
	12 # 39
	13 # 11
	14 # 44
	15 # 23
	16 # 18
	17 # 10
	18 # 56
	19 # 20
	20 # 31
	21 # 40
	22 # 30
	23 # 19
	24 # 45
	25 # 50
	26 # 15
	27 # 54
	28 # 48
	29 # 43
	30 # 33
	31 # 57
Timestep 7:
	0 # 15
	1 # 42
	2 # 19
	3 # 45
	4 # 21
	5 # 29
	6 # 7
	7 # 1
	8 # 6
	9 # 9
	10 # 3
	11 # 16
	12 # 40
	13 # 12
	14 # 36
	15 # 24
	16 # 25
	17 # 4
	18 # 55
	19 # 27
	20 # 38
	21 # 41
	22 # 31
	23 # 18
	24 # 37
	25 # 51
	26 # 14
	27 # 47
	28 # 49
	29 # 50
	30 # 26
	31 # 56
Timestep 8:
	0 # 22
	1 # 41
	2 # 18
	3 # 44
	4 # 21
	5 # 28
	6 # 8
	7 # 0
	8 # 13
	9 # 16
	10 # 2
	11 # 23
	12 # 32
	13 # 12
	14 # 35
	15 # 24
	16 # 26
	17 # 3
	18 # 54
	19 # 34
	20 # 39
	21 # 33
	22 # 31
	23 # 17
	24 # 38
	25 # 52
	26 # 15
	27 # 47
	28 # 42
	29 # 51
	30 # 19
	31 # 57
Timestep 9:
	0 # 29
	1 # 48
	2 # 25
	3 # 43
	4 # 14
	5 # 21
	6 # 1
	7 # 0
	8 # 12
	9 # 23
	10 # 9
	11 # 30
	12 # 32
	13 # 11
	14 # 28
	15 # 24
	16 # 27
	17 # 2
	18 # 53
	19 # 33
	20 # 40
	21 # 26
	22 # 31
	23 # 10
	24 # 46
	25 # 45
	26 # 22
	27 # 47
	28 # 34
	29 # 52
	30 # 18
	31 # 56
Timestep 10:
	0 # 36
	1 # 56
	2 # 25
	3 # 43
	4 # 15
	5 # 14
	6 # 1
	7 # 0
	8 # 11
	9 # 30
	10 # 16
	11 # 29
	12 # 32
	13 # 5
	14 # 35
	15 # 24
	16 # 26
	17 # 9
	18 # 54
	19 # 34
	20 # 41
	21 # 19
	22 # 31
	23 # 10
	24 # 47
	25 # 44
	26 # 22
	27 # 39
	28 # 27
	29 # 53
	30 # 18
	31 # 55
Timestep 11:
	0 # 44
	1 # 57
	2 # 32
	3 # 43
	4 # 22
	5 # 7
	6 # 2
	7 # 1
	8 # 5
	9 # 37
	10 # 16
	11 # 29
	12 # 33
	13 # 4
	14 # 28
	15 # 24
	16 # 26
	17 # 8
	18 # 53
	19 # 42
	20 # 48
	21 # 18
	22 # 31
	23 # 11
	24 # 39
	25 # 45
	26 # 23
	27 # 38
	28 # 27
	29 # 46
	30 # 17
	31 # 54
Timestep 12:
	0 # 44
	1 # 49
	2 # 33
	3 # 35
	4 # 23
	5 # 0
	6 # 3
	7 # 8
	8 # 11
	9 # 37
	10 # 16
	11 # 36
	12 # 34
	13 # 4
	14 # 29
	15 # 24
	16 # 27
	17 # 15
	18 # 52
	19 # 42
	20 # 56
	21 # 18
	22 # 31
	23 # 12
	24 # 39
	25 # 45
	26 # 30
	27 # 46
	28 # 20
	29 # 47
	30 # 17
	31 # 53

