Solution makespan:12
Timestep 0:
	0 # 18
	1 # 53
	2 # 56
	3 # 27
	4 # 32
	5 # 45
	6 # 10
	7 # 50
	8 # 6
	9 # 57
	10 # 24
	11 # 19
	12 # 29
	13 # 41
	14 # 38
	15 # 8
	16 # 61
	17 # 55
	18 # 28
	19 # 59
	20 # 47
	21 # 26
	22 # 7
	23 # 17
Timestep 1:
	0 # 25
	1 # 53
	2 # 57
	3 # 20
	4 # 32
	5 # 45
	6 # 18
	7 # 50
	8 # 14
	9 # 58
	10 # 16
	11 # 11
	12 # 22
	13 # 40
	14 # 39
	15 # 7
	16 # 61
	17 # 55
	18 # 28
	19 # 51
	20 # 48
	21 # 27
	22 # 15
	23 # 9
Timestep 2:
	0 # 18
	1 # 45
	2 # 58
	3 # 21
	4 # 40
	5 # 44
	6 # 19
	7 # 42
	8 # 13
	9 # 59
	10 # 16
	11 # 11
	12 # 14
	13 # 41
	14 # 47
	15 # 15
	16 # 53
	17 # 56
	18 # 27
	19 # 50
	20 # 48
	21 # 35
	22 # 23
	23 # 8
Timestep 3:
	0 # 19
	1 # 37
	2 # 59
	3 # 28
	4 # 40
	5 # 52
	6 # 20
	7 # 34
	8 # 12
	9 # 60
	10 # 17
	11 # 10
	12 # 14
	13 # 33
	14 # 39
	15 # 23
	16 # 45
	17 # 57
	18 # 35
	19 # 49
	20 # 56
	21 # 36
	22 # 30
	23 # 16
Timestep 4:
	0 # 20
	1 # 29
	2 # 60
	3 # 27
	4 # 32
	5 # 53
	6 # 21
	7 # 26
	8 # 11
	9 # 61
	10 # 18
	11 # 9
	12 # 13
	13 # 25
	14 # 31
	15 # 30
	16 # 44
	17 # 58
	18 # 43
	19 # 41
	20 # 57
	21 # 37
	22 # 38
	23 # 24
Timestep 5:
	0 # 21
	1 # 28
	2 # 60
	3 # 35
	4 # 31
	5 # 53
	6 # 22
	7 # 25
	8 # 19
	9 # 61
	10 # 10
	11 # 2
	12 # 13
	13 # 18
	14 # 24
	15 # 38
	16 # 43
	17 # 59
	18 # 51
	19 # 33
	20 # 49
	21 # 45
	22 # 46
	23 # 16
Timestep 6:
	0 # 13
	1 # 27
	2 # 59
	3 # 43
	4 # 39
	5 # 52
	6 # 14
	7 # 18
	8 # 26
	9 # 61
	10 # 11
	11 # 9
	12 # 12
	13 # 17
	14 # 16
	15 # 46
	16 # 42
	17 # 51
	18 # 50
	19 # 25
	20 # 41
	21 # 53
	22 # 47
	23 # 15
Timestep 7:
	0 # 21
	1 # 26
	2 # 60
	3 # 35
	4 # 38
	5 # 52
	6 # 22
	7 # 10
	8 # 34
	9 # 61
	10 # 12
	11 # 9
	12 # 20
	13 # 17
	14 # 24
	15 # 54
	16 # 41
	17 # 51
	18 # 49
	19 # 18
	20 # 33
	21 # 45
	22 # 47
	23 # 7
Timestep 8:
	0 # 28
	1 # 19
	2 # 59
	3 # 43
	4 # 39
	5 # 51
	6 # 29
	7 # 10
	8 # 33
	9 # 61
	10 # 12
	11 # 17
	12 # 27
	13 # 16
	14 # 24
	15 # 55
	16 # 41
	17 # 50
	18 # 48
	19 # 18
	20 # 25
	21 # 45
	22 # 47
	23 # 15
Timestep 9:
	0 # 36
	1 # 19
	2 # 58
	3 # 51
	4 # 40
	5 # 50
	6 # 37
	7 # 11
	8 # 41
	9 # 61
	10 # 4
	11 # 17
	12 # 35
	13 # 8
	14 # 16
	15 # 55
	16 # 42
	17 # 49
	18 # 47
	19 # 25
	20 # 26
	21 # 44
	22 # 39
	23 # 23
Timestep 10:
	0 # 28
	1 # 20
	2 # 59
	3 # 52
	4 # 48
	5 # 42
	6 # 45
	7 # 12
	8 # 40
	9 # 61
	10 # 3
	11 # 18
	12 # 43
	13 # 7
	14 # 16
	15 # 56
	16 # 34
	17 # 49
	18 # 39
	19 # 26
	20 # 19
	21 # 36
	22 # 31
	23 # 30
Timestep 11:
	0 # 21
	1 # 20
	2 # 59
	3 # 51
	4 # 47
	5 # 42
	6 # 45
	7 # 13
	8 # 39
	9 # 61
	10 # 4
	11 # 25
	12 # 43
	13 # 0
	14 # 16
	15 # 48
	16 # 35
	17 # 50
	18 # 38
	19 # 19
	20 # 11
	21 # 37
	22 # 24
	23 # 31
Timestep 12:
	0 # 28
	1 # 27
	2 # 60
	3 # 50
	4 # 47
	5 # 41
	6 # 53
	7 # 14
	8 # 38
	9 # 61
	10 # 5
	11 # 33
	12 # 35
	13 # 0
	14 # 8
	15 # 48
	16 # 36
	17 # 42
	18 # 30
	19 # 18
	20 # 11
	21 # 29
	22 # 24
	23 # 39

