Solution makespan:13
Timestep 0:
	0 # 26
	1 # 48
	2 # 41
	3 # 50
	4 # 53
	5 # 11
	6 # 5
	7 # 15
	8 # 33
	9 # 42
	10 # 38
	11 # 25
	12 # 0
	13 # 13
	14 # 34
	15 # 6
	16 # 49
	17 # 10
	18 # 7
	19 # 43
Timestep 1:
	0 # 20
	1 # 42
	2 # 47
	3 # 50
	4 # 52
	5 # 10
	6 # 6
	7 # 16
	8 # 25
	9 # 35
	10 # 37
	11 # 19
	12 # 0
	13 # 13
	14 # 41
	15 # 14
	16 # 48
	17 # 4
	18 # 15
	19 # 49
Timestep 2:
	0 # 19
	1 # 35
	2 # 47
	3 # 49
	4 # 53
	5 # 9
	6 # 14
	7 # 17
	8 # 25
	9 # 36
	10 # 30
	11 # 11
	12 # 1
	13 # 13
	14 # 40
	15 # 21
	16 # 42
	17 # 3
	18 # 16
	19 # 48
Timestep 3:
	0 # 18
	1 # 36
	2 # 55
	3 # 43
	4 # 46
	5 # 8
	6 # 15
	7 # 23
	8 # 19
	9 # 28
	10 # 30
	11 # 10
	12 # 7
	13 # 13
	14 # 39
	15 # 21
	16 # 42
	17 # 9
	18 # 22
	19 # 48
Timestep 4:
	0 # 10
	1 # 35
	2 # 55
	3 # 36
	4 # 39
	5 # 8
	6 # 16
	7 # 24
	8 # 11
	9 # 29
	10 # 37
	11 # 9
	12 # 15
	13 # 13
	14 # 38
	15 # 28
	16 # 42
	17 # 17
	18 # 23
	19 # 48
Timestep 5:
	0 # 9
	1 # 42
	2 # 54
	3 # 28
	4 # 40
	5 # 7
	6 # 22
	7 # 32
	8 # 10
	9 # 29
	10 # 37
	11 # 8
	12 # 16
	13 # 14
	14 # 45
	15 # 27
	16 # 43
	17 # 18
	18 # 31
	19 # 49
Timestep 6:
	0 # 3
	1 # 35
	2 # 53
	3 # 21
	4 # 41
	5 # 6
	6 # 30
	7 # 39
	8 # 4
	9 # 28
	10 # 37
	11 # 8
	12 # 22
	13 # 15
	14 # 44
	15 # 27
	16 # 42
	17 # 19
	18 # 38
	19 # 43
Timestep 7:
	0 # 2
	1 # 36
	2 # 53
	3 # 14
	4 # 47
	5 # 7
	6 # 31
	7 # 40
	8 # 3
	9 # 21
	10 # 37
	11 # 8
	12 # 30
	13 # 16
	14 # 44
	15 # 35
	16 # 48
	17 # 19
	18 # 45
	19 # 43
Timestep 8:
	0 # 1
	1 # 36
	2 # 52
	3 # 15
	4 # 47
	5 # 6
	6 # 32
	7 # 41
	8 # 2
	9 # 14
	10 # 38
	11 # 16
	12 # 31
	13 # 17
	14 # 37
	15 # 27
	16 # 49
	17 # 11
	18 # 46
	19 # 42
Timestep 9:
	0 # 0
	1 # 43
	2 # 51
	3 # 7
	4 # 55
	5 # 5
	6 # 39
	7 # 41
	8 # 1
	9 # 13
	10 # 45
	11 # 16
	12 # 32
	13 # 23
	14 # 30
	15 # 28
	16 # 48
	17 # 11
	18 # 46
	19 # 35
Timestep 10:
	0 # 6
	1 # 49
	2 # 44
	3 # 8
	4 # 54
	5 # 5
	6 # 40
	7 # 34
	8 # 0
	9 # 14
	10 # 45
	11 # 17
	12 # 33
	13 # 31
	14 # 22
	15 # 28
	16 # 48
	17 # 10
	18 # 39
	19 # 27
Timestep 11:
	0 # 5
	1 # 48
	2 # 44
	3 # 2
	4 # 53
	5 # 13
	6 # 41
	7 # 26
	8 # 0
	9 # 6
	10 # 46
	11 # 18
	12 # 34
	13 # 38
	14 # 23
	15 # 36
	16 # 42
	17 # 9
	18 # 39
	19 # 27
Timestep 12:
	0 # 5
	1 # 49
	2 # 45
	3 # 1
	4 # 52
	5 # 14
	6 # 47
	7 # 20
	8 # 0
	9 # 7
	10 # 46
	11 # 18
	12 # 34
	13 # 39
	14 # 24
	15 # 43
	16 # 35
	17 # 8
	18 # 32
	19 # 28
Timestep 13:
	0 # 13
	1 # 48
	2 # 52
	3 # 0
	4 # 51
	5 # 14
	6 # 55
	7 # 26
	8 # 6
	9 # 1
	10 # 53
	11 # 19
	12 # 41
	13 # 40
	14 # 25
	15 # 49
	16 # 36
	17 # 8
	18 # 24
	19 # 28

