Solution makespan:11
Timestep 0:
	0 # 17
	1 # 23
	2 # 14
	3 # 39
	4 # 43
	5 # 12
	6 # 30
	7 # 38
	8 # 29
	9 # 0
	10 # 6
	11 # 34
	12 # 8
	13 # 60
	14 # 3
	15 # 2
Timestep 1:
	0 # 18
	1 # 24
	2 # 22
	3 # 40
	4 # 43
	5 # 20
	6 # 29
	7 # 46
	8 # 37
	9 # 1
	10 # 13
	11 # 26
	12 # 0
	13 # 59
	14 # 10
	15 # 9
Timestep 2:
	0 # 19
	1 # 32
	2 # 21
	3 # 41
	4 # 42
	5 # 28
	6 # 30
	7 # 45
	8 # 38
	9 # 2
	10 # 14
	11 # 34
	12 # 1
	13 # 58
	14 # 11
	15 # 17
Timestep 3:
	0 # 20
	1 # 40
	2 # 29
	3 # 33
	4 # 34
	5 # 36
	6 # 38
	7 # 44
	8 # 46
	9 # 9
	10 # 22
	11 # 35
	12 # 2
	13 # 59
	14 # 11
	15 # 18
Timestep 4:
	0 # 21
	1 # 47
	2 # 37
	3 # 25
	4 # 26
	5 # 44
	6 # 38
	7 # 43
	8 # 53
	9 # 17
	10 # 30
	11 # 27
	12 # 9
	13 # 52
	14 # 4
	15 # 19
Timestep 5:
	0 # 29
	1 # 54
	2 # 45
	3 # 17
	4 # 25
	5 # 51
	6 # 46
	7 # 42
	8 # 60
	9 # 18
	10 # 38
	11 # 19
	12 # 10
	13 # 59
	14 # 3
	15 # 20
Timestep 6:
	0 # 37
	1 # 55
	2 # 52
	3 # 18
	4 # 24
	5 # 51
	6 # 46
	7 # 41
	8 # 53
	9 # 26
	10 # 38
	11 # 20
	12 # 11
	13 # 58
	14 # 2
	15 # 12
Timestep 7:
	0 # 36
	1 # 55
	2 # 52
	3 # 19
	4 # 32
	5 # 50
	6 # 53
	7 # 41
	8 # 60
	9 # 27
	10 # 30
	11 # 12
	12 # 4
	13 # 58
	14 # 1
	15 # 5
Timestep 8:
	0 # 28
	1 # 48
	2 # 59
	3 # 20
	4 # 24
	5 # 49
	6 # 52
	7 # 40
	8 # 60
	9 # 27
	10 # 22
	11 # 11
	12 # 4
	13 # 51
	14 # 2
	15 # 5
Timestep 9:
	0 # 29
	1 # 48
	2 # 59
	3 # 21
	4 # 16
	5 # 42
	6 # 51
	7 # 32
	8 # 53
	9 # 35
	10 # 14
	11 # 4
	12 # 3
	13 # 58
	14 # 9
	15 # 12
Timestep 10:
	0 # 28
	1 # 47
	2 # 52
	3 # 22
	4 # 15
	5 # 49
	6 # 50
	7 # 24
	8 # 46
	9 # 43
	10 # 7
	11 # 5
	12 # 3
	13 # 51
	14 # 10
	15 # 13
Timestep 11:
	0 # 36
	1 # 40
	2 # 45
	3 # 14
	4 # 8
	5 # 56
	6 # 50
	7 # 32
	8 # 53
	9 # 44
	10 # 7
	11 # 6
	12 # 4
	13 # 58
	14 # 11
	15 # 13

