Solution makespan:8
Timestep 0:
	0 # 8
	1 # 7
	2 # 11
	3 # 2
	4 # 3
	5 # 4
	6 # 10
	7 # 12
Timestep 1:
	0 # 4
	1 # 7
	2 # 10
	3 # 1
	4 # 3
	5 # 5
	6 # 6
	7 # 11
Timestep 2:
	0 # 2
	1 # 8
	2 # 11
	3 # 1
	4 # 5
	5 # 9
	6 # 6
	7 # 7
Timestep 3:
	0 # 3
	1 # 4
	2 # 12
	3 # 2
	4 # 9
	5 # 8
	6 # 10
	7 # 6
Timestep 4:
	0 # 3
	1 # 5
	2 # 8
	3 # 4
	4 # 9
	5 # 7
	6 # 11
	7 # 10
Timestep 5:
	0 # 2
	1 # 3
	2 # 12
	3 # 8
	4 # 9
	5 # 6
	6 # 7
	7 # 11
Timestep 6:
	0 # 4
	1 # 2
	2 # 8
	3 # 7
	4 # 5
	5 # 10
	6 # 6
	7 # 12
Timestep 7:
	0 # 2
	1 # 1
	2 # 9
	3 # 7
	4 # 4
	5 # 11
	6 # 10
	7 # 8
Timestep 8:
	0 # 3
	1 # 0
	2 # 9
	3 # 6
	4 # 5
	5 # 12
	6 # 11
	7 # 4

