Solution makespan:12
Timestep 0:
	0 # 5
	1 # 39
	2 # 50
	3 # 58
	4 # 7
	5 # 29
	6 # 16
	7 # 25
Timestep 1:
	0 # 6
	1 # 39
	2 # 50
	3 # 57
	4 # 7
	5 # 28
	6 # 17
	7 # 25
Timestep 2:
	0 # 5
	1 # 31
	2 # 49
	3 # 56
	4 # 6
	5 # 36
	6 # 17
	7 # 26
Timestep 3:
	0 # 4
	1 # 31
	2 # 43
	3 # 55
	4 # 14
	5 # 35
	6 # 18
	7 # 19
Timestep 4:
	0 # 3
	1 # 23
	2 # 36
	3 # 54
	4 # 22
	5 # 34
	6 # 19
	7 # 11
Timestep 5:
	0 # 11
	1 # 24
	2 # 43
	3 # 48
	4 # 29
	5 # 42
	6 # 20
	7 # 12
Timestep 6:
	0 # 19
	1 # 17
	2 # 43
	3 # 47
	4 # 30
	5 # 34
	6 # 21
	7 # 4
Timestep 7:
	0 # 26
	1 # 18
	2 # 36
	3 # 41
	4 # 38
	5 # 34
	6 # 28
	7 # 4
Timestep 8:
	0 # 34
	1 # 10
	2 # 35
	3 # 40
	4 # 45
	5 # 42
	6 # 36
	7 # 12
Timestep 9:
	0 # 42
	1 # 11
	2 # 36
	3 # 39
	4 # 51
	5 # 48
	6 # 43
	7 # 13
Timestep 10:
	0 # 48
	1 # 11
	2 # 37
	3 # 46
	4 # 58
	5 # 54
	6 # 49
	7 # 21
Timestep 11:
	0 # 54
	1 # 12
	2 # 38
	3 # 52
	4 # 51
	5 # 55
	6 # 50
	7 # 28
Timestep 12:
	0 # 55
	1 # 13
	2 # 30
	3 # 53
	4 # 45
	5 # 56
	6 # 57
	7 # 36

