Solution makespan:11
Timestep 0:
	0 # 10
	1 # 22
	2 # 49
	3 # 38
	4 # 48
	5 # 53
	6 # 29
	7 # 40
	8 # 46
	9 # 36
	10 # 44
	11 # 51
	12 # 55
	13 # 25
	14 # 32
	15 # 47
	16 # 20
	17 # 24
	18 # 42
	19 # 39
	20 # 3
	21 # 28
	22 # 35
	23 # 26
	24 # 21
	25 # 45
	26 # 33
	27 # 19
	28 # 41
	29 # 6
	30 # 11
	31 # 5
Timestep 1:
	0 # 11
	1 # 16
	2 # 48
	3 # 37
	4 # 40
	5 # 53
	6 # 29
	7 # 33
	8 # 38
	9 # 36
	10 # 44
	11 # 52
	12 # 54
	13 # 32
	14 # 31
	15 # 47
	16 # 20
	17 # 23
	18 # 50
	19 # 39
	20 # 9
	21 # 34
	22 # 35
	23 # 27
	24 # 21
	25 # 46
	26 # 26
	27 # 18
	28 # 49
	29 # 7
	30 # 12
	31 # 13
Timestep 2:
	0 # 4
	1 # 9
	2 # 48
	3 # 37
	4 # 41
	5 # 53
	6 # 36
	7 # 40
	8 # 31
	9 # 35
	10 # 45
	11 # 44
	12 # 54
	13 # 39
	14 # 30
	15 # 55
	16 # 20
	17 # 23
	18 # 51
	19 # 38
	20 # 10
	21 # 42
	22 # 34
	23 # 28
	24 # 15
	25 # 47
	26 # 26
	27 # 17
	28 # 50
	29 # 8
	30 # 19
	31 # 12
Timestep 3:
	0 # 4
	1 # 9
	2 # 48
	3 # 45
	4 # 49
	5 # 53
	6 # 35
	7 # 40
	8 # 24
	9 # 34
	10 # 46
	11 # 44
	12 # 54
	13 # 38
	14 # 29
	15 # 55
	16 # 26
	17 # 30
	18 # 52
	19 # 31
	20 # 10
	21 # 43
	22 # 28
	23 # 21
	24 # 14
	25 # 47
	26 # 33
	27 # 17
	28 # 51
	29 # 15
	30 # 18
	31 # 19
Timestep 4:
	0 # 4
	1 # 10
	2 # 49
	3 # 46
	4 # 50
	5 # 53
	6 # 34
	7 # 41
	8 # 19
	9 # 42
	10 # 38
	11 # 43
	12 # 55
	13 # 37
	14 # 36
	15 # 47
	16 # 27
	17 # 29
	18 # 44
	19 # 24
	20 # 11
	21 # 35
	22 # 28
	23 # 22
	24 # 14
	25 # 39
	26 # 40
	27 # 16
	28 # 52
	29 # 21
	30 # 23
	31 # 18
Timestep 5:
	0 # 4
	1 # 17
	2 # 50
	3 # 38
	4 # 42
	5 # 54
	6 # 34
	7 # 40
	8 # 12
	9 # 41
	10 # 31
	11 # 51
	12 # 47
	13 # 45
	14 # 44
	15 # 39
	16 # 26
	17 # 29
	18 # 43
	19 # 19
	20 # 11
	21 # 35
	22 # 27
	23 # 22
	24 # 14
	25 # 32
	26 # 48
	27 # 9
	28 # 53
	29 # 28
	30 # 30
	31 # 23
Timestep 6:
	0 # 4
	1 # 17
	2 # 51
	3 # 38
	4 # 34
	5 # 55
	6 # 28
	7 # 40
	8 # 11
	9 # 41
	10 # 24
	11 # 52
	12 # 39
	13 # 44
	14 # 43
	15 # 32
	16 # 20
	17 # 36
	18 # 42
	19 # 12
	20 # 18
	21 # 35
	22 # 26
	23 # 22
	24 # 7
	25 # 31
	26 # 49
	27 # 3
	28 # 54
	29 # 27
	30 # 29
	31 # 30
Timestep 7:
	0 # 4
	1 # 18
	2 # 52
	3 # 31
	4 # 28
	5 # 55
	6 # 21
	7 # 33
	8 # 10
	9 # 49
	10 # 19
	11 # 53
	12 # 32
	13 # 43
	14 # 42
	15 # 25
	16 # 20
	17 # 44
	18 # 34
	19 # 11
	20 # 23
	21 # 35
	22 # 26
	23 # 16
	24 # 14
	25 # 24
	26 # 50
	27 # 2
	28 # 46
	29 # 27
	30 # 29
	31 # 37
Timestep 8:
	0 # 11
	1 # 23
	2 # 53
	3 # 31
	4 # 21
	5 # 54
	6 # 15
	7 # 40
	8 # 9
	9 # 50
	10 # 12
	11 # 45
	12 # 25
	13 # 42
	14 # 41
	15 # 24
	16 # 20
	17 # 43
	18 # 35
	19 # 10
	20 # 30
	21 # 36
	22 # 26
	23 # 17
	24 # 7
	25 # 19
	26 # 51
	27 # 1
	28 # 47
	29 # 28
	30 # 29
	31 # 38
Timestep 9:
	0 # 18
	1 # 30
	2 # 54
	3 # 38
	4 # 15
	5 # 55
	6 # 8
	7 # 33
	8 # 16
	9 # 51
	10 # 13
	11 # 45
	12 # 24
	13 # 41
	14 # 40
	15 # 19
	16 # 26
	17 # 42
	18 # 43
	19 # 9
	20 # 37
	21 # 36
	22 # 27
	23 # 10
	24 # 1
	25 # 12
	26 # 52
	27 # 0
	28 # 39
	29 # 34
	30 # 29
	31 # 46
Timestep 10:
	0 # 23
	1 # 31
	2 # 54
	3 # 39
	4 # 16
	5 # 55
	6 # 2
	7 # 26
	8 # 22
	9 # 52
	10 # 13
	11 # 37
	12 # 19
	13 # 40
	14 # 48
	15 # 18
	16 # 20
	17 # 41
	18 # 42
	19 # 8
	20 # 36
	21 # 44
	22 # 28
	23 # 17
	24 # 1
	25 # 11
	26 # 53
	27 # 0
	28 # 32
	29 # 35
	30 # 29
	31 # 45
Timestep 11:
	0 # 24
	1 # 32
	2 # 53
	3 # 39
	4 # 9
	5 # 55
	6 # 1
	7 # 27
	8 # 22
	9 # 44
	10 # 5
	11 # 30
	12 # 12
	13 # 33
	14 # 48
	15 # 17
	16 # 20
	17 # 40
	18 # 42
	19 # 7
	20 # 35
	21 # 36
	22 # 34
	23 # 16
	24 # 0
	25 # 4
	26 # 45
	27 # 6
	28 # 25
	29 # 43
	30 # 29
	31 # 37

