Solution makespan:10
Timestep 0:
	0 # 0
	1 # 5
	2 # 32
	3 # 44
	4 # 35
	5 # 13
	6 # 56
	7 # 20
	8 # 14
	9 # 6
	10 # 36
	11 # 51
	12 # 46
	13 # 27
	14 # 28
	15 # 57
	16 # 21
	17 # 49
	18 # 31
	19 # 11
	20 # 43
	21 # 55
	22 # 9
	23 # 38
Timestep 1:
	0 # 1
	1 # 5
	2 # 33
	3 # 37
	4 # 34
	5 # 13
	6 # 48
	7 # 12
	8 # 15
	9 # 7
	10 # 36
	11 # 45
	12 # 46
	13 # 20
	14 # 27
	15 # 56
	16 # 28
	17 # 50
	18 # 32
	19 # 19
	20 # 42
	21 # 47
	22 # 17
	23 # 38
Timestep 2:
	0 # 2
	1 # 13
	2 # 34
	3 # 36
	4 # 26
	5 # 21
	6 # 49
	7 # 4
	8 # 15
	9 # 7
	10 # 35
	11 # 38
	12 # 46
	13 # 12
	14 # 28
	15 # 55
	16 # 29
	17 # 44
	18 # 31
	19 # 18
	20 # 41
	21 # 48
	22 # 24
	23 # 30
Timestep 3:
	0 # 3
	1 # 21
	2 # 42
	3 # 35
	4 # 19
	5 # 20
	6 # 50
	7 # 5
	8 # 14
	9 # 15
	10 # 34
	11 # 30
	12 # 47
	13 # 11
	14 # 36
	15 # 54
	16 # 37
	17 # 45
	18 # 23
	19 # 17
	20 # 41
	21 # 43
	22 # 32
	23 # 29
Timestep 4:
	0 # 4
	1 # 28
	2 # 47
	3 # 34
	4 # 19
	5 # 27
	6 # 51
	7 # 6
	8 # 13
	9 # 14
	10 # 26
	11 # 22
	12 # 55
	13 # 3
	14 # 36
	15 # 46
	16 # 44
	17 # 38
	18 # 23
	19 # 16
	20 # 40
	21 # 35
	22 # 33
	23 # 37
Timestep 5:
	0 # 5
	1 # 29
	2 # 55
	3 # 33
	4 # 11
	5 # 26
	6 # 45
	7 # 7
	8 # 12
	9 # 13
	10 # 25
	11 # 15
	12 # 56
	13 # 4
	14 # 36
	15 # 46
	16 # 50
	17 # 38
	18 # 24
	19 # 23
	20 # 32
	21 # 27
	22 # 41
	23 # 44
Timestep 6:
	0 # 6
	1 # 29
	2 # 56
	3 # 32
	4 # 3
	5 # 34
	6 # 38
	7 # 15
	8 # 11
	9 # 12
	10 # 18
	11 # 22
	12 # 48
	13 # 5
	14 # 36
	15 # 47
	16 # 58
	17 # 37
	18 # 25
	19 # 23
	20 # 31
	21 # 28
	22 # 46
	23 # 50
Timestep 7:
	0 # 7
	1 # 28
	2 # 55
	3 # 24
	4 # 4
	5 # 42
	6 # 45
	7 # 22
	8 # 19
	9 # 11
	10 # 25
	11 # 30
	12 # 43
	13 # 13
	14 # 37
	15 # 46
	16 # 58
	17 # 44
	18 # 26
	19 # 23
	20 # 32
	21 # 21
	22 # 54
	23 # 49
Timestep 8:
	0 # 15
	1 # 36
	2 # 54
	3 # 17
	4 # 5
	5 # 41
	6 # 44
	7 # 30
	8 # 26
	9 # 3
	10 # 33
	11 # 29
	12 # 43
	13 # 14
	14 # 38
	15 # 47
	16 # 57
	17 # 50
	18 # 27
	19 # 16
	20 # 24
	21 # 21
	22 # 53
	23 # 48
Timestep 9:
	0 # 22
	1 # 35
	2 # 54
	3 # 18
	4 # 6
	5 # 40
	6 # 37
	7 # 38
	8 # 34
	9 # 3
	10 # 33
	11 # 28
	12 # 48
	13 # 15
	14 # 45
	15 # 42
	16 # 49
	17 # 44
	18 # 20
	19 # 23
	20 # 17
	21 # 13
	22 # 53
	23 # 47
Timestep 10:
	0 # 30
	1 # 27
	2 # 55
	3 # 19
	4 # 6
	5 # 39
	6 # 29
	7 # 45
	8 # 42
	9 # 3
	10 # 32
	11 # 21
	12 # 47
	13 # 22
	14 # 51
	15 # 41
	16 # 57
	17 # 37
	18 # 20
	19 # 31
	20 # 9
	21 # 5
	22 # 53
	23 # 46

