Solution makespan:12
Timestep 0:
	0 # 12
	1 # 27
	2 # 26
	3 # 34
	4 # 7
	5 # 43
	6 # 44
	7 # 18
	8 # 29
	9 # 14
	10 # 38
	11 # 31
	12 # 51
	13 # 22
	14 # 55
	15 # 19
Timestep 1:
	0 # 19
	1 # 34
	2 # 26
	3 # 33
	4 # 14
	5 # 35
	6 # 51
	7 # 25
	8 # 28
	9 # 21
	10 # 31
	11 # 30
	12 # 52
	13 # 15
	14 # 56
	15 # 20
Timestep 2:
	0 # 26
	1 # 42
	2 # 27
	3 # 41
	4 # 7
	5 # 28
	6 # 52
	7 # 25
	8 # 21
	9 # 22
	10 # 31
	11 # 37
	12 # 53
	13 # 8
	14 # 56
	15 # 13
Timestep 3:
	0 # 33
	1 # 41
	2 # 27
	3 # 40
	4 # 8
	5 # 35
	6 # 53
	7 # 32
	8 # 28
	9 # 23
	10 # 38
	11 # 36
	12 # 54
	13 # 1
	14 # 57
	15 # 13
Timestep 4:
	0 # 41
	1 # 40
	2 # 26
	3 # 39
	4 # 15
	5 # 36
	6 # 53
	7 # 32
	8 # 28
	9 # 30
	10 # 31
	11 # 44
	12 # 55
	13 # 2
	14 # 57
	15 # 12
Timestep 5:
	0 # 40
	1 # 39
	2 # 25
	3 # 38
	4 # 22
	5 # 29
	6 # 54
	7 # 32
	8 # 35
	9 # 23
	10 # 24
	11 # 43
	12 # 55
	13 # 3
	14 # 57
	15 # 19
Timestep 6:
	0 # 39
	1 # 38
	2 # 26
	3 # 37
	4 # 15
	5 # 28
	6 # 55
	7 # 40
	8 # 36
	9 # 22
	10 # 31
	11 # 35
	12 # 56
	13 # 4
	14 # 57
	15 # 19
Timestep 7:
	0 # 47
	1 # 46
	2 # 33
	3 # 30
	4 # 22
	5 # 21
	6 # 55
	7 # 39
	8 # 37
	9 # 29
	10 # 31
	11 # 28
	12 # 48
	13 # 10
	14 # 49
	15 # 18
Timestep 8:
	0 # 46
	1 # 45
	2 # 33
	3 # 30
	4 # 21
	5 # 14
	6 # 56
	7 # 47
	8 # 38
	9 # 36
	10 # 31
	11 # 29
	12 # 41
	13 # 11
	14 # 57
	15 # 17
Timestep 9:
	0 # 45
	1 # 52
	2 # 34
	3 # 23
	4 # 22
	5 # 15
	6 # 48
	7 # 46
	8 # 39
	9 # 35
	10 # 38
	11 # 30
	12 # 33
	13 # 18
	14 # 56
	15 # 10
Timestep 10:
	0 # 44
	1 # 52
	2 # 42
	3 # 16
	4 # 29
	5 # 22
	6 # 41
	7 # 45
	8 # 40
	9 # 35
	10 # 38
	11 # 31
	12 # 26
	13 # 19
	14 # 55
	15 # 4
Timestep 11:
	0 # 51
	1 # 45
	2 # 49
	3 # 9
	4 # 30
	5 # 23
	6 # 33
	7 # 44
	8 # 41
	9 # 36
	10 # 39
	11 # 38
	12 # 19
	13 # 12
	14 # 54
	15 # 3
Timestep 12:
	0 # 50
	1 # 44
	2 # 49
	3 # 16
	4 # 31
	5 # 30
	6 # 34
	7 # 43
	8 # 41
	9 # 37
	10 # 40
	11 # 39
	12 # 12
	13 # 13
	14 # 47
	15 # 4

