Solution makespan:9
Timestep 0:
	0 # 41
	1 # 40
	2 # 14
	3 # 29
	4 # 1
	5 # 25
	6 # 34
	7 # 17
	8 # 23
	9 # 3
	10 # 19
	11 # 8
	12 # 37
	13 # 26
	14 # 10
	15 # 28
	16 # 45
	17 # 4
	18 # 12
	19 # 49
Timestep 1:
	0 # 35
	1 # 40
	2 # 22
	3 # 30
	4 # 8
	5 # 25
	6 # 34
	7 # 16
	8 # 24
	9 # 2
	10 # 18
	11 # 9
	12 # 37
	13 # 27
	14 # 10
	15 # 20
	16 # 46
	17 # 4
	18 # 11
	19 # 48
Timestep 2:
	0 # 29
	1 # 40
	2 # 22
	3 # 36
	4 # 8
	5 # 26
	6 # 33
	7 # 16
	8 # 31
	9 # 1
	10 # 17
	11 # 9
	12 # 38
	13 # 28
	14 # 18
	15 # 20
	16 # 52
	17 # 3
	18 # 19
	19 # 55
Timestep 3:
	0 # 21
	1 # 34
	2 # 14
	3 # 42
	4 # 1
	5 # 27
	6 # 32
	7 # 8
	8 # 38
	9 # 0
	10 # 25
	11 # 10
	12 # 44
	13 # 29
	14 # 17
	15 # 19
	16 # 53
	17 # 4
	18 # 18
	19 # 54
Timestep 4:
	0 # 20
	1 # 27
	2 # 13
	3 # 49
	4 # 0
	5 # 28
	6 # 31
	7 # 9
	8 # 44
	9 # 7
	10 # 32
	11 # 11
	12 # 43
	13 # 35
	14 # 16
	15 # 18
	16 # 54
	17 # 3
	18 # 17
	19 # 55
Timestep 5:
	0 # 28
	1 # 19
	2 # 5
	3 # 48
	4 # 1
	5 # 29
	6 # 38
	7 # 10
	8 # 43
	9 # 15
	10 # 39
	11 # 12
	12 # 37
	13 # 41
	14 # 24
	15 # 26
	16 # 47
	17 # 2
	18 # 25
	19 # 55
Timestep 6:
	0 # 28
	1 # 20
	2 # 5
	3 # 49
	4 # 2
	5 # 35
	6 # 44
	7 # 11
	8 # 43
	9 # 16
	10 # 45
	11 # 13
	12 # 38
	13 # 48
	14 # 23
	15 # 25
	16 # 47
	17 # 9
	18 # 32
	19 # 54
Timestep 7:
	0 # 27
	1 # 28
	2 # 5
	3 # 56
	4 # 9
	5 # 41
	6 # 43
	7 # 19
	8 # 50
	9 # 17
	10 # 46
	11 # 14
	12 # 31
	13 # 55
	14 # 15
	15 # 24
	16 # 48
	17 # 8
	18 # 39
	19 # 53
Timestep 8:
	0 # 34
	1 # 29
	2 # 13
	3 # 56
	4 # 17
	5 # 48
	6 # 43
	7 # 27
	8 # 50
	9 # 25
	10 # 46
	11 # 6
	12 # 32
	13 # 55
	14 # 15
	15 # 23
	16 # 49
	17 # 7
	18 # 45
	19 # 52
Timestep 9:
	0 # 33
	1 # 30
	2 # 13
	3 # 49
	4 # 17
	5 # 47
	6 # 43
	7 # 27
	8 # 50
	9 # 25
	10 # 46
	11 # 6
	12 # 32
	13 # 54
	14 # 15
	15 # 23
	16 # 48
	17 # 7
	18 # 45
	19 # 51

