Solution makespan:10
Timestep 0:
	0 # 43
	1 # 39
	2 # 25
	3 # 3
	4 # 14
	5 # 47
	6 # 0
	7 # 28
	8 # 8
	9 # 38
	10 # 44
	11 # 20
	12 # 21
	13 # 18
	14 # 5
	15 # 12
	16 # 22
	17 # 42
	18 # 32
	19 # 4
Timestep 1:
	0 # 49
	1 # 38
	2 # 19
	3 # 9
	4 # 22
	5 # 40
	6 # 0
	7 # 27
	8 # 2
	9 # 31
	10 # 45
	11 # 26
	12 # 21
	13 # 17
	14 # 4
	15 # 20
	16 # 23
	17 # 41
	18 # 33
	19 # 10
Timestep 2:
	0 # 50
	1 # 37
	2 # 18
	3 # 16
	4 # 28
	5 # 41
	6 # 7
	7 # 27
	8 # 3
	9 # 38
	10 # 45
	11 # 32
	12 # 22
	13 # 24
	14 # 10
	15 # 26
	16 # 15
	17 # 48
	18 # 33
	19 # 9
Timestep 3:
	0 # 51
	1 # 36
	2 # 18
	3 # 15
	4 # 28
	5 # 41
	6 # 13
	7 # 26
	8 # 4
	9 # 37
	10 # 46
	11 # 40
	12 # 23
	13 # 30
	14 # 17
	15 # 20
	16 # 8
	17 # 47
	18 # 32
	19 # 16
Timestep 4:
	0 # 45
	1 # 44
	2 # 18
	3 # 14
	4 # 28
	5 # 48
	6 # 13
	7 # 27
	8 # 3
	9 # 36
	10 # 38
	11 # 41
	12 # 23
	13 # 29
	14 # 24
	15 # 21
	16 # 9
	17 # 47
	18 # 26
	19 # 15
Timestep 5:
	0 # 51
	1 # 43
	2 # 19
	3 # 13
	4 # 27
	5 # 41
	6 # 7
	7 # 33
	8 # 9
	9 # 37
	10 # 31
	11 # 42
	12 # 23
	13 # 36
	14 # 30
	15 # 22
	16 # 10
	17 # 40
	18 # 20
	19 # 14
Timestep 6:
	0 # 52
	1 # 43
	2 # 19
	3 # 12
	4 # 26
	5 # 42
	6 # 0
	7 # 27
	8 # 9
	9 # 45
	10 # 38
	11 # 34
	12 # 23
	13 # 37
	14 # 29
	15 # 28
	16 # 17
	17 # 32
	18 # 21
	19 # 15
Timestep 7:
	0 # 53
	1 # 44
	2 # 11
	3 # 20
	4 # 27
	5 # 43
	6 # 0
	7 # 21
	8 # 10
	9 # 45
	10 # 31
	11 # 35
	12 # 15
	13 # 30
	14 # 36
	15 # 28
	16 # 17
	17 # 33
	18 # 13
	19 # 8
Timestep 8:
	0 # 52
	1 # 36
	2 # 6
	3 # 26
	4 # 21
	5 # 44
	6 # 1
	7 # 13
	8 # 10
	9 # 46
	10 # 30
	11 # 34
	12 # 23
	13 # 29
	14 # 35
	15 # 27
	16 # 16
	17 # 41
	18 # 12
	19 # 2
Timestep 9:
	0 # 51
	1 # 35
	2 # 5
	3 # 32
	4 # 20
	5 # 45
	6 # 0
	7 # 14
	8 # 9
	9 # 52
	10 # 24
	11 # 28
	12 # 23
	13 # 30
	14 # 43
	15 # 33
	16 # 15
	17 # 48
	18 # 12
	19 # 8
Timestep 10:
	0 # 45
	1 # 34
	2 # 4
	3 # 40
	4 # 26
	5 # 46
	6 # 1
	7 # 14
	8 # 16
	9 # 53
	10 # 17
	11 # 28
	12 # 15
	13 # 31
	14 # 43
	15 # 32
	16 # 8
	17 # 48
	18 # 13
	19 # 2

