Solution makespan:10
Timestep 0:
	0 # 21
	1 # 45
	2 # 33
	3 # 19
	4 # 41
	5 # 6
	6 # 11
	7 # 5
Timestep 1:
	0 # 15
	1 # 45
	2 # 26
	3 # 24
	4 # 42
	5 # 0
	6 # 10
	7 # 13
Timestep 2:
	0 # 14
	1 # 44
	2 # 27
	3 # 31
	4 # 43
	5 # 0
	6 # 17
	7 # 12
Timestep 3:
	0 # 14
	1 # 43
	2 # 28
	3 # 38
	4 # 51
	5 # 0
	6 # 16
	7 # 11
Timestep 4:
	0 # 7
	1 # 42
	2 # 21
	3 # 46
	4 # 52
	5 # 6
	6 # 15
	7 # 18
Timestep 5:
	0 # 1
	1 # 34
	2 # 15
	3 # 54
	4 # 51
	5 # 7
	6 # 14
	7 # 17
Timestep 6:
	0 # 2
	1 # 28
	2 # 8
	3 # 46
	4 # 50
	5 # 6
	6 # 14
	7 # 16
Timestep 7:
	0 # 3
	1 # 21
	2 # 9
	3 # 38
	4 # 49
	5 # 0
	6 # 7
	7 # 15
Timestep 8:
	0 # 3
	1 # 22
	2 # 10
	3 # 31
	4 # 48
	5 # 6
	6 # 8
	7 # 21
Timestep 9:
	0 # 2
	1 # 16
	2 # 11
	3 # 38
	4 # 40
	5 # 6
	6 # 7
	7 # 28
Timestep 10:
	0 # 2
	1 # 22
	2 # 18
	3 # 39
	4 # 41
	5 # 6
	6 # 14
	7 # 34

