Solution makespan:13
Timestep 0:
	0 # 55
	1 # 37
	2 # 0
	3 # 42
	4 # 23
	5 # 7
	6 # 32
	7 # 11
	8 # 5
	9 # 24
	10 # 28
	11 # 40
	12 # 30
	13 # 12
	14 # 36
	15 # 52
	16 # 19
	17 # 51
	18 # 29
	19 # 15
	20 # 4
	21 # 17
	22 # 9
	23 # 39
Timestep 1:
	0 # 54
	1 # 38
	2 # 1
	3 # 35
	4 # 16
	5 # 7
	6 # 24
	7 # 4
	8 # 12
	9 # 17
	10 # 27
	11 # 39
	12 # 31
	13 # 11
	14 # 37
	15 # 53
	16 # 20
	17 # 51
	18 # 30
	19 # 22
	20 # 3
	21 # 18
	22 # 10
	23 # 32
Timestep 2:
	0 # 48
	1 # 45
	2 # 8
	3 # 34
	4 # 16
	5 # 0
	6 # 25
	7 # 5
	8 # 13
	9 # 18
	10 # 26
	11 # 39
	12 # 31
	13 # 4
	14 # 38
	15 # 47
	16 # 21
	17 # 51
	18 # 22
	19 # 23
	20 # 2
	21 # 19
	22 # 11
	23 # 24
Timestep 3:
	0 # 41
	1 # 45
	2 # 9
	3 # 33
	4 # 16
	5 # 0
	6 # 18
	7 # 5
	8 # 20
	9 # 11
	10 # 25
	11 # 38
	12 # 23
	13 # 3
	14 # 31
	15 # 48
	16 # 28
	17 # 51
	18 # 15
	19 # 22
	20 # 1
	21 # 19
	22 # 4
	23 # 17
Timestep 4:
	0 # 34
	1 # 38
	2 # 9
	3 # 26
	4 # 15
	5 # 7
	6 # 11
	7 # 12
	8 # 27
	9 # 10
	10 # 24
	11 # 37
	12 # 16
	13 # 3
	14 # 23
	15 # 41
	16 # 35
	17 # 51
	18 # 8
	19 # 22
	20 # 0
	21 # 20
	22 # 5
	23 # 18
Timestep 5:
	0 # 33
	1 # 31
	2 # 9
	3 # 25
	4 # 22
	5 # 8
	6 # 4
	7 # 13
	8 # 26
	9 # 10
	10 # 32
	11 # 44
	12 # 17
	13 # 2
	14 # 23
	15 # 42
	16 # 35
	17 # 51
	18 # 1
	19 # 30
	20 # 0
	21 # 21
	22 # 12
	23 # 19
Timestep 6:
	0 # 33
	1 # 23
	2 # 2
	3 # 24
	4 # 15
	5 # 9
	6 # 3
	7 # 20
	8 # 25
	9 # 11
	10 # 39
	11 # 50
	12 # 18
	13 # 1
	14 # 16
	15 # 35
	16 # 34
	17 # 45
	18 # 0
	19 # 37
	20 # 7
	21 # 28
	22 # 13
	23 # 26
Timestep 7:
	0 # 26
	1 # 24
	2 # 3
	3 # 32
	4 # 15
	5 # 16
	6 # 4
	7 # 27
	8 # 25
	9 # 12
	10 # 46
	11 # 50
	12 # 18
	13 # 1
	14 # 17
	15 # 28
	16 # 41
	17 # 51
	18 # 0
	19 # 30
	20 # 7
	21 # 21
	22 # 20
	23 # 19
Timestep 8:
	0 # 25
	1 # 17
	2 # 4
	3 # 39
	4 # 22
	5 # 23
	6 # 11
	7 # 34
	8 # 24
	9 # 13
	10 # 45
	11 # 49
	12 # 18
	13 # 2
	14 # 10
	15 # 21
	16 # 48
	17 # 50
	18 # 1
	19 # 31
	20 # 8
	21 # 14
	22 # 27
	23 # 12
Timestep 9:
	0 # 24
	1 # 10
	2 # 5
	3 # 46
	4 # 30
	5 # 23
	6 # 18
	7 # 41
	8 # 32
	9 # 13
	10 # 51
	11 # 49
	12 # 19
	13 # 9
	14 # 3
	15 # 20
	16 # 54
	17 # 44
	18 # 2
	19 # 31
	20 # 7
	21 # 21
	22 # 34
	23 # 12
Timestep 10:
	0 # 32
	1 # 10
	2 # 12
	3 # 45
	4 # 29
	5 # 31
	6 # 25
	7 # 48
	8 # 39
	9 # 14
	10 # 51
	11 # 50
	12 # 26
	13 # 9
	14 # 4
	15 # 19
	16 # 53
	17 # 37
	18 # 2
	19 # 30
	20 # 0
	21 # 21
	22 # 41
	23 # 11
Timestep 11:
	0 # 39
	1 # 9
	2 # 13
	3 # 51
	4 # 29
	5 # 38
	6 # 24
	7 # 54
	8 # 46
	9 # 21
	10 # 50
	11 # 44
	12 # 27
	13 # 8
	14 # 11
	15 # 12
	16 # 53
	17 # 37
	18 # 3
	19 # 31
	20 # 1
	21 # 20
	22 # 48
	23 # 10
Timestep 12:
	0 # 38
	1 # 8
	2 # 14
	3 # 50
	4 # 30
	5 # 45
	6 # 24
	7 # 55
	8 # 39
	9 # 21
	10 # 44
	11 # 37
	12 # 28
	13 # 1
	14 # 18
	15 # 11
	16 # 54
	17 # 36
	18 # 10
	19 # 31
	20 # 2
	21 # 13
	22 # 47
	23 # 17
Timestep 13:
	0 # 37
	1 # 7
	2 # 6
	3 # 49
	4 # 22
	5 # 38
	6 # 23
	7 # 54
	8 # 39
	9 # 21
	10 # 44
	11 # 30
	12 # 27
	13 # 1
	14 # 25
	15 # 11
	16 # 48
	17 # 29
	18 # 17
	19 # 32
	20 # 9
	21 # 13
	22 # 53
	23 # 16

