Solution makespan:8
Timestep 0:
	0 # 49
	1 # 16
	2 # 57
	3 # 27
	4 # 43
	5 # 35
	6 # 48
	7 # 23
Timestep 1:
	0 # 56
	1 # 16
	2 # 58
	3 # 19
	4 # 42
	5 # 43
	6 # 49
	7 # 24
Timestep 2:
	0 # 55
	1 # 17
	2 # 50
	3 # 11
	4 # 34
	5 # 44
	6 # 48
	7 # 24
Timestep 3:
	0 # 56
	1 # 17
	2 # 44
	3 # 10
	4 # 27
	5 # 43
	6 # 49
	7 # 23
Timestep 4:
	0 # 49
	1 # 25
	2 # 44
	3 # 9
	4 # 26
	5 # 43
	6 # 42
	7 # 22
Timestep 5:
	0 # 48
	1 # 17
	2 # 36
	3 # 8
	4 # 18
	5 # 42
	6 # 41
	7 # 22
Timestep 6:
	0 # 55
	1 # 9
	2 # 29
	3 # 8
	4 # 10
	5 # 41
	6 # 33
	7 # 14
Timestep 7:
	0 # 54
	1 # 17
	2 # 21
	3 # 16
	4 # 9
	5 # 48
	6 # 26
	7 # 6
Timestep 8:
	0 # 53
	1 # 25
	2 # 13
	3 # 15
	4 # 8
	5 # 55
	6 # 18
	7 # 0

