Solution makespan:11
Timestep 0:
	0 # 48
	1 # 38
	2 # 53
	3 # 23
	4 # 49
	5 # 39
	6 # 8
	7 # 9
	8 # 18
	9 # 24
	10 # 32
	11 # 43
	12 # 41
	13 # 46
	14 # 51
	15 # 29
	16 # 47
	17 # 0
	18 # 30
	19 # 16
	20 # 45
	21 # 50
	22 # 56
	23 # 11
Timestep 1:
	0 # 55
	1 # 31
	2 # 52
	3 # 30
	4 # 42
	5 # 39
	6 # 7
	7 # 9
	8 # 17
	9 # 16
	10 # 40
	11 # 35
	12 # 48
	13 # 46
	14 # 51
	15 # 22
	16 # 54
	17 # 5
	18 # 29
	19 # 15
	20 # 44
	21 # 43
	22 # 49
	23 # 19
Timestep 2:
	0 # 56
	1 # 24
	2 # 45
	3 # 29
	4 # 34
	5 # 46
	6 # 6
	7 # 10
	8 # 17
	9 # 8
	10 # 40
	11 # 28
	12 # 48
	13 # 47
	14 # 44
	15 # 14
	16 # 54
	17 # 13
	18 # 22
	19 # 23
	20 # 43
	21 # 35
	22 # 42
	23 # 18
Timestep 3:
	0 # 56
	1 # 16
	2 # 37
	3 # 29
	4 # 34
	5 # 46
	6 # 5
	7 # 11
	8 # 9
	9 # 7
	10 # 39
	11 # 21
	12 # 55
	13 # 40
	14 # 45
	15 # 6
	16 # 47
	17 # 14
	18 # 23
	19 # 15
	20 # 43
	21 # 36
	22 # 41
	23 # 17
Timestep 4:
	0 # 56
	1 # 15
	2 # 30
	3 # 28
	4 # 27
	5 # 46
	6 # 5
	7 # 12
	8 # 8
	9 # 2
	10 # 38
	11 # 13
	12 # 48
	13 # 32
	14 # 37
	15 # 7
	16 # 47
	17 # 22
	18 # 24
	19 # 14
	20 # 44
	21 # 36
	22 # 40
	23 # 16
Timestep 5:
	0 # 55
	1 # 16
	2 # 31
	3 # 21
	4 # 20
	5 # 47
	6 # 5
	7 # 12
	8 # 7
	9 # 1
	10 # 37
	11 # 13
	12 # 41
	13 # 26
	14 # 30
	15 # 2
	16 # 40
	17 # 29
	18 # 25
	19 # 14
	20 # 44
	21 # 35
	22 # 39
	23 # 17
Timestep 6:
	0 # 54
	1 # 8
	2 # 24
	3 # 13
	4 # 19
	5 # 46
	6 # 0
	7 # 20
	8 # 15
	9 # 6
	10 # 45
	11 # 5
	12 # 41
	13 # 18
	14 # 37
	15 # 2
	16 # 40
	17 # 28
	18 # 26
	19 # 14
	20 # 51
	21 # 35
	22 # 38
	23 # 17
Timestep 7:
	0 # 54
	1 # 9
	2 # 24
	3 # 21
	4 # 18
	5 # 47
	6 # 0
	7 # 27
	8 # 23
	9 # 6
	10 # 44
	11 # 5
	12 # 48
	13 # 17
	14 # 38
	15 # 7
	16 # 41
	17 # 35
	18 # 32
	19 # 22
	20 # 52
	21 # 36
	22 # 31
	23 # 25
Timestep 8:
	0 # 54
	1 # 10
	2 # 31
	3 # 22
	4 # 17
	5 # 48
	6 # 0
	7 # 34
	8 # 23
	9 # 6
	10 # 51
	11 # 13
	12 # 55
	13 # 16
	14 # 39
	15 # 8
	16 # 33
	17 # 43
	18 # 40
	19 # 14
	20 # 53
	21 # 37
	22 # 30
	23 # 26
Timestep 9:
	0 # 55
	1 # 18
	2 # 38
	3 # 23
	4 # 16
	5 # 49
	6 # 1
	7 # 42
	8 # 24
	9 # 7
	10 # 51
	11 # 13
	12 # 56
	13 # 15
	14 # 40
	15 # 9
	16 # 34
	17 # 50
	18 # 47
	19 # 14
	20 # 53
	21 # 37
	22 # 29
	23 # 25
Timestep 10:
	0 # 48
	1 # 26
	2 # 39
	3 # 30
	4 # 16
	5 # 56
	6 # 6
	7 # 42
	8 # 31
	9 # 15
	10 # 44
	11 # 21
	12 # 55
	13 # 14
	14 # 40
	15 # 10
	16 # 27
	17 # 51
	18 # 54
	19 # 22
	20 # 53
	21 # 38
	22 # 28
	23 # 24
Timestep 11:
	0 # 49
	1 # 32
	2 # 46
	3 # 29
	4 # 15
	5 # 56
	6 # 1
	7 # 34
	8 # 31
	9 # 23
	10 # 45
	11 # 28
	12 # 48
	13 # 13
	14 # 41
	15 # 11
	16 # 27
	17 # 52
	18 # 55
	19 # 22
	20 # 53
	21 # 39
	22 # 35
	23 # 25

