Solution makespan:10
Timestep 0:
	0 # 32
	1 # 27
	2 # 44
	3 # 28
	4 # 11
	5 # 46
	6 # 35
	7 # 3
	8 # 13
	9 # 25
	10 # 14
	11 # 9
	12 # 36
	13 # 54
	14 # 42
	15 # 58
Timestep 1:
	0 # 33
	1 # 28
	2 # 44
	3 # 20
	4 # 10
	5 # 39
	6 # 43
	7 # 11
	8 # 21
	9 # 26
	10 # 22
	11 # 9
	12 # 36
	13 # 47
	14 # 48
	15 # 57
Timestep 2:
	0 # 33
	1 # 20
	2 # 43
	3 # 12
	4 # 9
	5 # 31
	6 # 49
	7 # 19
	8 # 29
	9 # 34
	10 # 21
	11 # 17
	12 # 44
	13 # 40
	14 # 55
	15 # 56
Timestep 3:
	0 # 34
	1 # 12
	2 # 35
	3 # 11
	4 # 8
	5 # 23
	6 # 50
	7 # 27
	8 # 28
	9 # 42
	10 # 20
	11 # 25
	12 # 45
	13 # 32
	14 # 48
	15 # 55
Timestep 4:
	0 # 26
	1 # 12
	2 # 34
	3 # 10
	4 # 7
	5 # 15
	6 # 51
	7 # 35
	8 # 36
	9 # 43
	10 # 19
	11 # 33
	12 # 45
	13 # 24
	14 # 42
	15 # 48
Timestep 5:
	0 # 34
	1 # 11
	2 # 33
	3 # 2
	4 # 15
	5 # 16
	6 # 50
	7 # 43
	8 # 44
	9 # 49
	10 # 18
	11 # 32
	12 # 37
	13 # 25
	14 # 41
	15 # 42
Timestep 6:
	0 # 35
	1 # 10
	2 # 25
	3 # 2
	4 # 23
	5 # 16
	6 # 49
	7 # 42
	8 # 43
	9 # 56
	10 # 17
	11 # 32
	12 # 37
	13 # 26
	14 # 33
	15 # 41
Timestep 7:
	0 # 34
	1 # 9
	2 # 17
	3 # 10
	4 # 31
	5 # 15
	6 # 48
	7 # 41
	8 # 42
	9 # 56
	10 # 16
	11 # 32
	12 # 36
	13 # 27
	14 # 25
	15 # 33
Timestep 8:
	0 # 26
	1 # 8
	2 # 9
	3 # 18
	4 # 39
	5 # 7
	6 # 42
	7 # 40
	8 # 41
	9 # 49
	10 # 24
	11 # 31
	12 # 37
	13 # 28
	14 # 17
	15 # 25
Timestep 9:
	0 # 27
	1 # 7
	2 # 8
	3 # 18
	4 # 39
	5 # 0
	6 # 34
	7 # 47
	8 # 33
	9 # 50
	10 # 32
	11 # 23
	12 # 37
	13 # 29
	14 # 9
	15 # 17
Timestep 10:
	0 # 19
	1 # 15
	2 # 8
	3 # 18
	4 # 46
	5 # 1
	6 # 26
	7 # 54
	8 # 41
	9 # 50
	10 # 40
	11 # 31
	12 # 36
	13 # 30
	14 # 9
	15 # 16

