Solution makespan:10
Timestep 0:
	0 # 14
	1 # 25
	2 # 50
	3 # 46
	4 # 28
	5 # 5
	6 # 56
	7 # 48
	8 # 23
	9 # 0
	10 # 30
	11 # 22
	12 # 8
	13 # 3
	14 # 11
	15 # 51
	16 # 13
	17 # 47
	18 # 54
	19 # 59
	20 # 49
	21 # 41
	22 # 16
	23 # 44
	24 # 29
	25 # 9
	26 # 2
	27 # 12
	28 # 40
	29 # 45
	30 # 17
	31 # 38
Timestep 1:
	0 # 21
	1 # 26
	2 # 51
	3 # 47
	4 # 36
	5 # 5
	6 # 56
	7 # 49
	8 # 23
	9 # 0
	10 # 31
	11 # 30
	12 # 7
	13 # 10
	14 # 19
	15 # 58
	16 # 14
	17 # 39
	18 # 54
	19 # 52
	20 # 41
	21 # 33
	22 # 17
	23 # 43
	24 # 28
	25 # 9
	26 # 1
	27 # 20
	28 # 32
	29 # 37
	30 # 18
	31 # 38
Timestep 2:
	0 # 29
	1 # 34
	2 # 43
	3 # 48
	4 # 28
	5 # 13
	6 # 49
	7 # 41
	8 # 16
	9 # 1
	10 # 23
	11 # 31
	12 # 7
	13 # 11
	14 # 18
	15 # 58
	16 # 21
	17 # 40
	18 # 46
	19 # 44
	20 # 42
	21 # 25
	22 # 24
	23 # 35
	24 # 27
	25 # 10
	26 # 8
	27 # 19
	28 # 33
	29 # 36
	30 # 17
	31 # 38
Timestep 3:
	0 # 37
	1 # 42
	2 # 44
	3 # 55
	4 # 29
	5 # 5
	6 # 41
	7 # 33
	8 # 15
	9 # 2
	10 # 22
	11 # 39
	12 # 0
	13 # 12
	14 # 17
	15 # 59
	16 # 21
	17 # 40
	18 # 47
	19 # 36
	20 # 50
	21 # 18
	22 # 32
	23 # 27
	24 # 20
	25 # 11
	26 # 16
	27 # 19
	28 # 25
	29 # 35
	30 # 9
	31 # 46
Timestep 4:
	0 # 45
	1 # 43
	2 # 36
	3 # 56
	4 # 29
	5 # 6
	6 # 42
	7 # 25
	8 # 7
	9 # 9
	10 # 15
	11 # 47
	12 # 0
	13 # 4
	14 # 16
	15 # 59
	16 # 21
	17 # 40
	18 # 48
	19 # 28
	20 # 50
	21 # 10
	22 # 33
	23 # 35
	24 # 12
	25 # 19
	26 # 23
	27 # 18
	28 # 26
	29 # 34
	30 # 8
	31 # 54
Timestep 5:
	0 # 53
	1 # 44
	2 # 35
	3 # 49
	4 # 37
	5 # 14
	6 # 43
	7 # 24
	8 # 0
	9 # 17
	10 # 7
	11 # 48
	12 # 1
	13 # 4
	14 # 15
	15 # 59
	16 # 29
	17 # 39
	18 # 55
	19 # 28
	20 # 51
	21 # 3
	22 # 41
	23 # 34
	24 # 13
	25 # 20
	26 # 31
	27 # 10
	28 # 27
	29 # 33
	30 # 16
	31 # 46
Timestep 6:
	0 # 53
	1 # 44
	2 # 34
	3 # 50
	4 # 36
	5 # 13
	6 # 35
	7 # 32
	8 # 1
	9 # 24
	10 # 8
	11 # 49
	12 # 2
	13 # 4
	14 # 22
	15 # 58
	16 # 37
	17 # 38
	18 # 56
	19 # 27
	20 # 43
	21 # 3
	22 # 42
	23 # 26
	24 # 12
	25 # 19
	26 # 39
	27 # 9
	28 # 20
	29 # 25
	30 # 23
	31 # 47
Timestep 7:
	0 # 45
	1 # 52
	2 # 33
	3 # 51
	4 # 35
	5 # 13
	6 # 27
	7 # 31
	8 # 1
	9 # 32
	10 # 16
	11 # 50
	12 # 9
	13 # 4
	14 # 30
	15 # 58
	16 # 36
	17 # 46
	18 # 56
	19 # 20
	20 # 44
	21 # 3
	22 # 42
	23 # 25
	24 # 11
	25 # 26
	26 # 47
	27 # 8
	28 # 12
	29 # 18
	30 # 23
	31 # 48
Timestep 8:
	0 # 44
	1 # 59
	2 # 32
	3 # 52
	4 # 34
	5 # 12
	6 # 20
	7 # 39
	8 # 8
	9 # 40
	10 # 23
	11 # 42
	12 # 9
	13 # 5
	14 # 38
	15 # 58
	16 # 35
	17 # 46
	18 # 56
	19 # 19
	20 # 36
	21 # 2
	22 # 43
	23 # 18
	24 # 10
	25 # 26
	26 # 48
	27 # 7
	28 # 4
	29 # 17
	30 # 24
	31 # 49
Timestep 9:
	0 # 43
	1 # 59
	2 # 31
	3 # 53
	4 # 26
	5 # 20
	6 # 19
	7 # 39
	8 # 8
	9 # 48
	10 # 24
	11 # 42
	12 # 9
	13 # 13
	14 # 46
	15 # 58
	16 # 34
	17 # 47
	18 # 56
	19 # 11
	20 # 44
	21 # 1
	22 # 51
	23 # 10
	24 # 3
	25 # 27
	26 # 55
	27 # 15
	28 # 4
	29 # 18
	30 # 25
	31 # 49
Timestep 10:
	0 # 42
	1 # 58
	2 # 31
	3 # 60
	4 # 25
	5 # 20
	6 # 11
	7 # 40
	8 # 9
	9 # 49
	10 # 32
	11 # 50
	12 # 17
	13 # 12
	14 # 54
	15 # 57
	16 # 26
	17 # 47
	18 # 56
	19 # 10
	20 # 52
	21 # 0
	22 # 51
	23 # 3
	24 # 2
	25 # 28
	26 # 55
	27 # 22
	28 # 5
	29 # 19
	30 # 33
	31 # 41

