Solution makespan:11
Timestep 0:
	0 # 45
	1 # 27
	2 # 42
	3 # 25
	4 # 56
	5 # 20
	6 # 18
	7 # 5
	8 # 24
	9 # 23
	10 # 10
	11 # 36
Timestep 1:
	0 # 37
	1 # 26
	2 # 41
	3 # 25
	4 # 50
	5 # 19
	6 # 17
	7 # 12
	8 # 16
	9 # 15
	10 # 11
	11 # 44
Timestep 2:
	0 # 30
	1 # 34
	2 # 41
	3 # 18
	4 # 43
	5 # 26
	6 # 16
	7 # 20
	8 # 8
	9 # 15
	10 # 4
	11 # 36
Timestep 3:
	0 # 23
	1 # 33
	2 # 40
	3 # 17
	4 # 42
	5 # 25
	6 # 24
	7 # 19
	8 # 9
	9 # 16
	10 # 5
	11 # 29
Timestep 4:
	0 # 15
	1 # 32
	2 # 39
	3 # 9
	4 # 41
	5 # 33
	6 # 31
	7 # 18
	8 # 2
	9 # 16
	10 # 5
	11 # 22
Timestep 5:
	0 # 23
	1 # 39
	2 # 38
	3 # 10
	4 # 40
	5 # 33
	6 # 31
	7 # 17
	8 # 3
	9 # 15
	10 # 5
	11 # 14
Timestep 6:
	0 # 24
	1 # 47
	2 # 37
	3 # 11
	4 # 39
	5 # 34
	6 # 32
	7 # 16
	8 # 4
	9 # 23
	10 # 6
	11 # 7
Timestep 7:
	0 # 23
	1 # 47
	2 # 36
	3 # 12
	4 # 38
	5 # 41
	6 # 33
	7 # 15
	8 # 11
	9 # 30
	10 # 5
	11 # 0
Timestep 8:
	0 # 15
	1 # 46
	2 # 36
	3 # 13
	4 # 31
	5 # 40
	6 # 34
	7 # 14
	8 # 12
	9 # 37
	10 # 4
	11 # 1
Timestep 9:
	0 # 16
	1 # 45
	2 # 29
	3 # 21
	4 # 30
	5 # 39
	6 # 26
	7 # 15
	8 # 13
	9 # 38
	10 # 11
	11 # 1
Timestep 10:
	0 # 17
	1 # 44
	2 # 29
	3 # 28
	4 # 23
	5 # 47
	6 # 27
	7 # 14
	8 # 13
	9 # 39
	10 # 19
	11 # 1
Timestep 11:
	0 # 9
	1 # 51
	2 # 36
	3 # 27
	4 # 22
	5 # 47
	6 # 20
	7 # 7
	8 # 21
	9 # 38
	10 # 19
	11 # 0

