Solution makespan:9
Timestep 0:
	0 # 36
	1 # 50
	2 # 41
	3 # 21
	4 # 56
	5 # 57
	6 # 49
	7 # 45
	8 # 14
	9 # 8
	10 # 32
	11 # 16
	12 # 31
	13 # 7
	14 # 44
	15 # 2
	16 # 52
	17 # 58
	18 # 40
	19 # 42
Timestep 1:
	0 # 36
	1 # 49
	2 # 42
	3 # 29
	4 # 56
	5 # 58
	6 # 48
	7 # 46
	8 # 21
	9 # 9
	10 # 33
	11 # 17
	12 # 32
	13 # 15
	14 # 37
	15 # 3
	16 # 53
	17 # 50
	18 # 40
	19 # 43
Timestep 2:
	0 # 35
	1 # 41
	2 # 36
	3 # 28
	4 # 57
	5 # 50
	6 # 47
	7 # 54
	8 # 29
	9 # 8
	10 # 25
	11 # 18
	12 # 24
	13 # 16
	14 # 30
	15 # 10
	16 # 45
	17 # 49
	18 # 48
	19 # 42
Timestep 3:
	0 # 34
	1 # 35
	2 # 42
	3 # 27
	4 # 49
	5 # 51
	6 # 46
	7 # 55
	8 # 28
	9 # 16
	10 # 18
	11 # 19
	12 # 25
	13 # 17
	14 # 22
	15 # 11
	16 # 38
	17 # 48
	18 # 56
	19 # 41
Timestep 4:
	0 # 33
	1 # 34
	2 # 50
	3 # 27
	4 # 41
	5 # 43
	6 # 45
	7 # 56
	8 # 36
	9 # 23
	10 # 10
	11 # 19
	12 # 26
	13 # 17
	14 # 15
	15 # 12
	16 # 31
	17 # 40
	18 # 48
	19 # 35
Timestep 5:
	0 # 32
	1 # 33
	2 # 58
	3 # 26
	4 # 35
	5 # 43
	6 # 38
	7 # 48
	8 # 42
	9 # 24
	10 # 11
	11 # 20
	12 # 19
	13 # 18
	14 # 22
	15 # 13
	16 # 23
	17 # 40
	18 # 47
	19 # 34
Timestep 6:
	0 # 31
	1 # 32
	2 # 57
	3 # 27
	4 # 36
	5 # 42
	6 # 38
	7 # 40
	8 # 50
	9 # 23
	10 # 10
	11 # 12
	12 # 19
	13 # 25
	14 # 15
	15 # 14
	16 # 16
	17 # 34
	18 # 46
	19 # 33
Timestep 7:
	0 # 23
	1 # 24
	2 # 57
	3 # 35
	4 # 28
	5 # 36
	6 # 31
	7 # 48
	8 # 58
	9 # 16
	10 # 9
	11 # 4
	12 # 19
	13 # 33
	14 # 7
	15 # 21
	16 # 8
	17 # 26
	18 # 39
	19 # 32
Timestep 8:
	0 # 24
	1 # 17
	2 # 49
	3 # 36
	4 # 27
	5 # 28
	6 # 31
	7 # 56
	8 # 58
	9 # 16
	10 # 2
	11 # 5
	12 # 19
	13 # 34
	14 # 7
	15 # 21
	16 # 1
	17 # 25
	18 # 46
	19 # 32
Timestep 9:
	0 # 17
	1 # 9
	2 # 50
	3 # 42
	4 # 35
	5 # 36
	6 # 23
	7 # 57
	8 # 58
	9 # 15
	10 # 3
	11 # 13
	12 # 11
	13 # 40
	14 # 8
	15 # 14
	16 # 1
	17 # 18
	18 # 54
	19 # 32

