Solution makespan:11
Timestep 0:
	0 # 2
	1 # 4
	2 # 38
	3 # 55
	4 # 27
	5 # 48
	6 # 52
	7 # 12
	8 # 13
	9 # 7
	10 # 33
	11 # 34
	12 # 54
	13 # 21
	14 # 41
	15 # 5
	16 # 42
	17 # 11
	18 # 20
	19 # 25
	20 # 15
	21 # 10
	22 # 16
	23 # 23
	24 # 37
	25 # 40
	26 # 47
	27 # 39
Timestep 1:
	0 # 1
	1 # 3
	2 # 31
	3 # 49
	4 # 28
	5 # 48
	6 # 53
	7 # 20
	8 # 14
	9 # 8
	10 # 25
	11 # 33
	12 # 55
	13 # 13
	14 # 34
	15 # 4
	16 # 35
	17 # 10
	18 # 26
	19 # 19
	20 # 16
	21 # 9
	22 # 22
	23 # 17
	24 # 44
	25 # 41
	26 # 39
	27 # 38
Timestep 2:
	0 # 0
	1 # 10
	2 # 30
	3 # 50
	4 # 28
	5 # 40
	6 # 54
	7 # 26
	8 # 13
	9 # 7
	10 # 24
	11 # 33
	12 # 55
	13 # 12
	14 # 35
	15 # 11
	16 # 27
	17 # 18
	18 # 25
	19 # 19
	20 # 17
	21 # 2
	22 # 22
	23 # 9
	24 # 45
	25 # 42
	26 # 38
	27 # 46
Timestep 3:
	0 # 0
	1 # 9
	2 # 30
	3 # 43
	4 # 36
	5 # 41
	6 # 55
	7 # 34
	8 # 13
	9 # 8
	10 # 32
	11 # 40
	12 # 56
	13 # 11
	14 # 27
	15 # 10
	16 # 26
	17 # 17
	18 # 25
	19 # 20
	20 # 23
	21 # 3
	22 # 16
	23 # 2
	24 # 46
	25 # 35
	26 # 38
	27 # 51
Timestep 4:
	0 # 0
	1 # 17
	2 # 22
	3 # 36
	4 # 28
	5 # 42
	6 # 49
	7 # 41
	8 # 6
	9 # 1
	10 # 39
	11 # 48
	12 # 56
	13 # 19
	14 # 21
	15 # 18
	16 # 25
	17 # 16
	18 # 33
	19 # 26
	20 # 24
	21 # 4
	22 # 8
	23 # 3
	24 # 47
	25 # 27
	26 # 31
	27 # 51
Timestep 5:
	0 # 0
	1 # 23
	2 # 16
	3 # 43
	4 # 28
	5 # 41
	6 # 42
	7 # 40
	8 # 6
	9 # 2
	10 # 32
	11 # 47
	12 # 56
	13 # 18
	14 # 13
	15 # 17
	16 # 19
	17 # 8
	18 # 33
	19 # 26
	20 # 25
	21 # 5
	22 # 7
	23 # 10
	24 # 39
	25 # 21
	26 # 30
	27 # 51
Timestep 6:
	0 # 1
	1 # 31
	2 # 16
	3 # 50
	4 # 27
	5 # 42
	6 # 35
	7 # 48
	8 # 13
	9 # 3
	10 # 32
	11 # 46
	12 # 55
	13 # 10
	14 # 14
	15 # 23
	16 # 19
	17 # 9
	18 # 40
	19 # 34
	20 # 26
	21 # 4
	22 # 15
	23 # 11
	24 # 39
	25 # 20
	26 # 22
	27 # 52
Timestep 7:
	0 # 2
	1 # 38
	2 # 8
	3 # 49
	4 # 28
	5 # 43
	6 # 27
	7 # 47
	8 # 21
	9 # 3
	10 # 24
	11 # 51
	12 # 54
	13 # 9
	14 # 13
	15 # 31
	16 # 18
	17 # 17
	18 # 48
	19 # 33
	20 # 34
	21 # 4
	22 # 15
	23 # 12
	24 # 32
	25 # 19
	26 # 16
	27 # 53
Timestep 8:
	0 # 9
	1 # 39
	2 # 1
	3 # 55
	4 # 36
	5 # 50
	6 # 21
	7 # 46
	8 # 13
	9 # 3
	10 # 25
	11 # 52
	12 # 54
	13 # 8
	14 # 14
	15 # 38
	16 # 10
	17 # 23
	18 # 40
	19 # 32
	20 # 35
	21 # 5
	22 # 7
	23 # 20
	24 # 24
	25 # 11
	26 # 15
	27 # 48
Timestep 9:
	0 # 17
	1 # 39
	2 # 1
	3 # 56
	4 # 36
	5 # 50
	6 # 13
	7 # 45
	8 # 6
	9 # 10
	10 # 19
	11 # 53
	12 # 55
	13 # 7
	14 # 14
	15 # 46
	16 # 9
	17 # 23
	18 # 41
	19 # 31
	20 # 42
	21 # 12
	22 # 0
	23 # 26
	24 # 25
	25 # 4
	26 # 16
	27 # 47
Timestep 10:
	0 # 17
	1 # 47
	2 # 2
	3 # 56
	4 # 35
	5 # 43
	6 # 12
	7 # 44
	8 # 6
	9 # 18
	10 # 19
	11 # 52
	12 # 54
	13 # 15
	14 # 13
	15 # 45
	16 # 9
	17 # 31
	18 # 40
	19 # 30
	20 # 49
	21 # 20
	22 # 1
	23 # 27
	24 # 33
	25 # 11
	26 # 16
	27 # 46
Timestep 11:
	0 # 23
	1 # 46
	2 # 3
	3 # 50
	4 # 42
	5 # 43
	6 # 20
	7 # 37
	8 # 13
	9 # 24
	10 # 25
	11 # 52
	12 # 54
	13 # 15
	14 # 14
	15 # 44
	16 # 17
	17 # 38
	18 # 48
	19 # 29
	20 # 55
	21 # 21
	22 # 8
	23 # 28
	24 # 40
	25 # 4
	26 # 22
	27 # 51

