Solution makespan:13
Timestep 0:
	0 # 57
	1 # 38
	2 # 9
	3 # 17
	4 # 19
	5 # 44
	6 # 46
	7 # 24
	8 # 4
	9 # 0
	10 # 53
	11 # 10
	12 # 36
	13 # 56
	14 # 22
	15 # 37
	16 # 16
	17 # 8
	18 # 31
	19 # 26
	20 # 6
	21 # 5
	22 # 43
	23 # 39
Timestep 1:
	0 # 57
	1 # 46
	2 # 1
	3 # 17
	4 # 26
	5 # 52
	6 # 54
	7 # 23
	8 # 11
	9 # 7
	10 # 45
	11 # 10
	12 # 35
	13 # 48
	14 # 22
	15 # 37
	16 # 24
	17 # 15
	18 # 31
	19 # 27
	20 # 13
	21 # 6
	22 # 51
	23 # 47
Timestep 2:
	0 # 57
	1 # 54
	2 # 1
	3 # 17
	4 # 33
	5 # 44
	6 # 55
	7 # 30
	8 # 18
	9 # 14
	10 # 45
	11 # 9
	12 # 43
	13 # 40
	14 # 21
	15 # 38
	16 # 23
	17 # 22
	18 # 39
	19 # 26
	20 # 20
	21 # 13
	22 # 52
	23 # 48
Timestep 3:
	0 # 57
	1 # 53
	2 # 2
	3 # 18
	4 # 41
	5 # 44
	6 # 56
	7 # 30
	8 # 19
	9 # 14
	10 # 37
	11 # 1
	12 # 51
	13 # 39
	14 # 22
	15 # 46
	16 # 23
	17 # 29
	18 # 38
	19 # 26
	20 # 27
	21 # 20
	22 # 52
	23 # 49
Timestep 4:
	0 # 49
	1 # 53
	2 # 3
	3 # 17
	4 # 40
	5 # 44
	6 # 48
	7 # 29
	8 # 18
	9 # 14
	10 # 30
	11 # 9
	12 # 51
	13 # 31
	14 # 22
	15 # 54
	16 # 24
	17 # 36
	18 # 46
	19 # 19
	20 # 26
	21 # 27
	22 # 52
	23 # 50
Timestep 5:
	0 # 48
	1 # 52
	2 # 3
	3 # 17
	4 # 32
	5 # 36
	6 # 40
	7 # 22
	8 # 25
	9 # 7
	10 # 29
	11 # 8
	12 # 43
	13 # 39
	14 # 23
	15 # 54
	16 # 16
	17 # 37
	18 # 45
	19 # 20
	20 # 33
	21 # 27
	22 # 51
	23 # 42
Timestep 6:
	0 # 49
	1 # 53
	2 # 4
	3 # 16
	4 # 25
	5 # 37
	6 # 41
	7 # 15
	8 # 26
	9 # 0
	10 # 22
	11 # 7
	12 # 35
	13 # 47
	14 # 30
	15 # 55
	16 # 10
	17 # 38
	18 # 44
	19 # 13
	20 # 32
	21 # 20
	22 # 51
	23 # 42
Timestep 7:
	0 # 50
	1 # 54
	2 # 4
	3 # 10
	4 # 18
	5 # 38
	6 # 33
	7 # 8
	8 # 27
	9 # 7
	10 # 15
	11 # 14
	12 # 28
	13 # 46
	14 # 23
	15 # 56
	16 # 2
	17 # 39
	18 # 36
	19 # 6
	20 # 40
	21 # 20
	22 # 52
	23 # 41
Timestep 8:
	0 # 49
	1 # 55
	2 # 5
	3 # 2
	4 # 19
	5 # 39
	6 # 41
	7 # 9
	8 # 34
	9 # 7
	10 # 8
	11 # 15
	12 # 35
	13 # 45
	14 # 30
	15 # 57
	16 # 1
	17 # 31
	18 # 29
	19 # 6
	20 # 48
	21 # 27
	22 # 51
	23 # 40
Timestep 9:
	0 # 48
	1 # 56
	2 # 6
	3 # 2
	4 # 12
	5 # 31
	6 # 41
	7 # 10
	8 # 42
	9 # 14
	10 # 9
	11 # 22
	12 # 43
	13 # 44
	14 # 29
	15 # 57
	16 # 1
	17 # 32
	18 # 28
	19 # 13
	20 # 47
	21 # 27
	22 # 52
	23 # 39
Timestep 10:
	0 # 47
	1 # 57
	2 # 13
	3 # 2
	4 # 11
	5 # 32
	6 # 40
	7 # 16
	8 # 41
	9 # 15
	10 # 10
	11 # 23
	12 # 51
	13 # 36
	14 # 28
	15 # 49
	16 # 1
	17 # 25
	18 # 21
	19 # 20
	20 # 46
	21 # 34
	22 # 53
	23 # 38
Timestep 11:
	0 # 46
	1 # 49
	2 # 20
	3 # 1
	4 # 18
	5 # 25
	6 # 48
	7 # 17
	8 # 33
	9 # 22
	10 # 2
	11 # 30
	12 # 52
	13 # 36
	14 # 35
	15 # 41
	16 # 9
	17 # 26
	18 # 14
	19 # 19
	20 # 45
	21 # 34
	22 # 54
	23 # 37
Timestep 12:
	0 # 38
	1 # 41
	2 # 27
	3 # 9
	4 # 17
	5 # 18
	6 # 47
	7 # 16
	8 # 32
	9 # 22
	10 # 3
	11 # 37
	12 # 53
	13 # 29
	14 # 43
	15 # 33
	16 # 8
	17 # 19
	18 # 7
	19 # 12
	20 # 44
	21 # 42
	22 # 55
	23 # 36
Timestep 13:
	0 # 38
	1 # 33
	2 # 27
	3 # 10
	4 # 16
	5 # 17
	6 # 55
	7 # 24
	8 # 25
	9 # 29
	10 # 4
	11 # 45
	12 # 54
	13 # 30
	14 # 51
	15 # 34
	16 # 9
	17 # 20
	18 # 0
	19 # 13
	20 # 43
	21 # 41
	22 # 56
	23 # 35

