Solution makespan:9
Timestep 0:
	0 # 44
	1 # 49
	2 # 54
	3 # 23
	4 # 30
	5 # 34
	6 # 0
	7 # 28
	8 # 48
	9 # 43
	10 # 47
	11 # 53
	12 # 22
	13 # 11
	14 # 39
	15 # 57
	16 # 32
	17 # 37
	18 # 35
	19 # 25
Timestep 1:
	0 # 37
	1 # 50
	2 # 55
	3 # 24
	4 # 29
	5 # 26
	6 # 0
	7 # 20
	8 # 42
	9 # 43
	10 # 47
	11 # 52
	12 # 21
	13 # 12
	14 # 32
	15 # 56
	16 # 31
	17 # 30
	18 # 36
	19 # 33
Timestep 2:
	0 # 30
	1 # 44
	2 # 56
	3 # 25
	4 # 28
	5 # 34
	6 # 8
	7 # 21
	8 # 41
	9 # 42
	10 # 54
	11 # 52
	12 # 14
	13 # 4
	14 # 24
	15 # 49
	16 # 32
	17 # 29
	18 # 36
	19 # 33
Timestep 3:
	0 # 22
	1 # 37
	2 # 57
	3 # 26
	4 # 27
	5 # 35
	6 # 15
	7 # 21
	8 # 40
	9 # 41
	10 # 55
	11 # 53
	12 # 6
	13 # 5
	14 # 16
	15 # 48
	16 # 33
	17 # 28
	18 # 42
	19 # 25
Timestep 4:
	0 # 21
	1 # 30
	2 # 57
	3 # 25
	4 # 26
	5 # 36
	6 # 16
	7 # 29
	8 # 34
	9 # 40
	10 # 56
	11 # 54
	12 # 5
	13 # 13
	14 # 9
	15 # 47
	16 # 32
	17 # 28
	18 # 43
	19 # 17
Timestep 5:
	0 # 21
	1 # 22
	2 # 56
	3 # 33
	4 # 18
	5 # 36
	6 # 15
	7 # 29
	8 # 26
	9 # 34
	10 # 49
	11 # 47
	12 # 6
	13 # 20
	14 # 10
	15 # 41
	16 # 39
	17 # 27
	18 # 42
	19 # 16
Timestep 6:
	0 # 20
	1 # 21
	2 # 55
	3 # 32
	4 # 17
	5 # 42
	6 # 8
	7 # 29
	8 # 18
	9 # 33
	10 # 56
	11 # 41
	12 # 7
	13 # 28
	14 # 11
	15 # 40
	16 # 38
	17 # 27
	18 # 48
	19 # 24
Timestep 7:
	0 # 19
	1 # 20
	2 # 56
	3 # 39
	4 # 16
	5 # 48
	6 # 0
	7 # 30
	8 # 17
	9 # 32
	10 # 49
	11 # 41
	12 # 6
	13 # 36
	14 # 12
	15 # 34
	16 # 38
	17 # 28
	18 # 47
	19 # 25
Timestep 8:
	0 # 12
	1 # 19
	2 # 56
	3 # 46
	4 # 15
	5 # 55
	6 # 8
	7 # 37
	8 # 10
	9 # 24
	10 # 49
	11 # 35
	12 # 6
	13 # 36
	14 # 13
	15 # 33
	16 # 45
	17 # 20
	18 # 54
	19 # 17
Timestep 9:
	0 # 11
	1 # 18
	2 # 57
	3 # 45
	4 # 23
	5 # 55
	6 # 9
	7 # 44
	8 # 2
	9 # 16
	10 # 50
	11 # 35
	12 # 5
	13 # 28
	14 # 14
	15 # 32
	16 # 38
	17 # 20
	18 # 53
	19 # 25

