Solution makespan:8
Timestep 0:
	0 # 15
	1 # 28
	2 # 25
	3 # 10
	4 # 17
	5 # 32
	6 # 16
	7 # 9
	8 # 22
	9 # 5
	10 # 23
	11 # 18
	12 # 56
	13 # 30
	14 # 3
	15 # 39
Timestep 1:
	0 # 23
	1 # 27
	2 # 25
	3 # 11
	4 # 17
	5 # 39
	6 # 16
	7 # 8
	8 # 29
	9 # 12
	10 # 24
	11 # 19
	12 # 56
	13 # 30
	14 # 4
	15 # 38
Timestep 2:
	0 # 24
	1 # 26
	2 # 33
	3 # 18
	4 # 10
	5 # 40
	6 # 15
	7 # 7
	8 # 22
	9 # 13
	10 # 16
	11 # 20
	12 # 55
	13 # 31
	14 # 5
	15 # 38
Timestep 3:
	0 # 16
	1 # 25
	2 # 40
	3 # 18
	4 # 11
	5 # 41
	6 # 23
	7 # 0
	8 # 22
	9 # 20
	10 # 9
	11 # 27
	12 # 54
	13 # 24
	14 # 12
	15 # 31
Timestep 4:
	0 # 9
	1 # 33
	2 # 41
	3 # 25
	4 # 4
	5 # 42
	6 # 30
	7 # 1
	8 # 23
	9 # 21
	10 # 10
	11 # 26
	12 # 47
	13 # 16
	14 # 12
	15 # 24
Timestep 5:
	0 # 8
	1 # 32
	2 # 42
	3 # 33
	4 # 4
	5 # 43
	6 # 37
	7 # 0
	8 # 24
	9 # 28
	10 # 11
	11 # 34
	12 # 39
	13 # 9
	14 # 5
	15 # 16
Timestep 6:
	0 # 7
	1 # 31
	2 # 43
	3 # 33
	4 # 3
	5 # 50
	6 # 45
	7 # 1
	8 # 16
	9 # 28
	10 # 12
	11 # 41
	12 # 32
	13 # 9
	14 # 4
	15 # 17
Timestep 7:
	0 # 0
	1 # 30
	2 # 35
	3 # 33
	4 # 2
	5 # 50
	6 # 52
	7 # 8
	8 # 9
	9 # 21
	10 # 13
	11 # 48
	12 # 32
	13 # 10
	14 # 3
	15 # 18
Timestep 8:
	0 # 0
	1 # 37
	2 # 43
	3 # 40
	4 # 9
	5 # 58
	6 # 45
	7 # 15
	8 # 8
	9 # 28
	10 # 14
	11 # 48
	12 # 31
	13 # 11
	14 # 10
	15 # 25

