Solution makespan:6
Timestep 0:
	0 # 1
	1 # 8
	2 # 13
	3 # 10
	4 # 14
	5 # 11
	6 # 0
	7 # 12
Timestep 1:
	0 # 2
	1 # 8
	2 # 9
	3 # 10
	4 # 11
	5 # 7
	6 # 1
	7 # 13
Timestep 2:
	0 # 3
	1 # 8
	2 # 5
	3 # 10
	4 # 11
	5 # 6
	6 # 0
	7 # 9
Timestep 3:
	0 # 3
	1 # 9
	2 # 1
	3 # 6
	4 # 7
	5 # 2
	6 # 4
	7 # 5
Timestep 4:
	0 # 3
	1 # 10
	2 # 0
	3 # 5
	4 # 7
	5 # 6
	6 # 8
	7 # 1
Timestep 5:
	0 # 3
	1 # 11
	2 # 0
	3 # 9
	4 # 6
	5 # 5
	6 # 12
	7 # 2
Timestep 6:
	0 # 7
	1 # 11
	2 # 1
	3 # 10
	4 # 6
	5 # 9
	6 # 13
	7 # 3

