Solution makespan:11
Timestep 0:
	0 # 13
	1 # 40
	2 # 42
	3 # 4
	4 # 23
	5 # 1
	6 # 20
	7 # 55
	8 # 17
	9 # 8
	10 # 0
	11 # 27
	12 # 44
	13 # 29
	14 # 22
	15 # 26
	16 # 41
	17 # 19
	18 # 47
	19 # 51
	20 # 54
	21 # 48
	22 # 15
	23 # 6
	24 # 34
	25 # 11
	26 # 32
	27 # 3
Timestep 1:
	0 # 20
	1 # 39
	2 # 34
	3 # 11
	4 # 30
	5 # 1
	6 # 19
	7 # 48
	8 # 24
	9 # 9
	10 # 8
	11 # 35
	12 # 45
	13 # 28
	14 # 29
	15 # 25
	16 # 41
	17 # 18
	18 # 47
	19 # 44
	20 # 53
	21 # 49
	22 # 21
	23 # 5
	24 # 33
	25 # 12
	26 # 31
	27 # 2
Timestep 2:
	0 # 19
	1 # 38
	2 # 34
	3 # 18
	4 # 23
	5 # 0
	6 # 12
	7 # 40
	8 # 31
	9 # 10
	10 # 8
	11 # 43
	12 # 52
	13 # 27
	14 # 37
	15 # 32
	16 # 42
	17 # 17
	18 # 48
	19 # 36
	20 # 46
	21 # 50
	22 # 28
	23 # 6
	24 # 33
	25 # 13
	26 # 30
	27 # 1
Timestep 3:
	0 # 18
	1 # 37
	2 # 33
	3 # 25
	4 # 22
	5 # 8
	6 # 11
	7 # 41
	8 # 39
	9 # 16
	10 # 7
	11 # 44
	12 # 53
	13 # 27
	14 # 45
	15 # 40
	16 # 34
	17 # 24
	18 # 49
	19 # 35
	20 # 38
	21 # 42
	22 # 36
	23 # 5
	24 # 26
	25 # 6
	26 # 23
	27 # 9
Timestep 4:
	0 # 25
	1 # 38
	2 # 26
	3 # 32
	4 # 29
	5 # 15
	6 # 11
	7 # 33
	8 # 40
	9 # 23
	10 # 14
	11 # 45
	12 # 53
	13 # 28
	14 # 46
	15 # 48
	16 # 34
	17 # 31
	18 # 41
	19 # 43
	20 # 30
	21 # 42
	22 # 36
	23 # 4
	24 # 19
	25 # 5
	26 # 22
	27 # 8
Timestep 5:
	0 # 32
	1 # 30
	2 # 19
	3 # 31
	4 # 37
	5 # 21
	6 # 18
	7 # 26
	8 # 48
	9 # 24
	10 # 14
	11 # 46
	12 # 53
	13 # 27
	14 # 47
	15 # 49
	16 # 34
	17 # 39
	18 # 33
	19 # 43
	20 # 23
	21 # 41
	22 # 44
	23 # 3
	24 # 12
	25 # 4
	26 # 29
	27 # 15
Timestep 6:
	0 # 32
	1 # 23
	2 # 20
	3 # 30
	4 # 36
	5 # 28
	6 # 25
	7 # 19
	8 # 55
	9 # 31
	10 # 7
	11 # 46
	12 # 53
	13 # 27
	14 # 48
	15 # 49
	16 # 34
	17 # 40
	18 # 26
	19 # 35
	20 # 16
	21 # 33
	22 # 45
	23 # 2
	24 # 5
	25 # 3
	26 # 37
	27 # 21
Timestep 7:
	0 # 31
	1 # 24
	2 # 20
	3 # 29
	4 # 44
	5 # 36
	6 # 32
	7 # 12
	8 # 48
	9 # 39
	10 # 8
	11 # 47
	12 # 53
	13 # 27
	14 # 40
	15 # 49
	16 # 34
	17 # 41
	18 # 19
	19 # 35
	20 # 10
	21 # 26
	22 # 46
	23 # 1
	24 # 5
	25 # 2
	26 # 37
	27 # 22
Timestep 8:
	0 # 30
	1 # 17
	2 # 20
	3 # 37
	4 # 51
	5 # 44
	6 # 33
	7 # 11
	8 # 49
	9 # 31
	10 # 9
	11 # 39
	12 # 54
	13 # 28
	14 # 32
	15 # 50
	16 # 34
	17 # 40
	18 # 12
	19 # 27
	20 # 10
	21 # 19
	22 # 47
	23 # 0
	24 # 5
	25 # 1
	26 # 38
	27 # 23
Timestep 9:
	0 # 29
	1 # 16
	2 # 19
	3 # 45
	4 # 52
	5 # 44
	6 # 41
	7 # 4
	8 # 49
	9 # 24
	10 # 1
	11 # 40
	12 # 54
	13 # 36
	14 # 31
	15 # 50
	16 # 33
	17 # 32
	18 # 5
	19 # 28
	20 # 9
	21 # 12
	22 # 48
	23 # 8
	24 # 6
	25 # 0
	26 # 38
	27 # 30
Timestep 10:
	0 # 28
	1 # 10
	2 # 12
	3 # 44
	4 # 52
	5 # 51
	6 # 33
	7 # 3
	8 # 41
	9 # 23
	10 # 9
	11 # 32
	12 # 54
	13 # 36
	14 # 24
	15 # 50
	16 # 26
	17 # 25
	18 # 4
	19 # 21
	20 # 8
	21 # 13
	22 # 40
	23 # 7
	24 # 5
	25 # 0
	26 # 39
	27 # 38
Timestep 11:
	0 # 27
	1 # 9
	2 # 12
	3 # 43
	4 # 53
	5 # 51
	6 # 32
	7 # 2
	8 # 33
	9 # 30
	10 # 1
	11 # 25
	12 # 54
	13 # 28
	14 # 17
	15 # 42
	16 # 19
	17 # 18
	18 # 3
	19 # 15
	20 # 7
	21 # 6
	22 # 41
	23 # 14
	24 # 4
	25 # 0
	26 # 31
	27 # 46

