Solution makespan:10
Timestep 0:
	0 # 43
	1 # 10
	2 # 42
	3 # 45
	4 # 25
	5 # 44
	6 # 53
	7 # 16
	8 # 27
	9 # 35
	10 # 48
	11 # 2
Timestep 1:
	0 # 44
	1 # 16
	2 # 41
	3 # 37
	4 # 25
	5 # 51
	6 # 46
	7 # 24
	8 # 35
	9 # 36
	10 # 49
	11 # 2
Timestep 2:
	0 # 45
	1 # 16
	2 # 48
	3 # 31
	4 # 26
	5 # 52
	6 # 47
	7 # 32
	8 # 35
	9 # 42
	10 # 50
	11 # 8
Timestep 3:
	0 # 46
	1 # 24
	2 # 41
	3 # 30
	4 # 18
	5 # 53
	6 # 47
	7 # 38
	8 # 36
	9 # 43
	10 # 51
	11 # 15
Timestep 4:
	0 # 38
	1 # 23
	2 # 48
	3 # 31
	4 # 12
	5 # 46
	6 # 54
	7 # 32
	8 # 28
	9 # 44
	10 # 52
	11 # 8
Timestep 5:
	0 # 37
	1 # 22
	2 # 49
	3 # 31
	4 # 11
	5 # 45
	6 # 54
	7 # 32
	8 # 29
	9 # 44
	10 # 53
	11 # 9
Timestep 6:
	0 # 37
	1 # 15
	2 # 50
	3 # 23
	4 # 12
	5 # 44
	6 # 47
	7 # 38
	8 # 30
	9 # 51
	10 # 54
	11 # 10
Timestep 7:
	0 # 45
	1 # 22
	2 # 49
	3 # 24
	4 # 12
	5 # 43
	6 # 39
	7 # 46
	8 # 31
	9 # 44
	10 # 47
	11 # 11
Timestep 8:
	0 # 52
	1 # 21
	2 # 49
	3 # 25
	4 # 18
	5 # 42
	6 # 33
	7 # 53
	8 # 37
	9 # 44
	10 # 39
	11 # 12
Timestep 9:
	0 # 51
	1 # 29
	2 # 42
	3 # 17
	4 # 18
	5 # 41
	6 # 32
	7 # 54
	8 # 38
	9 # 43
	10 # 33
	11 # 12
Timestep 10:
	0 # 51
	1 # 30
	2 # 43
	3 # 16
	4 # 26
	5 # 41
	6 # 31
	7 # 53
	8 # 46
	9 # 44
	10 # 25
	11 # 12

