Solution makespan:13
Timestep 0:
	0 # 48
	1 # 54
	2 # 26
	3 # 19
	4 # 59
	5 # 41
	6 # 43
	7 # 15
Timestep 1:
	0 # 49
	1 # 47
	2 # 34
	3 # 26
	4 # 58
	5 # 48
	6 # 50
	7 # 22
Timestep 2:
	0 # 50
	1 # 46
	2 # 26
	3 # 27
	4 # 51
	5 # 48
	6 # 43
	7 # 30
Timestep 3:
	0 # 43
	1 # 45
	2 # 19
	3 # 26
	4 # 50
	5 # 49
	6 # 36
	7 # 29
Timestep 4:
	0 # 36
	1 # 45
	2 # 11
	3 # 19
	4 # 43
	5 # 42
	6 # 37
	7 # 28
Timestep 5:
	0 # 36
	1 # 45
	2 # 12
	3 # 11
	4 # 42
	5 # 49
	6 # 38
	7 # 20
Timestep 6:
	0 # 37
	1 # 46
	2 # 4
	3 # 12
	4 # 41
	5 # 48
	6 # 30
	7 # 28
Timestep 7:
	0 # 38
	1 # 39
	2 # 3
	3 # 11
	4 # 34
	5 # 41
	6 # 29
	7 # 27
Timestep 8:
	0 # 30
	1 # 32
	2 # 11
	3 # 12
	4 # 26
	5 # 34
	6 # 21
	7 # 27
Timestep 9:
	0 # 22
	1 # 39
	2 # 19
	3 # 13
	4 # 25
	5 # 41
	6 # 21
	7 # 35
Timestep 10:
	0 # 22
	1 # 40
	2 # 26
	3 # 20
	4 # 18
	5 # 48
	6 # 29
	7 # 27
Timestep 11:
	0 # 22
	1 # 41
	2 # 34
	3 # 21
	4 # 17
	5 # 49
	6 # 29
	7 # 35
Timestep 12:
	0 # 15
	1 # 48
	2 # 35
	3 # 22
	4 # 16
	5 # 50
	6 # 28
	7 # 42
Timestep 13:
	0 # 7
	1 # 55
	2 # 36
	3 # 30
	4 # 8
	5 # 51
	6 # 29
	7 # 49

