Solution makespan:10
Timestep 0:
	0 # 3
	1 # 1
	2 # 0
	3 # 11
	4 # 5
	5 # 4
	6 # 6
	7 # 10
Timestep 1:
	0 # 3
	1 # 1
	2 # 0
	3 # 10
	4 # 8
	5 # 5
	6 # 6
	7 # 7
Timestep 2:
	0 # 3
	1 # 4
	2 # 1
	3 # 10
	4 # 11
	5 # 8
	6 # 2
	7 # 7
Timestep 3:
	0 # 0
	1 # 5
	2 # 4
	3 # 10
	4 # 11
	5 # 8
	6 # 3
	7 # 7
Timestep 4:
	0 # 1
	1 # 5
	2 # 3
	3 # 11
	4 # 8
	5 # 7
	6 # 0
	7 # 4
Timestep 5:
	0 # 1
	1 # 8
	2 # 2
	3 # 11
	4 # 7
	5 # 10
	6 # 3
	7 # 4
Timestep 6:
	0 # 0
	1 # 8
	2 # 2
	3 # 11
	4 # 7
	5 # 10
	6 # 4
	7 # 1
Timestep 7:
	0 # 0
	1 # 8
	2 # 3
	3 # 11
	4 # 7
	5 # 10
	6 # 5
	7 # 4
Timestep 8:
	0 # 1
	1 # 11
	2 # 0
	3 # 10
	4 # 4
	5 # 7
	6 # 5
	7 # 3
Timestep 9:
	0 # 1
	1 # 10
	2 # 0
	3 # 7
	4 # 3
	5 # 4
	6 # 8
	7 # 2
Timestep 10:
	0 # 4
	1 # 10
	2 # 0
	3 # 8
	4 # 2
	5 # 3
	6 # 11
	7 # 6

