Solution makespan:11
Timestep 0:
	0 # 13
	1 # 17
	2 # 3
	3 # 46
	4 # 54
	5 # 1
	6 # 0
	7 # 36
	8 # 14
	9 # 6
	10 # 7
	11 # 31
	12 # 9
	13 # 39
	14 # 52
	15 # 38
	16 # 26
	17 # 37
	18 # 32
	19 # 43
	20 # 12
	21 # 5
	22 # 2
	23 # 28
	24 # 34
	25 # 45
	26 # 27
	27 # 35
	28 # 8
	29 # 24
	30 # 40
	31 # 20
Timestep 1:
	0 # 21
	1 # 18
	2 # 4
	3 # 53
	4 # 54
	5 # 1
	6 # 0
	7 # 29
	8 # 15
	9 # 13
	10 # 14
	11 # 31
	12 # 9
	13 # 39
	14 # 51
	15 # 32
	16 # 25
	17 # 38
	18 # 24
	19 # 43
	20 # 20
	21 # 5
	22 # 3
	23 # 27
	24 # 35
	25 # 46
	26 # 26
	27 # 41
	28 # 8
	29 # 17
	30 # 40
	31 # 19
Timestep 2:
	0 # 28
	1 # 25
	2 # 5
	3 # 53
	4 # 55
	5 # 1
	6 # 7
	7 # 30
	8 # 22
	9 # 12
	10 # 15
	11 # 32
	12 # 2
	13 # 45
	14 # 50
	15 # 24
	16 # 33
	17 # 39
	18 # 17
	19 # 42
	20 # 21
	21 # 6
	22 # 3
	23 # 26
	24 # 41
	25 # 47
	26 # 19
	27 # 48
	28 # 8
	29 # 9
	30 # 34
	31 # 11
Timestep 3:
	0 # 35
	1 # 33
	2 # 6
	3 # 52
	4 # 54
	5 # 1
	6 # 7
	7 # 31
	8 # 23
	9 # 20
	10 # 16
	11 # 24
	12 # 3
	13 # 46
	14 # 44
	15 # 17
	16 # 32
	17 # 45
	18 # 9
	19 # 36
	20 # 28
	21 # 13
	22 # 4
	23 # 19
	24 # 41
	25 # 40
	26 # 18
	27 # 48
	28 # 15
	29 # 10
	30 # 27
	31 # 12
Timestep 4:
	0 # 34
	1 # 39
	2 # 13
	3 # 51
	4 # 54
	5 # 1
	6 # 8
	7 # 37
	8 # 24
	9 # 19
	10 # 17
	11 # 25
	12 # 4
	13 # 47
	14 # 44
	15 # 9
	16 # 31
	17 # 46
	18 # 2
	19 # 42
	20 # 35
	21 # 21
	22 # 5
	23 # 18
	24 # 41
	25 # 40
	26 # 10
	27 # 55
	28 # 22
	29 # 11
	30 # 26
	31 # 12
Timestep 5:
	0 # 27
	1 # 45
	2 # 21
	3 # 50
	4 # 53
	5 # 1
	6 # 15
	7 # 38
	8 # 32
	9 # 18
	10 # 16
	11 # 25
	12 # 4
	13 # 48
	14 # 37
	15 # 2
	16 # 31
	17 # 46
	18 # 3
	19 # 43
	20 # 28
	21 # 20
	22 # 6
	23 # 17
	24 # 35
	25 # 41
	26 # 9
	27 # 54
	28 # 30
	29 # 19
	30 # 26
	31 # 5
Timestep 6:
	0 # 20
	1 # 52
	2 # 28
	3 # 50
	4 # 46
	5 # 1
	6 # 22
	7 # 39
	8 # 32
	9 # 17
	10 # 23
	11 # 18
	12 # 4
	13 # 48
	14 # 44
	15 # 3
	16 # 30
	17 # 47
	18 # 10
	19 # 49
	20 # 27
	21 # 12
	22 # 13
	23 # 16
	24 # 34
	25 # 35
	26 # 9
	27 # 53
	28 # 29
	29 # 26
	30 # 25
	31 # 6
Timestep 7:
	0 # 19
	1 # 51
	2 # 21
	3 # 44
	4 # 46
	5 # 2
	6 # 23
	7 # 33
	8 # 38
	9 # 16
	10 # 31
	11 # 25
	12 # 5
	13 # 55
	14 # 43
	15 # 4
	16 # 29
	17 # 48
	18 # 10
	19 # 50
	20 # 20
	21 # 11
	22 # 12
	23 # 15
	24 # 35
	25 # 28
	26 # 17
	27 # 53
	28 # 36
	29 # 27
	30 # 24
	31 # 13
Timestep 8:
	0 # 18
	1 # 50
	2 # 21
	3 # 37
	4 # 47
	5 # 3
	6 # 23
	7 # 25
	8 # 39
	9 # 15
	10 # 32
	11 # 26
	12 # 6
	13 # 54
	14 # 49
	15 # 5
	16 # 30
	17 # 55
	18 # 9
	19 # 44
	20 # 19
	21 # 10
	22 # 11
	23 # 22
	24 # 41
	25 # 27
	26 # 16
	27 # 53
	28 # 42
	29 # 34
	30 # 17
	31 # 12
Timestep 9:
	0 # 17
	1 # 50
	2 # 28
	3 # 38
	4 # 48
	5 # 4
	6 # 24
	7 # 26
	8 # 45
	9 # 8
	10 # 33
	11 # 19
	12 # 13
	13 # 47
	14 # 49
	15 # 12
	16 # 31
	17 # 54
	18 # 9
	19 # 37
	20 # 18
	21 # 3
	22 # 10
	23 # 30
	24 # 41
	25 # 20
	26 # 15
	27 # 52
	28 # 43
	29 # 34
	30 # 16
	31 # 11
Timestep 10:
	0 # 16
	1 # 49
	2 # 35
	3 # 37
	4 # 47
	5 # 5
	6 # 25
	7 # 27
	8 # 52
	9 # 7
	10 # 33
	11 # 20
	12 # 12
	13 # 46
	14 # 43
	15 # 11
	16 # 23
	17 # 54
	18 # 17
	19 # 31
	20 # 18
	21 # 2
	22 # 3
	23 # 29
	24 # 41
	25 # 21
	26 # 14
	27 # 51
	28 # 44
	29 # 40
	30 # 15
	31 # 4
Timestep 11:
	0 # 15
	1 # 49
	2 # 34
	3 # 44
	4 # 48
	5 # 6
	6 # 26
	7 # 28
	8 # 53
	9 # 0
	10 # 39
	11 # 12
	12 # 11
	13 # 46
	14 # 42
	15 # 10
	16 # 23
	17 # 55
	18 # 24
	19 # 30
	20 # 19
	21 # 1
	22 # 2
	23 # 36
	24 # 41
	25 # 21
	26 # 14
	27 # 52
	28 # 50
	29 # 47
	30 # 8
	31 # 5

