Solution makespan:10
Timestep 0:
	0 # 56
	1 # 11
	2 # 7
	3 # 36
	4 # 51
	5 # 8
	6 # 5
	7 # 35
Timestep 1:
	0 # 56
	1 # 12
	2 # 6
	3 # 43
	4 # 51
	5 # 8
	6 # 4
	7 # 42
Timestep 2:
	0 # 56
	1 # 20
	2 # 6
	3 # 44
	4 # 52
	5 # 16
	6 # 12
	7 # 50
Timestep 3:
	0 # 49
	1 # 28
	2 # 14
	3 # 45
	4 # 44
	5 # 17
	6 # 20
	7 # 51
Timestep 4:
	0 # 49
	1 # 31
	2 # 13
	3 # 46
	4 # 45
	5 # 9
	6 # 28
	7 # 52
Timestep 5:
	0 # 48
	1 # 32
	2 # 5
	3 # 53
	4 # 46
	5 # 10
	6 # 31
	7 # 44
Timestep 6:
	0 # 55
	1 # 29
	2 # 6
	3 # 46
	4 # 47
	5 # 11
	6 # 39
	7 # 44
Timestep 7:
	0 # 56
	1 # 21
	2 # 7
	3 # 47
	4 # 54
	5 # 12
	6 # 38
	7 # 45
Timestep 8:
	0 # 55
	1 # 20
	2 # 7
	3 # 48
	4 # 47
	5 # 13
	6 # 37
	7 # 46
Timestep 9:
	0 # 54
	1 # 12
	2 # 15
	3 # 49
	4 # 48
	5 # 13
	6 # 36
	7 # 39
Timestep 10:
	0 # 47
	1 # 4
	2 # 23
	3 # 41
	4 # 48
	5 # 12
	6 # 35
	7 # 40

