Solution makespan:11
Timestep 0:
	0 # 1
	1 # 14
	2 # 37
	3 # 26
	4 # 8
	5 # 16
	6 # 49
	7 # 45
Timestep 1:
	0 # 9
	1 # 13
	2 # 30
	3 # 34
	4 # 0
	5 # 15
	6 # 42
	7 # 38
Timestep 2:
	0 # 10
	1 # 13
	2 # 22
	3 # 41
	4 # 0
	5 # 20
	6 # 49
	7 # 31
Timestep 3:
	0 # 11
	1 # 14
	2 # 23
	3 # 48
	4 # 0
	5 # 27
	6 # 42
	7 # 31
Timestep 4:
	0 # 18
	1 # 6
	2 # 24
	3 # 55
	4 # 8
	5 # 20
	6 # 35
	7 # 30
Timestep 5:
	0 # 22
	1 # 7
	2 # 23
	3 # 55
	4 # 0
	5 # 20
	6 # 27
	7 # 29
Timestep 6:
	0 # 30
	1 # 7
	2 # 22
	3 # 55
	4 # 8
	5 # 15
	6 # 27
	7 # 21
Timestep 7:
	0 # 31
	1 # 7
	2 # 22
	3 # 48
	4 # 0
	5 # 16
	6 # 20
	7 # 17
Timestep 8:
	0 # 32
	1 # 7
	2 # 18
	3 # 47
	4 # 8
	5 # 17
	6 # 15
	7 # 10
Timestep 9:
	0 # 39
	1 # 6
	2 # 11
	3 # 46
	4 # 0
	5 # 17
	6 # 8
	7 # 2
Timestep 10:
	0 # 46
	1 # 6
	2 # 12
	3 # 45
	4 # 8
	5 # 18
	6 # 9
	7 # 1
Timestep 11:
	0 # 54
	1 # 5
	2 # 4
	3 # 45
	4 # 9
	5 # 22
	6 # 1
	7 # 0

