Solution makespan:9
Timestep 0:
	0 # 1
	1 # 39
	2 # 36
	3 # 11
	4 # 23
	5 # 14
	6 # 12
	7 # 17
	8 # 27
	9 # 25
	10 # 48
	11 # 34
Timestep 1:
	0 # 8
	1 # 40
	2 # 36
	3 # 19
	4 # 31
	5 # 22
	6 # 20
	7 # 18
	8 # 26
	9 # 17
	10 # 47
	11 # 34
Timestep 2:
	0 # 16
	1 # 41
	2 # 35
	3 # 11
	4 # 37
	5 # 30
	6 # 19
	7 # 18
	8 # 25
	9 # 17
	10 # 39
	11 # 42
Timestep 3:
	0 # 16
	1 # 33
	2 # 36
	3 # 19
	4 # 38
	5 # 29
	6 # 18
	7 # 10
	8 # 24
	9 # 25
	10 # 32
	11 # 41
Timestep 4:
	0 # 24
	1 # 27
	2 # 44
	3 # 20
	4 # 46
	5 # 28
	6 # 17
	7 # 18
	8 # 23
	9 # 26
	10 # 25
	11 # 40
Timestep 5:
	0 # 23
	1 # 19
	2 # 51
	3 # 28
	4 # 47
	5 # 27
	6 # 16
	7 # 10
	8 # 15
	9 # 18
	10 # 17
	11 # 39
Timestep 6:
	0 # 31
	1 # 11
	2 # 58
	3 # 34
	4 # 47
	5 # 26
	6 # 15
	7 # 10
	8 # 7
	9 # 19
	10 # 9
	11 # 38
Timestep 7:
	0 # 37
	1 # 12
	2 # 58
	3 # 34
	4 # 39
	5 # 25
	6 # 23
	7 # 10
	8 # 7
	9 # 11
	10 # 8
	11 # 46
Timestep 8:
	0 # 38
	1 # 13
	2 # 51
	3 # 34
	4 # 47
	5 # 32
	6 # 31
	7 # 10
	8 # 7
	9 # 19
	10 # 16
	11 # 46
Timestep 9:
	0 # 37
	1 # 14
	2 # 58
	3 # 35
	4 # 48
	5 # 39
	6 # 31
	7 # 11
	8 # 7
	9 # 20
	10 # 8
	11 # 38

