Solution makespan:6
Timestep 0:
	0 # 0
	1 # 7
	2 # 4
	3 # 10
	4 # 3
	5 # 12
	6 # 9
	7 # 6
Timestep 1:
	0 # 4
	1 # 8
	2 # 5
	3 # 9
	4 # 2
	5 # 12
	6 # 13
	7 # 6
Timestep 2:
	0 # 7
	1 # 5
	2 # 4
	3 # 8
	4 # 2
	5 # 12
	6 # 13
	7 # 6
Timestep 3:
	0 # 11
	1 # 1
	2 # 4
	3 # 5
	4 # 6
	5 # 8
	6 # 12
	7 # 9
Timestep 4:
	0 # 12
	1 # 2
	2 # 4
	3 # 1
	4 # 6
	5 # 5
	6 # 8
	7 # 10
Timestep 5:
	0 # 13
	1 # 3
	2 # 7
	3 # 0
	4 # 2
	5 # 1
	6 # 5
	7 # 10
Timestep 6:
	0 # 14
	1 # 3
	2 # 11
	3 # 0
	4 # 6
	5 # 2
	6 # 4
	7 # 10

