Solution makespan:11
Timestep 0:
	0 # 23
	1 # 7
	2 # 32
	3 # 11
	4 # 5
	5 # 24
	6 # 28
	7 # 40
	8 # 30
	9 # 12
	10 # 36
	11 # 52
	12 # 19
	13 # 51
	14 # 29
	15 # 15
	16 # 4
	17 # 17
	18 # 9
	19 # 39
Timestep 1:
	0 # 23
	1 # 7
	2 # 31
	3 # 18
	4 # 12
	5 # 25
	6 # 28
	7 # 39
	8 # 22
	9 # 11
	10 # 37
	11 # 53
	12 # 20
	13 # 45
	14 # 30
	15 # 16
	16 # 4
	17 # 24
	18 # 8
	19 # 32
Timestep 2:
	0 # 16
	1 # 0
	2 # 23
	3 # 11
	4 # 12
	5 # 18
	6 # 27
	7 # 40
	8 # 22
	9 # 4
	10 # 38
	11 # 54
	12 # 13
	13 # 44
	14 # 31
	15 # 17
	16 # 5
	17 # 24
	18 # 1
	19 # 32
Timestep 3:
	0 # 15
	1 # 7
	2 # 16
	3 # 10
	4 # 13
	5 # 11
	6 # 26
	7 # 40
	8 # 30
	9 # 3
	10 # 31
	11 # 48
	12 # 14
	13 # 37
	14 # 23
	15 # 18
	16 # 5
	17 # 32
	18 # 2
	19 # 39
Timestep 4:
	0 # 16
	1 # 8
	2 # 17
	3 # 3
	4 # 20
	5 # 10
	6 # 33
	7 # 40
	8 # 29
	9 # 2
	10 # 23
	11 # 41
	12 # 13
	13 # 30
	14 # 24
	15 # 19
	16 # 4
	17 # 31
	18 # 9
	19 # 46
Timestep 5:
	0 # 9
	1 # 15
	2 # 18
	3 # 4
	4 # 27
	5 # 10
	6 # 33
	7 # 39
	8 # 36
	9 # 1
	10 # 24
	11 # 34
	12 # 12
	13 # 22
	14 # 25
	15 # 19
	16 # 11
	17 # 30
	18 # 2
	19 # 45
Timestep 6:
	0 # 2
	1 # 16
	2 # 11
	3 # 4
	4 # 28
	5 # 9
	6 # 34
	7 # 32
	8 # 43
	9 # 8
	10 # 25
	11 # 27
	12 # 5
	13 # 15
	14 # 18
	15 # 26
	16 # 10
	17 # 29
	18 # 3
	19 # 44
Timestep 7:
	0 # 9
	1 # 23
	2 # 12
	3 # 4
	4 # 35
	5 # 8
	6 # 34
	7 # 24
	8 # 44
	9 # 1
	10 # 26
	11 # 28
	12 # 5
	13 # 16
	14 # 19
	15 # 33
	16 # 17
	17 # 36
	18 # 10
	19 # 37
Timestep 8:
	0 # 8
	1 # 31
	2 # 13
	3 # 11
	4 # 42
	5 # 15
	6 # 33
	7 # 17
	8 # 44
	9 # 1
	10 # 27
	11 # 21
	12 # 5
	13 # 16
	14 # 20
	15 # 26
	16 # 10
	17 # 43
	18 # 9
	19 # 30
Timestep 9:
	0 # 9
	1 # 38
	2 # 13
	3 # 12
	4 # 42
	5 # 15
	6 # 26
	7 # 10
	8 # 37
	9 # 0
	10 # 27
	11 # 14
	12 # 4
	13 # 17
	14 # 21
	15 # 25
	16 # 3
	17 # 36
	18 # 2
	19 # 22
Timestep 10:
	0 # 16
	1 # 39
	2 # 20
	3 # 19
	4 # 41
	5 # 8
	6 # 25
	7 # 10
	8 # 30
	9 # 7
	10 # 28
	11 # 13
	12 # 4
	13 # 18
	14 # 14
	15 # 24
	16 # 2
	17 # 36
	18 # 1
	19 # 15
Timestep 11:
	0 # 17
	1 # 40
	2 # 27
	3 # 26
	4 # 42
	5 # 9
	6 # 25
	7 # 11
	8 # 22
	9 # 7
	10 # 35
	11 # 20
	12 # 5
	13 # 19
	14 # 6
	15 # 32
	16 # 1
	17 # 43
	18 # 0
	19 # 8

