Solution makespan:10
Timestep 0:
	0 # 28
	1 # 5
	2 # 56
	3 # 48
	4 # 23
	5 # 0
	6 # 30
	7 # 22
	8 # 8
	9 # 3
	10 # 11
	11 # 51
	12 # 13
	13 # 47
	14 # 54
	15 # 59
	16 # 49
	17 # 41
	18 # 16
	19 # 44
	20 # 29
	21 # 9
	22 # 2
	23 # 12
	24 # 40
	25 # 45
	26 # 17
	27 # 38
Timestep 1:
	0 # 36
	1 # 13
	2 # 57
	3 # 48
	4 # 31
	5 # 7
	6 # 22
	7 # 15
	8 # 8
	9 # 2
	10 # 19
	11 # 51
	12 # 14
	13 # 47
	14 # 46
	15 # 52
	16 # 50
	17 # 40
	18 # 23
	19 # 43
	20 # 28
	21 # 10
	22 # 1
	23 # 12
	24 # 32
	25 # 44
	26 # 24
	27 # 39
Timestep 2:
	0 # 44
	1 # 12
	2 # 58
	3 # 49
	4 # 30
	5 # 8
	6 # 22
	7 # 15
	8 # 9
	9 # 1
	10 # 20
	11 # 51
	12 # 14
	13 # 39
	14 # 47
	15 # 53
	16 # 50
	17 # 48
	18 # 23
	19 # 35
	20 # 27
	21 # 18
	22 # 0
	23 # 11
	24 # 33
	25 # 43
	26 # 25
	27 # 31
Timestep 3:
	0 # 52
	1 # 11
	2 # 59
	3 # 50
	4 # 38
	5 # 1
	6 # 23
	7 # 15
	8 # 9
	9 # 0
	10 # 27
	11 # 58
	12 # 21
	13 # 40
	14 # 39
	15 # 45
	16 # 57
	17 # 55
	18 # 16
	19 # 36
	20 # 26
	21 # 19
	22 # 7
	23 # 10
	24 # 34
	25 # 42
	26 # 24
	27 # 32
Timestep 4:
	0 # 53
	1 # 19
	2 # 52
	3 # 51
	4 # 46
	5 # 2
	6 # 22
	7 # 7
	8 # 9
	9 # 1
	10 # 28
	11 # 57
	12 # 29
	13 # 48
	14 # 40
	15 # 44
	16 # 50
	17 # 56
	18 # 15
	19 # 37
	20 # 25
	21 # 20
	22 # 8
	23 # 18
	24 # 35
	25 # 34
	26 # 23
	27 # 24
Timestep 5:
	0 # 60
	1 # 26
	2 # 44
	3 # 52
	4 # 47
	5 # 3
	6 # 30
	7 # 0
	8 # 10
	9 # 1
	10 # 27
	11 # 58
	12 # 28
	13 # 49
	14 # 41
	15 # 45
	16 # 42
	17 # 56
	18 # 22
	19 # 29
	20 # 24
	21 # 19
	22 # 16
	23 # 25
	24 # 43
	25 # 33
	26 # 31
	27 # 17
Timestep 6:
	0 # 60
	1 # 25
	2 # 36
	3 # 53
	4 # 48
	5 # 3
	6 # 38
	7 # 7
	8 # 18
	9 # 1
	10 # 35
	11 # 57
	12 # 29
	13 # 50
	14 # 42
	15 # 44
	16 # 34
	17 # 49
	18 # 30
	19 # 21
	20 # 17
	21 # 20
	22 # 16
	23 # 24
	24 # 51
	25 # 32
	26 # 39
	27 # 9
Timestep 7:
	0 # 59
	1 # 33
	2 # 28
	3 # 45
	4 # 55
	5 # 3
	6 # 46
	7 # 15
	8 # 25
	9 # 8
	10 # 43
	11 # 56
	12 # 37
	13 # 51
	14 # 34
	15 # 52
	16 # 26
	17 # 48
	18 # 38
	19 # 29
	20 # 9
	21 # 27
	22 # 16
	23 # 32
	24 # 58
	25 # 31
	26 # 40
	27 # 10
Timestep 8:
	0 # 52
	1 # 32
	2 # 27
	3 # 37
	4 # 55
	5 # 2
	6 # 54
	7 # 22
	8 # 26
	9 # 16
	10 # 42
	11 # 49
	12 # 36
	13 # 51
	14 # 34
	15 # 53
	16 # 19
	17 # 47
	18 # 46
	19 # 21
	20 # 9
	21 # 35
	22 # 17
	23 # 24
	24 # 58
	25 # 23
	26 # 48
	27 # 11
Timestep 9:
	0 # 51
	1 # 40
	2 # 20
	3 # 29
	4 # 55
	5 # 3
	6 # 54
	7 # 30
	8 # 25
	9 # 23
	10 # 50
	11 # 41
	12 # 44
	13 # 43
	14 # 26
	15 # 52
	16 # 11
	17 # 39
	18 # 47
	19 # 14
	20 # 8
	21 # 35
	22 # 9
	23 # 17
	24 # 59
	25 # 31
	26 # 49
	27 # 12
Timestep 10:
	0 # 50
	1 # 48
	2 # 12
	3 # 21
	4 # 55
	5 # 3
	6 # 54
	7 # 38
	8 # 24
	9 # 23
	10 # 49
	11 # 41
	12 # 52
	13 # 35
	14 # 19
	15 # 51
	16 # 10
	17 # 31
	18 # 39
	19 # 13
	20 # 7
	21 # 36
	22 # 17
	23 # 16
	24 # 58
	25 # 32
	26 # 56
	27 # 4

