Solution makespan:12
Timestep 0:
	0 # 55
	1 # 19
	2 # 15
	3 # 26
	4 # 36
	5 # 4
	6 # 28
	7 # 27
	8 # 23
	9 # 31
	10 # 22
	11 # 8
	12 # 37
	13 # 44
	14 # 25
	15 # 54
	16 # 52
	17 # 47
	18 # 29
	19 # 56
	20 # 13
	21 # 39
	22 # 32
	23 # 59
Timestep 1:
	0 # 48
	1 # 19
	2 # 14
	3 # 18
	4 # 35
	5 # 12
	6 # 20
	7 # 26
	8 # 22
	9 # 38
	10 # 30
	11 # 9
	12 # 37
	13 # 43
	14 # 24
	15 # 54
	16 # 44
	17 # 47
	18 # 28
	19 # 57
	20 # 21
	21 # 40
	22 # 33
	23 # 59
Timestep 2:
	0 # 49
	1 # 20
	2 # 15
	3 # 10
	4 # 27
	5 # 13
	6 # 12
	7 # 18
	8 # 30
	9 # 46
	10 # 31
	11 # 1
	12 # 29
	13 # 43
	14 # 25
	15 # 55
	16 # 45
	17 # 47
	18 # 36
	19 # 57
	20 # 21
	21 # 41
	22 # 40
	23 # 58
Timestep 3:
	0 # 50
	1 # 28
	2 # 23
	3 # 10
	4 # 35
	5 # 14
	6 # 12
	7 # 19
	8 # 29
	9 # 38
	10 # 31
	11 # 0
	12 # 21
	13 # 51
	14 # 26
	15 # 54
	16 # 46
	17 # 39
	18 # 43
	19 # 56
	20 # 20
	21 # 34
	22 # 48
	23 # 58
Timestep 4:
	0 # 42
	1 # 29
	2 # 22
	3 # 9
	4 # 36
	5 # 15
	6 # 12
	7 # 11
	8 # 37
	9 # 31
	10 # 30
	11 # 1
	12 # 13
	13 # 43
	14 # 18
	15 # 47
	16 # 38
	17 # 40
	18 # 44
	19 # 50
	20 # 19
	21 # 34
	22 # 49
	23 # 57
Timestep 5:
	0 # 35
	1 # 21
	2 # 30
	3 # 9
	4 # 36
	5 # 15
	6 # 11
	7 # 3
	8 # 44
	9 # 23
	10 # 29
	11 # 1
	12 # 12
	13 # 51
	14 # 17
	15 # 39
	16 # 31
	17 # 41
	18 # 45
	19 # 42
	20 # 27
	21 # 33
	22 # 50
	23 # 56
Timestep 6:
	0 # 27
	1 # 22
	2 # 29
	3 # 1
	4 # 28
	5 # 7
	6 # 10
	7 # 4
	8 # 52
	9 # 15
	10 # 21
	11 # 0
	12 # 11
	13 # 57
	14 # 9
	15 # 32
	16 # 23
	17 # 42
	18 # 46
	19 # 35
	20 # 26
	21 # 25
	22 # 49
	23 # 50
Timestep 7:
	0 # 19
	1 # 30
	2 # 37
	3 # 2
	4 # 28
	5 # 6
	6 # 9
	7 # 12
	8 # 51
	9 # 23
	10 # 29
	11 # 8
	12 # 10
	13 # 58
	14 # 1
	15 # 24
	16 # 22
	17 # 43
	18 # 53
	19 # 27
	20 # 34
	21 # 25
	22 # 50
	23 # 42
Timestep 8:
	0 # 11
	1 # 30
	2 # 36
	3 # 2
	4 # 20
	5 # 7
	6 # 17
	7 # 13
	8 # 50
	9 # 31
	10 # 37
	11 # 8
	12 # 18
	13 # 57
	14 # 0
	15 # 16
	16 # 14
	17 # 44
	18 # 60
	19 # 19
	20 # 35
	21 # 25
	22 # 56
	23 # 41
Timestep 9:
	0 # 12
	1 # 29
	2 # 43
	3 # 3
	4 # 21
	5 # 7
	6 # 25
	7 # 13
	8 # 49
	9 # 31
	10 # 44
	11 # 9
	12 # 19
	13 # 51
	14 # 1
	15 # 16
	16 # 15
	17 # 45
	18 # 59
	19 # 11
	20 # 42
	21 # 26
	22 # 57
	23 # 40
Timestep 10:
	0 # 12
	1 # 37
	2 # 42
	3 # 4
	4 # 22
	5 # 15
	6 # 24
	7 # 21
	8 # 48
	9 # 30
	10 # 52
	11 # 10
	12 # 27
	13 # 43
	14 # 9
	15 # 17
	16 # 14
	17 # 46
	18 # 58
	19 # 3
	20 # 50
	21 # 26
	22 # 51
	23 # 33
Timestep 11:
	0 # 13
	1 # 44
	2 # 41
	3 # 12
	4 # 14
	5 # 23
	6 # 32
	7 # 29
	8 # 55
	9 # 22
	10 # 58
	11 # 11
	12 # 35
	13 # 42
	14 # 17
	15 # 18
	16 # 6
	17 # 53
	18 # 57
	19 # 2
	20 # 51
	21 # 27
	22 # 43
	23 # 25
Timestep 12:
	0 # 14
	1 # 45
	2 # 40
	3 # 20
	4 # 15
	5 # 31
	6 # 39
	7 # 37
	8 # 54
	9 # 30
	10 # 59
	11 # 12
	12 # 34
	13 # 50
	14 # 25
	15 # 19
	16 # 5
	17 # 60
	18 # 56
	19 # 1
	20 # 52
	21 # 35
	22 # 42
	23 # 24

