Solution makespan:10
Timestep 0:
	0 # 8
	1 # 31
	2 # 40
	3 # 37
	4 # 30
	5 # 17
	6 # 11
	7 # 10
	8 # 12
	9 # 33
	10 # 39
	11 # 18
	12 # 25
	13 # 14
	14 # 54
	15 # 4
Timestep 1:
	0 # 16
	1 # 39
	2 # 48
	3 # 29
	4 # 30
	5 # 9
	6 # 3
	7 # 18
	8 # 11
	9 # 34
	10 # 38
	11 # 17
	12 # 25
	13 # 15
	14 # 47
	15 # 12
Timestep 2:
	0 # 15
	1 # 38
	2 # 48
	3 # 22
	4 # 31
	5 # 9
	6 # 3
	7 # 23
	8 # 10
	9 # 35
	10 # 37
	11 # 17
	12 # 33
	13 # 7
	14 # 46
	15 # 4
Timestep 3:
	0 # 21
	1 # 30
	2 # 47
	3 # 22
	4 # 32
	5 # 8
	6 # 3
	7 # 24
	8 # 9
	9 # 35
	10 # 38
	11 # 17
	12 # 34
	13 # 6
	14 # 45
	15 # 12
Timestep 4:
	0 # 20
	1 # 29
	2 # 46
	3 # 17
	4 # 40
	5 # 7
	6 # 4
	7 # 24
	8 # 8
	9 # 36
	10 # 30
	11 # 18
	12 # 34
	13 # 5
	14 # 44
	15 # 11
Timestep 5:
	0 # 19
	1 # 22
	2 # 45
	3 # 9
	4 # 32
	5 # 7
	6 # 4
	7 # 31
	8 # 16
	9 # 44
	10 # 29
	11 # 23
	12 # 35
	13 # 13
	14 # 43
	15 # 11
Timestep 6:
	0 # 20
	1 # 22
	2 # 37
	3 # 10
	4 # 40
	5 # 8
	6 # 3
	7 # 32
	8 # 15
	9 # 45
	10 # 29
	11 # 30
	12 # 35
	13 # 5
	14 # 42
	15 # 12
Timestep 7:
	0 # 21
	1 # 17
	2 # 36
	3 # 11
	4 # 48
	5 # 2
	6 # 4
	7 # 40
	8 # 14
	9 # 37
	10 # 22
	11 # 38
	12 # 27
	13 # 0
	14 # 34
	15 # 12
Timestep 8:
	0 # 15
	1 # 16
	2 # 36
	3 # 3
	4 # 47
	5 # 2
	6 # 12
	7 # 48
	8 # 13
	9 # 38
	10 # 17
	11 # 46
	12 # 28
	13 # 0
	14 # 35
	15 # 11
Timestep 9:
	0 # 7
	1 # 15
	2 # 44
	3 # 3
	4 # 48
	5 # 8
	6 # 11
	7 # 55
	8 # 19
	9 # 39
	10 # 16
	11 # 45
	12 # 29
	13 # 1
	14 # 35
	15 # 10
Timestep 10:
	0 # 15
	1 # 14
	2 # 52
	3 # 4
	4 # 47
	5 # 9
	6 # 10
	7 # 54
	8 # 25
	9 # 40
	10 # 8
	11 # 37
	12 # 30
	13 # 1
	14 # 36
	15 # 18

