Solution makespan:11
Timestep 0:
	0 # 52
	1 # 21
	2 # 42
	3 # 45
	4 # 28
	5 # 7
	6 # 8
	7 # 56
	8 # 48
	9 # 3
	10 # 26
	11 # 10
	12 # 47
	13 # 53
	14 # 34
	15 # 54
	16 # 14
	17 # 6
	18 # 1
	19 # 57
	20 # 37
	21 # 43
	22 # 29
	23 # 16
Timestep 1:
	0 # 53
	1 # 21
	2 # 41
	3 # 38
	4 # 20
	5 # 6
	6 # 9
	7 # 56
	8 # 49
	9 # 3
	10 # 26
	11 # 17
	12 # 40
	13 # 45
	14 # 34
	15 # 46
	16 # 15
	17 # 13
	18 # 2
	19 # 57
	20 # 36
	21 # 50
	22 # 30
	23 # 8
Timestep 2:
	0 # 54
	1 # 20
	2 # 40
	3 # 37
	4 # 13
	5 # 6
	6 # 10
	7 # 57
	8 # 42
	9 # 4
	10 # 18
	11 # 25
	12 # 32
	13 # 38
	14 # 33
	15 # 45
	16 # 22
	17 # 14
	18 # 2
	19 # 49
	20 # 44
	21 # 43
	22 # 31
	23 # 1
Timestep 3:
	0 # 46
	1 # 28
	2 # 39
	3 # 36
	4 # 6
	5 # 7
	6 # 17
	7 # 49
	8 # 34
	9 # 4
	10 # 11
	11 # 32
	12 # 31
	13 # 30
	14 # 41
	15 # 38
	16 # 21
	17 # 15
	18 # 9
	19 # 48
	20 # 51
	21 # 44
	22 # 24
	23 # 2
Timestep 4:
	0 # 39
	1 # 35
	2 # 38
	3 # 37
	4 # 6
	5 # 14
	6 # 17
	7 # 48
	8 # 27
	9 # 4
	10 # 10
	11 # 33
	12 # 24
	13 # 29
	14 # 42
	15 # 30
	16 # 20
	17 # 22
	18 # 8
	19 # 47
	20 # 52
	21 # 51
	22 # 25
	23 # 3
Timestep 5:
	0 # 40
	1 # 43
	2 # 37
	3 # 29
	4 # 6
	5 # 15
	6 # 25
	7 # 47
	8 # 19
	9 # 5
	10 # 9
	11 # 41
	12 # 31
	13 # 22
	14 # 49
	15 # 30
	16 # 13
	17 # 21
	18 # 16
	19 # 46
	20 # 53
	21 # 44
	22 # 24
	23 # 4
Timestep 6:
	0 # 41
	1 # 50
	2 # 36
	3 # 22
	4 # 13
	5 # 16
	6 # 32
	7 # 46
	8 # 12
	9 # 4
	10 # 9
	11 # 42
	12 # 31
	13 # 21
	14 # 49
	15 # 29
	16 # 14
	17 # 20
	18 # 23
	19 # 39
	20 # 54
	21 # 43
	22 # 25
	23 # 11
Timestep 7:
	0 # 33
	1 # 51
	2 # 44
	3 # 15
	4 # 6
	5 # 8
	6 # 40
	7 # 45
	8 # 5
	9 # 4
	10 # 10
	11 # 34
	12 # 24
	13 # 20
	14 # 42
	15 # 22
	16 # 21
	17 # 13
	18 # 23
	19 # 38
	20 # 54
	21 # 43
	22 # 25
	23 # 18
Timestep 8:
	0 # 26
	1 # 52
	2 # 51
	3 # 16
	4 # 6
	5 # 8
	6 # 41
	7 # 38
	8 # 4
	9 # 11
	10 # 9
	11 # 34
	12 # 25
	13 # 13
	14 # 49
	15 # 15
	16 # 20
	17 # 14
	18 # 30
	19 # 37
	20 # 54
	21 # 43
	22 # 32
	23 # 19
Timestep 9:
	0 # 18
	1 # 53
	2 # 44
	3 # 23
	4 # 6
	5 # 9
	6 # 41
	7 # 30
	8 # 3
	9 # 4
	10 # 2
	11 # 33
	12 # 26
	13 # 13
	14 # 57
	15 # 16
	16 # 28
	17 # 7
	18 # 31
	19 # 29
	20 # 55
	21 # 35
	22 # 40
	23 # 27
Timestep 10:
	0 # 11
	1 # 45
	2 # 36
	3 # 16
	4 # 6
	5 # 10
	6 # 33
	7 # 38
	8 # 2
	9 # 3
	10 # 1
	11 # 32
	12 # 27
	13 # 20
	14 # 57
	15 # 8
	16 # 35
	17 # 14
	18 # 30
	19 # 22
	20 # 56
	21 # 43
	22 # 47
	23 # 34
Timestep 11:
	0 # 4
	1 # 46
	2 # 37
	3 # 23
	4 # 7
	5 # 17
	6 # 32
	7 # 30
	8 # 9
	9 # 10
	10 # 0
	11 # 25
	12 # 19
	13 # 28
	14 # 49
	15 # 1
	16 # 36
	17 # 15
	18 # 31
	19 # 29
	20 # 48
	21 # 50
	22 # 55
	23 # 34

