Solution makespan:9
Timestep 0:
	0 # 21
	1 # 42
	2 # 35
	3 # 38
	4 # 44
	5 # 13
	6 # 18
	7 # 4
	8 # 15
	9 # 23
	10 # 7
	11 # 9
Timestep 1:
	0 # 13
	1 # 41
	2 # 42
	3 # 39
	4 # 52
	5 # 12
	6 # 19
	7 # 11
	8 # 16
	9 # 24
	10 # 15
	11 # 9
Timestep 2:
	0 # 21
	1 # 49
	2 # 50
	3 # 47
	4 # 44
	5 # 20
	6 # 19
	7 # 11
	8 # 17
	9 # 23
	10 # 15
	11 # 10
Timestep 3:
	0 # 21
	1 # 48
	2 # 51
	3 # 55
	4 # 37
	5 # 19
	6 # 18
	7 # 12
	8 # 25
	9 # 23
	10 # 15
	11 # 11
Timestep 4:
	0 # 21
	1 # 40
	2 # 59
	3 # 56
	4 # 29
	5 # 18
	6 # 10
	7 # 12
	8 # 26
	9 # 24
	10 # 14
	11 # 19
Timestep 5:
	0 # 13
	1 # 41
	2 # 58
	3 # 55
	4 # 28
	5 # 17
	6 # 10
	7 # 11
	8 # 26
	9 # 16
	10 # 6
	11 # 27
Timestep 6:
	0 # 12
	1 # 42
	2 # 58
	3 # 54
	4 # 28
	5 # 16
	6 # 3
	7 # 10
	8 # 25
	9 # 8
	10 # 7
	11 # 26
Timestep 7:
	0 # 11
	1 # 43
	2 # 59
	3 # 46
	4 # 20
	5 # 24
	6 # 4
	7 # 9
	8 # 33
	9 # 7
	10 # 15
	11 # 25
Timestep 8:
	0 # 10
	1 # 43
	2 # 59
	3 # 47
	4 # 12
	5 # 23
	6 # 5
	7 # 17
	8 # 32
	9 # 7
	10 # 15
	11 # 25
Timestep 9:
	0 # 10
	1 # 44
	2 # 51
	3 # 39
	4 # 11
	5 # 31
	6 # 5
	7 # 18
	8 # 32
	9 # 6
	10 # 14
	11 # 24

