Solution makespan:8
Timestep 0:
	0 # 6
	1 # 12
	2 # 7
	3 # 4
	4 # 9
	5 # 1
	6 # 3
	7 # 2
Timestep 1:
	0 # 6
	1 # 11
	2 # 10
	3 # 4
	4 # 12
	5 # 5
	6 # 2
	7 # 1
Timestep 2:
	0 # 3
	1 # 11
	2 # 10
	3 # 0
	4 # 13
	5 # 8
	6 # 2
	7 # 5
Timestep 3:
	0 # 3
	1 # 8
	2 # 11
	3 # 0
	4 # 12
	5 # 9
	6 # 1
	7 # 4
Timestep 4:
	0 # 6
	1 # 5
	2 # 12
	3 # 4
	4 # 9
	5 # 8
	6 # 1
	7 # 7
Timestep 5:
	0 # 6
	1 # 1
	2 # 12
	3 # 4
	4 # 8
	5 # 5
	6 # 0
	7 # 10
Timestep 6:
	0 # 6
	1 # 1
	2 # 9
	3 # 7
	4 # 5
	5 # 4
	6 # 0
	7 # 11
Timestep 7:
	0 # 6
	1 # 2
	2 # 9
	3 # 8
	4 # 1
	5 # 7
	6 # 0
	7 # 12
Timestep 8:
	0 # 6
	1 # 3
	2 # 9
	3 # 5
	4 # 2
	5 # 10
	6 # 0
	7 # 13

