Solution makespan:11
Timestep 0:
	0 # 26
	1 # 54
	2 # 13
	3 # 2
	4 # 15
	5 # 12
	6 # 14
	7 # 44
	8 # 42
	9 # 31
	10 # 34
	11 # 17
	12 # 48
	13 # 28
	14 # 39
	15 # 30
Timestep 1:
	0 # 27
	1 # 54
	2 # 20
	3 # 9
	4 # 8
	5 # 11
	6 # 15
	7 # 45
	8 # 34
	9 # 31
	10 # 28
	11 # 24
	12 # 48
	13 # 21
	14 # 38
	15 # 36
Timestep 2:
	0 # 26
	1 # 48
	2 # 27
	3 # 16
	4 # 1
	5 # 18
	6 # 8
	7 # 46
	8 # 28
	9 # 31
	10 # 29
	11 # 23
	12 # 47
	13 # 15
	14 # 38
	15 # 37
Timestep 3:
	0 # 26
	1 # 40
	2 # 32
	3 # 22
	4 # 2
	5 # 25
	6 # 1
	7 # 47
	8 # 21
	9 # 38
	10 # 29
	11 # 30
	12 # 39
	13 # 8
	14 # 37
	15 # 45
Timestep 4:
	0 # 25
	1 # 39
	2 # 40
	3 # 23
	4 # 9
	5 # 18
	6 # 2
	7 # 53
	8 # 21
	9 # 46
	10 # 22
	11 # 36
	12 # 38
	13 # 7
	14 # 45
	15 # 51
Timestep 5:
	0 # 31
	1 # 47
	2 # 39
	3 # 24
	4 # 9
	5 # 17
	6 # 2
	7 # 53
	8 # 15
	9 # 45
	10 # 16
	11 # 30
	12 # 37
	13 # 7
	14 # 44
	15 # 51
Timestep 6:
	0 # 31
	1 # 46
	2 # 38
	3 # 25
	4 # 2
	5 # 24
	6 # 1
	7 # 54
	8 # 16
	9 # 37
	10 # 22
	11 # 23
	12 # 36
	13 # 14
	14 # 44
	15 # 45
Timestep 7:
	0 # 31
	1 # 38
	2 # 37
	3 # 18
	4 # 1
	5 # 23
	6 # 8
	7 # 53
	8 # 16
	9 # 36
	10 # 29
	11 # 22
	12 # 30
	13 # 7
	14 # 43
	15 # 44
Timestep 8:
	0 # 31
	1 # 37
	2 # 36
	3 # 11
	4 # 1
	5 # 22
	6 # 15
	7 # 52
	8 # 9
	9 # 30
	10 # 28
	11 # 16
	12 # 23
	13 # 0
	14 # 44
	15 # 45
Timestep 9:
	0 # 25
	1 # 36
	2 # 35
	3 # 12
	4 # 1
	5 # 16
	6 # 8
	7 # 46
	8 # 2
	9 # 30
	10 # 28
	11 # 9
	12 # 22
	13 # 0
	14 # 43
	15 # 45
Timestep 10:
	0 # 31
	1 # 35
	2 # 34
	3 # 5
	4 # 1
	5 # 15
	6 # 7
	7 # 52
	8 # 2
	9 # 23
	10 # 21
	11 # 16
	12 # 22
	13 # 0
	14 # 42
	15 # 45
Timestep 11:
	0 # 31
	1 # 35
	2 # 28
	3 # 5
	4 # 1
	5 # 14
	6 # 7
	7 # 52
	8 # 2
	9 # 23
	10 # 21
	11 # 15
	12 # 16
	13 # 0
	14 # 34
	15 # 45

