Solution makespan:13
Timestep 0:
	0 # 19
	1 # 17
	2 # 37
	3 # 55
	4 # 53
	5 # 16
	6 # 6
	7 # 31
	8 # 5
	9 # 41
	10 # 43
	11 # 20
	12 # 4
	13 # 23
	14 # 50
	15 # 26
	16 # 32
	17 # 27
	18 # 44
	19 # 28
	20 # 11
	21 # 46
	22 # 35
	23 # 3
	24 # 13
	25 # 25
	26 # 14
	27 # 9
	28 # 36
	29 # 54
	30 # 42
	31 # 58
Timestep 1:
	0 # 20
	1 # 18
	2 # 38
	3 # 56
	4 # 46
	5 # 17
	6 # 14
	7 # 39
	8 # 5
	9 # 42
	10 # 49
	11 # 12
	12 # 4
	13 # 31
	14 # 57
	15 # 34
	16 # 33
	17 # 27
	18 # 50
	19 # 29
	20 # 10
	21 # 47
	22 # 36
	23 # 2
	24 # 13
	25 # 24
	26 # 22
	27 # 9
	28 # 28
	29 # 53
	30 # 48
	31 # 58
Timestep 2:
	0 # 20
	1 # 19
	2 # 37
	3 # 49
	4 # 39
	5 # 18
	6 # 13
	7 # 31
	8 # 6
	9 # 43
	10 # 48
	11 # 11
	12 # 5
	13 # 32
	14 # 56
	15 # 42
	16 # 33
	17 # 35
	18 # 51
	19 # 21
	20 # 9
	21 # 47
	22 # 44
	23 # 3
	24 # 12
	25 # 16
	26 # 30
	27 # 8
	28 # 28
	29 # 46
	30 # 55
	31 # 57
Timestep 3:
	0 # 21
	1 # 27
	2 # 36
	3 # 50
	4 # 31
	5 # 19
	6 # 12
	7 # 23
	8 # 6
	9 # 42
	10 # 48
	11 # 3
	12 # 5
	13 # 40
	14 # 49
	15 # 34
	16 # 25
	17 # 43
	18 # 51
	19 # 22
	20 # 10
	21 # 47
	22 # 45
	23 # 4
	24 # 11
	25 # 16
	26 # 38
	27 # 8
	28 # 29
	29 # 46
	30 # 56
	31 # 57
Timestep 4:
	0 # 29
	1 # 28
	2 # 44
	3 # 49
	4 # 32
	5 # 20
	6 # 12
	7 # 24
	8 # 5
	9 # 34
	10 # 55
	11 # 2
	12 # 13
	13 # 41
	14 # 48
	15 # 35
	16 # 17
	17 # 42
	18 # 50
	19 # 14
	20 # 11
	21 # 47
	22 # 51
	23 # 4
	24 # 3
	25 # 8
	26 # 37
	27 # 9
	28 # 30
	29 # 39
	30 # 56
	31 # 57
Timestep 5:
	0 # 37
	1 # 28
	2 # 45
	3 # 49
	4 # 24
	5 # 12
	6 # 11
	7 # 25
	8 # 6
	9 # 26
	10 # 55
	11 # 2
	12 # 21
	13 # 33
	14 # 42
	15 # 43
	16 # 9
	17 # 41
	18 # 44
	19 # 13
	20 # 19
	21 # 40
	22 # 52
	23 # 4
	24 # 3
	25 # 1
	26 # 36
	27 # 10
	28 # 22
	29 # 31
	30 # 57
	31 # 50
Timestep 6:
	0 # 36
	1 # 29
	2 # 37
	3 # 56
	4 # 16
	5 # 11
	6 # 10
	7 # 25
	8 # 14
	9 # 27
	10 # 55
	11 # 2
	12 # 13
	13 # 34
	14 # 41
	15 # 49
	16 # 8
	17 # 40
	18 # 44
	19 # 5
	20 # 19
	21 # 32
	22 # 52
	23 # 12
	24 # 3
	25 # 1
	26 # 35
	27 # 18
	28 # 22
	29 # 31
	30 # 50
	31 # 51
Timestep 7:
	0 # 35
	1 # 37
	2 # 38
	3 # 57
	4 # 17
	5 # 10
	6 # 9
	7 # 33
	8 # 22
	9 # 28
	10 # 56
	11 # 3
	12 # 13
	13 # 42
	14 # 40
	15 # 48
	16 # 7
	17 # 47
	18 # 36
	19 # 6
	20 # 19
	21 # 24
	22 # 52
	23 # 11
	24 # 4
	25 # 8
	26 # 34
	27 # 26
	28 # 21
	29 # 31
	30 # 50
	31 # 51
Timestep 8:
	0 # 35
	1 # 45
	2 # 37
	3 # 50
	4 # 18
	5 # 2
	6 # 9
	7 # 41
	8 # 30
	9 # 20
	10 # 56
	11 # 4
	12 # 13
	13 # 43
	14 # 32
	15 # 42
	16 # 15
	17 # 54
	18 # 44
	19 # 6
	20 # 19
	21 # 25
	22 # 52
	23 # 10
	24 # 12
	25 # 8
	26 # 33
	27 # 34
	28 # 21
	29 # 39
	30 # 49
	31 # 58
Timestep 9:
	0 # 27
	1 # 51
	2 # 36
	3 # 44
	4 # 10
	5 # 3
	6 # 8
	7 # 33
	8 # 38
	9 # 12
	10 # 49
	11 # 5
	12 # 21
	13 # 35
	14 # 31
	15 # 41
	16 # 23
	17 # 54
	18 # 43
	19 # 14
	20 # 18
	21 # 25
	22 # 52
	23 # 9
	24 # 4
	25 # 16
	26 # 32
	27 # 42
	28 # 29
	29 # 40
	30 # 48
	31 # 57
Timestep 10:
	0 # 19
	1 # 58
	2 # 35
	3 # 36
	4 # 11
	5 # 2
	6 # 7
	7 # 34
	8 # 37
	9 # 4
	10 # 50
	11 # 13
	12 # 29
	13 # 27
	14 # 23
	15 # 40
	16 # 24
	17 # 53
	18 # 42
	19 # 22
	20 # 10
	21 # 26
	22 # 51
	23 # 9
	24 # 3
	25 # 17
	26 # 31
	27 # 41
	28 # 28
	29 # 32
	30 # 48
	31 # 57
Timestep 11:
	0 # 20
	1 # 57
	2 # 43
	3 # 35
	4 # 12
	5 # 10
	6 # 15
	7 # 34
	8 # 45
	9 # 5
	10 # 44
	11 # 21
	12 # 37
	13 # 19
	14 # 31
	15 # 32
	16 # 24
	17 # 54
	18 # 41
	19 # 22
	20 # 9
	21 # 27
	22 # 58
	23 # 8
	24 # 11
	25 # 18
	26 # 39
	27 # 40
	28 # 36
	29 # 33
	30 # 42
	31 # 50
Timestep 12:
	0 # 20
	1 # 56
	2 # 42
	3 # 27
	4 # 4
	5 # 2
	6 # 16
	7 # 33
	8 # 51
	9 # 13
	10 # 43
	11 # 29
	12 # 45
	13 # 11
	14 # 31
	15 # 24
	16 # 23
	17 # 53
	18 # 40
	19 # 21
	20 # 8
	21 # 28
	22 # 57
	23 # 7
	24 # 10
	25 # 19
	26 # 46
	27 # 39
	28 # 35
	29 # 25
	30 # 41
	31 # 44
Timestep 13:
	0 # 19
	1 # 55
	2 # 34
	3 # 26
	4 # 5
	5 # 3
	6 # 17
	7 # 32
	8 # 50
	9 # 14
	10 # 43
	11 # 37
	12 # 44
	13 # 12
	14 # 31
	15 # 24
	16 # 15
	17 # 54
	18 # 47
	19 # 13
	20 # 1
	21 # 29
	22 # 56
	23 # 8
	24 # 9
	25 # 11
	26 # 46
	27 # 39
	28 # 27
	29 # 33
	30 # 41
	31 # 36

