Solution makespan:12
Timestep 0:
	0 # 31
	1 # 39
	2 # 29
	3 # 22
	4 # 4
	5 # 5
	6 # 43
	7 # 46
	8 # 19
	9 # 48
	10 # 53
	11 # 12
	12 # 15
	13 # 35
	14 # 13
	15 # 6
Timestep 1:
	0 # 32
	1 # 33
	2 # 30
	3 # 22
	4 # 3
	5 # 6
	6 # 44
	7 # 46
	8 # 11
	9 # 55
	10 # 52
	11 # 13
	12 # 14
	13 # 36
	14 # 20
	15 # 7
Timestep 2:
	0 # 33
	1 # 26
	2 # 23
	3 # 21
	4 # 2
	5 # 6
	6 # 37
	7 # 47
	8 # 11
	9 # 55
	10 # 45
	11 # 20
	12 # 15
	13 # 35
	14 # 27
	15 # 7
Timestep 3:
	0 # 39
	1 # 25
	2 # 17
	3 # 28
	4 # 1
	5 # 14
	6 # 31
	7 # 48
	8 # 3
	9 # 54
	10 # 38
	11 # 27
	12 # 15
	13 # 35
	14 # 26
	15 # 6
Timestep 4:
	0 # 46
	1 # 24
	2 # 18
	3 # 27
	4 # 9
	5 # 21
	6 # 32
	7 # 55
	8 # 4
	9 # 53
	10 # 38
	11 # 34
	12 # 15
	13 # 40
	14 # 26
	15 # 6
Timestep 5:
	0 # 47
	1 # 18
	2 # 10
	3 # 26
	4 # 8
	5 # 28
	6 # 33
	7 # 56
	8 # 12
	9 # 52
	10 # 32
	11 # 35
	12 # 22
	13 # 48
	14 # 25
	15 # 5
Timestep 6:
	0 # 46
	1 # 24
	2 # 11
	3 # 25
	4 # 16
	5 # 35
	6 # 34
	7 # 56
	8 # 13
	9 # 45
	10 # 33
	11 # 40
	12 # 21
	13 # 47
	14 # 19
	15 # 4
Timestep 7:
	0 # 45
	1 # 23
	2 # 12
	3 # 24
	4 # 17
	5 # 36
	6 # 27
	7 # 56
	8 # 13
	9 # 44
	10 # 34
	11 # 40
	12 # 28
	13 # 46
	14 # 25
	15 # 3
Timestep 8:
	0 # 44
	1 # 30
	2 # 4
	3 # 23
	4 # 18
	5 # 41
	6 # 20
	7 # 56
	8 # 14
	9 # 37
	10 # 27
	11 # 40
	12 # 28
	13 # 45
	14 # 26
	15 # 2
Timestep 9:
	0 # 43
	1 # 23
	2 # 5
	3 # 17
	4 # 24
	5 # 49
	6 # 13
	7 # 56
	8 # 21
	9 # 38
	10 # 20
	11 # 41
	12 # 35
	13 # 44
	14 # 27
	15 # 10
Timestep 10:
	0 # 51
	1 # 17
	2 # 4
	3 # 16
	4 # 23
	5 # 49
	6 # 5
	7 # 55
	8 # 28
	9 # 45
	10 # 13
	11 # 41
	12 # 40
	13 # 37
	14 # 20
	15 # 18
Timestep 11:
	0 # 51
	1 # 17
	2 # 3
	3 # 8
	4 # 23
	5 # 49
	6 # 6
	7 # 54
	8 # 28
	9 # 46
	10 # 14
	11 # 41
	12 # 48
	13 # 31
	14 # 13
	15 # 24
Timestep 12:
	0 # 50
	1 # 9
	2 # 2
	3 # 0
	4 # 17
	5 # 48
	6 # 7
	7 # 54
	8 # 35
	9 # 53
	10 # 6
	11 # 40
	12 # 47
	13 # 37
	14 # 14
	15 # 23

