Solution makespan:8
Timestep 0:
	0 # 40
	1 # 31
	2 # 30
	3 # 24
	4 # 33
	5 # 43
	6 # 36
	7 # 0
	8 # 16
	9 # 7
	10 # 32
	11 # 35
Timestep 1:
	0 # 39
	1 # 31
	2 # 29
	3 # 19
	4 # 25
	5 # 43
	6 # 28
	7 # 1
	8 # 8
	9 # 7
	10 # 32
	11 # 36
Timestep 2:
	0 # 38
	1 # 24
	2 # 29
	3 # 18
	4 # 25
	5 # 44
	6 # 27
	7 # 2
	8 # 9
	9 # 8
	10 # 40
	11 # 28
Timestep 3:
	0 # 37
	1 # 19
	2 # 30
	3 # 17
	4 # 25
	5 # 45
	6 # 26
	7 # 3
	8 # 10
	9 # 16
	10 # 39
	11 # 29
Timestep 4:
	0 # 36
	1 # 19
	2 # 38
	3 # 10
	4 # 26
	5 # 37
	6 # 20
	7 # 4
	8 # 11
	9 # 21
	10 # 47
	11 # 22
Timestep 5:
	0 # 35
	1 # 19
	2 # 37
	3 # 9
	4 # 20
	5 # 29
	6 # 15
	7 # 10
	8 # 18
	9 # 27
	10 # 46
	11 # 17
Timestep 6:
	0 # 34
	1 # 19
	2 # 36
	3 # 3
	4 # 20
	5 # 22
	6 # 15
	7 # 11
	8 # 23
	9 # 28
	10 # 45
	11 # 18
Timestep 7:
	0 # 33
	1 # 24
	2 # 35
	3 # 9
	4 # 15
	5 # 17
	6 # 16
	7 # 12
	8 # 30
	9 # 36
	10 # 37
	11 # 23
Timestep 8:
	0 # 41
	1 # 31
	2 # 27
	3 # 10
	4 # 7
	5 # 18
	6 # 16
	7 # 19
	8 # 38
	9 # 37
	10 # 29
	11 # 24

