Solution makespan:10
Timestep 0:
	0 # 2
	1 # 17
	2 # 24
	3 # 38
	4 # 55
	5 # 15
	6 # 12
	7 # 40
	8 # 41
	9 # 13
	10 # 11
	11 # 3
Timestep 1:
	0 # 2
	1 # 18
	2 # 31
	3 # 38
	4 # 54
	5 # 16
	6 # 12
	7 # 34
	8 # 49
	9 # 13
	10 # 17
	11 # 4
Timestep 2:
	0 # 3
	1 # 17
	2 # 30
	3 # 32
	4 # 53
	5 # 22
	6 # 4
	7 # 27
	8 # 50
	9 # 12
	10 # 23
	11 # 5
Timestep 3:
	0 # 2
	1 # 16
	2 # 36
	3 # 25
	4 # 52
	5 # 23
	6 # 5
	7 # 27
	8 # 42
	9 # 11
	10 # 24
	11 # 6
Timestep 4:
	0 # 10
	1 # 15
	2 # 36
	3 # 24
	4 # 44
	5 # 30
	6 # 6
	7 # 27
	8 # 42
	9 # 17
	10 # 31
	11 # 7
Timestep 5:
	0 # 16
	1 # 14
	2 # 44
	3 # 18
	4 # 43
	5 # 31
	6 # 5
	7 # 20
	8 # 42
	9 # 23
	10 # 37
	11 # 6
Timestep 6:
	0 # 16
	1 # 15
	2 # 45
	3 # 17
	4 # 51
	5 # 32
	6 # 13
	7 # 19
	8 # 43
	9 # 30
	10 # 38
	11 # 5
Timestep 7:
	0 # 22
	1 # 15
	2 # 37
	3 # 16
	4 # 51
	5 # 33
	6 # 12
	7 # 20
	8 # 44
	9 # 36
	10 # 46
	11 # 13
Timestep 8:
	0 # 16
	1 # 14
	2 # 31
	3 # 15
	4 # 50
	5 # 39
	6 # 18
	7 # 20
	8 # 45
	9 # 44
	10 # 47
	11 # 12
Timestep 9:
	0 # 16
	1 # 21
	2 # 24
	3 # 9
	4 # 42
	5 # 47
	6 # 17
	7 # 27
	8 # 37
	9 # 45
	10 # 48
	11 # 11
Timestep 10:
	0 # 22
	1 # 21
	2 # 24
	3 # 1
	4 # 41
	5 # 55
	6 # 17
	7 # 26
	8 # 31
	9 # 46
	10 # 56
	11 # 12

