Solution makespan:11
Timestep 0:
	0 # 36
	1 # 5
	2 # 23
	3 # 21
	4 # 20
	5 # 12
	6 # 51
	7 # 3
	8 # 19
	9 # 41
	10 # 33
	11 # 9
	12 # 16
	13 # 8
	14 # 53
	15 # 14
	16 # 2
	17 # 55
	18 # 24
	19 # 6
Timestep 1:
	0 # 28
	1 # 13
	2 # 24
	3 # 21
	4 # 27
	5 # 11
	6 # 44
	7 # 3
	8 # 26
	9 # 48
	10 # 32
	11 # 8
	12 # 16
	13 # 1
	14 # 52
	15 # 20
	16 # 2
	17 # 54
	18 # 17
	19 # 7
Timestep 2:
	0 # 29
	1 # 13
	2 # 24
	3 # 22
	4 # 35
	5 # 18
	6 # 43
	7 # 11
	8 # 34
	9 # 47
	10 # 31
	11 # 9
	12 # 17
	13 # 0
	14 # 51
	15 # 27
	16 # 2
	17 # 53
	18 # 10
	19 # 15
Timestep 3:
	0 # 22
	1 # 19
	2 # 31
	3 # 23
	4 # 35
	5 # 25
	6 # 42
	7 # 10
	8 # 33
	9 # 40
	10 # 38
	11 # 16
	12 # 18
	13 # 0
	14 # 50
	15 # 28
	16 # 2
	17 # 52
	18 # 9
	19 # 21
Timestep 4:
	0 # 23
	1 # 26
	2 # 30
	3 # 24
	4 # 27
	5 # 32
	6 # 42
	7 # 9
	8 # 33
	9 # 40
	10 # 31
	11 # 17
	12 # 11
	13 # 7
	14 # 43
	15 # 36
	16 # 3
	17 # 51
	18 # 8
	19 # 28
Timestep 5:
	0 # 16
	1 # 34
	2 # 23
	3 # 25
	4 # 28
	5 # 39
	6 # 49
	7 # 8
	8 # 32
	9 # 33
	10 # 31
	11 # 18
	12 # 10
	13 # 6
	14 # 36
	15 # 37
	16 # 11
	17 # 50
	18 # 1
	19 # 29
Timestep 6:
	0 # 17
	1 # 41
	2 # 23
	3 # 32
	4 # 21
	5 # 46
	6 # 50
	7 # 7
	8 # 31
	9 # 34
	10 # 24
	11 # 11
	12 # 2
	13 # 14
	14 # 28
	15 # 44
	16 # 10
	17 # 43
	18 # 8
	19 # 37
Timestep 7:
	0 # 18
	1 # 40
	2 # 24
	3 # 39
	4 # 22
	5 # 47
	6 # 49
	7 # 15
	8 # 30
	9 # 33
	10 # 17
	11 # 3
	12 # 10
	13 # 20
	14 # 29
	15 # 51
	16 # 9
	17 # 43
	18 # 7
	19 # 44
Timestep 8:
	0 # 11
	1 # 33
	2 # 24
	3 # 40
	4 # 23
	5 # 48
	6 # 42
	7 # 21
	8 # 29
	9 # 34
	10 # 18
	11 # 2
	12 # 10
	13 # 27
	14 # 22
	15 # 50
	16 # 8
	17 # 36
	18 # 15
	19 # 51
Timestep 9:
	0 # 12
	1 # 32
	2 # 31
	3 # 41
	4 # 16
	5 # 47
	6 # 43
	7 # 21
	8 # 37
	9 # 33
	10 # 25
	11 # 10
	12 # 9
	13 # 27
	14 # 23
	15 # 49
	16 # 7
	17 # 28
	18 # 14
	19 # 52
Timestep 10:
	0 # 13
	1 # 32
	2 # 38
	3 # 48
	4 # 9
	5 # 40
	6 # 50
	7 # 22
	8 # 36
	9 # 34
	10 # 25
	11 # 17
	12 # 8
	13 # 28
	14 # 16
	15 # 49
	16 # 15
	17 # 21
	18 # 20
	19 # 53
Timestep 11:
	0 # 19
	1 # 39
	2 # 38
	3 # 48
	4 # 10
	5 # 41
	6 # 51
	7 # 23
	8 # 43
	9 # 34
	10 # 25
	11 # 18
	12 # 8
	13 # 29
	14 # 17
	15 # 49
	16 # 15
	17 # 20
	18 # 27
	19 # 54

