Solution makespan:8
Timestep 0:
	0 # 8
	1 # 13
	2 # 4
	3 # 9
	4 # 52
	5 # 44
	6 # 32
	7 # 0
Timestep 1:
	0 # 9
	1 # 21
	2 # 11
	3 # 17
	4 # 51
	5 # 52
	6 # 33
	7 # 0
Timestep 2:
	0 # 17
	1 # 20
	2 # 19
	3 # 18
	4 # 50
	5 # 52
	6 # 34
	7 # 1
Timestep 3:
	0 # 25
	1 # 19
	2 # 27
	3 # 18
	4 # 42
	5 # 51
	6 # 35
	7 # 1
Timestep 4:
	0 # 33
	1 # 18
	2 # 28
	3 # 10
	4 # 41
	5 # 43
	6 # 27
	7 # 8
Timestep 5:
	0 # 41
	1 # 17
	2 # 28
	3 # 18
	4 # 40
	5 # 42
	6 # 19
	7 # 16
Timestep 6:
	0 # 49
	1 # 16
	2 # 27
	3 # 26
	4 # 39
	5 # 34
	6 # 20
	7 # 24
Timestep 7:
	0 # 41
	1 # 15
	2 # 19
	3 # 18
	4 # 47
	5 # 42
	6 # 12
	7 # 32
Timestep 8:
	0 # 49
	1 # 23
	2 # 11
	3 # 10
	4 # 47
	5 # 42
	6 # 5
	7 # 31

