Solution makespan:7
Timestep 0:
	0 # 49
	1 # 39
	2 # 47
	3 # 21
	4 # 56
	5 # 34
	6 # 58
	7 # 35
	8 # 9
	9 # 25
	10 # 30
	11 # 31
Timestep 1:
	0 # 41
	1 # 38
	2 # 39
	3 # 20
	4 # 49
	5 # 33
	6 # 58
	7 # 35
	8 # 16
	9 # 17
	10 # 30
	11 # 23
Timestep 2:
	0 # 34
	1 # 31
	2 # 39
	3 # 19
	4 # 41
	5 # 40
	6 # 57
	7 # 27
	8 # 16
	9 # 10
	10 # 30
	11 # 15
Timestep 3:
	0 # 26
	1 # 32
	2 # 47
	3 # 12
	4 # 40
	5 # 33
	6 # 51
	7 # 28
	8 # 17
	9 # 2
	10 # 31
	11 # 8
Timestep 4:
	0 # 18
	1 # 24
	2 # 54
	3 # 11
	4 # 39
	5 # 40
	6 # 51
	7 # 28
	8 # 25
	9 # 3
	10 # 32
	11 # 7
Timestep 5:
	0 # 11
	1 # 23
	2 # 54
	3 # 10
	4 # 32
	5 # 39
	6 # 57
	7 # 20
	8 # 26
	9 # 4
	10 # 33
	11 # 14
Timestep 6:
	0 # 10
	1 # 15
	2 # 53
	3 # 9
	4 # 32
	5 # 38
	6 # 51
	7 # 13
	8 # 34
	9 # 12
	10 # 40
	11 # 22
Timestep 7:
	0 # 2
	1 # 14
	2 # 53
	3 # 10
	4 # 33
	5 # 38
	6 # 57
	7 # 5
	8 # 41
	9 # 4
	10 # 48
	11 # 30

