Solution makespan:10
Timestep 0:
	0 # 13
	1 # 47
	2 # 54
	3 # 59
	4 # 49
	5 # 41
	6 # 16
	7 # 44
	8 # 29
	9 # 9
	10 # 2
	11 # 12
	12 # 40
	13 # 45
	14 # 17
	15 # 38
Timestep 1:
	0 # 14
	1 # 39
	2 # 54
	3 # 52
	4 # 49
	5 # 42
	6 # 17
	7 # 36
	8 # 28
	9 # 9
	10 # 1
	11 # 20
	12 # 32
	13 # 44
	14 # 24
	15 # 30
Timestep 2:
	0 # 21
	1 # 31
	2 # 46
	3 # 44
	4 # 48
	5 # 34
	6 # 18
	7 # 36
	8 # 28
	9 # 17
	10 # 8
	11 # 27
	12 # 33
	13 # 43
	14 # 32
	15 # 22
Timestep 3:
	0 # 29
	1 # 32
	2 # 38
	3 # 36
	4 # 47
	5 # 26
	6 # 10
	7 # 28
	8 # 27
	9 # 24
	10 # 16
	11 # 35
	12 # 34
	13 # 42
	14 # 40
	15 # 15
Timestep 4:
	0 # 37
	1 # 33
	2 # 30
	3 # 36
	4 # 46
	5 # 19
	6 # 9
	7 # 27
	8 # 20
	9 # 32
	10 # 23
	11 # 43
	12 # 26
	13 # 34
	14 # 41
	15 # 7
Timestep 5:
	0 # 37
	1 # 25
	2 # 22
	3 # 28
	4 # 46
	5 # 11
	6 # 8
	7 # 35
	8 # 19
	9 # 40
	10 # 31
	11 # 43
	12 # 34
	13 # 33
	14 # 42
	15 # 0
Timestep 6:
	0 # 36
	1 # 26
	2 # 15
	3 # 27
	4 # 38
	5 # 12
	6 # 8
	7 # 43
	8 # 18
	9 # 48
	10 # 39
	11 # 44
	12 # 33
	13 # 25
	14 # 50
	15 # 1
Timestep 7:
	0 # 37
	1 # 19
	2 # 22
	3 # 20
	4 # 30
	5 # 13
	6 # 16
	7 # 51
	8 # 17
	9 # 55
	10 # 39
	11 # 45
	12 # 25
	13 # 18
	14 # 57
	15 # 2
Timestep 8:
	0 # 36
	1 # 11
	2 # 15
	3 # 19
	4 # 22
	5 # 14
	6 # 23
	7 # 50
	8 # 17
	9 # 48
	10 # 38
	11 # 45
	12 # 24
	13 # 10
	14 # 58
	15 # 9
Timestep 9:
	0 # 35
	1 # 11
	2 # 7
	3 # 18
	4 # 15
	5 # 21
	6 # 31
	7 # 50
	8 # 17
	9 # 48
	10 # 30
	11 # 45
	12 # 23
	13 # 3
	14 # 51
	15 # 10
Timestep 10:
	0 # 34
	1 # 10
	2 # 8
	3 # 17
	4 # 22
	5 # 29
	6 # 32
	7 # 49
	8 # 9
	9 # 55
	10 # 30
	11 # 37
	12 # 24
	13 # 2
	14 # 43
	15 # 3

