Solution makespan:9
Timestep 0:
	0 # 12
	1 # 14
	2 # 13
	3 # 1
	4 # 3
	5 # 44
	6 # 48
	7 # 27
Timestep 1:
	0 # 12
	1 # 21
	2 # 13
	3 # 2
	4 # 4
	5 # 43
	6 # 55
	7 # 26
Timestep 2:
	0 # 19
	1 # 20
	2 # 14
	3 # 3
	4 # 12
	5 # 43
	6 # 48
	7 # 18
Timestep 3:
	0 # 27
	1 # 13
	2 # 14
	3 # 4
	4 # 19
	5 # 44
	6 # 49
	7 # 26
Timestep 4:
	0 # 28
	1 # 5
	2 # 13
	3 # 12
	4 # 27
	5 # 37
	6 # 49
	7 # 25
Timestep 5:
	0 # 35
	1 # 6
	2 # 5
	3 # 19
	4 # 26
	5 # 30
	6 # 48
	7 # 24
Timestep 6:
	0 # 42
	1 # 6
	2 # 4
	3 # 27
	4 # 34
	5 # 29
	6 # 47
	7 # 32
Timestep 7:
	0 # 50
	1 # 6
	2 # 3
	3 # 28
	4 # 33
	5 # 21
	6 # 46
	7 # 39
Timestep 8:
	0 # 49
	1 # 5
	2 # 2
	3 # 35
	4 # 40
	5 # 22
	6 # 45
	7 # 46
Timestep 9:
	0 # 49
	1 # 6
	2 # 2
	3 # 42
	4 # 47
	5 # 22
	6 # 53
	7 # 54

