Solution makespan:8
Timestep 0:
	0 # 17
	1 # 34
	2 # 54
	3 # 26
	4 # 22
	5 # 20
	6 # 8
	7 # 42
	8 # 12
	9 # 14
	10 # 13
	11 # 1
	12 # 3
	13 # 44
	14 # 48
	15 # 27
Timestep 1:
	0 # 18
	1 # 34
	2 # 46
	3 # 26
	4 # 30
	5 # 20
	6 # 9
	7 # 42
	8 # 11
	9 # 13
	10 # 12
	11 # 1
	12 # 4
	13 # 43
	14 # 47
	15 # 28
Timestep 2:
	0 # 19
	1 # 26
	2 # 47
	3 # 27
	4 # 29
	5 # 13
	6 # 10
	7 # 43
	8 # 18
	9 # 12
	10 # 4
	11 # 0
	12 # 5
	13 # 36
	14 # 40
	15 # 35
Timestep 3:
	0 # 20
	1 # 18
	2 # 48
	3 # 27
	4 # 28
	5 # 5
	6 # 11
	7 # 36
	8 # 17
	9 # 19
	10 # 3
	11 # 8
	12 # 6
	13 # 29
	14 # 39
	15 # 42
Timestep 4:
	0 # 21
	1 # 11
	2 # 49
	3 # 26
	4 # 27
	5 # 4
	6 # 12
	7 # 29
	8 # 25
	9 # 18
	10 # 2
	11 # 0
	12 # 6
	13 # 28
	14 # 38
	15 # 42
Timestep 5:
	0 # 29
	1 # 3
	2 # 41
	3 # 18
	4 # 26
	5 # 12
	6 # 13
	7 # 28
	8 # 24
	9 # 17
	10 # 2
	11 # 0
	12 # 6
	13 # 27
	14 # 31
	15 # 43
Timestep 6:
	0 # 36
	1 # 4
	2 # 42
	3 # 19
	4 # 18
	5 # 11
	6 # 14
	7 # 20
	8 # 25
	9 # 17
	10 # 3
	11 # 1
	12 # 5
	13 # 26
	14 # 32
	15 # 51
Timestep 7:
	0 # 37
	1 # 5
	2 # 35
	3 # 12
	4 # 26
	5 # 10
	6 # 14
	7 # 19
	8 # 33
	9 # 25
	10 # 11
	11 # 1
	12 # 13
	13 # 34
	14 # 24
	15 # 58
Timestep 8:
	0 # 37
	1 # 6
	2 # 28
	3 # 12
	4 # 27
	5 # 9
	6 # 15
	7 # 19
	8 # 40
	9 # 26
	10 # 18
	11 # 1
	12 # 20
	13 # 33
	14 # 16
	15 # 59

