Solution makespan:10
Timestep 0:
	0 # 11
	1 # 52
	2 # 29
	3 # 4
	4 # 38
	5 # 30
	6 # 12
	7 # 56
	8 # 10
	9 # 50
	10 # 16
	11 # 54
Timestep 1:
	0 # 18
	1 # 52
	2 # 28
	3 # 3
	4 # 32
	5 # 36
	6 # 13
	7 # 49
	8 # 9
	9 # 50
	10 # 24
	11 # 54
Timestep 2:
	0 # 11
	1 # 45
	2 # 29
	3 # 2
	4 # 31
	5 # 42
	6 # 5
	7 # 41
	8 # 16
	9 # 49
	10 # 24
	11 # 53
Timestep 3:
	0 # 12
	1 # 39
	2 # 29
	3 # 2
	4 # 31
	5 # 50
	6 # 13
	7 # 35
	8 # 24
	9 # 41
	10 # 25
	11 # 53
Timestep 4:
	0 # 11
	1 # 33
	2 # 28
	3 # 10
	4 # 32
	5 # 49
	6 # 12
	7 # 29
	8 # 25
	9 # 35
	10 # 17
	11 # 54
Timestep 5:
	0 # 18
	1 # 39
	2 # 20
	3 # 17
	4 # 24
	5 # 48
	6 # 11
	7 # 21
	8 # 26
	9 # 29
	10 # 16
	11 # 55
Timestep 6:
	0 # 18
	1 # 45
	2 # 13
	3 # 25
	4 # 23
	5 # 47
	6 # 11
	7 # 22
	8 # 27
	9 # 21
	10 # 24
	11 # 56
Timestep 7:
	0 # 11
	1 # 52
	2 # 12
	3 # 33
	4 # 24
	5 # 46
	6 # 10
	7 # 21
	8 # 28
	9 # 20
	10 # 32
	11 # 49
Timestep 8:
	0 # 10
	1 # 53
	2 # 11
	3 # 39
	4 # 16
	5 # 45
	6 # 9
	7 # 20
	8 # 29
	9 # 19
	10 # 38
	11 # 50
Timestep 9:
	0 # 17
	1 # 46
	2 # 11
	3 # 45
	4 # 9
	5 # 44
	6 # 8
	7 # 19
	8 # 35
	9 # 12
	10 # 38
	11 # 42
Timestep 10:
	0 # 16
	1 # 45
	2 # 10
	3 # 52
	4 # 1
	5 # 43
	6 # 9
	7 # 27
	8 # 41
	9 # 19
	10 # 44
	11 # 36

