Solution makespan:8
Timestep 0:
	0 # 47
	1 # 53
	2 # 34
	3 # 54
	4 # 14
	5 # 6
	6 # 1
	7 # 57
	8 # 37
	9 # 43
	10 # 29
	11 # 16
Timestep 1:
	0 # 40
	1 # 45
	2 # 34
	3 # 53
	4 # 15
	5 # 7
	6 # 8
	7 # 49
	8 # 38
	9 # 44
	10 # 30
	11 # 23
Timestep 2:
	0 # 32
	1 # 46
	2 # 42
	3 # 45
	4 # 15
	5 # 14
	6 # 8
	7 # 48
	8 # 39
	9 # 44
	10 # 31
	11 # 24
Timestep 3:
	0 # 25
	1 # 46
	2 # 34
	3 # 38
	4 # 22
	5 # 15
	6 # 16
	7 # 47
	8 # 40
	9 # 36
	10 # 32
	11 # 24
Timestep 4:
	0 # 25
	1 # 47
	2 # 42
	3 # 37
	4 # 22
	5 # 16
	6 # 23
	7 # 40
	8 # 32
	9 # 44
	10 # 33
	11 # 24
Timestep 5:
	0 # 24
	1 # 40
	2 # 41
	3 # 29
	4 # 22
	5 # 8
	6 # 30
	7 # 32
	8 # 25
	9 # 44
	10 # 34
	11 # 31
Timestep 6:
	0 # 23
	1 # 32
	2 # 40
	3 # 22
	4 # 15
	5 # 9
	6 # 38
	7 # 31
	8 # 17
	9 # 36
	10 # 42
	11 # 39
Timestep 7:
	0 # 23
	1 # 32
	2 # 47
	3 # 15
	4 # 14
	5 # 10
	6 # 37
	7 # 30
	8 # 18
	9 # 44
	10 # 49
	11 # 39
Timestep 8:
	0 # 30
	1 # 33
	2 # 55
	3 # 14
	4 # 7
	5 # 3
	6 # 37
	7 # 29
	8 # 19
	9 # 43
	10 # 57
	11 # 38

