Solution makespan:7
Timestep 0:
	0 # 5
	1 # 6
	2 # 3
	3 # 9
	4 # 7
	5 # 8
	6 # 2
Timestep 1:
	0 # 5
	1 # 7
	2 # 2
	3 # 12
	4 # 4
	5 # 9
	6 # 1
Timestep 2:
	0 # 8
	1 # 7
	2 # 5
	3 # 12
	4 # 1
	5 # 9
	6 # 0
Timestep 3:
	0 # 7
	1 # 4
	2 # 8
	3 # 12
	4 # 2
	5 # 9
	6 # 1
Timestep 4:
	0 # 6
	1 # 5
	2 # 7
	3 # 12
	4 # 3
	5 # 8
	6 # 4
Timestep 5:
	0 # 10
	1 # 5
	2 # 11
	3 # 12
	4 # 2
	5 # 8
	6 # 7
Timestep 6:
	0 # 6
	1 # 4
	2 # 10
	3 # 12
	4 # 1
	5 # 5
	6 # 11
Timestep 7:
	0 # 6
	1 # 7
	2 # 10
	3 # 12
	4 # 0
	5 # 5
	6 # 11

