Solution makespan:7
Timestep 0:
	0 # 2
	1 # 6
	2 # 1
	3 # 7
	4 # 11
	5 # 10
	6 # 12
Timestep 1:
	0 # 3
	1 # 6
	2 # 1
	3 # 10
	4 # 12
	5 # 9
	6 # 8
Timestep 2:
	0 # 4
	1 # 6
	2 # 5
	3 # 11
	4 # 12
	5 # 10
	6 # 8
Timestep 3:
	0 # 0
	1 # 9
	2 # 4
	3 # 12
	4 # 8
	5 # 7
	6 # 5
Timestep 4:
	0 # 1
	1 # 9
	2 # 3
	3 # 8
	4 # 5
	5 # 6
	6 # 4
Timestep 5:
	0 # 0
	1 # 9
	2 # 7
	3 # 5
	4 # 1
	5 # 6
	6 # 3
Timestep 6:
	0 # 0
	1 # 10
	2 # 7
	3 # 4
	4 # 5
	5 # 9
	6 # 2
Timestep 7:
	0 # 1
	1 # 11
	2 # 10
	3 # 4
	4 # 8
	5 # 9
	6 # 6

