Solution makespan:7
Timestep 0:
	0 # 16
	1 # 11
	2 # 37
	3 # 46
	4 # 34
	5 # 13
	6 # 26
	7 # 36
	8 # 8
	9 # 6
	10 # 21
	11 # 47
Timestep 1:
	0 # 24
	1 # 11
	2 # 45
	3 # 47
	4 # 35
	5 # 6
	6 # 26
	7 # 36
	8 # 9
	9 # 5
	10 # 22
	11 # 48
Timestep 2:
	0 # 32
	1 # 11
	2 # 44
	3 # 48
	4 # 27
	5 # 5
	6 # 25
	7 # 28
	8 # 10
	9 # 4
	10 # 14
	11 # 55
Timestep 3:
	0 # 39
	1 # 19
	2 # 43
	3 # 40
	4 # 27
	5 # 4
	6 # 24
	7 # 29
	8 # 18
	9 # 3
	10 # 13
	11 # 48
Timestep 4:
	0 # 47
	1 # 27
	2 # 42
	3 # 41
	4 # 28
	5 # 3
	6 # 24
	7 # 30
	8 # 18
	9 # 2
	10 # 12
	11 # 49
Timestep 5:
	0 # 48
	1 # 27
	2 # 41
	3 # 34
	4 # 29
	5 # 2
	6 # 25
	7 # 22
	8 # 26
	9 # 1
	10 # 11
	11 # 50
Timestep 6:
	0 # 49
	1 # 28
	2 # 40
	3 # 26
	4 # 21
	5 # 3
	6 # 33
	7 # 30
	8 # 18
	9 # 0
	10 # 4
	11 # 42
Timestep 7:
	0 # 41
	1 # 36
	2 # 39
	3 # 27
	4 # 29
	5 # 3
	6 # 34
	7 # 37
	8 # 19
	9 # 0
	10 # 11
	11 # 50

