Solution makespan:12
Timestep 0:
	0 # 54
	1 # 23
	2 # 41
	3 # 33
	4 # 17
	5 # 48
	6 # 1
	7 # 10
	8 # 52
	9 # 16
	10 # 5
	11 # 24
	12 # 49
	13 # 34
	14 # 8
	15 # 13
	16 # 50
	17 # 14
	18 # 39
	19 # 15
Timestep 1:
	0 # 55
	1 # 24
	2 # 40
	3 # 39
	4 # 25
	5 # 47
	6 # 1
	7 # 11
	8 # 53
	9 # 15
	10 # 12
	11 # 32
	12 # 50
	13 # 34
	14 # 9
	15 # 6
	16 # 51
	17 # 20
	18 # 38
	19 # 10
Timestep 2:
	0 # 48
	1 # 25
	2 # 40
	3 # 46
	4 # 33
	5 # 41
	6 # 2
	7 # 3
	8 # 53
	9 # 23
	10 # 18
	11 # 31
	12 # 51
	13 # 26
	14 # 9
	15 # 5
	16 # 45
	17 # 20
	18 # 37
	19 # 10
Timestep 3:
	0 # 55
	1 # 26
	2 # 39
	3 # 45
	4 # 33
	5 # 40
	6 # 3
	7 # 4
	8 # 54
	9 # 31
	10 # 17
	11 # 30
	12 # 52
	13 # 27
	14 # 1
	15 # 12
	16 # 44
	17 # 20
	18 # 37
	19 # 9
Timestep 4:
	0 # 54
	1 # 27
	2 # 39
	3 # 44
	4 # 32
	5 # 34
	6 # 11
	7 # 5
	8 # 47
	9 # 31
	10 # 17
	11 # 30
	12 # 53
	13 # 28
	14 # 9
	15 # 13
	16 # 37
	17 # 14
	18 # 36
	19 # 8
Timestep 5:
	0 # 55
	1 # 27
	2 # 33
	3 # 43
	4 # 24
	5 # 26
	6 # 16
	7 # 6
	8 # 41
	9 # 37
	10 # 25
	11 # 30
	12 # 53
	13 # 20
	14 # 10
	15 # 14
	16 # 38
	17 # 7
	18 # 35
	19 # 0
Timestep 6:
	0 # 55
	1 # 26
	2 # 39
	3 # 42
	4 # 16
	5 # 18
	6 # 17
	7 # 13
	8 # 40
	9 # 38
	10 # 33
	11 # 36
	12 # 53
	13 # 19
	14 # 15
	15 # 20
	16 # 45
	17 # 7
	18 # 29
	19 # 8
Timestep 7:
	0 # 54
	1 # 27
	2 # 46
	3 # 35
	4 # 11
	5 # 17
	6 # 25
	7 # 14
	8 # 39
	9 # 38
	10 # 32
	11 # 36
	12 # 52
	13 # 13
	14 # 23
	15 # 19
	16 # 44
	17 # 7
	18 # 21
	19 # 0
Timestep 8:
	0 # 54
	1 # 28
	2 # 45
	3 # 35
	4 # 3
	5 # 16
	6 # 26
	7 # 20
	8 # 33
	9 # 39
	10 # 31
	11 # 43
	12 # 46
	13 # 12
	14 # 22
	15 # 18
	16 # 37
	17 # 14
	18 # 21
	19 # 1
Timestep 9:
	0 # 53
	1 # 28
	2 # 51
	3 # 35
	4 # 4
	5 # 15
	6 # 27
	7 # 19
	8 # 25
	9 # 40
	10 # 30
	11 # 49
	12 # 45
	13 # 18
	14 # 22
	15 # 17
	16 # 31
	17 # 13
	18 # 21
	19 # 2
Timestep 10:
	0 # 52
	1 # 20
	2 # 45
	3 # 29
	4 # 4
	5 # 10
	6 # 26
	7 # 13
	8 # 17
	9 # 41
	10 # 36
	11 # 50
	12 # 44
	13 # 19
	14 # 30
	15 # 16
	16 # 32
	17 # 12
	18 # 21
	19 # 2
Timestep 11:
	0 # 53
	1 # 28
	2 # 46
	3 # 29
	4 # 4
	5 # 2
	6 # 34
	7 # 13
	8 # 16
	9 # 41
	10 # 37
	11 # 51
	12 # 45
	13 # 20
	14 # 31
	15 # 24
	16 # 33
	17 # 18
	18 # 22
	19 # 3
Timestep 12:
	0 # 53
	1 # 27
	2 # 46
	3 # 30
	4 # 5
	5 # 1
	6 # 40
	7 # 12
	8 # 11
	9 # 47
	10 # 44
	11 # 52
	12 # 51
	13 # 20
	14 # 37
	15 # 32
	16 # 34
	17 # 17
	18 # 21
	19 # 4

