Solution makespan:14
Timestep 0:
	0 # 59
	1 # 40
	2 # 41
	3 # 54
	4 # 55
	5 # 38
	6 # 4
	7 # 49
	8 # 2
	9 # 32
	10 # 25
	11 # 53
Timestep 1:
	0 # 52
	1 # 39
	2 # 49
	3 # 47
	4 # 48
	5 # 30
	6 # 5
	7 # 50
	8 # 3
	9 # 24
	10 # 33
	11 # 54
Timestep 2:
	0 # 45
	1 # 38
	2 # 41
	3 # 48
	4 # 40
	5 # 30
	6 # 12
	7 # 50
	8 # 4
	9 # 16
	10 # 32
	11 # 55
Timestep 3:
	0 # 37
	1 # 30
	2 # 33
	3 # 47
	4 # 32
	5 # 31
	6 # 19
	7 # 50
	8 # 5
	9 # 16
	10 # 24
	11 # 48
Timestep 4:
	0 # 29
	1 # 38
	2 # 41
	3 # 54
	4 # 24
	5 # 32
	6 # 27
	7 # 49
	8 # 12
	9 # 15
	10 # 25
	11 # 40
Timestep 5:
	0 # 37
	1 # 46
	2 # 42
	3 # 54
	4 # 16
	5 # 33
	6 # 35
	7 # 41
	8 # 13
	9 # 23
	10 # 26
	11 # 32
Timestep 6:
	0 # 29
	1 # 53
	2 # 50
	3 # 55
	4 # 10
	5 # 25
	6 # 43
	7 # 41
	8 # 14
	9 # 31
	10 # 18
	11 # 33
Timestep 7:
	0 # 37
	1 # 46
	2 # 56
	3 # 48
	4 # 16
	5 # 25
	6 # 42
	7 # 33
	8 # 21
	9 # 39
	10 # 17
	11 # 34
Timestep 8:
	0 # 36
	1 # 38
	2 # 57
	3 # 40
	4 # 24
	5 # 26
	6 # 41
	7 # 25
	8 # 29
	9 # 47
	10 # 16
	11 # 35
Timestep 9:
	0 # 35
	1 # 30
	2 # 58
	3 # 41
	4 # 23
	5 # 18
	6 # 49
	7 # 25
	8 # 37
	9 # 47
	10 # 10
	11 # 27
Timestep 10:
	0 # 34
	1 # 22
	2 # 59
	3 # 42
	4 # 15
	5 # 18
	6 # 48
	7 # 26
	8 # 45
	9 # 39
	10 # 16
	11 # 28
Timestep 11:
	0 # 33
	1 # 30
	2 # 58
	3 # 43
	4 # 9
	5 # 19
	6 # 48
	7 # 27
	8 # 52
	9 # 40
	10 # 24
	11 # 20
Timestep 12:
	0 # 34
	1 # 31
	2 # 57
	3 # 44
	4 # 1
	5 # 12
	6 # 40
	7 # 28
	8 # 45
	9 # 41
	10 # 24
	11 # 13
Timestep 13:
	0 # 34
	1 # 39
	2 # 51
	3 # 45
	4 # 2
	5 # 13
	6 # 48
	7 # 29
	8 # 37
	9 # 42
	10 # 23
	11 # 6
Timestep 14:
	0 # 42
	1 # 38
	2 # 57
	3 # 52
	4 # 3
	5 # 14
	6 # 55
	7 # 21
	8 # 37
	9 # 43
	10 # 15
	11 # 7

