Solution makespan:12
Timestep 0:
	0 # 8
	1 # 23
	2 # 6
	3 # 26
	4 # 18
	5 # 31
	6 # 10
	7 # 53
	8 # 14
	9 # 0
	10 # 34
	11 # 29
Timestep 1:
	0 # 9
	1 # 22
	2 # 13
	3 # 18
	4 # 17
	5 # 38
	6 # 2
	7 # 52
	8 # 14
	9 # 0
	10 # 34
	11 # 36
Timestep 2:
	0 # 15
	1 # 23
	2 # 19
	3 # 17
	4 # 16
	5 # 39
	6 # 3
	7 # 45
	8 # 13
	9 # 8
	10 # 41
	11 # 43
Timestep 3:
	0 # 22
	1 # 24
	2 # 27
	3 # 11
	4 # 17
	5 # 40
	6 # 4
	7 # 46
	8 # 19
	9 # 8
	10 # 42
	11 # 44
Timestep 4:
	0 # 23
	1 # 31
	2 # 26
	3 # 4
	4 # 25
	5 # 33
	6 # 5
	7 # 47
	8 # 27
	9 # 9
	10 # 35
	11 # 45
Timestep 5:
	0 # 24
	1 # 38
	2 # 25
	3 # 3
	4 # 32
	5 # 26
	6 # 4
	7 # 48
	8 # 34
	9 # 15
	10 # 42
	11 # 46
Timestep 6:
	0 # 31
	1 # 46
	2 # 24
	3 # 3
	4 # 33
	5 # 25
	6 # 4
	7 # 40
	8 # 41
	9 # 22
	10 # 35
	11 # 47
Timestep 7:
	0 # 32
	1 # 53
	2 # 31
	3 # 2
	4 # 26
	5 # 17
	6 # 3
	7 # 33
	8 # 49
	9 # 23
	10 # 28
	11 # 39
Timestep 8:
	0 # 33
	1 # 54
	2 # 38
	3 # 1
	4 # 25
	5 # 11
	6 # 3
	7 # 26
	8 # 56
	9 # 24
	10 # 27
	11 # 40
Timestep 9:
	0 # 34
	1 # 47
	2 # 46
	3 # 9
	4 # 24
	5 # 12
	6 # 2
	7 # 25
	8 # 56
	9 # 16
	10 # 26
	11 # 41
Timestep 10:
	0 # 41
	1 # 54
	2 # 45
	3 # 9
	4 # 31
	5 # 13
	6 # 1
	7 # 24
	8 # 55
	9 # 17
	10 # 18
	11 # 42
Timestep 11:
	0 # 49
	1 # 55
	2 # 44
	3 # 9
	4 # 38
	5 # 12
	6 # 0
	7 # 16
	8 # 48
	9 # 18
	10 # 26
	11 # 42
Timestep 12:
	0 # 49
	1 # 56
	2 # 51
	3 # 1
	4 # 46
	5 # 18
	6 # 8
	7 # 17
	8 # 48
	9 # 19
	10 # 26
	11 # 42

