Solution makespan:10
Timestep 0:
	0 # 4
	1 # 5
	2 # 43
	3 # 46
	4 # 19
	5 # 48
	6 # 53
	7 # 12
	8 # 15
	9 # 35
	10 # 13
	11 # 6
Timestep 1:
	0 # 12
	1 # 5
	2 # 44
	3 # 46
	4 # 25
	5 # 47
	6 # 54
	7 # 11
	8 # 7
	9 # 34
	10 # 13
	11 # 14
Timestep 2:
	0 # 12
	1 # 4
	2 # 37
	3 # 45
	4 # 26
	5 # 46
	6 # 47
	7 # 19
	8 # 6
	9 # 33
	10 # 13
	11 # 21
Timestep 3:
	0 # 12
	1 # 3
	2 # 31
	3 # 45
	4 # 33
	5 # 53
	6 # 48
	7 # 25
	8 # 5
	9 # 32
	10 # 20
	11 # 28
Timestep 4:
	0 # 11
	1 # 2
	2 # 30
	3 # 46
	4 # 39
	5 # 52
	6 # 40
	7 # 25
	8 # 4
	9 # 31
	10 # 27
	11 # 35
Timestep 5:
	0 # 12
	1 # 10
	2 # 30
	3 # 47
	4 # 46
	5 # 45
	6 # 35
	7 # 19
	8 # 3
	9 # 24
	10 # 26
	11 # 36
Timestep 6:
	0 # 13
	1 # 9
	2 # 23
	3 # 47
	4 # 45
	5 # 52
	6 # 28
	7 # 25
	8 # 3
	9 # 18
	10 # 33
	11 # 41
Timestep 7:
	0 # 20
	1 # 8
	2 # 17
	3 # 48
	4 # 38
	5 # 45
	6 # 21
	7 # 24
	8 # 11
	9 # 10
	10 # 39
	11 # 36
Timestep 8:
	0 # 27
	1 # 16
	2 # 9
	3 # 40
	4 # 45
	5 # 44
	6 # 21
	7 # 24
	8 # 10
	9 # 2
	10 # 46
	11 # 36
Timestep 9:
	0 # 34
	1 # 17
	2 # 10
	3 # 35
	4 # 46
	5 # 43
	6 # 14
	7 # 18
	8 # 2
	9 # 1
	10 # 53
	11 # 41
Timestep 10:
	0 # 35
	1 # 23
	2 # 2
	3 # 36
	4 # 39
	5 # 44
	6 # 6
	7 # 17
	8 # 1
	9 # 0
	10 # 53
	11 # 49

