Solution makespan:12
Timestep 0:
	0 # 22
	1 # 24
	2 # 57
	3 # 1
	4 # 59
	5 # 30
	6 # 47
	7 # 32
	8 # 17
	9 # 23
	10 # 25
	11 # 50
	12 # 13
	13 # 56
	14 # 8
	15 # 49
	16 # 29
	17 # 39
	18 # 35
	19 # 2
	20 # 11
	21 # 48
	22 # 21
	23 # 4
Timestep 1:
	0 # 22
	1 # 23
	2 # 57
	3 # 9
	4 # 51
	5 # 31
	6 # 55
	7 # 33
	8 # 18
	9 # 17
	10 # 24
	11 # 58
	12 # 20
	13 # 56
	14 # 8
	15 # 41
	16 # 37
	17 # 46
	18 # 42
	19 # 3
	20 # 10
	21 # 49
	22 # 29
	23 # 12
Timestep 2:
	0 # 30
	1 # 22
	2 # 58
	3 # 16
	4 # 43
	5 # 32
	6 # 56
	7 # 25
	8 # 11
	9 # 23
	10 # 24
	11 # 59
	12 # 26
	13 # 48
	14 # 15
	15 # 34
	16 # 44
	17 # 45
	18 # 42
	19 # 4
	20 # 10
	21 # 50
	22 # 29
	23 # 12
Timestep 3:
	0 # 38
	1 # 23
	2 # 59
	3 # 16
	4 # 36
	5 # 24
	6 # 57
	7 # 19
	8 # 3
	9 # 31
	10 # 18
	11 # 51
	12 # 34
	13 # 56
	14 # 21
	15 # 33
	16 # 44
	17 # 53
	18 # 35
	19 # 12
	20 # 2
	21 # 49
	22 # 37
	23 # 11
Timestep 4:
	0 # 39
	1 # 23
	2 # 58
	3 # 22
	4 # 43
	5 # 18
	6 # 57
	7 # 25
	8 # 4
	9 # 30
	10 # 11
	11 # 51
	12 # 41
	13 # 48
	14 # 21
	15 # 32
	16 # 45
	17 # 52
	18 # 35
	19 # 13
	20 # 3
	21 # 49
	22 # 44
	23 # 10
Timestep 5:
	0 # 40
	1 # 22
	2 # 59
	3 # 16
	4 # 51
	5 # 11
	6 # 49
	7 # 26
	8 # 5
	9 # 38
	10 # 10
	11 # 50
	12 # 42
	13 # 47
	14 # 29
	15 # 24
	16 # 53
	17 # 52
	18 # 36
	19 # 20
	20 # 4
	21 # 48
	22 # 45
	23 # 9
Timestep 6:
	0 # 32
	1 # 22
	2 # 59
	3 # 17
	4 # 51
	5 # 3
	6 # 41
	7 # 27
	8 # 5
	9 # 38
	10 # 10
	11 # 49
	12 # 50
	13 # 40
	14 # 30
	15 # 18
	16 # 53
	17 # 44
	18 # 43
	19 # 26
	20 # 12
	21 # 56
	22 # 46
	23 # 9
Timestep 7:
	0 # 24
	1 # 22
	2 # 51
	3 # 23
	4 # 50
	5 # 4
	6 # 34
	7 # 28
	8 # 13
	9 # 38
	10 # 2
	11 # 49
	12 # 58
	13 # 39
	14 # 31
	15 # 17
	16 # 54
	17 # 37
	18 # 42
	19 # 27
	20 # 11
	21 # 48
	22 # 47
	23 # 16
Timestep 8:
	0 # 25
	1 # 30
	2 # 59
	3 # 24
	4 # 49
	5 # 4
	6 # 33
	7 # 36
	8 # 20
	9 # 37
	10 # 3
	11 # 41
	12 # 57
	13 # 38
	14 # 39
	15 # 10
	16 # 55
	17 # 29
	18 # 50
	19 # 35
	20 # 11
	21 # 48
	22 # 47
	23 # 16
Timestep 9:
	0 # 25
	1 # 31
	2 # 59
	3 # 24
	4 # 57
	5 # 5
	6 # 32
	7 # 43
	8 # 26
	9 # 44
	10 # 2
	11 # 42
	12 # 56
	13 # 37
	14 # 46
	15 # 11
	16 # 54
	17 # 21
	18 # 58
	19 # 36
	20 # 3
	21 # 47
	22 # 40
	23 # 16
Timestep 10:
	0 # 25
	1 # 39
	2 # 59
	3 # 18
	4 # 57
	5 # 5
	6 # 24
	7 # 42
	8 # 34
	9 # 37
	10 # 3
	11 # 35
	12 # 55
	13 # 29
	14 # 47
	15 # 10
	16 # 53
	17 # 15
	18 # 58
	19 # 43
	20 # 4
	21 # 40
	22 # 32
	23 # 22
Timestep 11:
	0 # 24
	1 # 46
	2 # 58
	3 # 11
	4 # 57
	5 # 6
	6 # 18
	7 # 42
	8 # 41
	9 # 29
	10 # 3
	11 # 27
	12 # 54
	13 # 21
	14 # 55
	15 # 17
	16 # 45
	17 # 16
	18 # 50
	19 # 51
	20 # 5
	21 # 40
	22 # 33
	23 # 22
Timestep 12:
	0 # 24
	1 # 47
	2 # 50
	3 # 12
	4 # 57
	5 # 7
	6 # 17
	7 # 35
	8 # 49
	9 # 21
	10 # 11
	11 # 28
	12 # 53
	13 # 15
	14 # 56
	15 # 23
	16 # 44
	17 # 22
	18 # 42
	19 # 59
	20 # 6
	21 # 40
	22 # 25
	23 # 30

