Solution makespan:6
Timestep 0:
	0 # 1
	1 # 2
	2 # 11
	3 # 3
	4 # 10
	5 # 4
	6 # 5
	7 # 9
Timestep 1:
	0 # 0
	1 # 2
	2 # 12
	3 # 3
	4 # 7
	5 # 5
	6 # 8
	7 # 13
Timestep 2:
	0 # 3
	1 # 2
	2 # 8
	3 # 4
	4 # 10
	5 # 6
	6 # 9
	7 # 12
Timestep 3:
	0 # 7
	1 # 2
	2 # 8
	3 # 5
	4 # 11
	5 # 9
	6 # 13
	7 # 12
Timestep 4:
	0 # 10
	1 # 2
	2 # 5
	3 # 6
	4 # 11
	5 # 13
	6 # 12
	7 # 8
Timestep 5:
	0 # 7
	1 # 6
	2 # 4
	3 # 9
	4 # 10
	5 # 12
	6 # 8
	7 # 5
Timestep 6:
	0 # 7
	1 # 9
	2 # 4
	3 # 13
	4 # 11
	5 # 12
	6 # 8
	7 # 5

