Solution makespan:6
Timestep 0:
	0 # 11
	1 # 8
	2 # 7
	3 # 3
	4 # 4
	5 # 6
	6 # 12
	7 # 13
Timestep 1:
	0 # 11
	1 # 8
	2 # 6
	3 # 2
	4 # 0
	5 # 5
	6 # 13
	7 # 9
Timestep 2:
	0 # 11
	1 # 12
	2 # 5
	3 # 2
	4 # 1
	5 # 4
	6 # 9
	7 # 8
Timestep 3:
	0 # 7
	1 # 12
	2 # 4
	3 # 2
	4 # 5
	5 # 0
	6 # 10
	7 # 9
Timestep 4:
	0 # 7
	1 # 13
	2 # 8
	3 # 1
	4 # 5
	5 # 0
	6 # 11
	7 # 10
Timestep 5:
	0 # 3
	1 # 9
	2 # 12
	3 # 5
	4 # 4
	5 # 0
	6 # 7
	7 # 11
Timestep 6:
	0 # 7
	1 # 10
	2 # 12
	3 # 9
	4 # 8
	5 # 4
	6 # 6
	7 # 14

