Solution makespan:11
Timestep 0:
	0 # 5
	1 # 52
	2 # 19
	3 # 20
	4 # 0
	5 # 21
	6 # 30
	7 # 46
	8 # 53
	9 # 6
	10 # 18
	11 # 40
	12 # 45
	13 # 29
	14 # 11
	15 # 14
	16 # 51
	17 # 4
	18 # 2
	19 # 49
Timestep 1:
	0 # 6
	1 # 51
	2 # 27
	3 # 20
	4 # 8
	5 # 29
	6 # 31
	7 # 38
	8 # 46
	9 # 7
	10 # 19
	11 # 41
	12 # 45
	13 # 28
	14 # 10
	15 # 13
	16 # 50
	17 # 12
	18 # 3
	19 # 56
Timestep 2:
	0 # 14
	1 # 50
	2 # 35
	3 # 20
	4 # 9
	5 # 28
	6 # 39
	7 # 30
	8 # 38
	9 # 6
	10 # 19
	11 # 42
	12 # 37
	13 # 27
	14 # 2
	15 # 12
	16 # 43
	17 # 18
	18 # 4
	19 # 57
Timestep 3:
	0 # 14
	1 # 43
	2 # 34
	3 # 21
	4 # 10
	5 # 36
	6 # 47
	7 # 30
	8 # 39
	9 # 6
	10 # 20
	11 # 49
	12 # 45
	13 # 27
	14 # 1
	15 # 4
	16 # 42
	17 # 26
	18 # 3
	19 # 58
Timestep 4:
	0 # 13
	1 # 35
	2 # 33
	3 # 15
	4 # 11
	5 # 37
	6 # 47
	7 # 31
	8 # 40
	9 # 5
	10 # 14
	11 # 49
	12 # 52
	13 # 26
	14 # 0
	15 # 3
	16 # 41
	17 # 25
	18 # 2
	19 # 51
Timestep 5:
	0 # 19
	1 # 27
	2 # 25
	3 # 21
	4 # 12
	5 # 37
	6 # 48
	7 # 32
	8 # 41
	9 # 4
	10 # 14
	11 # 56
	12 # 51
	13 # 26
	14 # 0
	15 # 3
	16 # 33
	17 # 24
	18 # 1
	19 # 50
Timestep 6:
	0 # 27
	1 # 26
	2 # 24
	3 # 29
	4 # 13
	5 # 37
	6 # 48
	7 # 33
	8 # 40
	9 # 3
	10 # 6
	11 # 56
	12 # 58
	13 # 18
	14 # 0
	15 # 11
	16 # 25
	17 # 23
	18 # 9
	19 # 49
Timestep 7:
	0 # 35
	1 # 18
	2 # 32
	3 # 37
	4 # 19
	5 # 36
	6 # 40
	7 # 34
	8 # 41
	9 # 2
	10 # 7
	11 # 49
	12 # 57
	13 # 12
	14 # 1
	15 # 17
	16 # 26
	17 # 31
	18 # 10
	19 # 42
Timestep 8:
	0 # 43
	1 # 19
	2 # 31
	3 # 45
	4 # 20
	5 # 37
	6 # 32
	7 # 35
	8 # 33
	9 # 1
	10 # 15
	11 # 49
	12 # 58
	13 # 4
	14 # 9
	15 # 25
	16 # 26
	17 # 39
	18 # 11
	19 # 41
Timestep 9:
	0 # 50
	1 # 20
	2 # 39
	3 # 44
	4 # 28
	5 # 29
	6 # 24
	7 # 36
	8 # 34
	9 # 0
	10 # 21
	11 # 56
	12 # 51
	13 # 4
	14 # 10
	15 # 33
	16 # 18
	17 # 47
	18 # 12
	19 # 42
Timestep 10:
	0 # 57
	1 # 14
	2 # 40
	3 # 51
	4 # 36
	5 # 29
	6 # 25
	7 # 37
	8 # 35
	9 # 8
	10 # 21
	11 # 56
	12 # 52
	13 # 12
	14 # 2
	15 # 41
	16 # 19
	17 # 54
	18 # 13
	19 # 43
Timestep 11:
	0 # 58
	1 # 15
	2 # 41
	3 # 51
	4 # 44
	5 # 29
	6 # 26
	7 # 45
	8 # 36
	9 # 0
	10 # 21
	11 # 56
	12 # 52
	13 # 18
	14 # 3
	15 # 42
	16 # 20
	17 # 55
	18 # 19
	19 # 50

