Solution makespan:11
Timestep 0:
	0 # 50
	1 # 39
	2 # 30
	3 # 19
	4 # 41
	5 # 27
	6 # 13
	7 # 22
	8 # 11
	9 # 6
	10 # 33
	11 # 42
	12 # 37
	13 # 3
	14 # 14
	15 # 44
Timestep 1:
	0 # 49
	1 # 45
	2 # 23
	3 # 24
	4 # 42
	5 # 27
	6 # 12
	7 # 16
	8 # 11
	9 # 5
	10 # 26
	11 # 43
	12 # 37
	13 # 10
	14 # 13
	15 # 44
Timestep 2:
	0 # 48
	1 # 51
	2 # 23
	3 # 19
	4 # 42
	5 # 34
	6 # 11
	7 # 8
	8 # 4
	9 # 12
	10 # 25
	11 # 37
	12 # 31
	13 # 10
	14 # 13
	15 # 45
Timestep 3:
	0 # 49
	1 # 51
	2 # 17
	3 # 11
	4 # 43
	5 # 33
	6 # 4
	7 # 9
	8 # 3
	9 # 20
	10 # 25
	11 # 31
	12 # 30
	13 # 18
	14 # 12
	15 # 39
Timestep 4:
	0 # 48
	1 # 50
	2 # 9
	3 # 4
	4 # 37
	5 # 33
	6 # 3
	7 # 10
	8 # 2
	9 # 19
	10 # 25
	11 # 30
	12 # 29
	13 # 17
	14 # 20
	15 # 39
Timestep 5:
	0 # 43
	1 # 49
	2 # 17
	3 # 3
	4 # 38
	5 # 34
	6 # 2
	7 # 11
	8 # 1
	9 # 24
	10 # 20
	11 # 29
	12 # 22
	13 # 23
	14 # 19
	15 # 33
Timestep 6:
	0 # 42
	1 # 48
	2 # 9
	3 # 3
	4 # 38
	5 # 33
	6 # 1
	7 # 4
	8 # 8
	9 # 32
	10 # 12
	11 # 36
	12 # 16
	13 # 30
	14 # 18
	15 # 26
Timestep 7:
	0 # 41
	1 # 43
	2 # 2
	3 # 4
	4 # 38
	5 # 39
	6 # 0
	7 # 5
	8 # 8
	9 # 31
	10 # 11
	11 # 29
	12 # 22
	13 # 30
	14 # 17
	15 # 25
Timestep 8:
	0 # 36
	1 # 42
	2 # 3
	3 # 4
	4 # 32
	5 # 45
	6 # 7
	7 # 6
	8 # 1
	9 # 37
	10 # 10
	11 # 22
	12 # 16
	13 # 29
	14 # 23
	15 # 20
Timestep 9:
	0 # 35
	1 # 41
	2 # 4
	3 # 5
	4 # 38
	5 # 44
	6 # 7
	7 # 13
	8 # 2
	9 # 43
	10 # 9
	11 # 16
	12 # 17
	13 # 36
	14 # 30
	15 # 19
Timestep 10:
	0 # 35
	1 # 47
	2 # 5
	3 # 12
	4 # 37
	5 # 44
	6 # 15
	7 # 14
	8 # 9
	9 # 48
	10 # 8
	11 # 17
	12 # 23
	13 # 41
	14 # 29
	15 # 11
Timestep 11:
	0 # 35
	1 # 46
	2 # 6
	3 # 13
	4 # 43
	5 # 50
	6 # 16
	7 # 21
	8 # 8
	9 # 49
	10 # 7
	11 # 17
	12 # 30
	13 # 47
	14 # 28
	15 # 4

