Solution makespan:6
Timestep 0:
	0 # 56
	1 # 34
	2 # 58
	3 # 35
	4 # 9
	5 # 25
	6 # 30
	7 # 31
Timestep 1:
	0 # 55
	1 # 34
	2 # 57
	3 # 27
	4 # 16
	5 # 26
	6 # 22
	7 # 23
Timestep 2:
	0 # 48
	1 # 33
	2 # 51
	3 # 27
	4 # 24
	5 # 34
	6 # 23
	7 # 31
Timestep 3:
	0 # 40
	1 # 25
	2 # 50
	3 # 19
	4 # 32
	5 # 35
	6 # 24
	7 # 38
Timestep 4:
	0 # 33
	1 # 24
	2 # 42
	3 # 20
	4 # 31
	5 # 36
	6 # 16
	7 # 39
Timestep 5:
	0 # 32
	1 # 16
	2 # 41
	3 # 20
	4 # 38
	5 # 36
	6 # 17
	7 # 40
Timestep 6:
	0 # 33
	1 # 24
	2 # 34
	3 # 21
	4 # 39
	5 # 36
	6 # 25
	7 # 48

