Solution makespan:13
Timestep 0:
	0 # 49
	1 # 39
	2 # 8
	3 # 9
	4 # 18
	5 # 24
	6 # 32
	7 # 43
	8 # 41
	9 # 46
	10 # 51
	11 # 29
	12 # 47
	13 # 0
	14 # 30
	15 # 16
	16 # 45
	17 # 50
	18 # 56
	19 # 11
Timestep 1:
	0 # 48
	1 # 40
	2 # 9
	3 # 10
	4 # 18
	5 # 24
	6 # 26
	7 # 43
	8 # 41
	9 # 47
	10 # 52
	11 # 29
	12 # 54
	13 # 5
	14 # 37
	15 # 17
	16 # 45
	17 # 51
	18 # 49
	19 # 12
Timestep 2:
	0 # 41
	1 # 32
	2 # 17
	3 # 11
	4 # 19
	5 # 25
	6 # 18
	7 # 35
	8 # 40
	9 # 54
	10 # 52
	11 # 30
	12 # 55
	13 # 13
	14 # 38
	15 # 16
	16 # 37
	17 # 44
	18 # 42
	19 # 20
Timestep 3:
	0 # 40
	1 # 33
	2 # 18
	3 # 12
	4 # 11
	5 # 26
	6 # 10
	7 # 28
	8 # 47
	9 # 54
	10 # 51
	11 # 31
	12 # 48
	13 # 21
	14 # 39
	15 # 16
	16 # 30
	17 # 45
	18 # 34
	19 # 20
Timestep 4:
	0 # 39
	1 # 41
	2 # 19
	3 # 11
	4 # 4
	5 # 18
	6 # 9
	7 # 21
	8 # 54
	9 # 55
	10 # 44
	11 # 24
	12 # 48
	13 # 22
	14 # 38
	15 # 8
	16 # 23
	17 # 37
	18 # 33
	19 # 12
Timestep 5:
	0 # 38
	1 # 40
	2 # 20
	3 # 11
	4 # 3
	5 # 19
	6 # 17
	7 # 13
	8 # 47
	9 # 54
	10 # 43
	11 # 25
	12 # 48
	13 # 23
	14 # 37
	15 # 9
	16 # 15
	17 # 30
	18 # 34
	19 # 12
Timestep 6:
	0 # 37
	1 # 39
	2 # 27
	3 # 10
	4 # 4
	5 # 20
	6 # 17
	7 # 5
	8 # 46
	9 # 54
	10 # 35
	11 # 26
	12 # 47
	13 # 24
	14 # 36
	15 # 8
	16 # 16
	17 # 23
	18 # 42
	19 # 11
Timestep 7:
	0 # 37
	1 # 38
	2 # 34
	3 # 18
	4 # 4
	5 # 27
	6 # 16
	7 # 0
	8 # 39
	9 # 47
	10 # 28
	11 # 32
	12 # 48
	13 # 25
	14 # 44
	15 # 7
	16 # 8
	17 # 24
	18 # 41
	19 # 19
Timestep 8:
	0 # 45
	1 # 37
	2 # 42
	3 # 17
	4 # 3
	5 # 34
	6 # 15
	7 # 1
	8 # 38
	9 # 47
	10 # 29
	11 # 40
	12 # 55
	13 # 26
	14 # 44
	15 # 6
	16 # 9
	17 # 25
	18 # 33
	19 # 18
Timestep 9:
	0 # 44
	1 # 30
	2 # 49
	3 # 16
	4 # 3
	5 # 27
	6 # 23
	7 # 0
	8 # 37
	9 # 46
	10 # 22
	11 # 47
	12 # 56
	13 # 32
	14 # 36
	15 # 1
	16 # 10
	17 # 26
	18 # 34
	19 # 17
Timestep 10:
	0 # 36
	1 # 23
	2 # 48
	3 # 24
	4 # 3
	5 # 20
	6 # 22
	7 # 5
	8 # 45
	9 # 39
	10 # 14
	11 # 47
	12 # 49
	13 # 40
	14 # 29
	15 # 2
	16 # 18
	17 # 32
	18 # 27
	19 # 25
Timestep 11:
	0 # 44
	1 # 15
	2 # 47
	3 # 23
	4 # 10
	5 # 19
	6 # 29
	7 # 5
	8 # 52
	9 # 38
	10 # 14
	11 # 54
	12 # 42
	13 # 41
	14 # 30
	15 # 7
	16 # 26
	17 # 40
	18 # 20
	19 # 24
Timestep 12:
	0 # 45
	1 # 7
	2 # 46
	3 # 22
	4 # 18
	5 # 11
	6 # 36
	7 # 5
	8 # 53
	9 # 37
	10 # 15
	11 # 47
	12 # 34
	13 # 48
	14 # 30
	15 # 8
	16 # 32
	17 # 41
	18 # 19
	19 # 23
Timestep 13:
	0 # 52
	1 # 2
	2 # 47
	3 # 29
	4 # 17
	5 # 12
	6 # 44
	7 # 13
	8 # 53
	9 # 38
	10 # 7
	11 # 40
	12 # 27
	13 # 49
	14 # 31
	15 # 9
	16 # 33
	17 # 48
	18 # 18
	19 # 23

