Solution makespan:10
Timestep 0:
	0 # 24
	1 # 54
	2 # 44
	3 # 49
	4 # 16
	5 # 11
	6 # 37
	7 # 46
	8 # 34
	9 # 13
	10 # 26
	11 # 36
	12 # 8
	13 # 6
	14 # 21
	15 # 47
Timestep 1:
	0 # 32
	1 # 55
	2 # 52
	3 # 50
	4 # 16
	5 # 19
	6 # 45
	7 # 47
	8 # 34
	9 # 12
	10 # 26
	11 # 43
	12 # 9
	13 # 13
	14 # 29
	15 # 48
Timestep 2:
	0 # 39
	1 # 48
	2 # 53
	3 # 51
	4 # 8
	5 # 27
	6 # 44
	7 # 54
	8 # 35
	9 # 20
	10 # 25
	11 # 42
	12 # 17
	13 # 21
	14 # 29
	15 # 49
Timestep 3:
	0 # 39
	1 # 40
	2 # 53
	3 # 43
	4 # 9
	5 # 35
	6 # 52
	7 # 47
	8 # 34
	9 # 19
	10 # 26
	11 # 41
	12 # 25
	13 # 20
	14 # 28
	15 # 49
Timestep 4:
	0 # 47
	1 # 33
	2 # 52
	3 # 44
	4 # 17
	5 # 42
	6 # 51
	7 # 54
	8 # 35
	9 # 18
	10 # 26
	11 # 40
	12 # 24
	13 # 28
	14 # 36
	15 # 41
Timestep 5:
	0 # 48
	1 # 33
	2 # 44
	3 # 45
	4 # 9
	5 # 43
	6 # 51
	7 # 54
	8 # 27
	9 # 10
	10 # 18
	11 # 39
	12 # 24
	13 # 36
	14 # 35
	15 # 40
Timestep 6:
	0 # 49
	1 # 32
	2 # 44
	3 # 37
	4 # 9
	5 # 36
	6 # 43
	7 # 55
	8 # 28
	9 # 3
	10 # 10
	11 # 47
	12 # 23
	13 # 35
	14 # 34
	15 # 40
Timestep 7:
	0 # 50
	1 # 24
	2 # 52
	3 # 30
	4 # 10
	5 # 28
	6 # 43
	7 # 56
	8 # 29
	9 # 2
	10 # 3
	11 # 54
	12 # 31
	13 # 34
	14 # 33
	15 # 41
Timestep 8:
	0 # 42
	1 # 25
	2 # 52
	3 # 22
	4 # 11
	5 # 20
	6 # 36
	7 # 55
	8 # 29
	9 # 9
	10 # 2
	11 # 54
	12 # 31
	13 # 33
	14 # 32
	15 # 34
Timestep 9:
	0 # 35
	1 # 26
	2 # 52
	3 # 30
	4 # 4
	5 # 28
	6 # 43
	7 # 48
	8 # 21
	9 # 8
	10 # 1
	11 # 47
	12 # 38
	13 # 32
	14 # 24
	15 # 41
Timestep 10:
	0 # 35
	1 # 27
	2 # 44
	3 # 22
	4 # 5
	5 # 36
	6 # 51
	7 # 55
	8 # 13
	9 # 16
	10 # 0
	11 # 47
	12 # 46
	13 # 39
	14 # 32
	15 # 49

