Solution makespan:13
Timestep 0:
	0 # 18
	1 # 52
	2 # 17
	3 # 5
	4 # 32
	5 # 42
	6 # 33
	7 # 47
	8 # 38
	9 # 19
	10 # 46
	11 # 55
	12 # 4
	13 # 27
	14 # 41
	15 # 57
	16 # 59
	17 # 3
	18 # 12
	19 # 16
	20 # 7
	21 # 10
	22 # 34
	23 # 53
	24 # 51
	25 # 24
	26 # 29
	27 # 35
Timestep 1:
	0 # 17
	1 # 46
	2 # 16
	3 # 6
	4 # 39
	5 # 42
	6 # 33
	7 # 40
	8 # 38
	9 # 11
	10 # 45
	11 # 56
	12 # 3
	13 # 28
	14 # 34
	15 # 50
	16 # 58
	17 # 2
	18 # 13
	19 # 8
	20 # 15
	21 # 18
	22 # 26
	23 # 54
	24 # 52
	25 # 25
	26 # 30
	27 # 36
Timestep 2:
	0 # 9
	1 # 46
	2 # 24
	3 # 7
	4 # 39
	5 # 43
	6 # 25
	7 # 41
	8 # 45
	9 # 3
	10 # 51
	11 # 48
	12 # 2
	13 # 29
	14 # 35
	15 # 44
	16 # 57
	17 # 10
	18 # 21
	19 # 8
	20 # 14
	21 # 26
	22 # 27
	23 # 55
	24 # 52
	25 # 17
	26 # 22
	27 # 37
Timestep 3:
	0 # 9
	1 # 45
	2 # 32
	3 # 15
	4 # 40
	5 # 36
	6 # 25
	7 # 42
	8 # 44
	9 # 2
	10 # 58
	11 # 48
	12 # 1
	13 # 30
	14 # 34
	15 # 37
	16 # 50
	17 # 10
	18 # 20
	19 # 16
	20 # 13
	21 # 27
	22 # 19
	23 # 56
	24 # 51
	25 # 18
	26 # 14
	27 # 29
Timestep 4:
	0 # 8
	1 # 38
	2 # 32
	3 # 23
	4 # 41
	5 # 28
	6 # 17
	7 # 43
	8 # 45
	9 # 1
	10 # 58
	11 # 42
	12 # 0
	13 # 29
	14 # 26
	15 # 36
	16 # 49
	17 # 11
	18 # 12
	19 # 24
	20 # 13
	21 # 35
	22 # 19
	23 # 48
	24 # 51
	25 # 10
	26 # 15
	27 # 21
Timestep 5:
	0 # 9
	1 # 30
	2 # 33
	3 # 23
	4 # 34
	5 # 20
	6 # 18
	7 # 44
	8 # 51
	9 # 1
	10 # 58
	11 # 41
	12 # 0
	13 # 29
	14 # 25
	15 # 28
	16 # 43
	17 # 19
	18 # 4
	19 # 24
	20 # 12
	21 # 36
	22 # 27
	23 # 49
	24 # 52
	25 # 2
	26 # 7
	27 # 13
Timestep 6:
	0 # 10
	1 # 22
	2 # 34
	3 # 23
	4 # 35
	5 # 20
	6 # 26
	7 # 44
	8 # 51
	9 # 0
	10 # 59
	11 # 41
	12 # 8
	13 # 30
	14 # 17
	15 # 28
	16 # 49
	17 # 19
	18 # 3
	19 # 24
	20 # 11
	21 # 37
	22 # 27
	23 # 50
	24 # 52
	25 # 1
	26 # 7
	27 # 5
Timestep 7:
	0 # 10
	1 # 23
	2 # 35
	3 # 31
	4 # 42
	5 # 21
	6 # 26
	7 # 37
	8 # 58
	9 # 1
	10 # 59
	11 # 40
	12 # 8
	13 # 29
	14 # 18
	15 # 27
	16 # 48
	17 # 11
	18 # 2
	19 # 32
	20 # 12
	21 # 38
	22 # 19
	23 # 44
	24 # 51
	25 # 9
	26 # 7
	27 # 4
Timestep 8:
	0 # 10
	1 # 23
	2 # 36
	3 # 31
	4 # 35
	5 # 21
	6 # 34
	7 # 29
	8 # 58
	9 # 0
	10 # 52
	11 # 33
	12 # 16
	13 # 28
	14 # 18
	15 # 26
	16 # 42
	17 # 3
	18 # 1
	19 # 39
	20 # 20
	21 # 45
	22 # 11
	23 # 37
	24 # 50
	25 # 17
	26 # 7
	27 # 12
Timestep 9:
	0 # 10
	1 # 23
	2 # 37
	3 # 31
	4 # 34
	5 # 21
	6 # 41
	7 # 30
	8 # 57
	9 # 0
	10 # 52
	11 # 32
	12 # 16
	13 # 27
	14 # 18
	15 # 25
	16 # 35
	17 # 2
	18 # 9
	19 # 40
	20 # 28
	21 # 51
	22 # 3
	23 # 29
	24 # 44
	25 # 17
	26 # 6
	27 # 11
Timestep 10:
	0 # 2
	1 # 22
	2 # 44
	3 # 23
	4 # 26
	5 # 20
	6 # 42
	7 # 30
	8 # 50
	9 # 0
	10 # 59
	11 # 32
	12 # 24
	13 # 35
	14 # 18
	15 # 33
	16 # 34
	17 # 1
	18 # 10
	19 # 47
	20 # 29
	21 # 51
	22 # 4
	23 # 21
	24 # 43
	25 # 25
	26 # 6
	27 # 19
Timestep 11:
	0 # 3
	1 # 30
	2 # 45
	3 # 31
	4 # 27
	5 # 28
	6 # 48
	7 # 29
	8 # 49
	9 # 8
	10 # 59
	11 # 24
	12 # 16
	13 # 36
	14 # 18
	15 # 40
	16 # 33
	17 # 1
	18 # 11
	19 # 47
	20 # 37
	21 # 58
	22 # 4
	23 # 13
	24 # 42
	25 # 26
	26 # 7
	27 # 19
Timestep 12:
	0 # 11
	1 # 22
	2 # 51
	3 # 30
	4 # 35
	5 # 28
	6 # 42
	7 # 21
	8 # 48
	9 # 0
	10 # 52
	11 # 16
	12 # 17
	13 # 43
	14 # 10
	15 # 33
	16 # 32
	17 # 2
	18 # 12
	19 # 54
	20 # 44
	21 # 57
	22 # 4
	23 # 14
	24 # 41
	25 # 27
	26 # 7
	27 # 20
Timestep 13:
	0 # 10
	1 # 23
	2 # 58
	3 # 38
	4 # 36
	5 # 29
	6 # 41
	7 # 22
	8 # 56
	9 # 1
	10 # 59
	11 # 8
	12 # 9
	13 # 49
	14 # 2
	15 # 34
	16 # 24
	17 # 3
	18 # 13
	19 # 47
	20 # 37
	21 # 50
	22 # 12
	23 # 6
	24 # 40
	25 # 35
	26 # 15
	27 # 28

