Solution makespan:11
Timestep 0:
	0 # 19
	1 # 51
	2 # 29
	3 # 15
	4 # 4
	5 # 17
	6 # 9
	7 # 39
Timestep 1:
	0 # 19
	1 # 45
	2 # 30
	3 # 8
	4 # 11
	5 # 24
	6 # 10
	7 # 32
Timestep 2:
	0 # 20
	1 # 46
	2 # 31
	3 # 9
	4 # 18
	5 # 17
	6 # 11
	7 # 24
Timestep 3:
	0 # 13
	1 # 39
	2 # 32
	3 # 16
	4 # 25
	5 # 18
	6 # 12
	7 # 23
Timestep 4:
	0 # 13
	1 # 32
	2 # 24
	3 # 9
	4 # 26
	5 # 25
	6 # 19
	7 # 22
Timestep 5:
	0 # 13
	1 # 24
	2 # 17
	3 # 2
	4 # 19
	5 # 26
	6 # 20
	7 # 22
Timestep 6:
	0 # 20
	1 # 25
	2 # 16
	3 # 3
	4 # 18
	5 # 33
	6 # 27
	7 # 30
Timestep 7:
	0 # 27
	1 # 18
	2 # 9
	3 # 10
	4 # 17
	5 # 33
	6 # 34
	7 # 29
Timestep 8:
	0 # 26
	1 # 19
	2 # 2
	3 # 11
	4 # 16
	5 # 34
	6 # 41
	7 # 36
Timestep 9:
	0 # 25
	1 # 12
	2 # 3
	3 # 18
	4 # 16
	5 # 41
	6 # 48
	7 # 43
Timestep 10:
	0 # 24
	1 # 13
	2 # 4
	3 # 19
	4 # 9
	5 # 48
	6 # 54
	7 # 44
Timestep 11:
	0 # 17
	1 # 14
	2 # 5
	3 # 20
	4 # 2
	5 # 54
	6 # 55
	7 # 44

