Solution makespan:10
Timestep 0:
	0 # 39
	1 # 17
	2 # 41
	3 # 36
	4 # 42
	5 # 45
	6 # 1
	7 # 0
	8 # 20
	9 # 12
	10 # 35
	11 # 9
	12 # 18
	13 # 50
	14 # 43
	15 # 31
	16 # 53
	17 # 52
	18 # 34
	19 # 29
	20 # 47
	21 # 25
	22 # 57
	23 # 38
	24 # 30
	25 # 44
	26 # 48
	27 # 28
	28 # 24
	29 # 40
	30 # 33
	31 # 14
Timestep 1:
	0 # 38
	1 # 18
	2 # 48
	3 # 30
	4 # 42
	5 # 44
	6 # 8
	7 # 1
	8 # 13
	9 # 11
	10 # 29
	11 # 10
	12 # 26
	13 # 49
	14 # 36
	15 # 24
	16 # 45
	17 # 52
	18 # 27
	19 # 21
	20 # 54
	21 # 32
	22 # 57
	23 # 31
	24 # 22
	25 # 43
	26 # 55
	27 # 28
	28 # 16
	29 # 47
	30 # 34
	31 # 15
Timestep 2:
	0 # 31
	1 # 26
	2 # 48
	3 # 22
	4 # 41
	5 # 43
	6 # 8
	7 # 1
	8 # 13
	9 # 3
	10 # 28
	11 # 11
	12 # 33
	13 # 42
	14 # 37
	15 # 25
	16 # 44
	17 # 53
	18 # 19
	19 # 29
	20 # 55
	21 # 39
	22 # 57
	23 # 24
	24 # 14
	25 # 51
	26 # 56
	27 # 20
	28 # 9
	29 # 46
	30 # 27
	31 # 23
Timestep 3:
	0 # 24
	1 # 33
	2 # 49
	3 # 14
	4 # 34
	5 # 51
	6 # 8
	7 # 0
	8 # 13
	9 # 11
	10 # 27
	11 # 12
	12 # 40
	13 # 41
	14 # 38
	15 # 32
	16 # 37
	17 # 53
	18 # 18
	19 # 35
	20 # 54
	21 # 46
	22 # 56
	23 # 23
	24 # 7
	25 # 52
	26 # 55
	27 # 28
	28 # 10
	29 # 45
	30 # 19
	31 # 22
Timestep 4:
	0 # 25
	1 # 40
	2 # 50
	3 # 15
	4 # 27
	5 # 51
	6 # 8
	7 # 0
	8 # 20
	9 # 3
	10 # 26
	11 # 13
	12 # 47
	13 # 34
	14 # 31
	15 # 39
	16 # 38
	17 # 53
	18 # 17
	19 # 35
	20 # 54
	21 # 45
	22 # 49
	23 # 23
	24 # 14
	25 # 52
	26 # 56
	27 # 29
	28 # 11
	29 # 44
	30 # 18
	31 # 30
Timestep 5:
	0 # 26
	1 # 40
	2 # 50
	3 # 16
	4 # 19
	5 # 43
	6 # 15
	7 # 7
	8 # 28
	9 # 3
	10 # 33
	11 # 20
	12 # 48
	13 # 27
	14 # 24
	15 # 39
	16 # 31
	17 # 53
	18 # 10
	19 # 29
	20 # 54
	21 # 45
	22 # 42
	23 # 23
	24 # 22
	25 # 51
	26 # 57
	27 # 21
	28 # 12
	29 # 37
	30 # 11
	31 # 36
Timestep 6:
	0 # 33
	1 # 41
	2 # 50
	3 # 17
	4 # 12
	5 # 44
	6 # 16
	7 # 14
	8 # 27
	9 # 11
	10 # 32
	11 # 20
	12 # 55
	13 # 19
	14 # 25
	15 # 46
	16 # 24
	17 # 45
	18 # 9
	19 # 28
	20 # 54
	21 # 38
	22 # 42
	23 # 23
	24 # 30
	25 # 52
	26 # 57
	27 # 21
	28 # 13
	29 # 37
	30 # 10
	31 # 36
Timestep 7:
	0 # 40
	1 # 42
	2 # 50
	3 # 18
	4 # 4
	5 # 44
	6 # 17
	7 # 14
	8 # 34
	9 # 10
	10 # 39
	11 # 28
	12 # 55
	13 # 12
	14 # 25
	15 # 47
	16 # 24
	17 # 46
	18 # 8
	19 # 27
	20 # 54
	21 # 31
	22 # 49
	23 # 23
	24 # 36
	25 # 52
	26 # 57
	27 # 21
	28 # 13
	29 # 38
	30 # 9
	31 # 43
Timestep 8:
	0 # 40
	1 # 42
	2 # 50
	3 # 11
	4 # 4
	5 # 45
	6 # 18
	7 # 15
	8 # 41
	9 # 9
	10 # 38
	11 # 29
	12 # 55
	13 # 12
	14 # 26
	15 # 48
	16 # 16
	17 # 39
	18 # 7
	19 # 34
	20 # 54
	21 # 32
	22 # 56
	23 # 22
	24 # 37
	25 # 51
	26 # 57
	27 # 20
	28 # 13
	29 # 31
	30 # 8
	31 # 36
Timestep 9:
	0 # 47
	1 # 41
	2 # 50
	3 # 18
	4 # 5
	5 # 46
	6 # 19
	7 # 16
	8 # 40
	9 # 8
	10 # 45
	11 # 29
	12 # 48
	13 # 4
	14 # 27
	15 # 49
	16 # 9
	17 # 32
	18 # 14
	19 # 33
	20 # 55
	21 # 31
	22 # 56
	23 # 30
	24 # 44
	25 # 43
	26 # 57
	27 # 13
	28 # 12
	29 # 24
	30 # 7
	31 # 37
Timestep 10:
	0 # 54
	1 # 34
	2 # 50
	3 # 18
	4 # 6
	5 # 47
	6 # 27
	7 # 17
	8 # 39
	9 # 7
	10 # 53
	11 # 35
	12 # 48
	13 # 3
	14 # 28
	15 # 42
	16 # 9
	17 # 25
	18 # 22
	19 # 40
	20 # 55
	21 # 32
	22 # 49
	23 # 36
	24 # 52
	25 # 44
	26 # 57
	27 # 12
	28 # 4
	29 # 16
	30 # 0
	31 # 38

