Solution makespan:11
Timestep 0:
	0 # 17
	1 # 8
	2 # 0
	3 # 27
	4 # 44
	5 # 29
	6 # 22
	7 # 26
	8 # 41
	9 # 19
	10 # 47
	11 # 51
	12 # 54
	13 # 48
	14 # 15
	15 # 6
	16 # 34
	17 # 11
	18 # 32
	19 # 3
Timestep 1:
	0 # 17
	1 # 9
	2 # 0
	3 # 35
	4 # 44
	5 # 22
	6 # 21
	7 # 26
	8 # 41
	9 # 19
	10 # 46
	11 # 51
	12 # 53
	13 # 40
	14 # 15
	15 # 13
	16 # 42
	17 # 12
	18 # 31
	19 # 2
Timestep 2:
	0 # 16
	1 # 10
	2 # 8
	3 # 35
	4 # 45
	5 # 23
	6 # 28
	7 # 33
	8 # 40
	9 # 18
	10 # 38
	11 # 52
	12 # 46
	13 # 32
	14 # 21
	15 # 20
	16 # 50
	17 # 19
	18 # 30
	19 # 1
Timestep 3:
	0 # 10
	1 # 2
	2 # 15
	3 # 43
	4 # 52
	5 # 24
	6 # 36
	7 # 41
	8 # 32
	9 # 11
	10 # 30
	11 # 51
	12 # 47
	13 # 31
	14 # 28
	15 # 19
	16 # 49
	17 # 26
	18 # 29
	19 # 9
Timestep 4:
	0 # 2
	1 # 3
	2 # 14
	3 # 43
	4 # 53
	5 # 24
	6 # 36
	7 # 40
	8 # 25
	9 # 11
	10 # 38
	11 # 51
	12 # 39
	13 # 30
	14 # 28
	15 # 18
	16 # 41
	17 # 33
	18 # 29
	19 # 8
Timestep 5:
	0 # 10
	1 # 4
	2 # 7
	3 # 44
	4 # 54
	5 # 31
	6 # 35
	7 # 48
	8 # 24
	9 # 11
	10 # 46
	11 # 52
	12 # 40
	13 # 23
	14 # 27
	15 # 17
	16 # 33
	17 # 34
	18 # 22
	19 # 15
Timestep 6:
	0 # 2
	1 # 5
	2 # 14
	3 # 51
	4 # 55
	5 # 39
	6 # 36
	7 # 47
	8 # 31
	9 # 4
	10 # 38
	11 # 53
	12 # 32
	13 # 22
	14 # 35
	15 # 16
	16 # 26
	17 # 34
	18 # 21
	19 # 15
Timestep 7:
	0 # 1
	1 # 5
	2 # 14
	3 # 52
	4 # 48
	5 # 40
	6 # 28
	7 # 47
	8 # 39
	9 # 3
	10 # 30
	11 # 46
	12 # 32
	13 # 21
	14 # 35
	15 # 23
	16 # 19
	17 # 33
	18 # 15
	19 # 8
Timestep 8:
	0 # 2
	1 # 12
	2 # 14
	3 # 53
	4 # 49
	5 # 41
	6 # 21
	7 # 46
	8 # 47
	9 # 4
	10 # 31
	11 # 38
	12 # 25
	13 # 15
	14 # 43
	15 # 30
	16 # 20
	17 # 32
	18 # 8
	19 # 0
Timestep 9:
	0 # 3
	1 # 19
	2 # 14
	3 # 54
	4 # 50
	5 # 33
	6 # 22
	7 # 45
	8 # 46
	9 # 5
	10 # 32
	11 # 39
	12 # 18
	13 # 21
	14 # 44
	15 # 38
	16 # 13
	17 # 25
	18 # 7
	19 # 1
Timestep 10:
	0 # 4
	1 # 20
	2 # 15
	3 # 47
	4 # 42
	5 # 26
	6 # 23
	7 # 44
	8 # 45
	9 # 12
	10 # 25
	11 # 38
	12 # 11
	13 # 22
	14 # 36
	15 # 37
	16 # 6
	17 # 18
	18 # 14
	19 # 2
Timestep 11:
	0 # 5
	1 # 20
	2 # 8
	3 # 39
	4 # 34
	5 # 26
	6 # 30
	7 # 44
	8 # 52
	9 # 12
	10 # 25
	11 # 38
	12 # 11
	13 # 29
	14 # 35
	15 # 36
	16 # 6
	17 # 19
	18 # 15
	19 # 3

