Solution makespan:9
Timestep 0:
	0 # 14
	1 # 8
	2 # 32
	3 # 16
	4 # 31
	5 # 7
	6 # 44
	7 # 2
	8 # 52
	9 # 58
	10 # 40
	11 # 42
Timestep 1:
	0 # 13
	1 # 9
	2 # 33
	3 # 17
	4 # 31
	5 # 15
	6 # 45
	7 # 3
	8 # 53
	9 # 50
	10 # 34
	11 # 36
Timestep 2:
	0 # 12
	1 # 10
	2 # 34
	3 # 18
	4 # 32
	5 # 22
	6 # 38
	7 # 3
	8 # 45
	9 # 42
	10 # 26
	11 # 35
Timestep 3:
	0 # 20
	1 # 11
	2 # 34
	3 # 25
	4 # 33
	5 # 30
	6 # 31
	7 # 10
	8 # 38
	9 # 36
	10 # 26
	11 # 27
Timestep 4:
	0 # 19
	1 # 12
	2 # 40
	3 # 18
	4 # 34
	5 # 30
	6 # 23
	7 # 3
	8 # 37
	9 # 28
	10 # 25
	11 # 26
Timestep 5:
	0 # 18
	1 # 13
	2 # 48
	3 # 10
	4 # 26
	5 # 31
	6 # 16
	7 # 3
	8 # 30
	9 # 29
	10 # 24
	11 # 25
Timestep 6:
	0 # 17
	1 # 14
	2 # 56
	3 # 10
	4 # 25
	5 # 32
	6 # 8
	7 # 2
	8 # 30
	9 # 29
	10 # 23
	11 # 24
Timestep 7:
	0 # 16
	1 # 21
	2 # 48
	3 # 3
	4 # 24
	5 # 33
	6 # 9
	7 # 1
	8 # 30
	9 # 28
	10 # 22
	11 # 23
Timestep 8:
	0 # 16
	1 # 29
	2 # 40
	3 # 2
	4 # 32
	5 # 34
	6 # 10
	7 # 8
	8 # 37
	9 # 36
	10 # 15
	11 # 31
Timestep 9:
	0 # 17
	1 # 29
	2 # 48
	3 # 3
	4 # 24
	5 # 26
	6 # 11
	7 # 9
	8 # 38
	9 # 28
	10 # 22
	11 # 30

