Solution makespan:9
Timestep 0:
	0 # 29
	1 # 25
	2 # 17
	3 # 26
	4 # 13
	5 # 44
	6 # 32
	7 # 2
	8 # 18
	9 # 28
	10 # 8
	11 # 3
	12 # 15
	13 # 9
	14 # 48
	15 # 56
	16 # 37
	17 # 34
	18 # 14
	19 # 5
Timestep 1:
	0 # 35
	1 # 18
	2 # 24
	3 # 19
	4 # 5
	5 # 43
	6 # 31
	7 # 10
	8 # 17
	9 # 27
	10 # 0
	11 # 11
	12 # 22
	13 # 8
	14 # 42
	15 # 56
	16 # 38
	17 # 41
	18 # 13
	19 # 4
Timestep 2:
	0 # 35
	1 # 10
	2 # 25
	3 # 18
	4 # 6
	5 # 49
	6 # 23
	7 # 2
	8 # 24
	9 # 20
	10 # 0
	11 # 19
	12 # 22
	13 # 16
	14 # 43
	15 # 56
	16 # 32
	17 # 47
	18 # 12
	19 # 5
Timestep 3:
	0 # 29
	1 # 10
	2 # 26
	3 # 25
	4 # 7
	5 # 48
	6 # 16
	7 # 1
	8 # 23
	9 # 12
	10 # 0
	11 # 20
	12 # 15
	13 # 8
	14 # 35
	15 # 56
	16 # 24
	17 # 54
	18 # 11
	19 # 13
Timestep 4:
	0 # 21
	1 # 2
	2 # 33
	3 # 18
	4 # 6
	5 # 47
	6 # 16
	7 # 9
	8 # 23
	9 # 11
	10 # 1
	11 # 27
	12 # 22
	13 # 8
	14 # 29
	15 # 55
	16 # 25
	17 # 53
	18 # 19
	19 # 14
Timestep 5:
	0 # 14
	1 # 3
	2 # 34
	3 # 25
	4 # 5
	5 # 41
	6 # 17
	7 # 9
	8 # 24
	9 # 11
	10 # 0
	11 # 28
	12 # 30
	13 # 16
	14 # 21
	15 # 49
	16 # 26
	17 # 52
	18 # 19
	19 # 15
Timestep 6:
	0 # 6
	1 # 4
	2 # 41
	3 # 25
	4 # 13
	5 # 40
	6 # 18
	7 # 9
	8 # 17
	9 # 3
	10 # 0
	11 # 29
	12 # 36
	13 # 23
	14 # 14
	15 # 48
	16 # 27
	17 # 51
	18 # 11
	19 # 15
Timestep 7:
	0 # 14
	1 # 5
	2 # 42
	3 # 24
	4 # 12
	5 # 39
	6 # 19
	7 # 8
	8 # 9
	9 # 4
	10 # 0
	11 # 29
	12 # 44
	13 # 31
	14 # 13
	15 # 47
	16 # 28
	17 # 50
	18 # 11
	19 # 15
Timestep 8:
	0 # 13
	1 # 6
	2 # 43
	3 # 32
	4 # 20
	5 # 38
	6 # 26
	7 # 0
	8 # 10
	9 # 5
	10 # 1
	11 # 35
	12 # 36
	13 # 31
	14 # 12
	15 # 47
	16 # 29
	17 # 50
	18 # 11
	19 # 14
Timestep 9:
	0 # 13
	1 # 7
	2 # 35
	3 # 24
	4 # 20
	5 # 45
	6 # 27
	7 # 1
	8 # 10
	9 # 6
	10 # 9
	11 # 29
	12 # 44
	13 # 37
	14 # 4
	15 # 54
	16 # 30
	17 # 50
	18 # 3
	19 # 14

