Solution makespan:12
Timestep 0:
	0 # 18
	1 # 26
	2 # 22
	3 # 27
	4 # 12
	5 # 39
	6 # 3
	7 # 4
	8 # 25
	9 # 41
	10 # 34
	11 # 10
	12 # 0
	13 # 47
	14 # 49
	15 # 42
	16 # 2
	17 # 5
	18 # 44
	19 # 32
	20 # 45
	21 # 37
	22 # 8
	23 # 1
	24 # 16
	25 # 46
	26 # 24
	27 # 31
	28 # 43
	29 # 21
	30 # 28
	31 # 13
Timestep 1:
	0 # 19
	1 # 32
	2 # 21
	3 # 33
	4 # 18
	5 # 39
	6 # 9
	7 # 4
	8 # 20
	9 # 42
	10 # 35
	11 # 11
	12 # 0
	13 # 46
	14 # 49
	15 # 34
	16 # 3
	17 # 5
	18 # 50
	19 # 31
	20 # 44
	21 # 37
	22 # 8
	23 # 1
	24 # 15
	25 # 38
	26 # 30
	27 # 25
	28 # 43
	29 # 14
	30 # 29
	31 # 6
Timestep 2:
	0 # 24
	1 # 39
	2 # 21
	3 # 33
	4 # 19
	5 # 47
	6 # 10
	7 # 12
	8 # 13
	9 # 43
	10 # 29
	11 # 17
	12 # 0
	13 # 46
	14 # 41
	15 # 34
	16 # 9
	17 # 4
	18 # 50
	19 # 25
	20 # 36
	21 # 45
	22 # 2
	23 # 1
	24 # 22
	25 # 31
	26 # 37
	27 # 26
	28 # 35
	29 # 8
	30 # 23
	31 # 7
Timestep 3:
	0 # 30
	1 # 40
	2 # 14
	3 # 41
	4 # 24
	5 # 48
	6 # 16
	7 # 11
	8 # 6
	9 # 44
	10 # 23
	11 # 18
	12 # 0
	13 # 38
	14 # 42
	15 # 34
	16 # 15
	17 # 12
	18 # 50
	19 # 31
	20 # 35
	21 # 51
	22 # 3
	23 # 1
	24 # 27
	25 # 32
	26 # 36
	27 # 26
	28 # 29
	29 # 2
	30 # 17
	31 # 8
Timestep 4:
	0 # 37
	1 # 41
	2 # 8
	3 # 49
	4 # 30
	5 # 47
	6 # 15
	7 # 10
	8 # 7
	9 # 36
	10 # 17
	11 # 19
	12 # 6
	13 # 38
	14 # 42
	15 # 34
	16 # 22
	17 # 18
	18 # 44
	19 # 31
	20 # 29
	21 # 50
	22 # 3
	23 # 1
	24 # 27
	25 # 32
	26 # 35
	27 # 25
	28 # 23
	29 # 2
	30 # 11
	31 # 9
Timestep 5:
	0 # 45
	1 # 42
	2 # 2
	3 # 48
	4 # 37
	5 # 46
	6 # 14
	7 # 16
	8 # 8
	9 # 35
	10 # 11
	11 # 24
	12 # 6
	13 # 31
	14 # 34
	15 # 28
	16 # 27
	17 # 19
	18 # 36
	19 # 25
	20 # 23
	21 # 44
	22 # 3
	23 # 0
	24 # 33
	25 # 39
	26 # 29
	27 # 26
	28 # 17
	29 # 1
	30 # 12
	31 # 15
Timestep 6:
	0 # 51
	1 # 43
	2 # 2
	3 # 40
	4 # 36
	5 # 38
	6 # 21
	7 # 15
	8 # 9
	9 # 29
	10 # 10
	11 # 30
	12 # 6
	13 # 31
	14 # 42
	15 # 28
	16 # 33
	17 # 24
	18 # 35
	19 # 20
	20 # 17
	21 # 45
	22 # 3
	23 # 1
	24 # 41
	25 # 32
	26 # 23
	27 # 26
	28 # 11
	29 # 7
	30 # 18
	31 # 22
Timestep 7:
	0 # 50
	1 # 44
	2 # 2
	3 # 40
	4 # 35
	5 # 31
	6 # 21
	7 # 22
	8 # 9
	9 # 23
	10 # 11
	11 # 37
	12 # 7
	13 # 25
	14 # 43
	15 # 29
	16 # 41
	17 # 30
	18 # 34
	19 # 20
	20 # 16
	21 # 51
	22 # 3
	23 # 0
	24 # 49
	25 # 32
	26 # 17
	27 # 26
	28 # 12
	29 # 8
	30 # 19
	31 # 27
Timestep 8:
	0 # 50
	1 # 45
	2 # 8
	3 # 48
	4 # 35
	5 # 31
	6 # 21
	7 # 27
	8 # 10
	9 # 17
	10 # 12
	11 # 36
	12 # 1
	13 # 20
	14 # 44
	15 # 23
	16 # 40
	17 # 37
	18 # 34
	19 # 13
	20 # 15
	21 # 51
	22 # 9
	23 # 0
	24 # 41
	25 # 26
	26 # 16
	27 # 25
	28 # 18
	29 # 14
	30 # 19
	31 # 28
Timestep 9:
	0 # 50
	1 # 37
	2 # 7
	3 # 49
	4 # 34
	5 # 25
	6 # 22
	7 # 33
	8 # 11
	9 # 16
	10 # 18
	11 # 35
	12 # 2
	13 # 13
	14 # 45
	15 # 23
	16 # 39
	17 # 36
	18 # 28
	19 # 6
	20 # 9
	21 # 51
	22 # 8
	23 # 1
	24 # 42
	25 # 32
	26 # 10
	27 # 20
	28 # 17
	29 # 21
	30 # 19
	31 # 29
Timestep 10:
	0 # 51
	1 # 30
	2 # 7
	3 # 49
	4 # 34
	5 # 20
	6 # 27
	7 # 41
	8 # 12
	9 # 15
	10 # 17
	11 # 43
	12 # 3
	13 # 6
	14 # 37
	15 # 23
	16 # 38
	17 # 44
	18 # 28
	19 # 0
	20 # 8
	21 # 45
	22 # 14
	23 # 2
	24 # 42
	25 # 39
	26 # 16
	27 # 13
	28 # 11
	29 # 22
	30 # 18
	31 # 35
Timestep 11:
	0 # 45
	1 # 24
	2 # 7
	3 # 49
	4 # 34
	5 # 13
	6 # 33
	7 # 40
	8 # 4
	9 # 14
	10 # 23
	11 # 44
	12 # 9
	13 # 0
	14 # 30
	15 # 29
	16 # 31
	17 # 50
	18 # 27
	19 # 1
	20 # 8
	21 # 37
	22 # 21
	23 # 3
	24 # 42
	25 # 47
	26 # 16
	27 # 6
	28 # 11
	29 # 15
	30 # 12
	31 # 36
Timestep 12:
	0 # 51
	1 # 19
	2 # 1
	3 # 49
	4 # 42
	5 # 20
	6 # 41
	7 # 39
	8 # 5
	9 # 8
	10 # 29
	11 # 44
	12 # 10
	13 # 0
	14 # 24
	15 # 35
	16 # 25
	17 # 50
	18 # 33
	19 # 2
	20 # 7
	21 # 37
	22 # 21
	23 # 9
	24 # 43
	25 # 48
	26 # 17
	27 # 6
	28 # 11
	29 # 14
	30 # 4
	31 # 36

