Solution makespan:6
Timestep 0:
	0 # 9
	1 # 4
	2 # 2
	3 # 8
	4 # 0
	5 # 11
	6 # 7
	7 # 10
Timestep 1:
	0 # 13
	1 # 4
	2 # 6
	3 # 5
	4 # 1
	5 # 12
	6 # 8
	7 # 10
Timestep 2:
	0 # 14
	1 # 7
	2 # 5
	3 # 1
	4 # 2
	5 # 8
	6 # 9
	7 # 10
Timestep 3:
	0 # 13
	1 # 7
	2 # 4
	3 # 1
	4 # 6
	5 # 5
	6 # 8
	7 # 10
Timestep 4:
	0 # 13
	1 # 8
	2 # 4
	3 # 0
	4 # 5
	5 # 1
	6 # 12
	7 # 9
Timestep 5:
	0 # 9
	1 # 8
	2 # 7
	3 # 1
	4 # 4
	5 # 2
	6 # 13
	7 # 6
Timestep 6:
	0 # 9
	1 # 5
	2 # 11
	3 # 2
	4 # 7
	5 # 3
	6 # 14
	7 # 6

