Solution makespan:10
Timestep 0:
	0 # 44
	1 # 20
	2 # 1
	3 # 47
	4 # 31
	5 # 8
	6 # 35
	7 # 24
	8 # 26
	9 # 48
	10 # 41
	11 # 50
	12 # 53
	13 # 11
	14 # 5
	15 # 15
	16 # 33
	17 # 42
	18 # 38
	19 # 25
	20 # 0
	21 # 13
	22 # 34
	23 # 6
	24 # 49
	25 # 10
	26 # 7
	27 # 43
Timestep 1:
	0 # 45
	1 # 19
	2 # 1
	3 # 55
	4 # 31
	5 # 9
	6 # 27
	7 # 23
	8 # 26
	9 # 48
	10 # 40
	11 # 51
	12 # 52
	13 # 12
	14 # 5
	15 # 16
	16 # 32
	17 # 43
	18 # 39
	19 # 25
	20 # 0
	21 # 13
	22 # 34
	23 # 6
	24 # 49
	25 # 18
	26 # 15
	27 # 36
Timestep 2:
	0 # 38
	1 # 18
	2 # 1
	3 # 54
	4 # 23
	5 # 10
	6 # 28
	7 # 17
	8 # 34
	9 # 42
	10 # 33
	11 # 44
	12 # 45
	13 # 20
	14 # 5
	15 # 8
	16 # 31
	17 # 49
	18 # 46
	19 # 25
	20 # 6
	21 # 14
	22 # 41
	23 # 7
	24 # 48
	25 # 24
	26 # 16
	27 # 36
Timestep 3:
	0 # 45
	1 # 10
	2 # 1
	3 # 54
	4 # 17
	5 # 11
	6 # 29
	7 # 9
	8 # 33
	9 # 35
	10 # 32
	11 # 37
	12 # 44
	13 # 26
	14 # 5
	15 # 2
	16 # 23
	17 # 50
	18 # 46
	19 # 19
	20 # 14
	21 # 21
	22 # 47
	23 # 8
	24 # 49
	25 # 24
	26 # 22
	27 # 36
Timestep 4:
	0 # 52
	1 # 4
	2 # 7
	3 # 53
	4 # 16
	5 # 12
	6 # 30
	7 # 3
	8 # 34
	9 # 36
	10 # 31
	11 # 38
	12 # 45
	13 # 25
	14 # 6
	15 # 2
	16 # 17
	17 # 51
	18 # 46
	19 # 19
	20 # 15
	21 # 28
	22 # 55
	23 # 9
	24 # 50
	25 # 24
	26 # 23
	27 # 43
Timestep 5:
	0 # 45
	1 # 3
	2 # 6
	3 # 46
	4 # 8
	5 # 12
	6 # 37
	7 # 2
	8 # 26
	9 # 28
	10 # 30
	11 # 31
	12 # 38
	13 # 33
	14 # 0
	15 # 1
	16 # 17
	17 # 52
	18 # 39
	19 # 18
	20 # 16
	21 # 27
	22 # 55
	23 # 10
	24 # 50
	25 # 25
	26 # 23
	27 # 36
Timestep 6:
	0 # 38
	1 # 9
	2 # 5
	3 # 45
	4 # 8
	5 # 12
	6 # 37
	7 # 3
	8 # 25
	9 # 21
	10 # 29
	11 # 23
	12 # 31
	13 # 33
	14 # 0
	15 # 7
	16 # 17
	17 # 53
	18 # 46
	19 # 18
	20 # 22
	21 # 28
	22 # 47
	23 # 11
	24 # 51
	25 # 19
	26 # 24
	27 # 35
Timestep 7:
	0 # 31
	1 # 8
	2 # 13
	3 # 44
	4 # 7
	5 # 12
	6 # 38
	7 # 4
	8 # 25
	9 # 14
	10 # 28
	11 # 22
	12 # 23
	13 # 40
	14 # 1
	15 # 6
	16 # 9
	17 # 46
	18 # 45
	19 # 17
	20 # 30
	21 # 21
	22 # 55
	23 # 19
	24 # 51
	25 # 18
	26 # 32
	27 # 27
Timestep 8:
	0 # 23
	1 # 7
	2 # 14
	3 # 45
	4 # 6
	5 # 12
	6 # 31
	7 # 10
	8 # 19
	9 # 15
	10 # 36
	11 # 16
	12 # 22
	13 # 39
	14 # 2
	15 # 0
	16 # 9
	17 # 46
	18 # 38
	19 # 17
	20 # 37
	21 # 28
	22 # 55
	23 # 20
	24 # 52
	25 # 24
	26 # 33
	27 # 27
Timestep 9:
	0 # 17
	1 # 6
	2 # 21
	3 # 45
	4 # 5
	5 # 20
	6 # 32
	7 # 18
	8 # 11
	9 # 15
	10 # 43
	11 # 8
	12 # 30
	13 # 38
	14 # 3
	15 # 0
	16 # 10
	17 # 39
	18 # 37
	19 # 16
	20 # 44
	21 # 28
	22 # 55
	23 # 26
	24 # 53
	25 # 23
	26 # 40
	27 # 27
Timestep 10:
	0 # 9
	1 # 5
	2 # 21
	3 # 44
	4 # 13
	5 # 26
	6 # 33
	7 # 24
	8 # 12
	9 # 15
	10 # 42
	11 # 2
	12 # 29
	13 # 37
	14 # 4
	15 # 6
	16 # 11
	17 # 32
	18 # 30
	19 # 16
	20 # 51
	21 # 36
	22 # 47
	23 # 34
	24 # 46
	25 # 31
	26 # 41
	27 # 27

