Solution makespan:9
Timestep 0:
	0 # 45
	1 # 29
	2 # 11
	3 # 14
	4 # 51
	5 # 4
	6 # 2
	7 # 49
Timestep 1:
	0 # 45
	1 # 37
	2 # 17
	3 # 20
	4 # 44
	5 # 4
	6 # 10
	7 # 42
Timestep 2:
	0 # 44
	1 # 45
	2 # 17
	3 # 28
	4 # 36
	5 # 3
	6 # 11
	7 # 34
Timestep 3:
	0 # 36
	1 # 44
	2 # 25
	3 # 27
	4 # 28
	5 # 4
	6 # 17
	7 # 26
Timestep 4:
	0 # 35
	1 # 43
	2 # 24
	3 # 27
	4 # 20
	5 # 12
	6 # 25
	7 # 18
Timestep 5:
	0 # 27
	1 # 42
	2 # 23
	3 # 26
	4 # 14
	5 # 12
	6 # 33
	7 # 17
Timestep 6:
	0 # 19
	1 # 41
	2 # 22
	3 # 25
	4 # 6
	5 # 18
	6 # 34
	7 # 11
Timestep 7:
	0 # 27
	1 # 33
	2 # 30
	3 # 17
	4 # 5
	5 # 26
	6 # 35
	7 # 11
Timestep 8:
	0 # 28
	1 # 34
	2 # 30
	3 # 11
	4 # 4
	5 # 27
	6 # 35
	7 # 10
Timestep 9:
	0 # 28
	1 # 33
	2 # 38
	3 # 17
	4 # 3
	5 # 26
	6 # 36
	7 # 9

