Solution makespan:9
Timestep 0:
	0 # 54
	1 # 22
	2 # 4
	3 # 6
	4 # 8
	5 # 45
	6 # 12
	7 # 18
Timestep 1:
	0 # 54
	1 # 22
	2 # 12
	3 # 14
	4 # 8
	5 # 44
	6 # 19
	7 # 24
Timestep 2:
	0 # 53
	1 # 22
	2 # 11
	3 # 20
	4 # 0
	5 # 37
	6 # 19
	7 # 18
Timestep 3:
	0 # 52
	1 # 29
	2 # 3
	3 # 27
	4 # 0
	5 # 30
	6 # 12
	7 # 24
Timestep 4:
	0 # 51
	1 # 22
	2 # 4
	3 # 26
	4 # 0
	5 # 23
	6 # 13
	7 # 31
Timestep 5:
	0 # 45
	1 # 23
	2 # 12
	3 # 32
	4 # 1
	5 # 17
	6 # 14
	7 # 38
Timestep 6:
	0 # 44
	1 # 17
	2 # 12
	3 # 39
	4 # 1
	5 # 10
	6 # 20
	7 # 45
Timestep 7:
	0 # 37
	1 # 23
	2 # 4
	3 # 47
	4 # 2
	5 # 9
	6 # 20
	7 # 44
Timestep 8:
	0 # 37
	1 # 22
	2 # 3
	3 # 46
	4 # 10
	5 # 8
	6 # 27
	7 # 43
Timestep 9:
	0 # 30
	1 # 22
	2 # 2
	3 # 45
	4 # 11
	5 # 8
	6 # 27
	7 # 43

