Solution makespan:11
Timestep 0:
	0 # 16
	1 # 54
	2 # 52
	3 # 43
	4 # 44
	5 # 2
	6 # 5
	7 # 21
	8 # 38
	9 # 41
	10 # 30
	11 # 28
	12 # 15
	13 # 56
	14 # 14
	15 # 49
	16 # 20
	17 # 36
	18 # 6
	19 # 4
	20 # 42
	21 # 55
	22 # 3
	23 # 48
	24 # 46
	25 # 26
	26 # 35
	27 # 33
	28 # 50
	29 # 22
	30 # 7
	31 # 27
Timestep 1:
	0 # 17
	1 # 46
	2 # 53
	3 # 35
	4 # 44
	5 # 10
	6 # 13
	7 # 20
	8 # 32
	9 # 41
	10 # 36
	11 # 28
	12 # 7
	13 # 55
	14 # 15
	15 # 49
	16 # 12
	17 # 37
	18 # 6
	19 # 3
	20 # 43
	21 # 54
	22 # 11
	23 # 56
	24 # 39
	25 # 27
	26 # 29
	27 # 33
	28 # 51
	29 # 22
	30 # 8
	31 # 21
Timestep 2:
	0 # 9
	1 # 39
	2 # 54
	3 # 35
	4 # 45
	5 # 18
	6 # 12
	7 # 20
	8 # 24
	9 # 48
	10 # 37
	11 # 29
	12 # 15
	13 # 47
	14 # 16
	15 # 42
	16 # 11
	17 # 31
	18 # 14
	19 # 2
	20 # 44
	21 # 46
	22 # 3
	23 # 56
	24 # 38
	25 # 34
	26 # 30
	27 # 26
	28 # 52
	29 # 22
	30 # 8
	31 # 13
Timestep 3:
	0 # 9
	1 # 38
	2 # 55
	3 # 35
	4 # 52
	5 # 19
	6 # 11
	7 # 12
	8 # 25
	9 # 47
	10 # 36
	11 # 29
	12 # 7
	13 # 40
	14 # 17
	15 # 43
	16 # 3
	17 # 23
	18 # 6
	19 # 10
	20 # 44
	21 # 39
	22 # 4
	23 # 48
	24 # 37
	25 # 41
	26 # 31
	27 # 20
	28 # 53
	29 # 28
	30 # 16
	31 # 5
Timestep 4:
	0 # 8
	1 # 37
	2 # 56
	3 # 35
	4 # 52
	5 # 20
	6 # 10
	7 # 11
	8 # 26
	9 # 55
	10 # 36
	11 # 28
	12 # 7
	13 # 33
	14 # 18
	15 # 44
	16 # 2
	17 # 24
	18 # 6
	19 # 9
	20 # 45
	21 # 38
	22 # 3
	23 # 41
	24 # 31
	25 # 40
	26 # 32
	27 # 12
	28 # 54
	29 # 22
	30 # 17
	31 # 4
Timestep 5:
	0 # 16
	1 # 36
	2 # 48
	3 # 29
	4 # 45
	5 # 21
	6 # 2
	7 # 10
	8 # 27
	9 # 47
	10 # 35
	11 # 28
	12 # 8
	13 # 26
	14 # 19
	15 # 51
	16 # 1
	17 # 25
	18 # 6
	19 # 17
	20 # 37
	21 # 32
	22 # 3
	23 # 34
	24 # 30
	25 # 40
	26 # 24
	27 # 12
	28 # 46
	29 # 14
	30 # 23
	31 # 5
Timestep 6:
	0 # 16
	1 # 44
	2 # 56
	3 # 29
	4 # 37
	5 # 21
	6 # 1
	7 # 10
	8 # 34
	9 # 40
	10 # 43
	11 # 22
	12 # 9
	13 # 25
	14 # 20
	15 # 52
	16 # 0
	17 # 19
	18 # 7
	19 # 23
	20 # 38
	21 # 24
	22 # 11
	23 # 41
	24 # 36
	25 # 39
	26 # 18
	27 # 4
	28 # 47
	29 # 6
	30 # 31
	31 # 13
Timestep 7:
	0 # 17
	1 # 45
	2 # 55
	3 # 35
	4 # 38
	5 # 27
	6 # 0
	7 # 9
	8 # 41
	9 # 39
	10 # 43
	11 # 28
	12 # 1
	13 # 24
	14 # 26
	15 # 53
	16 # 8
	17 # 25
	18 # 7
	19 # 31
	20 # 32
	21 # 18
	22 # 12
	23 # 48
	24 # 44
	25 # 46
	26 # 10
	27 # 5
	28 # 40
	29 # 14
	30 # 30
	31 # 13
Timestep 8:
	0 # 16
	1 # 37
	2 # 54
	3 # 43
	4 # 32
	5 # 34
	6 # 0
	7 # 17
	8 # 48
	9 # 38
	10 # 50
	11 # 29
	12 # 2
	13 # 23
	14 # 27
	15 # 53
	16 # 8
	17 # 19
	18 # 6
	19 # 30
	20 # 24
	21 # 10
	22 # 20
	23 # 56
	24 # 45
	25 # 47
	26 # 11
	27 # 13
	28 # 33
	29 # 22
	30 # 36
	31 # 21
Timestep 9:
	0 # 16
	1 # 38
	2 # 46
	3 # 50
	4 # 24
	5 # 41
	6 # 8
	7 # 23
	8 # 47
	9 # 32
	10 # 51
	11 # 35
	12 # 3
	13 # 31
	14 # 34
	15 # 54
	16 # 7
	17 # 11
	18 # 14
	19 # 30
	20 # 18
	21 # 9
	22 # 19
	23 # 55
	24 # 52
	25 # 40
	26 # 12
	27 # 21
	28 # 26
	29 # 28
	30 # 44
	31 # 20
Timestep 10:
	0 # 17
	1 # 39
	2 # 46
	3 # 51
	4 # 25
	5 # 34
	6 # 16
	7 # 24
	8 # 48
	9 # 31
	10 # 44
	11 # 43
	12 # 4
	13 # 30
	14 # 33
	15 # 55
	16 # 15
	17 # 11
	18 # 22
	19 # 36
	20 # 10
	21 # 9
	22 # 20
	23 # 47
	24 # 52
	25 # 41
	26 # 13
	27 # 21
	28 # 27
	29 # 29
	30 # 45
	31 # 12
Timestep 11:
	0 # 18
	1 # 40
	2 # 54
	3 # 44
	4 # 26
	5 # 27
	6 # 17
	7 # 25
	8 # 56
	9 # 37
	10 # 36
	11 # 42
	12 # 12
	13 # 30
	14 # 33
	15 # 55
	16 # 14
	17 # 19
	18 # 28
	19 # 35
	20 # 2
	21 # 9
	22 # 20
	23 # 46
	24 # 51
	25 # 34
	26 # 5
	27 # 13
	28 # 21
	29 # 29
	30 # 52
	31 # 11

