Solution makespan:9
Timestep 0:
	0 # 22
	1 # 5
	2 # 23
	3 # 18
	4 # 56
	5 # 30
	6 # 3
	7 # 39
Timestep 1:
	0 # 29
	1 # 4
	2 # 23
	3 # 17
	4 # 57
	5 # 31
	6 # 2
	7 # 40
Timestep 2:
	0 # 36
	1 # 3
	2 # 30
	3 # 16
	4 # 49
	5 # 32
	6 # 2
	7 # 41
Timestep 3:
	0 # 44
	1 # 10
	2 # 37
	3 # 15
	4 # 42
	5 # 33
	6 # 3
	7 # 48
Timestep 4:
	0 # 45
	1 # 17
	2 # 38
	3 # 23
	4 # 41
	5 # 25
	6 # 4
	7 # 56
Timestep 5:
	0 # 37
	1 # 16
	2 # 46
	3 # 30
	4 # 34
	5 # 26
	6 # 11
	7 # 56
Timestep 6:
	0 # 38
	1 # 24
	2 # 53
	3 # 37
	4 # 26
	5 # 27
	6 # 18
	7 # 48
Timestep 7:
	0 # 38
	1 # 31
	2 # 54
	3 # 36
	4 # 25
	5 # 28
	6 # 19
	7 # 48
Timestep 8:
	0 # 39
	1 # 30
	2 # 55
	3 # 44
	4 # 18
	5 # 28
	6 # 26
	7 # 48
Timestep 9:
	0 # 47
	1 # 37
	2 # 55
	3 # 51
	4 # 17
	5 # 35
	6 # 34
	7 # 41

