Solution makespan:10
Timestep 0:
	0 # 48
	1 # 43
	2 # 47
	3 # 53
	4 # 22
	5 # 11
	6 # 39
	7 # 57
	8 # 32
	9 # 37
	10 # 35
	11 # 25
Timestep 1:
	0 # 48
	1 # 43
	2 # 41
	3 # 54
	4 # 21
	5 # 18
	6 # 32
	7 # 50
	8 # 31
	9 # 30
	10 # 34
	11 # 17
Timestep 2:
	0 # 42
	1 # 43
	2 # 40
	3 # 47
	4 # 20
	5 # 11
	6 # 33
	7 # 57
	8 # 38
	9 # 29
	10 # 26
	11 # 18
Timestep 3:
	0 # 41
	1 # 49
	2 # 40
	3 # 48
	4 # 19
	5 # 11
	6 # 34
	7 # 50
	8 # 39
	9 # 28
	10 # 25
	11 # 18
Timestep 4:
	0 # 40
	1 # 43
	2 # 34
	3 # 49
	4 # 27
	5 # 10
	6 # 35
	7 # 44
	8 # 32
	9 # 36
	10 # 17
	11 # 19
Timestep 5:
	0 # 34
	1 # 42
	2 # 26
	3 # 50
	4 # 27
	5 # 9
	6 # 41
	7 # 43
	8 # 33
	9 # 35
	10 # 10
	11 # 12
Timestep 6:
	0 # 26
	1 # 36
	2 # 18
	3 # 44
	4 # 35
	5 # 16
	6 # 42
	7 # 49
	8 # 32
	9 # 34
	10 # 2
	11 # 13
Timestep 7:
	0 # 25
	1 # 28
	2 # 19
	3 # 37
	4 # 41
	5 # 17
	6 # 43
	7 # 48
	8 # 39
	9 # 33
	10 # 1
	11 # 14
Timestep 8:
	0 # 24
	1 # 28
	2 # 12
	3 # 30
	4 # 41
	5 # 25
	6 # 44
	7 # 47
	8 # 46
	9 # 32
	10 # 0
	11 # 14
Timestep 9:
	0 # 32
	1 # 28
	2 # 4
	3 # 29
	4 # 42
	5 # 25
	6 # 44
	7 # 41
	8 # 46
	9 # 39
	10 # 1
	11 # 13
Timestep 10:
	0 # 32
	1 # 36
	2 # 5
	3 # 29
	4 # 42
	5 # 33
	6 # 37
	7 # 35
	8 # 39
	9 # 38
	10 # 9
	11 # 14

