Solution makespan:12
Timestep 0:
	0 # 12
	1 # 17
	2 # 28
	3 # 20
	4 # 54
	5 # 3
	6 # 23
	7 # 19
	8 # 49
	9 # 27
	10 # 39
	11 # 57
	12 # 8
	13 # 13
	14 # 4
	15 # 9
	16 # 52
	17 # 44
	18 # 32
	19 # 0
Timestep 1:
	0 # 5
	1 # 18
	2 # 36
	3 # 12
	4 # 46
	5 # 4
	6 # 23
	7 # 20
	8 # 41
	9 # 35
	10 # 40
	11 # 57
	12 # 16
	13 # 21
	14 # 11
	15 # 9
	16 # 53
	17 # 43
	18 # 24
	19 # 1
Timestep 2:
	0 # 4
	1 # 19
	2 # 35
	3 # 13
	4 # 45
	5 # 3
	6 # 31
	7 # 21
	8 # 49
	9 # 34
	10 # 41
	11 # 57
	12 # 24
	13 # 29
	14 # 10
	15 # 17
	16 # 53
	17 # 42
	18 # 23
	19 # 8
Timestep 3:
	0 # 11
	1 # 20
	2 # 43
	3 # 13
	4 # 46
	5 # 2
	6 # 39
	7 # 22
	8 # 48
	9 # 33
	10 # 42
	11 # 52
	12 # 25
	13 # 29
	14 # 9
	15 # 17
	16 # 45
	17 # 50
	18 # 15
	19 # 16
Timestep 4:
	0 # 11
	1 # 12
	2 # 51
	3 # 6
	4 # 46
	5 # 3
	6 # 40
	7 # 14
	8 # 47
	9 # 41
	10 # 34
	11 # 53
	12 # 33
	13 # 28
	14 # 8
	15 # 9
	16 # 44
	17 # 56
	18 # 7
	19 # 17
Timestep 5:
	0 # 11
	1 # 13
	2 # 52
	3 # 5
	4 # 38
	5 # 3
	6 # 32
	7 # 22
	8 # 47
	9 # 49
	10 # 26
	11 # 54
	12 # 34
	13 # 20
	14 # 16
	15 # 17
	16 # 44
	17 # 50
	18 # 8
	19 # 25
Timestep 6:
	0 # 10
	1 # 14
	2 # 53
	3 # 4
	4 # 46
	5 # 2
	6 # 40
	7 # 30
	8 # 39
	9 # 41
	10 # 26
	11 # 58
	12 # 42
	13 # 19
	14 # 24
	15 # 25
	16 # 52
	17 # 49
	18 # 7
	19 # 33
Timestep 7:
	0 # 9
	1 # 14
	2 # 53
	3 # 3
	4 # 45
	5 # 1
	6 # 40
	7 # 30
	8 # 39
	9 # 33
	10 # 27
	11 # 58
	12 # 41
	13 # 20
	14 # 32
	15 # 24
	16 # 57
	17 # 48
	18 # 0
	19 # 34
Timestep 8:
	0 # 8
	1 # 22
	2 # 45
	3 # 2
	4 # 44
	5 # 1
	6 # 40
	7 # 38
	8 # 31
	9 # 34
	10 # 19
	11 # 58
	12 # 41
	13 # 20
	14 # 32
	15 # 25
	16 # 52
	17 # 49
	18 # 0
	19 # 42
Timestep 9:
	0 # 7
	1 # 21
	2 # 37
	3 # 2
	4 # 44
	5 # 8
	6 # 39
	7 # 46
	8 # 32
	9 # 35
	10 # 11
	11 # 58
	12 # 42
	13 # 28
	14 # 24
	15 # 25
	16 # 53
	17 # 49
	18 # 0
	19 # 50
Timestep 10:
	0 # 15
	1 # 20
	2 # 45
	3 # 2
	4 # 44
	5 # 7
	6 # 31
	7 # 54
	8 # 24
	9 # 36
	10 # 11
	11 # 58
	12 # 50
	13 # 29
	14 # 16
	15 # 33
	16 # 53
	17 # 48
	18 # 0
	19 # 51
Timestep 11:
	0 # 15
	1 # 19
	2 # 44
	3 # 3
	4 # 36
	5 # 0
	6 # 23
	7 # 53
	8 # 25
	9 # 37
	10 # 12
	11 # 58
	12 # 51
	13 # 30
	14 # 8
	15 # 32
	16 # 45
	17 # 55
	18 # 1
	19 # 52
Timestep 12:
	0 # 23
	1 # 18
	2 # 43
	3 # 10
	4 # 44
	5 # 1
	6 # 24
	7 # 53
	8 # 17
	9 # 45
	10 # 12
	11 # 58
	12 # 52
	13 # 38
	14 # 9
	15 # 31
	16 # 46
	17 # 55
	18 # 2
	19 # 57

