Solution makespan:7
Timestep 0:
	0 # 30
	1 # 44
	2 # 45
	3 # 38
	4 # 42
	5 # 53
	6 # 40
	7 # 32
Timestep 1:
	0 # 31
	1 # 51
	2 # 37
	3 # 46
	4 # 43
	5 # 54
	6 # 39
	7 # 40
Timestep 2:
	0 # 23
	1 # 50
	2 # 30
	3 # 53
	4 # 44
	5 # 55
	6 # 47
	7 # 39
Timestep 3:
	0 # 23
	1 # 49
	2 # 22
	3 # 46
	4 # 45
	5 # 55
	6 # 39
	7 # 38
Timestep 4:
	0 # 24
	1 # 50
	2 # 15
	3 # 47
	4 # 52
	5 # 55
	6 # 39
	7 # 46
Timestep 5:
	0 # 17
	1 # 49
	2 # 9
	3 # 48
	4 # 51
	5 # 55
	6 # 38
	7 # 53
Timestep 6:
	0 # 10
	1 # 50
	2 # 8
	3 # 40
	4 # 44
	5 # 48
	6 # 37
	7 # 54
Timestep 7:
	0 # 4
	1 # 49
	2 # 7
	3 # 48
	4 # 45
	5 # 47
	6 # 38
	7 # 54

