Solution makespan:7
Timestep 0:
	0 # 34
	1 # 45
	2 # 27
	3 # 35
	4 # 8
	5 # 24
	6 # 40
	7 # 20
Timestep 1:
	0 # 27
	1 # 46
	2 # 26
	3 # 28
	4 # 15
	5 # 24
	6 # 34
	7 # 20
Timestep 2:
	0 # 26
	1 # 47
	2 # 25
	3 # 28
	4 # 16
	5 # 32
	6 # 27
	7 # 21
Timestep 3:
	0 # 25
	1 # 48
	2 # 24
	3 # 27
	4 # 17
	5 # 31
	6 # 26
	7 # 20
Timestep 4:
	0 # 24
	1 # 41
	2 # 23
	3 # 26
	4 # 18
	5 # 37
	6 # 25
	7 # 20
Timestep 5:
	0 # 17
	1 # 35
	2 # 16
	3 # 25
	4 # 10
	5 # 44
	6 # 24
	7 # 27
Timestep 6:
	0 # 18
	1 # 28
	2 # 16
	3 # 24
	4 # 11
	5 # 43
	6 # 23
	7 # 27
Timestep 7:
	0 # 19
	1 # 21
	2 # 15
	3 # 23
	4 # 4
	5 # 49
	6 # 16
	7 # 20

