Solution makespan:8
Timestep 0:
	0 # 11
	1 # 46
	2 # 35
	3 # 3
	4 # 13
	5 # 25
	6 # 14
	7 # 9
	8 # 36
	9 # 54
	10 # 42
	11 # 58
Timestep 1:
	0 # 19
	1 # 47
	2 # 34
	3 # 4
	4 # 12
	5 # 24
	6 # 22
	7 # 17
	8 # 35
	9 # 53
	10 # 42
	11 # 57
Timestep 2:
	0 # 27
	1 # 40
	2 # 33
	3 # 4
	4 # 11
	5 # 23
	6 # 21
	7 # 18
	8 # 34
	9 # 54
	10 # 43
	11 # 56
Timestep 3:
	0 # 27
	1 # 32
	2 # 25
	3 # 3
	4 # 10
	5 # 31
	6 # 20
	7 # 26
	8 # 33
	9 # 47
	10 # 35
	11 # 55
Timestep 4:
	0 # 28
	1 # 33
	2 # 24
	3 # 3
	4 # 10
	5 # 31
	6 # 19
	7 # 34
	8 # 25
	9 # 40
	10 # 27
	11 # 48
Timestep 5:
	0 # 36
	1 # 34
	2 # 16
	3 # 11
	4 # 10
	5 # 39
	6 # 18
	7 # 26
	8 # 25
	9 # 32
	10 # 19
	11 # 42
Timestep 6:
	0 # 37
	1 # 35
	2 # 8
	3 # 12
	4 # 2
	5 # 46
	6 # 17
	7 # 18
	8 # 33
	9 # 32
	10 # 11
	11 # 42
Timestep 7:
	0 # 37
	1 # 36
	2 # 1
	3 # 13
	4 # 3
	5 # 39
	6 # 16
	7 # 17
	8 # 41
	9 # 24
	10 # 19
	11 # 34
Timestep 8:
	0 # 29
	1 # 44
	2 # 0
	3 # 14
	4 # 4
	5 # 39
	6 # 15
	7 # 25
	8 # 40
	9 # 24
	10 # 20
	11 # 34

