Solution makespan:6
Timestep 0:
	0 # 3
	1 # 6
	2 # 10
	3 # 8
	4 # 13
	5 # 7
	6 # 4
	7 # 1
Timestep 1:
	0 # 7
	1 # 2
	2 # 6
	3 # 12
	4 # 9
	5 # 11
	6 # 0
	7 # 5
Timestep 2:
	0 # 8
	1 # 3
	2 # 7
	3 # 13
	4 # 9
	5 # 12
	6 # 1
	7 # 4
Timestep 3:
	0 # 8
	1 # 2
	2 # 11
	3 # 9
	4 # 5
	5 # 13
	6 # 0
	7 # 3
Timestep 4:
	0 # 12
	1 # 2
	2 # 11
	3 # 8
	4 # 5
	5 # 9
	6 # 4
	7 # 7
Timestep 5:
	0 # 11
	1 # 3
	2 # 7
	3 # 9
	4 # 4
	5 # 5
	6 # 0
	7 # 6
Timestep 6:
	0 # 12
	1 # 7
	2 # 8
	3 # 13
	4 # 4
	5 # 5
	6 # 1
	7 # 10

