Solution makespan:10
Timestep 0:
	0 # 46
	1 # 26
	2 # 41
	3 # 22
	4 # 31
	5 # 4
	6 # 43
	7 # 57
	8 # 9
	9 # 24
	10 # 36
	11 # 53
	12 # 18
	13 # 39
	14 # 45
	15 # 6
	16 # 38
	17 # 0
	18 # 5
	19 # 52
	20 # 1
	21 # 11
	22 # 37
	23 # 44
	24 # 28
	25 # 21
	26 # 12
	27 # 30
Timestep 1:
	0 # 47
	1 # 26
	2 # 49
	3 # 23
	4 # 32
	5 # 3
	6 # 35
	7 # 58
	8 # 10
	9 # 25
	10 # 36
	11 # 54
	12 # 19
	13 # 39
	14 # 44
	15 # 14
	16 # 38
	17 # 8
	18 # 6
	19 # 45
	20 # 0
	21 # 11
	22 # 37
	23 # 43
	24 # 27
	25 # 29
	26 # 13
	27 # 31
Timestep 2:
	0 # 39
	1 # 25
	2 # 55
	3 # 24
	4 # 40
	5 # 3
	6 # 34
	7 # 59
	8 # 17
	9 # 33
	10 # 35
	11 # 47
	12 # 12
	13 # 38
	14 # 43
	15 # 21
	16 # 30
	17 # 9
	18 # 14
	19 # 37
	20 # 0
	21 # 10
	22 # 36
	23 # 42
	24 # 19
	25 # 28
	26 # 20
	27 # 32
Timestep 3:
	0 # 31
	1 # 24
	2 # 55
	3 # 23
	4 # 48
	5 # 11
	6 # 34
	7 # 59
	8 # 25
	9 # 41
	10 # 27
	11 # 47
	12 # 4
	13 # 46
	14 # 35
	15 # 20
	16 # 30
	17 # 1
	18 # 21
	19 # 29
	20 # 8
	21 # 9
	22 # 44
	23 # 50
	24 # 18
	25 # 36
	26 # 13
	27 # 40
Timestep 4:
	0 # 23
	1 # 32
	2 # 56
	3 # 22
	4 # 49
	5 # 18
	6 # 33
	7 # 52
	8 # 26
	9 # 42
	10 # 35
	11 # 39
	12 # 4
	13 # 53
	14 # 34
	15 # 13
	16 # 31
	17 # 9
	18 # 29
	19 # 28
	20 # 7
	21 # 16
	22 # 45
	23 # 50
	24 # 17
	25 # 37
	26 # 5
	27 # 41
Timestep 5:
	0 # 24
	1 # 31
	2 # 57
	3 # 23
	4 # 55
	5 # 26
	6 # 32
	7 # 45
	8 # 27
	9 # 42
	10 # 34
	11 # 39
	12 # 12
	13 # 46
	14 # 33
	15 # 14
	16 # 30
	17 # 10
	18 # 28
	19 # 20
	20 # 15
	21 # 17
	22 # 44
	23 # 49
	24 # 25
	25 # 36
	26 # 5
	27 # 41
Timestep 6:
	0 # 16
	1 # 31
	2 # 58
	3 # 23
	4 # 56
	5 # 26
	6 # 24
	7 # 37
	8 # 19
	9 # 50
	10 # 34
	11 # 40
	12 # 12
	13 # 46
	14 # 32
	15 # 6
	16 # 30
	17 # 11
	18 # 36
	19 # 21
	20 # 22
	21 # 18
	22 # 45
	23 # 48
	24 # 33
	25 # 35
	26 # 13
	27 # 42
Timestep 7:
	0 # 9
	1 # 39
	2 # 51
	3 # 24
	4 # 57
	5 # 34
	6 # 16
	7 # 29
	8 # 20
	9 # 56
	10 # 33
	11 # 32
	12 # 4
	13 # 47
	14 # 31
	15 # 5
	16 # 30
	17 # 11
	18 # 44
	19 # 14
	20 # 22
	21 # 18
	22 # 37
	23 # 49
	24 # 41
	25 # 35
	26 # 12
	27 # 43
Timestep 8:
	0 # 10
	1 # 38
	2 # 44
	3 # 25
	4 # 58
	5 # 33
	6 # 9
	7 # 21
	8 # 20
	9 # 57
	10 # 32
	11 # 24
	12 # 3
	13 # 48
	14 # 30
	15 # 5
	16 # 22
	17 # 11
	18 # 45
	19 # 14
	20 # 23
	21 # 19
	22 # 29
	23 # 41
	24 # 42
	25 # 34
	26 # 4
	27 # 43
Timestep 9:
	0 # 11
	1 # 46
	2 # 43
	3 # 26
	4 # 51
	5 # 32
	6 # 9
	7 # 20
	8 # 13
	9 # 58
	10 # 24
	11 # 16
	12 # 2
	13 # 49
	14 # 31
	15 # 4
	16 # 15
	17 # 18
	18 # 45
	19 # 6
	20 # 22
	21 # 27
	22 # 21
	23 # 40
	24 # 34
	25 # 33
	26 # 3
	27 # 35
Timestep 10:
	0 # 12
	1 # 53
	2 # 35
	3 # 18
	4 # 52
	5 # 24
	6 # 1
	7 # 20
	8 # 13
	9 # 59
	10 # 16
	11 # 17
	12 # 10
	13 # 55
	14 # 32
	15 # 4
	16 # 7
	17 # 11
	18 # 37
	19 # 6
	20 # 23
	21 # 19
	22 # 14
	23 # 39
	24 # 26
	25 # 25
	26 # 2
	27 # 36

