Solution makespan:9
Timestep 0:
	0 # 18
	1 # 54
	2 # 13
	3 # 29
	4 # 47
	5 # 30
	6 # 19
	7 # 40
Timestep 1:
	0 # 10
	1 # 54
	2 # 12
	3 # 29
	4 # 47
	5 # 31
	6 # 20
	7 # 48
Timestep 2:
	0 # 11
	1 # 54
	2 # 20
	3 # 34
	4 # 39
	5 # 36
	6 # 21
	7 # 47
Timestep 3:
	0 # 12
	1 # 53
	2 # 20
	3 # 34
	4 # 39
	5 # 44
	6 # 28
	7 # 46
Timestep 4:
	0 # 20
	1 # 52
	2 # 19
	3 # 29
	4 # 38
	5 # 45
	6 # 33
	7 # 46
Timestep 5:
	0 # 21
	1 # 53
	2 # 27
	3 # 29
	4 # 39
	5 # 46
	6 # 41
	7 # 38
Timestep 6:
	0 # 28
	1 # 52
	2 # 26
	3 # 34
	4 # 39
	5 # 47
	6 # 40
	7 # 46
Timestep 7:
	0 # 33
	1 # 45
	2 # 32
	3 # 34
	4 # 38
	5 # 48
	6 # 39
	7 # 47
Timestep 8:
	0 # 34
	1 # 37
	2 # 26
	3 # 29
	4 # 39
	5 # 49
	6 # 40
	7 # 48
Timestep 9:
	0 # 42
	1 # 36
	2 # 27
	3 # 29
	4 # 47
	5 # 50
	6 # 39
	7 # 40

