Solution makespan:9
Timestep 0:
	0 # 33
	1 # 43
	2 # 36
	3 # 0
	4 # 16
	5 # 7
	6 # 32
	7 # 35
Timestep 1:
	0 # 33
	1 # 42
	2 # 36
	3 # 6
	4 # 16
	5 # 8
	6 # 31
	7 # 43
Timestep 2:
	0 # 41
	1 # 42
	2 # 35
	3 # 0
	4 # 15
	5 # 16
	6 # 30
	7 # 44
Timestep 3:
	0 # 42
	1 # 43
	2 # 35
	3 # 6
	4 # 20
	5 # 21
	6 # 29
	7 # 45
Timestep 4:
	0 # 43
	1 # 35
	2 # 34
	3 # 14
	4 # 26
	5 # 21
	6 # 28
	7 # 51
Timestep 5:
	0 # 44
	1 # 36
	2 # 42
	3 # 6
	4 # 34
	5 # 20
	6 # 27
	7 # 52
Timestep 6:
	0 # 45
	1 # 37
	2 # 41
	3 # 7
	4 # 35
	5 # 20
	6 # 21
	7 # 46
Timestep 7:
	0 # 46
	1 # 29
	2 # 41
	3 # 8
	4 # 35
	5 # 26
	6 # 16
	7 # 52
Timestep 8:
	0 # 38
	1 # 28
	2 # 48
	3 # 16
	4 # 36
	5 # 27
	6 # 15
	7 # 52
Timestep 9:
	0 # 30
	1 # 27
	2 # 48
	3 # 21
	4 # 36
	5 # 35
	6 # 14
	7 # 51

