Solution makespan:11
Timestep 0:
	0 # 25
	1 # 41
	2 # 34
	3 # 10
	4 # 0
	5 # 47
	6 # 49
	7 # 42
	8 # 2
	9 # 5
	10 # 44
	11 # 32
	12 # 45
	13 # 37
	14 # 8
	15 # 1
	16 # 16
	17 # 46
	18 # 24
	19 # 31
	20 # 43
	21 # 21
	22 # 28
	23 # 13
Timestep 1:
	0 # 20
	1 # 33
	2 # 28
	3 # 10
	4 # 0
	5 # 48
	6 # 41
	7 # 34
	8 # 3
	9 # 5
	10 # 50
	11 # 31
	12 # 51
	13 # 36
	14 # 14
	15 # 2
	16 # 17
	17 # 47
	18 # 24
	19 # 25
	20 # 42
	21 # 21
	22 # 29
	23 # 6
Timestep 2:
	0 # 13
	1 # 27
	2 # 34
	3 # 16
	4 # 1
	5 # 49
	6 # 40
	7 # 35
	8 # 9
	9 # 5
	10 # 50
	11 # 25
	12 # 51
	13 # 44
	14 # 15
	15 # 3
	16 # 11
	17 # 46
	18 # 30
	19 # 20
	20 # 41
	21 # 14
	22 # 29
	23 # 7
Timestep 3:
	0 # 6
	1 # 28
	2 # 42
	3 # 16
	4 # 7
	5 # 41
	6 # 48
	7 # 36
	8 # 10
	9 # 5
	10 # 50
	11 # 20
	12 # 51
	13 # 43
	14 # 22
	15 # 9
	16 # 17
	17 # 38
	18 # 37
	19 # 13
	20 # 40
	21 # 15
	22 # 35
	23 # 8
Timestep 4:
	0 # 0
	1 # 28
	2 # 41
	3 # 10
	4 # 8
	5 # 33
	6 # 49
	7 # 36
	8 # 11
	9 # 4
	10 # 50
	11 # 13
	12 # 51
	13 # 43
	14 # 22
	15 # 9
	16 # 18
	17 # 38
	18 # 45
	19 # 6
	20 # 48
	21 # 16
	22 # 34
	23 # 14
Timestep 5:
	0 # 1
	1 # 29
	2 # 40
	3 # 9
	4 # 14
	5 # 34
	6 # 41
	7 # 44
	8 # 12
	9 # 5
	10 # 50
	11 # 20
	12 # 51
	13 # 43
	14 # 27
	15 # 15
	16 # 17
	17 # 31
	18 # 37
	19 # 7
	20 # 47
	21 # 10
	22 # 42
	23 # 21
Timestep 6:
	0 # 2
	1 # 29
	2 # 39
	3 # 3
	4 # 21
	5 # 35
	6 # 33
	7 # 43
	8 # 18
	9 # 5
	10 # 50
	11 # 25
	12 # 51
	13 # 42
	14 # 28
	15 # 9
	16 # 16
	17 # 32
	18 # 37
	19 # 8
	20 # 47
	21 # 10
	22 # 41
	23 # 22
Timestep 7:
	0 # 1
	1 # 29
	2 # 38
	3 # 2
	4 # 22
	5 # 36
	6 # 34
	7 # 35
	8 # 17
	9 # 4
	10 # 50
	11 # 31
	12 # 51
	13 # 41
	14 # 28
	15 # 3
	16 # 15
	17 # 26
	18 # 45
	19 # 9
	20 # 46
	21 # 16
	22 # 40
	23 # 27
Timestep 8:
	0 # 2
	1 # 23
	2 # 31
	3 # 8
	4 # 27
	5 # 37
	6 # 42
	7 # 29
	8 # 16
	9 # 4
	10 # 50
	11 # 32
	12 # 45
	13 # 40
	14 # 34
	15 # 3
	16 # 9
	17 # 25
	18 # 44
	19 # 10
	20 # 38
	21 # 15
	22 # 48
	23 # 33
Timestep 9:
	0 # 8
	1 # 17
	2 # 25
	3 # 7
	4 # 33
	5 # 36
	6 # 42
	7 # 23
	8 # 16
	9 # 5
	10 # 44
	11 # 39
	12 # 37
	13 # 40
	14 # 35
	15 # 3
	16 # 10
	17 # 26
	18 # 43
	19 # 11
	20 # 31
	21 # 15
	22 # 47
	23 # 41
Timestep 10:
	0 # 9
	1 # 17
	2 # 20
	3 # 1
	4 # 41
	5 # 35
	6 # 34
	7 # 23
	8 # 15
	9 # 4
	10 # 43
	11 # 38
	12 # 36
	13 # 39
	14 # 29
	15 # 2
	16 # 11
	17 # 26
	18 # 42
	19 # 12
	20 # 32
	21 # 22
	22 # 47
	23 # 40
Timestep 11:
	0 # 15
	1 # 18
	2 # 13
	3 # 2
	4 # 49
	5 # 29
	6 # 34
	7 # 17
	8 # 16
	9 # 5
	10 # 35
	11 # 38
	12 # 36
	13 # 32
	14 # 28
	15 # 8
	16 # 12
	17 # 25
	18 # 41
	19 # 4
	20 # 26
	21 # 22
	22 # 39
	23 # 48

