Solution makespan:12
Timestep 0:
	0 # 18
	1 # 7
	2 # 27
	3 # 43
	4 # 0
	5 # 12
	6 # 40
	7 # 53
	8 # 13
	9 # 6
	10 # 1
	11 # 21
	12 # 20
	13 # 19
	14 # 47
	15 # 54
	16 # 11
	17 # 36
	18 # 38
	19 # 28
	20 # 15
	21 # 24
	22 # 44
	23 # 37
	24 # 49
	25 # 16
	26 # 4
	27 # 10
Timestep 1:
	0 # 26
	1 # 14
	2 # 34
	3 # 36
	4 # 0
	5 # 4
	6 # 41
	7 # 48
	8 # 5
	9 # 7
	10 # 2
	11 # 20
	12 # 19
	13 # 13
	14 # 47
	15 # 53
	16 # 17
	17 # 29
	18 # 39
	19 # 35
	20 # 22
	21 # 24
	22 # 38
	23 # 37
	24 # 54
	25 # 9
	26 # 3
	27 # 11
Timestep 2:
	0 # 27
	1 # 21
	2 # 33
	3 # 35
	4 # 8
	5 # 4
	6 # 41
	7 # 49
	8 # 5
	9 # 14
	10 # 2
	11 # 28
	12 # 18
	13 # 19
	14 # 48
	15 # 53
	16 # 25
	17 # 36
	18 # 39
	19 # 42
	20 # 22
	21 # 24
	22 # 30
	23 # 38
	24 # 54
	25 # 9
	26 # 11
	27 # 12
Timestep 3:
	0 # 27
	1 # 29
	2 # 32
	3 # 34
	4 # 8
	5 # 4
	6 # 47
	7 # 43
	8 # 13
	9 # 21
	10 # 3
	11 # 35
	12 # 17
	13 # 20
	14 # 49
	15 # 53
	16 # 26
	17 # 36
	18 # 39
	19 # 41
	20 # 15
	21 # 24
	22 # 23
	23 # 30
	24 # 54
	25 # 10
	26 # 11
	27 # 18
Timestep 4:
	0 # 26
	1 # 29
	2 # 31
	3 # 34
	4 # 15
	5 # 5
	6 # 48
	7 # 36
	8 # 12
	9 # 20
	10 # 4
	11 # 42
	12 # 18
	13 # 28
	14 # 43
	15 # 54
	16 # 33
	17 # 35
	18 # 45
	19 # 47
	20 # 22
	21 # 25
	22 # 16
	23 # 23
	24 # 49
	25 # 2
	26 # 10
	27 # 19
Timestep 5:
	0 # 25
	1 # 29
	2 # 30
	3 # 33
	4 # 15
	5 # 5
	6 # 53
	7 # 35
	8 # 11
	9 # 19
	10 # 12
	11 # 42
	12 # 17
	13 # 20
	14 # 36
	15 # 54
	16 # 40
	17 # 28
	18 # 39
	19 # 47
	20 # 22
	21 # 32
	22 # 9
	23 # 16
	24 # 48
	25 # 3
	26 # 2
	27 # 27
Timestep 6:
	0 # 24
	1 # 21
	2 # 23
	3 # 26
	4 # 8
	5 # 6
	6 # 53
	7 # 36
	8 # 11
	9 # 27
	10 # 12
	11 # 43
	12 # 25
	13 # 20
	14 # 29
	15 # 49
	16 # 41
	17 # 28
	18 # 31
	19 # 48
	20 # 15
	21 # 33
	22 # 10
	23 # 9
	24 # 42
	25 # 4
	26 # 3
	27 # 34
Timestep 7:
	0 # 23
	1 # 21
	2 # 22
	3 # 18
	4 # 8
	5 # 7
	6 # 53
	7 # 29
	8 # 11
	9 # 26
	10 # 12
	11 # 49
	12 # 24
	13 # 19
	14 # 28
	15 # 48
	16 # 47
	17 # 27
	18 # 32
	19 # 42
	20 # 16
	21 # 34
	22 # 2
	23 # 1
	24 # 41
	25 # 5
	26 # 4
	27 # 35
Timestep 8:
	0 # 30
	1 # 29
	2 # 23
	3 # 12
	4 # 9
	5 # 14
	6 # 53
	7 # 28
	8 # 17
	9 # 25
	10 # 11
	11 # 54
	12 # 24
	13 # 27
	14 # 20
	15 # 42
	16 # 48
	17 # 26
	18 # 33
	19 # 35
	20 # 16
	21 # 41
	22 # 3
	23 # 2
	24 # 40
	25 # 13
	26 # 5
	27 # 36
Timestep 9:
	0 # 38
	1 # 36
	2 # 22
	3 # 12
	4 # 1
	5 # 21
	6 # 48
	7 # 27
	8 # 25
	9 # 32
	10 # 11
	11 # 53
	12 # 24
	13 # 26
	14 # 20
	15 # 41
	16 # 49
	17 # 18
	18 # 34
	19 # 35
	20 # 23
	21 # 40
	22 # 4
	23 # 3
	24 # 33
	25 # 19
	26 # 13
	27 # 43
Timestep 10:
	0 # 44
	1 # 35
	2 # 22
	3 # 11
	4 # 2
	5 # 29
	6 # 42
	7 # 19
	8 # 24
	9 # 31
	10 # 17
	11 # 48
	12 # 23
	13 # 25
	14 # 21
	15 # 34
	16 # 54
	17 # 12
	18 # 27
	19 # 28
	20 # 30
	21 # 41
	22 # 5
	23 # 4
	24 # 32
	25 # 18
	26 # 13
	27 # 49
Timestep 11:
	0 # 45
	1 # 34
	2 # 15
	3 # 3
	4 # 10
	5 # 36
	6 # 35
	7 # 20
	8 # 23
	9 # 24
	10 # 18
	11 # 47
	12 # 22
	13 # 25
	14 # 21
	15 # 33
	16 # 49
	17 # 11
	18 # 19
	19 # 29
	20 # 38
	21 # 41
	22 # 6
	23 # 5
	24 # 31
	25 # 26
	26 # 12
	27 # 48
Timestep 12:
	0 # 44
	1 # 35
	2 # 8
	3 # 2
	4 # 11
	5 # 43
	6 # 28
	7 # 19
	8 # 30
	9 # 23
	10 # 12
	11 # 47
	12 # 22
	13 # 17
	14 # 21
	15 # 26
	16 # 49
	17 # 3
	18 # 13
	19 # 36
	20 # 38
	21 # 40
	22 # 7
	23 # 6
	24 # 39
	25 # 27
	26 # 4
	27 # 53

