Solution makespan:9
Timestep 0:
	0 # 14
	1 # 6
	2 # 1
	3 # 57
	4 # 37
	5 # 43
	6 # 29
	7 # 16
Timestep 1:
	0 # 21
	1 # 13
	2 # 8
	3 # 49
	4 # 38
	5 # 44
	6 # 30
	7 # 15
Timestep 2:
	0 # 22
	1 # 20
	2 # 16
	3 # 48
	4 # 38
	5 # 44
	6 # 23
	7 # 14
Timestep 3:
	0 # 23
	1 # 28
	2 # 15
	3 # 56
	4 # 30
	5 # 36
	6 # 16
	7 # 13
Timestep 4:
	0 # 30
	1 # 35
	2 # 14
	3 # 57
	4 # 31
	5 # 37
	6 # 8
	7 # 20
Timestep 5:
	0 # 29
	1 # 43
	2 # 7
	3 # 57
	4 # 24
	5 # 38
	6 # 9
	7 # 21
Timestep 6:
	0 # 37
	1 # 44
	2 # 7
	3 # 49
	4 # 23
	5 # 38
	6 # 10
	7 # 20
Timestep 7:
	0 # 36
	1 # 51
	2 # 6
	3 # 48
	4 # 16
	5 # 30
	6 # 3
	7 # 28
Timestep 8:
	0 # 44
	1 # 52
	2 # 13
	3 # 47
	4 # 16
	5 # 31
	6 # 4
	7 # 35
Timestep 9:
	0 # 44
	1 # 51
	2 # 20
	3 # 46
	4 # 15
	5 # 24
	6 # 5
	7 # 43

