Solution makespan:11
Timestep 0:
	0 # 40
	1 # 53
	2 # 7
	3 # 52
	4 # 43
	5 # 39
	6 # 25
	7 # 3
	8 # 14
	9 # 47
	10 # 0
	11 # 28
	12 # 8
	13 # 38
	14 # 44
	15 # 20
	16 # 21
	17 # 18
	18 # 5
	19 # 12
	20 # 22
	21 # 42
	22 # 32
	23 # 4
Timestep 1:
	0 # 40
	1 # 53
	2 # 7
	3 # 51
	4 # 49
	5 # 38
	6 # 19
	7 # 3
	8 # 15
	9 # 48
	10 # 1
	11 # 34
	12 # 9
	13 # 46
	14 # 44
	15 # 20
	16 # 27
	17 # 18
	18 # 6
	19 # 13
	20 # 23
	21 # 42
	22 # 33
	23 # 10
Timestep 2:
	0 # 47
	1 # 53
	2 # 13
	3 # 51
	4 # 50
	5 # 37
	6 # 18
	7 # 4
	8 # 16
	9 # 48
	10 # 2
	11 # 35
	12 # 8
	13 # 46
	14 # 43
	15 # 12
	16 # 28
	17 # 17
	18 # 5
	19 # 21
	20 # 15
	21 # 41
	22 # 32
	23 # 9
Timestep 3:
	0 # 40
	1 # 53
	2 # 21
	3 # 50
	4 # 44
	5 # 30
	6 # 17
	7 # 3
	8 # 16
	9 # 48
	10 # 2
	11 # 35
	12 # 15
	13 # 45
	14 # 43
	15 # 12
	16 # 22
	17 # 24
	18 # 4
	19 # 27
	20 # 23
	21 # 42
	22 # 32
	23 # 10
Timestep 4:
	0 # 32
	1 # 53
	2 # 27
	3 # 50
	4 # 36
	5 # 31
	6 # 10
	7 # 9
	8 # 17
	9 # 47
	10 # 8
	11 # 43
	12 # 15
	13 # 45
	14 # 42
	15 # 20
	16 # 22
	17 # 30
	18 # 3
	19 # 28
	20 # 23
	21 # 34
	22 # 26
	23 # 4
Timestep 5:
	0 # 33
	1 # 52
	2 # 26
	3 # 44
	4 # 29
	5 # 30
	6 # 9
	7 # 16
	8 # 17
	9 # 48
	10 # 15
	11 # 49
	12 # 14
	13 # 51
	14 # 41
	15 # 21
	16 # 22
	17 # 37
	18 # 3
	19 # 34
	20 # 23
	21 # 35
	22 # 20
	23 # 10
Timestep 6:
	0 # 34
	1 # 52
	2 # 27
	3 # 45
	4 # 30
	5 # 24
	6 # 3
	7 # 9
	8 # 16
	9 # 48
	10 # 8
	11 # 50
	12 # 13
	13 # 51
	14 # 40
	15 # 22
	16 # 28
	17 # 38
	18 # 2
	19 # 42
	20 # 15
	21 # 36
	22 # 12
	23 # 17
Timestep 7:
	0 # 35
	1 # 51
	2 # 27
	3 # 45
	4 # 24
	5 # 17
	6 # 2
	7 # 10
	8 # 15
	9 # 41
	10 # 9
	11 # 49
	12 # 21
	13 # 50
	14 # 32
	15 # 22
	16 # 34
	17 # 31
	18 # 1
	19 # 43
	20 # 14
	21 # 37
	22 # 12
	23 # 16
Timestep 8:
	0 # 36
	1 # 50
	2 # 28
	3 # 46
	4 # 17
	5 # 16
	6 # 1
	7 # 4
	8 # 8
	9 # 40
	10 # 10
	11 # 43
	12 # 20
	13 # 49
	14 # 26
	15 # 22
	16 # 35
	17 # 31
	18 # 0
	19 # 44
	20 # 13
	21 # 45
	22 # 12
	23 # 15
Timestep 9:
	0 # 29
	1 # 50
	2 # 34
	3 # 46
	4 # 18
	5 # 16
	6 # 1
	7 # 4
	8 # 8
	9 # 32
	10 # 17
	11 # 42
	12 # 20
	13 # 49
	14 # 26
	15 # 28
	16 # 43
	17 # 31
	18 # 7
	19 # 45
	20 # 21
	21 # 51
	22 # 13
	23 # 23
Timestep 10:
	0 # 30
	1 # 49
	2 # 35
	3 # 38
	4 # 19
	5 # 16
	6 # 0
	7 # 10
	8 # 2
	9 # 40
	10 # 18
	11 # 41
	12 # 12
	13 # 43
	14 # 20
	15 # 34
	16 # 44
	17 # 31
	18 # 13
	19 # 46
	20 # 27
	21 # 51
	22 # 14
	23 # 22
Timestep 11:
	0 # 24
	1 # 50
	2 # 36
	3 # 37
	4 # 11
	5 # 15
	6 # 7
	7 # 4
	8 # 1
	9 # 47
	10 # 19
	11 # 33
	12 # 13
	13 # 35
	14 # 20
	15 # 34
	16 # 45
	17 # 30
	18 # 21
	19 # 52
	20 # 26
	21 # 51
	22 # 22
	23 # 28

