Solution makespan:12
Timestep 0:
	0 # 49
	1 # 48
	2 # 30
	3 # 22
	4 # 17
	5 # 32
	6 # 24
	7 # 51
	8 # 11
	9 # 16
	10 # 42
	11 # 56
	12 # 27
	13 # 4
	14 # 47
	15 # 23
	16 # 46
	17 # 35
	18 # 6
	19 # 52
	20 # 31
	21 # 39
	22 # 54
	23 # 37
Timestep 1:
	0 # 42
	1 # 55
	2 # 22
	3 # 16
	4 # 17
	5 # 33
	6 # 24
	7 # 50
	8 # 12
	9 # 8
	10 # 43
	11 # 49
	12 # 26
	13 # 5
	14 # 40
	15 # 23
	16 # 38
	17 # 34
	18 # 14
	19 # 45
	20 # 30
	21 # 31
	22 # 53
	23 # 29
Timestep 2:
	0 # 42
	1 # 56
	2 # 16
	3 # 15
	4 # 24
	5 # 34
	6 # 23
	7 # 49
	8 # 18
	9 # 8
	10 # 44
	11 # 48
	12 # 25
	13 # 5
	14 # 40
	15 # 22
	16 # 30
	17 # 26
	18 # 13
	19 # 45
	20 # 29
	21 # 32
	22 # 46
	23 # 21
Timestep 3:
	0 # 34
	1 # 57
	2 # 8
	3 # 7
	4 # 23
	5 # 35
	6 # 31
	7 # 48
	8 # 18
	9 # 9
	10 # 44
	11 # 47
	12 # 33
	13 # 12
	14 # 32
	15 # 16
	16 # 30
	17 # 27
	18 # 19
	19 # 37
	20 # 21
	21 # 24
	22 # 38
	23 # 15
Timestep 4:
	0 # 42
	1 # 50
	2 # 1
	3 # 0
	4 # 31
	5 # 36
	6 # 39
	7 # 47
	8 # 26
	9 # 10
	10 # 43
	11 # 40
	12 # 41
	13 # 13
	14 # 33
	15 # 8
	16 # 22
	17 # 28
	18 # 18
	19 # 29
	20 # 21
	21 # 25
	22 # 30
	23 # 15
Timestep 5:
	0 # 41
	1 # 50
	2 # 2
	3 # 1
	4 # 23
	5 # 44
	6 # 38
	7 # 40
	8 # 27
	9 # 11
	10 # 35
	11 # 39
	12 # 48
	13 # 19
	14 # 34
	15 # 9
	16 # 16
	17 # 36
	18 # 26
	19 # 30
	20 # 21
	21 # 33
	22 # 22
	23 # 7
Timestep 6:
	0 # 42
	1 # 57
	2 # 3
	3 # 2
	4 # 24
	5 # 51
	6 # 46
	7 # 39
	8 # 28
	9 # 12
	10 # 43
	11 # 38
	12 # 47
	13 # 18
	14 # 35
	15 # 10
	16 # 8
	17 # 44
	18 # 25
	19 # 31
	20 # 29
	21 # 41
	22 # 16
	23 # 0
Timestep 7:
	0 # 42
	1 # 58
	2 # 4
	3 # 3
	4 # 23
	5 # 50
	6 # 46
	7 # 39
	8 # 28
	9 # 18
	10 # 35
	11 # 37
	12 # 47
	13 # 26
	14 # 36
	15 # 17
	16 # 9
	17 # 43
	18 # 24
	19 # 32
	20 # 30
	21 # 48
	22 # 8
	23 # 7
Timestep 8:
	0 # 34
	1 # 51
	2 # 5
	3 # 4
	4 # 22
	5 # 50
	6 # 46
	7 # 38
	8 # 36
	9 # 26
	10 # 43
	11 # 29
	12 # 40
	13 # 25
	14 # 44
	15 # 24
	16 # 9
	17 # 42
	18 # 23
	19 # 33
	20 # 31
	21 # 49
	22 # 8
	23 # 0
Timestep 9:
	0 # 33
	1 # 44
	2 # 12
	3 # 5
	4 # 30
	5 # 51
	6 # 45
	7 # 46
	8 # 35
	9 # 27
	10 # 43
	11 # 21
	12 # 32
	13 # 24
	14 # 36
	15 # 23
	16 # 10
	17 # 42
	18 # 22
	19 # 41
	20 # 31
	21 # 49
	22 # 9
	23 # 7
Timestep 10:
	0 # 33
	1 # 36
	2 # 13
	3 # 12
	4 # 38
	5 # 44
	6 # 45
	7 # 53
	8 # 34
	9 # 35
	10 # 50
	11 # 15
	12 # 31
	13 # 25
	14 # 28
	15 # 22
	16 # 17
	17 # 41
	18 # 21
	19 # 48
	20 # 39
	21 # 42
	22 # 10
	23 # 8
Timestep 11:
	0 # 32
	1 # 28
	2 # 19
	3 # 13
	4 # 46
	5 # 36
	6 # 45
	7 # 52
	8 # 33
	9 # 43
	10 # 51
	11 # 15
	12 # 23
	13 # 26
	14 # 27
	15 # 30
	16 # 24
	17 # 40
	18 # 29
	19 # 55
	20 # 39
	21 # 34
	22 # 11
	23 # 8
Timestep 12:
	0 # 31
	1 # 27
	2 # 19
	3 # 14
	4 # 46
	5 # 28
	6 # 52
	7 # 53
	8 # 41
	9 # 50
	10 # 58
	11 # 21
	12 # 24
	13 # 26
	14 # 35
	15 # 38
	16 # 25
	17 # 47
	18 # 37
	19 # 55
	20 # 40
	21 # 33
	22 # 12
	23 # 1

