Solution makespan:9
Timestep 0:
	0 # 55
	1 # 14
	2 # 13
	3 # 39
	4 # 54
	5 # 49
	6 # 17
	7 # 6
	8 # 19
	9 # 8
	10 # 23
	11 # 12
	12 # 45
	13 # 4
	14 # 25
	15 # 11
	16 # 53
	17 # 26
	18 # 16
	19 # 1
	20 # 38
	21 # 10
	22 # 46
	23 # 22
	24 # 37
	25 # 48
	26 # 36
	27 # 2
	28 # 44
	29 # 9
	30 # 43
	31 # 32
Timestep 1:
	0 # 48
	1 # 6
	2 # 5
	3 # 39
	4 # 55
	5 # 50
	6 # 16
	7 # 7
	8 # 20
	9 # 8
	10 # 30
	11 # 11
	12 # 38
	13 # 12
	14 # 24
	15 # 3
	16 # 52
	17 # 25
	18 # 15
	19 # 1
	20 # 37
	21 # 18
	22 # 53
	23 # 14
	24 # 29
	25 # 40
	26 # 35
	27 # 10
	28 # 45
	29 # 17
	30 # 51
	31 # 33
Timestep 2:
	0 # 47
	1 # 6
	2 # 5
	3 # 38
	4 # 56
	5 # 50
	6 # 24
	7 # 8
	8 # 20
	9 # 9
	10 # 29
	11 # 19
	12 # 30
	13 # 13
	14 # 31
	15 # 11
	16 # 45
	17 # 32
	18 # 23
	19 # 0
	20 # 44
	21 # 26
	22 # 54
	23 # 15
	24 # 22
	25 # 41
	26 # 34
	27 # 18
	28 # 46
	29 # 25
	30 # 51
	31 # 40
Timestep 3:
	0 # 46
	1 # 7
	2 # 5
	3 # 30
	4 # 57
	5 # 51
	6 # 31
	7 # 9
	8 # 19
	9 # 10
	10 # 37
	11 # 27
	12 # 23
	13 # 21
	14 # 39
	15 # 12
	16 # 38
	17 # 32
	18 # 22
	19 # 0
	20 # 45
	21 # 33
	22 # 55
	23 # 16
	24 # 14
	25 # 42
	26 # 34
	27 # 17
	28 # 53
	29 # 25
	30 # 58
	31 # 48
Timestep 4:
	0 # 45
	1 # 1
	2 # 13
	3 # 23
	4 # 50
	5 # 51
	6 # 24
	7 # 10
	8 # 18
	9 # 11
	10 # 44
	11 # 34
	12 # 15
	13 # 28
	14 # 46
	15 # 4
	16 # 30
	17 # 31
	18 # 29
	19 # 6
	20 # 52
	21 # 40
	22 # 56
	23 # 8
	24 # 14
	25 # 41
	26 # 33
	27 # 16
	28 # 53
	29 # 26
	30 # 57
	31 # 49
Timestep 5:
	0 # 38
	1 # 1
	2 # 5
	3 # 24
	4 # 42
	5 # 50
	6 # 25
	7 # 18
	8 # 17
	9 # 3
	10 # 44
	11 # 33
	12 # 7
	13 # 36
	14 # 53
	15 # 4
	16 # 29
	17 # 39
	18 # 37
	19 # 0
	20 # 52
	21 # 41
	22 # 56
	23 # 9
	24 # 14
	25 # 34
	26 # 32
	27 # 15
	28 # 54
	29 # 27
	30 # 57
	31 # 49
Timestep 6:
	0 # 30
	1 # 1
	2 # 4
	3 # 25
	4 # 35
	5 # 49
	6 # 26
	7 # 19
	8 # 16
	9 # 11
	10 # 45
	11 # 32
	12 # 15
	13 # 43
	14 # 46
	15 # 12
	16 # 29
	17 # 38
	18 # 44
	19 # 0
	20 # 53
	21 # 42
	22 # 57
	23 # 9
	24 # 6
	25 # 33
	26 # 31
	27 # 14
	28 # 55
	29 # 34
	30 # 50
	31 # 48
Timestep 7:
	0 # 23
	1 # 7
	2 # 3
	3 # 17
	4 # 36
	5 # 56
	6 # 25
	7 # 27
	8 # 24
	9 # 19
	10 # 52
	11 # 31
	12 # 16
	13 # 51
	14 # 53
	15 # 4
	16 # 30
	17 # 38
	18 # 45
	19 # 0
	20 # 54
	21 # 42
	22 # 58
	23 # 10
	24 # 14
	25 # 26
	26 # 39
	27 # 22
	28 # 55
	29 # 35
	30 # 49
	31 # 47
Timestep 8:
	0 # 22
	1 # 8
	2 # 2
	3 # 9
	4 # 28
	5 # 57
	6 # 32
	7 # 34
	8 # 25
	9 # 27
	10 # 45
	11 # 39
	12 # 17
	13 # 51
	14 # 52
	15 # 4
	16 # 23
	17 # 30
	18 # 46
	19 # 6
	20 # 53
	21 # 43
	22 # 58
	23 # 11
	24 # 15
	25 # 18
	26 # 38
	27 # 29
	28 # 56
	29 # 42
	30 # 41
	31 # 48
Timestep 9:
	0 # 14
	1 # 9
	2 # 2
	3 # 10
	4 # 21
	5 # 57
	6 # 33
	7 # 35
	8 # 24
	9 # 27
	10 # 44
	11 # 38
	12 # 18
	13 # 50
	14 # 45
	15 # 4
	16 # 23
	17 # 29
	18 # 47
	19 # 0
	20 # 46
	21 # 36
	22 # 51
	23 # 12
	24 # 16
	25 # 19
	26 # 30
	27 # 37
	28 # 49
	29 # 43
	30 # 34
	31 # 48

