Solution makespan:12
Timestep 0:
	0 # 23
	1 # 24
	2 # 50
	3 # 28
	4 # 15
	5 # 12
	6 # 46
	7 # 5
	8 # 4
	9 # 1
	10 # 2
	11 # 29
	12 # 48
	13 # 20
	14 # 49
	15 # 8
	16 # 32
	17 # 53
	18 # 7
	19 # 45
	20 # 37
	21 # 3
	22 # 19
	23 # 27
	24 # 9
	25 # 13
	26 # 17
	27 # 40
Timestep 1:
	0 # 22
	1 # 31
	2 # 49
	3 # 29
	4 # 15
	5 # 11
	6 # 53
	7 # 5
	8 # 10
	9 # 1
	10 # 2
	11 # 30
	12 # 47
	13 # 19
	14 # 41
	15 # 14
	16 # 33
	17 # 54
	18 # 13
	19 # 44
	20 # 38
	21 # 9
	22 # 18
	23 # 20
	24 # 16
	25 # 12
	26 # 25
	27 # 48
Timestep 2:
	0 # 15
	1 # 31
	2 # 41
	3 # 36
	4 # 14
	5 # 5
	6 # 54
	7 # 6
	8 # 17
	9 # 2
	10 # 3
	11 # 23
	12 # 46
	13 # 18
	14 # 42
	15 # 21
	16 # 34
	17 # 47
	18 # 7
	19 # 43
	20 # 44
	21 # 9
	22 # 26
	23 # 13
	24 # 24
	25 # 11
	26 # 32
	27 # 55
Timestep 3:
	0 # 14
	1 # 24
	2 # 35
	3 # 29
	4 # 8
	5 # 11
	6 # 54
	7 # 6
	8 # 17
	9 # 3
	10 # 4
	11 # 22
	12 # 53
	13 # 26
	14 # 43
	15 # 28
	16 # 39
	17 # 48
	18 # 13
	19 # 51
	20 # 45
	21 # 16
	22 # 33
	23 # 12
	24 # 23
	25 # 10
	26 # 32
	27 # 55
Timestep 4:
	0 # 8
	1 # 25
	2 # 35
	3 # 22
	4 # 0
	5 # 18
	6 # 55
	7 # 7
	8 # 17
	9 # 4
	10 # 5
	11 # 15
	12 # 53
	13 # 33
	14 # 44
	15 # 28
	16 # 39
	17 # 40
	18 # 12
	19 # 50
	20 # 46
	21 # 16
	22 # 32
	23 # 11
	24 # 23
	25 # 9
	26 # 31
	27 # 48
Timestep 5:
	0 # 0
	1 # 26
	2 # 36
	3 # 29
	4 # 1
	5 # 18
	6 # 48
	7 # 13
	8 # 25
	9 # 10
	10 # 6
	11 # 15
	12 # 53
	13 # 33
	14 # 45
	15 # 35
	16 # 34
	17 # 39
	18 # 11
	19 # 50
	20 # 47
	21 # 24
	22 # 31
	23 # 5
	24 # 22
	25 # 16
	26 # 30
	27 # 40
Timestep 6:
	0 # 1
	1 # 18
	2 # 37
	3 # 28
	4 # 2
	5 # 11
	6 # 47
	7 # 13
	8 # 25
	9 # 17
	10 # 6
	11 # 15
	12 # 46
	13 # 26
	14 # 45
	15 # 41
	16 # 33
	17 # 34
	18 # 10
	19 # 51
	20 # 39
	21 # 23
	22 # 38
	23 # 4
	24 # 21
	25 # 24
	26 # 29
	27 # 40
Timestep 7:
	0 # 2
	1 # 19
	2 # 38
	3 # 21
	4 # 3
	5 # 18
	6 # 39
	7 # 7
	8 # 24
	9 # 16
	10 # 12
	11 # 22
	12 # 53
	13 # 25
	14 # 46
	15 # 42
	16 # 26
	17 # 33
	18 # 9
	19 # 43
	20 # 34
	21 # 30
	22 # 44
	23 # 10
	24 # 14
	25 # 23
	26 # 36
	27 # 48
Timestep 8:
	0 # 3
	1 # 12
	2 # 31
	3 # 14
	4 # 4
	5 # 17
	6 # 34
	7 # 6
	8 # 23
	9 # 24
	10 # 11
	11 # 21
	12 # 54
	13 # 25
	14 # 47
	15 # 50
	16 # 18
	17 # 26
	18 # 9
	19 # 44
	20 # 33
	21 # 37
	22 # 45
	23 # 10
	24 # 8
	25 # 22
	26 # 36
	27 # 40
Timestep 9:
	0 # 4
	1 # 13
	2 # 24
	3 # 15
	4 # 5
	5 # 25
	6 # 33
	7 # 7
	8 # 30
	9 # 23
	10 # 10
	11 # 28
	12 # 47
	13 # 32
	14 # 48
	15 # 51
	16 # 11
	17 # 18
	18 # 16
	19 # 45
	20 # 26
	21 # 43
	22 # 46
	23 # 9
	24 # 14
	25 # 29
	26 # 35
	27 # 39
Timestep 10:
	0 # 10
	1 # 13
	2 # 16
	3 # 22
	4 # 6
	5 # 24
	6 # 26
	7 # 7
	8 # 37
	9 # 30
	10 # 9
	11 # 35
	12 # 47
	13 # 33
	14 # 48
	15 # 52
	16 # 5
	17 # 11
	18 # 17
	19 # 45
	20 # 18
	21 # 44
	22 # 53
	23 # 3
	24 # 21
	25 # 36
	26 # 41
	27 # 40
Timestep 11:
	0 # 11
	1 # 7
	2 # 9
	3 # 23
	4 # 12
	5 # 31
	6 # 18
	7 # 6
	8 # 43
	9 # 29
	10 # 3
	11 # 36
	12 # 39
	13 # 34
	14 # 47
	15 # 52
	16 # 4
	17 # 5
	18 # 25
	19 # 45
	20 # 19
	21 # 44
	22 # 54
	23 # 2
	24 # 22
	25 # 42
	26 # 41
	27 # 48
Timestep 12:
	0 # 12
	1 # 7
	2 # 10
	3 # 30
	4 # 13
	5 # 38
	6 # 19
	7 # 5
	8 # 51
	9 # 28
	10 # 2
	11 # 37
	12 # 40
	13 # 39
	14 # 46
	15 # 44
	16 # 3
	17 # 4
	18 # 25
	19 # 45
	20 # 20
	21 # 43
	22 # 47
	23 # 1
	24 # 23
	25 # 50
	26 # 42
	27 # 55

