Solution makespan:9
Timestep 0:
	0 # 37
	1 # 42
	2 # 50
	3 # 11
	4 # 54
	5 # 22
	6 # 4
	7 # 6
	8 # 8
	9 # 45
	10 # 12
	11 # 18
Timestep 1:
	0 # 38
	1 # 43
	2 # 42
	3 # 18
	4 # 48
	5 # 23
	6 # 12
	7 # 6
	8 # 8
	9 # 46
	10 # 13
	11 # 24
Timestep 2:
	0 # 45
	1 # 44
	2 # 43
	3 # 18
	4 # 40
	5 # 17
	6 # 19
	7 # 5
	8 # 9
	9 # 46
	10 # 14
	11 # 31
Timestep 3:
	0 # 44
	1 # 37
	2 # 36
	3 # 11
	4 # 33
	5 # 18
	6 # 25
	7 # 4
	8 # 10
	9 # 45
	10 # 15
	11 # 38
Timestep 4:
	0 # 43
	1 # 38
	2 # 29
	3 # 11
	4 # 27
	5 # 19
	6 # 26
	7 # 3
	8 # 17
	9 # 44
	10 # 21
	11 # 31
Timestep 5:
	0 # 36
	1 # 45
	2 # 22
	3 # 11
	4 # 20
	5 # 12
	6 # 25
	7 # 2
	8 # 23
	9 # 37
	10 # 28
	11 # 38
Timestep 6:
	0 # 29
	1 # 46
	2 # 23
	3 # 12
	4 # 14
	5 # 13
	6 # 24
	7 # 1
	8 # 30
	9 # 44
	10 # 34
	11 # 45
Timestep 7:
	0 # 36
	1 # 46
	2 # 17
	3 # 4
	4 # 6
	5 # 14
	6 # 23
	7 # 2
	8 # 37
	9 # 44
	10 # 41
	11 # 45
Timestep 8:
	0 # 43
	1 # 47
	2 # 10
	3 # 5
	4 # 14
	5 # 15
	6 # 17
	7 # 3
	8 # 36
	9 # 37
	10 # 49
	11 # 38
Timestep 9:
	0 # 44
	1 # 53
	2 # 9
	3 # 6
	4 # 20
	5 # 21
	6 # 18
	7 # 11
	8 # 29
	9 # 30
	10 # 55
	11 # 37

