Solution makespan:8
Timestep 0:
	0 # 47
	1 # 53
	2 # 34
	3 # 54
	4 # 14
	5 # 6
	6 # 1
	7 # 57
	8 # 37
	9 # 43
	10 # 29
	11 # 16
Timestep 1:
	0 # 47
	1 # 45
	2 # 33
	3 # 46
	4 # 21
	5 # 13
	6 # 8
	7 # 49
	8 # 38
	9 # 50
	10 # 30
	11 # 23
Timestep 2:
	0 # 48
	1 # 53
	2 # 33
	3 # 45
	4 # 22
	5 # 14
	6 # 16
	7 # 42
	8 # 39
	9 # 43
	10 # 31
	11 # 30
Timestep 3:
	0 # 47
	1 # 54
	2 # 41
	3 # 38
	4 # 21
	5 # 15
	6 # 23
	7 # 34
	8 # 40
	9 # 35
	10 # 39
	11 # 29
Timestep 4:
	0 # 46
	1 # 55
	2 # 48
	3 # 30
	4 # 21
	5 # 16
	6 # 22
	7 # 33
	8 # 32
	9 # 36
	10 # 40
	11 # 37
Timestep 5:
	0 # 39
	1 # 56
	2 # 41
	3 # 23
	4 # 22
	5 # 8
	6 # 15
	7 # 32
	8 # 25
	9 # 35
	10 # 47
	11 # 37
Timestep 6:
	0 # 39
	1 # 48
	2 # 40
	3 # 16
	4 # 21
	5 # 9
	6 # 22
	7 # 31
	8 # 26
	9 # 43
	10 # 55
	11 # 38
Timestep 7:
	0 # 31
	1 # 41
	2 # 47
	3 # 15
	4 # 14
	5 # 2
	6 # 29
	7 # 30
	8 # 27
	9 # 44
	10 # 56
	11 # 39
Timestep 8:
	0 # 30
	1 # 33
	2 # 55
	3 # 14
	4 # 7
	5 # 3
	6 # 37
	7 # 29
	8 # 19
	9 # 43
	10 # 57
	11 # 38

