Solution makespan:11
Timestep 0:
	0 # 1
	1 # 24
	2 # 28
	3 # 5
	4 # 14
	5 # 59
	6 # 49
	7 # 8
	8 # 18
	9 # 30
	10 # 50
	11 # 3
	12 # 21
	13 # 11
	14 # 43
	15 # 48
	16 # 44
	17 # 40
	18 # 57
	19 # 13
	20 # 52
	21 # 20
	22 # 35
	23 # 42
Timestep 1:
	0 # 8
	1 # 23
	2 # 27
	3 # 13
	4 # 14
	5 # 59
	6 # 41
	7 # 7
	8 # 19
	9 # 31
	10 # 42
	11 # 10
	12 # 21
	13 # 11
	14 # 44
	15 # 49
	16 # 36
	17 # 39
	18 # 58
	19 # 12
	20 # 51
	21 # 20
	22 # 28
	23 # 34
Timestep 2:
	0 # 9
	1 # 31
	2 # 27
	3 # 20
	4 # 6
	5 # 60
	6 # 40
	7 # 8
	8 # 12
	9 # 32
	10 # 34
	11 # 17
	12 # 21
	13 # 10
	14 # 43
	15 # 57
	16 # 35
	17 # 38
	18 # 50
	19 # 11
	20 # 51
	21 # 19
	22 # 29
	23 # 33
Timestep 3:
	0 # 16
	1 # 38
	2 # 19
	3 # 21
	4 # 6
	5 # 52
	6 # 48
	7 # 1
	8 # 4
	9 # 24
	10 # 27
	11 # 25
	12 # 14
	13 # 9
	14 # 44
	15 # 58
	16 # 43
	17 # 37
	18 # 42
	19 # 10
	20 # 50
	21 # 18
	22 # 36
	23 # 26
Timestep 4:
	0 # 17
	1 # 39
	2 # 12
	3 # 29
	4 # 14
	5 # 51
	6 # 40
	7 # 2
	8 # 4
	9 # 16
	10 # 28
	11 # 24
	12 # 13
	13 # 8
	14 # 44
	15 # 59
	16 # 42
	17 # 30
	18 # 34
	19 # 9
	20 # 58
	21 # 26
	22 # 35
	23 # 25
Timestep 5:
	0 # 18
	1 # 38
	2 # 11
	3 # 36
	4 # 13
	5 # 50
	6 # 40
	7 # 9
	8 # 4
	9 # 17
	10 # 20
	11 # 32
	12 # 12
	13 # 7
	14 # 52
	15 # 60
	16 # 42
	17 # 30
	18 # 27
	19 # 8
	20 # 57
	21 # 25
	22 # 28
	23 # 24
Timestep 6:
	0 # 19
	1 # 37
	2 # 10
	3 # 35
	4 # 20
	5 # 42
	6 # 48
	7 # 8
	8 # 5
	9 # 18
	10 # 21
	11 # 39
	12 # 11
	13 # 0
	14 # 51
	15 # 60
	16 # 41
	17 # 22
	18 # 26
	19 # 7
	20 # 56
	21 # 24
	22 # 27
	23 # 23
Timestep 7:
	0 # 12
	1 # 30
	2 # 9
	3 # 36
	4 # 28
	5 # 34
	6 # 56
	7 # 1
	8 # 5
	9 # 19
	10 # 14
	11 # 39
	12 # 11
	13 # 7
	14 # 59
	15 # 60
	16 # 49
	17 # 23
	18 # 33
	19 # 15
	20 # 55
	21 # 32
	22 # 26
	23 # 31
Timestep 8:
	0 # 12
	1 # 31
	2 # 8
	3 # 44
	4 # 35
	5 # 27
	6 # 57
	7 # 2
	8 # 4
	9 # 20
	10 # 6
	11 # 40
	12 # 10
	13 # 15
	14 # 58
	15 # 59
	16 # 49
	17 # 23
	18 # 33
	19 # 22
	20 # 55
	21 # 39
	22 # 26
	23 # 38
Timestep 9:
	0 # 13
	1 # 31
	2 # 1
	3 # 52
	4 # 36
	5 # 19
	6 # 58
	7 # 3
	8 # 4
	9 # 21
	10 # 6
	11 # 39
	12 # 9
	13 # 22
	14 # 50
	15 # 51
	16 # 48
	17 # 24
	18 # 34
	19 # 30
	20 # 55
	21 # 47
	22 # 25
	23 # 38
Timestep 10:
	0 # 20
	1 # 23
	2 # 2
	3 # 52
	4 # 44
	5 # 19
	6 # 59
	7 # 10
	8 # 5
	9 # 21
	10 # 14
	11 # 32
	12 # 8
	13 # 30
	14 # 42
	15 # 43
	16 # 47
	17 # 16
	18 # 35
	19 # 37
	20 # 56
	21 # 46
	22 # 24
	23 # 39
Timestep 11:
	0 # 28
	1 # 22
	2 # 3
	3 # 60
	4 # 44
	5 # 12
	6 # 51
	7 # 11
	8 # 5
	9 # 29
	10 # 13
	11 # 24
	12 # 1
	13 # 31
	14 # 34
	15 # 35
	16 # 46
	17 # 17
	18 # 36
	19 # 45
	20 # 48
	21 # 54
	22 # 23
	23 # 32

