Solution makespan:11
Timestep 0:
	0 # 55
	1 # 30
	2 # 37
	3 # 38
	4 # 50
	5 # 23
	6 # 52
	7 # 46
	8 # 5
	9 # 40
	10 # 14
	11 # 51
	12 # 49
	13 # 21
	14 # 54
	15 # 36
	16 # 26
	17 # 8
	18 # 9
	19 # 32
	20 # 43
	21 # 10
	22 # 42
	23 # 45
	24 # 25
	25 # 44
	26 # 53
	27 # 16
	28 # 27
	29 # 35
	30 # 48
	31 # 2
Timestep 1:
	0 # 55
	1 # 31
	2 # 38
	3 # 32
	4 # 43
	5 # 23
	6 # 51
	7 # 46
	8 # 4
	9 # 39
	10 # 13
	11 # 50
	12 # 49
	13 # 14
	14 # 47
	15 # 28
	16 # 34
	17 # 15
	18 # 10
	19 # 24
	20 # 42
	21 # 11
	22 # 36
	23 # 45
	24 # 26
	25 # 44
	26 # 54
	27 # 17
	28 # 27
	29 # 35
	30 # 41
	31 # 8
Timestep 2:
	0 # 55
	1 # 37
	2 # 32
	3 # 31
	4 # 50
	5 # 24
	6 # 51
	7 # 53
	8 # 3
	9 # 40
	10 # 20
	11 # 49
	12 # 42
	13 # 13
	14 # 39
	15 # 29
	16 # 26
	17 # 14
	18 # 11
	19 # 16
	20 # 36
	21 # 5
	22 # 28
	23 # 46
	24 # 18
	25 # 44
	26 # 47
	27 # 25
	28 # 27
	29 # 35
	30 # 41
	31 # 15
Timestep 3:
	0 # 55
	1 # 45
	2 # 31
	3 # 30
	4 # 43
	5 # 25
	6 # 50
	7 # 52
	8 # 9
	9 # 34
	10 # 19
	11 # 48
	12 # 36
	13 # 7
	14 # 47
	15 # 21
	16 # 18
	17 # 13
	18 # 17
	19 # 10
	20 # 28
	21 # 4
	22 # 20
	23 # 38
	24 # 12
	25 # 51
	26 # 46
	27 # 33
	28 # 27
	29 # 35
	30 # 42
	31 # 22
Timestep 4:
	0 # 55
	1 # 46
	2 # 32
	3 # 29
	4 # 44
	5 # 26
	6 # 49
	7 # 52
	8 # 8
	9 # 40
	10 # 19
	11 # 48
	12 # 28
	13 # 1
	14 # 54
	15 # 22
	16 # 18
	17 # 7
	18 # 17
	19 # 9
	20 # 20
	21 # 5
	22 # 13
	23 # 37
	24 # 11
	25 # 50
	26 # 38
	27 # 39
	28 # 27
	29 # 35
	30 # 43
	31 # 23
Timestep 5:
	0 # 55
	1 # 46
	2 # 33
	3 # 29
	4 # 45
	5 # 34
	6 # 42
	7 # 51
	8 # 15
	9 # 39
	10 # 19
	11 # 49
	12 # 20
	13 # 7
	14 # 53
	15 # 23
	16 # 17
	17 # 6
	18 # 25
	19 # 9
	20 # 21
	21 # 11
	22 # 14
	23 # 37
	24 # 10
	25 # 50
	26 # 32
	27 # 47
	28 # 35
	29 # 36
	30 # 44
	31 # 31
Timestep 6:
	0 # 55
	1 # 53
	2 # 25
	3 # 28
	4 # 37
	5 # 40
	6 # 43
	7 # 50
	8 # 22
	9 # 39
	10 # 27
	11 # 42
	12 # 20
	13 # 13
	14 # 52
	15 # 24
	16 # 11
	17 # 6
	18 # 17
	19 # 3
	20 # 21
	21 # 12
	22 # 15
	23 # 38
	24 # 10
	25 # 49
	26 # 32
	27 # 54
	28 # 41
	29 # 36
	30 # 45
	31 # 23
Timestep 7:
	0 # 55
	1 # 52
	2 # 17
	3 # 27
	4 # 31
	5 # 39
	6 # 44
	7 # 49
	8 # 15
	9 # 38
	10 # 19
	11 # 36
	12 # 13
	13 # 14
	14 # 51
	15 # 25
	16 # 5
	17 # 0
	18 # 16
	19 # 2
	20 # 22
	21 # 18
	22 # 8
	23 # 46
	24 # 4
	25 # 42
	26 # 33
	27 # 53
	28 # 48
	29 # 28
	30 # 37
	31 # 23
Timestep 8:
	0 # 54
	1 # 51
	2 # 16
	3 # 35
	4 # 32
	5 # 39
	6 # 45
	7 # 42
	8 # 14
	9 # 38
	10 # 19
	11 # 28
	12 # 13
	13 # 21
	14 # 50
	15 # 17
	16 # 4
	17 # 0
	18 # 24
	19 # 2
	20 # 15
	21 # 26
	22 # 9
	23 # 53
	24 # 3
	25 # 43
	26 # 25
	27 # 52
	28 # 49
	29 # 27
	30 # 31
	31 # 22
Timestep 9:
	0 # 53
	1 # 50
	2 # 16
	3 # 35
	4 # 33
	5 # 47
	6 # 46
	7 # 36
	8 # 13
	9 # 37
	10 # 20
	11 # 29
	12 # 7
	13 # 14
	14 # 43
	15 # 11
	16 # 5
	17 # 0
	18 # 23
	19 # 2
	20 # 8
	21 # 25
	22 # 10
	23 # 52
	24 # 3
	25 # 44
	26 # 17
	27 # 51
	28 # 42
	29 # 28
	30 # 32
	31 # 30
Timestep 10:
	0 # 53
	1 # 49
	2 # 16
	3 # 41
	4 # 34
	5 # 54
	6 # 47
	7 # 35
	8 # 7
	9 # 38
	10 # 19
	11 # 21
	12 # 6
	13 # 14
	14 # 42
	15 # 5
	16 # 4
	17 # 1
	18 # 22
	19 # 8
	20 # 9
	21 # 24
	22 # 11
	23 # 51
	24 # 3
	25 # 44
	26 # 17
	27 # 50
	28 # 36
	29 # 20
	30 # 33
	31 # 29
Timestep 11:
	0 # 46
	1 # 48
	2 # 17
	3 # 35
	4 # 34
	5 # 55
	6 # 54
	7 # 27
	8 # 1
	9 # 38
	10 # 19
	11 # 29
	12 # 7
	13 # 14
	14 # 41
	15 # 4
	16 # 3
	17 # 0
	18 # 15
	19 # 9
	20 # 10
	21 # 32
	22 # 5
	23 # 50
	24 # 2
	25 # 45
	26 # 11
	27 # 49
	28 # 36
	29 # 13
	30 # 25
	31 # 28

