Solution makespan:8
Timestep 0:
	0 # 40
	1 # 31
	2 # 30
	3 # 24
	4 # 33
	5 # 43
	6 # 36
	7 # 0
	8 # 16
	9 # 7
	10 # 32
	11 # 35
Timestep 1:
	0 # 39
	1 # 30
	2 # 38
	3 # 23
	4 # 34
	5 # 43
	6 # 44
	7 # 1
	8 # 21
	9 # 8
	10 # 32
	11 # 36
Timestep 2:
	0 # 47
	1 # 31
	2 # 46
	3 # 18
	4 # 26
	5 # 44
	6 # 45
	7 # 2
	8 # 27
	9 # 9
	10 # 32
	11 # 37
Timestep 3:
	0 # 46
	1 # 39
	2 # 45
	3 # 11
	4 # 20
	5 # 36
	6 # 37
	7 # 3
	8 # 28
	9 # 10
	10 # 31
	11 # 38
Timestep 4:
	0 # 45
	1 # 47
	2 # 44
	3 # 11
	4 # 15
	5 # 28
	6 # 36
	7 # 4
	8 # 29
	9 # 17
	10 # 30
	11 # 38
Timestep 5:
	0 # 44
	1 # 46
	2 # 36
	3 # 11
	4 # 20
	5 # 29
	6 # 35
	7 # 5
	8 # 37
	9 # 22
	10 # 23
	11 # 39
Timestep 6:
	0 # 43
	1 # 47
	2 # 35
	3 # 10
	4 # 15
	5 # 30
	6 # 27
	7 # 11
	8 # 45
	9 # 29
	10 # 23
	11 # 31
Timestep 7:
	0 # 42
	1 # 39
	2 # 35
	3 # 10
	4 # 15
	5 # 23
	6 # 21
	7 # 12
	8 # 46
	9 # 37
	10 # 22
	11 # 31
Timestep 8:
	0 # 41
	1 # 31
	2 # 27
	3 # 10
	4 # 7
	5 # 18
	6 # 16
	7 # 19
	8 # 38
	9 # 37
	10 # 29
	11 # 24

