Solution makespan:7
Timestep 0:
	0 # 45
	1 # 1
	2 # 43
	3 # 18
	4 # 38
	5 # 7
	6 # 32
	7 # 44
Timestep 1:
	0 # 46
	1 # 8
	2 # 48
	3 # 25
	4 # 39
	5 # 15
	6 # 31
	7 # 51
Timestep 2:
	0 # 47
	1 # 9
	2 # 43
	3 # 32
	4 # 39
	5 # 15
	6 # 24
	7 # 44
Timestep 3:
	0 # 41
	1 # 10
	2 # 35
	3 # 40
	4 # 31
	5 # 16
	6 # 17
	7 # 38
Timestep 4:
	0 # 42
	1 # 10
	2 # 28
	3 # 39
	4 # 32
	5 # 17
	6 # 9
	7 # 30
Timestep 5:
	0 # 43
	1 # 9
	2 # 21
	3 # 38
	4 # 40
	5 # 18
	6 # 8
	7 # 31
Timestep 6:
	0 # 35
	1 # 8
	2 # 21
	3 # 30
	4 # 46
	5 # 25
	6 # 7
	7 # 24
Timestep 7:
	0 # 28
	1 # 7
	2 # 22
	3 # 38
	4 # 45
	5 # 32
	6 # 0
	7 # 17

