Solution makespan:10
Timestep 0:
	0 # 46
	1 # 8
	2 # 26
	3 # 28
	4 # 49
	5 # 41
	6 # 16
	7 # 18
	8 # 22
	9 # 23
	10 # 3
	11 # 56
Timestep 1:
	0 # 38
	1 # 16
	2 # 27
	3 # 28
	4 # 49
	5 # 33
	6 # 15
	7 # 10
	8 # 21
	9 # 23
	10 # 2
	11 # 56
Timestep 2:
	0 # 30
	1 # 17
	2 # 27
	3 # 36
	4 # 48
	5 # 33
	6 # 16
	7 # 18
	8 # 21
	9 # 24
	10 # 7
	11 # 55
Timestep 3:
	0 # 31
	1 # 9
	2 # 28
	3 # 44
	4 # 47
	5 # 34
	6 # 8
	7 # 17
	8 # 22
	9 # 25
	10 # 7
	11 # 49
Timestep 4:
	0 # 32
	1 # 8
	2 # 28
	3 # 36
	4 # 41
	5 # 26
	6 # 3
	7 # 17
	8 # 22
	9 # 33
	10 # 15
	11 # 48
Timestep 5:
	0 # 33
	1 # 7
	2 # 20
	3 # 44
	4 # 40
	5 # 18
	6 # 2
	7 # 16
	8 # 23
	9 # 34
	10 # 15
	11 # 48
Timestep 6:
	0 # 34
	1 # 7
	2 # 28
	3 # 43
	4 # 41
	5 # 17
	6 # 1
	7 # 24
	8 # 31
	9 # 42
	10 # 14
	11 # 49
Timestep 7:
	0 # 35
	1 # 2
	2 # 20
	3 # 42
	4 # 40
	5 # 16
	6 # 0
	7 # 23
	8 # 32
	9 # 34
	10 # 14
	11 # 43
Timestep 8:
	0 # 27
	1 # 1
	2 # 28
	3 # 41
	4 # 39
	5 # 8
	6 # 0
	7 # 22
	8 # 24
	9 # 35
	10 # 15
	11 # 44
Timestep 9:
	0 # 19
	1 # 2
	2 # 28
	3 # 42
	4 # 38
	5 # 8
	6 # 1
	7 # 14
	8 # 25
	9 # 27
	10 # 16
	11 # 36
Timestep 10:
	0 # 11
	1 # 1
	2 # 27
	3 # 42
	4 # 46
	5 # 3
	6 # 0
	7 # 14
	8 # 26
	9 # 19
	10 # 8
	11 # 28

