Solution makespan:11
Timestep 0:
	0 # 44
	1 # 39
	2 # 1
	3 # 22
	4 # 36
	5 # 50
	6 # 31
	7 # 48
	8 # 20
	9 # 10
	10 # 29
	11 # 17
	12 # 11
	13 # 3
	14 # 21
	15 # 5
Timestep 1:
	0 # 38
	1 # 39
	2 # 2
	3 # 14
	4 # 35
	5 # 51
	6 # 37
	7 # 49
	8 # 26
	9 # 9
	10 # 29
	11 # 24
	12 # 19
	13 # 10
	14 # 20
	15 # 4
Timestep 2:
	0 # 44
	1 # 39
	2 # 8
	3 # 7
	4 # 35
	5 # 52
	6 # 38
	7 # 42
	8 # 26
	9 # 17
	10 # 28
	11 # 31
	12 # 18
	13 # 11
	14 # 19
	15 # 4
Timestep 3:
	0 # 43
	1 # 45
	2 # 16
	3 # 0
	4 # 29
	5 # 44
	6 # 39
	7 # 35
	8 # 33
	9 # 17
	10 # 22
	11 # 31
	12 # 25
	13 # 12
	14 # 18
	15 # 3
Timestep 4:
	0 # 51
	1 # 53
	2 # 8
	3 # 0
	4 # 28
	5 # 44
	6 # 45
	7 # 36
	8 # 26
	9 # 24
	10 # 22
	11 # 37
	12 # 32
	13 # 13
	14 # 17
	15 # 3
Timestep 5:
	0 # 52
	1 # 53
	2 # 8
	3 # 0
	4 # 28
	5 # 45
	6 # 46
	7 # 37
	8 # 20
	9 # 25
	10 # 14
	11 # 43
	12 # 38
	13 # 12
	14 # 24
	15 # 10
Timestep 6:
	0 # 52
	1 # 53
	2 # 16
	3 # 1
	4 # 29
	5 # 46
	6 # 47
	7 # 38
	8 # 26
	9 # 25
	10 # 15
	11 # 43
	12 # 44
	13 # 11
	14 # 31
	15 # 9
Timestep 7:
	0 # 53
	1 # 45
	2 # 23
	3 # 2
	4 # 28
	5 # 47
	6 # 54
	7 # 32
	8 # 27
	9 # 18
	10 # 16
	11 # 51
	12 # 44
	13 # 10
	14 # 37
	15 # 17
Timestep 8:
	0 # 52
	1 # 45
	2 # 23
	3 # 1
	4 # 22
	5 # 40
	6 # 54
	7 # 25
	8 # 27
	9 # 19
	10 # 15
	11 # 50
	12 # 38
	13 # 18
	14 # 36
	15 # 24
Timestep 9:
	0 # 52
	1 # 44
	2 # 24
	3 # 2
	4 # 14
	5 # 34
	6 # 54
	7 # 25
	8 # 21
	9 # 20
	10 # 16
	11 # 49
	12 # 38
	13 # 17
	14 # 35
	15 # 31
Timestep 10:
	0 # 52
	1 # 38
	2 # 17
	3 # 2
	4 # 7
	5 # 33
	6 # 54
	7 # 18
	8 # 13
	9 # 21
	10 # 23
	11 # 50
	12 # 39
	13 # 16
	14 # 42
	15 # 37
Timestep 11:
	0 # 44
	1 # 37
	2 # 16
	3 # 2
	4 # 0
	5 # 26
	6 # 54
	7 # 10
	8 # 12
	9 # 27
	10 # 24
	11 # 49
	12 # 45
	13 # 15
	14 # 41
	15 # 43

