Solution makespan:9
Timestep 0:
	0 # 54
	1 # 48
	2 # 15
	3 # 6
	4 # 34
	5 # 11
	6 # 32
	7 # 3
Timestep 1:
	0 # 55
	1 # 40
	2 # 8
	3 # 5
	4 # 33
	5 # 4
	6 # 31
	7 # 2
Timestep 2:
	0 # 48
	1 # 39
	2 # 9
	3 # 4
	4 # 32
	5 # 3
	6 # 30
	7 # 1
Timestep 3:
	0 # 47
	1 # 38
	2 # 9
	3 # 11
	4 # 40
	5 # 2
	6 # 23
	7 # 0
Timestep 4:
	0 # 47
	1 # 38
	2 # 10
	3 # 18
	4 # 48
	5 # 1
	6 # 23
	7 # 8
Timestep 5:
	0 # 46
	1 # 37
	2 # 2
	3 # 25
	4 # 47
	5 # 0
	6 # 24
	7 # 9
Timestep 6:
	0 # 45
	1 # 37
	2 # 3
	3 # 32
	4 # 46
	5 # 1
	6 # 25
	7 # 10
Timestep 7:
	0 # 44
	1 # 29
	2 # 4
	3 # 40
	4 # 45
	5 # 9
	6 # 26
	7 # 16
Timestep 8:
	0 # 43
	1 # 22
	2 # 5
	3 # 48
	4 # 44
	5 # 8
	6 # 33
	7 # 23
Timestep 9:
	0 # 35
	1 # 29
	2 # 6
	3 # 55
	4 # 51
	5 # 7
	6 # 34
	7 # 30

