Solution makespan:10
Timestep 0:
	0 # 20
	1 # 46
	2 # 22
	3 # 5
	4 # 52
	5 # 1
	6 # 30
	7 # 38
	8 # 31
	9 # 27
	10 # 41
	11 # 8
	12 # 28
	13 # 10
	14 # 29
	15 # 24
Timestep 1:
	0 # 20
	1 # 46
	2 # 22
	3 # 4
	4 # 51
	5 # 0
	6 # 25
	7 # 39
	8 # 32
	9 # 26
	10 # 41
	11 # 16
	12 # 21
	13 # 18
	14 # 30
	15 # 17
Timestep 2:
	0 # 13
	1 # 45
	2 # 23
	3 # 12
	4 # 51
	5 # 1
	6 # 30
	7 # 46
	8 # 33
	9 # 27
	10 # 40
	11 # 17
	12 # 20
	13 # 10
	14 # 31
	15 # 9
Timestep 3:
	0 # 12
	1 # 44
	2 # 23
	3 # 19
	4 # 45
	5 # 2
	6 # 30
	7 # 47
	8 # 34
	9 # 26
	10 # 39
	11 # 24
	12 # 13
	13 # 18
	14 # 32
	15 # 9
Timestep 4:
	0 # 11
	1 # 50
	2 # 24
	3 # 27
	4 # 45
	5 # 3
	6 # 31
	7 # 53
	8 # 34
	9 # 25
	10 # 38
	11 # 29
	12 # 12
	13 # 17
	14 # 40
	15 # 2
Timestep 5:
	0 # 10
	1 # 51
	2 # 25
	3 # 26
	4 # 46
	5 # 2
	6 # 32
	7 # 54
	8 # 28
	9 # 18
	10 # 38
	11 # 37
	12 # 11
	13 # 16
	14 # 41
	15 # 9
Timestep 6:
	0 # 3
	1 # 52
	2 # 25
	3 # 31
	4 # 46
	5 # 9
	6 # 33
	7 # 55
	8 # 34
	9 # 18
	10 # 45
	11 # 44
	12 # 10
	13 # 23
	14 # 41
	15 # 17
Timestep 7:
	0 # 2
	1 # 53
	2 # 30
	3 # 39
	4 # 45
	5 # 9
	6 # 34
	7 # 54
	8 # 28
	9 # 10
	10 # 44
	11 # 50
	12 # 3
	13 # 22
	14 # 42
	15 # 24
Timestep 8:
	0 # 1
	1 # 47
	2 # 31
	3 # 46
	4 # 38
	5 # 9
	6 # 28
	7 # 53
	8 # 21
	9 # 18
	10 # 37
	11 # 49
	12 # 2
	13 # 23
	14 # 34
	15 # 25
Timestep 9:
	0 # 8
	1 # 40
	2 # 39
	3 # 45
	4 # 30
	5 # 10
	6 # 21
	7 # 47
	8 # 14
	9 # 17
	10 # 36
	11 # 48
	12 # 1
	13 # 23
	14 # 28
	15 # 26
Timestep 10:
	0 # 8
	1 # 32
	2 # 40
	3 # 44
	4 # 25
	5 # 11
	6 # 21
	7 # 53
	8 # 6
	9 # 16
	10 # 35
	11 # 43
	12 # 0
	13 # 22
	14 # 28
	15 # 27

