Solution makespan:7
Timestep 0:
	0 # 44
	1 # 40
	2 # 57
	3 # 13
	4 # 52
	5 # 20
	6 # 35
	7 # 42
Timestep 1:
	0 # 36
	1 # 41
	2 # 49
	3 # 5
	4 # 51
	5 # 21
	6 # 43
	7 # 34
Timestep 2:
	0 # 29
	1 # 33
	2 # 48
	3 # 13
	4 # 43
	5 # 14
	6 # 35
	7 # 27
Timestep 3:
	0 # 28
	1 # 26
	2 # 49
	3 # 14
	4 # 42
	5 # 6
	6 # 35
	7 # 19
Timestep 4:
	0 # 20
	1 # 27
	2 # 41
	3 # 21
	4 # 42
	5 # 14
	6 # 36
	7 # 18
Timestep 5:
	0 # 20
	1 # 28
	2 # 42
	3 # 21
	4 # 34
	5 # 14
	6 # 35
	7 # 17
Timestep 6:
	0 # 21
	1 # 29
	2 # 43
	3 # 14
	4 # 27
	5 # 13
	6 # 28
	7 # 16
Timestep 7:
	0 # 20
	1 # 29
	2 # 35
	3 # 14
	4 # 19
	5 # 12
	6 # 27
	7 # 9

