Solution makespan:7
Timestep 0:
	0 # 6
	1 # 4
	2 # 7
	3 # 12
	4 # 8
	5 # 11
	6 # 13
	7 # 1
Timestep 1:
	0 # 5
	1 # 0
	2 # 6
	3 # 9
	4 # 4
	5 # 12
	6 # 13
	7 # 2
Timestep 2:
	0 # 4
	1 # 1
	2 # 5
	3 # 6
	4 # 0
	5 # 9
	6 # 12
	7 # 3
Timestep 3:
	0 # 8
	1 # 2
	2 # 1
	3 # 5
	4 # 4
	5 # 6
	6 # 9
	7 # 7
Timestep 4:
	0 # 10
	1 # 3
	2 # 0
	3 # 1
	4 # 8
	5 # 2
	6 # 6
	7 # 7
Timestep 5:
	0 # 11
	1 # 7
	2 # 4
	3 # 1
	4 # 10
	5 # 2
	6 # 5
	7 # 6
Timestep 6:
	0 # 12
	1 # 6
	2 # 8
	3 # 5
	4 # 10
	5 # 3
	6 # 4
	7 # 9
Timestep 7:
	0 # 13
	1 # 2
	2 # 10
	3 # 4
	4 # 11
	5 # 3
	6 # 0
	7 # 12

