Solution makespan:9
Timestep 0:
	0 # 30
	1 # 38
	2 # 20
	3 # 7
	4 # 13
	5 # 37
	6 # 45
	7 # 41
	8 # 58
	9 # 51
	10 # 44
	11 # 52
Timestep 1:
	0 # 29
	1 # 31
	2 # 28
	3 # 6
	4 # 14
	5 # 30
	6 # 37
	7 # 41
	8 # 58
	9 # 50
	10 # 43
	11 # 52
Timestep 2:
	0 # 36
	1 # 30
	2 # 28
	3 # 5
	4 # 15
	5 # 22
	6 # 45
	7 # 34
	8 # 59
	9 # 44
	10 # 43
	11 # 51
Timestep 3:
	0 # 35
	1 # 29
	2 # 27
	3 # 13
	4 # 7
	5 # 30
	6 # 44
	7 # 34
	8 # 60
	9 # 36
	10 # 49
	11 # 45
Timestep 4:
	0 # 43
	1 # 28
	2 # 27
	3 # 13
	4 # 6
	5 # 22
	6 # 44
	7 # 26
	8 # 52
	9 # 29
	10 # 57
	11 # 37
Timestep 5:
	0 # 42
	1 # 35
	2 # 26
	3 # 12
	4 # 14
	5 # 21
	6 # 43
	7 # 25
	8 # 52
	9 # 28
	10 # 49
	11 # 36
Timestep 6:
	0 # 41
	1 # 43
	2 # 25
	3 # 20
	4 # 22
	5 # 13
	6 # 42
	7 # 33
	8 # 51
	9 # 27
	10 # 48
	11 # 29
Timestep 7:
	0 # 34
	1 # 43
	2 # 24
	3 # 28
	4 # 30
	5 # 12
	6 # 48
	7 # 40
	8 # 45
	9 # 19
	10 # 47
	11 # 21
Timestep 8:
	0 # 33
	1 # 49
	2 # 32
	3 # 27
	4 # 30
	5 # 12
	6 # 47
	7 # 40
	8 # 37
	9 # 11
	10 # 46
	11 # 13
Timestep 9:
	0 # 33
	1 # 49
	2 # 39
	3 # 26
	4 # 29
	5 # 4
	6 # 46
	7 # 41
	8 # 30
	9 # 3
	10 # 40
	11 # 21

