Solution makespan:10
Timestep 0:
	0 # 48
	1 # 25
	2 # 22
	3 # 1
	4 # 56
	5 # 43
	6 # 16
	7 # 52
	8 # 23
	9 # 33
	10 # 8
	11 # 53
	12 # 46
	13 # 50
	14 # 54
	15 # 4
	16 # 12
	17 # 55
	18 # 9
	19 # 35
	20 # 20
	21 # 45
	22 # 49
	23 # 17
	24 # 30
	25 # 6
	26 # 13
	27 # 3
	28 # 57
	29 # 18
	30 # 37
	31 # 34
Timestep 1:
	0 # 41
	1 # 17
	2 # 30
	3 # 0
	4 # 57
	5 # 50
	6 # 10
	7 # 44
	8 # 24
	9 # 34
	10 # 15
	11 # 52
	12 # 39
	13 # 49
	14 # 54
	15 # 3
	16 # 19
	17 # 55
	18 # 8
	19 # 35
	20 # 28
	21 # 46
	22 # 48
	23 # 16
	24 # 29
	25 # 5
	26 # 12
	27 # 2
	28 # 58
	29 # 11
	30 # 38
	31 # 26
Timestep 2:
	0 # 33
	1 # 18
	2 # 31
	3 # 7
	4 # 57
	5 # 49
	6 # 10
	7 # 37
	8 # 23
	9 # 35
	10 # 22
	11 # 52
	12 # 38
	13 # 48
	14 # 46
	15 # 2
	16 # 20
	17 # 54
	18 # 9
	19 # 43
	20 # 36
	21 # 47
	22 # 56
	23 # 16
	24 # 21
	25 # 4
	26 # 6
	27 # 1
	28 # 59
	29 # 12
	30 # 45
	31 # 25
Timestep 3:
	0 # 25
	1 # 19
	2 # 32
	3 # 7
	4 # 49
	5 # 42
	6 # 9
	7 # 29
	8 # 31
	9 # 34
	10 # 30
	11 # 53
	12 # 45
	13 # 47
	14 # 39
	15 # 3
	16 # 28
	17 # 55
	18 # 2
	19 # 50
	20 # 35
	21 # 40
	22 # 56
	23 # 10
	24 # 14
	25 # 4
	26 # 5
	27 # 1
	28 # 51
	29 # 12
	30 # 44
	31 # 24
Timestep 4:
	0 # 17
	1 # 20
	2 # 24
	3 # 14
	4 # 42
	5 # 34
	6 # 8
	7 # 21
	8 # 30
	9 # 33
	10 # 38
	11 # 54
	12 # 53
	13 # 46
	14 # 31
	15 # 10
	16 # 36
	17 # 56
	18 # 2
	19 # 49
	20 # 43
	21 # 41
	22 # 48
	23 # 9
	24 # 15
	25 # 5
	26 # 11
	27 # 0
	28 # 59
	29 # 19
	30 # 37
	31 # 23
Timestep 5:
	0 # 17
	1 # 28
	2 # 32
	3 # 21
	4 # 34
	5 # 26
	6 # 1
	7 # 22
	8 # 29
	9 # 33
	10 # 39
	11 # 55
	12 # 52
	13 # 45
	14 # 30
	15 # 16
	16 # 35
	17 # 57
	18 # 3
	19 # 49
	20 # 50
	21 # 42
	22 # 56
	23 # 2
	24 # 15
	25 # 5
	26 # 18
	27 # 7
	28 # 59
	29 # 27
	30 # 38
	31 # 31
Timestep 6:
	0 # 16
	1 # 20
	2 # 33
	3 # 29
	4 # 26
	5 # 18
	6 # 8
	7 # 23
	8 # 37
	9 # 41
	10 # 46
	11 # 55
	12 # 52
	13 # 38
	14 # 22
	15 # 24
	16 # 43
	17 # 49
	18 # 4
	19 # 48
	20 # 58
	21 # 34
	22 # 57
	23 # 9
	24 # 15
	25 # 6
	26 # 17
	27 # 14
	28 # 59
	29 # 35
	30 # 30
	31 # 39
Timestep 7:
	0 # 10
	1 # 13
	2 # 34
	3 # 37
	4 # 18
	5 # 17
	6 # 1
	7 # 24
	8 # 44
	9 # 41
	10 # 47
	11 # 54
	12 # 53
	13 # 38
	14 # 15
	15 # 32
	16 # 50
	17 # 42
	18 # 5
	19 # 56
	20 # 59
	21 # 26
	22 # 57
	23 # 8
	24 # 14
	25 # 12
	26 # 16
	27 # 21
	28 # 51
	29 # 43
	30 # 22
	31 # 39
Timestep 8:
	0 # 9
	1 # 13
	2 # 35
	3 # 38
	4 # 18
	5 # 16
	6 # 2
	7 # 25
	8 # 44
	9 # 42
	10 # 48
	11 # 53
	12 # 45
	13 # 30
	14 # 8
	15 # 31
	16 # 49
	17 # 34
	18 # 5
	19 # 55
	20 # 59
	21 # 27
	22 # 58
	23 # 7
	24 # 21
	25 # 12
	26 # 10
	27 # 29
	28 # 51
	29 # 43
	30 # 23
	31 # 40
Timestep 9:
	0 # 8
	1 # 12
	2 # 36
	3 # 39
	4 # 11
	5 # 16
	6 # 9
	7 # 25
	8 # 52
	9 # 34
	10 # 49
	11 # 45
	12 # 46
	13 # 30
	14 # 7
	15 # 31
	16 # 57
	17 # 33
	18 # 5
	19 # 54
	20 # 59
	21 # 27
	22 # 50
	23 # 14
	24 # 22
	25 # 19
	26 # 10
	27 # 37
	28 # 51
	29 # 43
	30 # 24
	31 # 32
Timestep 10:
	0 # 15
	1 # 12
	2 # 36
	3 # 40
	4 # 5
	5 # 10
	6 # 2
	7 # 17
	8 # 53
	9 # 26
	10 # 50
	11 # 46
	12 # 47
	13 # 29
	14 # 0
	15 # 39
	16 # 57
	17 # 33
	18 # 4
	19 # 55
	20 # 58
	21 # 19
	22 # 43
	23 # 21
	24 # 23
	25 # 18
	26 # 9
	27 # 44
	28 # 51
	29 # 42
	30 # 16
	31 # 24

