Solution makespan:11
Timestep 0:
	0 # 18
	1 # 31
	2 # 10
	3 # 53
	4 # 14
	5 # 0
	6 # 34
	7 # 29
Timestep 1:
	0 # 17
	1 # 24
	2 # 2
	3 # 46
	4 # 20
	5 # 8
	6 # 41
	7 # 21
Timestep 2:
	0 # 17
	1 # 31
	2 # 3
	3 # 45
	4 # 28
	5 # 9
	6 # 40
	7 # 29
Timestep 3:
	0 # 16
	1 # 38
	2 # 4
	3 # 37
	4 # 28
	5 # 15
	6 # 39
	7 # 36
Timestep 4:
	0 # 16
	1 # 46
	2 # 5
	3 # 45
	4 # 27
	5 # 9
	6 # 38
	7 # 43
Timestep 5:
	0 # 24
	1 # 53
	2 # 6
	3 # 37
	4 # 26
	5 # 10
	6 # 31
	7 # 50
Timestep 6:
	0 # 16
	1 # 54
	2 # 13
	3 # 38
	4 # 25
	5 # 2
	6 # 24
	7 # 51
Timestep 7:
	0 # 16
	1 # 55
	2 # 19
	3 # 39
	4 # 25
	5 # 3
	6 # 24
	7 # 51
Timestep 8:
	0 # 16
	1 # 54
	2 # 27
	3 # 39
	4 # 24
	5 # 4
	6 # 23
	7 # 44
Timestep 9:
	0 # 16
	1 # 53
	2 # 34
	3 # 40
	4 # 23
	5 # 5
	6 # 22
	7 # 43
Timestep 10:
	0 # 16
	1 # 52
	2 # 41
	3 # 33
	4 # 22
	5 # 6
	6 # 30
	7 # 44
Timestep 11:
	0 # 24
	1 # 51
	2 # 49
	3 # 34
	4 # 15
	5 # 7
	6 # 30
	7 # 44

