Solution makespan:11
Timestep 0:
	0 # 6
	1 # 13
	2 # 36
	3 # 56
	4 # 55
	5 # 9
	6 # 16
	7 # 38
	8 # 5
	9 # 52
	10 # 45
	11 # 51
Timestep 1:
	0 # 5
	1 # 21
	2 # 30
	3 # 55
	4 # 54
	5 # 10
	6 # 17
	7 # 31
	8 # 12
	9 # 51
	10 # 37
	11 # 43
Timestep 2:
	0 # 4
	1 # 29
	2 # 30
	3 # 47
	4 # 55
	5 # 10
	6 # 17
	7 # 32
	8 # 5
	9 # 50
	10 # 38
	11 # 43
Timestep 3:
	0 # 3
	1 # 35
	2 # 22
	3 # 55
	4 # 54
	5 # 10
	6 # 18
	7 # 33
	8 # 12
	9 # 49
	10 # 31
	11 # 42
Timestep 4:
	0 # 10
	1 # 35
	2 # 21
	3 # 47
	4 # 53
	5 # 9
	6 # 26
	7 # 34
	8 # 11
	9 # 49
	10 # 38
	11 # 50
Timestep 5:
	0 # 18
	1 # 35
	2 # 20
	3 # 39
	4 # 54
	5 # 17
	6 # 27
	7 # 41
	8 # 19
	9 # 49
	10 # 46
	11 # 51
Timestep 6:
	0 # 26
	1 # 43
	2 # 19
	3 # 38
	4 # 54
	5 # 16
	6 # 28
	7 # 42
	8 # 18
	9 # 48
	10 # 47
	11 # 59
Timestep 7:
	0 # 33
	1 # 43
	2 # 18
	3 # 31
	4 # 55
	5 # 16
	6 # 29
	7 # 42
	8 # 10
	9 # 47
	10 # 39
	11 # 51
Timestep 8:
	0 # 40
	1 # 42
	2 # 26
	3 # 24
	4 # 56
	5 # 8
	6 # 35
	7 # 50
	8 # 11
	9 # 46
	10 # 32
	11 # 59
Timestep 9:
	0 # 39
	1 # 41
	2 # 33
	3 # 23
	4 # 57
	5 # 9
	6 # 43
	7 # 49
	8 # 11
	9 # 38
	10 # 25
	11 # 51
Timestep 10:
	0 # 47
	1 # 40
	2 # 32
	3 # 15
	4 # 49
	5 # 10
	6 # 42
	7 # 48
	8 # 19
	9 # 38
	10 # 24
	11 # 43
Timestep 11:
	0 # 55
	1 # 48
	2 # 39
	3 # 7
	4 # 41
	5 # 11
	6 # 50
	7 # 47
	8 # 20
	9 # 38
	10 # 31
	11 # 43

