Solution makespan:12
Timestep 0:
	0 # 15
	1 # 54
	2 # 23
	3 # 1
	4 # 20
	5 # 25
	6 # 40
	7 # 11
	8 # 21
	9 # 5
	10 # 36
	11 # 52
	12 # 12
	13 # 27
	14 # 26
	15 # 34
	16 # 7
	17 # 43
	18 # 44
	19 # 18
	20 # 29
	21 # 14
	22 # 38
	23 # 31
	24 # 51
	25 # 22
	26 # 55
	27 # 19
Timestep 1:
	0 # 16
	1 # 55
	2 # 22
	3 # 2
	4 # 13
	5 # 32
	6 # 39
	7 # 10
	8 # 28
	9 # 11
	10 # 36
	11 # 51
	12 # 12
	13 # 20
	14 # 25
	15 # 27
	16 # 8
	17 # 43
	18 # 45
	19 # 17
	20 # 30
	21 # 15
	22 # 46
	23 # 31
	24 # 50
	25 # 21
	26 # 56
	27 # 26
Timestep 2:
	0 # 23
	1 # 55
	2 # 29
	3 # 3
	4 # 12
	5 # 25
	6 # 47
	7 # 4
	8 # 28
	9 # 11
	10 # 37
	11 # 50
	12 # 19
	13 # 20
	14 # 18
	15 # 34
	16 # 7
	17 # 44
	18 # 46
	19 # 10
	20 # 31
	21 # 22
	22 # 53
	23 # 38
	24 # 43
	25 # 21
	26 # 56
	27 # 27
Timestep 3:
	0 # 24
	1 # 56
	2 # 36
	3 # 3
	4 # 13
	5 # 18
	6 # 47
	7 # 5
	8 # 29
	9 # 12
	10 # 30
	11 # 43
	12 # 26
	13 # 20
	14 # 17
	15 # 33
	16 # 7
	17 # 45
	18 # 53
	19 # 4
	20 # 38
	21 # 23
	22 # 52
	23 # 39
	24 # 35
	25 # 14
	26 # 57
	27 # 34
Timestep 4:
	0 # 31
	1 # 48
	2 # 37
	3 # 2
	4 # 12
	5 # 17
	6 # 46
	7 # 11
	8 # 22
	9 # 19
	10 # 29
	11 # 44
	12 # 26
	13 # 13
	14 # 10
	15 # 34
	16 # 8
	17 # 52
	18 # 54
	19 # 4
	20 # 39
	21 # 30
	22 # 51
	23 # 40
	24 # 36
	25 # 14
	26 # 49
	27 # 42
Timestep 5:
	0 # 31
	1 # 41
	2 # 38
	3 # 9
	4 # 11
	5 # 18
	6 # 46
	7 # 5
	8 # 21
	9 # 19
	10 # 22
	11 # 43
	12 # 26
	13 # 20
	14 # 4
	15 # 27
	16 # 8
	17 # 45
	18 # 55
	19 # 3
	20 # 40
	21 # 37
	22 # 52
	23 # 32
	24 # 29
	25 # 14
	26 # 57
	27 # 34
Timestep 6:
	0 # 38
	1 # 33
	2 # 39
	3 # 16
	4 # 5
	5 # 11
	6 # 45
	7 # 4
	8 # 21
	9 # 12
	10 # 22
	11 # 35
	12 # 19
	13 # 27
	14 # 3
	15 # 26
	16 # 1
	17 # 37
	18 # 56
	19 # 2
	20 # 32
	21 # 36
	22 # 53
	23 # 25
	24 # 30
	25 # 7
	26 # 49
	27 # 42
Timestep 7:
	0 # 39
	1 # 33
	2 # 40
	3 # 23
	4 # 4
	5 # 5
	6 # 37
	7 # 10
	8 # 28
	9 # 12
	10 # 15
	11 # 43
	12 # 20
	13 # 26
	14 # 2
	15 # 19
	16 # 8
	17 # 36
	18 # 48
	19 # 1
	20 # 25
	21 # 44
	22 # 53
	23 # 18
	24 # 31
	25 # 14
	26 # 57
	27 # 42
Timestep 8:
	0 # 40
	1 # 34
	2 # 32
	3 # 30
	4 # 3
	5 # 4
	6 # 38
	7 # 17
	8 # 28
	9 # 13
	10 # 14
	11 # 50
	12 # 20
	13 # 33
	14 # 9
	15 # 19
	16 # 7
	17 # 36
	18 # 41
	19 # 8
	20 # 18
	21 # 51
	22 # 46
	23 # 11
	24 # 24
	25 # 21
	26 # 56
	27 # 49
Timestep 9:
	0 # 41
	1 # 42
	2 # 25
	3 # 37
	4 # 2
	5 # 3
	6 # 31
	7 # 18
	8 # 28
	9 # 12
	10 # 14
	11 # 50
	12 # 27
	13 # 32
	14 # 16
	15 # 19
	16 # 8
	17 # 29
	18 # 33
	19 # 15
	20 # 11
	21 # 52
	22 # 53
	23 # 5
	24 # 24
	25 # 21
	26 # 55
	27 # 57
Timestep 10:
	0 # 33
	1 # 41
	2 # 18
	3 # 38
	4 # 1
	5 # 2
	6 # 31
	7 # 17
	8 # 28
	9 # 13
	10 # 15
	11 # 43
	12 # 34
	13 # 40
	14 # 16
	15 # 19
	16 # 9
	17 # 30
	18 # 26
	19 # 22
	20 # 10
	21 # 45
	22 # 52
	23 # 11
	24 # 23
	25 # 21
	26 # 54
	27 # 56
Timestep 11:
	0 # 26
	1 # 33
	2 # 17
	3 # 39
	4 # 0
	5 # 1
	6 # 31
	7 # 10
	8 # 35
	9 # 20
	10 # 8
	11 # 44
	12 # 42
	13 # 41
	14 # 15
	15 # 18
	16 # 2
	17 # 30
	18 # 19
	19 # 29
	20 # 4
	21 # 46
	22 # 51
	23 # 12
	24 # 16
	25 # 22
	26 # 53
	27 # 55
Timestep 12:
	0 # 19
	1 # 33
	2 # 10
	3 # 38
	4 # 7
	5 # 0
	6 # 24
	7 # 4
	8 # 35
	9 # 27
	10 # 1
	11 # 36
	12 # 34
	13 # 42
	14 # 16
	15 # 18
	16 # 3
	17 # 37
	18 # 12
	19 # 30
	20 # 5
	21 # 47
	22 # 50
	23 # 13
	24 # 9
	25 # 23
	26 # 46
	27 # 54

