Solution makespan:14
Timestep 0:
	0 # 22
	1 # 1
	2 # 31
	3 # 47
	4 # 46
	5 # 48
	6 # 20
	7 # 8
	8 # 55
	9 # 37
	10 # 0
	11 # 42
	12 # 23
	13 # 7
	14 # 32
	15 # 11
	16 # 5
	17 # 24
	18 # 28
	19 # 40
	20 # 30
	21 # 12
	22 # 36
	23 # 52
	24 # 19
	25 # 51
	26 # 29
	27 # 15
	28 # 4
	29 # 17
	30 # 9
	31 # 39
Timestep 1:
	0 # 15
	1 # 2
	2 # 38
	3 # 48
	4 # 46
	5 # 41
	6 # 27
	7 # 1
	8 # 54
	9 # 37
	10 # 0
	11 # 35
	12 # 31
	13 # 7
	14 # 24
	15 # 11
	16 # 5
	17 # 17
	18 # 28
	19 # 40
	20 # 30
	21 # 12
	22 # 43
	23 # 53
	24 # 20
	25 # 45
	26 # 36
	27 # 8
	28 # 3
	29 # 16
	30 # 9
	31 # 39
Timestep 2:
	0 # 16
	1 # 3
	2 # 37
	3 # 41
	4 # 45
	5 # 42
	6 # 26
	7 # 1
	8 # 48
	9 # 30
	10 # 0
	11 # 34
	12 # 31
	13 # 7
	14 # 17
	15 # 12
	16 # 5
	17 # 18
	18 # 27
	19 # 40
	20 # 29
	21 # 19
	22 # 44
	23 # 54
	24 # 21
	25 # 38
	26 # 36
	27 # 8
	28 # 10
	29 # 23
	30 # 9
	31 # 46
Timestep 3:
	0 # 17
	1 # 4
	2 # 44
	3 # 34
	4 # 38
	5 # 35
	6 # 25
	7 # 8
	8 # 41
	9 # 22
	10 # 0
	11 # 27
	12 # 30
	13 # 7
	14 # 10
	15 # 13
	16 # 5
	17 # 11
	18 # 26
	19 # 39
	20 # 29
	21 # 20
	22 # 50
	23 # 48
	24 # 14
	25 # 31
	26 # 43
	27 # 15
	28 # 9
	29 # 24
	30 # 2
	31 # 45
Timestep 4:
	0 # 18
	1 # 11
	2 # 45
	3 # 27
	4 # 31
	5 # 42
	6 # 24
	7 # 8
	8 # 34
	9 # 15
	10 # 1
	11 # 26
	12 # 37
	13 # 0
	14 # 10
	15 # 14
	16 # 5
	17 # 12
	18 # 25
	19 # 38
	20 # 30
	21 # 21
	22 # 50
	23 # 41
	24 # 6
	25 # 23
	26 # 43
	27 # 16
	28 # 9
	29 # 32
	30 # 3
	31 # 51
Timestep 5:
	0 # 19
	1 # 12
	2 # 46
	3 # 26
	4 # 30
	5 # 35
	6 # 23
	7 # 1
	8 # 27
	9 # 8
	10 # 2
	11 # 25
	12 # 37
	13 # 7
	14 # 10
	15 # 21
	16 # 5
	17 # 13
	18 # 24
	19 # 45
	20 # 22
	21 # 28
	22 # 44
	23 # 42
	24 # 6
	25 # 16
	26 # 43
	27 # 15
	28 # 9
	29 # 39
	30 # 4
	31 # 50
Timestep 6:
	0 # 20
	1 # 13
	2 # 46
	3 # 25
	4 # 29
	5 # 34
	6 # 31
	7 # 1
	8 # 26
	9 # 7
	10 # 3
	11 # 24
	12 # 30
	13 # 0
	14 # 9
	15 # 28
	16 # 4
	17 # 14
	18 # 32
	19 # 45
	20 # 23
	21 # 27
	22 # 50
	23 # 41
	24 # 6
	25 # 17
	26 # 43
	27 # 16
	28 # 8
	29 # 40
	30 # 11
	31 # 49
Timestep 7:
	0 # 20
	1 # 14
	2 # 45
	3 # 24
	4 # 36
	5 # 33
	6 # 38
	7 # 8
	8 # 25
	9 # 7
	10 # 4
	11 # 23
	12 # 30
	13 # 0
	14 # 2
	15 # 35
	16 # 5
	17 # 21
	18 # 39
	19 # 44
	20 # 16
	21 # 26
	22 # 51
	23 # 34
	24 # 6
	25 # 18
	26 # 43
	27 # 9
	28 # 15
	29 # 40
	30 # 12
	31 # 49
Timestep 8:
	0 # 20
	1 # 14
	2 # 44
	3 # 23
	4 # 37
	5 # 26
	6 # 45
	7 # 1
	8 # 24
	9 # 7
	10 # 11
	11 # 22
	12 # 31
	13 # 0
	14 # 3
	15 # 42
	16 # 5
	17 # 28
	18 # 46
	19 # 50
	20 # 9
	21 # 27
	22 # 51
	23 # 33
	24 # 6
	25 # 19
	26 # 43
	27 # 8
	28 # 16
	29 # 40
	30 # 13
	31 # 49
Timestep 9:
	0 # 21
	1 # 14
	2 # 37
	3 # 16
	4 # 38
	5 # 25
	6 # 44
	7 # 2
	8 # 32
	9 # 7
	10 # 12
	11 # 30
	12 # 23
	13 # 0
	14 # 3
	15 # 41
	16 # 4
	17 # 35
	18 # 46
	19 # 50
	20 # 8
	21 # 27
	22 # 51
	23 # 34
	24 # 6
	25 # 26
	26 # 36
	27 # 15
	28 # 17
	29 # 40
	30 # 13
	31 # 49
Timestep 10:
	0 # 21
	1 # 14
	2 # 38
	3 # 9
	4 # 31
	5 # 18
	6 # 45
	7 # 2
	8 # 39
	9 # 0
	10 # 19
	11 # 29
	12 # 16
	13 # 1
	14 # 4
	15 # 48
	16 # 11
	17 # 42
	18 # 46
	19 # 44
	20 # 15
	21 # 28
	22 # 50
	23 # 27
	24 # 6
	25 # 33
	26 # 43
	27 # 22
	28 # 24
	29 # 40
	30 # 13
	31 # 49
Timestep 11:
	0 # 28
	1 # 14
	2 # 31
	3 # 8
	4 # 23
	5 # 17
	6 # 46
	7 # 3
	8 # 38
	9 # 0
	10 # 26
	11 # 36
	12 # 9
	13 # 2
	14 # 11
	15 # 54
	16 # 10
	17 # 41
	18 # 39
	19 # 37
	20 # 16
	21 # 27
	22 # 44
	23 # 20
	24 # 6
	25 # 34
	26 # 43
	27 # 30
	28 # 25
	29 # 40
	30 # 12
	31 # 50
Timestep 12:
	0 # 28
	1 # 21
	2 # 23
	3 # 7
	4 # 22
	5 # 24
	6 # 46
	7 # 4
	8 # 45
	9 # 1
	10 # 33
	11 # 29
	12 # 9
	13 # 2
	14 # 18
	15 # 54
	16 # 10
	17 # 48
	18 # 32
	19 # 36
	20 # 17
	21 # 20
	22 # 50
	23 # 13
	24 # 14
	25 # 41
	26 # 43
	27 # 37
	28 # 26
	29 # 39
	30 # 19
	31 # 51
Timestep 13:
	0 # 35
	1 # 21
	2 # 16
	3 # 7
	4 # 15
	5 # 23
	6 # 39
	7 # 11
	8 # 45
	9 # 1
	10 # 34
	11 # 30
	12 # 8
	13 # 3
	14 # 25
	15 # 54
	16 # 10
	17 # 47
	18 # 32
	19 # 36
	20 # 17
	21 # 20
	22 # 49
	23 # 12
	24 # 13
	25 # 48
	26 # 43
	27 # 44
	28 # 27
	29 # 38
	30 # 26
	31 # 51
Timestep 14:
	0 # 42
	1 # 28
	2 # 9
	3 # 7
	4 # 16
	5 # 22
	6 # 46
	7 # 11
	8 # 44
	9 # 2
	10 # 41
	11 # 31
	12 # 1
	13 # 4
	14 # 26
	15 # 53
	16 # 3
	17 # 47
	18 # 39
	19 # 29
	20 # 18
	21 # 19
	22 # 43
	23 # 5
	24 # 12
	25 # 54
	26 # 36
	27 # 50
	28 # 34
	29 # 45
	30 # 33
	31 # 51

