Solution makespan:8
Timestep 0:
	0 # 25
	1 # 44
	2 # 53
	3 # 16
	4 # 27
	5 # 35
	6 # 48
	7 # 2
Timestep 1:
	0 # 24
	1 # 43
	2 # 54
	3 # 16
	4 # 28
	5 # 27
	6 # 48
	7 # 3
Timestep 2:
	0 # 23
	1 # 44
	2 # 54
	3 # 24
	4 # 29
	5 # 35
	6 # 49
	7 # 3
Timestep 3:
	0 # 22
	1 # 51
	2 # 54
	3 # 23
	4 # 21
	5 # 36
	6 # 50
	7 # 2
Timestep 4:
	0 # 21
	1 # 52
	2 # 47
	3 # 23
	4 # 29
	5 # 42
	6 # 51
	7 # 8
Timestep 5:
	0 # 20
	1 # 53
	2 # 39
	3 # 31
	4 # 30
	5 # 41
	6 # 51
	7 # 15
Timestep 6:
	0 # 13
	1 # 54
	2 # 33
	3 # 37
	4 # 30
	5 # 35
	6 # 52
	7 # 14
Timestep 7:
	0 # 7
	1 # 54
	2 # 33
	3 # 45
	4 # 31
	5 # 27
	6 # 51
	7 # 21
Timestep 8:
	0 # 1
	1 # 53
	2 # 34
	3 # 44
	4 # 23
	5 # 28
	6 # 50
	7 # 29

