Solution makespan:12
Timestep 0:
	0 # 25
	1 # 50
	2 # 16
	3 # 35
	4 # 12
	5 # 11
	6 # 49
	7 # 52
	8 # 8
	9 # 23
	10 # 6
	11 # 26
	12 # 18
	13 # 31
	14 # 10
	15 # 53
	16 # 14
	17 # 0
	18 # 34
	19 # 29
Timestep 1:
	0 # 32
	1 # 43
	2 # 17
	3 # 42
	4 # 5
	5 # 12
	6 # 48
	7 # 52
	8 # 9
	9 # 22
	10 # 13
	11 # 18
	12 # 19
	13 # 31
	14 # 10
	15 # 46
	16 # 20
	17 # 1
	18 # 41
	19 # 36
Timestep 2:
	0 # 39
	1 # 44
	2 # 25
	3 # 35
	4 # 5
	5 # 12
	6 # 40
	7 # 53
	8 # 1
	9 # 21
	10 # 14
	11 # 18
	12 # 27
	13 # 24
	14 # 10
	15 # 38
	16 # 19
	17 # 2
	18 # 41
	19 # 43
Timestep 3:
	0 # 38
	1 # 45
	2 # 17
	3 # 34
	4 # 6
	5 # 11
	6 # 39
	7 # 54
	8 # 2
	9 # 29
	10 # 20
	11 # 12
	12 # 26
	13 # 23
	14 # 9
	15 # 31
	16 # 27
	17 # 3
	18 # 49
	19 # 50
Timestep 4:
	0 # 38
	1 # 46
	2 # 18
	3 # 27
	4 # 13
	5 # 17
	6 # 39
	7 # 55
	8 # 3
	9 # 36
	10 # 20
	11 # 5
	12 # 33
	13 # 22
	14 # 8
	15 # 24
	16 # 28
	17 # 4
	18 # 56
	19 # 51
Timestep 5:
	0 # 37
	1 # 38
	2 # 18
	3 # 26
	4 # 19
	5 # 16
	6 # 47
	7 # 56
	8 # 4
	9 # 43
	10 # 20
	11 # 6
	12 # 34
	13 # 30
	14 # 8
	15 # 23
	16 # 28
	17 # 11
	18 # 57
	19 # 52
Timestep 6:
	0 # 37
	1 # 38
	2 # 17
	3 # 33
	4 # 18
	5 # 24
	6 # 48
	7 # 55
	8 # 5
	9 # 43
	10 # 14
	11 # 7
	12 # 35
	13 # 29
	14 # 8
	15 # 22
	16 # 28
	17 # 12
	18 # 57
	19 # 53
Timestep 7:
	0 # 37
	1 # 31
	2 # 11
	3 # 32
	4 # 26
	5 # 23
	6 # 40
	7 # 55
	8 # 6
	9 # 36
	10 # 14
	11 # 7
	12 # 42
	13 # 21
	14 # 8
	15 # 15
	16 # 35
	17 # 18
	18 # 57
	19 # 54
Timestep 8:
	0 # 37
	1 # 24
	2 # 4
	3 # 25
	4 # 33
	5 # 22
	6 # 39
	7 # 48
	8 # 5
	9 # 43
	10 # 20
	11 # 7
	12 # 41
	13 # 21
	14 # 8
	15 # 9
	16 # 34
	17 # 26
	18 # 57
	19 # 47
Timestep 9:
	0 # 45
	1 # 24
	2 # 3
	3 # 25
	4 # 40
	5 # 15
	6 # 39
	7 # 49
	8 # 6
	9 # 44
	10 # 28
	11 # 14
	12 # 41
	13 # 22
	14 # 8
	15 # 1
	16 # 27
	17 # 33
	18 # 56
	19 # 47
Timestep 10:
	0 # 52
	1 # 16
	2 # 2
	3 # 32
	4 # 48
	5 # 15
	6 # 38
	7 # 41
	8 # 13
	9 # 45
	10 # 20
	11 # 7
	12 # 34
	13 # 23
	14 # 9
	15 # 0
	16 # 26
	17 # 40
	18 # 57
	19 # 39
Timestep 11:
	0 # 53
	1 # 17
	2 # 1
	3 # 31
	4 # 49
	5 # 9
	6 # 37
	7 # 34
	8 # 19
	9 # 46
	10 # 14
	11 # 6
	12 # 27
	13 # 24
	14 # 10
	15 # 8
	16 # 33
	17 # 41
	18 # 56
	19 # 32
Timestep 12:
	0 # 46
	1 # 11
	2 # 0
	3 # 38
	4 # 49
	5 # 10
	6 # 45
	7 # 35
	8 # 20
	9 # 47
	10 # 13
	11 # 6
	12 # 27
	13 # 25
	14 # 2
	15 # 8
	16 # 34
	17 # 42
	18 # 57
	19 # 39

