Solution makespan:11
Timestep 0:
	0 # 26
	1 # 37
	2 # 32
	3 # 43
	4 # 12
	5 # 5
	6 # 2
	7 # 28
	8 # 34
	9 # 45
	10 # 27
	11 # 35
	12 # 8
	13 # 24
	14 # 40
	15 # 20
Timestep 1:
	0 # 25
	1 # 31
	2 # 33
	3 # 49
	4 # 11
	5 # 12
	6 # 2
	7 # 21
	8 # 27
	9 # 39
	10 # 26
	11 # 34
	12 # 15
	13 # 24
	14 # 47
	15 # 19
Timestep 2:
	0 # 18
	1 # 23
	2 # 39
	3 # 50
	4 # 10
	5 # 20
	6 # 3
	7 # 13
	8 # 28
	9 # 38
	10 # 25
	11 # 27
	12 # 22
	13 # 32
	14 # 40
	15 # 19
Timestep 3:
	0 # 18
	1 # 24
	2 # 45
	3 # 51
	4 # 9
	5 # 21
	6 # 4
	7 # 12
	8 # 27
	9 # 37
	10 # 25
	11 # 26
	12 # 30
	13 # 32
	14 # 34
	15 # 11
Timestep 4:
	0 # 19
	1 # 24
	2 # 39
	3 # 52
	4 # 17
	5 # 28
	6 # 4
	7 # 5
	8 # 26
	9 # 37
	10 # 33
	11 # 25
	12 # 31
	13 # 38
	14 # 27
	15 # 12
Timestep 5:
	0 # 18
	1 # 23
	2 # 38
	3 # 52
	4 # 16
	5 # 35
	6 # 11
	7 # 4
	8 # 27
	9 # 44
	10 # 39
	11 # 24
	12 # 32
	13 # 37
	14 # 20
	15 # 13
Timestep 6:
	0 # 17
	1 # 31
	2 # 32
	3 # 51
	4 # 15
	5 # 41
	6 # 11
	7 # 3
	8 # 28
	9 # 50
	10 # 45
	11 # 23
	12 # 33
	13 # 38
	14 # 12
	15 # 21
Timestep 7:
	0 # 16
	1 # 32
	2 # 24
	3 # 52
	4 # 22
	5 # 40
	6 # 4
	7 # 10
	8 # 35
	9 # 50
	10 # 45
	11 # 23
	12 # 25
	13 # 39
	14 # 11
	15 # 21
Timestep 8:
	0 # 17
	1 # 33
	2 # 24
	3 # 53
	4 # 30
	5 # 47
	6 # 5
	7 # 18
	8 # 41
	9 # 51
	10 # 39
	11 # 16
	12 # 26
	13 # 38
	14 # 11
	15 # 20
Timestep 9:
	0 # 18
	1 # 25
	2 # 23
	3 # 53
	4 # 29
	5 # 46
	6 # 6
	7 # 10
	8 # 48
	9 # 52
	10 # 33
	11 # 15
	12 # 27
	13 # 32
	14 # 4
	15 # 12
Timestep 10:
	0 # 19
	1 # 26
	2 # 31
	3 # 54
	4 # 36
	5 # 45
	6 # 13
	7 # 18
	8 # 47
	9 # 53
	10 # 33
	11 # 14
	12 # 28
	13 # 32
	14 # 11
	15 # 5
Timestep 11:
	0 # 20
	1 # 27
	2 # 37
	3 # 55
	4 # 42
	5 # 39
	6 # 13
	7 # 25
	8 # 54
	9 # 46
	10 # 33
	11 # 7
	12 # 28
	13 # 38
	14 # 12
	15 # 6

