Solution makespan:10
Timestep 0:
	0 # 6
	1 # 13
	2 # 3
	3 # 55
	4 # 14
	5 # 32
	6 # 54
	7 # 58
	8 # 22
	9 # 15
	10 # 33
	11 # 45
Timestep 1:
	0 # 5
	1 # 20
	2 # 10
	3 # 47
	4 # 21
	5 # 40
	6 # 53
	7 # 58
	8 # 22
	9 # 14
	10 # 41
	11 # 46
Timestep 2:
	0 # 4
	1 # 19
	2 # 17
	3 # 47
	4 # 22
	5 # 32
	6 # 45
	7 # 57
	8 # 28
	9 # 15
	10 # 33
	11 # 38
Timestep 3:
	0 # 11
	1 # 27
	2 # 25
	3 # 46
	4 # 23
	5 # 26
	6 # 44
	7 # 56
	8 # 28
	9 # 22
	10 # 32
	11 # 30
Timestep 4:
	0 # 18
	1 # 33
	2 # 25
	3 # 46
	4 # 24
	5 # 26
	6 # 44
	7 # 57
	8 # 36
	9 # 28
	10 # 31
	11 # 30
Timestep 5:
	0 # 26
	1 # 41
	2 # 24
	3 # 45
	4 # 16
	5 # 27
	6 # 43
	7 # 57
	8 # 44
	9 # 28
	10 # 30
	11 # 29
Timestep 6:
	0 # 32
	1 # 49
	2 # 30
	3 # 37
	4 # 17
	5 # 19
	6 # 43
	7 # 58
	8 # 44
	9 # 28
	10 # 29
	11 # 23
Timestep 7:
	0 # 31
	1 # 48
	2 # 38
	3 # 37
	4 # 17
	5 # 20
	6 # 44
	7 # 57
	8 # 52
	9 # 29
	10 # 23
	11 # 24
Timestep 8:
	0 # 39
	1 # 47
	2 # 46
	3 # 29
	4 # 25
	5 # 13
	6 # 44
	7 # 49
	8 # 52
	9 # 30
	10 # 24
	11 # 16
Timestep 9:
	0 # 38
	1 # 46
	2 # 54
	3 # 30
	4 # 26
	5 # 6
	6 # 36
	7 # 48
	8 # 53
	9 # 31
	10 # 23
	11 # 9
Timestep 10:
	0 # 37
	1 # 45
	2 # 54
	3 # 31
	4 # 27
	5 # 6
	6 # 28
	7 # 40
	8 # 53
	9 # 25
	10 # 22
	11 # 2

