Solution makespan:7
Timestep 0:
	0 # 45
	1 # 1
	2 # 43
	3 # 18
	4 # 38
	5 # 7
	6 # 32
	7 # 44
Timestep 1:
	0 # 46
	1 # 2
	2 # 43
	3 # 25
	4 # 44
	5 # 15
	6 # 31
	7 # 51
Timestep 2:
	0 # 47
	1 # 9
	2 # 35
	3 # 32
	4 # 45
	5 # 16
	6 # 30
	7 # 44
Timestep 3:
	0 # 41
	1 # 8
	2 # 36
	3 # 32
	4 # 52
	5 # 17
	6 # 23
	7 # 38
Timestep 4:
	0 # 42
	1 # 1
	2 # 29
	3 # 31
	4 # 52
	5 # 24
	6 # 16
	7 # 30
Timestep 5:
	0 # 34
	1 # 0
	2 # 22
	3 # 39
	4 # 45
	5 # 31
	6 # 8
	7 # 23
Timestep 6:
	0 # 35
	1 # 7
	2 # 14
	3 # 38
	4 # 39
	5 # 32
	6 # 1
	7 # 16
Timestep 7:
	0 # 28
	1 # 7
	2 # 22
	3 # 38
	4 # 45
	5 # 32
	6 # 0
	7 # 17

