Solution makespan:10
Timestep 0:
	0 # 27
	1 # 11
	2 # 47
	3 # 19
	4 # 5
	5 # 13
	6 # 20
	7 # 6
	8 # 36
	9 # 50
	10 # 41
	11 # 21
	12 # 56
	13 # 57
	14 # 49
	15 # 45
	16 # 14
	17 # 8
	18 # 32
	19 # 16
	20 # 31
	21 # 7
	22 # 44
	23 # 2
	24 # 52
	25 # 58
	26 # 40
	27 # 42
Timestep 1:
	0 # 27
	1 # 12
	2 # 46
	3 # 26
	4 # 4
	5 # 5
	6 # 19
	7 # 6
	8 # 28
	9 # 49
	10 # 40
	11 # 21
	12 # 55
	13 # 56
	14 # 41
	15 # 38
	16 # 14
	17 # 9
	18 # 33
	19 # 8
	20 # 32
	21 # 15
	22 # 37
	23 # 1
	24 # 44
	25 # 57
	26 # 34
	27 # 50
Timestep 2:
	0 # 28
	1 # 20
	2 # 54
	3 # 25
	4 # 12
	5 # 13
	6 # 18
	7 # 6
	8 # 29
	9 # 41
	10 # 40
	11 # 21
	12 # 47
	13 # 55
	14 # 42
	15 # 31
	16 # 14
	17 # 2
	18 # 34
	19 # 16
	20 # 32
	21 # 22
	22 # 38
	23 # 8
	24 # 44
	25 # 56
	26 # 26
	27 # 50
Timestep 3:
	0 # 29
	1 # 27
	2 # 53
	3 # 24
	4 # 11
	5 # 12
	6 # 18
	7 # 6
	8 # 21
	9 # 42
	10 # 40
	11 # 14
	12 # 46
	13 # 56
	14 # 43
	15 # 23
	16 # 13
	17 # 3
	18 # 35
	19 # 15
	20 # 33
	21 # 30
	22 # 39
	23 # 16
	24 # 37
	25 # 48
	26 # 26
	27 # 49
Timestep 4:
	0 # 29
	1 # 28
	2 # 45
	3 # 23
	4 # 19
	5 # 11
	6 # 25
	7 # 5
	8 # 21
	9 # 50
	10 # 40
	11 # 6
	12 # 39
	13 # 57
	14 # 51
	15 # 16
	16 # 12
	17 # 2
	18 # 27
	19 # 15
	20 # 34
	21 # 31
	22 # 32
	23 # 17
	24 # 30
	25 # 47
	26 # 26
	27 # 48
Timestep 5:
	0 # 28
	1 # 36
	2 # 53
	3 # 16
	4 # 18
	5 # 10
	6 # 25
	7 # 13
	8 # 21
	9 # 49
	10 # 41
	11 # 14
	12 # 38
	13 # 58
	14 # 50
	15 # 8
	16 # 11
	17 # 9
	18 # 20
	19 # 7
	20 # 40
	21 # 23
	22 # 33
	23 # 24
	24 # 22
	25 # 46
	26 # 26
	27 # 47
Timestep 6:
	0 # 27
	1 # 42
	2 # 54
	3 # 23
	4 # 25
	5 # 9
	6 # 24
	7 # 12
	8 # 29
	9 # 57
	10 # 35
	11 # 21
	12 # 38
	13 # 50
	14 # 49
	15 # 1
	16 # 10
	17 # 17
	18 # 20
	19 # 8
	20 # 40
	21 # 22
	22 # 34
	23 # 32
	24 # 15
	25 # 45
	26 # 19
	27 # 55
Timestep 7:
	0 # 26
	1 # 42
	2 # 46
	3 # 24
	4 # 25
	5 # 8
	6 # 17
	7 # 11
	8 # 28
	9 # 57
	10 # 27
	11 # 29
	12 # 37
	13 # 50
	14 # 41
	15 # 2
	16 # 9
	17 # 18
	18 # 12
	19 # 1
	20 # 48
	21 # 30
	22 # 35
	23 # 39
	24 # 7
	25 # 44
	26 # 20
	27 # 54
Timestep 8:
	0 # 34
	1 # 41
	2 # 47
	3 # 32
	4 # 24
	5 # 7
	6 # 17
	7 # 10
	8 # 36
	9 # 56
	10 # 20
	11 # 29
	12 # 30
	13 # 58
	14 # 35
	15 # 3
	16 # 8
	17 # 19
	18 # 13
	19 # 2
	20 # 49
	21 # 31
	22 # 27
	23 # 46
	24 # 0
	25 # 37
	26 # 12
	27 # 53
Timestep 9:
	0 # 33
	1 # 49
	2 # 47
	3 # 39
	4 # 23
	5 # 7
	6 # 9
	7 # 18
	8 # 42
	9 # 55
	10 # 12
	11 # 28
	12 # 22
	13 # 58
	14 # 27
	15 # 10
	16 # 16
	17 # 20
	18 # 14
	19 # 2
	20 # 50
	21 # 38
	22 # 26
	23 # 45
	24 # 1
	25 # 30
	26 # 4
	27 # 52
Timestep 10:
	0 # 32
	1 # 57
	2 # 48
	3 # 46
	4 # 16
	5 # 7
	6 # 9
	7 # 18
	8 # 41
	9 # 54
	10 # 4
	11 # 36
	12 # 15
	13 # 50
	14 # 20
	15 # 11
	16 # 17
	17 # 12
	18 # 21
	19 # 3
	20 # 51
	21 # 39
	22 # 25
	23 # 45
	24 # 8
	25 # 22
	26 # 5
	27 # 44

