Solution makespan:10
Timestep 0:
	0 # 42
	1 # 45
	2 # 1
	3 # 0
	4 # 20
	5 # 12
	6 # 35
	7 # 9
	8 # 18
	9 # 50
	10 # 43
	11 # 31
	12 # 53
	13 # 52
	14 # 34
	15 # 29
	16 # 47
	17 # 25
	18 # 57
	19 # 38
	20 # 30
	21 # 44
	22 # 48
	23 # 28
	24 # 24
	25 # 40
	26 # 33
	27 # 14
Timestep 1:
	0 # 42
	1 # 46
	2 # 2
	3 # 7
	4 # 13
	5 # 11
	6 # 29
	7 # 8
	8 # 17
	9 # 49
	10 # 51
	11 # 31
	12 # 53
	13 # 44
	14 # 33
	15 # 28
	16 # 54
	17 # 24
	18 # 56
	19 # 39
	20 # 22
	21 # 43
	22 # 47
	23 # 27
	24 # 16
	25 # 40
	26 # 26
	27 # 15
Timestep 2:
	0 # 49
	1 # 47
	2 # 9
	3 # 14
	4 # 20
	5 # 10
	6 # 29
	7 # 1
	8 # 16
	9 # 48
	10 # 52
	11 # 38
	12 # 53
	13 # 45
	14 # 26
	15 # 27
	16 # 55
	17 # 24
	18 # 56
	19 # 32
	20 # 23
	21 # 51
	22 # 40
	23 # 19
	24 # 15
	25 # 39
	26 # 18
	27 # 8
Timestep 3:
	0 # 50
	1 # 48
	2 # 10
	3 # 22
	4 # 21
	5 # 17
	6 # 28
	7 # 8
	8 # 15
	9 # 41
	10 # 51
	11 # 37
	12 # 53
	13 # 38
	14 # 25
	15 # 34
	16 # 55
	17 # 16
	18 # 49
	19 # 33
	20 # 24
	21 # 43
	22 # 39
	23 # 20
	24 # 14
	25 # 46
	26 # 11
	27 # 7
Timestep 4:
	0 # 50
	1 # 48
	2 # 11
	3 # 30
	4 # 20
	5 # 25
	6 # 27
	7 # 15
	8 # 14
	9 # 34
	10 # 52
	11 # 36
	12 # 53
	13 # 45
	14 # 24
	15 # 33
	16 # 54
	17 # 9
	18 # 49
	19 # 32
	20 # 16
	21 # 51
	22 # 38
	23 # 19
	24 # 7
	25 # 47
	26 # 12
	27 # 0
Timestep 5:
	0 # 50
	1 # 41
	2 # 12
	3 # 36
	4 # 19
	5 # 24
	6 # 26
	7 # 16
	8 # 22
	9 # 27
	10 # 44
	11 # 37
	12 # 52
	13 # 45
	14 # 23
	15 # 33
	16 # 55
	17 # 2
	18 # 42
	19 # 32
	20 # 9
	21 # 51
	22 # 31
	23 # 18
	24 # 8
	25 # 40
	26 # 13
	27 # 0
Timestep 6:
	0 # 50
	1 # 34
	2 # 13
	3 # 43
	4 # 18
	5 # 23
	6 # 25
	7 # 17
	8 # 30
	9 # 19
	10 # 45
	11 # 37
	12 # 53
	13 # 46
	14 # 15
	15 # 33
	16 # 48
	17 # 2
	18 # 41
	19 # 32
	20 # 10
	21 # 51
	22 # 24
	23 # 11
	24 # 7
	25 # 40
	26 # 5
	27 # 0
Timestep 7:
	0 # 49
	1 # 27
	2 # 20
	3 # 44
	4 # 26
	5 # 22
	6 # 24
	7 # 18
	8 # 36
	9 # 12
	10 # 46
	11 # 37
	12 # 53
	13 # 47
	14 # 23
	15 # 40
	16 # 41
	17 # 9
	18 # 34
	19 # 25
	20 # 11
	21 # 43
	22 # 16
	23 # 3
	24 # 14
	25 # 39
	26 # 6
	27 # 7
Timestep 8:
	0 # 42
	1 # 19
	2 # 21
	3 # 52
	4 # 33
	5 # 14
	6 # 31
	7 # 18
	8 # 43
	9 # 13
	10 # 47
	11 # 37
	12 # 53
	13 # 48
	14 # 22
	15 # 39
	16 # 41
	17 # 10
	18 # 34
	19 # 24
	20 # 12
	21 # 51
	22 # 9
	23 # 3
	24 # 15
	25 # 32
	26 # 6
	27 # 8
Timestep 9:
	0 # 41
	1 # 19
	2 # 29
	3 # 53
	4 # 33
	5 # 15
	6 # 38
	7 # 26
	8 # 44
	9 # 5
	10 # 54
	11 # 36
	12 # 45
	13 # 49
	14 # 30
	15 # 39
	16 # 40
	17 # 11
	18 # 27
	19 # 31
	20 # 13
	21 # 43
	22 # 2
	23 # 4
	24 # 16
	25 # 25
	26 # 6
	27 # 9
Timestep 10:
	0 # 48
	1 # 27
	2 # 35
	3 # 45
	4 # 34
	5 # 23
	6 # 37
	7 # 33
	8 # 52
	9 # 5
	10 # 55
	11 # 30
	12 # 44
	13 # 50
	14 # 22
	15 # 38
	16 # 39
	17 # 12
	18 # 28
	19 # 32
	20 # 20
	21 # 36
	22 # 1
	23 # 4
	24 # 9
	25 # 17
	26 # 6
	27 # 2

