Solution makespan:10
Timestep 0:
	0 # 21
	1 # 49
	2 # 31
	3 # 11
	4 # 43
	5 # 55
	6 # 9
	7 # 38
Timestep 1:
	0 # 13
	1 # 48
	2 # 32
	3 # 11
	4 # 43
	5 # 56
	6 # 9
	7 # 45
Timestep 2:
	0 # 14
	1 # 47
	2 # 33
	3 # 11
	4 # 42
	5 # 48
	6 # 10
	7 # 38
Timestep 3:
	0 # 15
	1 # 46
	2 # 34
	3 # 10
	4 # 43
	5 # 48
	6 # 18
	7 # 45
Timestep 4:
	0 # 22
	1 # 41
	2 # 35
	3 # 11
	4 # 43
	5 # 49
	6 # 19
	7 # 38
Timestep 5:
	0 # 30
	1 # 40
	2 # 36
	3 # 19
	4 # 48
	5 # 57
	6 # 20
	7 # 45
Timestep 6:
	0 # 22
	1 # 32
	2 # 37
	3 # 11
	4 # 48
	5 # 57
	6 # 21
	7 # 45
Timestep 7:
	0 # 15
	1 # 24
	2 # 38
	3 # 3
	4 # 49
	5 # 56
	6 # 28
	7 # 45
Timestep 8:
	0 # 14
	1 # 17
	2 # 30
	3 # 11
	4 # 57
	5 # 48
	6 # 29
	7 # 51
Timestep 9:
	0 # 6
	1 # 9
	2 # 22
	3 # 11
	4 # 57
	5 # 48
	6 # 29
	7 # 59
Timestep 10:
	0 # 6
	1 # 10
	2 # 15
	3 # 3
	4 # 58
	5 # 43
	6 # 30
	7 # 59

