Solution makespan:9
Timestep 0:
	0 # 54
	1 # 3
	2 # 23
	3 # 19
	4 # 49
	5 # 27
	6 # 39
	7 # 57
	8 # 8
	9 # 13
	10 # 4
	11 # 9
	12 # 52
	13 # 44
	14 # 32
	15 # 0
Timestep 1:
	0 # 46
	1 # 10
	2 # 24
	3 # 27
	4 # 41
	5 # 28
	6 # 47
	7 # 52
	8 # 8
	9 # 14
	10 # 5
	11 # 17
	12 # 51
	13 # 43
	14 # 32
	15 # 7
Timestep 2:
	0 # 45
	1 # 18
	2 # 32
	3 # 26
	4 # 41
	5 # 28
	6 # 48
	7 # 51
	8 # 9
	9 # 22
	10 # 12
	11 # 25
	12 # 43
	13 # 35
	14 # 33
	15 # 15
Timestep 3:
	0 # 37
	1 # 17
	2 # 40
	3 # 18
	4 # 42
	5 # 29
	6 # 49
	7 # 50
	8 # 9
	9 # 22
	10 # 20
	11 # 33
	12 # 35
	13 # 27
	14 # 34
	15 # 16
Timestep 4:
	0 # 36
	1 # 25
	2 # 48
	3 # 10
	4 # 43
	5 # 21
	6 # 49
	7 # 42
	8 # 8
	9 # 30
	10 # 28
	11 # 41
	12 # 27
	13 # 19
	14 # 35
	15 # 17
Timestep 5:
	0 # 28
	1 # 24
	2 # 55
	3 # 3
	4 # 44
	5 # 13
	6 # 48
	7 # 34
	8 # 9
	9 # 30
	10 # 29
	11 # 49
	12 # 27
	13 # 18
	14 # 36
	15 # 25
Timestep 6:
	0 # 20
	1 # 32
	2 # 48
	3 # 2
	4 # 36
	5 # 21
	6 # 40
	7 # 26
	8 # 10
	9 # 38
	10 # 29
	11 # 49
	12 # 35
	13 # 17
	14 # 37
	15 # 33
Timestep 7:
	0 # 12
	1 # 31
	2 # 40
	3 # 1
	4 # 44
	5 # 20
	6 # 32
	7 # 18
	8 # 10
	9 # 46
	10 # 21
	11 # 48
	12 # 35
	13 # 17
	14 # 37
	15 # 33
Timestep 8:
	0 # 5
	1 # 39
	2 # 40
	3 # 0
	4 # 52
	5 # 20
	6 # 24
	7 # 18
	8 # 3
	9 # 45
	10 # 22
	11 # 55
	12 # 36
	13 # 17
	14 # 37
	15 # 34
Timestep 9:
	0 # 5
	1 # 47
	2 # 48
	3 # 7
	4 # 57
	5 # 28
	6 # 25
	7 # 18
	8 # 10
	9 # 44
	10 # 22
	11 # 55
	12 # 36
	13 # 17
	14 # 38
	15 # 26

