Solution makespan:6
Timestep 0:
	0 # 11
	1 # 8
	2 # 7
	3 # 3
	4 # 4
	5 # 6
	6 # 12
	7 # 13
Timestep 1:
	0 # 11
	1 # 9
	2 # 6
	3 # 3
	4 # 5
	5 # 2
	6 # 8
	7 # 13
Timestep 2:
	0 # 7
	1 # 10
	2 # 5
	3 # 3
	4 # 1
	5 # 2
	6 # 4
	7 # 9
Timestep 3:
	0 # 7
	1 # 11
	2 # 4
	3 # 2
	4 # 5
	5 # 6
	6 # 0
	7 # 10
Timestep 4:
	0 # 3
	1 # 7
	2 # 8
	3 # 6
	4 # 9
	5 # 5
	6 # 1
	7 # 11
Timestep 5:
	0 # 3
	1 # 11
	2 # 12
	3 # 5
	4 # 8
	5 # 4
	6 # 2
	7 # 14
Timestep 6:
	0 # 7
	1 # 10
	2 # 12
	3 # 9
	4 # 8
	5 # 4
	6 # 6
	7 # 14

