Solution makespan:8
Timestep 0:
	0 # 9
	1 # 4
	2 # 2
	3 # 10
	4 # 11
	5 # 0
	6 # 6
	7 # 3
Timestep 1:
	0 # 9
	1 # 5
	2 # 1
	3 # 6
	4 # 11
	5 # 0
	6 # 7
	7 # 4
Timestep 2:
	0 # 9
	1 # 7
	2 # 1
	3 # 10
	4 # 12
	5 # 3
	6 # 8
	7 # 6
Timestep 3:
	0 # 9
	1 # 7
	2 # 5
	3 # 11
	4 # 12
	5 # 4
	6 # 8
	7 # 10
Timestep 4:
	0 # 9
	1 # 5
	2 # 4
	3 # 7
	4 # 12
	5 # 6
	6 # 8
	7 # 10
Timestep 5:
	0 # 10
	1 # 7
	2 # 3
	3 # 6
	4 # 12
	5 # 4
	6 # 8
	7 # 11
Timestep 6:
	0 # 11
	1 # 6
	2 # 3
	3 # 4
	4 # 12
	5 # 5
	6 # 8
	7 # 7
Timestep 7:
	0 # 11
	1 # 10
	2 # 3
	3 # 4
	4 # 8
	5 # 1
	6 # 7
	7 # 6
Timestep 8:
	0 # 12
	1 # 11
	2 # 0
	3 # 3
	4 # 8
	5 # 2
	6 # 5
	7 # 7

