Solution makespan:11
Timestep 0:
	0 # 36
	1 # 5
	2 # 23
	3 # 21
	4 # 20
	5 # 12
	6 # 51
	7 # 3
	8 # 19
	9 # 41
	10 # 33
	11 # 9
	12 # 16
	13 # 8
	14 # 53
	15 # 14
	16 # 2
	17 # 55
	18 # 24
	19 # 6
Timestep 1:
	0 # 28
	1 # 4
	2 # 24
	3 # 22
	4 # 14
	5 # 12
	6 # 44
	7 # 11
	8 # 26
	9 # 34
	10 # 32
	11 # 9
	12 # 16
	13 # 1
	14 # 54
	15 # 15
	16 # 10
	17 # 55
	18 # 31
	19 # 7
Timestep 2:
	0 # 21
	1 # 3
	2 # 31
	3 # 23
	4 # 20
	5 # 13
	6 # 37
	7 # 11
	8 # 34
	9 # 33
	10 # 39
	11 # 10
	12 # 16
	13 # 0
	14 # 46
	15 # 14
	16 # 17
	17 # 54
	18 # 30
	19 # 15
Timestep 3:
	0 # 22
	1 # 2
	2 # 38
	3 # 24
	4 # 27
	5 # 19
	6 # 44
	7 # 12
	8 # 33
	9 # 40
	10 # 46
	11 # 10
	12 # 9
	13 # 0
	14 # 47
	15 # 14
	16 # 17
	17 # 53
	18 # 30
	19 # 21
Timestep 4:
	0 # 23
	1 # 10
	2 # 38
	3 # 25
	4 # 20
	5 # 26
	6 # 51
	7 # 13
	8 # 32
	9 # 39
	10 # 47
	11 # 11
	12 # 8
	13 # 0
	14 # 40
	15 # 15
	16 # 16
	17 # 52
	18 # 29
	19 # 22
Timestep 5:
	0 # 24
	1 # 17
	2 # 45
	3 # 32
	4 # 14
	5 # 26
	6 # 50
	7 # 13
	8 # 31
	9 # 46
	10 # 40
	11 # 18
	12 # 8
	13 # 7
	14 # 39
	15 # 21
	16 # 9
	17 # 51
	18 # 37
	19 # 23
Timestep 6:
	0 # 25
	1 # 17
	2 # 45
	3 # 33
	4 # 15
	5 # 34
	6 # 49
	7 # 12
	8 # 30
	9 # 46
	10 # 39
	11 # 11
	12 # 7
	13 # 6
	14 # 32
	15 # 28
	16 # 8
	17 # 44
	18 # 29
	19 # 24
Timestep 7:
	0 # 18
	1 # 17
	2 # 45
	3 # 40
	4 # 15
	5 # 41
	6 # 50
	7 # 11
	8 # 30
	9 # 47
	10 # 38
	11 # 3
	12 # 8
	13 # 14
	14 # 25
	15 # 36
	16 # 1
	17 # 37
	18 # 22
	19 # 31
Timestep 8:
	0 # 11
	1 # 18
	2 # 38
	3 # 47
	4 # 7
	5 # 41
	6 # 51
	7 # 10
	8 # 29
	9 # 48
	10 # 31
	11 # 2
	12 # 8
	13 # 15
	14 # 24
	15 # 43
	16 # 0
	17 # 36
	18 # 22
	19 # 32
Timestep 9:
	0 # 12
	1 # 25
	2 # 31
	3 # 55
	4 # 8
	5 # 40
	6 # 51
	7 # 9
	8 # 37
	9 # 41
	10 # 24
	11 # 3
	12 # 1
	13 # 21
	14 # 17
	15 # 42
	16 # 0
	17 # 28
	18 # 29
	19 # 39
Timestep 10:
	0 # 13
	1 # 32
	2 # 31
	3 # 47
	4 # 9
	5 # 41
	6 # 44
	7 # 16
	8 # 36
	9 # 34
	10 # 24
	11 # 11
	12 # 1
	13 # 22
	14 # 17
	15 # 42
	16 # 7
	17 # 27
	18 # 28
	19 # 46
Timestep 11:
	0 # 19
	1 # 39
	2 # 38
	3 # 48
	4 # 10
	5 # 41
	6 # 51
	7 # 23
	8 # 43
	9 # 34
	10 # 25
	11 # 18
	12 # 8
	13 # 29
	14 # 17
	15 # 49
	16 # 15
	17 # 20
	18 # 27
	19 # 54

