Solution makespan:11
Timestep 0:
	0 # 15
	1 # 9
	2 # 48
	3 # 56
	4 # 37
	5 # 34
	6 # 14
	7 # 5
Timestep 1:
	0 # 14
	1 # 17
	2 # 49
	3 # 56
	4 # 31
	5 # 33
	6 # 21
	7 # 5
Timestep 2:
	0 # 14
	1 # 16
	2 # 49
	3 # 55
	4 # 23
	5 # 26
	6 # 29
	7 # 4
Timestep 3:
	0 # 15
	1 # 8
	2 # 48
	3 # 49
	4 # 24
	5 # 19
	6 # 28
	7 # 4
Timestep 4:
	0 # 22
	1 # 0
	2 # 42
	3 # 49
	4 # 17
	5 # 20
	6 # 27
	7 # 3
Timestep 5:
	0 # 30
	1 # 1
	2 # 43
	3 # 49
	4 # 9
	5 # 27
	6 # 26
	7 # 4
Timestep 6:
	0 # 29
	1 # 1
	2 # 44
	3 # 43
	4 # 10
	5 # 28
	6 # 25
	7 # 12
Timestep 7:
	0 # 35
	1 # 9
	2 # 36
	3 # 44
	4 # 11
	5 # 29
	6 # 25
	7 # 20
Timestep 8:
	0 # 29
	1 # 10
	2 # 35
	3 # 36
	4 # 12
	5 # 21
	6 # 24
	7 # 27
Timestep 9:
	0 # 21
	1 # 11
	2 # 35
	3 # 44
	4 # 4
	5 # 14
	6 # 32
	7 # 26
Timestep 10:
	0 # 14
	1 # 10
	2 # 29
	3 # 36
	4 # 5
	5 # 15
	6 # 32
	7 # 25
Timestep 11:
	0 # 13
	1 # 11
	2 # 28
	3 # 30
	4 # 6
	5 # 14
	6 # 32
	7 # 24

