Solution makespan:11
Timestep 0:
	0 # 16
	1 # 1
	2 # 48
	3 # 11
	4 # 34
	5 # 10
	6 # 41
	7 # 47
	8 # 13
	9 # 55
	10 # 0
	11 # 20
	12 # 40
	13 # 19
	14 # 56
	15 # 29
	16 # 30
	17 # 44
	18 # 42
	19 # 9
Timestep 1:
	0 # 15
	1 # 1
	2 # 47
	3 # 11
	4 # 42
	5 # 3
	6 # 41
	7 # 46
	8 # 21
	9 # 55
	10 # 8
	11 # 20
	12 # 40
	13 # 18
	14 # 48
	15 # 36
	16 # 37
	17 # 45
	18 # 43
	19 # 9
Timestep 2:
	0 # 14
	1 # 2
	2 # 46
	3 # 18
	4 # 49
	5 # 4
	6 # 33
	7 # 39
	8 # 21
	9 # 55
	10 # 8
	11 # 27
	12 # 41
	13 # 17
	14 # 47
	15 # 29
	16 # 30
	17 # 52
	18 # 35
	19 # 1
Timestep 3:
	0 # 22
	1 # 3
	2 # 39
	3 # 19
	4 # 48
	5 # 5
	6 # 26
	7 # 40
	8 # 28
	9 # 47
	10 # 9
	11 # 34
	12 # 42
	13 # 25
	14 # 46
	15 # 30
	16 # 23
	17 # 53
	18 # 35
	19 # 2
Timestep 4:
	0 # 22
	1 # 10
	2 # 32
	3 # 20
	4 # 47
	5 # 6
	6 # 19
	7 # 41
	8 # 35
	9 # 46
	10 # 9
	11 # 33
	12 # 43
	13 # 25
	14 # 39
	15 # 29
	16 # 24
	17 # 54
	18 # 34
	19 # 3
Timestep 5:
	0 # 14
	1 # 17
	2 # 31
	3 # 21
	4 # 46
	5 # 12
	6 # 26
	7 # 42
	8 # 43
	9 # 39
	10 # 15
	11 # 41
	12 # 50
	13 # 32
	14 # 38
	15 # 22
	16 # 16
	17 # 55
	18 # 27
	19 # 4
Timestep 6:
	0 # 15
	1 # 25
	2 # 24
	3 # 28
	4 # 54
	5 # 20
	6 # 33
	7 # 34
	8 # 42
	9 # 38
	10 # 9
	11 # 48
	12 # 43
	13 # 39
	14 # 31
	15 # 23
	16 # 17
	17 # 55
	18 # 26
	19 # 11
Timestep 7:
	0 # 14
	1 # 32
	2 # 16
	3 # 28
	4 # 53
	5 # 27
	6 # 41
	7 # 33
	8 # 49
	9 # 31
	10 # 1
	11 # 48
	12 # 35
	13 # 38
	14 # 24
	15 # 15
	16 # 18
	17 # 56
	18 # 19
	19 # 11
Timestep 8:
	0 # 22
	1 # 39
	2 # 15
	3 # 27
	4 # 52
	5 # 34
	6 # 48
	7 # 33
	8 # 57
	9 # 30
	10 # 2
	11 # 47
	12 # 28
	13 # 31
	14 # 16
	15 # 9
	16 # 19
	17 # 55
	18 # 26
	19 # 11
Timestep 9:
	0 # 29
	1 # 40
	2 # 14
	3 # 34
	4 # 51
	5 # 33
	6 # 56
	7 # 26
	8 # 49
	9 # 31
	10 # 2
	11 # 46
	12 # 35
	13 # 38
	14 # 15
	15 # 9
	16 # 20
	17 # 55
	18 # 19
	19 # 4
Timestep 10:
	0 # 36
	1 # 47
	2 # 8
	3 # 35
	4 # 44
	5 # 41
	6 # 56
	7 # 33
	8 # 48
	9 # 32
	10 # 3
	11 # 39
	12 # 43
	13 # 37
	14 # 23
	15 # 1
	16 # 21
	17 # 55
	18 # 18
	19 # 11
Timestep 11:
	0 # 44
	1 # 46
	2 # 0
	3 # 43
	4 # 51
	5 # 41
	6 # 56
	7 # 26
	8 # 48
	9 # 25
	10 # 4
	11 # 40
	12 # 50
	13 # 45
	14 # 24
	15 # 2
	16 # 13
	17 # 55
	18 # 17
	19 # 18

