Solution makespan:11
Timestep 0:
	0 # 16
	1 # 8
	2 # 31
	3 # 26
	4 # 6
	5 # 5
	6 # 43
	7 # 39
Timestep 1:
	0 # 10
	1 # 9
	2 # 31
	3 # 27
	4 # 5
	5 # 12
	6 # 43
	7 # 47
Timestep 2:
	0 # 9
	1 # 8
	2 # 32
	3 # 34
	4 # 4
	5 # 19
	6 # 44
	7 # 55
Timestep 3:
	0 # 9
	1 # 15
	2 # 25
	3 # 42
	4 # 3
	5 # 18
	6 # 45
	7 # 54
Timestep 4:
	0 # 1
	1 # 22
	2 # 18
	3 # 42
	4 # 2
	5 # 17
	6 # 46
	7 # 53
Timestep 5:
	0 # 2
	1 # 29
	2 # 17
	3 # 34
	4 # 10
	5 # 16
	6 # 38
	7 # 52
Timestep 6:
	0 # 2
	1 # 28
	2 # 16
	3 # 27
	4 # 9
	5 # 24
	6 # 39
	7 # 44
Timestep 7:
	0 # 3
	1 # 35
	2 # 10
	3 # 34
	4 # 8
	5 # 23
	6 # 40
	7 # 36
Timestep 8:
	0 # 4
	1 # 35
	2 # 2
	3 # 34
	4 # 15
	5 # 30
	6 # 32
	7 # 36
Timestep 9:
	0 # 4
	1 # 28
	2 # 1
	3 # 33
	4 # 22
	5 # 29
	6 # 25
	7 # 37
Timestep 10:
	0 # 4
	1 # 21
	2 # 9
	3 # 33
	4 # 29
	5 # 28
	6 # 18
	7 # 30
Timestep 11:
	0 # 11
	1 # 28
	2 # 8
	3 # 32
	4 # 36
	5 # 35
	6 # 17
	7 # 23

