Solution makespan:6
Timestep 0:
	0 # 0
	1 # 15
	2 # 10
	3 # 11
	4 # 13
	5 # 12
	6 # 3
	7 # 14
Timestep 1:
	0 # 1
	1 # 14
	2 # 9
	3 # 15
	4 # 12
	5 # 8
	6 # 2
	7 # 13
Timestep 2:
	0 # 2
	1 # 14
	2 # 8
	3 # 15
	4 # 12
	5 # 4
	6 # 6
	7 # 9
Timestep 3:
	0 # 3
	1 # 15
	2 # 12
	3 # 11
	4 # 13
	5 # 0
	6 # 5
	7 # 10
Timestep 4:
	0 # 7
	1 # 15
	2 # 8
	3 # 10
	4 # 9
	5 # 1
	6 # 5
	7 # 14
Timestep 5:
	0 # 11
	1 # 15
	2 # 12
	3 # 6
	4 # 5
	5 # 2
	6 # 4
	7 # 14
Timestep 6:
	0 # 10
	1 # 11
	2 # 13
	3 # 5
	4 # 1
	5 # 3
	6 # 8
	7 # 15

