Solution makespan:11
Timestep 0:
	0 # 24
	1 # 54
	2 # 6
	3 # 42
	4 # 45
	5 # 33
	6 # 18
	7 # 34
	8 # 16
	9 # 40
	10 # 4
	11 # 36
	12 # 46
	13 # 8
	14 # 49
	15 # 28
	16 # 20
	17 # 10
	18 # 5
	19 # 9
	20 # 12
	21 # 55
	22 # 23
	23 # 0
	24 # 26
	25 # 25
	26 # 48
	27 # 37
	28 # 53
	29 # 52
	30 # 22
	31 # 2
Timestep 1:
	0 # 31
	1 # 53
	2 # 6
	3 # 41
	4 # 38
	5 # 25
	6 # 19
	7 # 42
	8 # 15
	9 # 32
	10 # 3
	11 # 28
	12 # 39
	13 # 8
	14 # 57
	15 # 21
	16 # 27
	17 # 11
	18 # 4
	19 # 9
	20 # 13
	21 # 54
	22 # 30
	23 # 0
	24 # 26
	25 # 18
	26 # 47
	27 # 44
	28 # 46
	29 # 45
	30 # 29
	31 # 10
Timestep 2:
	0 # 32
	1 # 52
	2 # 5
	3 # 40
	4 # 30
	5 # 26
	6 # 20
	7 # 41
	8 # 15
	9 # 33
	10 # 11
	11 # 21
	12 # 38
	13 # 0
	14 # 56
	15 # 22
	16 # 35
	17 # 12
	18 # 4
	19 # 10
	20 # 13
	21 # 53
	22 # 29
	23 # 1
	24 # 34
	25 # 19
	26 # 54
	27 # 51
	28 # 39
	29 # 46
	30 # 37
	31 # 16
Timestep 3:
	0 # 32
	1 # 45
	2 # 4
	3 # 39
	4 # 29
	5 # 27
	6 # 19
	7 # 41
	8 # 16
	9 # 25
	10 # 12
	11 # 21
	12 # 37
	13 # 8
	14 # 57
	15 # 22
	16 # 34
	17 # 17
	18 # 3
	19 # 10
	20 # 13
	21 # 46
	22 # 28
	23 # 9
	24 # 42
	25 # 14
	26 # 55
	27 # 52
	28 # 31
	29 # 47
	30 # 44
	31 # 23
Timestep 4:
	0 # 33
	1 # 44
	2 # 3
	3 # 31
	4 # 29
	5 # 27
	6 # 14
	7 # 40
	8 # 10
	9 # 26
	10 # 13
	11 # 28
	12 # 37
	13 # 9
	14 # 56
	15 # 23
	16 # 34
	17 # 18
	18 # 2
	19 # 11
	20 # 5
	21 # 39
	22 # 36
	23 # 15
	24 # 41
	25 # 6
	26 # 54
	27 # 45
	28 # 24
	29 # 46
	30 # 51
	31 # 30
Timestep 5:
	0 # 34
	1 # 37
	2 # 2
	3 # 24
	4 # 30
	5 # 20
	6 # 14
	7 # 32
	8 # 10
	9 # 26
	10 # 18
	11 # 28
	12 # 36
	13 # 15
	14 # 55
	15 # 16
	16 # 42
	17 # 19
	18 # 1
	19 # 12
	20 # 4
	21 # 31
	22 # 43
	23 # 22
	24 # 40
	25 # 6
	26 # 47
	27 # 46
	28 # 23
	29 # 53
	30 # 52
	31 # 38
Timestep 6:
	0 # 42
	1 # 38
	2 # 1
	3 # 23
	4 # 31
	5 # 20
	6 # 13
	7 # 32
	8 # 11
	9 # 27
	10 # 25
	11 # 29
	12 # 36
	13 # 22
	14 # 48
	15 # 10
	16 # 41
	17 # 26
	18 # 9
	19 # 12
	20 # 3
	21 # 24
	22 # 50
	23 # 21
	24 # 39
	25 # 6
	26 # 40
	27 # 47
	28 # 16
	29 # 54
	30 # 53
	31 # 45
Timestep 7:
	0 # 42
	1 # 39
	2 # 1
	3 # 22
	4 # 24
	5 # 19
	6 # 5
	7 # 31
	8 # 12
	9 # 26
	10 # 33
	11 # 30
	12 # 37
	13 # 21
	14 # 47
	15 # 9
	16 # 48
	17 # 34
	18 # 15
	19 # 4
	20 # 3
	21 # 23
	22 # 50
	23 # 28
	24 # 46
	25 # 14
	26 # 32
	27 # 40
	28 # 16
	29 # 55
	30 # 54
	31 # 52
Timestep 8:
	0 # 34
	1 # 40
	2 # 9
	3 # 29
	4 # 23
	5 # 18
	6 # 5
	7 # 24
	8 # 13
	9 # 27
	10 # 32
	11 # 30
	12 # 38
	13 # 28
	14 # 46
	15 # 8
	16 # 47
	17 # 33
	18 # 22
	19 # 4
	20 # 2
	21 # 16
	22 # 51
	23 # 36
	24 # 45
	25 # 19
	26 # 31
	27 # 41
	28 # 10
	29 # 48
	30 # 55
	31 # 53
Timestep 9:
	0 # 34
	1 # 32
	2 # 15
	3 # 37
	4 # 16
	5 # 17
	6 # 13
	7 # 24
	8 # 14
	9 # 27
	10 # 31
	11 # 23
	12 # 39
	13 # 36
	14 # 45
	15 # 8
	16 # 46
	17 # 41
	18 # 29
	19 # 12
	20 # 1
	21 # 10
	22 # 44
	23 # 43
	24 # 52
	25 # 26
	26 # 30
	27 # 42
	28 # 2
	29 # 55
	30 # 56
	31 # 53
Timestep 10:
	0 # 34
	1 # 33
	2 # 22
	3 # 38
	4 # 10
	5 # 17
	6 # 18
	7 # 23
	8 # 19
	9 # 35
	10 # 39
	11 # 16
	12 # 40
	13 # 43
	14 # 44
	15 # 0
	16 # 45
	17 # 48
	18 # 29
	19 # 13
	20 # 9
	21 # 2
	22 # 37
	23 # 50
	24 # 53
	25 # 27
	26 # 30
	27 # 41
	28 # 3
	29 # 55
	30 # 57
	31 # 54
Timestep 11:
	0 # 35
	1 # 41
	2 # 23
	3 # 39
	4 # 11
	5 # 18
	6 # 25
	7 # 16
	8 # 20
	9 # 27
	10 # 46
	11 # 10
	12 # 47
	13 # 50
	14 # 45
	15 # 0
	16 # 52
	17 # 55
	18 # 30
	19 # 14
	20 # 15
	21 # 1
	22 # 37
	23 # 51
	24 # 53
	25 # 26
	26 # 31
	27 # 40
	28 # 4
	29 # 56
	30 # 57
	31 # 54

