Solution makespan:14
Timestep 0:
	0 # 53
	1 # 5
	2 # 32
	3 # 44
	4 # 20
	5 # 39
	6 # 13
	7 # 26
	8 # 22
	9 # 24
	10 # 49
	11 # 4
	12 # 51
	13 # 28
	14 # 17
	15 # 50
	16 # 16
	17 # 1
	18 # 9
	19 # 2
Timestep 1:
	0 # 52
	1 # 13
	2 # 39
	3 # 38
	4 # 20
	5 # 46
	6 # 12
	7 # 33
	8 # 27
	9 # 18
	10 # 42
	11 # 3
	12 # 44
	13 # 23
	14 # 17
	15 # 50
	16 # 16
	17 # 0
	18 # 8
	19 # 10
Timestep 2:
	0 # 51
	1 # 12
	2 # 39
	3 # 37
	4 # 20
	5 # 45
	6 # 11
	7 # 32
	8 # 28
	9 # 19
	10 # 42
	11 # 4
	12 # 38
	13 # 22
	14 # 23
	15 # 49
	16 # 8
	17 # 1
	18 # 0
	19 # 9
Timestep 3:
	0 # 50
	1 # 13
	2 # 46
	3 # 36
	4 # 19
	5 # 44
	6 # 11
	7 # 39
	8 # 29
	9 # 12
	10 # 49
	11 # 5
	12 # 31
	13 # 27
	14 # 28
	15 # 48
	16 # 16
	17 # 1
	18 # 8
	19 # 17
Timestep 4:
	0 # 43
	1 # 12
	2 # 53
	3 # 36
	4 # 19
	5 # 51
	6 # 10
	7 # 46
	8 # 30
	9 # 4
	10 # 42
	11 # 13
	12 # 38
	13 # 28
	14 # 35
	15 # 48
	16 # 22
	17 # 2
	18 # 0
	19 # 9
Timestep 5:
	0 # 37
	1 # 11
	2 # 52
	3 # 36
	4 # 18
	5 # 50
	6 # 10
	7 # 45
	8 # 24
	9 # 5
	10 # 43
	11 # 20
	12 # 44
	13 # 23
	14 # 28
	15 # 47
	16 # 27
	17 # 3
	18 # 0
	19 # 17
Timestep 6:
	0 # 30
	1 # 10
	2 # 51
	3 # 37
	4 # 11
	5 # 49
	6 # 9
	7 # 44
	8 # 18
	9 # 13
	10 # 42
	11 # 20
	12 # 43
	13 # 22
	14 # 27
	15 # 40
	16 # 34
	17 # 4
	18 # 1
	19 # 23
Timestep 7:
	0 # 24
	1 # 9
	2 # 44
	3 # 43
	4 # 10
	5 # 48
	6 # 17
	7 # 38
	8 # 18
	9 # 5
	10 # 41
	11 # 19
	12 # 50
	13 # 16
	14 # 22
	15 # 34
	16 # 35
	17 # 12
	18 # 2
	19 # 28
Timestep 8:
	0 # 18
	1 # 8
	2 # 38
	3 # 50
	4 # 9
	5 # 41
	6 # 23
	7 # 31
	8 # 11
	9 # 6
	10 # 42
	11 # 12
	12 # 51
	13 # 16
	14 # 22
	15 # 27
	16 # 36
	17 # 13
	18 # 1
	19 # 35
Timestep 9:
	0 # 19
	1 # 9
	2 # 37
	3 # 51
	4 # 17
	5 # 40
	6 # 23
	7 # 31
	8 # 18
	9 # 6
	10 # 49
	11 # 13
	12 # 52
	13 # 16
	14 # 22
	15 # 28
	16 # 42
	17 # 5
	18 # 2
	19 # 41
Timestep 10:
	0 # 20
	1 # 1
	2 # 36
	3 # 44
	4 # 23
	5 # 34
	6 # 22
	7 # 30
	8 # 19
	9 # 7
	10 # 48
	11 # 13
	12 # 53
	13 # 16
	14 # 27
	15 # 35
	16 # 41
	17 # 5
	18 # 10
	19 # 40
Timestep 11:
	0 # 21
	1 # 0
	2 # 29
	3 # 45
	4 # 28
	5 # 34
	6 # 16
	7 # 24
	8 # 20
	9 # 7
	10 # 49
	11 # 14
	12 # 54
	13 # 17
	14 # 22
	15 # 36
	16 # 48
	17 # 5
	18 # 11
	19 # 40
Timestep 12:
	0 # 14
	1 # 1
	2 # 28
	3 # 46
	4 # 35
	5 # 40
	6 # 8
	7 # 24
	8 # 21
	9 # 6
	10 # 42
	11 # 15
	12 # 53
	13 # 23
	14 # 16
	15 # 37
	16 # 49
	17 # 13
	18 # 12
	19 # 41
Timestep 13:
	0 # 6
	1 # 2
	2 # 23
	3 # 39
	4 # 34
	5 # 41
	6 # 16
	7 # 18
	8 # 21
	9 # 5
	10 # 36
	11 # 15
	12 # 52
	13 # 22
	14 # 17
	15 # 30
	16 # 42
	17 # 20
	18 # 19
	19 # 35
Timestep 14:
	0 # 7
	1 # 3
	2 # 23
	3 # 32
	4 # 40
	5 # 35
	6 # 16
	7 # 11
	8 # 14
	9 # 13
	10 # 29
	11 # 15
	12 # 51
	13 # 22
	14 # 9
	15 # 24
	16 # 36
	17 # 21
	18 # 18
	19 # 28

