Solution makespan:11
Timestep 0:
	0 # 3
	1 # 1
	2 # 0
	3 # 2
	4 # 30
	5 # 35
	6 # 47
	7 # 11
	8 # 9
	9 # 49
	10 # 39
	11 # 46
	12 # 45
	13 # 27
	14 # 42
	15 # 25
	16 # 56
	17 # 20
	18 # 18
	19 # 5
	20 # 24
	21 # 23
	22 # 10
	23 # 36
Timestep 1:
	0 # 3
	1 # 1
	2 # 7
	3 # 9
	4 # 30
	5 # 28
	6 # 46
	7 # 11
	8 # 8
	9 # 48
	10 # 40
	11 # 38
	12 # 44
	13 # 27
	14 # 42
	15 # 33
	16 # 56
	17 # 21
	18 # 19
	19 # 4
	20 # 24
	21 # 15
	22 # 18
	23 # 36
Timestep 2:
	0 # 2
	1 # 1
	2 # 14
	3 # 17
	4 # 23
	5 # 21
	6 # 45
	7 # 12
	8 # 9
	9 # 48
	10 # 33
	11 # 39
	12 # 51
	13 # 28
	14 # 49
	15 # 32
	16 # 56
	17 # 13
	18 # 19
	19 # 3
	20 # 31
	21 # 16
	22 # 25
	23 # 29
Timestep 3:
	0 # 3
	1 # 0
	2 # 15
	3 # 18
	4 # 24
	5 # 20
	6 # 44
	7 # 5
	8 # 9
	9 # 41
	10 # 32
	11 # 40
	12 # 51
	13 # 35
	14 # 48
	15 # 31
	16 # 50
	17 # 21
	18 # 11
	19 # 10
	20 # 38
	21 # 17
	22 # 25
	23 # 22
Timestep 4:
	0 # 4
	1 # 1
	2 # 16
	3 # 17
	4 # 23
	5 # 19
	6 # 36
	7 # 6
	8 # 8
	9 # 34
	10 # 32
	11 # 41
	12 # 44
	13 # 43
	14 # 55
	15 # 30
	16 # 49
	17 # 28
	18 # 12
	19 # 11
	20 # 39
	21 # 9
	22 # 33
	23 # 14
Timestep 5:
	0 # 5
	1 # 0
	2 # 24
	3 # 18
	4 # 22
	5 # 11
	6 # 37
	7 # 13
	8 # 16
	9 # 26
	10 # 31
	11 # 34
	12 # 45
	13 # 42
	14 # 54
	15 # 29
	16 # 50
	17 # 35
	18 # 20
	19 # 4
	20 # 40
	21 # 9
	22 # 32
	23 # 7
Timestep 6:
	0 # 5
	1 # 0
	2 # 31
	3 # 25
	4 # 29
	5 # 11
	6 # 38
	7 # 12
	8 # 15
	9 # 19
	10 # 30
	11 # 26
	12 # 45
	13 # 42
	14 # 53
	15 # 36
	16 # 56
	17 # 43
	18 # 27
	19 # 3
	20 # 41
	21 # 10
	22 # 39
	23 # 14
Timestep 7:
	0 # 6
	1 # 1
	2 # 32
	3 # 33
	4 # 30
	5 # 4
	6 # 39
	7 # 5
	8 # 14
	9 # 19
	10 # 23
	11 # 26
	12 # 44
	13 # 42
	14 # 52
	15 # 36
	16 # 56
	17 # 50
	18 # 28
	19 # 2
	20 # 34
	21 # 11
	22 # 47
	23 # 22
Timestep 8:
	0 # 6
	1 # 0
	2 # 39
	3 # 33
	4 # 37
	5 # 3
	6 # 40
	7 # 4
	8 # 14
	9 # 11
	10 # 23
	11 # 25
	12 # 45
	13 # 41
	14 # 46
	15 # 44
	16 # 50
	17 # 49
	18 # 35
	19 # 9
	20 # 26
	21 # 12
	22 # 47
	23 # 29
Timestep 9:
	0 # 6
	1 # 7
	2 # 40
	3 # 32
	4 # 38
	5 # 10
	6 # 33
	7 # 3
	8 # 15
	9 # 4
	10 # 24
	11 # 18
	12 # 44
	13 # 34
	14 # 45
	15 # 51
	16 # 49
	17 # 48
	18 # 43
	19 # 17
	20 # 19
	21 # 13
	22 # 46
	23 # 30
Timestep 10:
	0 # 13
	1 # 14
	2 # 41
	3 # 33
	4 # 39
	5 # 11
	6 # 25
	7 # 4
	8 # 15
	9 # 5
	10 # 16
	11 # 10
	12 # 45
	13 # 26
	14 # 37
	15 # 51
	16 # 49
	17 # 48
	18 # 50
	19 # 18
	20 # 20
	21 # 21
	22 # 46
	23 # 31
Timestep 11:
	0 # 12
	1 # 15
	2 # 42
	3 # 34
	4 # 40
	5 # 11
	6 # 18
	7 # 5
	8 # 23
	9 # 6
	10 # 17
	11 # 3
	12 # 46
	13 # 25
	14 # 36
	15 # 51
	16 # 50
	17 # 41
	18 # 56
	19 # 19
	20 # 27
	21 # 20
	22 # 47
	23 # 24

