Solution makespan:12
Timestep 0:
	0 # 55
	1 # 35
	2 # 40
	3 # 16
	4 # 48
	5 # 43
	6 # 50
	7 # 0
	8 # 49
	9 # 47
	10 # 9
	11 # 58
	12 # 7
	13 # 53
	14 # 21
	15 # 54
	16 # 25
	17 # 57
	18 # 20
	19 # 24
	20 # 4
	21 # 44
	22 # 37
	23 # 2
	24 # 26
	25 # 15
	26 # 11
	27 # 39
	28 # 52
	29 # 56
	30 # 22
	31 # 6
Timestep 1:
	0 # 47
	1 # 36
	2 # 41
	3 # 8
	4 # 40
	5 # 35
	6 # 58
	7 # 1
	8 # 48
	9 # 39
	10 # 10
	11 # 57
	12 # 14
	13 # 52
	14 # 22
	15 # 46
	16 # 18
	17 # 56
	18 # 26
	19 # 24
	20 # 4
	21 # 44
	22 # 45
	23 # 3
	24 # 34
	25 # 16
	26 # 11
	27 # 38
	28 # 51
	29 # 55
	30 # 23
	31 # 13
Timestep 2:
	0 # 39
	1 # 37
	2 # 49
	3 # 1
	4 # 48
	5 # 35
	6 # 57
	7 # 2
	8 # 47
	9 # 32
	10 # 18
	11 # 56
	12 # 15
	13 # 51
	14 # 29
	15 # 45
	16 # 19
	17 # 55
	18 # 26
	19 # 23
	20 # 5
	21 # 36
	22 # 53
	23 # 4
	24 # 41
	25 # 8
	26 # 11
	27 # 46
	28 # 43
	29 # 54
	30 # 16
	31 # 13
Timestep 3:
	0 # 40
	1 # 38
	2 # 50
	3 # 1
	4 # 49
	5 # 36
	6 # 56
	7 # 3
	8 # 46
	9 # 33
	10 # 25
	11 # 55
	12 # 16
	13 # 51
	14 # 30
	15 # 37
	16 # 20
	17 # 47
	18 # 34
	19 # 24
	20 # 12
	21 # 29
	22 # 52
	23 # 5
	24 # 42
	25 # 9
	26 # 10
	27 # 45
	28 # 43
	29 # 53
	30 # 17
	31 # 13
Timestep 4:
	0 # 48
	1 # 39
	2 # 49
	3 # 8
	4 # 57
	5 # 37
	6 # 55
	7 # 4
	8 # 45
	9 # 40
	10 # 32
	11 # 54
	12 # 17
	13 # 43
	14 # 23
	15 # 30
	16 # 26
	17 # 47
	18 # 41
	19 # 31
	20 # 20
	21 # 22
	22 # 51
	23 # 5
	24 # 42
	25 # 2
	26 # 9
	27 # 44
	28 # 35
	29 # 52
	30 # 18
	31 # 6
Timestep 5:
	0 # 47
	1 # 32
	2 # 48
	3 # 16
	4 # 57
	5 # 37
	6 # 55
	7 # 4
	8 # 45
	9 # 40
	10 # 33
	11 # 53
	12 # 18
	13 # 35
	14 # 24
	15 # 23
	16 # 34
	17 # 39
	18 # 49
	19 # 30
	20 # 26
	21 # 15
	22 # 52
	23 # 12
	24 # 42
	25 # 2
	26 # 9
	27 # 36
	28 # 28
	29 # 44
	30 # 19
	31 # 5
Timestep 6:
	0 # 47
	1 # 25
	2 # 40
	3 # 15
	4 # 58
	5 # 37
	6 # 56
	7 # 11
	8 # 44
	9 # 39
	10 # 33
	11 # 45
	12 # 19
	13 # 43
	14 # 24
	15 # 16
	16 # 41
	17 # 32
	18 # 48
	19 # 31
	20 # 34
	21 # 14
	22 # 53
	23 # 13
	24 # 42
	25 # 3
	26 # 9
	27 # 29
	28 # 28
	29 # 36
	30 # 20
	31 # 4
Timestep 7:
	0 # 55
	1 # 18
	2 # 33
	3 # 15
	4 # 58
	5 # 45
	6 # 48
	7 # 4
	8 # 36
	9 # 39
	10 # 32
	11 # 44
	12 # 20
	13 # 35
	14 # 31
	15 # 8
	16 # 40
	17 # 25
	18 # 47
	19 # 38
	20 # 41
	21 # 14
	22 # 54
	23 # 6
	24 # 50
	25 # 10
	26 # 17
	27 # 22
	28 # 21
	29 # 29
	30 # 26
	31 # 3
Timestep 8:
	0 # 56
	1 # 19
	2 # 33
	3 # 16
	4 # 50
	5 # 44
	6 # 47
	7 # 4
	8 # 29
	9 # 39
	10 # 25
	11 # 36
	12 # 26
	13 # 35
	14 # 32
	15 # 1
	16 # 48
	17 # 18
	18 # 46
	19 # 38
	20 # 49
	21 # 15
	22 # 55
	23 # 13
	24 # 42
	25 # 11
	26 # 24
	27 # 23
	28 # 21
	29 # 22
	30 # 27
	31 # 10
Timestep 9:
	0 # 57
	1 # 11
	2 # 32
	3 # 17
	4 # 49
	5 # 52
	6 # 46
	7 # 3
	8 # 29
	9 # 39
	10 # 24
	11 # 35
	12 # 34
	13 # 43
	14 # 25
	15 # 2
	16 # 47
	17 # 10
	18 # 54
	19 # 37
	20 # 41
	21 # 16
	22 # 56
	23 # 6
	24 # 42
	25 # 12
	26 # 31
	27 # 30
	28 # 14
	29 # 22
	30 # 27
	31 # 9
Timestep 10:
	0 # 58
	1 # 12
	2 # 25
	3 # 17
	4 # 48
	5 # 51
	6 # 45
	7 # 4
	8 # 22
	9 # 47
	10 # 31
	11 # 28
	12 # 41
	13 # 35
	14 # 18
	15 # 3
	16 # 55
	17 # 10
	18 # 53
	19 # 36
	20 # 40
	21 # 8
	22 # 57
	23 # 13
	24 # 42
	25 # 20
	26 # 38
	27 # 29
	28 # 7
	29 # 23
	30 # 27
	31 # 9
Timestep 11:
	0 # 50
	1 # 12
	2 # 18
	3 # 17
	4 # 56
	5 # 43
	6 # 37
	7 # 11
	8 # 15
	9 # 47
	10 # 32
	11 # 21
	12 # 49
	13 # 36
	14 # 19
	15 # 4
	16 # 54
	17 # 9
	18 # 52
	19 # 29
	20 # 48
	21 # 8
	22 # 58
	23 # 13
	24 # 42
	25 # 26
	26 # 39
	27 # 22
	28 # 14
	29 # 24
	30 # 27
	31 # 2
Timestep 12:
	0 # 49
	1 # 11
	2 # 19
	3 # 24
	4 # 56
	5 # 44
	6 # 45
	7 # 4
	8 # 16
	9 # 55
	10 # 33
	11 # 14
	12 # 57
	13 # 29
	14 # 20
	15 # 5
	16 # 53
	17 # 2
	18 # 51
	19 # 22
	20 # 48
	21 # 8
	22 # 58
	23 # 6
	24 # 50
	25 # 26
	26 # 40
	27 # 15
	28 # 7
	29 # 25
	30 # 27
	31 # 1

