Solution makespan:12
Timestep 0:
	0 # 26
	1 # 25
	2 # 48
	3 # 37
	4 # 53
	5 # 52
	6 # 22
	7 # 2
Timestep 1:
	0 # 19
	1 # 26
	2 # 55
	3 # 38
	4 # 54
	5 # 45
	6 # 29
	7 # 3
Timestep 2:
	0 # 18
	1 # 25
	2 # 56
	3 # 39
	4 # 47
	5 # 38
	6 # 37
	7 # 4
Timestep 3:
	0 # 17
	1 # 33
	2 # 55
	3 # 39
	4 # 48
	5 # 30
	6 # 38
	7 # 5
Timestep 4:
	0 # 12
	1 # 32
	2 # 54
	3 # 40
	4 # 41
	5 # 23
	6 # 39
	7 # 6
Timestep 5:
	0 # 4
	1 # 31
	2 # 53
	3 # 32
	4 # 33
	5 # 16
	6 # 40
	7 # 7
Timestep 6:
	0 # 3
	1 # 24
	2 # 52
	3 # 32
	4 # 25
	5 # 10
	6 # 47
	7 # 7
Timestep 7:
	0 # 2
	1 # 23
	2 # 45
	3 # 33
	4 # 18
	5 # 11
	6 # 46
	7 # 7
Timestep 8:
	0 # 10
	1 # 22
	2 # 38
	3 # 34
	4 # 17
	5 # 12
	6 # 53
	7 # 6
Timestep 9:
	0 # 16
	1 # 21
	2 # 37
	3 # 42
	4 # 12
	5 # 13
	6 # 53
	7 # 5
Timestep 10:
	0 # 23
	1 # 21
	2 # 29
	3 # 41
	4 # 11
	5 # 14
	6 # 53
	7 # 13
Timestep 11:
	0 # 30
	1 # 21
	2 # 22
	3 # 48
	4 # 10
	5 # 6
	6 # 54
	7 # 12
Timestep 12:
	0 # 38
	1 # 22
	2 # 15
	3 # 47
	4 # 11
	5 # 7
	6 # 55
	7 # 4

