Solution makespan:10
Timestep 0:
	0 # 14
	1 # 54
	2 # 15
	3 # 34
	4 # 27
	5 # 55
	6 # 11
	7 # 8
	8 # 18
	9 # 6
	10 # 51
	11 # 17
	12 # 59
	13 # 49
	14 # 29
	15 # 39
	16 # 47
	17 # 41
	18 # 53
	19 # 26
	20 # 2
	21 # 32
	22 # 23
	23 # 45
	24 # 42
	25 # 43
	26 # 5
	27 # 50
Timestep 1:
	0 # 13
	1 # 54
	2 # 7
	3 # 28
	4 # 27
	5 # 48
	6 # 3
	7 # 16
	8 # 18
	9 # 14
	10 # 43
	11 # 9
	12 # 58
	13 # 41
	14 # 36
	15 # 47
	16 # 46
	17 # 33
	18 # 52
	19 # 26
	20 # 10
	21 # 40
	22 # 22
	23 # 44
	24 # 34
	25 # 42
	26 # 4
	27 # 57
Timestep 2:
	0 # 13
	1 # 55
	2 # 15
	3 # 20
	4 # 27
	5 # 47
	6 # 4
	7 # 17
	8 # 19
	9 # 22
	10 # 44
	11 # 8
	12 # 58
	13 # 33
	14 # 35
	15 # 39
	16 # 38
	17 # 32
	18 # 51
	19 # 25
	20 # 9
	21 # 41
	22 # 29
	23 # 45
	24 # 28
	25 # 34
	26 # 12
	27 # 56
Timestep 3:
	0 # 14
	1 # 48
	2 # 23
	3 # 21
	4 # 26
	5 # 39
	6 # 5
	7 # 18
	8 # 20
	9 # 29
	10 # 52
	11 # 0
	12 # 51
	13 # 32
	14 # 34
	15 # 38
	16 # 30
	17 # 40
	18 # 50
	19 # 24
	20 # 9
	21 # 42
	22 # 36
	23 # 37
	24 # 28
	25 # 33
	26 # 11
	27 # 55
Timestep 4:
	0 # 14
	1 # 47
	2 # 22
	3 # 20
	4 # 26
	5 # 38
	6 # 6
	7 # 10
	8 # 12
	9 # 36
	10 # 59
	11 # 8
	12 # 52
	13 # 31
	14 # 33
	15 # 46
	16 # 24
	17 # 39
	18 # 49
	19 # 16
	20 # 17
	21 # 42
	22 # 44
	23 # 37
	24 # 28
	25 # 27
	26 # 19
	27 # 55
Timestep 5:
	0 # 15
	1 # 39
	2 # 21
	3 # 28
	4 # 32
	5 # 30
	6 # 14
	7 # 2
	8 # 4
	9 # 35
	10 # 58
	11 # 9
	12 # 44
	13 # 31
	14 # 41
	15 # 47
	16 # 24
	17 # 38
	18 # 48
	19 # 8
	20 # 17
	21 # 50
	22 # 45
	23 # 36
	24 # 34
	25 # 26
	26 # 27
	27 # 54
Timestep 6:
	0 # 15
	1 # 38
	2 # 20
	3 # 27
	4 # 26
	5 # 24
	6 # 22
	7 # 3
	8 # 5
	9 # 43
	10 # 57
	11 # 9
	12 # 52
	13 # 32
	14 # 42
	15 # 47
	16 # 16
	17 # 46
	18 # 40
	19 # 0
	20 # 25
	21 # 51
	22 # 37
	23 # 29
	24 # 35
	25 # 18
	26 # 33
	27 # 55
Timestep 7:
	0 # 15
	1 # 30
	2 # 28
	3 # 27
	4 # 25
	5 # 24
	6 # 21
	7 # 4
	8 # 5
	9 # 43
	10 # 57
	11 # 9
	12 # 59
	13 # 26
	14 # 42
	15 # 47
	16 # 8
	17 # 46
	18 # 32
	19 # 1
	20 # 31
	21 # 52
	22 # 37
	23 # 22
	24 # 36
	25 # 18
	26 # 41
	27 # 55
Timestep 8:
	0 # 15
	1 # 24
	2 # 34
	3 # 33
	4 # 31
	5 # 16
	6 # 22
	7 # 12
	8 # 5
	9 # 51
	10 # 50
	11 # 8
	12 # 59
	13 # 18
	14 # 43
	15 # 46
	16 # 0
	17 # 38
	18 # 26
	19 # 9
	20 # 39
	21 # 53
	22 # 37
	23 # 23
	24 # 29
	25 # 10
	26 # 40
	27 # 56
Timestep 9:
	0 # 7
	1 # 25
	2 # 42
	3 # 34
	4 # 32
	5 # 17
	6 # 21
	7 # 13
	8 # 4
	9 # 58
	10 # 51
	11 # 16
	12 # 52
	13 # 19
	14 # 35
	15 # 46
	16 # 1
	17 # 39
	18 # 18
	19 # 10
	20 # 47
	21 # 45
	22 # 36
	23 # 15
	24 # 29
	25 # 2
	26 # 40
	27 # 57
Timestep 10:
	0 # 6
	1 # 26
	2 # 43
	3 # 28
	4 # 33
	5 # 17
	6 # 13
	7 # 14
	8 # 5
	9 # 59
	10 # 52
	11 # 24
	12 # 53
	13 # 18
	14 # 36
	15 # 46
	16 # 1
	17 # 40
	18 # 10
	19 # 11
	20 # 48
	21 # 37
	22 # 44
	23 # 7
	24 # 29
	25 # 3
	26 # 32
	27 # 50

