Solution makespan:6
Timestep 0:
	0 # 0
	1 # 9
	2 # 3
	3 # 6
	4 # 1
	5 # 7
	6 # 5
	7 # 13
Timestep 1:
	0 # 3
	1 # 10
	2 # 4
	3 # 2
	4 # 1
	5 # 8
	6 # 6
	7 # 12
Timestep 2:
	0 # 7
	1 # 6
	2 # 3
	3 # 1
	4 # 5
	5 # 9
	6 # 2
	7 # 11
Timestep 3:
	0 # 8
	1 # 5
	2 # 7
	3 # 1
	4 # 4
	5 # 10
	6 # 6
	7 # 12
Timestep 4:
	0 # 9
	1 # 4
	2 # 11
	3 # 1
	4 # 3
	5 # 6
	6 # 5
	7 # 8
Timestep 5:
	0 # 13
	1 # 3
	2 # 11
	3 # 5
	4 # 7
	5 # 2
	6 # 4
	7 # 8
Timestep 6:
	0 # 13
	1 # 0
	2 # 12
	3 # 9
	4 # 11
	5 # 1
	6 # 3
	7 # 8

