Solution makespan:11
Timestep 0:
	0 # 1
	1 # 44
	2 # 22
	3 # 45
	4 # 11
	5 # 35
	6 # 38
	7 # 31
Timestep 1:
	0 # 8
	1 # 43
	2 # 23
	3 # 53
	4 # 12
	5 # 36
	6 # 38
	7 # 31
Timestep 2:
	0 # 9
	1 # 50
	2 # 31
	3 # 53
	4 # 11
	5 # 37
	6 # 38
	7 # 30
Timestep 3:
	0 # 10
	1 # 50
	2 # 30
	3 # 52
	4 # 18
	5 # 31
	6 # 44
	7 # 29
Timestep 4:
	0 # 11
	1 # 51
	2 # 36
	3 # 53
	4 # 25
	5 # 23
	6 # 44
	7 # 29
Timestep 5:
	0 # 12
	1 # 52
	2 # 30
	3 # 53
	4 # 32
	5 # 24
	6 # 38
	7 # 21
Timestep 6:
	0 # 13
	1 # 53
	2 # 22
	3 # 54
	4 # 32
	5 # 25
	6 # 37
	7 # 15
Timestep 7:
	0 # 14
	1 # 45
	2 # 16
	3 # 53
	4 # 32
	5 # 26
	6 # 36
	7 # 7
Timestep 8:
	0 # 20
	1 # 53
	2 # 8
	3 # 52
	4 # 32
	5 # 27
	6 # 35
	7 # 0
Timestep 9:
	0 # 28
	1 # 54
	2 # 1
	3 # 51
	4 # 32
	5 # 33
	6 # 35
	7 # 0
Timestep 10:
	0 # 34
	1 # 46
	2 # 2
	3 # 44
	4 # 25
	5 # 40
	6 # 35
	7 # 1
Timestep 11:
	0 # 41
	1 # 45
	2 # 3
	3 # 51
	4 # 18
	5 # 46
	6 # 29
	7 # 2

