Solution makespan:10
Timestep 0:
	0 # 22
	1 # 9
	2 # 15
	3 # 16
	4 # 31
	5 # 11
	6 # 35
	7 # 37
	8 # 12
	9 # 27
	10 # 28
	11 # 45
	12 # 43
	13 # 24
	14 # 3
	15 # 19
	16 # 1
	17 # 17
	18 # 25
	19 # 0
	20 # 34
	21 # 7
	22 # 48
	23 # 30
	24 # 47
	25 # 4
	26 # 2
	27 # 23
Timestep 1:
	0 # 29
	1 # 8
	2 # 14
	3 # 15
	4 # 37
	5 # 11
	6 # 27
	7 # 36
	8 # 19
	9 # 26
	10 # 28
	11 # 45
	12 # 43
	13 # 23
	14 # 9
	15 # 18
	16 # 0
	17 # 24
	18 # 25
	19 # 5
	20 # 34
	21 # 6
	22 # 49
	23 # 30
	24 # 48
	25 # 10
	26 # 2
	27 # 22
Timestep 2:
	0 # 30
	1 # 2
	2 # 21
	3 # 14
	4 # 36
	5 # 12
	6 # 20
	7 # 44
	8 # 19
	9 # 26
	10 # 27
	11 # 37
	12 # 47
	13 # 22
	14 # 16
	15 # 11
	16 # 0
	17 # 23
	18 # 18
	19 # 6
	20 # 35
	21 # 1
	22 # 45
	23 # 31
	24 # 49
	25 # 17
	26 # 3
	27 # 15
Timestep 3:
	0 # 31
	1 # 3
	2 # 28
	3 # 14
	4 # 44
	5 # 19
	6 # 21
	7 # 43
	8 # 18
	9 # 34
	10 # 26
	11 # 38
	12 # 47
	13 # 29
	14 # 23
	15 # 10
	16 # 0
	17 # 22
	18 # 11
	19 # 7
	20 # 27
	21 # 6
	22 # 37
	23 # 32
	24 # 45
	25 # 24
	26 # 4
	27 # 15
Timestep 4:
	0 # 31
	1 # 3
	2 # 28
	3 # 7
	4 # 43
	5 # 19
	6 # 14
	7 # 42
	8 # 25
	9 # 34
	10 # 26
	11 # 39
	12 # 47
	13 # 29
	14 # 30
	15 # 9
	16 # 1
	17 # 15
	18 # 12
	19 # 8
	20 # 20
	21 # 6
	22 # 38
	23 # 32
	24 # 44
	25 # 23
	26 # 10
	27 # 16
Timestep 5:
	0 # 37
	1 # 4
	2 # 28
	3 # 6
	4 # 42
	5 # 19
	6 # 15
	7 # 41
	8 # 24
	9 # 26
	10 # 27
	11 # 39
	12 # 47
	13 # 29
	14 # 36
	15 # 3
	16 # 0
	17 # 22
	18 # 12
	19 # 9
	20 # 21
	21 # 1
	22 # 32
	23 # 33
	24 # 43
	25 # 30
	26 # 11
	27 # 17
Timestep 6:
	0 # 38
	1 # 4
	2 # 29
	3 # 5
	4 # 41
	5 # 18
	6 # 8
	7 # 40
	8 # 31
	9 # 26
	10 # 35
	11 # 33
	12 # 43
	13 # 22
	14 # 44
	15 # 2
	16 # 0
	17 # 21
	18 # 11
	19 # 16
	20 # 14
	21 # 6
	22 # 25
	23 # 32
	24 # 42
	25 # 36
	26 # 10
	27 # 24
Timestep 7:
	0 # 39
	1 # 3
	2 # 30
	3 # 5
	4 # 35
	5 # 11
	6 # 9
	7 # 41
	8 # 37
	9 # 27
	10 # 34
	11 # 33
	12 # 47
	13 # 22
	14 # 48
	15 # 8
	16 # 0
	17 # 20
	18 # 10
	19 # 23
	20 # 15
	21 # 7
	22 # 18
	23 # 25
	24 # 43
	25 # 44
	26 # 4
	27 # 31
Timestep 8:
	0 # 46
	1 # 2
	2 # 36
	3 # 6
	4 # 41
	5 # 18
	6 # 10
	7 # 40
	8 # 45
	9 # 28
	10 # 26
	11 # 33
	12 # 47
	13 # 21
	14 # 49
	15 # 15
	16 # 5
	17 # 27
	18 # 17
	19 # 30
	20 # 16
	21 # 14
	22 # 19
	23 # 24
	24 # 43
	25 # 48
	26 # 4
	27 # 32
Timestep 9:
	0 # 46
	1 # 8
	2 # 37
	3 # 7
	4 # 40
	5 # 25
	6 # 11
	7 # 34
	8 # 45
	9 # 29
	10 # 27
	11 # 39
	12 # 47
	13 # 20
	14 # 50
	15 # 22
	16 # 5
	17 # 35
	18 # 24
	19 # 36
	20 # 9
	21 # 15
	22 # 18
	23 # 23
	24 # 44
	25 # 48
	26 # 4
	27 # 33
Timestep 10:
	0 # 46
	1 # 7
	2 # 38
	3 # 14
	4 # 34
	5 # 32
	6 # 12
	7 # 26
	8 # 49
	9 # 30
	10 # 28
	11 # 39
	12 # 47
	13 # 27
	14 # 50
	15 # 21
	16 # 13
	17 # 41
	18 # 31
	19 # 37
	20 # 9
	21 # 15
	22 # 25
	23 # 24
	24 # 45
	25 # 48
	26 # 10
	27 # 33

