Solution makespan:6
Timestep 0:
	0 # 1
	1 # 11
	2 # 37
	3 # 44
	4 # 28
	5 # 21
	6 # 12
	7 # 30
Timestep 1:
	0 # 1
	1 # 18
	2 # 45
	3 # 36
	4 # 27
	5 # 29
	6 # 12
	7 # 38
Timestep 2:
	0 # 2
	1 # 26
	2 # 52
	3 # 37
	4 # 35
	5 # 28
	6 # 11
	7 # 39
Timestep 3:
	0 # 2
	1 # 25
	2 # 52
	3 # 29
	4 # 34
	5 # 27
	6 # 10
	7 # 40
Timestep 4:
	0 # 10
	1 # 24
	2 # 45
	3 # 21
	4 # 42
	5 # 26
	6 # 9
	7 # 40
Timestep 5:
	0 # 17
	1 # 23
	2 # 52
	3 # 14
	4 # 34
	5 # 25
	6 # 1
	7 # 32
Timestep 6:
	0 # 25
	1 # 31
	2 # 59
	3 # 6
	4 # 26
	5 # 24
	6 # 2
	7 # 33

