Solution makespan:6
Timestep 0:
	0 # 6
	1 # 8
	2 # 3
	3 # 12
	4 # 7
	5 # 1
	6 # 0
	7 # 11
Timestep 1:
	0 # 9
	1 # 8
	2 # 1
	3 # 11
	4 # 3
	5 # 0
	6 # 2
	7 # 10
Timestep 2:
	0 # 10
	1 # 8
	2 # 3
	3 # 12
	4 # 2
	5 # 0
	6 # 6
	7 # 7
Timestep 3:
	0 # 10
	1 # 5
	2 # 4
	3 # 8
	4 # 2
	5 # 0
	6 # 9
	7 # 3
Timestep 4:
	0 # 11
	1 # 4
	2 # 3
	3 # 5
	4 # 6
	5 # 2
	6 # 10
	7 # 1
Timestep 5:
	0 # 12
	1 # 3
	2 # 7
	3 # 4
	4 # 9
	5 # 6
	6 # 11
	7 # 1
Timestep 6:
	0 # 12
	1 # 2
	2 # 10
	3 # 5
	4 # 9
	5 # 7
	6 # 11
	7 # 0

