Solution makespan:10
Timestep 0:
	0 # 1
	1 # 11
	2 # 38
	3 # 2
	4 # 23
	5 # 30
	6 # 20
	7 # 41
	8 # 19
	9 # 42
	10 # 17
	11 # 6
	12 # 12
	13 # 47
	14 # 48
	15 # 34
	16 # 37
	17 # 55
	18 # 49
	19 # 21
	20 # 36
	21 # 35
	22 # 10
	23 # 51
Timestep 1:
	0 # 9
	1 # 19
	2 # 38
	3 # 2
	4 # 24
	5 # 22
	6 # 28
	7 # 34
	8 # 18
	9 # 41
	10 # 25
	11 # 5
	12 # 20
	13 # 47
	14 # 48
	15 # 29
	16 # 36
	17 # 55
	18 # 49
	19 # 13
	20 # 43
	21 # 30
	22 # 10
	23 # 44
Timestep 2:
	0 # 16
	1 # 27
	2 # 37
	3 # 1
	4 # 25
	5 # 22
	6 # 20
	7 # 35
	8 # 18
	9 # 40
	10 # 31
	11 # 12
	12 # 19
	13 # 48
	14 # 54
	15 # 34
	16 # 43
	17 # 55
	18 # 42
	19 # 6
	20 # 50
	21 # 30
	22 # 3
	23 # 45
Timestep 3:
	0 # 17
	1 # 33
	2 # 36
	3 # 9
	4 # 26
	5 # 14
	6 # 21
	7 # 30
	8 # 10
	9 # 39
	10 # 25
	11 # 20
	12 # 18
	13 # 40
	14 # 48
	15 # 35
	16 # 43
	17 # 54
	18 # 49
	19 # 5
	20 # 50
	21 # 22
	22 # 2
	23 # 46
Timestep 4:
	0 # 16
	1 # 33
	2 # 36
	3 # 8
	4 # 27
	5 # 22
	6 # 13
	7 # 29
	8 # 11
	9 # 39
	10 # 25
	11 # 19
	12 # 17
	13 # 41
	14 # 40
	15 # 35
	16 # 50
	17 # 53
	18 # 56
	19 # 4
	20 # 51
	21 # 21
	22 # 1
	23 # 47
Timestep 5:
	0 # 9
	1 # 32
	2 # 37
	3 # 15
	4 # 28
	5 # 21
	6 # 12
	7 # 29
	8 # 10
	9 # 47
	10 # 26
	11 # 27
	12 # 17
	13 # 34
	14 # 40
	15 # 30
	16 # 50
	17 # 54
	18 # 56
	19 # 11
	20 # 44
	21 # 13
	22 # 1
	23 # 48
Timestep 6:
	0 # 1
	1 # 33
	2 # 36
	3 # 15
	4 # 29
	5 # 22
	6 # 20
	7 # 21
	8 # 11
	9 # 48
	10 # 18
	11 # 27
	12 # 16
	13 # 35
	14 # 39
	15 # 30
	16 # 50
	17 # 53
	18 # 55
	19 # 19
	20 # 37
	21 # 13
	22 # 2
	23 # 40
Timestep 7:
	0 # 0
	1 # 39
	2 # 37
	3 # 8
	4 # 34
	5 # 22
	6 # 28
	7 # 21
	8 # 11
	9 # 48
	10 # 18
	11 # 27
	12 # 24
	13 # 30
	14 # 47
	15 # 29
	16 # 50
	17 # 54
	18 # 55
	19 # 19
	20 # 38
	21 # 13
	22 # 2
	23 # 41
Timestep 8:
	0 # 8
	1 # 47
	2 # 44
	3 # 15
	4 # 35
	5 # 21
	6 # 27
	7 # 20
	8 # 19
	9 # 40
	10 # 10
	11 # 33
	12 # 24
	13 # 22
	14 # 46
	15 # 30
	16 # 43
	17 # 48
	18 # 54
	19 # 18
	20 # 31
	21 # 12
	22 # 3
	23 # 34
Timestep 9:
	0 # 0
	1 # 48
	2 # 51
	3 # 15
	4 # 42
	5 # 22
	6 # 27
	7 # 28
	8 # 20
	9 # 41
	10 # 11
	11 # 39
	12 # 25
	13 # 14
	14 # 45
	15 # 30
	16 # 43
	17 # 40
	18 # 55
	19 # 17
	20 # 32
	21 # 12
	22 # 3
	23 # 34
Timestep 10:
	0 # 0
	1 # 54
	2 # 52
	3 # 8
	4 # 49
	5 # 22
	6 # 27
	7 # 20
	8 # 21
	9 # 42
	10 # 12
	11 # 47
	12 # 25
	13 # 13
	14 # 46
	15 # 35
	16 # 44
	17 # 39
	18 # 56
	19 # 16
	20 # 33
	21 # 5
	22 # 10
	23 # 34

