Solution makespan:9
Timestep 0:
	0 # 11
	1 # 16
	2 # 42
	3 # 56
	4 # 27
	5 # 4
	6 # 47
	7 # 23
	8 # 46
	9 # 35
	10 # 6
	11 # 52
	12 # 31
	13 # 39
	14 # 54
	15 # 37
Timestep 1:
	0 # 12
	1 # 22
	2 # 49
	3 # 56
	4 # 35
	5 # 11
	6 # 48
	7 # 24
	8 # 45
	9 # 34
	10 # 14
	11 # 52
	12 # 32
	13 # 40
	14 # 53
	15 # 38
Timestep 2:
	0 # 12
	1 # 23
	2 # 48
	3 # 55
	4 # 43
	5 # 10
	6 # 41
	7 # 32
	8 # 45
	9 # 26
	10 # 20
	11 # 53
	12 # 33
	13 # 47
	14 # 46
	15 # 39
Timestep 3:
	0 # 12
	1 # 23
	2 # 41
	3 # 55
	4 # 42
	5 # 9
	6 # 33
	7 # 40
	8 # 52
	9 # 25
	10 # 28
	11 # 54
	12 # 34
	13 # 48
	14 # 45
	15 # 31
Timestep 4:
	0 # 13
	1 # 31
	2 # 33
	3 # 48
	4 # 41
	5 # 8
	6 # 25
	7 # 40
	8 # 53
	9 # 24
	10 # 27
	11 # 54
	12 # 35
	13 # 49
	14 # 37
	15 # 32
Timestep 5:
	0 # 19
	1 # 23
	2 # 25
	3 # 47
	4 # 40
	5 # 16
	6 # 24
	7 # 39
	8 # 46
	9 # 17
	10 # 26
	11 # 54
	12 # 27
	13 # 56
	14 # 29
	15 # 33
Timestep 6:
	0 # 27
	1 # 24
	2 # 25
	3 # 40
	4 # 39
	5 # 22
	6 # 17
	7 # 31
	8 # 38
	9 # 10
	10 # 34
	11 # 53
	12 # 26
	13 # 56
	14 # 21
	15 # 33
Timestep 7:
	0 # 35
	1 # 32
	2 # 24
	3 # 39
	4 # 38
	5 # 21
	6 # 10
	7 # 23
	8 # 30
	9 # 9
	10 # 33
	11 # 52
	12 # 34
	13 # 57
	14 # 15
	15 # 25
Timestep 8:
	0 # 43
	1 # 33
	2 # 25
	3 # 38
	4 # 46
	5 # 29
	6 # 9
	7 # 22
	8 # 31
	9 # 8
	10 # 41
	11 # 45
	12 # 42
	13 # 58
	14 # 7
	15 # 26
Timestep 9:
	0 # 44
	1 # 33
	2 # 25
	3 # 46
	4 # 53
	5 # 37
	6 # 8
	7 # 23
	8 # 39
	9 # 7
	10 # 40
	11 # 45
	12 # 41
	13 # 58
	14 # 0
	15 # 34

