Solution makespan:8
Timestep 0:
	0 # 40
	1 # 19
	2 # 56
	3 # 29
	4 # 30
	5 # 44
	6 # 42
	7 # 9
Timestep 1:
	0 # 47
	1 # 26
	2 # 55
	3 # 22
	4 # 31
	5 # 51
	6 # 41
	7 # 9
Timestep 2:
	0 # 46
	1 # 33
	2 # 55
	3 # 23
	4 # 31
	5 # 52
	6 # 40
	7 # 9
Timestep 3:
	0 # 54
	1 # 34
	2 # 47
	3 # 24
	4 # 38
	5 # 53
	6 # 39
	7 # 15
Timestep 4:
	0 # 53
	1 # 27
	2 # 46
	3 # 25
	4 # 37
	5 # 52
	6 # 38
	7 # 16
Timestep 5:
	0 # 54
	1 # 20
	2 # 39
	3 # 17
	4 # 37
	5 # 51
	6 # 38
	7 # 16
Timestep 6:
	0 # 46
	1 # 20
	2 # 38
	3 # 18
	4 # 45
	5 # 44
	6 # 37
	7 # 17
Timestep 7:
	0 # 47
	1 # 12
	2 # 31
	3 # 19
	4 # 52
	5 # 44
	6 # 45
	7 # 17
Timestep 8:
	0 # 55
	1 # 6
	2 # 24
	3 # 20
	4 # 51
	5 # 36
	6 # 44
	7 # 18

