Solution makespan:11
Timestep 0:
	0 # 26
	1 # 8
	2 # 9
	3 # 32
	4 # 43
	5 # 10
	6 # 42
	7 # 45
	8 # 25
	9 # 44
	10 # 53
	11 # 16
	12 # 27
	13 # 35
	14 # 48
	15 # 2
Timestep 1:
	0 # 26
	1 # 8
	2 # 10
	3 # 33
	4 # 50
	5 # 11
	6 # 36
	7 # 52
	8 # 25
	9 # 43
	10 # 54
	11 # 24
	12 # 28
	13 # 41
	14 # 48
	15 # 2
Timestep 2:
	0 # 26
	1 # 9
	2 # 11
	3 # 39
	4 # 43
	5 # 17
	6 # 28
	7 # 52
	8 # 25
	9 # 42
	10 # 55
	11 # 24
	12 # 29
	13 # 48
	14 # 49
	15 # 3
Timestep 3:
	0 # 25
	1 # 9
	2 # 12
	3 # 40
	4 # 44
	5 # 17
	6 # 29
	7 # 45
	8 # 24
	9 # 36
	10 # 55
	11 # 23
	12 # 30
	13 # 41
	14 # 42
	15 # 2
Timestep 4:
	0 # 24
	1 # 9
	2 # 18
	3 # 40
	4 # 44
	5 # 25
	6 # 30
	7 # 45
	8 # 23
	9 # 28
	10 # 55
	11 # 22
	12 # 31
	13 # 35
	14 # 41
	15 # 8
Timestep 5:
	0 # 16
	1 # 8
	2 # 26
	3 # 34
	4 # 51
	5 # 33
	6 # 31
	7 # 44
	8 # 23
	9 # 20
	10 # 55
	11 # 21
	12 # 37
	13 # 27
	14 # 42
	15 # 15
Timestep 6:
	0 # 24
	1 # 15
	2 # 34
	3 # 33
	4 # 52
	5 # 39
	6 # 32
	7 # 51
	8 # 31
	9 # 13
	10 # 55
	11 # 29
	12 # 38
	13 # 19
	14 # 43
	15 # 22
Timestep 7:
	0 # 16
	1 # 22
	2 # 34
	3 # 25
	4 # 51
	5 # 47
	6 # 33
	7 # 50
	8 # 37
	9 # 14
	10 # 54
	11 # 29
	12 # 39
	13 # 27
	14 # 44
	15 # 30
Timestep 8:
	0 # 24
	1 # 21
	2 # 26
	3 # 17
	4 # 51
	5 # 54
	6 # 25
	7 # 50
	8 # 38
	9 # 15
	10 # 53
	11 # 30
	12 # 33
	13 # 28
	14 # 45
	15 # 31
Timestep 9:
	0 # 25
	1 # 29
	2 # 18
	3 # 16
	4 # 50
	5 # 54
	6 # 17
	7 # 49
	8 # 32
	9 # 8
	10 # 52
	11 # 22
	12 # 39
	13 # 20
	14 # 46
	15 # 37
Timestep 10:
	0 # 26
	1 # 28
	2 # 18
	3 # 16
	4 # 49
	5 # 53
	6 # 11
	7 # 48
	8 # 24
	9 # 2
	10 # 52
	11 # 15
	12 # 47
	13 # 21
	14 # 46
	15 # 45
Timestep 11:
	0 # 34
	1 # 27
	2 # 18
	3 # 17
	4 # 49
	5 # 46
	6 # 5
	7 # 41
	8 # 24
	9 # 2
	10 # 53
	11 # 8
	12 # 54
	13 # 21
	14 # 45
	15 # 44

