Solution makespan:8
Timestep 0:
	0 # 43
	1 # 52
	2 # 48
	3 # 31
	4 # 18
	5 # 54
	6 # 13
	7 # 29
	8 # 47
	9 # 30
	10 # 19
	11 # 40
Timestep 1:
	0 # 35
	1 # 53
	2 # 49
	3 # 24
	4 # 19
	5 # 54
	6 # 12
	7 # 34
	8 # 47
	9 # 23
	10 # 27
	11 # 48
Timestep 2:
	0 # 36
	1 # 46
	2 # 50
	3 # 16
	4 # 11
	5 # 53
	6 # 5
	7 # 42
	8 # 39
	9 # 30
	10 # 27
	11 # 47
Timestep 3:
	0 # 37
	1 # 38
	2 # 49
	3 # 17
	4 # 4
	5 # 52
	6 # 5
	7 # 41
	8 # 47
	9 # 35
	10 # 26
	11 # 46
Timestep 4:
	0 # 37
	1 # 32
	2 # 48
	3 # 18
	4 # 11
	5 # 45
	6 # 4
	7 # 41
	8 # 47
	9 # 36
	10 # 25
	11 # 38
Timestep 5:
	0 # 37
	1 # 26
	2 # 48
	3 # 19
	4 # 12
	5 # 46
	6 # 3
	7 # 40
	8 # 39
	9 # 36
	10 # 24
	11 # 32
Timestep 6:
	0 # 45
	1 # 27
	2 # 40
	3 # 20
	4 # 5
	5 # 47
	6 # 2
	7 # 39
	8 # 38
	9 # 44
	10 # 23
	11 # 32
Timestep 7:
	0 # 46
	1 # 19
	2 # 40
	3 # 21
	4 # 12
	5 # 48
	6 # 1
	7 # 47
	8 # 37
	9 # 45
	10 # 15
	11 # 26
Timestep 8:
	0 # 38
	1 # 20
	2 # 39
	3 # 21
	4 # 12
	5 # 48
	6 # 0
	7 # 54
	8 # 36
	9 # 52
	10 # 15
	11 # 27

