Solution makespan:13
Timestep 0:
	0 # 0
	1 # 13
	2 # 34
	3 # 6
	4 # 49
	5 # 10
	6 # 7
	7 # 43
Timestep 1:
	0 # 1
	1 # 14
	2 # 41
	3 # 7
	4 # 50
	5 # 18
	6 # 15
	7 # 49
Timestep 2:
	0 # 2
	1 # 15
	2 # 41
	3 # 1
	4 # 51
	5 # 24
	6 # 16
	7 # 50
Timestep 3:
	0 # 8
	1 # 7
	2 # 40
	3 # 2
	4 # 52
	5 # 32
	6 # 22
	7 # 51
Timestep 4:
	0 # 16
	1 # 6
	2 # 39
	3 # 3
	4 # 45
	5 # 31
	6 # 30
	7 # 52
Timestep 5:
	0 # 22
	1 # 0
	2 # 38
	3 # 9
	4 # 52
	5 # 23
	6 # 37
	7 # 53
Timestep 6:
	0 # 30
	1 # 6
	2 # 31
	3 # 10
	4 # 51
	5 # 17
	6 # 44
	7 # 53
Timestep 7:
	0 # 37
	1 # 14
	2 # 30
	3 # 11
	4 # 50
	5 # 9
	6 # 51
	7 # 46
Timestep 8:
	0 # 44
	1 # 21
	2 # 29
	3 # 12
	4 # 49
	5 # 8
	6 # 50
	7 # 39
Timestep 9:
	0 # 51
	1 # 28
	2 # 30
	3 # 20
	4 # 48
	5 # 2
	6 # 50
	7 # 40
Timestep 10:
	0 # 52
	1 # 36
	2 # 37
	3 # 26
	4 # 48
	5 # 1
	6 # 51
	7 # 33
Timestep 11:
	0 # 53
	1 # 36
	2 # 44
	3 # 34
	4 # 42
	5 # 0
	6 # 52
	7 # 25
Timestep 12:
	0 # 54
	1 # 43
	2 # 51
	3 # 41
	4 # 48
	5 # 1
	6 # 53
	7 # 19
Timestep 13:
	0 # 55
	1 # 43
	2 # 50
	3 # 47
	4 # 42
	5 # 2
	6 # 54
	7 # 25

