Solution makespan:13
Timestep 0:
	0 # 13
	1 # 6
	2 # 1
	3 # 21
	4 # 20
	5 # 19
	6 # 47
	7 # 54
	8 # 11
	9 # 36
	10 # 38
	11 # 28
	12 # 15
	13 # 24
	14 # 44
	15 # 37
	16 # 49
	17 # 16
	18 # 4
	19 # 10
Timestep 1:
	0 # 12
	1 # 6
	2 # 2
	3 # 29
	4 # 19
	5 # 27
	6 # 41
	7 # 49
	8 # 17
	9 # 35
	10 # 30
	11 # 28
	12 # 8
	13 # 31
	14 # 44
	15 # 38
	16 # 48
	17 # 23
	18 # 3
	19 # 9
Timestep 2:
	0 # 12
	1 # 6
	2 # 3
	3 # 29
	4 # 13
	5 # 26
	6 # 41
	7 # 48
	8 # 18
	9 # 36
	10 # 23
	11 # 20
	12 # 9
	13 # 39
	14 # 44
	15 # 30
	16 # 42
	17 # 24
	18 # 11
	19 # 16
Timestep 3:
	0 # 18
	1 # 6
	2 # 11
	3 # 28
	4 # 13
	5 # 33
	6 # 34
	7 # 47
	8 # 19
	9 # 29
	10 # 16
	11 # 20
	12 # 10
	13 # 45
	14 # 38
	15 # 23
	16 # 35
	17 # 24
	18 # 17
	19 # 15
Timestep 4:
	0 # 18
	1 # 7
	2 # 3
	3 # 35
	4 # 12
	5 # 40
	6 # 27
	7 # 41
	8 # 13
	9 # 21
	10 # 16
	11 # 19
	12 # 10
	13 # 44
	14 # 30
	15 # 23
	16 # 34
	17 # 31
	18 # 25
	19 # 15
Timestep 5:
	0 # 26
	1 # 7
	2 # 2
	3 # 42
	4 # 4
	5 # 33
	6 # 28
	7 # 40
	8 # 12
	9 # 29
	10 # 15
	11 # 19
	12 # 11
	13 # 45
	14 # 23
	15 # 16
	16 # 41
	17 # 31
	18 # 32
	19 # 22
Timestep 6:
	0 # 26
	1 # 7
	2 # 1
	3 # 35
	4 # 5
	5 # 34
	6 # 27
	7 # 33
	8 # 11
	9 # 36
	10 # 15
	11 # 13
	12 # 17
	13 # 46
	14 # 16
	15 # 9
	16 # 47
	17 # 39
	18 # 31
	19 # 23
Timestep 7:
	0 # 25
	1 # 6
	2 # 0
	3 # 34
	4 # 13
	5 # 41
	6 # 19
	7 # 32
	8 # 17
	9 # 29
	10 # 22
	11 # 12
	12 # 18
	13 # 46
	14 # 16
	15 # 9
	16 # 48
	17 # 45
	18 # 39
	19 # 30
Timestep 8:
	0 # 24
	1 # 5
	2 # 8
	3 # 33
	4 # 19
	5 # 41
	6 # 20
	7 # 31
	8 # 17
	9 # 36
	10 # 23
	11 # 11
	12 # 18
	13 # 46
	14 # 16
	15 # 1
	16 # 47
	17 # 44
	18 # 45
	19 # 38
Timestep 9:
	0 # 31
	1 # 13
	2 # 0
	3 # 26
	4 # 27
	5 # 42
	6 # 21
	7 # 30
	8 # 25
	9 # 35
	10 # 22
	11 # 11
	12 # 19
	13 # 51
	14 # 23
	15 # 2
	16 # 41
	17 # 38
	18 # 50
	19 # 39
Timestep 10:
	0 # 39
	1 # 12
	2 # 8
	3 # 18
	4 # 28
	5 # 42
	6 # 21
	7 # 23
	8 # 32
	9 # 36
	10 # 22
	11 # 10
	12 # 27
	13 # 46
	14 # 24
	15 # 1
	16 # 40
	17 # 37
	18 # 51
	19 # 38
Timestep 11:
	0 # 45
	1 # 11
	2 # 15
	3 # 12
	4 # 20
	5 # 48
	6 # 29
	7 # 16
	8 # 31
	9 # 43
	10 # 22
	11 # 9
	12 # 34
	13 # 51
	14 # 25
	15 # 1
	16 # 33
	17 # 37
	18 # 52
	19 # 38
Timestep 12:
	0 # 46
	1 # 10
	2 # 16
	3 # 12
	4 # 21
	5 # 53
	6 # 36
	7 # 9
	8 # 39
	9 # 43
	10 # 23
	11 # 8
	12 # 41
	13 # 50
	14 # 26
	15 # 2
	16 # 32
	17 # 38
	18 # 51
	19 # 44
Timestep 13:
	0 # 46
	1 # 9
	2 # 23
	3 # 4
	4 # 14
	5 # 54
	6 # 35
	7 # 1
	8 # 39
	9 # 43
	10 # 24
	11 # 15
	12 # 42
	13 # 50
	14 # 27
	15 # 3
	16 # 32
	17 # 30
	18 # 51
	19 # 44

