Solution makespan:13
Timestep 0:
	0 # 28
	1 # 27
	2 # 54
	3 # 48
	4 # 9
	5 # 20
	6 # 4
	7 # 37
	8 # 49
	9 # 3
	10 # 50
	11 # 1
Timestep 1:
	0 # 27
	1 # 19
	2 # 53
	3 # 47
	4 # 3
	5 # 28
	6 # 5
	7 # 36
	8 # 50
	9 # 2
	10 # 51
	11 # 1
Timestep 2:
	0 # 26
	1 # 20
	2 # 45
	3 # 55
	4 # 2
	5 # 27
	6 # 11
	7 # 35
	8 # 51
	9 # 8
	10 # 43
	11 # 7
Timestep 3:
	0 # 25
	1 # 19
	2 # 44
	3 # 55
	4 # 1
	5 # 26
	6 # 12
	7 # 30
	8 # 52
	9 # 9
	10 # 36
	11 # 7
Timestep 4:
	0 # 32
	1 # 19
	2 # 52
	3 # 47
	4 # 1
	5 # 33
	6 # 12
	7 # 22
	8 # 53
	9 # 10
	10 # 31
	11 # 15
Timestep 5:
	0 # 32
	1 # 20
	2 # 51
	3 # 40
	4 # 7
	5 # 39
	6 # 11
	7 # 30
	8 # 45
	9 # 4
	10 # 23
	11 # 15
Timestep 6:
	0 # 32
	1 # 20
	2 # 50
	3 # 39
	4 # 6
	5 # 46
	6 # 19
	7 # 31
	8 # 38
	9 # 4
	10 # 24
	11 # 7
Timestep 7:
	0 # 25
	1 # 19
	2 # 50
	3 # 33
	4 # 14
	5 # 46
	6 # 18
	7 # 23
	8 # 32
	9 # 5
	10 # 16
	11 # 1
Timestep 8:
	0 # 24
	1 # 20
	2 # 50
	3 # 26
	4 # 22
	5 # 45
	6 # 10
	7 # 15
	8 # 25
	9 # 11
	10 # 8
	11 # 7
Timestep 9:
	0 # 23
	1 # 19
	2 # 50
	3 # 18
	4 # 30
	5 # 45
	6 # 4
	7 # 7
	8 # 17
	9 # 11
	10 # 9
	11 # 6
Timestep 10:
	0 # 22
	1 # 18
	2 # 51
	3 # 17
	4 # 35
	5 # 46
	6 # 4
	7 # 8
	8 # 9
	9 # 19
	10 # 10
	11 # 14
Timestep 11:
	0 # 21
	1 # 26
	2 # 52
	3 # 17
	4 # 36
	5 # 54
	6 # 10
	7 # 8
	8 # 3
	9 # 20
	10 # 11
	11 # 15
Timestep 12:
	0 # 29
	1 # 33
	2 # 44
	3 # 9
	4 # 37
	5 # 54
	6 # 18
	7 # 2
	8 # 4
	9 # 19
	10 # 12
	11 # 16
Timestep 13:
	0 # 29
	1 # 39
	2 # 52
	3 # 8
	4 # 38
	5 # 53
	6 # 26
	7 # 3
	8 # 5
	9 # 18
	10 # 20
	11 # 16

