Solution makespan:9
Timestep 0:
	0 # 46
	1 # 35
	2 # 6
	3 # 52
	4 # 31
	5 # 39
	6 # 54
	7 # 37
Timestep 1:
	0 # 38
	1 # 43
	2 # 14
	3 # 52
	4 # 39
	5 # 40
	6 # 53
	7 # 37
Timestep 2:
	0 # 30
	1 # 42
	2 # 20
	3 # 45
	4 # 40
	5 # 41
	6 # 46
	7 # 38
Timestep 3:
	0 # 31
	1 # 41
	2 # 28
	3 # 37
	4 # 47
	5 # 33
	6 # 38
	7 # 39
Timestep 4:
	0 # 32
	1 # 33
	2 # 36
	3 # 29
	4 # 48
	5 # 34
	6 # 39
	7 # 40
Timestep 5:
	0 # 24
	1 # 32
	2 # 35
	3 # 21
	4 # 49
	5 # 26
	6 # 40
	7 # 41
Timestep 6:
	0 # 25
	1 # 31
	2 # 34
	3 # 15
	4 # 50
	5 # 27
	6 # 41
	7 # 42
Timestep 7:
	0 # 26
	1 # 30
	2 # 33
	3 # 7
	4 # 51
	5 # 35
	6 # 42
	7 # 34
Timestep 8:
	0 # 18
	1 # 22
	2 # 41
	3 # 8
	4 # 44
	5 # 43
	6 # 49
	7 # 35
Timestep 9:
	0 # 19
	1 # 23
	2 # 48
	3 # 9
	4 # 51
	5 # 42
	6 # 49
	7 # 27

