Solution makespan:9
Timestep 0:
	0 # 47
	1 # 55
	2 # 38
	3 # 54
	4 # 30
	5 # 52
	6 # 46
	7 # 36
Timestep 1:
	0 # 48
	1 # 54
	2 # 45
	3 # 47
	4 # 23
	5 # 44
	6 # 46
	7 # 35
Timestep 2:
	0 # 48
	1 # 47
	2 # 46
	3 # 40
	4 # 24
	5 # 37
	6 # 39
	7 # 34
Timestep 3:
	0 # 41
	1 # 40
	2 # 47
	3 # 32
	4 # 17
	5 # 29
	6 # 31
	7 # 33
Timestep 4:
	0 # 42
	1 # 39
	2 # 47
	3 # 25
	4 # 17
	5 # 30
	6 # 24
	7 # 32
Timestep 5:
	0 # 34
	1 # 38
	2 # 54
	3 # 18
	4 # 17
	5 # 23
	6 # 25
	7 # 31
Timestep 6:
	0 # 26
	1 # 37
	2 # 47
	3 # 11
	4 # 24
	5 # 16
	6 # 25
	7 # 30
Timestep 7:
	0 # 27
	1 # 29
	2 # 40
	3 # 3
	4 # 25
	5 # 15
	6 # 18
	7 # 23
Timestep 8:
	0 # 26
	1 # 29
	2 # 32
	3 # 2
	4 # 25
	5 # 8
	6 # 19
	7 # 30
Timestep 9:
	0 # 20
	1 # 37
	2 # 33
	3 # 1
	4 # 18
	5 # 0
	6 # 12
	7 # 38

