Solution makespan:9
Timestep 0:
	0 # 14
	1 # 8
	2 # 32
	3 # 16
	4 # 31
	5 # 7
	6 # 44
	7 # 2
	8 # 52
	9 # 58
	10 # 40
	11 # 42
Timestep 1:
	0 # 21
	1 # 16
	2 # 32
	3 # 17
	4 # 38
	5 # 0
	6 # 37
	7 # 2
	8 # 52
	9 # 50
	10 # 48
	11 # 41
Timestep 2:
	0 # 14
	1 # 17
	2 # 31
	3 # 18
	4 # 45
	5 # 7
	6 # 30
	7 # 1
	8 # 52
	9 # 49
	10 # 47
	11 # 41
Timestep 3:
	0 # 13
	1 # 17
	2 # 32
	3 # 19
	4 # 53
	5 # 15
	6 # 31
	7 # 2
	8 # 44
	9 # 48
	10 # 46
	11 # 40
Timestep 4:
	0 # 12
	1 # 18
	2 # 39
	3 # 11
	4 # 53
	5 # 16
	6 # 32
	7 # 1
	8 # 52
	9 # 48
	10 # 45
	11 # 34
Timestep 5:
	0 # 11
	1 # 19
	2 # 46
	3 # 10
	4 # 45
	5 # 23
	6 # 24
	7 # 0
	8 # 52
	9 # 40
	10 # 38
	11 # 33
Timestep 6:
	0 # 10
	1 # 20
	2 # 46
	3 # 3
	4 # 38
	5 # 23
	6 # 17
	7 # 7
	8 # 44
	9 # 41
	10 # 37
	11 # 32
Timestep 7:
	0 # 18
	1 # 27
	2 # 47
	3 # 10
	4 # 39
	5 # 24
	6 # 9
	7 # 7
	8 # 45
	9 # 35
	10 # 30
	11 # 31
Timestep 8:
	0 # 17
	1 # 28
	2 # 48
	3 # 3
	4 # 32
	5 # 25
	6 # 10
	7 # 8
	8 # 45
	9 # 27
	10 # 22
	11 # 30
Timestep 9:
	0 # 17
	1 # 29
	2 # 48
	3 # 3
	4 # 24
	5 # 26
	6 # 11
	7 # 9
	8 # 38
	9 # 28
	10 # 22
	11 # 30

