Solution makespan:9
Timestep 0:
	0 # 2
	1 # 32
	2 # 23
	3 # 45
	4 # 42
	5 # 43
	6 # 5
	7 # 50
Timestep 1:
	0 # 2
	1 # 33
	2 # 22
	3 # 44
	4 # 34
	5 # 43
	6 # 6
	7 # 42
Timestep 2:
	0 # 1
	1 # 27
	2 # 29
	3 # 44
	4 # 28
	5 # 42
	6 # 14
	7 # 34
Timestep 3:
	0 # 2
	1 # 19
	2 # 36
	3 # 45
	4 # 27
	5 # 41
	6 # 22
	7 # 28
Timestep 4:
	0 # 10
	1 # 11
	2 # 35
	3 # 45
	4 # 28
	5 # 33
	6 # 29
	7 # 20
Timestep 5:
	0 # 10
	1 # 3
	2 # 35
	3 # 37
	4 # 34
	5 # 27
	6 # 36
	7 # 21
Timestep 6:
	0 # 18
	1 # 4
	2 # 35
	3 # 36
	4 # 34
	5 # 19
	6 # 44
	7 # 22
Timestep 7:
	0 # 19
	1 # 5
	2 # 36
	3 # 29
	4 # 42
	5 # 11
	6 # 52
	7 # 14
Timestep 8:
	0 # 27
	1 # 6
	2 # 29
	3 # 22
	4 # 43
	5 # 11
	6 # 51
	7 # 14
Timestep 9:
	0 # 33
	1 # 7
	2 # 22
	3 # 23
	4 # 44
	5 # 3
	6 # 58
	7 # 6

