Solution makespan:12
Timestep 0:
	0 # 53
	1 # 16
	2 # 6
	3 # 31
	4 # 5
	5 # 41
	6 # 43
	7 # 20
	8 # 4
	9 # 23
	10 # 50
	11 # 26
	12 # 32
	13 # 27
	14 # 44
	15 # 28
	16 # 11
	17 # 46
	18 # 35
	19 # 3
	20 # 13
	21 # 25
	22 # 14
	23 # 9
	24 # 36
	25 # 54
	26 # 42
	27 # 58
Timestep 1:
	0 # 54
	1 # 8
	2 # 14
	3 # 23
	4 # 13
	5 # 40
	6 # 49
	7 # 28
	8 # 12
	9 # 15
	10 # 57
	11 # 18
	12 # 33
	13 # 35
	14 # 44
	15 # 29
	16 # 19
	17 # 39
	18 # 34
	19 # 4
	20 # 21
	21 # 24
	22 # 22
	23 # 17
	24 # 36
	25 # 47
	26 # 48
	27 # 51
Timestep 2:
	0 # 47
	1 # 1
	2 # 22
	3 # 15
	4 # 12
	5 # 32
	6 # 48
	7 # 27
	8 # 11
	9 # 16
	10 # 56
	11 # 10
	12 # 25
	13 # 43
	14 # 36
	15 # 37
	16 # 19
	17 # 31
	18 # 42
	19 # 4
	20 # 13
	21 # 23
	22 # 21
	23 # 18
	24 # 35
	25 # 40
	26 # 55
	27 # 50
Timestep 3:
	0 # 40
	1 # 0
	2 # 30
	3 # 7
	4 # 11
	5 # 24
	6 # 48
	7 # 26
	8 # 10
	9 # 17
	10 # 57
	11 # 2
	12 # 33
	13 # 35
	14 # 36
	15 # 45
	16 # 20
	17 # 31
	18 # 43
	19 # 5
	20 # 12
	21 # 15
	22 # 13
	23 # 19
	24 # 27
	25 # 41
	26 # 56
	27 # 44
Timestep 4:
	0 # 32
	1 # 1
	2 # 29
	3 # 0
	4 # 10
	5 # 25
	6 # 55
	7 # 34
	8 # 9
	9 # 18
	10 # 50
	11 # 2
	12 # 33
	13 # 27
	14 # 35
	15 # 51
	16 # 21
	17 # 23
	18 # 49
	19 # 13
	20 # 4
	21 # 15
	22 # 12
	23 # 20
	24 # 26
	25 # 42
	26 # 56
	27 # 43
Timestep 5:
	0 # 33
	1 # 0
	2 # 37
	3 # 7
	4 # 9
	5 # 17
	6 # 56
	7 # 34
	8 # 8
	9 # 18
	10 # 51
	11 # 10
	12 # 41
	13 # 19
	14 # 27
	15 # 52
	16 # 22
	17 # 24
	18 # 43
	19 # 13
	20 # 4
	21 # 23
	22 # 11
	23 # 20
	24 # 25
	25 # 48
	26 # 57
	27 # 44
Timestep 6:
	0 # 34
	1 # 1
	2 # 36
	3 # 0
	4 # 8
	5 # 18
	6 # 56
	7 # 26
	8 # 7
	9 # 10
	10 # 45
	11 # 9
	12 # 42
	13 # 11
	14 # 19
	15 # 52
	16 # 30
	17 # 16
	18 # 35
	19 # 12
	20 # 4
	21 # 31
	22 # 3
	23 # 28
	24 # 24
	25 # 55
	26 # 57
	27 # 44
Timestep 7:
	0 # 26
	1 # 1
	2 # 35
	3 # 7
	4 # 16
	5 # 19
	6 # 56
	7 # 25
	8 # 15
	9 # 10
	10 # 37
	11 # 9
	12 # 48
	13 # 3
	14 # 11
	15 # 52
	16 # 38
	17 # 17
	18 # 34
	19 # 13
	20 # 4
	21 # 31
	22 # 2
	23 # 36
	24 # 32
	25 # 55
	26 # 57
	27 # 43
Timestep 8:
	0 # 27
	1 # 1
	2 # 34
	3 # 15
	4 # 24
	5 # 11
	6 # 55
	7 # 17
	8 # 23
	9 # 18
	10 # 36
	11 # 8
	12 # 49
	13 # 4
	14 # 12
	15 # 51
	16 # 30
	17 # 9
	18 # 33
	19 # 21
	20 # 5
	21 # 39
	22 # 2
	23 # 44
	24 # 40
	25 # 48
	26 # 57
	27 # 43
Timestep 9:
	0 # 19
	1 # 0
	2 # 33
	3 # 16
	4 # 25
	5 # 3
	6 # 56
	7 # 18
	8 # 31
	9 # 26
	10 # 28
	11 # 7
	12 # 43
	13 # 5
	14 # 11
	15 # 58
	16 # 38
	17 # 9
	18 # 32
	19 # 29
	20 # 13
	21 # 40
	22 # 10
	23 # 45
	24 # 47
	25 # 48
	26 # 50
	27 # 35
Timestep 10:
	0 # 11
	1 # 0
	2 # 41
	3 # 16
	4 # 25
	5 # 4
	6 # 56
	7 # 19
	8 # 39
	9 # 27
	10 # 20
	11 # 15
	12 # 43
	13 # 13
	14 # 10
	15 # 57
	16 # 38
	17 # 17
	18 # 31
	19 # 29
	20 # 12
	21 # 32
	22 # 9
	23 # 51
	24 # 46
	25 # 55
	26 # 50
	27 # 34
Timestep 11:
	0 # 3
	1 # 0
	2 # 40
	3 # 17
	4 # 26
	5 # 5
	6 # 55
	7 # 20
	8 # 46
	9 # 28
	10 # 12
	11 # 23
	12 # 44
	13 # 21
	14 # 18
	15 # 57
	16 # 38
	17 # 9
	18 # 31
	19 # 37
	20 # 11
	21 # 24
	22 # 8
	23 # 52
	24 # 47
	25 # 48
	26 # 50
	27 # 42
Timestep 12:
	0 # 4
	1 # 0
	2 # 39
	3 # 25
	4 # 27
	5 # 6
	6 # 48
	7 # 28
	8 # 53
	9 # 29
	10 # 11
	11 # 24
	12 # 45
	13 # 22
	14 # 17
	15 # 50
	16 # 37
	17 # 9
	18 # 32
	19 # 36
	20 # 19
	21 # 16
	22 # 7
	23 # 52
	24 # 47
	25 # 42
	26 # 44
	27 # 41

