Solution makespan:10
Timestep 0:
	0 # 56
	1 # 11
	2 # 7
	3 # 36
	4 # 51
	5 # 8
	6 # 5
	7 # 35
Timestep 1:
	0 # 55
	1 # 12
	2 # 15
	3 # 37
	4 # 52
	5 # 0
	6 # 13
	7 # 36
Timestep 2:
	0 # 54
	1 # 20
	2 # 15
	3 # 38
	4 # 44
	5 # 8
	6 # 21
	7 # 36
Timestep 3:
	0 # 54
	1 # 28
	2 # 23
	3 # 39
	4 # 45
	5 # 8
	6 # 29
	7 # 37
Timestep 4:
	0 # 53
	1 # 28
	2 # 22
	3 # 31
	4 # 46
	5 # 9
	6 # 32
	7 # 38
Timestep 5:
	0 # 46
	1 # 20
	2 # 21
	3 # 32
	4 # 47
	5 # 10
	6 # 40
	7 # 39
Timestep 6:
	0 # 46
	1 # 20
	2 # 13
	3 # 33
	4 # 54
	5 # 10
	6 # 39
	7 # 38
Timestep 7:
	0 # 47
	1 # 12
	2 # 14
	3 # 34
	4 # 55
	5 # 2
	6 # 38
	7 # 45
Timestep 8:
	0 # 40
	1 # 4
	2 # 15
	3 # 34
	4 # 55
	5 # 3
	6 # 37
	7 # 38
Timestep 9:
	0 # 47
	1 # 5
	2 # 15
	3 # 41
	4 # 48
	5 # 11
	6 # 36
	7 # 39
Timestep 10:
	0 # 47
	1 # 4
	2 # 23
	3 # 41
	4 # 48
	5 # 12
	6 # 35
	7 # 40

