Solution makespan:11
Timestep 0:
	0 # 45
	1 # 27
	2 # 42
	3 # 25
	4 # 56
	5 # 20
	6 # 18
	7 # 5
	8 # 24
	9 # 23
	10 # 10
	11 # 36
Timestep 1:
	0 # 46
	1 # 27
	2 # 49
	3 # 33
	4 # 50
	5 # 21
	6 # 18
	7 # 4
	8 # 16
	9 # 15
	10 # 11
	11 # 37
Timestep 2:
	0 # 38
	1 # 26
	2 # 42
	3 # 25
	4 # 49
	5 # 21
	6 # 19
	7 # 4
	8 # 17
	9 # 14
	10 # 11
	11 # 37
Timestep 3:
	0 # 31
	1 # 34
	2 # 41
	3 # 26
	4 # 42
	5 # 21
	6 # 20
	7 # 11
	8 # 18
	9 # 22
	10 # 10
	11 # 30
Timestep 4:
	0 # 24
	1 # 33
	2 # 40
	3 # 27
	4 # 41
	5 # 20
	6 # 12
	7 # 19
	8 # 25
	9 # 29
	10 # 3
	11 # 23
Timestep 5:
	0 # 16
	1 # 40
	2 # 39
	3 # 28
	4 # 34
	5 # 19
	6 # 11
	7 # 18
	8 # 26
	9 # 36
	10 # 2
	11 # 15
Timestep 6:
	0 # 8
	1 # 39
	2 # 38
	3 # 35
	4 # 33
	5 # 26
	6 # 11
	7 # 17
	8 # 27
	9 # 36
	10 # 2
	11 # 14
Timestep 7:
	0 # 9
	1 # 47
	2 # 37
	3 # 35
	4 # 32
	5 # 34
	6 # 19
	7 # 16
	8 # 28
	9 # 29
	10 # 2
	11 # 7
Timestep 8:
	0 # 9
	1 # 46
	2 # 36
	3 # 28
	4 # 31
	5 # 33
	6 # 20
	7 # 15
	8 # 27
	9 # 30
	10 # 3
	11 # 0
Timestep 9:
	0 # 2
	1 # 45
	2 # 36
	3 # 35
	4 # 24
	5 # 32
	6 # 20
	7 # 14
	8 # 28
	9 # 31
	10 # 10
	11 # 7
Timestep 10:
	0 # 2
	1 # 44
	2 # 29
	3 # 28
	4 # 23
	5 # 39
	6 # 19
	7 # 7
	8 # 21
	9 # 31
	10 # 18
	11 # 0
Timestep 11:
	0 # 9
	1 # 51
	2 # 36
	3 # 27
	4 # 22
	5 # 47
	6 # 20
	7 # 7
	8 # 21
	9 # 38
	10 # 19
	11 # 0

