Solution makespan:10
Timestep 0:
	0 # 33
	1 # 42
	2 # 38
	3 # 25
	4 # 0
	5 # 13
	6 # 34
	7 # 6
	8 # 49
	9 # 10
	10 # 7
	11 # 43
Timestep 1:
	0 # 40
	1 # 43
	2 # 37
	3 # 26
	4 # 1
	5 # 5
	6 # 34
	7 # 7
	8 # 50
	9 # 18
	10 # 8
	11 # 36
Timestep 2:
	0 # 40
	1 # 36
	2 # 37
	3 # 25
	4 # 2
	5 # 6
	6 # 33
	7 # 8
	8 # 51
	9 # 17
	10 # 9
	11 # 28
Timestep 3:
	0 # 39
	1 # 28
	2 # 38
	3 # 24
	4 # 3
	5 # 7
	6 # 32
	7 # 9
	8 # 52
	9 # 16
	10 # 10
	11 # 29
Timestep 4:
	0 # 38
	1 # 29
	2 # 45
	3 # 32
	4 # 3
	5 # 8
	6 # 31
	7 # 10
	8 # 53
	9 # 15
	10 # 18
	11 # 30
Timestep 5:
	0 # 45
	1 # 30
	2 # 52
	3 # 31
	4 # 3
	5 # 8
	6 # 23
	7 # 11
	8 # 46
	9 # 14
	10 # 24
	11 # 37
Timestep 6:
	0 # 44
	1 # 22
	2 # 53
	3 # 30
	4 # 2
	5 # 7
	6 # 31
	7 # 11
	8 # 39
	9 # 21
	10 # 32
	11 # 37
Timestep 7:
	0 # 51
	1 # 23
	2 # 46
	3 # 29
	4 # 1
	5 # 8
	6 # 38
	7 # 12
	8 # 32
	9 # 28
	10 # 33
	11 # 44
Timestep 8:
	0 # 50
	1 # 17
	2 # 39
	3 # 28
	4 # 0
	5 # 16
	6 # 38
	7 # 12
	8 # 31
	9 # 27
	10 # 40
	11 # 45
Timestep 9:
	0 # 49
	1 # 9
	2 # 32
	3 # 36
	4 # 6
	5 # 22
	6 # 37
	7 # 20
	8 # 23
	9 # 28
	10 # 40
	11 # 38
Timestep 10:
	0 # 43
	1 # 10
	2 # 24
	3 # 36
	4 # 6
	5 # 30
	6 # 44
	7 # 26
	8 # 22
	9 # 29
	10 # 41
	11 # 39

