Solution makespan:13
Timestep 0:
	0 # 26
	1 # 0
	2 # 13
	3 # 6
	4 # 23
	5 # 15
	6 # 41
	7 # 38
	8 # 49
	9 # 45
	10 # 50
	11 # 16
	12 # 51
	13 # 22
	14 # 17
	15 # 8
Timestep 1:
	0 # 30
	1 # 6
	2 # 12
	3 # 7
	4 # 27
	5 # 16
	6 # 48
	7 # 45
	8 # 42
	9 # 53
	10 # 49
	11 # 8
	12 # 51
	13 # 22
	14 # 23
	15 # 9
Timestep 2:
	0 # 37
	1 # 0
	2 # 19
	3 # 8
	4 # 34
	5 # 22
	6 # 41
	7 # 53
	8 # 49
	9 # 52
	10 # 50
	11 # 2
	12 # 51
	13 # 21
	14 # 27
	15 # 17
Timestep 3:
	0 # 36
	1 # 1
	2 # 26
	3 # 9
	4 # 35
	5 # 23
	6 # 33
	7 # 45
	8 # 48
	9 # 44
	10 # 49
	11 # 2
	12 # 43
	13 # 15
	14 # 34
	15 # 16
Timestep 4:
	0 # 35
	1 # 7
	2 # 30
	3 # 10
	4 # 28
	5 # 24
	6 # 34
	7 # 53
	8 # 47
	9 # 45
	10 # 42
	11 # 1
	12 # 36
	13 # 15
	14 # 27
	15 # 17
Timestep 5:
	0 # 35
	1 # 8
	2 # 37
	3 # 11
	4 # 24
	5 # 25
	6 # 27
	7 # 52
	8 # 40
	9 # 53
	10 # 34
	11 # 2
	12 # 29
	13 # 7
	14 # 23
	15 # 17
Timestep 6:
	0 # 34
	1 # 9
	2 # 36
	3 # 12
	4 # 28
	5 # 24
	6 # 23
	7 # 44
	8 # 41
	9 # 53
	10 # 27
	11 # 8
	12 # 25
	13 # 1
	14 # 22
	15 # 16
Timestep 7:
	0 # 33
	1 # 10
	2 # 43
	3 # 19
	4 # 35
	5 # 24
	6 # 17
	7 # 37
	8 # 42
	9 # 45
	10 # 23
	11 # 8
	12 # 18
	13 # 2
	14 # 21
	15 # 15
Timestep 8:
	0 # 41
	1 # 3
	2 # 51
	3 # 26
	4 # 36
	5 # 28
	6 # 9
	7 # 37
	8 # 34
	9 # 38
	10 # 24
	11 # 7
	12 # 11
	13 # 8
	14 # 15
	15 # 14
Timestep 9:
	0 # 42
	1 # 3
	2 # 50
	3 # 30
	4 # 43
	5 # 35
	6 # 8
	7 # 36
	8 # 27
	9 # 38
	10 # 25
	11 # 1
	12 # 10
	13 # 7
	14 # 16
	15 # 6
Timestep 10:
	0 # 42
	1 # 10
	2 # 49
	3 # 37
	4 # 51
	5 # 34
	6 # 2
	7 # 35
	8 # 28
	9 # 38
	10 # 18
	11 # 1
	12 # 9
	13 # 15
	14 # 22
	15 # 14
Timestep 11:
	0 # 34
	1 # 11
	2 # 42
	3 # 38
	4 # 50
	5 # 33
	6 # 1
	7 # 35
	8 # 29
	9 # 45
	10 # 19
	11 # 7
	12 # 10
	13 # 16
	14 # 21
	15 # 15
Timestep 12:
	0 # 34
	1 # 11
	2 # 41
	3 # 45
	4 # 49
	5 # 32
	6 # 0
	7 # 35
	8 # 36
	9 # 44
	10 # 12
	11 # 8
	12 # 9
	13 # 17
	14 # 20
	15 # 15
Timestep 13:
	0 # 35
	1 # 12
	2 # 40
	3 # 53
	4 # 50
	5 # 31
	6 # 0
	7 # 28
	8 # 37
	9 # 43
	10 # 4
	11 # 16
	12 # 8
	13 # 23
	14 # 21
	15 # 15

