Solution makespan:6
Timestep 0:
	0 # 12
	1 # 9
	2 # 7
	3 # 0
	4 # 1
	5 # 5
	6 # 8
	7 # 4
Timestep 1:
	0 # 13
	1 # 10
	2 # 11
	3 # 1
	4 # 2
	5 # 9
	6 # 8
	7 # 4
Timestep 2:
	0 # 9
	1 # 6
	2 # 7
	3 # 5
	4 # 2
	5 # 8
	6 # 4
	7 # 0
Timestep 3:
	0 # 10
	1 # 6
	2 # 3
	3 # 9
	4 # 1
	5 # 12
	6 # 4
	7 # 0
Timestep 4:
	0 # 6
	1 # 7
	2 # 2
	3 # 8
	4 # 1
	5 # 13
	6 # 5
	7 # 4
Timestep 5:
	0 # 2
	1 # 11
	2 # 1
	3 # 12
	4 # 0
	5 # 9
	6 # 6
	7 # 8
Timestep 6:
	0 # 3
	1 # 11
	2 # 5
	3 # 12
	4 # 0
	5 # 13
	6 # 2
	7 # 9

