Solution makespan:7
Timestep 0:
	0 # 46
	1 # 39
	2 # 30
	3 # 48
	4 # 36
	5 # 8
	6 # 17
	7 # 33
	8 # 11
	9 # 53
	10 # 18
	11 # 52
Timestep 1:
	0 # 38
	1 # 39
	2 # 31
	3 # 40
	4 # 44
	5 # 14
	6 # 24
	7 # 34
	8 # 19
	9 # 53
	10 # 18
	11 # 52
Timestep 2:
	0 # 37
	1 # 38
	2 # 32
	3 # 41
	4 # 45
	5 # 14
	6 # 25
	7 # 26
	8 # 20
	9 # 54
	10 # 18
	11 # 44
Timestep 3:
	0 # 45
	1 # 38
	2 # 24
	3 # 34
	4 # 46
	5 # 15
	6 # 25
	7 # 26
	8 # 27
	9 # 55
	10 # 19
	11 # 36
Timestep 4:
	0 # 53
	1 # 31
	2 # 17
	3 # 33
	4 # 38
	5 # 16
	6 # 24
	7 # 19
	8 # 26
	9 # 47
	10 # 20
	11 # 29
Timestep 5:
	0 # 52
	1 # 30
	2 # 18
	3 # 25
	4 # 31
	5 # 16
	6 # 32
	7 # 26
	8 # 34
	9 # 48
	10 # 27
	11 # 22
Timestep 6:
	0 # 51
	1 # 23
	2 # 19
	3 # 18
	4 # 32
	5 # 17
	6 # 39
	7 # 26
	8 # 33
	9 # 49
	10 # 35
	11 # 21
Timestep 7:
	0 # 51
	1 # 15
	2 # 20
	3 # 19
	4 # 33
	5 # 10
	6 # 47
	7 # 34
	8 # 40
	9 # 41
	10 # 27
	11 # 13

