Solution makespan:13
Timestep 0:
	0 # 22
	1 # 30
	2 # 52
	3 # 29
	4 # 9
	5 # 44
	6 # 55
	7 # 16
Timestep 1:
	0 # 23
	1 # 37
	2 # 52
	3 # 30
	4 # 10
	5 # 36
	6 # 47
	7 # 22
Timestep 2:
	0 # 17
	1 # 38
	2 # 51
	3 # 31
	4 # 10
	5 # 37
	6 # 40
	7 # 23
Timestep 3:
	0 # 17
	1 # 39
	2 # 44
	3 # 38
	4 # 11
	5 # 30
	6 # 47
	7 # 24
Timestep 4:
	0 # 10
	1 # 40
	2 # 36
	3 # 39
	4 # 18
	5 # 22
	6 # 46
	7 # 23
Timestep 5:
	0 # 2
	1 # 41
	2 # 37
	3 # 40
	4 # 19
	5 # 16
	6 # 54
	7 # 17
Timestep 6:
	0 # 1
	1 # 42
	2 # 30
	3 # 47
	4 # 25
	5 # 17
	6 # 53
	7 # 10
Timestep 7:
	0 # 1
	1 # 43
	2 # 22
	3 # 48
	4 # 26
	5 # 18
	6 # 52
	7 # 2
Timestep 8:
	0 # 1
	1 # 35
	2 # 23
	3 # 41
	4 # 26
	5 # 19
	6 # 52
	7 # 3
Timestep 9:
	0 # 9
	1 # 43
	2 # 24
	3 # 48
	4 # 27
	5 # 12
	6 # 51
	7 # 3
Timestep 10:
	0 # 10
	1 # 35
	2 # 24
	3 # 47
	4 # 20
	5 # 13
	6 # 44
	7 # 11
Timestep 11:
	0 # 11
	1 # 28
	2 # 25
	3 # 46
	4 # 27
	5 # 14
	6 # 36
	7 # 18
Timestep 12:
	0 # 12
	1 # 35
	2 # 32
	3 # 39
	4 # 27
	5 # 6
	6 # 37
	7 # 17
Timestep 13:
	0 # 4
	1 # 43
	2 # 40
	3 # 46
	4 # 20
	5 # 7
	6 # 37
	7 # 18

