Solution makespan:6
Timestep 0:
	0 # 9
	1 # 6
	2 # 12
	3 # 7
	4 # 4
	5 # 0
	6 # 8
	7 # 13
Timestep 1:
	0 # 8
	1 # 5
	2 # 13
	3 # 3
	4 # 4
	5 # 0
	6 # 6
	7 # 9
Timestep 2:
	0 # 12
	1 # 1
	2 # 9
	3 # 2
	4 # 5
	5 # 0
	6 # 8
	7 # 7
Timestep 3:
	0 # 13
	1 # 1
	2 # 7
	3 # 2
	4 # 6
	5 # 0
	6 # 12
	7 # 3
Timestep 4:
	0 # 13
	1 # 5
	2 # 6
	3 # 1
	4 # 8
	5 # 4
	6 # 11
	7 # 7
Timestep 5:
	0 # 13
	1 # 6
	2 # 2
	3 # 1
	4 # 8
	5 # 4
	6 # 11
	7 # 9
Timestep 6:
	0 # 13
	1 # 7
	2 # 2
	3 # 1
	4 # 12
	5 # 5
	6 # 11
	7 # 8

