Solution makespan:8
Timestep 0:
	0 # 1
	1 # 0
	2 # 11
	3 # 5
	4 # 4
	5 # 6
	6 # 10
Timestep 1:
	0 # 0
	1 # 3
	2 # 11
	3 # 8
	4 # 1
	5 # 6
	6 # 10
Timestep 2:
	0 # 3
	1 # 4
	2 # 10
	3 # 11
	4 # 1
	5 # 2
	6 # 7
Timestep 3:
	0 # 4
	1 # 5
	2 # 10
	3 # 11
	4 # 1
	5 # 2
	6 # 7
Timestep 4:
	0 # 1
	1 # 8
	2 # 7
	3 # 10
	4 # 0
	5 # 3
	6 # 4
Timestep 5:
	0 # 1
	1 # 11
	2 # 8
	3 # 10
	4 # 0
	5 # 4
	6 # 5
Timestep 6:
	0 # 1
	1 # 8
	2 # 5
	3 # 11
	4 # 3
	5 # 7
	6 # 4
Timestep 7:
	0 # 0
	1 # 7
	2 # 4
	3 # 8
	4 # 2
	5 # 10
	6 # 3
Timestep 8:
	0 # 1
	1 # 7
	2 # 3
	3 # 8
	4 # 6
	5 # 11
	6 # 2

