Solution makespan:10
Timestep 0:
	0 # 17
	1 # 42
	2 # 23
	3 # 26
	4 # 1
	5 # 9
	6 # 2
	7 # 0
	8 # 27
	9 # 54
	10 # 40
	11 # 56
	12 # 31
	13 # 39
	14 # 29
	15 # 22
	16 # 4
	17 # 5
	18 # 43
	19 # 46
	20 # 19
	21 # 48
	22 # 53
	23 # 12
	24 # 15
	25 # 35
	26 # 13
	27 # 6
Timestep 1:
	0 # 16
	1 # 43
	2 # 23
	3 # 25
	4 # 9
	5 # 10
	6 # 2
	7 # 0
	8 # 26
	9 # 53
	10 # 41
	11 # 55
	12 # 24
	13 # 38
	14 # 30
	15 # 21
	16 # 3
	17 # 13
	18 # 51
	19 # 47
	20 # 11
	21 # 49
	22 # 46
	23 # 4
	24 # 22
	25 # 40
	26 # 14
	27 # 6
Timestep 2:
	0 # 8
	1 # 44
	2 # 24
	3 # 32
	4 # 17
	5 # 11
	6 # 2
	7 # 1
	8 # 25
	9 # 46
	10 # 40
	11 # 56
	12 # 18
	13 # 37
	14 # 31
	15 # 28
	16 # 3
	17 # 20
	18 # 43
	19 # 54
	20 # 12
	21 # 41
	22 # 39
	23 # 5
	24 # 21
	25 # 48
	26 # 13
	27 # 7
Timestep 3:
	0 # 8
	1 # 45
	2 # 18
	3 # 38
	4 # 23
	5 # 19
	6 # 1
	7 # 9
	8 # 24
	9 # 39
	10 # 41
	11 # 49
	12 # 10
	13 # 31
	14 # 30
	15 # 35
	16 # 2
	17 # 27
	18 # 44
	19 # 54
	20 # 4
	21 # 36
	22 # 33
	23 # 13
	24 # 20
	25 # 47
	26 # 12
	27 # 15
Timestep 4:
	0 # 16
	1 # 52
	2 # 10
	3 # 39
	4 # 30
	5 # 25
	6 # 0
	7 # 17
	8 # 18
	9 # 33
	10 # 41
	11 # 48
	12 # 2
	13 # 31
	14 # 29
	15 # 40
	16 # 1
	17 # 34
	18 # 45
	19 # 47
	20 # 5
	21 # 35
	22 # 26
	23 # 12
	24 # 13
	25 # 46
	26 # 11
	27 # 14
Timestep 5:
	0 # 16
	1 # 53
	2 # 2
	3 # 46
	4 # 31
	5 # 32
	6 # 0
	7 # 23
	8 # 19
	9 # 33
	10 # 49
	11 # 40
	12 # 3
	13 # 24
	14 # 29
	15 # 35
	16 # 9
	17 # 34
	18 # 38
	19 # 48
	20 # 6
	21 # 28
	22 # 27
	23 # 11
	24 # 12
	25 # 45
	26 # 10
	27 # 13
Timestep 6:
	0 # 17
	1 # 46
	2 # 3
	3 # 47
	4 # 37
	5 # 38
	6 # 1
	7 # 30
	8 # 19
	9 # 26
	10 # 49
	11 # 35
	12 # 4
	13 # 18
	14 # 29
	15 # 34
	16 # 8
	17 # 33
	18 # 39
	19 # 40
	20 # 14
	21 # 21
	22 # 28
	23 # 10
	24 # 11
	25 # 44
	26 # 9
	27 # 20
Timestep 7:
	0 # 17
	1 # 45
	2 # 4
	3 # 54
	4 # 44
	5 # 39
	6 # 2
	7 # 31
	8 # 11
	9 # 25
	10 # 49
	11 # 28
	12 # 5
	13 # 18
	14 # 30
	15 # 34
	16 # 8
	17 # 32
	18 # 33
	19 # 35
	20 # 13
	21 # 14
	22 # 21
	23 # 9
	24 # 10
	25 # 43
	26 # 1
	27 # 27
Timestep 8:
	0 # 23
	1 # 38
	2 # 5
	3 # 54
	4 # 43
	5 # 46
	6 # 3
	7 # 37
	8 # 11
	9 # 19
	10 # 41
	11 # 21
	12 # 6
	13 # 17
	14 # 31
	15 # 27
	16 # 8
	17 # 32
	18 # 34
	19 # 28
	20 # 20
	21 # 13
	22 # 14
	23 # 9
	24 # 18
	25 # 42
	26 # 1
	27 # 26
Timestep 9:
	0 # 30
	1 # 39
	2 # 13
	3 # 53
	4 # 43
	5 # 47
	6 # 4
	7 # 44
	8 # 10
	9 # 11
	10 # 41
	11 # 21
	12 # 7
	13 # 17
	14 # 37
	15 # 34
	16 # 0
	17 # 38
	18 # 35
	19 # 28
	20 # 20
	21 # 12
	22 # 14
	23 # 9
	24 # 24
	25 # 50
	26 # 1
	27 # 26
Timestep 10:
	0 # 29
	1 # 39
	2 # 14
	3 # 46
	4 # 42
	5 # 48
	6 # 12
	7 # 43
	8 # 18
	9 # 3
	10 # 40
	11 # 22
	12 # 7
	13 # 9
	14 # 44
	15 # 35
	16 # 0
	17 # 45
	18 # 36
	19 # 28
	20 # 20
	21 # 11
	22 # 6
	23 # 1
	24 # 25
	25 # 50
	26 # 2
	27 # 27

