Solution makespan:11
Timestep 0:
	0 # 2
	1 # 10
	2 # 42
	3 # 41
	4 # 53
	5 # 45
	6 # 15
	7 # 46
	8 # 28
	9 # 16
	10 # 38
	11 # 32
	12 # 6
	13 # 44
	14 # 8
	15 # 5
	16 # 24
	17 # 34
	18 # 23
	19 # 3
	20 # 43
	21 # 52
	22 # 48
	23 # 31
	24 # 18
	25 # 54
	26 # 13
	27 # 29
	28 # 47
	29 # 30
	30 # 19
	31 # 40
Timestep 1:
	0 # 1
	1 # 18
	2 # 34
	3 # 49
	4 # 46
	5 # 44
	6 # 7
	7 # 45
	8 # 29
	9 # 24
	10 # 39
	11 # 38
	12 # 14
	13 # 43
	14 # 9
	15 # 12
	16 # 25
	17 # 33
	18 # 15
	19 # 3
	20 # 35
	21 # 53
	22 # 48
	23 # 36
	24 # 26
	25 # 54
	26 # 21
	27 # 22
	28 # 47
	29 # 23
	30 # 19
	31 # 41
Timestep 2:
	0 # 8
	1 # 26
	2 # 29
	3 # 55
	4 # 45
	5 # 43
	6 # 0
	7 # 52
	8 # 22
	9 # 31
	10 # 39
	11 # 46
	12 # 13
	13 # 51
	14 # 10
	15 # 20
	16 # 17
	17 # 41
	18 # 15
	19 # 4
	20 # 35
	21 # 53
	22 # 49
	23 # 37
	24 # 32
	25 # 54
	26 # 28
	27 # 14
	28 # 47
	29 # 24
	30 # 27
	31 # 42
Timestep 3:
	0 # 16
	1 # 32
	2 # 22
	3 # 56
	4 # 44
	5 # 35
	6 # 0
	7 # 52
	8 # 14
	9 # 36
	10 # 47
	11 # 45
	12 # 12
	13 # 51
	14 # 10
	15 # 21
	16 # 17
	17 # 42
	18 # 23
	19 # 11
	20 # 30
	21 # 53
	22 # 50
	23 # 37
	24 # 38
	25 # 54
	26 # 33
	27 # 13
	28 # 48
	29 # 25
	30 # 19
	31 # 34
Timestep 4:
	0 # 24
	1 # 38
	2 # 14
	3 # 56
	4 # 43
	5 # 30
	6 # 1
	7 # 45
	8 # 6
	9 # 35
	10 # 46
	11 # 44
	12 # 5
	13 # 51
	14 # 10
	15 # 28
	16 # 18
	17 # 34
	18 # 15
	19 # 19
	20 # 31
	21 # 52
	22 # 42
	23 # 37
	24 # 39
	25 # 54
	26 # 41
	27 # 21
	28 # 47
	29 # 17
	30 # 20
	31 # 29
Timestep 5:
	0 # 24
	1 # 38
	2 # 13
	3 # 55
	4 # 35
	5 # 23
	6 # 8
	7 # 44
	8 # 14
	9 # 36
	10 # 53
	11 # 43
	12 # 4
	13 # 51
	14 # 11
	15 # 33
	16 # 18
	17 # 29
	18 # 16
	19 # 19
	20 # 31
	21 # 52
	22 # 34
	23 # 37
	24 # 47
	25 # 54
	26 # 40
	27 # 28
	28 # 46
	29 # 9
	30 # 20
	31 # 22
Timestep 6:
	0 # 23
	1 # 32
	2 # 12
	3 # 55
	4 # 30
	5 # 15
	6 # 8
	7 # 43
	8 # 13
	9 # 37
	10 # 46
	11 # 35
	12 # 3
	13 # 51
	14 # 11
	15 # 41
	16 # 26
	17 # 29
	18 # 17
	19 # 20
	20 # 31
	21 # 53
	22 # 42
	23 # 45
	24 # 48
	25 # 47
	26 # 39
	27 # 33
	28 # 38
	29 # 10
	30 # 21
	31 # 14
Timestep 7:
	0 # 24
	1 # 26
	2 # 5
	3 # 56
	4 # 23
	5 # 16
	6 # 9
	7 # 43
	8 # 12
	9 # 38
	10 # 45
	11 # 30
	12 # 2
	13 # 51
	14 # 19
	15 # 40
	16 # 27
	17 # 29
	18 # 25
	19 # 21
	20 # 36
	21 # 54
	22 # 50
	23 # 52
	24 # 49
	25 # 46
	26 # 47
	27 # 41
	28 # 32
	29 # 11
	30 # 28
	31 # 13
Timestep 8:
	0 # 31
	1 # 18
	2 # 4
	3 # 56
	4 # 15
	5 # 16
	6 # 10
	7 # 35
	8 # 5
	9 # 39
	10 # 45
	11 # 23
	12 # 1
	13 # 43
	14 # 20
	15 # 40
	16 # 27
	17 # 34
	18 # 25
	19 # 22
	20 # 37
	21 # 53
	22 # 50
	23 # 52
	24 # 55
	25 # 38
	26 # 46
	27 # 49
	28 # 26
	29 # 12
	30 # 33
	31 # 21
Timestep 9:
	0 # 36
	1 # 10
	2 # 3
	3 # 50
	4 # 7
	5 # 17
	6 # 11
	7 # 30
	8 # 12
	9 # 47
	10 # 44
	11 # 15
	12 # 0
	13 # 43
	14 # 21
	15 # 39
	16 # 26
	17 # 42
	18 # 24
	19 # 29
	20 # 38
	21 # 46
	22 # 49
	23 # 52
	24 # 55
	25 # 32
	26 # 45
	27 # 48
	28 # 18
	29 # 13
	30 # 41
	31 # 28
Timestep 10:
	0 # 37
	1 # 3
	2 # 2
	3 # 56
	4 # 8
	5 # 18
	6 # 4
	7 # 23
	8 # 11
	9 # 39
	10 # 43
	11 # 16
	12 # 7
	13 # 35
	14 # 22
	15 # 38
	16 # 25
	17 # 50
	18 # 31
	19 # 34
	20 # 32
	21 # 45
	22 # 48
	23 # 52
	24 # 55
	25 # 26
	26 # 44
	27 # 47
	28 # 10
	29 # 12
	30 # 49
	31 # 33
Timestep 11:
	0 # 45
	1 # 2
	2 # 1
	3 # 56
	4 # 9
	5 # 19
	6 # 11
	7 # 15
	8 # 10
	9 # 40
	10 # 35
	11 # 17
	12 # 8
	13 # 36
	14 # 14
	15 # 38
	16 # 26
	17 # 49
	18 # 30
	19 # 42
	20 # 32
	21 # 44
	22 # 47
	23 # 53
	24 # 55
	25 # 27
	26 # 43
	27 # 46
	28 # 3
	29 # 13
	30 # 48
	31 # 41

