Solution makespan:10
Timestep 0:
	0 # 22
	1 # 20
	2 # 8
	3 # 42
	4 # 12
	5 # 14
	6 # 13
	7 # 1
	8 # 3
	9 # 44
	10 # 48
	11 # 27
Timestep 1:
	0 # 21
	1 # 19
	2 # 9
	3 # 50
	4 # 11
	5 # 15
	6 # 20
	7 # 2
	8 # 3
	9 # 44
	10 # 55
	11 # 26
Timestep 2:
	0 # 20
	1 # 12
	2 # 10
	3 # 49
	4 # 18
	5 # 15
	6 # 28
	7 # 1
	8 # 2
	9 # 43
	10 # 55
	11 # 26
Timestep 3:
	0 # 19
	1 # 13
	2 # 11
	3 # 48
	4 # 26
	5 # 22
	6 # 35
	7 # 9
	8 # 1
	9 # 36
	10 # 55
	11 # 27
Timestep 4:
	0 # 18
	1 # 20
	2 # 12
	3 # 47
	4 # 34
	5 # 30
	6 # 42
	7 # 16
	8 # 2
	9 # 29
	10 # 55
	11 # 27
Timestep 5:
	0 # 18
	1 # 20
	2 # 19
	3 # 46
	4 # 34
	5 # 29
	6 # 50
	7 # 9
	8 # 3
	9 # 21
	10 # 48
	11 # 28
Timestep 6:
	0 # 26
	1 # 21
	2 # 27
	3 # 39
	4 # 33
	5 # 29
	6 # 49
	7 # 8
	8 # 11
	9 # 14
	10 # 47
	11 # 35
Timestep 7:
	0 # 34
	1 # 14
	2 # 28
	3 # 32
	4 # 33
	5 # 36
	6 # 48
	7 # 0
	8 # 18
	9 # 13
	10 # 46
	11 # 35
Timestep 8:
	0 # 33
	1 # 13
	2 # 35
	3 # 24
	4 # 32
	5 # 43
	6 # 47
	7 # 1
	8 # 18
	9 # 12
	10 # 39
	11 # 42
Timestep 9:
	0 # 32
	1 # 12
	2 # 42
	3 # 16
	4 # 31
	5 # 51
	6 # 46
	7 # 2
	8 # 19
	9 # 11
	10 # 40
	11 # 50
Timestep 10:
	0 # 39
	1 # 4
	2 # 41
	3 # 17
	4 # 23
	5 # 43
	6 # 54
	7 # 3
	8 # 20
	9 # 10
	10 # 47
	11 # 50

