Solution makespan:11
Timestep 0:
	0 # 17
	1 # 35
	2 # 19
	3 # 7
	4 # 48
	5 # 38
	6 # 53
	7 # 23
	8 # 49
	9 # 39
	10 # 8
	11 # 9
	12 # 18
	13 # 24
	14 # 32
	15 # 43
	16 # 41
	17 # 46
	18 # 51
	19 # 29
	20 # 47
	21 # 0
	22 # 30
	23 # 16
	24 # 45
	25 # 50
	26 # 56
	27 # 11
Timestep 1:
	0 # 16
	1 # 36
	2 # 18
	3 # 6
	4 # 47
	5 # 37
	6 # 53
	7 # 15
	8 # 42
	9 # 40
	10 # 7
	11 # 10
	12 # 17
	13 # 31
	14 # 26
	15 # 35
	16 # 33
	17 # 39
	18 # 52
	19 # 22
	20 # 54
	21 # 0
	22 # 29
	23 # 8
	24 # 45
	25 # 51
	26 # 55
	27 # 19
Timestep 2:
	0 # 8
	1 # 29
	2 # 10
	3 # 5
	4 # 48
	5 # 37
	6 # 53
	7 # 16
	8 # 41
	9 # 32
	10 # 6
	11 # 11
	12 # 17
	13 # 38
	14 # 25
	15 # 36
	16 # 34
	17 # 40
	18 # 45
	19 # 14
	20 # 47
	21 # 1
	22 # 28
	23 # 9
	24 # 44
	25 # 52
	26 # 54
	27 # 18
Timestep 3:
	0 # 7
	1 # 22
	2 # 3
	3 # 0
	4 # 55
	5 # 36
	6 # 52
	7 # 15
	8 # 48
	9 # 26
	10 # 5
	11 # 12
	12 # 16
	13 # 39
	14 # 24
	15 # 29
	16 # 33
	17 # 32
	18 # 37
	19 # 13
	20 # 40
	21 # 2
	22 # 35
	23 # 10
	24 # 51
	25 # 45
	26 # 47
	27 # 17
Timestep 4:
	0 # 15
	1 # 14
	2 # 3
	3 # 1
	4 # 56
	5 # 36
	6 # 45
	7 # 23
	8 # 41
	9 # 18
	10 # 5
	11 # 12
	12 # 8
	13 # 46
	14 # 24
	15 # 30
	16 # 34
	17 # 26
	18 # 38
	19 # 21
	20 # 32
	21 # 2
	22 # 35
	23 # 10
	24 # 51
	25 # 37
	26 # 40
	27 # 9
Timestep 5:
	0 # 23
	1 # 14
	2 # 4
	3 # 6
	4 # 49
	5 # 44
	6 # 37
	7 # 22
	8 # 33
	9 # 19
	10 # 13
	11 # 20
	12 # 8
	13 # 47
	14 # 16
	15 # 31
	16 # 42
	17 # 18
	18 # 39
	19 # 28
	20 # 26
	21 # 1
	22 # 36
	23 # 11
	24 # 50
	25 # 30
	26 # 32
	27 # 10
Timestep 6:
	0 # 22
	1 # 15
	2 # 4
	3 # 5
	4 # 56
	5 # 51
	6 # 38
	7 # 14
	8 # 32
	9 # 19
	10 # 21
	11 # 27
	12 # 7
	13 # 48
	14 # 8
	15 # 24
	16 # 42
	17 # 10
	18 # 46
	19 # 35
	20 # 18
	21 # 1
	22 # 37
	23 # 12
	24 # 43
	25 # 23
	26 # 26
	27 # 3
Timestep 7:
	0 # 29
	1 # 16
	2 # 4
	3 # 0
	4 # 56
	5 # 50
	6 # 31
	7 # 22
	8 # 26
	9 # 20
	10 # 28
	11 # 34
	12 # 7
	13 # 41
	14 # 8
	15 # 25
	16 # 49
	17 # 9
	18 # 46
	19 # 43
	20 # 10
	21 # 2
	22 # 38
	23 # 12
	24 # 44
	25 # 24
	26 # 18
	27 # 3
Timestep 8:
	0 # 36
	1 # 24
	2 # 4
	3 # 5
	4 # 49
	5 # 50
	6 # 38
	7 # 22
	8 # 18
	9 # 12
	10 # 35
	11 # 27
	12 # 6
	13 # 33
	14 # 7
	15 # 25
	16 # 48
	17 # 8
	18 # 47
	19 # 44
	20 # 9
	21 # 1
	22 # 39
	23 # 11
	24 # 51
	25 # 23
	26 # 10
	27 # 3
Timestep 9:
	0 # 44
	1 # 24
	2 # 4
	3 # 13
	4 # 42
	5 # 50
	6 # 39
	7 # 21
	8 # 17
	9 # 11
	10 # 35
	11 # 20
	12 # 14
	13 # 33
	14 # 6
	15 # 26
	16 # 55
	17 # 7
	18 # 48
	19 # 45
	20 # 8
	21 # 0
	22 # 46
	23 # 19
	24 # 52
	25 # 15
	26 # 9
	27 # 10
Timestep 10:
	0 # 51
	1 # 31
	2 # 11
	3 # 21
	4 # 49
	5 # 43
	6 # 40
	7 # 28
	8 # 25
	9 # 10
	10 # 36
	11 # 12
	12 # 22
	13 # 34
	14 # 5
	15 # 32
	16 # 56
	17 # 6
	18 # 48
	19 # 37
	20 # 7
	21 # 1
	22 # 47
	23 # 18
	24 # 52
	25 # 16
	26 # 8
	27 # 9
Timestep 11:
	0 # 52
	1 # 38
	2 # 4
	3 # 21
	4 # 48
	5 # 44
	6 # 32
	7 # 29
	8 # 25
	9 # 9
	10 # 37
	11 # 11
	12 # 23
	13 # 27
	14 # 13
	15 # 33
	16 # 49
	17 # 5
	18 # 47
	19 # 30
	20 # 15
	21 # 6
	22 # 54
	23 # 26
	24 # 45
	25 # 17
	26 # 7
	27 # 8

