Solution makespan:10
Timestep 0:
	0 # 5
	1 # 43
	2 # 41
	3 # 24
	4 # 55
	5 # 51
	6 # 7
	7 # 12
Timestep 1:
	0 # 6
	1 # 51
	2 # 49
	3 # 24
	4 # 47
	5 # 59
	6 # 0
	7 # 19
Timestep 2:
	0 # 14
	1 # 51
	2 # 49
	3 # 30
	4 # 48
	5 # 59
	6 # 7
	7 # 25
Timestep 3:
	0 # 6
	1 # 43
	2 # 50
	3 # 38
	4 # 49
	5 # 51
	6 # 8
	7 # 33
Timestep 4:
	0 # 5
	1 # 42
	2 # 50
	3 # 39
	4 # 41
	5 # 43
	6 # 9
	7 # 32
Timestep 5:
	0 # 4
	1 # 34
	2 # 49
	3 # 40
	4 # 33
	5 # 43
	6 # 10
	7 # 31
Timestep 6:
	0 # 3
	1 # 33
	2 # 57
	3 # 41
	4 # 32
	5 # 35
	6 # 2
	7 # 30
Timestep 7:
	0 # 2
	1 # 32
	2 # 58
	3 # 33
	4 # 40
	5 # 27
	6 # 1
	7 # 29
Timestep 8:
	0 # 10
	1 # 31
	2 # 50
	3 # 25
	4 # 48
	5 # 21
	6 # 9
	7 # 28
Timestep 9:
	0 # 17
	1 # 30
	2 # 42
	3 # 26
	4 # 49
	5 # 14
	6 # 9
	7 # 36
Timestep 10:
	0 # 16
	1 # 29
	2 # 43
	3 # 20
	4 # 49
	5 # 14
	6 # 8
	7 # 44

