Solution makespan:8
Timestep 0:
	0 # 42
	1 # 11
	2 # 20
	3 # 25
	4 # 15
	5 # 10
	6 # 16
	7 # 23
	8 # 37
	9 # 40
	10 # 47
	11 # 39
Timestep 1:
	0 # 42
	1 # 12
	2 # 19
	3 # 26
	4 # 7
	5 # 18
	6 # 16
	7 # 23
	8 # 44
	9 # 33
	10 # 52
	11 # 38
Timestep 2:
	0 # 41
	1 # 20
	2 # 25
	3 # 27
	4 # 15
	5 # 19
	6 # 17
	7 # 23
	8 # 44
	9 # 34
	10 # 52
	11 # 38
Timestep 3:
	0 # 40
	1 # 26
	2 # 24
	3 # 28
	4 # 15
	5 # 20
	6 # 18
	7 # 17
	8 # 37
	9 # 34
	10 # 51
	11 # 31
Timestep 4:
	0 # 48
	1 # 25
	2 # 18
	3 # 36
	4 # 16
	5 # 21
	6 # 19
	7 # 9
	8 # 37
	9 # 35
	10 # 46
	11 # 23
Timestep 5:
	0 # 48
	1 # 33
	2 # 17
	3 # 36
	4 # 22
	5 # 27
	6 # 25
	7 # 10
	8 # 29
	9 # 34
	10 # 38
	11 # 24
Timestep 6:
	0 # 53
	1 # 40
	2 # 23
	3 # 43
	4 # 16
	5 # 35
	6 # 26
	7 # 3
	8 # 30
	9 # 33
	10 # 31
	11 # 18
Timestep 7:
	0 # 54
	1 # 48
	2 # 24
	3 # 50
	4 # 8
	5 # 42
	6 # 25
	7 # 4
	8 # 22
	9 # 32
	10 # 23
	11 # 19
Timestep 8:
	0 # 55
	1 # 53
	2 # 23
	3 # 56
	4 # 7
	5 # 43
	6 # 25
	7 # 5
	8 # 16
	9 # 24
	10 # 17
	11 # 20

