Solution makespan:11
Timestep 0:
	0 # 16
	1 # 8
	2 # 31
	3 # 26
	4 # 6
	5 # 5
	6 # 43
	7 # 39
Timestep 1:
	0 # 17
	1 # 9
	2 # 39
	3 # 27
	4 # 13
	5 # 4
	6 # 51
	7 # 40
Timestep 2:
	0 # 18
	1 # 8
	2 # 38
	3 # 27
	4 # 12
	5 # 11
	6 # 52
	7 # 39
Timestep 3:
	0 # 25
	1 # 9
	2 # 37
	3 # 34
	4 # 19
	5 # 18
	6 # 52
	7 # 39
Timestep 4:
	0 # 32
	1 # 9
	2 # 36
	3 # 42
	4 # 18
	5 # 17
	6 # 44
	7 # 47
Timestep 5:
	0 # 32
	1 # 9
	2 # 29
	3 # 42
	4 # 25
	5 # 16
	6 # 36
	7 # 55
Timestep 6:
	0 # 33
	1 # 9
	2 # 22
	3 # 50
	4 # 32
	5 # 24
	6 # 29
	7 # 54
Timestep 7:
	0 # 26
	1 # 8
	2 # 15
	3 # 49
	4 # 31
	5 # 23
	6 # 22
	7 # 53
Timestep 8:
	0 # 25
	1 # 7
	2 # 8
	3 # 41
	4 # 39
	5 # 30
	6 # 23
	7 # 45
Timestep 9:
	0 # 18
	1 # 14
	2 # 7
	3 # 40
	4 # 38
	5 # 29
	6 # 24
	7 # 37
Timestep 10:
	0 # 11
	1 # 21
	2 # 8
	3 # 32
	4 # 37
	5 # 28
	6 # 16
	7 # 30
Timestep 11:
	0 # 11
	1 # 28
	2 # 8
	3 # 32
	4 # 36
	5 # 35
	6 # 17
	7 # 23

