Solution makespan:14
Timestep 0:
	0 # 46
	1 # 31
	2 # 30
	3 # 16
	4 # 37
	5 # 36
	6 # 59
	7 # 21
	8 # 50
	9 # 28
	10 # 23
	11 # 18
	12 # 19
	13 # 51
	14 # 14
	15 # 55
	16 # 43
	17 # 40
	18 # 25
	19 # 22
Timestep 1:
	0 # 45
	1 # 32
	2 # 30
	3 # 17
	4 # 44
	5 # 29
	6 # 51
	7 # 21
	8 # 58
	9 # 35
	10 # 31
	11 # 24
	12 # 18
	13 # 50
	14 # 13
	15 # 47
	16 # 42
	17 # 39
	18 # 26
	19 # 22
Timestep 2:
	0 # 44
	1 # 33
	2 # 22
	3 # 18
	4 # 52
	5 # 21
	6 # 43
	7 # 15
	8 # 50
	9 # 36
	10 # 38
	11 # 25
	12 # 10
	13 # 49
	14 # 12
	15 # 55
	16 # 35
	17 # 32
	18 # 20
	19 # 23
Timestep 3:
	0 # 44
	1 # 34
	2 # 22
	3 # 24
	4 # 52
	5 # 15
	6 # 36
	7 # 7
	8 # 58
	9 # 29
	10 # 45
	11 # 25
	12 # 10
	13 # 48
	14 # 11
	15 # 56
	16 # 42
	17 # 31
	18 # 12
	19 # 17
Timestep 4:
	0 # 44
	1 # 26
	2 # 30
	3 # 32
	4 # 52
	5 # 14
	6 # 35
	7 # 7
	8 # 50
	9 # 28
	10 # 46
	11 # 24
	12 # 9
	13 # 47
	14 # 19
	15 # 57
	16 # 42
	17 # 23
	18 # 13
	19 # 18
Timestep 5:
	0 # 45
	1 # 20
	2 # 37
	3 # 39
	4 # 53
	5 # 14
	6 # 28
	7 # 15
	8 # 42
	9 # 27
	10 # 47
	11 # 23
	12 # 9
	13 # 40
	14 # 25
	15 # 49
	16 # 41
	17 # 17
	18 # 13
	19 # 24
Timestep 6:
	0 # 38
	1 # 19
	2 # 37
	3 # 46
	4 # 54
	5 # 15
	6 # 27
	7 # 21
	8 # 35
	9 # 26
	10 # 47
	11 # 31
	12 # 10
	13 # 39
	14 # 24
	15 # 49
	16 # 41
	17 # 23
	18 # 13
	19 # 32
Timestep 7:
	0 # 37
	1 # 25
	2 # 44
	3 # 54
	4 # 55
	5 # 21
	6 # 26
	7 # 29
	8 # 36
	9 # 34
	10 # 48
	11 # 30
	12 # 11
	13 # 38
	14 # 24
	15 # 50
	16 # 42
	17 # 17
	18 # 14
	19 # 32
Timestep 8:
	0 # 37
	1 # 26
	2 # 44
	3 # 54
	4 # 56
	5 # 21
	6 # 20
	7 # 28
	8 # 29
	9 # 34
	10 # 49
	11 # 30
	12 # 19
	13 # 38
	14 # 32
	15 # 42
	16 # 35
	17 # 9
	18 # 14
	19 # 33
Timestep 9:
	0 # 44
	1 # 25
	2 # 45
	3 # 55
	4 # 56
	5 # 29
	6 # 19
	7 # 27
	8 # 28
	9 # 33
	10 # 50
	11 # 30
	12 # 11
	13 # 31
	14 # 32
	15 # 42
	16 # 35
	17 # 9
	18 # 15
	19 # 40
Timestep 10:
	0 # 44
	1 # 19
	2 # 53
	3 # 56
	4 # 57
	5 # 36
	6 # 18
	7 # 26
	8 # 27
	9 # 32
	10 # 51
	11 # 37
	12 # 12
	13 # 23
	14 # 39
	15 # 41
	16 # 42
	17 # 8
	18 # 7
	19 # 33
Timestep 11:
	0 # 37
	1 # 19
	2 # 45
	3 # 57
	4 # 58
	5 # 36
	6 # 10
	7 # 25
	8 # 26
	9 # 39
	10 # 43
	11 # 38
	12 # 12
	13 # 17
	14 # 46
	15 # 41
	16 # 35
	17 # 16
	18 # 6
	19 # 40
Timestep 12:
	0 # 30
	1 # 11
	2 # 44
	3 # 58
	4 # 50
	5 # 35
	6 # 2
	7 # 33
	8 # 20
	9 # 46
	10 # 36
	11 # 38
	12 # 13
	13 # 9
	14 # 47
	15 # 49
	16 # 28
	17 # 17
	18 # 5
	19 # 40
Timestep 13:
	0 # 22
	1 # 3
	2 # 37
	3 # 50
	4 # 42
	5 # 35
	6 # 1
	7 # 32
	8 # 19
	9 # 54
	10 # 29
	11 # 45
	12 # 13
	13 # 8
	14 # 40
	15 # 48
	16 # 27
	17 # 18
	18 # 4
	19 # 39
Timestep 14:
	0 # 16
	1 # 4
	2 # 30
	3 # 51
	4 # 35
	5 # 36
	6 # 0
	7 # 31
	8 # 11
	9 # 55
	10 # 29
	11 # 53
	12 # 14
	13 # 9
	14 # 33
	15 # 47
	16 # 28
	17 # 24
	18 # 12
	19 # 39

