Solution makespan:12
Timestep 0:
	0 # 38
	1 # 40
	2 # 33
	3 # 45
	4 # 29
	5 # 19
	6 # 52
	7 # 59
	8 # 36
	9 # 28
	10 # 2
	11 # 25
	12 # 47
	13 # 46
	14 # 24
	15 # 43
	16 # 17
	17 # 34
	18 # 54
	19 # 26
	20 # 22
	21 # 20
	22 # 8
	23 # 42
	24 # 12
	25 # 14
	26 # 13
	27 # 1
	28 # 3
	29 # 44
	30 # 48
	31 # 27
Timestep 1:
	0 # 31
	1 # 39
	2 # 25
	3 # 45
	4 # 36
	5 # 12
	6 # 44
	7 # 52
	8 # 37
	9 # 35
	10 # 10
	11 # 17
	12 # 40
	13 # 47
	14 # 32
	15 # 51
	16 # 16
	17 # 26
	18 # 53
	19 # 18
	20 # 30
	21 # 28
	22 # 9
	23 # 50
	24 # 4
	25 # 15
	26 # 14
	27 # 2
	28 # 11
	29 # 43
	30 # 49
	31 # 27
Timestep 2:
	0 # 23
	1 # 32
	2 # 24
	3 # 46
	4 # 36
	5 # 4
	6 # 37
	7 # 59
	8 # 30
	9 # 35
	10 # 2
	11 # 18
	12 # 39
	13 # 48
	14 # 33
	15 # 58
	16 # 16
	17 # 25
	18 # 45
	19 # 19
	20 # 29
	21 # 27
	22 # 10
	23 # 51
	24 # 5
	25 # 14
	26 # 21
	27 # 3
	28 # 11
	29 # 42
	30 # 56
	31 # 26
Timestep 3:
	0 # 23
	1 # 33
	2 # 16
	3 # 47
	4 # 43
	5 # 12
	6 # 44
	7 # 59
	8 # 22
	9 # 42
	10 # 1
	11 # 11
	12 # 38
	13 # 49
	14 # 34
	15 # 51
	16 # 9
	17 # 24
	18 # 46
	19 # 27
	20 # 36
	21 # 26
	22 # 17
	23 # 52
	24 # 6
	25 # 14
	26 # 21
	27 # 4
	28 # 10
	29 # 41
	30 # 57
	31 # 25
Timestep 4:
	0 # 24
	1 # 34
	2 # 16
	3 # 48
	4 # 42
	5 # 11
	6 # 44
	7 # 59
	8 # 22
	9 # 50
	10 # 0
	11 # 3
	12 # 31
	13 # 56
	14 # 26
	15 # 51
	16 # 8
	17 # 32
	18 # 39
	19 # 28
	20 # 37
	21 # 25
	22 # 18
	23 # 52
	24 # 14
	25 # 13
	26 # 29
	27 # 5
	28 # 2
	29 # 49
	30 # 57
	31 # 17
Timestep 5:
	0 # 25
	1 # 34
	2 # 16
	3 # 55
	4 # 42
	5 # 11
	6 # 37
	7 # 52
	8 # 15
	9 # 49
	10 # 0
	11 # 4
	12 # 23
	13 # 57
	14 # 27
	15 # 50
	16 # 9
	17 # 31
	18 # 32
	19 # 35
	20 # 30
	21 # 33
	22 # 19
	23 # 44
	24 # 21
	25 # 13
	26 # 36
	27 # 6
	28 # 2
	29 # 48
	30 # 58
	31 # 18
Timestep 6:
	0 # 26
	1 # 34
	2 # 24
	3 # 56
	4 # 41
	5 # 10
	6 # 37
	7 # 51
	8 # 22
	9 # 48
	10 # 0
	11 # 5
	12 # 31
	13 # 57
	14 # 28
	15 # 49
	16 # 16
	17 # 38
	18 # 33
	19 # 35
	20 # 30
	21 # 40
	22 # 20
	23 # 44
	24 # 29
	25 # 12
	26 # 43
	27 # 14
	28 # 3
	29 # 47
	30 # 59
	31 # 11
Timestep 7:
	0 # 18
	1 # 26
	2 # 32
	3 # 57
	4 # 49
	5 # 17
	6 # 30
	7 # 50
	8 # 15
	9 # 55
	10 # 8
	11 # 6
	12 # 38
	13 # 58
	14 # 35
	15 # 48
	16 # 16
	17 # 45
	18 # 34
	19 # 42
	20 # 22
	21 # 39
	22 # 20
	23 # 37
	24 # 36
	25 # 11
	26 # 51
	27 # 21
	28 # 2
	29 # 46
	30 # 52
	31 # 3
Timestep 8:
	0 # 17
	1 # 18
	2 # 39
	3 # 58
	4 # 48
	5 # 25
	6 # 22
	7 # 49
	8 # 14
	9 # 56
	10 # 9
	11 # 6
	12 # 31
	13 # 59
	14 # 42
	15 # 47
	16 # 24
	17 # 53
	18 # 26
	19 # 41
	20 # 21
	21 # 38
	22 # 28
	23 # 30
	24 # 36
	25 # 10
	26 # 50
	27 # 29
	28 # 1
	29 # 46
	30 # 44
	31 # 2
Timestep 9:
	0 # 18
	1 # 11
	2 # 40
	3 # 58
	4 # 47
	5 # 33
	6 # 15
	7 # 48
	8 # 13
	9 # 56
	10 # 16
	11 # 7
	12 # 32
	13 # 59
	14 # 50
	15 # 46
	16 # 24
	17 # 54
	18 # 27
	19 # 49
	20 # 20
	21 # 45
	22 # 35
	23 # 22
	24 # 43
	25 # 9
	26 # 57
	27 # 36
	28 # 1
	29 # 39
	30 # 37
	31 # 10
Timestep 10:
	0 # 11
	1 # 10
	2 # 33
	3 # 59
	4 # 40
	5 # 32
	6 # 14
	7 # 47
	8 # 20
	9 # 49
	10 # 17
	11 # 6
	12 # 31
	13 # 52
	14 # 57
	15 # 45
	16 # 25
	17 # 46
	18 # 28
	19 # 48
	20 # 19
	21 # 53
	22 # 42
	23 # 21
	24 # 51
	25 # 1
	26 # 56
	27 # 43
	28 # 2
	29 # 39
	30 # 37
	31 # 9
Timestep 11:
	0 # 12
	1 # 10
	2 # 25
	3 # 52
	4 # 33
	5 # 24
	6 # 15
	7 # 40
	8 # 28
	9 # 49
	10 # 18
	11 # 5
	12 # 32
	13 # 44
	14 # 56
	15 # 38
	16 # 26
	17 # 45
	18 # 35
	19 # 47
	20 # 27
	21 # 54
	22 # 50
	23 # 14
	24 # 58
	25 # 1
	26 # 55
	27 # 51
	28 # 2
	29 # 46
	30 # 30
	31 # 8
Timestep 12:
	0 # 13
	1 # 9
	2 # 25
	3 # 44
	4 # 34
	5 # 16
	6 # 22
	7 # 33
	8 # 35
	9 # 50
	10 # 11
	11 # 5
	12 # 32
	13 # 43
	14 # 56
	15 # 38
	16 # 18
	17 # 53
	18 # 42
	19 # 46
	20 # 26
	21 # 54
	22 # 57
	23 # 6
	24 # 58
	25 # 0
	26 # 55
	27 # 52
	28 # 10
	29 # 45
	30 # 37
	31 # 8

