Solution makespan:12
Timestep 0:
	0 # 38
	1 # 7
	2 # 31
	3 # 51
	4 # 24
	5 # 54
	6 # 44
	7 # 49
	8 # 16
	9 # 11
	10 # 37
	11 # 46
	12 # 34
	13 # 13
	14 # 26
	15 # 36
	16 # 8
	17 # 6
	18 # 21
	19 # 47
Timestep 1:
	0 # 39
	1 # 14
	2 # 23
	3 # 52
	4 # 32
	5 # 47
	6 # 44
	7 # 50
	8 # 17
	9 # 19
	10 # 30
	11 # 38
	12 # 41
	13 # 12
	14 # 27
	15 # 43
	16 # 16
	17 # 13
	18 # 21
	19 # 46
Timestep 2:
	0 # 40
	1 # 22
	2 # 23
	3 # 53
	4 # 39
	5 # 48
	6 # 43
	7 # 51
	8 # 25
	9 # 27
	10 # 29
	11 # 31
	12 # 49
	13 # 11
	14 # 28
	15 # 42
	16 # 24
	17 # 12
	18 # 13
	19 # 38
Timestep 3:
	0 # 41
	1 # 30
	2 # 15
	3 # 52
	4 # 39
	5 # 47
	6 # 36
	7 # 51
	8 # 25
	9 # 26
	10 # 21
	11 # 31
	12 # 48
	13 # 10
	14 # 20
	15 # 50
	16 # 32
	17 # 11
	18 # 14
	19 # 38
Timestep 4:
	0 # 42
	1 # 29
	2 # 16
	3 # 57
	4 # 32
	5 # 54
	6 # 28
	7 # 52
	8 # 24
	9 # 27
	10 # 13
	11 # 23
	12 # 48
	13 # 9
	14 # 21
	15 # 50
	16 # 31
	17 # 11
	18 # 7
	19 # 39
Timestep 5:
	0 # 43
	1 # 28
	2 # 24
	3 # 57
	4 # 33
	5 # 55
	6 # 20
	7 # 53
	8 # 23
	9 # 27
	10 # 12
	11 # 15
	12 # 48
	13 # 9
	14 # 22
	15 # 51
	16 # 38
	17 # 10
	18 # 14
	19 # 32
Timestep 6:
	0 # 44
	1 # 36
	2 # 16
	3 # 57
	4 # 34
	5 # 56
	6 # 19
	7 # 45
	8 # 31
	9 # 35
	10 # 11
	11 # 15
	12 # 55
	13 # 2
	14 # 14
	15 # 52
	16 # 39
	17 # 18
	18 # 13
	19 # 24
Timestep 7:
	0 # 44
	1 # 43
	2 # 17
	3 # 57
	4 # 35
	5 # 56
	6 # 11
	7 # 37
	8 # 32
	9 # 42
	10 # 10
	11 # 23
	12 # 54
	13 # 3
	14 # 13
	15 # 52
	16 # 40
	17 # 26
	18 # 12
	19 # 25
Timestep 8:
	0 # 45
	1 # 51
	2 # 18
	3 # 57
	4 # 36
	5 # 56
	6 # 10
	7 # 30
	8 # 24
	9 # 43
	10 # 9
	11 # 15
	12 # 47
	13 # 4
	14 # 13
	15 # 52
	16 # 41
	17 # 34
	18 # 11
	19 # 26
Timestep 9:
	0 # 45
	1 # 50
	2 # 19
	3 # 57
	4 # 28
	5 # 55
	6 # 3
	7 # 29
	8 # 25
	9 # 51
	10 # 9
	11 # 16
	12 # 48
	13 # 11
	14 # 12
	15 # 44
	16 # 41
	17 # 35
	18 # 10
	19 # 26
Timestep 10:
	0 # 53
	1 # 49
	2 # 20
	3 # 57
	4 # 29
	5 # 48
	6 # 4
	7 # 21
	8 # 25
	9 # 50
	10 # 17
	11 # 8
	12 # 40
	13 # 12
	14 # 5
	15 # 44
	16 # 42
	17 # 36
	18 # 18
	19 # 27
Timestep 11:
	0 # 52
	1 # 48
	2 # 28
	3 # 57
	4 # 21
	5 # 40
	6 # 3
	7 # 13
	8 # 26
	9 # 42
	10 # 16
	11 # 9
	12 # 41
	13 # 20
	14 # 6
	15 # 45
	16 # 43
	17 # 36
	18 # 17
	19 # 19
Timestep 12:
	0 # 44
	1 # 55
	2 # 29
	3 # 52
	4 # 22
	5 # 48
	6 # 4
	7 # 6
	8 # 26
	9 # 35
	10 # 15
	11 # 10
	12 # 42
	13 # 12
	14 # 7
	15 # 37
	16 # 51
	17 # 28
	18 # 17
	19 # 11

