Solution makespan:7
Timestep 0:
	0 # 1
	1 # 2
	2 # 6
	3 # 4
	4 # 3
	5 # 13
	6 # 0
Timestep 1:
	0 # 5
	1 # 1
	2 # 10
	3 # 7
	4 # 2
	5 # 9
	6 # 4
Timestep 2:
	0 # 4
	1 # 5
	2 # 14
	3 # 8
	4 # 3
	5 # 10
	6 # 0
Timestep 3:
	0 # 4
	1 # 8
	2 # 13
	3 # 9
	4 # 2
	5 # 14
	6 # 1
Timestep 4:
	0 # 5
	1 # 9
	2 # 12
	3 # 10
	4 # 3
	5 # 13
	6 # 2
Timestep 5:
	0 # 8
	1 # 9
	2 # 11
	3 # 10
	4 # 6
	5 # 12
	6 # 1
Timestep 6:
	0 # 12
	1 # 10
	2 # 7
	3 # 6
	4 # 3
	5 # 11
	6 # 5
Timestep 7:
	0 # 13
	1 # 6
	2 # 4
	3 # 3
	4 # 2
	5 # 12
	6 # 8

