Solution makespan:11
Timestep 0:
	0 # 17
	1 # 23
	2 # 14
	3 # 39
	4 # 43
	5 # 12
	6 # 30
	7 # 38
	8 # 29
	9 # 0
	10 # 6
	11 # 34
	12 # 8
	13 # 60
	14 # 3
	15 # 2
Timestep 1:
	0 # 25
	1 # 23
	2 # 13
	3 # 40
	4 # 42
	5 # 20
	6 # 22
	7 # 37
	8 # 29
	9 # 8
	10 # 6
	11 # 33
	12 # 15
	13 # 53
	14 # 10
	15 # 9
Timestep 2:
	0 # 26
	1 # 31
	2 # 21
	3 # 41
	4 # 49
	5 # 28
	6 # 30
	7 # 36
	8 # 37
	9 # 15
	10 # 13
	11 # 25
	12 # 16
	13 # 53
	14 # 18
	15 # 9
Timestep 3:
	0 # 34
	1 # 39
	2 # 22
	3 # 33
	4 # 48
	5 # 27
	6 # 30
	7 # 35
	8 # 45
	9 # 23
	10 # 21
	11 # 17
	12 # 15
	13 # 46
	14 # 26
	15 # 2
Timestep 4:
	0 # 42
	1 # 40
	2 # 22
	3 # 25
	4 # 47
	5 # 27
	6 # 38
	7 # 43
	8 # 52
	9 # 24
	10 # 20
	11 # 9
	12 # 8
	13 # 46
	14 # 34
	15 # 1
Timestep 5:
	0 # 49
	1 # 39
	2 # 22
	3 # 26
	4 # 40
	5 # 19
	6 # 46
	7 # 42
	8 # 52
	9 # 32
	10 # 12
	11 # 10
	12 # 15
	13 # 53
	14 # 35
	15 # 2
Timestep 6:
	0 # 42
	1 # 31
	2 # 30
	3 # 27
	4 # 39
	5 # 18
	6 # 53
	7 # 41
	8 # 51
	9 # 40
	10 # 13
	11 # 11
	12 # 16
	13 # 52
	14 # 35
	15 # 2
Timestep 7:
	0 # 43
	1 # 31
	2 # 29
	3 # 19
	4 # 39
	5 # 26
	6 # 46
	7 # 48
	8 # 58
	9 # 41
	10 # 14
	11 # 12
	12 # 17
	13 # 52
	14 # 27
	15 # 9
Timestep 8:
	0 # 35
	1 # 32
	2 # 28
	3 # 11
	4 # 31
	5 # 34
	6 # 45
	7 # 41
	8 # 59
	9 # 42
	10 # 7
	11 # 13
	12 # 9
	13 # 53
	14 # 19
	15 # 10
Timestep 9:
	0 # 27
	1 # 31
	2 # 36
	3 # 12
	4 # 23
	5 # 42
	6 # 44
	7 # 40
	8 # 60
	9 # 43
	10 # 7
	11 # 6
	12 # 2
	13 # 52
	14 # 19
	15 # 11
Timestep 10:
	0 # 28
	1 # 39
	2 # 37
	3 # 13
	4 # 15
	5 # 49
	6 # 51
	7 # 32
	8 # 53
	9 # 43
	10 # 6
	11 # 5
	12 # 3
	13 # 59
	14 # 19
	15 # 12
Timestep 11:
	0 # 36
	1 # 40
	2 # 45
	3 # 14
	4 # 8
	5 # 56
	6 # 50
	7 # 32
	8 # 53
	9 # 44
	10 # 7
	11 # 6
	12 # 4
	13 # 58
	14 # 11
	15 # 13

