Solution makespan:10
Timestep 0:
	0 # 28
	1 # 31
	2 # 38
	3 # 13
	4 # 33
	5 # 4
	6 # 54
	7 # 15
	8 # 3
	9 # 1
	10 # 0
	11 # 2
	12 # 30
	13 # 35
	14 # 47
	15 # 11
	16 # 9
	17 # 49
	18 # 39
	19 # 46
	20 # 45
	21 # 27
	22 # 42
	23 # 25
	24 # 56
	25 # 20
	26 # 18
	27 # 5
	28 # 24
	29 # 23
	30 # 10
	31 # 36
Timestep 1:
	0 # 21
	1 # 32
	2 # 46
	3 # 13
	4 # 34
	5 # 4
	6 # 53
	7 # 15
	8 # 3
	9 # 0
	10 # 7
	11 # 2
	12 # 31
	13 # 43
	14 # 47
	15 # 12
	16 # 17
	17 # 42
	18 # 39
	19 # 45
	20 # 44
	21 # 28
	22 # 41
	23 # 26
	24 # 50
	25 # 19
	26 # 25
	27 # 5
	28 # 16
	29 # 22
	30 # 11
	31 # 36
Timestep 2:
	0 # 13
	1 # 33
	2 # 52
	3 # 12
	4 # 41
	5 # 3
	6 # 47
	7 # 23
	8 # 10
	9 # 7
	10 # 14
	11 # 9
	12 # 32
	13 # 42
	14 # 39
	15 # 20
	16 # 16
	17 # 49
	18 # 38
	19 # 46
	20 # 44
	21 # 28
	22 # 40
	23 # 27
	24 # 43
	25 # 11
	26 # 26
	27 # 6
	28 # 8
	29 # 29
	30 # 4
	31 # 37
Timestep 3:
	0 # 12
	1 # 34
	2 # 53
	3 # 5
	4 # 48
	5 # 3
	6 # 39
	7 # 22
	8 # 18
	9 # 14
	10 # 15
	11 # 17
	12 # 33
	13 # 41
	14 # 38
	15 # 21
	16 # 24
	17 # 49
	18 # 31
	19 # 47
	20 # 51
	21 # 35
	22 # 40
	23 # 20
	24 # 42
	25 # 10
	26 # 27
	27 # 13
	28 # 9
	29 # 36
	30 # 4
	31 # 45
Timestep 4:
	0 # 12
	1 # 26
	2 # 54
	3 # 6
	4 # 48
	5 # 10
	6 # 38
	7 # 29
	8 # 25
	9 # 15
	10 # 16
	11 # 18
	12 # 34
	13 # 40
	14 # 37
	15 # 28
	16 # 24
	17 # 42
	18 # 31
	19 # 53
	20 # 51
	21 # 43
	22 # 39
	23 # 20
	24 # 41
	25 # 9
	26 # 27
	27 # 21
	28 # 2
	29 # 44
	30 # 4
	31 # 46
Timestep 5:
	0 # 13
	1 # 19
	2 # 55
	3 # 6
	4 # 49
	5 # 10
	6 # 31
	7 # 36
	8 # 33
	9 # 16
	10 # 8
	11 # 25
	12 # 26
	13 # 39
	14 # 37
	15 # 35
	16 # 23
	17 # 41
	18 # 24
	19 # 54
	20 # 44
	21 # 42
	22 # 47
	23 # 12
	24 # 34
	25 # 17
	26 # 20
	27 # 28
	28 # 3
	29 # 45
	30 # 4
	31 # 52
Timestep 6:
	0 # 21
	1 # 11
	2 # 48
	3 # 13
	4 # 42
	5 # 18
	6 # 31
	7 # 29
	8 # 40
	9 # 8
	10 # 9
	11 # 33
	12 # 27
	13 # 38
	14 # 45
	15 # 43
	16 # 30
	17 # 34
	18 # 24
	19 # 55
	20 # 36
	21 # 41
	22 # 47
	23 # 20
	24 # 26
	25 # 16
	26 # 19
	27 # 35
	28 # 4
	29 # 46
	30 # 5
	31 # 53
Timestep 7:
	0 # 28
	1 # 12
	2 # 41
	3 # 13
	4 # 49
	5 # 25
	6 # 24
	7 # 22
	8 # 39
	9 # 9
	10 # 10
	11 # 33
	12 # 20
	13 # 31
	14 # 46
	15 # 50
	16 # 37
	17 # 34
	18 # 16
	19 # 48
	20 # 29
	21 # 40
	22 # 47
	23 # 19
	24 # 27
	25 # 15
	26 # 18
	27 # 43
	28 # 5
	29 # 52
	30 # 6
	31 # 54
Timestep 8:
	0 # 35
	1 # 12
	2 # 34
	3 # 13
	4 # 50
	5 # 18
	6 # 16
	7 # 23
	8 # 38
	9 # 2
	10 # 11
	11 # 25
	12 # 21
	13 # 24
	14 # 52
	15 # 56
	16 # 45
	17 # 26
	18 # 8
	19 # 41
	20 # 22
	21 # 39
	22 # 47
	23 # 20
	24 # 28
	25 # 14
	26 # 17
	27 # 42
	28 # 4
	29 # 53
	30 # 6
	31 # 55
Timestep 9:
	0 # 35
	1 # 12
	2 # 26
	3 # 6
	4 # 49
	5 # 10
	6 # 15
	7 # 23
	8 # 37
	9 # 3
	10 # 19
	11 # 33
	12 # 13
	13 # 16
	14 # 53
	15 # 50
	16 # 44
	17 # 25
	18 # 9
	19 # 34
	20 # 14
	21 # 38
	22 # 46
	23 # 27
	24 # 21
	25 # 7
	26 # 18
	27 # 41
	28 # 11
	29 # 54
	30 # 5
	31 # 48
Timestep 10:
	0 # 35
	1 # 5
	2 # 25
	3 # 6
	4 # 42
	5 # 9
	6 # 15
	7 # 30
	8 # 45
	9 # 10
	10 # 20
	11 # 40
	12 # 12
	13 # 8
	14 # 53
	15 # 49
	16 # 44
	17 # 18
	18 # 2
	19 # 26
	20 # 7
	21 # 46
	22 # 52
	23 # 27
	24 # 13
	25 # 0
	26 # 17
	27 # 34
	28 # 19
	29 # 54
	30 # 4
	31 # 41

