Solution makespan:12
Timestep 0:
	0 # 53
	1 # 46
	2 # 11
	3 # 12
	4 # 54
	5 # 23
	6 # 41
	7 # 33
	8 # 17
	9 # 48
	10 # 1
	11 # 10
	12 # 52
	13 # 16
	14 # 5
	15 # 24
	16 # 49
	17 # 34
	18 # 8
	19 # 13
	20 # 50
	21 # 14
	22 # 39
	23 # 15
Timestep 1:
	0 # 53
	1 # 46
	2 # 11
	3 # 5
	4 # 47
	5 # 24
	6 # 40
	7 # 39
	8 # 18
	9 # 55
	10 # 0
	11 # 2
	12 # 52
	13 # 17
	14 # 6
	15 # 25
	16 # 43
	17 # 34
	18 # 9
	19 # 14
	20 # 44
	21 # 20
	22 # 38
	23 # 15
Timestep 2:
	0 # 53
	1 # 52
	2 # 16
	3 # 5
	4 # 41
	5 # 25
	6 # 39
	7 # 38
	8 # 19
	9 # 54
	10 # 8
	11 # 1
	12 # 51
	13 # 18
	14 # 13
	15 # 26
	16 # 42
	17 # 40
	18 # 10
	19 # 7
	20 # 37
	21 # 14
	22 # 45
	23 # 23
Timestep 3:
	0 # 52
	1 # 46
	2 # 24
	3 # 6
	4 # 40
	5 # 33
	6 # 38
	7 # 37
	8 # 27
	9 # 54
	10 # 0
	11 # 9
	12 # 45
	13 # 17
	14 # 12
	15 # 18
	16 # 42
	17 # 39
	18 # 15
	19 # 7
	20 # 31
	21 # 14
	22 # 44
	23 # 23
Timestep 4:
	0 # 52
	1 # 46
	2 # 24
	3 # 13
	4 # 39
	5 # 34
	6 # 37
	7 # 36
	8 # 26
	9 # 53
	10 # 0
	11 # 10
	12 # 45
	13 # 18
	14 # 5
	15 # 12
	16 # 35
	17 # 38
	18 # 16
	19 # 14
	20 # 32
	21 # 20
	22 # 43
	23 # 31
Timestep 5:
	0 # 46
	1 # 45
	2 # 23
	3 # 13
	4 # 38
	5 # 40
	6 # 44
	7 # 43
	8 # 27
	9 # 53
	10 # 8
	11 # 15
	12 # 51
	13 # 12
	14 # 6
	15 # 5
	16 # 29
	17 # 32
	18 # 17
	19 # 20
	20 # 33
	21 # 28
	22 # 42
	23 # 37
Timestep 6:
	0 # 39
	1 # 46
	2 # 22
	3 # 19
	4 # 32
	5 # 41
	6 # 50
	7 # 49
	8 # 26
	9 # 52
	10 # 9
	11 # 16
	12 # 51
	13 # 5
	14 # 13
	15 # 4
	16 # 30
	17 # 31
	18 # 25
	19 # 28
	20 # 34
	21 # 27
	22 # 42
	23 # 38
Timestep 7:
	0 # 40
	1 # 45
	2 # 21
	3 # 20
	4 # 31
	5 # 41
	6 # 44
	7 # 50
	8 # 25
	9 # 46
	10 # 10
	11 # 17
	12 # 51
	13 # 6
	14 # 19
	15 # 3
	16 # 30
	17 # 37
	18 # 24
	19 # 27
	20 # 34
	21 # 26
	22 # 42
	23 # 39
Timestep 8:
	0 # 34
	1 # 44
	2 # 22
	3 # 28
	4 # 23
	5 # 40
	6 # 37
	7 # 51
	8 # 33
	9 # 45
	10 # 15
	11 # 18
	12 # 52
	13 # 5
	14 # 20
	15 # 11
	16 # 36
	17 # 38
	18 # 32
	19 # 27
	20 # 26
	21 # 25
	22 # 42
	23 # 39
Timestep 9:
	0 # 26
	1 # 37
	2 # 23
	3 # 27
	4 # 15
	5 # 34
	6 # 31
	7 # 52
	8 # 33
	9 # 38
	10 # 16
	11 # 12
	12 # 53
	13 # 4
	14 # 28
	15 # 10
	16 # 43
	17 # 32
	18 # 24
	19 # 19
	20 # 18
	21 # 25
	22 # 42
	23 # 40
Timestep 10:
	0 # 18
	1 # 31
	2 # 22
	3 # 19
	4 # 10
	5 # 33
	6 # 23
	7 # 46
	8 # 39
	9 # 37
	10 # 17
	11 # 13
	12 # 53
	13 # 5
	14 # 28
	15 # 2
	16 # 44
	17 # 32
	18 # 16
	19 # 20
	20 # 12
	21 # 24
	22 # 42
	23 # 41
Timestep 11:
	0 # 12
	1 # 31
	2 # 21
	3 # 13
	4 # 2
	5 # 32
	6 # 15
	7 # 39
	8 # 38
	9 # 36
	10 # 25
	11 # 14
	12 # 54
	13 # 6
	14 # 27
	15 # 1
	16 # 45
	17 # 24
	18 # 17
	19 # 19
	20 # 5
	21 # 23
	22 # 43
	23 # 47
Timestep 12:
	0 # 5
	1 # 23
	2 # 29
	3 # 6
	4 # 1
	5 # 24
	6 # 10
	7 # 40
	8 # 37
	9 # 35
	10 # 33
	11 # 14
	12 # 55
	13 # 7
	14 # 19
	15 # 0
	16 # 38
	17 # 16
	18 # 25
	19 # 18
	20 # 4
	21 # 22
	22 # 36
	23 # 48

