Solution makespan:5
Timestep 0:
	0 # 11
	1 # 6
	2 # 35
	3 # 26
	4 # 8
	5 # 41
	6 # 39
	7 # 52
	8 # 48
	9 # 18
	10 # 10
	11 # 59
	12 # 34
	13 # 54
	14 # 57
	15 # 31
Timestep 1:
	0 # 3
	1 # 7
	2 # 33
	3 # 24
	4 # 0
	5 # 41
	6 # 55
	7 # 53
	8 # 50
	9 # 2
	10 # 10
	11 # 27
	12 # 35
	13 # 54
	14 # 59
	15 # 30
Timestep 2:
	0 # 7
	1 # 39
	2 # 37
	3 # 56
	4 # 1
	5 # 40
	6 # 51
	7 # 49
	8 # 34
	9 # 6
	10 # 2
	11 # 26
	12 # 43
	13 # 50
	14 # 27
	15 # 30
Timestep 3:
	0 # 15
	1 # 39
	2 # 45
	3 # 40
	4 # 1
	5 # 32
	6 # 19
	7 # 49
	8 # 42
	9 # 6
	10 # 0
	11 # 30
	12 # 11
	13 # 34
	14 # 31
	15 # 14
Timestep 4:
	0 # 47
	1 # 35
	2 # 13
	3 # 41
	4 # 3
	5 # 36
	6 # 18
	7 # 17
	8 # 40
	9 # 38
	10 # 4
	11 # 14
	12 # 10
	13 # 42
	14 # 31
	15 # 12
Timestep 5:
	0 # 45
	1 # 43
	2 # 29
	3 # 57
	4 # 11
	5 # 38
	6 # 16
	7 # 19
	8 # 40
	9 # 39
	10 # 12
	11 # 30
	12 # 14
	13 # 58
	14 # 63
	15 # 8

