Solution makespan:5
Timestep 0:
	0 # 3
	1 # 63
	2 # 38
	3 # 41
	4 # 55
	5 # 8
	6 # 21
	7 # 1
	8 # 18
	9 # 5
	10 # 24
	11 # 29
	12 # 40
	13 # 20
	14 # 11
	15 # 13
	16 # 15
	17 # 28
	18 # 6
	19 # 49
Timestep 1:
	0 # 3
	1 # 55
	2 # 54
	3 # 40
	4 # 39
	5 # 9
	6 # 29
	7 # 17
	8 # 18
	9 # 1
	10 # 8
	11 # 61
	12 # 56
	13 # 4
	14 # 43
	15 # 45
	16 # 7
	17 # 20
	18 # 2
	19 # 48
Timestep 2:
	0 # 19
	1 # 23
	2 # 54
	3 # 40
	4 # 39
	5 # 9
	6 # 31
	7 # 49
	8 # 26
	9 # 33
	10 # 0
	11 # 29
	12 # 24
	13 # 5
	14 # 41
	15 # 44
	16 # 6
	17 # 28
	18 # 10
	19 # 16
Timestep 3:
	0 # 18
	1 # 19
	2 # 38
	3 # 44
	4 # 55
	5 # 13
	6 # 31
	7 # 49
	8 # 26
	9 # 1
	10 # 32
	11 # 21
	12 # 56
	13 # 37
	14 # 45
	15 # 36
	16 # 6
	17 # 30
	18 # 42
	19 # 0
Timestep 4:
	0 # 22
	1 # 3
	2 # 6
	3 # 60
	4 # 39
	5 # 12
	6 # 27
	7 # 51
	8 # 10
	9 # 5
	10 # 32
	11 # 17
	12 # 58
	13 # 53
	14 # 13
	15 # 36
	16 # 4
	17 # 14
	18 # 40
	19 # 0
Timestep 5:
	0 # 22
	1 # 1
	2 # 7
	3 # 28
	4 # 35
	5 # 14
	6 # 59
	7 # 50
	8 # 8
	9 # 37
	10 # 48
	11 # 17
	12 # 58
	13 # 53
	14 # 13
	15 # 32
	16 # 4
	17 # 10
	18 # 44
	19 # 2

