Solution makespan:5
Timestep 0:
	0 # 36
	1 # 10
	2 # 20
	3 # 43
	4 # 21
	5 # 33
	6 # 24
	7 # 44
	8 # 17
	9 # 40
	10 # 52
	11 # 27
	12 # 28
	13 # 11
	14 # 19
	15 # 58
Timestep 1:
	0 # 44
	1 # 10
	2 # 22
	3 # 47
	4 # 5
	5 # 33
	6 # 26
	7 # 60
	8 # 21
	9 # 56
	10 # 53
	11 # 19
	12 # 28
	13 # 43
	14 # 3
	15 # 50
Timestep 2:
	0 # 60
	1 # 11
	2 # 54
	3 # 63
	4 # 37
	5 # 49
	6 # 27
	7 # 52
	8 # 29
	9 # 24
	10 # 53
	11 # 18
	12 # 12
	13 # 35
	14 # 1
	15 # 50
Timestep 3:
	0 # 56
	1 # 27
	2 # 54
	3 # 55
	4 # 39
	5 # 53
	6 # 59
	7 # 60
	8 # 28
	9 # 24
	10 # 61
	11 # 50
	12 # 44
	13 # 34
	14 # 9
	15 # 48
Timestep 4:
	0 # 57
	1 # 31
	2 # 38
	3 # 55
	4 # 35
	5 # 37
	6 # 27
	7 # 56
	8 # 30
	9 # 26
	10 # 29
	11 # 48
	12 # 45
	13 # 34
	14 # 41
	15 # 52
Timestep 5:
	0 # 56
	1 # 31
	2 # 36
	3 # 51
	4 # 3
	5 # 5
	6 # 59
	7 # 40
	8 # 26
	9 # 18
	10 # 61
	11 # 32
	12 # 13
	13 # 2
	14 # 43
	15 # 48

