Solution makespan:6
Timestep 0:
	0 # 50
	1 # 33
	2 # 12
	3 # 3
	4 # 39
	5 # 44
	6 # 59
	7 # 23
	8 # 48
	9 # 51
	10 # 35
	11 # 17
	12 # 56
	13 # 47
	14 # 19
	15 # 60
	16 # 58
	17 # 26
	18 # 36
	19 # 38
	20 # 4
	21 # 8
	22 # 1
	23 # 57
	24 # 53
	25 # 62
	26 # 28
	27 # 7
	28 # 24
	29 # 41
	30 # 37
	31 # 42
Timestep 1:
	0 # 51
	1 # 49
	2 # 4
	3 # 11
	4 # 7
	5 # 46
	6 # 57
	7 # 22
	8 # 52
	9 # 35
	10 # 43
	11 # 16
	12 # 48
	13 # 45
	14 # 3
	15 # 61
	16 # 56
	17 # 30
	18 # 37
	19 # 34
	20 # 5
	21 # 12
	22 # 17
	23 # 25
	24 # 55
	25 # 63
	26 # 20
	27 # 6
	28 # 26
	29 # 41
	30 # 33
	31 # 58
Timestep 2:
	0 # 49
	1 # 53
	2 # 0
	3 # 15
	4 # 23
	5 # 47
	6 # 41
	7 # 30
	8 # 54
	9 # 34
	10 # 42
	11 # 48
	12 # 32
	13 # 13
	14 # 11
	15 # 61
	16 # 56
	17 # 31
	18 # 39
	19 # 38
	20 # 1
	21 # 28
	22 # 19
	23 # 29
	24 # 55
	25 # 63
	26 # 4
	27 # 6
	28 # 58
	29 # 40
	30 # 35
	31 # 59
Timestep 3:
	0 # 49
	1 # 61
	2 # 16
	3 # 15
	4 # 22
	5 # 43
	6 # 40
	7 # 14
	8 # 38
	9 # 2
	10 # 42
	11 # 56
	12 # 32
	13 # 45
	14 # 10
	15 # 57
	16 # 60
	17 # 23
	18 # 47
	19 # 6
	20 # 9
	21 # 29
	22 # 3
	23 # 21
	24 # 54
	25 # 59
	26 # 12
	27 # 4
	28 # 62
	29 # 8
	30 # 34
	31 # 58
Timestep 4:
	0 # 33
	1 # 45
	2 # 17
	3 # 7
	4 # 6
	5 # 43
	6 # 32
	7 # 46
	8 # 38
	9 # 34
	10 # 40
	11 # 48
	12 # 0
	13 # 37
	14 # 10
	15 # 56
	16 # 28
	17 # 19
	18 # 15
	19 # 4
	20 # 41
	21 # 61
	22 # 1
	23 # 53
	24 # 55
	25 # 63
	26 # 14
	27 # 5
	28 # 30
	29 # 8
	30 # 35
	31 # 50
Timestep 5:
	0 # 1
	1 # 45
	2 # 21
	3 # 7
	4 # 38
	5 # 43
	6 # 36
	7 # 47
	8 # 54
	9 # 35
	10 # 44
	11 # 56
	12 # 16
	13 # 33
	14 # 11
	15 # 24
	16 # 29
	17 # 17
	18 # 15
	19 # 12
	20 # 41
	21 # 53
	22 # 9
	23 # 37
	24 # 23
	25 # 59
	26 # 46
	27 # 4
	28 # 30
	29 # 10
	30 # 3
	31 # 58
Timestep 6:
	0 # 5
	1 # 47
	2 # 17
	3 # 39
	4 # 46
	5 # 35
	6 # 4
	7 # 15
	8 # 54
	9 # 51
	10 # 36
	11 # 60
	12 # 48
	13 # 33
	14 # 27
	15 # 24
	16 # 61
	17 # 49
	18 # 31
	19 # 44
	20 # 43
	21 # 52
	22 # 25
	23 # 53
	24 # 19
	25 # 57
	26 # 42
	27 # 6
	28 # 62
	29 # 14
	30 # 3
	31 # 59

