Solution makespan:5
Timestep 0:
	0 # 11
	1 # 6
	2 # 35
	3 # 26
	4 # 8
	5 # 41
	6 # 39
	7 # 52
	8 # 48
	9 # 18
	10 # 10
	11 # 59
	12 # 34
	13 # 54
	14 # 57
	15 # 31
Timestep 1:
	0 # 27
	1 # 38
	2 # 3
	3 # 24
	4 # 8
	5 # 41
	6 # 7
	7 # 53
	8 # 52
	9 # 19
	10 # 26
	11 # 63
	12 # 32
	13 # 22
	14 # 61
	15 # 29
Timestep 2:
	0 # 11
	1 # 46
	2 # 19
	3 # 25
	4 # 40
	5 # 45
	6 # 5
	7 # 21
	8 # 60
	9 # 51
	10 # 30
	11 # 63
	12 # 36
	13 # 18
	14 # 61
	15 # 28
Timestep 3:
	0 # 43
	1 # 42
	2 # 27
	3 # 57
	4 # 8
	5 # 44
	6 # 1
	7 # 21
	8 # 56
	9 # 55
	10 # 28
	11 # 63
	12 # 4
	13 # 26
	14 # 60
	15 # 12
Timestep 4:
	0 # 47
	1 # 43
	2 # 25
	3 # 57
	4 # 10
	5 # 46
	6 # 0
	7 # 23
	8 # 40
	9 # 55
	10 # 28
	11 # 31
	12 # 6
	13 # 26
	14 # 62
	15 # 8
Timestep 5:
	0 # 45
	1 # 43
	2 # 29
	3 # 57
	4 # 11
	5 # 38
	6 # 16
	7 # 19
	8 # 40
	9 # 39
	10 # 12
	11 # 30
	12 # 14
	13 # 58
	14 # 63
	15 # 8

