Solution makespan:5
Timestep 0:
	0 # 45
	1 # 32
	2 # 51
	3 # 25
	4 # 22
	5 # 4
	6 # 9
	7 # 29
	8 # 37
	9 # 54
	10 # 34
	11 # 10
	12 # 24
	13 # 39
	14 # 59
	15 # 14
Timestep 1:
	0 # 45
	1 # 0
	2 # 51
	3 # 9
	4 # 6
	5 # 5
	6 # 11
	7 # 29
	8 # 36
	9 # 38
	10 # 2
	11 # 26
	12 # 56
	13 # 37
	14 # 43
	15 # 10
Timestep 2:
	0 # 44
	1 # 4
	2 # 19
	3 # 41
	4 # 22
	5 # 5
	6 # 43
	7 # 21
	8 # 32
	9 # 46
	10 # 18
	11 # 27
	12 # 48
	13 # 53
	14 # 42
	15 # 10
Timestep 3:
	0 # 12
	1 # 20
	2 # 23
	3 # 45
	4 # 54
	5 # 37
	6 # 43
	7 # 17
	8 # 40
	9 # 44
	10 # 50
	11 # 59
	12 # 48
	13 # 49
	14 # 10
	15 # 8
Timestep 4:
	0 # 14
	1 # 52
	2 # 19
	3 # 47
	4 # 55
	5 # 53
	6 # 11
	7 # 16
	8 # 56
	9 # 44
	10 # 54
	11 # 43
	12 # 49
	13 # 57
	14 # 10
	15 # 12
Timestep 5:
	0 # 6
	1 # 48
	2 # 51
	3 # 63
	4 # 54
	5 # 53
	6 # 27
	7 # 16
	8 # 24
	9 # 40
	10 # 52
	11 # 59
	12 # 33
	13 # 57
	14 # 42
	15 # 44

