Solution makespan:6
Timestep 0:
	0 # 0
	1 # 44
	2 # 39
	3 # 10
	4 # 16
	5 # 43
	6 # 21
	7 # 6
	8 # 56
	9 # 2
	10 # 15
	11 # 58
	12 # 40
	13 # 45
	14 # 53
	15 # 34
	16 # 4
	17 # 60
	18 # 47
	19 # 55
	20 # 27
	21 # 59
	22 # 20
	23 # 30
	24 # 35
	25 # 18
	26 # 9
	27 # 62
	28 # 24
	29 # 22
	30 # 63
	31 # 29
Timestep 1:
	0 # 8
	1 # 36
	2 # 55
	3 # 42
	4 # 17
	5 # 11
	6 # 53
	7 # 22
	8 # 60
	9 # 3
	10 # 15
	11 # 58
	12 # 32
	13 # 41
	14 # 61
	15 # 38
	16 # 4
	17 # 52
	18 # 45
	19 # 51
	20 # 59
	21 # 57
	22 # 16
	23 # 26
	24 # 33
	25 # 2
	26 # 9
	27 # 46
	28 # 28
	29 # 18
	30 # 47
	31 # 31
Timestep 2:
	0 # 40
	1 # 4
	2 # 63
	3 # 43
	4 # 19
	5 # 9
	6 # 37
	7 # 20
	8 # 44
	9 # 3
	10 # 13
	11 # 56
	12 # 0
	13 # 33
	14 # 57
	15 # 54
	16 # 5
	17 # 48
	18 # 45
	19 # 35
	20 # 58
	21 # 41
	22 # 18
	23 # 27
	24 # 32
	25 # 6
	26 # 8
	27 # 46
	28 # 29
	29 # 50
	30 # 47
	31 # 15
Timestep 3:
	0 # 8
	1 # 4
	2 # 59
	3 # 41
	4 # 23
	5 # 1
	6 # 33
	7 # 28
	8 # 46
	9 # 3
	10 # 5
	11 # 24
	12 # 16
	13 # 32
	14 # 57
	15 # 54
	16 # 7
	17 # 48
	18 # 37
	19 # 43
	20 # 56
	21 # 9
	22 # 18
	23 # 11
	24 # 36
	25 # 22
	26 # 10
	27 # 62
	28 # 29
	29 # 58
	30 # 15
	31 # 14
Timestep 4:
	0 # 9
	1 # 6
	2 # 57
	3 # 40
	4 # 23
	5 # 17
	6 # 32
	7 # 12
	8 # 46
	9 # 2
	10 # 7
	11 # 24
	12 # 20
	13 # 34
	14 # 41
	15 # 22
	16 # 39
	17 # 16
	18 # 53
	19 # 59
	20 # 56
	21 # 13
	22 # 19
	23 # 3
	24 # 44
	25 # 18
	26 # 10
	27 # 30
	28 # 61
	29 # 58
	30 # 11
	31 # 14
Timestep 5:
	0 # 41
	1 # 6
	2 # 59
	3 # 8
	4 # 23
	5 # 21
	6 # 40
	7 # 14
	8 # 62
	9 # 18
	10 # 39
	11 # 24
	12 # 20
	13 # 38
	14 # 43
	15 # 22
	16 # 37
	17 # 48
	18 # 52
	19 # 63
	20 # 56
	21 # 13
	22 # 27
	23 # 35
	24 # 60
	25 # 16
	26 # 26
	27 # 28
	28 # 45
	29 # 58
	30 # 3
	31 # 10
Timestep 6:
	0 # 57
	1 # 7
	2 # 51
	3 # 12
	4 # 55
	5 # 53
	6 # 32
	7 # 15
	8 # 63
	9 # 50
	10 # 47
	11 # 25
	12 # 22
	13 # 38
	14 # 11
	15 # 18
	16 # 37
	17 # 48
	18 # 54
	19 # 31
	20 # 56
	21 # 45
	22 # 19
	23 # 33
	24 # 61
	25 # 24
	26 # 27
	27 # 60
	28 # 44
	29 # 59
	30 # 35
	31 # 10

