Solution makespan:6
Timestep 0:
	0 # 3
	1 # 27
	2 # 53
	3 # 6
	4 # 25
	5 # 5
	6 # 38
	7 # 42
Timestep 1:
	0 # 11
	1 # 19
	2 # 53
	3 # 6
	4 # 9
	5 # 1
	6 # 46
	7 # 40
Timestep 2:
	0 # 9
	1 # 3
	2 # 49
	3 # 38
	4 # 8
	5 # 0
	6 # 42
	7 # 41
Timestep 3:
	0 # 8
	1 # 3
	2 # 51
	3 # 39
	4 # 40
	5 # 16
	6 # 34
	7 # 9
Timestep 4:
	0 # 12
	1 # 11
	2 # 35
	3 # 7
	4 # 32
	5 # 17
	6 # 2
	7 # 25
Timestep 5:
	0 # 4
	1 # 27
	2 # 35
	3 # 3
	4 # 36
	5 # 1
	6 # 34
	7 # 29
Timestep 6:
	0 # 36
	1 # 19
	2 # 39
	3 # 7
	4 # 37
	5 # 33
	6 # 42
	7 # 21

