Solution makespan:5
Timestep 0:
	0 # 5
	1 # 2
	2 # 45
	3 # 24
	4 # 7
	5 # 61
	6 # 62
	7 # 18
	8 # 49
	9 # 16
	10 # 59
	11 # 19
Timestep 1:
	0 # 37
	1 # 6
	2 # 47
	3 # 56
	4 # 15
	5 # 61
	6 # 63
	7 # 26
	8 # 57
	9 # 17
	10 # 27
	11 # 18
Timestep 2:
	0 # 53
	1 # 7
	2 # 46
	3 # 48
	4 # 14
	5 # 57
	6 # 31
	7 # 30
	8 # 56
	9 # 1
	10 # 25
	11 # 2
Timestep 3:
	0 # 52
	1 # 7
	2 # 44
	3 # 32
	4 # 14
	5 # 41
	6 # 30
	7 # 62
	8 # 57
	9 # 5
	10 # 25
	11 # 2
Timestep 4:
	0 # 20
	1 # 23
	2 # 36
	3 # 34
	4 # 14
	5 # 33
	6 # 26
	7 # 30
	8 # 57
	9 # 37
	10 # 17
	11 # 10
Timestep 5:
	0 # 20
	1 # 19
	2 # 38
	3 # 34
	4 # 6
	5 # 49
	6 # 27
	7 # 28
	8 # 41
	9 # 39
	10 # 21
	11 # 10

