Solution makespan:5
Timestep 0:
	0 # 39
	1 # 13
	2 # 28
	3 # 11
	4 # 51
	5 # 25
	6 # 24
	7 # 44
	8 # 37
	9 # 34
	10 # 48
	11 # 10
	12 # 26
	13 # 35
	14 # 1
	15 # 56
	16 # 45
	17 # 58
	18 # 33
	19 # 3
	20 # 18
	21 # 16
	22 # 6
	23 # 2
	24 # 36
	25 # 29
	26 # 53
	27 # 60
Timestep 1:
	0 # 35
	1 # 45
	2 # 12
	3 # 15
	4 # 55
	5 # 27
	6 # 26
	7 # 40
	8 # 53
	9 # 38
	10 # 50
	11 # 8
	12 # 10
	13 # 34
	14 # 1
	15 # 57
	16 # 47
	17 # 42
	18 # 33
	19 # 7
	20 # 18
	21 # 16
	22 # 22
	23 # 3
	24 # 32
	25 # 25
	26 # 49
	27 # 52
Timestep 2:
	0 # 33
	1 # 45
	2 # 14
	3 # 15
	4 # 54
	5 # 59
	6 # 26
	7 # 56
	8 # 61
	9 # 38
	10 # 18
	11 # 10
	12 # 2
	13 # 32
	14 # 17
	15 # 25
	16 # 47
	17 # 40
	18 # 37
	19 # 7
	20 # 19
	21 # 24
	22 # 23
	23 # 35
	24 # 48
	25 # 9
	26 # 49
	27 # 36
Timestep 3:
	0 # 37
	1 # 44
	2 # 14
	3 # 13
	4 # 22
	5 # 59
	6 # 27
	7 # 24
	8 # 57
	9 # 36
	10 # 26
	11 # 10
	12 # 6
	13 # 48
	14 # 1
	15 # 9
	16 # 46
	17 # 8
	18 # 53
	19 # 39
	20 # 51
	21 # 28
	22 # 55
	23 # 43
	24 # 50
	25 # 41
	26 # 17
	27 # 4
Timestep 4:
	0 # 45
	1 # 44
	2 # 10
	3 # 12
	4 # 23
	5 # 51
	6 # 27
	7 # 28
	8 # 49
	9 # 4
	10 # 26
	11 # 11
	12 # 22
	13 # 48
	14 # 33
	15 # 1
	16 # 42
	17 # 40
	18 # 21
	19 # 47
	20 # 19
	21 # 30
	22 # 53
	23 # 41
	24 # 50
	25 # 9
	26 # 25
	27 # 0
Timestep 5:
	0 # 47
	1 # 60
	2 # 26
	3 # 12
	4 # 21
	5 # 55
	6 # 59
	7 # 24
	8 # 49
	9 # 20
	10 # 18
	11 # 9
	12 # 30
	13 # 32
	14 # 1
	15 # 17
	16 # 46
	17 # 56
	18 # 29
	19 # 39
	20 # 51
	21 # 31
	22 # 37
	23 # 33
	24 # 48
	25 # 8
	26 # 57
	27 # 2

