Solution makespan:5
Timestep 0:
	0 # 45
	1 # 32
	2 # 51
	3 # 25
	4 # 22
	5 # 4
	6 # 9
	7 # 29
	8 # 37
	9 # 54
	10 # 34
	11 # 10
	12 # 24
	13 # 39
	14 # 59
	15 # 14
Timestep 1:
	0 # 45
	1 # 36
	2 # 50
	3 # 29
	4 # 30
	5 # 12
	6 # 1
	7 # 31
	8 # 5
	9 # 62
	10 # 32
	11 # 14
	12 # 8
	13 # 35
	14 # 57
	15 # 46
Timestep 2:
	0 # 37
	1 # 52
	2 # 54
	3 # 21
	4 # 62
	5 # 28
	6 # 3
	7 # 27
	8 # 4
	9 # 58
	10 # 48
	11 # 15
	12 # 40
	13 # 35
	14 # 59
	15 # 44
Timestep 3:
	0 # 5
	1 # 52
	2 # 54
	3 # 53
	4 # 30
	5 # 60
	6 # 3
	7 # 26
	8 # 12
	9 # 58
	10 # 16
	11 # 31
	12 # 40
	13 # 33
	14 # 59
	15 # 45
Timestep 4:
	0 # 7
	1 # 52
	2 # 50
	3 # 55
	4 # 22
	5 # 61
	6 # 19
	7 # 24
	8 # 8
	9 # 42
	10 # 20
	11 # 27
	12 # 41
	13 # 49
	14 # 58
	15 # 45
Timestep 5:
	0 # 6
	1 # 48
	2 # 51
	3 # 63
	4 # 54
	5 # 53
	6 # 27
	7 # 16
	8 # 24
	9 # 40
	10 # 52
	11 # 59
	12 # 33
	13 # 57
	14 # 42
	15 # 44

