Solution makespan:5
Timestep 0:
	0 # 35
	1 # 27
	2 # 19
	3 # 22
	4 # 36
	5 # 11
	6 # 1
	7 # 14
	8 # 42
	9 # 15
	10 # 61
	11 # 37
	12 # 47
	13 # 6
	14 # 0
	15 # 13
	16 # 49
	17 # 57
	18 # 51
	19 # 3
Timestep 1:
	0 # 43
	1 # 11
	2 # 18
	3 # 30
	4 # 36
	5 # 10
	6 # 9
	7 # 6
	8 # 34
	9 # 14
	10 # 63
	11 # 33
	12 # 46
	13 # 2
	14 # 0
	15 # 45
	16 # 53
	17 # 41
	18 # 49
	19 # 19
Timestep 2:
	0 # 59
	1 # 3
	2 # 50
	3 # 28
	4 # 52
	5 # 42
	6 # 9
	7 # 4
	8 # 32
	9 # 12
	10 # 47
	11 # 1
	12 # 62
	13 # 10
	14 # 16
	15 # 41
	16 # 49
	17 # 40
	18 # 57
	19 # 17
Timestep 3:
	0 # 51
	1 # 3
	2 # 54
	3 # 28
	4 # 60
	5 # 58
	6 # 9
	7 # 5
	8 # 36
	9 # 4
	10 # 43
	11 # 1
	12 # 30
	13 # 26
	14 # 18
	15 # 41
	16 # 48
	17 # 42
	18 # 59
	19 # 25
Timestep 4:
	0 # 19
	1 # 35
	2 # 38
	3 # 20
	4 # 60
	5 # 62
	6 # 13
	7 # 21
	8 # 44
	9 # 0
	10 # 41
	11 # 1
	12 # 22
	13 # 27
	14 # 16
	15 # 40
	16 # 52
	17 # 43
	18 # 59
	19 # 29
Timestep 5:
	0 # 23
	1 # 39
	2 # 6
	3 # 4
	4 # 61
	5 # 46
	6 # 13
	7 # 53
	8 # 45
	9 # 1
	10 # 33
	11 # 5
	12 # 18
	13 # 27
	14 # 48
	15 # 44
	16 # 20
	17 # 43
	18 # 57
	19 # 28

