Solution makespan:5
Timestep 0:
	0 # 45
	1 # 22
	2 # 24
	3 # 47
	4 # 2
	5 # 37
	6 # 50
	7 # 44
	8 # 55
	9 # 53
	10 # 41
	11 # 28
	12 # 13
	13 # 57
	14 # 39
	15 # 15
Timestep 1:
	0 # 13
	1 # 23
	2 # 8
	3 # 47
	4 # 10
	5 # 39
	6 # 48
	7 # 46
	8 # 55
	9 # 53
	10 # 45
	11 # 24
	12 # 29
	13 # 59
	14 # 7
	15 # 14
Timestep 2:
	0 # 29
	1 # 23
	2 # 40
	3 # 39
	4 # 26
	5 # 7
	6 # 32
	7 # 47
	8 # 53
	9 # 52
	10 # 44
	11 # 16
	12 # 31
	13 # 43
	14 # 5
	15 # 12
Timestep 3:
	0 # 29
	1 # 19
	2 # 41
	3 # 35
	4 # 27
	5 # 15
	6 # 36
	7 # 47
	8 # 37
	9 # 20
	10 # 60
	11 # 48
	12 # 30
	13 # 42
	14 # 21
	15 # 28
Timestep 4:
	0 # 25
	1 # 51
	2 # 41
	3 # 43
	4 # 26
	5 # 15
	6 # 37
	7 # 39
	8 # 45
	9 # 52
	10 # 44
	11 # 48
	12 # 22
	13 # 40
	14 # 21
	15 # 28
Timestep 5:
	0 # 17
	1 # 35
	2 # 41
	3 # 47
	4 # 24
	5 # 31
	6 # 45
	7 # 55
	8 # 13
	9 # 54
	10 # 60
	11 # 32
	12 # 23
	13 # 56
	14 # 20
	15 # 28

