Solution makespan:6
Timestep 0:
	0 # 53
	1 # 23
	2 # 36
	3 # 43
	4 # 19
	5 # 1
	6 # 25
	7 # 33
Timestep 1:
	0 # 52
	1 # 31
	2 # 32
	3 # 11
	4 # 17
	5 # 33
	6 # 24
	7 # 49
Timestep 2:
	0 # 20
	1 # 27
	2 # 40
	3 # 10
	4 # 49
	5 # 33
	6 # 28
	7 # 48
Timestep 3:
	0 # 28
	1 # 11
	2 # 41
	3 # 8
	4 # 57
	5 # 32
	6 # 60
	7 # 52
Timestep 4:
	0 # 24
	1 # 3
	2 # 57
	3 # 8
	4 # 25
	5 # 34
	6 # 61
	7 # 20
Timestep 5:
	0 # 26
	1 # 35
	2 # 49
	3 # 40
	4 # 9
	5 # 34
	6 # 57
	7 # 21
Timestep 6:
	0 # 10
	1 # 39
	2 # 51
	3 # 44
	4 # 8
	5 # 34
	6 # 59
	7 # 5

