Solution makespan:5
Timestep 0:
	0 # 23
	1 # 22
	2 # 48
	3 # 3
	4 # 32
	5 # 21
	6 # 15
	7 # 26
	8 # 29
	9 # 50
	10 # 6
	11 # 47
Timestep 1:
	0 # 55
	1 # 20
	2 # 16
	3 # 1
	4 # 36
	5 # 23
	6 # 31
	7 # 58
	8 # 28
	9 # 51
	10 # 14
	11 # 43
Timestep 2:
	0 # 39
	1 # 28
	2 # 24
	3 # 1
	4 # 44
	5 # 22
	6 # 30
	7 # 58
	8 # 12
	9 # 19
	10 # 6
	11 # 11
Timestep 3:
	0 # 39
	1 # 24
	2 # 25
	3 # 9
	4 # 44
	5 # 23
	6 # 26
	7 # 58
	8 # 12
	9 # 17
	10 # 38
	11 # 27
Timestep 4:
	0 # 55
	1 # 8
	2 # 25
	3 # 9
	4 # 44
	5 # 19
	6 # 24
	7 # 50
	8 # 13
	9 # 21
	10 # 34
	11 # 26
Timestep 5:
	0 # 23
	1 # 10
	2 # 25
	3 # 1
	4 # 45
	5 # 3
	6 # 16
	7 # 48
	8 # 15
	9 # 20
	10 # 32
	11 # 24

