Solution makespan:5
Timestep 0:
	0 # 49
	1 # 23
	2 # 28
	3 # 59
	4 # 34
	5 # 24
	6 # 0
	7 # 51
	8 # 32
	9 # 45
	10 # 22
	11 # 43
	12 # 3
	13 # 52
	14 # 27
	15 # 20
	16 # 12
	17 # 47
	18 # 57
	19 # 2
Timestep 1:
	0 # 17
	1 # 21
	2 # 29
	3 # 27
	4 # 38
	5 # 56
	6 # 32
	7 # 55
	8 # 36
	9 # 61
	10 # 6
	11 # 35
	12 # 1
	13 # 20
	14 # 25
	15 # 16
	16 # 14
	17 # 43
	18 # 41
	19 # 18
Timestep 2:
	0 # 19
	1 # 20
	2 # 13
	3 # 31
	4 # 54
	5 # 40
	6 # 34
	7 # 39
	8 # 37
	9 # 63
	10 # 6
	11 # 35
	12 # 17
	13 # 52
	14 # 9
	15 # 48
	16 # 30
	17 # 11
	18 # 57
	19 # 18
Timestep 3:
	0 # 27
	1 # 16
	2 # 45
	3 # 31
	4 # 55
	5 # 8
	6 # 34
	7 # 38
	8 # 37
	9 # 62
	10 # 7
	11 # 39
	12 # 19
	13 # 53
	14 # 41
	15 # 32
	16 # 26
	17 # 10
	18 # 25
	19 # 22
Timestep 4:
	0 # 26
	1 # 48
	2 # 13
	3 # 31
	4 # 63
	5 # 9
	6 # 42
	7 # 38
	8 # 39
	9 # 54
	10 # 23
	11 # 7
	12 # 17
	13 # 55
	14 # 33
	15 # 32
	16 # 18
	17 # 8
	18 # 25
	19 # 20
Timestep 5:
	0 # 58
	1 # 48
	2 # 12
	3 # 30
	4 # 63
	5 # 41
	6 # 46
	7 # 6
	8 # 47
	9 # 38
	10 # 22
	11 # 3
	12 # 1
	13 # 54
	14 # 32
	15 # 40
	16 # 16
	17 # 0
	18 # 9
	19 # 52

