Solution makespan:5
Timestep 0:
	0 # 5
	1 # 29
	2 # 10
	3 # 15
	4 # 39
	5 # 3
	6 # 12
	7 # 17
	8 # 45
	9 # 30
	10 # 0
	11 # 46
	12 # 52
	13 # 24
	14 # 63
	15 # 19
Timestep 1:
	0 # 13
	1 # 29
	2 # 10
	3 # 11
	4 # 37
	5 # 7
	6 # 8
	7 # 16
	8 # 45
	9 # 28
	10 # 1
	11 # 47
	12 # 53
	13 # 25
	14 # 31
	15 # 3
Timestep 2:
	0 # 12
	1 # 31
	2 # 2
	3 # 10
	4 # 37
	5 # 39
	6 # 0
	7 # 20
	8 # 13
	9 # 24
	10 # 9
	11 # 43
	12 # 55
	13 # 27
	14 # 23
	15 # 11
Timestep 3:
	0 # 28
	1 # 15
	2 # 18
	3 # 26
	4 # 5
	5 # 38
	6 # 32
	7 # 4
	8 # 29
	9 # 16
	10 # 13
	11 # 42
	12 # 55
	13 # 25
	14 # 19
	15 # 27
Timestep 4:
	0 # 20
	1 # 14
	2 # 19
	3 # 30
	4 # 21
	5 # 36
	6 # 34
	7 # 12
	8 # 28
	9 # 16
	10 # 29
	11 # 10
	12 # 23
	13 # 9
	14 # 17
	15 # 27
Timestep 5:
	0 # 22
	1 # 6
	2 # 17
	3 # 14
	4 # 29
	5 # 38
	6 # 34
	7 # 4
	8 # 12
	9 # 0
	10 # 13
	11 # 42
	12 # 55
	13 # 9
	14 # 1
	15 # 31

