Solution makespan:4
Timestep 0:
	0 # 51
	1 # 15
	2 # 40
	3 # 34
	4 # 14
	5 # 30
	6 # 25
	7 # 9
	8 # 0
	9 # 47
	10 # 10
	11 # 24
	12 # 37
	13 # 48
	14 # 3
	15 # 41
Timestep 1:
	0 # 19
	1 # 31
	2 # 56
	3 # 38
	4 # 14
	5 # 30
	6 # 29
	7 # 13
	8 # 1
	9 # 47
	10 # 26
	11 # 28
	12 # 53
	13 # 32
	14 # 2
	15 # 57
Timestep 2:
	0 # 23
	1 # 31
	2 # 57
	3 # 36
	4 # 12
	5 # 14
	6 # 29
	7 # 15
	8 # 5
	9 # 45
	10 # 26
	11 # 24
	12 # 55
	13 # 32
	14 # 0
	15 # 59
Timestep 3:
	0 # 21
	1 # 63
	2 # 59
	3 # 36
	4 # 28
	5 # 6
	6 # 13
	7 # 31
	8 # 7
	9 # 47
	10 # 30
	11 # 16
	12 # 51
	13 # 0
	14 # 1
	15 # 43
Timestep 4:
	0 # 5
	1 # 61
	2 # 51
	3 # 32
	4 # 20
	5 # 2
	6 # 12
	7 # 23
	8 # 7
	9 # 15
	10 # 30
	11 # 16
	12 # 35
	13 # 8
	14 # 3
	15 # 43

