Solution makespan:5
Timestep 0:
	0 # 18
	1 # 48
	2 # 30
	3 # 17
	4 # 27
	5 # 34
	6 # 62
	7 # 55
	8 # 38
	9 # 58
	10 # 36
	11 # 14
Timestep 1:
	0 # 26
	1 # 52
	2 # 28
	3 # 19
	4 # 11
	5 # 35
	6 # 30
	7 # 51
	8 # 39
	9 # 42
	10 # 36
	11 # 14
Timestep 2:
	0 # 58
	1 # 54
	2 # 12
	3 # 3
	4 # 10
	5 # 33
	6 # 14
	7 # 35
	8 # 7
	9 # 43
	10 # 4
	11 # 6
Timestep 3:
	0 # 42
	1 # 38
	2 # 8
	3 # 11
	4 # 2
	5 # 1
	6 # 10
	7 # 43
	8 # 5
	9 # 41
	10 # 0
	11 # 7
Timestep 4:
	0 # 42
	1 # 46
	2 # 40
	3 # 11
	4 # 0
	5 # 17
	6 # 2
	7 # 43
	8 # 37
	9 # 45
	10 # 16
	11 # 39
Timestep 5:
	0 # 58
	1 # 47
	2 # 56
	3 # 27
	4 # 0
	5 # 25
	6 # 3
	7 # 43
	8 # 33
	9 # 41
	10 # 24
	11 # 35

