Solution makespan:6
Timestep 0:
	0 # 35
	1 # 10
	2 # 36
	3 # 25
	4 # 7
	5 # 62
	6 # 59
	7 # 56
	8 # 42
	9 # 55
	10 # 22
	11 # 52
	12 # 11
	13 # 14
	14 # 30
	15 # 3
	16 # 26
	17 # 17
	18 # 58
	19 # 4
Timestep 1:
	0 # 43
	1 # 8
	2 # 32
	3 # 57
	4 # 39
	5 # 60
	6 # 27
	7 # 56
	8 # 46
	9 # 55
	10 # 22
	11 # 36
	12 # 11
	13 # 15
	14 # 31
	15 # 3
	16 # 10
	17 # 16
	18 # 62
	19 # 20
Timestep 2:
	0 # 59
	1 # 12
	2 # 33
	3 # 49
	4 # 37
	5 # 44
	6 # 27
	7 # 48
	8 # 62
	9 # 54
	10 # 18
	11 # 32
	12 # 3
	13 # 7
	14 # 31
	15 # 19
	16 # 11
	17 # 24
	18 # 30
	19 # 16
Timestep 3:
	0 # 59
	1 # 4
	2 # 37
	3 # 17
	4 # 36
	5 # 40
	6 # 31
	7 # 32
	8 # 54
	9 # 38
	10 # 2
	11 # 34
	12 # 35
	13 # 7
	14 # 63
	15 # 23
	16 # 43
	17 # 26
	18 # 28
	19 # 18
Timestep 4:
	0 # 58
	1 # 20
	2 # 45
	3 # 17
	4 # 44
	5 # 41
	6 # 23
	7 # 48
	8 # 55
	9 # 36
	10 # 34
	11 # 42
	12 # 33
	13 # 39
	14 # 47
	15 # 22
	16 # 35
	17 # 30
	18 # 24
	19 # 19
Timestep 5:
	0 # 42
	1 # 21
	2 # 41
	3 # 25
	4 # 40
	5 # 43
	6 # 22
	7 # 49
	8 # 23
	9 # 32
	10 # 38
	11 # 34
	12 # 37
	13 # 47
	14 # 45
	15 # 20
	16 # 35
	17 # 26
	18 # 28
	19 # 27
Timestep 6:
	0 # 58
	1 # 29
	2 # 9
	3 # 17
	4 # 56
	5 # 59
	6 # 22
	7 # 57
	8 # 55
	9 # 0
	10 # 54
	11 # 2
	12 # 45
	13 # 39
	14 # 44
	15 # 16
	16 # 34
	17 # 10
	18 # 24
	19 # 26

