Solution makespan:5
Timestep 0:
	0 # 37
	1 # 34
	2 # 29
	3 # 33
	4 # 19
	5 # 44
	6 # 50
	7 # 8
	8 # 35
	9 # 57
	10 # 17
	11 # 53
	12 # 32
	13 # 31
	14 # 1
	15 # 52
	16 # 59
	17 # 42
	18 # 6
	19 # 11
Timestep 1:
	0 # 37
	1 # 38
	2 # 28
	3 # 33
	4 # 23
	5 # 46
	6 # 34
	7 # 12
	8 # 51
	9 # 61
	10 # 49
	11 # 21
	12 # 0
	13 # 27
	14 # 1
	15 # 52
	16 # 63
	17 # 40
	18 # 7
	19 # 9
Timestep 2:
	0 # 39
	1 # 54
	2 # 12
	3 # 41
	4 # 7
	5 # 42
	6 # 38
	7 # 13
	8 # 50
	9 # 63
	10 # 53
	11 # 29
	12 # 0
	13 # 11
	14 # 33
	15 # 36
	16 # 31
	17 # 32
	18 # 3
	19 # 25
Timestep 3:
	0 # 38
	1 # 55
	2 # 4
	3 # 45
	4 # 39
	5 # 42
	6 # 6
	7 # 13
	8 # 58
	9 # 47
	10 # 53
	11 # 28
	12 # 8
	13 # 3
	14 # 41
	15 # 37
	16 # 23
	17 # 32
	18 # 35
	19 # 57
Timestep 4:
	0 # 54
	1 # 55
	2 # 4
	3 # 45
	4 # 38
	5 # 10
	6 # 14
	7 # 13
	8 # 59
	9 # 39
	10 # 61
	11 # 12
	12 # 40
	13 # 2
	14 # 9
	15 # 5
	16 # 7
	17 # 0
	18 # 43
	19 # 56
Timestep 5:
	0 # 22
	1 # 63
	2 # 6
	3 # 61
	4 # 36
	5 # 11
	6 # 46
	7 # 29
	8 # 59
	9 # 47
	10 # 57
	11 # 4
	12 # 32
	13 # 10
	14 # 8
	15 # 21
	16 # 15
	17 # 16
	18 # 43
	19 # 24

