Solution makespan:5
Timestep 0:
	0 # 8
	1 # 41
	2 # 39
	3 # 52
	4 # 48
	5 # 18
	6 # 10
	7 # 59
	8 # 34
	9 # 54
	10 # 57
	11 # 31
Timestep 1:
	0 # 12
	1 # 9
	2 # 37
	3 # 54
	4 # 32
	5 # 16
	6 # 8
	7 # 57
	8 # 38
	9 # 62
	10 # 56
	11 # 23
Timestep 2:
	0 # 4
	1 # 9
	2 # 37
	3 # 62
	4 # 0
	5 # 16
	6 # 40
	7 # 41
	8 # 6
	9 # 46
	10 # 60
	11 # 19
Timestep 3:
	0 # 5
	1 # 11
	2 # 33
	3 # 62
	4 # 1
	5 # 0
	6 # 44
	7 # 9
	8 # 6
	9 # 14
	10 # 52
	11 # 18
Timestep 4:
	0 # 7
	1 # 3
	2 # 35
	3 # 46
	4 # 17
	5 # 16
	6 # 44
	7 # 8
	8 # 2
	9 # 14
	10 # 36
	11 # 18
Timestep 5:
	0 # 39
	1 # 3
	2 # 34
	3 # 62
	4 # 19
	5 # 48
	6 # 60
	7 # 24
	8 # 10
	9 # 30
	10 # 38
	11 # 50

