Solution makespan:6
Timestep 0:
	0 # 22
	1 # 53
	2 # 51
	3 # 24
	4 # 31
	5 # 41
	6 # 0
	7 # 58
Timestep 1:
	0 # 6
	1 # 55
	2 # 49
	3 # 16
	4 # 27
	5 # 33
	6 # 0
	7 # 26
Timestep 2:
	0 # 38
	1 # 39
	2 # 57
	3 # 48
	4 # 27
	5 # 41
	6 # 32
	7 # 58
Timestep 3:
	0 # 54
	1 # 38
	2 # 56
	3 # 48
	4 # 31
	5 # 57
	6 # 0
	7 # 50
Timestep 4:
	0 # 62
	1 # 39
	2 # 40
	3 # 49
	4 # 15
	5 # 41
	6 # 4
	7 # 34
Timestep 5:
	0 # 63
	1 # 39
	2 # 44
	3 # 57
	4 # 47
	5 # 33
	6 # 20
	7 # 35
Timestep 6:
	0 # 59
	1 # 55
	2 # 12
	3 # 25
	4 # 39
	5 # 37
	6 # 20
	7 # 35

