Solution makespan:5
Timestep 0:
	0 # 23
	1 # 22
	2 # 48
	3 # 3
	4 # 32
	5 # 21
	6 # 15
	7 # 26
	8 # 29
	9 # 50
	10 # 6
	11 # 47
Timestep 1:
	0 # 31
	1 # 30
	2 # 16
	3 # 1
	4 # 36
	5 # 17
	6 # 7
	7 # 58
	8 # 13
	9 # 18
	10 # 38
	11 # 45
Timestep 2:
	0 # 31
	1 # 26
	2 # 0
	3 # 9
	4 # 52
	5 # 17
	6 # 5
	7 # 56
	8 # 13
	9 # 2
	10 # 6
	11 # 41
Timestep 3:
	0 # 15
	1 # 18
	2 # 8
	3 # 13
	4 # 60
	5 # 19
	6 # 1
	7 # 56
	8 # 12
	9 # 6
	10 # 4
	11 # 40
Timestep 4:
	0 # 7
	1 # 2
	2 # 9
	3 # 5
	4 # 44
	5 # 19
	6 # 17
	7 # 48
	8 # 13
	9 # 4
	10 # 0
	11 # 8
Timestep 5:
	0 # 23
	1 # 10
	2 # 25
	3 # 1
	4 # 45
	5 # 3
	6 # 16
	7 # 48
	8 # 15
	9 # 20
	10 # 32
	11 # 24

