Solution makespan:5
Timestep 0:
	0 # 14
	1 # 37
	2 # 49
	3 # 52
	4 # 30
	5 # 60
	6 # 11
	7 # 6
	8 # 33
	9 # 21
	10 # 3
	11 # 56
	12 # 5
	13 # 39
	14 # 8
	15 # 45
	16 # 55
	17 # 59
	18 # 28
	19 # 42
	20 # 43
	21 # 44
	22 # 16
	23 # 10
	24 # 54
	25 # 20
	26 # 40
	27 # 58
	28 # 26
	29 # 9
	30 # 41
	31 # 17
Timestep 1:
	0 # 6
	1 # 5
	2 # 51
	3 # 48
	4 # 31
	5 # 61
	6 # 15
	7 # 4
	8 # 49
	9 # 23
	10 # 11
	11 # 24
	12 # 13
	13 # 47
	14 # 12
	15 # 44
	16 # 53
	17 # 58
	18 # 60
	19 # 42
	20 # 41
	21 # 46
	22 # 17
	23 # 2
	24 # 50
	25 # 21
	26 # 32
	27 # 56
	28 # 30
	29 # 8
	30 # 40
	31 # 25
Timestep 2:
	0 # 22
	1 # 5
	2 # 35
	3 # 16
	4 # 63
	5 # 57
	6 # 7
	7 # 0
	8 # 51
	9 # 23
	10 # 27
	11 # 56
	12 # 45
	13 # 47
	14 # 28
	15 # 12
	16 # 61
	17 # 62
	18 # 52
	19 # 58
	20 # 9
	21 # 38
	22 # 1
	23 # 18
	24 # 50
	25 # 21
	26 # 33
	27 # 48
	28 # 30
	29 # 10
	30 # 44
	31 # 29
Timestep 3:
	0 # 54
	1 # 4
	2 # 51
	3 # 17
	4 # 63
	5 # 56
	6 # 5
	7 # 0
	8 # 59
	9 # 23
	10 # 25
	11 # 48
	12 # 44
	13 # 43
	14 # 20
	15 # 12
	16 # 57
	17 # 60
	18 # 53
	19 # 62
	20 # 9
	21 # 38
	22 # 3
	23 # 18
	24 # 34
	25 # 29
	26 # 1
	27 # 49
	28 # 31
	29 # 11
	30 # 46
	31 # 13
Timestep 4:
	0 # 50
	1 # 12
	2 # 19
	3 # 17
	4 # 47
	5 # 48
	6 # 5
	7 # 32
	8 # 57
	9 # 55
	10 # 24
	11 # 16
	12 # 44
	13 # 41
	14 # 21
	15 # 14
	16 # 56
	17 # 52
	18 # 49
	19 # 54
	20 # 8
	21 # 6
	22 # 7
	23 # 22
	24 # 2
	25 # 13
	26 # 1
	27 # 33
	28 # 15
	29 # 27
	30 # 46
	31 # 9
Timestep 5:
	0 # 34
	1 # 13
	2 # 23
	3 # 16
	4 # 43
	5 # 52
	6 # 37
	7 # 32
	8 # 56
	9 # 53
	10 # 26
	11 # 18
	12 # 60
	13 # 57
	14 # 20
	15 # 14
	16 # 40
	17 # 36
	18 # 49
	19 # 38
	20 # 10
	21 # 6
	22 # 7
	23 # 30
	24 # 3
	25 # 45
	26 # 17
	27 # 33
	28 # 31
	29 # 59
	30 # 42
	31 # 9

