Solution makespan:6
Timestep 0:
	0 # 52
	1 # 7
	2 # 31
	3 # 26
	4 # 0
	5 # 30
	6 # 38
	7 # 34
	8 # 23
	9 # 14
	10 # 17
	11 # 61
Timestep 1:
	0 # 53
	1 # 15
	2 # 63
	3 # 30
	4 # 8
	5 # 22
	6 # 54
	7 # 32
	8 # 7
	9 # 46
	10 # 1
	11 # 29
Timestep 2:
	0 # 49
	1 # 7
	2 # 63
	3 # 22
	4 # 10
	5 # 18
	6 # 38
	7 # 48
	8 # 3
	9 # 14
	10 # 5
	11 # 13
Timestep 3:
	0 # 17
	1 # 15
	2 # 55
	3 # 18
	4 # 26
	5 # 19
	6 # 6
	7 # 49
	8 # 3
	9 # 10
	10 # 13
	11 # 12
Timestep 4:
	0 # 21
	1 # 47
	2 # 39
	3 # 16
	4 # 18
	5 # 19
	6 # 22
	7 # 51
	8 # 7
	9 # 8
	10 # 45
	11 # 4
Timestep 5:
	0 # 29
	1 # 63
	2 # 35
	3 # 17
	4 # 2
	5 # 27
	6 # 18
	7 # 59
	8 # 23
	9 # 8
	10 # 44
	11 # 5
Timestep 6:
	0 # 25
	1 # 62
	2 # 35
	3 # 1
	4 # 34
	5 # 59
	6 # 16
	7 # 43
	8 # 19
	9 # 24
	10 # 46
	11 # 37

