Solution makespan:6
Timestep 0:
	0 # 44
	1 # 39
	2 # 5
	3 # 42
	4 # 54
	5 # 11
	6 # 18
	7 # 37
	8 # 57
	9 # 63
	10 # 28
	11 # 27
	12 # 53
	13 # 38
	14 # 56
	15 # 1
	16 # 2
	17 # 22
	18 # 14
	19 # 34
	20 # 29
	21 # 40
	22 # 19
	23 # 17
	24 # 59
	25 # 4
	26 # 49
	27 # 55
Timestep 1:
	0 # 44
	1 # 35
	2 # 7
	3 # 58
	4 # 62
	5 # 9
	6 # 50
	7 # 37
	8 # 25
	9 # 61
	10 # 30
	11 # 31
	12 # 21
	13 # 36
	14 # 60
	15 # 5
	16 # 10
	17 # 18
	18 # 15
	19 # 42
	20 # 28
	21 # 56
	22 # 51
	23 # 17
	24 # 43
	25 # 0
	26 # 49
	27 # 63
Timestep 2:
	0 # 60
	1 # 33
	2 # 39
	3 # 59
	4 # 63
	5 # 9
	6 # 50
	7 # 53
	8 # 29
	9 # 57
	10 # 22
	11 # 15
	12 # 23
	13 # 32
	14 # 52
	15 # 4
	16 # 8
	17 # 26
	18 # 7
	19 # 42
	20 # 28
	21 # 48
	22 # 51
	23 # 16
	24 # 11
	25 # 0
	26 # 17
	27 # 47
Timestep 3:
	0 # 61
	1 # 41
	2 # 35
	3 # 63
	4 # 31
	5 # 8
	6 # 51
	7 # 21
	8 # 13
	9 # 49
	10 # 30
	11 # 14
	12 # 22
	13 # 0
	14 # 52
	15 # 12
	16 # 24
	17 # 58
	18 # 23
	19 # 10
	20 # 60
	21 # 32
	22 # 55
	23 # 20
	24 # 15
	25 # 1
	26 # 25
	27 # 47
Timestep 4:
	0 # 57
	1 # 9
	2 # 34
	3 # 61
	4 # 27
	5 # 40
	6 # 19
	7 # 5
	8 # 13
	9 # 17
	10 # 31
	11 # 46
	12 # 6
	13 # 16
	14 # 53
	15 # 28
	16 # 56
	17 # 58
	18 # 55
	19 # 11
	20 # 44
	21 # 32
	22 # 54
	23 # 4
	24 # 47
	25 # 3
	26 # 24
	27 # 43
Timestep 5:
	0 # 57
	1 # 9
	2 # 42
	3 # 45
	4 # 11
	5 # 8
	6 # 3
	7 # 7
	8 # 29
	9 # 21
	10 # 30
	11 # 46
	12 # 14
	13 # 18
	14 # 49
	15 # 28
	16 # 56
	17 # 50
	18 # 51
	19 # 10
	20 # 44
	21 # 48
	22 # 52
	23 # 5
	24 # 15
	25 # 2
	26 # 25
	27 # 43
Timestep 6:
	0 # 59
	1 # 41
	2 # 46
	3 # 61
	4 # 15
	5 # 12
	6 # 3
	7 # 39
	8 # 29
	9 # 21
	10 # 22
	11 # 38
	12 # 10
	13 # 2
	14 # 33
	15 # 30
	16 # 60
	17 # 34
	18 # 19
	19 # 26
	20 # 44
	21 # 49
	22 # 53
	23 # 37
	24 # 14
	25 # 6
	26 # 9
	27 # 43

