Solution makespan:5
Timestep 0:
	0 # 0
	1 # 54
	2 # 16
	3 # 24
	4 # 5
	5 # 28
	6 # 61
	7 # 8
	8 # 23
	9 # 22
	10 # 48
	11 # 3
	12 # 32
	13 # 21
	14 # 15
	15 # 26
	16 # 29
	17 # 50
	18 # 6
	19 # 47
Timestep 1:
	0 # 1
	1 # 54
	2 # 0
	3 # 24
	4 # 5
	5 # 20
	6 # 53
	7 # 8
	8 # 23
	9 # 6
	10 # 56
	11 # 11
	12 # 48
	13 # 21
	14 # 31
	15 # 26
	16 # 28
	17 # 50
	18 # 2
	19 # 43
Timestep 2:
	0 # 17
	1 # 62
	2 # 4
	3 # 16
	4 # 13
	5 # 22
	6 # 21
	7 # 40
	8 # 23
	9 # 14
	10 # 57
	11 # 15
	12 # 52
	13 # 29
	14 # 31
	15 # 24
	16 # 60
	17 # 48
	18 # 2
	19 # 11
Timestep 3:
	0 # 17
	1 # 30
	2 # 6
	3 # 18
	4 # 45
	5 # 54
	6 # 5
	7 # 56
	8 # 55
	9 # 10
	10 # 57
	11 # 14
	12 # 53
	13 # 61
	14 # 31
	15 # 26
	16 # 44
	17 # 52
	18 # 0
	19 # 3
Timestep 4:
	0 # 19
	1 # 22
	2 # 6
	3 # 2
	4 # 47
	5 # 55
	6 # 7
	7 # 24
	8 # 23
	9 # 11
	10 # 56
	11 # 12
	12 # 53
	13 # 45
	14 # 27
	15 # 58
	16 # 46
	17 # 20
	18 # 16
	19 # 3
Timestep 5:
	0 # 18
	1 # 54
	2 # 38
	3 # 34
	4 # 43
	5 # 63
	6 # 39
	7 # 56
	8 # 31
	9 # 15
	10 # 40
	11 # 44
	12 # 61
	13 # 47
	14 # 11
	15 # 50
	16 # 62
	17 # 28
	18 # 48
	19 # 1

