Solution makespan:5
Timestep 0:
	0 # 8
	1 # 25
	2 # 54
	3 # 58
	4 # 32
	5 # 40
	6 # 62
	7 # 35
	8 # 1
	9 # 43
	10 # 0
	11 # 17
	12 # 52
	13 # 41
	14 # 53
	15 # 10
Timestep 1:
	0 # 8
	1 # 27
	2 # 54
	3 # 56
	4 # 33
	5 # 44
	6 # 58
	7 # 51
	8 # 9
	9 # 11
	10 # 2
	11 # 25
	12 # 53
	13 # 57
	14 # 55
	15 # 10
Timestep 2:
	0 # 8
	1 # 59
	2 # 55
	3 # 48
	4 # 35
	5 # 45
	6 # 50
	7 # 51
	8 # 1
	9 # 9
	10 # 6
	11 # 29
	12 # 49
	13 # 56
	14 # 23
	15 # 2
Timestep 3:
	0 # 10
	1 # 51
	2 # 63
	3 # 52
	4 # 3
	5 # 61
	6 # 54
	7 # 19
	8 # 0
	9 # 9
	10 # 7
	11 # 31
	12 # 57
	13 # 56
	14 # 55
	15 # 2
Timestep 4:
	0 # 8
	1 # 51
	2 # 47
	3 # 36
	4 # 35
	5 # 45
	6 # 52
	7 # 23
	8 # 16
	9 # 11
	10 # 7
	11 # 31
	12 # 41
	13 # 40
	14 # 53
	15 # 2
Timestep 5:
	0 # 40
	1 # 59
	2 # 46
	3 # 37
	4 # 39
	5 # 47
	6 # 48
	7 # 19
	8 # 17
	9 # 43
	10 # 15
	11 # 63
	12 # 33
	13 # 42
	14 # 21
	15 # 0

