Solution makespan:5
Timestep 0:
	0 # 56
	1 # 8
	2 # 20
	3 # 27
	4 # 12
	5 # 4
	6 # 21
	7 # 15
	8 # 16
	9 # 38
	10 # 37
	11 # 0
Timestep 1:
	0 # 57
	1 # 8
	2 # 4
	3 # 26
	4 # 44
	5 # 6
	6 # 53
	7 # 7
	8 # 20
	9 # 34
	10 # 5
	11 # 1
Timestep 2:
	0 # 57
	1 # 0
	2 # 6
	3 # 10
	4 # 36
	5 # 22
	6 # 37
	7 # 39
	8 # 28
	9 # 34
	10 # 13
	11 # 5
Timestep 3:
	0 # 41
	1 # 32
	2 # 38
	3 # 42
	4 # 36
	5 # 30
	6 # 33
	7 # 37
	8 # 28
	9 # 34
	10 # 13
	11 # 21
Timestep 4:
	0 # 45
	1 # 48
	2 # 38
	3 # 40
	4 # 36
	5 # 28
	6 # 35
	7 # 37
	8 # 24
	9 # 42
	10 # 29
	11 # 23
Timestep 5:
	0 # 13
	1 # 49
	2 # 46
	3 # 44
	4 # 4
	5 # 20
	6 # 39
	7 # 5
	8 # 24
	9 # 10
	10 # 21
	11 # 55

