Solution makespan:4
Timestep 0:
	0 # 33
	1 # 62
	2 # 57
	3 # 7
	4 # 50
	5 # 31
	6 # 14
	7 # 25
	8 # 32
	9 # 27
	10 # 5
	11 # 1
Timestep 1:
	0 # 35
	1 # 60
	2 # 57
	3 # 39
	4 # 18
	5 # 27
	6 # 15
	7 # 29
	8 # 32
	9 # 26
	10 # 4
	11 # 3
Timestep 2:
	0 # 43
	1 # 56
	2 # 41
	3 # 7
	4 # 2
	5 # 19
	6 # 31
	7 # 21
	8 # 33
	9 # 24
	10 # 12
	11 # 11
Timestep 3:
	0 # 42
	1 # 24
	2 # 43
	3 # 39
	4 # 0
	5 # 18
	6 # 23
	7 # 20
	8 # 1
	9 # 16
	10 # 44
	11 # 10
Timestep 4:
	0 # 46
	1 # 24
	2 # 35
	3 # 55
	4 # 0
	5 # 18
	6 # 23
	7 # 21
	8 # 33
	9 # 16
	10 # 60
	11 # 26

