Solution makespan:5
Timestep 0:
	0 # 63
	1 # 21
	2 # 40
	3 # 2
	4 # 38
	5 # 45
	6 # 16
	7 # 19
	8 # 30
	9 # 6
	10 # 31
	11 # 47
	12 # 41
	13 # 54
	14 # 61
	15 # 27
	16 # 48
	17 # 55
	18 # 37
	19 # 58
	20 # 12
	21 # 57
	22 # 8
	23 # 29
	24 # 51
	25 # 18
	26 # 25
	27 # 34
Timestep 1:
	0 # 47
	1 # 5
	2 # 56
	3 # 10
	4 # 46
	5 # 44
	6 # 20
	7 # 17
	8 # 31
	9 # 14
	10 # 29
	11 # 39
	12 # 43
	13 # 52
	14 # 63
	15 # 25
	16 # 16
	17 # 54
	18 # 33
	19 # 42
	20 # 13
	21 # 59
	22 # 0
	23 # 28
	24 # 35
	25 # 19
	26 # 9
	27 # 38
Timestep 2:
	0 # 39
	1 # 7
	2 # 57
	3 # 26
	4 # 47
	5 # 40
	6 # 20
	7 # 21
	8 # 29
	9 # 6
	10 # 61
	11 # 35
	12 # 42
	13 # 48
	14 # 62
	15 # 9
	16 # 17
	17 # 38
	18 # 1
	19 # 10
	20 # 5
	21 # 63
	22 # 0
	23 # 12
	24 # 33
	25 # 3
	26 # 41
	27 # 36
Timestep 3:
	0 # 35
	1 # 15
	2 # 56
	3 # 18
	4 # 47
	5 # 42
	6 # 28
	7 # 23
	8 # 13
	9 # 2
	10 # 53
	11 # 33
	12 # 34
	13 # 48
	14 # 60
	15 # 1
	16 # 19
	17 # 46
	18 # 0
	19 # 10
	20 # 7
	21 # 59
	22 # 32
	23 # 4
	24 # 37
	25 # 11
	26 # 57
	27 # 52
Timestep 4:
	0 # 51
	1 # 11
	2 # 56
	3 # 26
	4 # 15
	5 # 58
	6 # 60
	7 # 22
	8 # 12
	9 # 6
	10 # 21
	11 # 33
	12 # 38
	13 # 32
	14 # 52
	15 # 5
	16 # 23
	17 # 14
	18 # 16
	19 # 2
	20 # 3
	21 # 27
	22 # 36
	23 # 4
	24 # 37
	25 # 9
	26 # 25
	27 # 20
Timestep 5:
	0 # 50
	1 # 43
	2 # 24
	3 # 58
	4 # 31
	5 # 56
	6 # 44
	7 # 23
	8 # 13
	9 # 6
	10 # 29
	11 # 41
	12 # 54
	13 # 34
	14 # 60
	15 # 5
	16 # 7
	17 # 10
	18 # 16
	19 # 18
	20 # 35
	21 # 25
	22 # 38
	23 # 12
	24 # 37
	25 # 9
	26 # 57
	27 # 28

