Solution makespan:5
Timestep 0:
	0 # 3
	1 # 25
	2 # 10
	3 # 41
	4 # 15
	5 # 1
	6 # 23
	7 # 53
	8 # 55
	9 # 61
	10 # 62
	11 # 0
	12 # 21
	13 # 30
	14 # 56
	15 # 6
Timestep 1:
	0 # 3
	1 # 29
	2 # 8
	3 # 33
	4 # 47
	5 # 1
	6 # 22
	7 # 52
	8 # 23
	9 # 45
	10 # 46
	11 # 2
	12 # 5
	13 # 28
	14 # 60
	15 # 14
Timestep 2:
	0 # 19
	1 # 13
	2 # 12
	3 # 49
	4 # 47
	5 # 17
	6 # 23
	7 # 36
	8 # 7
	9 # 44
	10 # 38
	11 # 2
	12 # 1
	13 # 20
	14 # 28
	15 # 14
Timestep 3:
	0 # 27
	1 # 5
	2 # 4
	3 # 17
	4 # 39
	5 # 21
	6 # 31
	7 # 32
	8 # 15
	9 # 46
	10 # 38
	11 # 2
	12 # 33
	13 # 16
	14 # 24
	15 # 14
Timestep 4:
	0 # 25
	1 # 37
	2 # 20
	3 # 19
	4 # 35
	5 # 29
	6 # 31
	7 # 36
	8 # 13
	9 # 14
	10 # 38
	11 # 34
	12 # 41
	13 # 0
	14 # 16
	15 # 12
Timestep 5:
	0 # 57
	1 # 37
	2 # 52
	3 # 3
	4 # 51
	5 # 31
	6 # 15
	7 # 44
	8 # 9
	9 # 46
	10 # 39
	11 # 38
	12 # 40
	13 # 32
	14 # 0
	15 # 4

