Solution makespan:5
Timestep 0:
	0 # 60
	1 # 0
	2 # 9
	3 # 45
	4 # 18
	5 # 8
	6 # 33
	7 # 17
	8 # 27
	9 # 19
	10 # 2
	11 # 7
Timestep 1:
	0 # 52
	1 # 0
	2 # 11
	3 # 45
	4 # 19
	5 # 40
	6 # 33
	7 # 49
	8 # 25
	9 # 17
	10 # 3
	11 # 6
Timestep 2:
	0 # 52
	1 # 32
	2 # 43
	3 # 61
	4 # 27
	5 # 8
	6 # 35
	7 # 53
	8 # 29
	9 # 1
	10 # 7
	11 # 2
Timestep 3:
	0 # 20
	1 # 32
	2 # 41
	3 # 29
	4 # 27
	5 # 9
	6 # 43
	7 # 61
	8 # 25
	9 # 0
	10 # 5
	11 # 34
Timestep 4:
	0 # 22
	1 # 48
	2 # 45
	3 # 31
	4 # 26
	5 # 41
	6 # 43
	7 # 61
	8 # 27
	9 # 0
	10 # 21
	11 # 50
Timestep 5:
	0 # 18
	1 # 49
	2 # 13
	3 # 31
	4 # 27
	5 # 33
	6 # 11
	7 # 29
	8 # 19
	9 # 4
	10 # 21
	11 # 58

