Solution makespan:5
Timestep 0:
	0 # 14
	1 # 27
	2 # 10
	3 # 23
	4 # 33
	5 # 5
	6 # 62
	7 # 29
	8 # 38
	9 # 35
	10 # 11
	11 # 54
	12 # 6
	13 # 26
	14 # 17
	15 # 51
	16 # 1
	17 # 43
	18 # 21
	19 # 45
Timestep 1:
	0 # 10
	1 # 19
	2 # 8
	3 # 31
	4 # 49
	5 # 1
	6 # 58
	7 # 61
	8 # 34
	9 # 51
	10 # 15
	11 # 38
	12 # 22
	13 # 18
	14 # 17
	15 # 55
	16 # 9
	17 # 43
	18 # 29
	19 # 41
Timestep 2:
	0 # 11
	1 # 3
	2 # 8
	3 # 31
	4 # 51
	5 # 17
	6 # 42
	7 # 53
	8 # 35
	9 # 19
	10 # 7
	11 # 39
	12 # 22
	13 # 2
	14 # 16
	15 # 23
	16 # 13
	17 # 59
	18 # 61
	19 # 9
Timestep 3:
	0 # 43
	1 # 1
	2 # 24
	3 # 15
	4 # 19
	5 # 25
	6 # 10
	7 # 49
	8 # 39
	9 # 3
	10 # 5
	11 # 38
	12 # 54
	13 # 0
	14 # 16
	15 # 23
	16 # 29
	17 # 58
	18 # 60
	19 # 9
Timestep 4:
	0 # 41
	1 # 17
	2 # 25
	3 # 13
	4 # 19
	5 # 27
	6 # 8
	7 # 51
	8 # 39
	9 # 3
	10 # 1
	11 # 38
	12 # 62
	13 # 4
	14 # 20
	15 # 55
	16 # 31
	17 # 58
	18 # 56
	19 # 11
Timestep 5:
	0 # 33
	1 # 21
	2 # 57
	3 # 13
	4 # 23
	5 # 25
	6 # 9
	7 # 49
	8 # 7
	9 # 11
	10 # 0
	11 # 36
	12 # 30
	13 # 5
	14 # 28
	15 # 39
	16 # 27
	17 # 50
	18 # 58
	19 # 43

