Solution makespan:5
Timestep 0:
	0 # 3
	1 # 14
	2 # 7
	3 # 11
	4 # 19
	5 # 41
	6 # 61
	7 # 52
	8 # 35
	9 # 40
	10 # 20
	11 # 1
	12 # 63
	13 # 34
	14 # 24
	15 # 47
	16 # 42
	17 # 31
	18 # 32
	19 # 15
	20 # 46
	21 # 50
	22 # 30
	23 # 13
	24 # 6
	25 # 4
	26 # 21
	27 # 37
Timestep 1:
	0 # 2
	1 # 6
	2 # 7
	3 # 27
	4 # 23
	5 # 45
	6 # 63
	7 # 52
	8 # 35
	9 # 8
	10 # 4
	11 # 3
	12 # 62
	13 # 38
	14 # 56
	15 # 43
	16 # 34
	17 # 29
	18 # 36
	19 # 11
	20 # 46
	21 # 58
	22 # 31
	23 # 15
	24 # 22
	25 # 12
	26 # 53
	27 # 39
Timestep 2:
	0 # 10
	1 # 4
	2 # 7
	3 # 31
	4 # 19
	5 # 47
	6 # 63
	7 # 48
	8 # 34
	9 # 0
	10 # 5
	11 # 2
	12 # 30
	13 # 6
	14 # 57
	15 # 43
	16 # 50
	17 # 21
	18 # 44
	19 # 3
	20 # 42
	21 # 26
	22 # 23
	23 # 15
	24 # 54
	25 # 8
	26 # 61
	27 # 38
Timestep 3:
	0 # 11
	1 # 12
	2 # 39
	3 # 30
	4 # 17
	5 # 46
	6 # 31
	7 # 49
	8 # 32
	9 # 4
	10 # 37
	11 # 10
	12 # 14
	13 # 38
	14 # 59
	15 # 41
	16 # 51
	17 # 23
	18 # 60
	19 # 1
	20 # 58
	21 # 24
	22 # 19
	23 # 47
	24 # 22
	25 # 40
	26 # 61
	27 # 34
Timestep 4:
	0 # 43
	1 # 4
	2 # 7
	3 # 22
	4 # 21
	5 # 44
	6 # 29
	7 # 17
	8 # 48
	9 # 20
	10 # 45
	11 # 42
	12 # 6
	13 # 54
	14 # 51
	15 # 9
	16 # 49
	17 # 55
	18 # 28
	19 # 3
	20 # 58
	21 # 8
	22 # 23
	23 # 46
	24 # 18
	25 # 56
	26 # 57
	27 # 50
Timestep 5:
	0 # 43
	1 # 0
	2 # 5
	3 # 20
	4 # 21
	5 # 44
	6 # 29
	7 # 25
	8 # 56
	9 # 4
	10 # 13
	11 # 58
	12 # 38
	13 # 55
	14 # 49
	15 # 41
	16 # 33
	17 # 53
	18 # 28
	19 # 35
	20 # 26
	21 # 12
	22 # 7
	23 # 62
	24 # 22
	25 # 40
	26 # 57
	27 # 50

