Solution makespan:4
Timestep 0:
	0 # 11
	1 # 29
	2 # 45
	3 # 33
	4 # 40
	5 # 1
	6 # 26
	7 # 10
	8 # 62
	9 # 59
	10 # 53
	11 # 60
	12 # 27
	13 # 49
	14 # 9
	15 # 2
	16 # 38
	17 # 6
	18 # 54
	19 # 28
Timestep 1:
	0 # 15
	1 # 29
	2 # 47
	3 # 35
	4 # 42
	5 # 0
	6 # 30
	7 # 8
	8 # 58
	9 # 43
	10 # 52
	11 # 44
	12 # 27
	13 # 33
	14 # 9
	15 # 18
	16 # 36
	17 # 38
	18 # 22
	19 # 60
Timestep 2:
	0 # 13
	1 # 29
	2 # 15
	3 # 34
	4 # 10
	5 # 32
	6 # 28
	7 # 24
	8 # 56
	9 # 11
	10 # 60
	11 # 36
	12 # 31
	13 # 1
	14 # 25
	15 # 26
	16 # 4
	17 # 46
	18 # 22
	19 # 61
Timestep 3:
	0 # 45
	1 # 21
	2 # 14
	3 # 34
	4 # 2
	5 # 32
	6 # 20
	7 # 16
	8 # 24
	9 # 11
	10 # 56
	11 # 36
	12 # 29
	13 # 33
	14 # 27
	15 # 26
	16 # 12
	17 # 42
	18 # 23
	19 # 57
Timestep 4:
	0 # 41
	1 # 29
	2 # 12
	3 # 50
	4 # 2
	5 # 0
	6 # 52
	7 # 17
	8 # 16
	9 # 15
	10 # 56
	11 # 32
	12 # 25
	13 # 35
	14 # 11
	15 # 58
	16 # 13
	17 # 43
	18 # 23
	19 # 57

