Solution makespan:5
Timestep 0:
	0 # 16
	1 # 27
	2 # 48
	3 # 30
	4 # 0
	5 # 51
	6 # 1
	7 # 41
	8 # 32
	9 # 49
	10 # 3
	11 # 44
	12 # 29
	13 # 19
	14 # 55
	15 # 24
	16 # 56
	17 # 35
	18 # 60
	19 # 25
	20 # 47
	21 # 33
	22 # 2
	23 # 28
	24 # 26
	25 # 10
	26 # 4
	27 # 57
	28 # 52
	29 # 37
	30 # 9
	31 # 13
Timestep 1:
	0 # 20
	1 # 31
	2 # 16
	3 # 62
	4 # 2
	5 # 50
	6 # 1
	7 # 40
	8 # 48
	9 # 17
	10 # 11
	11 # 36
	12 # 21
	13 # 18
	14 # 55
	15 # 26
	16 # 60
	17 # 51
	18 # 61
	19 # 25
	20 # 63
	21 # 41
	22 # 34
	23 # 30
	24 # 58
	25 # 14
	26 # 6
	27 # 59
	28 # 53
	29 # 5
	30 # 8
	31 # 45
Timestep 2:
	0 # 22
	1 # 23
	2 # 0
	3 # 46
	4 # 2
	5 # 48
	6 # 33
	7 # 32
	8 # 49
	9 # 1
	10 # 43
	11 # 38
	12 # 5
	13 # 18
	14 # 55
	15 # 58
	16 # 28
	17 # 50
	18 # 57
	19 # 27
	20 # 61
	21 # 9
	22 # 42
	23 # 14
	24 # 56
	25 # 15
	26 # 4
	27 # 51
	28 # 21
	29 # 7
	30 # 12
	31 # 41
Timestep 3:
	0 # 18
	1 # 7
	2 # 8
	3 # 47
	4 # 6
	5 # 32
	6 # 35
	7 # 36
	8 # 53
	9 # 33
	10 # 11
	11 # 34
	12 # 4
	13 # 26
	14 # 63
	15 # 58
	16 # 30
	17 # 48
	18 # 49
	19 # 19
	20 # 29
	21 # 9
	22 # 43
	23 # 14
	24 # 60
	25 # 13
	26 # 20
	27 # 55
	28 # 23
	29 # 3
	30 # 44
	31 # 41
Timestep 4:
	0 # 2
	1 # 15
	2 # 12
	3 # 39
	4 # 14
	5 # 32
	6 # 51
	7 # 44
	8 # 37
	9 # 35
	10 # 43
	11 # 34
	12 # 20
	13 # 10
	14 # 31
	15 # 42
	16 # 30
	17 # 16
	18 # 17
	19 # 18
	20 # 21
	21 # 8
	22 # 41
	23 # 46
	24 # 52
	25 # 13
	26 # 22
	27 # 53
	28 # 7
	29 # 3
	30 # 45
	31 # 9
Timestep 5:
	0 # 34
	1 # 15
	2 # 4
	3 # 7
	4 # 10
	5 # 40
	6 # 50
	7 # 44
	8 # 39
	9 # 35
	10 # 59
	11 # 38
	12 # 28
	13 # 8
	14 # 63
	15 # 42
	16 # 62
	17 # 24
	18 # 16
	19 # 22
	20 # 21
	21 # 0
	22 # 57
	23 # 14
	24 # 54
	25 # 5
	26 # 23
	27 # 61
	28 # 6
	29 # 11
	30 # 45
	31 # 25

