Solution makespan:5
Timestep 0:
	0 # 0
	1 # 5
	2 # 2
	3 # 22
	4 # 19
	5 # 4
	6 # 41
	7 # 57
	8 # 45
	9 # 47
	10 # 38
	11 # 28
	12 # 50
	13 # 54
	14 # 15
	15 # 42
	16 # 48
	17 # 8
	18 # 32
	19 # 27
Timestep 1:
	0 # 32
	1 # 21
	2 # 3
	3 # 23
	4 # 51
	5 # 20
	6 # 41
	7 # 61
	8 # 44
	9 # 45
	10 # 39
	11 # 30
	12 # 18
	13 # 55
	14 # 13
	15 # 46
	16 # 16
	17 # 9
	18 # 34
	19 # 31
Timestep 2:
	0 # 33
	1 # 20
	2 # 1
	3 # 19
	4 # 55
	5 # 22
	6 # 9
	7 # 60
	8 # 44
	9 # 61
	10 # 7
	11 # 26
	12 # 18
	13 # 53
	14 # 12
	15 # 38
	16 # 17
	17 # 11
	18 # 34
	19 # 15
Timestep 3:
	0 # 41
	1 # 20
	2 # 5
	3 # 17
	4 # 55
	5 # 54
	6 # 9
	7 # 52
	8 # 44
	9 # 57
	10 # 7
	11 # 10
	12 # 19
	13 # 49
	14 # 14
	15 # 36
	16 # 21
	17 # 43
	18 # 2
	19 # 13
Timestep 4:
	0 # 9
	1 # 16
	2 # 13
	3 # 1
	4 # 54
	5 # 38
	6 # 8
	7 # 52
	8 # 36
	9 # 49
	10 # 6
	11 # 11
	12 # 3
	13 # 33
	14 # 15
	15 # 4
	16 # 23
	17 # 47
	18 # 10
	19 # 12
Timestep 5:
	0 # 25
	1 # 18
	2 # 45
	3 # 17
	4 # 50
	5 # 34
	6 # 0
	7 # 60
	8 # 38
	9 # 57
	10 # 2
	11 # 27
	12 # 1
	13 # 41
	14 # 14
	15 # 6
	16 # 23
	17 # 15
	18 # 26
	19 # 8

