Solution makespan:5
Timestep 0:
	0 # 3
	1 # 63
	2 # 44
	3 # 36
	4 # 13
	5 # 26
	6 # 23
	7 # 25
	8 # 5
	9 # 18
	10 # 21
	11 # 33
	12 # 39
	13 # 45
	14 # 52
	15 # 24
	16 # 35
	17 # 58
	18 # 2
	19 # 8
	20 # 61
	21 # 38
	22 # 59
	23 # 16
Timestep 1:
	0 # 7
	1 # 31
	2 # 46
	3 # 32
	4 # 9
	5 # 26
	6 # 21
	7 # 57
	8 # 4
	9 # 19
	10 # 53
	11 # 35
	12 # 37
	13 # 13
	14 # 36
	15 # 8
	16 # 43
	17 # 62
	18 # 34
	19 # 10
	20 # 63
	21 # 39
	22 # 51
	23 # 48
Timestep 2:
	0 # 6
	1 # 15
	2 # 38
	3 # 48
	4 # 25
	5 # 26
	6 # 17
	7 # 57
	8 # 20
	9 # 3
	10 # 55
	11 # 34
	12 # 33
	13 # 45
	14 # 37
	15 # 9
	16 # 41
	17 # 60
	18 # 2
	19 # 10
	20 # 47
	21 # 7
	22 # 49
	23 # 52
Timestep 3:
	0 # 22
	1 # 13
	2 # 54
	3 # 50
	4 # 57
	5 # 18
	6 # 49
	7 # 41
	8 # 21
	9 # 11
	10 # 51
	11 # 42
	12 # 32
	13 # 44
	14 # 39
	15 # 1
	16 # 40
	17 # 61
	18 # 34
	19 # 26
	20 # 46
	21 # 5
	22 # 48
	23 # 53
Timestep 4:
	0 # 18
	1 # 9
	2 # 54
	3 # 34
	4 # 59
	5 # 19
	6 # 17
	7 # 57
	8 # 20
	9 # 15
	10 # 35
	11 # 10
	12 # 32
	13 # 36
	14 # 39
	15 # 33
	16 # 8
	17 # 61
	18 # 38
	19 # 58
	20 # 14
	21 # 37
	22 # 56
	23 # 55
Timestep 5:
	0 # 26
	1 # 9
	2 # 62
	3 # 34
	4 # 59
	5 # 17
	6 # 16
	7 # 49
	8 # 20
	9 # 31
	10 # 3
	11 # 11
	12 # 32
	13 # 44
	14 # 7
	15 # 35
	16 # 12
	17 # 60
	18 # 46
	19 # 50
	20 # 14
	21 # 39
	22 # 57
	23 # 63

