Solution makespan:6
Timestep 0:
	0 # 11
	1 # 48
	2 # 38
	3 # 17
	4 # 50
	5 # 31
	6 # 0
	7 # 24
	8 # 57
	9 # 41
	10 # 58
	11 # 16
	12 # 54
	13 # 34
	14 # 1
	15 # 13
	16 # 61
	17 # 51
	18 # 7
	19 # 49
	20 # 47
	21 # 43
	22 # 40
	23 # 28
Timestep 1:
	0 # 10
	1 # 49
	2 # 39
	3 # 19
	4 # 34
	5 # 29
	6 # 4
	7 # 8
	8 # 25
	9 # 9
	10 # 62
	11 # 18
	12 # 55
	13 # 35
	14 # 33
	15 # 13
	16 # 60
	17 # 51
	18 # 15
	19 # 53
	20 # 47
	21 # 43
	22 # 41
	23 # 20
Timestep 2:
	0 # 14
	1 # 53
	2 # 7
	3 # 19
	4 # 2
	5 # 29
	6 # 12
	7 # 40
	8 # 27
	9 # 13
	10 # 30
	11 # 16
	12 # 55
	13 # 3
	14 # 41
	15 # 5
	16 # 28
	17 # 59
	18 # 11
	19 # 52
	20 # 46
	21 # 47
	22 # 57
	23 # 4
Timestep 3:
	0 # 46
	1 # 53
	2 # 15
	3 # 18
	4 # 10
	5 # 25
	6 # 28
	7 # 40
	8 # 19
	9 # 29
	10 # 31
	11 # 16
	12 # 23
	13 # 35
	14 # 41
	15 # 37
	16 # 20
	17 # 43
	18 # 11
	19 # 36
	20 # 38
	21 # 39
	22 # 49
	23 # 5
Timestep 4:
	0 # 42
	1 # 21
	2 # 31
	3 # 22
	4 # 14
	5 # 24
	6 # 30
	7 # 32
	8 # 17
	9 # 61
	10 # 29
	11 # 48
	12 # 19
	13 # 34
	14 # 43
	15 # 39
	16 # 20
	17 # 11
	18 # 9
	19 # 36
	20 # 38
	21 # 35
	22 # 33
	23 # 13
Timestep 5:
	0 # 42
	1 # 23
	2 # 29
	3 # 18
	4 # 14
	5 # 24
	6 # 31
	7 # 40
	8 # 49
	9 # 45
	10 # 13
	11 # 16
	12 # 51
	13 # 50
	14 # 35
	15 # 39
	16 # 21
	17 # 15
	18 # 41
	19 # 36
	20 # 46
	21 # 33
	22 # 37
	23 # 12
Timestep 6:
	0 # 34
	1 # 21
	2 # 29
	3 # 2
	4 # 6
	5 # 8
	6 # 63
	7 # 44
	8 # 57
	9 # 47
	10 # 12
	11 # 24
	12 # 59
	13 # 58
	14 # 3
	15 # 39
	16 # 17
	17 # 15
	18 # 43
	19 # 36
	20 # 42
	21 # 41
	22 # 5
	23 # 4

