Solution makespan:6
Timestep 0:
	0 # 6
	1 # 46
	2 # 32
	3 # 33
	4 # 39
	5 # 56
	6 # 43
	7 # 13
	8 # 60
	9 # 57
	10 # 34
	11 # 4
	12 # 47
	13 # 35
	14 # 26
	15 # 62
Timestep 1:
	0 # 7
	1 # 14
	2 # 0
	3 # 37
	4 # 47
	5 # 60
	6 # 42
	7 # 45
	8 # 61
	9 # 41
	10 # 50
	11 # 12
	12 # 46
	13 # 43
	14 # 58
	15 # 54
Timestep 2:
	0 # 3
	1 # 6
	2 # 16
	3 # 37
	4 # 43
	5 # 60
	6 # 34
	7 # 47
	8 # 57
	9 # 33
	10 # 50
	11 # 44
	12 # 38
	13 # 41
	14 # 42
	15 # 55
Timestep 3:
	0 # 2
	1 # 4
	2 # 18
	3 # 53
	4 # 11
	5 # 52
	6 # 34
	7 # 39
	8 # 41
	9 # 37
	10 # 48
	11 # 46
	12 # 54
	13 # 40
	14 # 10
	15 # 23
Timestep 4:
	0 # 0
	1 # 4
	2 # 22
	3 # 55
	4 # 9
	5 # 53
	6 # 2
	7 # 39
	8 # 43
	9 # 37
	10 # 49
	11 # 42
	12 # 62
	13 # 41
	14 # 11
	15 # 7
Timestep 5:
	0 # 8
	1 # 0
	2 # 54
	3 # 51
	4 # 1
	5 # 52
	6 # 18
	7 # 7
	8 # 35
	9 # 37
	10 # 57
	11 # 10
	12 # 30
	13 # 41
	14 # 3
	15 # 6
Timestep 6:
	0 # 8
	1 # 0
	2 # 54
	3 # 19
	4 # 33
	5 # 48
	6 # 26
	7 # 23
	8 # 3
	9 # 39
	10 # 57
	11 # 10
	12 # 22
	13 # 40
	14 # 1
	15 # 4

