Solution makespan:5
Timestep 0:
	0 # 43
	1 # 60
	2 # 61
	3 # 53
	4 # 28
	5 # 54
	6 # 40
	7 # 27
	8 # 29
	9 # 1
	10 # 4
	11 # 21
	12 # 13
	13 # 55
	14 # 2
	15 # 36
Timestep 1:
	0 # 41
	1 # 61
	2 # 53
	3 # 52
	4 # 12
	5 # 22
	6 # 56
	7 # 59
	8 # 28
	9 # 33
	10 # 5
	11 # 21
	12 # 29
	13 # 51
	14 # 34
	15 # 4
Timestep 2:
	0 # 43
	1 # 57
	2 # 53
	3 # 52
	4 # 44
	5 # 23
	6 # 24
	7 # 51
	8 # 60
	9 # 33
	10 # 7
	11 # 20
	12 # 31
	13 # 35
	14 # 50
	15 # 6
Timestep 3:
	0 # 11
	1 # 25
	2 # 61
	3 # 20
	4 # 45
	5 # 21
	6 # 26
	7 # 51
	8 # 44
	9 # 41
	10 # 23
	11 # 16
	12 # 27
	13 # 43
	14 # 18
	15 # 14
Timestep 4:
	0 # 27
	1 # 24
	2 # 45
	3 # 52
	4 # 13
	5 # 21
	6 # 10
	7 # 19
	8 # 44
	9 # 43
	10 # 23
	11 # 48
	12 # 26
	13 # 42
	14 # 50
	15 # 46
Timestep 5:
	0 # 25
	1 # 8
	2 # 61
	3 # 54
	4 # 29
	5 # 17
	6 # 14
	7 # 27
	8 # 12
	9 # 11
	10 # 21
	11 # 56
	12 # 18
	13 # 40
	14 # 58
	15 # 62

