Solution makespan:6
Timestep 0:
	0 # 44
	1 # 57
	2 # 52
	3 # 28
	4 # 56
	5 # 5
	6 # 6
	7 # 33
	8 # 4
	9 # 16
	10 # 43
	11 # 23
	12 # 62
	13 # 46
	14 # 63
	15 # 54
	16 # 14
	17 # 26
	18 # 10
	19 # 61
	20 # 18
	21 # 9
	22 # 24
	23 # 32
Timestep 1:
	0 # 46
	1 # 59
	2 # 53
	3 # 30
	4 # 56
	5 # 1
	6 # 2
	7 # 35
	8 # 5
	9 # 17
	10 # 47
	11 # 19
	12 # 54
	13 # 38
	14 # 62
	15 # 22
	16 # 15
	17 # 10
	18 # 8
	19 # 61
	20 # 50
	21 # 25
	22 # 24
	23 # 36
Timestep 2:
	0 # 42
	1 # 59
	2 # 61
	3 # 28
	4 # 48
	5 # 17
	6 # 10
	7 # 34
	8 # 13
	9 # 49
	10 # 46
	11 # 3
	12 # 50
	13 # 36
	14 # 63
	15 # 18
	16 # 15
	17 # 14
	18 # 12
	19 # 60
	20 # 58
	21 # 29
	22 # 56
	23 # 37
Timestep 3:
	0 # 58
	1 # 43
	2 # 57
	3 # 28
	4 # 32
	5 # 25
	6 # 11
	7 # 34
	8 # 45
	9 # 53
	10 # 14
	11 # 19
	12 # 51
	13 # 52
	14 # 59
	15 # 26
	16 # 31
	17 # 12
	18 # 44
	19 # 56
	20 # 50
	21 # 21
	22 # 48
	23 # 5
Timestep 4:
	0 # 50
	1 # 47
	2 # 57
	3 # 60
	4 # 40
	5 # 27
	6 # 9
	7 # 42
	8 # 61
	9 # 55
	10 # 15
	11 # 18
	12 # 59
	13 # 53
	14 # 43
	15 # 24
	16 # 63
	17 # 8
	18 # 45
	19 # 48
	20 # 54
	21 # 23
	22 # 49
	23 # 7
Timestep 5:
	0 # 34
	1 # 45
	2 # 41
	3 # 28
	4 # 42
	5 # 26
	6 # 25
	7 # 46
	8 # 29
	9 # 53
	10 # 11
	11 # 2
	12 # 51
	13 # 49
	14 # 43
	15 # 8
	16 # 31
	17 # 0
	18 # 37
	19 # 50
	20 # 52
	21 # 7
	22 # 33
	23 # 5
Timestep 6:
	0 # 35
	1 # 44
	2 # 9
	3 # 24
	4 # 10
	5 # 58
	6 # 27
	7 # 62
	8 # 25
	9 # 55
	10 # 11
	11 # 2
	12 # 50
	13 # 17
	14 # 41
	15 # 40
	16 # 31
	17 # 32
	18 # 36
	19 # 18
	20 # 48
	21 # 39
	22 # 49
	23 # 37

