Solution makespan:5
Timestep 0:
	0 # 61
	1 # 2
	2 # 32
	3 # 43
	4 # 25
	5 # 11
	6 # 16
	7 # 9
	8 # 29
	9 # 60
	10 # 19
	11 # 13
	12 # 58
	13 # 44
	14 # 42
	15 # 15
	16 # 28
	17 # 8
	18 # 36
	19 # 0
	20 # 14
	21 # 20
	22 # 38
	23 # 56
	24 # 23
	25 # 17
	26 # 18
	27 # 7
Timestep 1:
	0 # 63
	1 # 34
	2 # 33
	3 # 35
	4 # 57
	5 # 43
	6 # 48
	7 # 8
	8 # 25
	9 # 61
	10 # 19
	11 # 5
	12 # 26
	13 # 36
	14 # 46
	15 # 47
	16 # 28
	17 # 24
	18 # 37
	19 # 32
	20 # 10
	21 # 4
	22 # 54
	23 # 58
	24 # 55
	25 # 16
	26 # 22
	27 # 15
Timestep 2:
	0 # 47
	1 # 2
	2 # 1
	3 # 33
	4 # 61
	5 # 41
	6 # 52
	7 # 10
	8 # 17
	9 # 45
	10 # 51
	11 # 21
	12 # 27
	13 # 36
	14 # 44
	15 # 15
	16 # 60
	17 # 24
	18 # 39
	19 # 0
	20 # 11
	21 # 5
	22 # 54
	23 # 62
	24 # 63
	25 # 16
	26 # 18
	27 # 14
Timestep 3:
	0 # 47
	1 # 6
	2 # 3
	3 # 49
	4 # 60
	5 # 40
	6 # 20
	7 # 42
	8 # 1
	9 # 13
	10 # 59
	11 # 23
	12 # 27
	13 # 4
	14 # 12
	15 # 15
	16 # 52
	17 # 26
	18 # 39
	19 # 2
	20 # 43
	21 # 37
	22 # 22
	23 # 46
	24 # 62
	25 # 48
	26 # 50
	27 # 14
Timestep 4:
	0 # 46
	1 # 38
	2 # 1
	3 # 17
	4 # 52
	5 # 32
	6 # 16
	7 # 34
	8 # 33
	9 # 29
	10 # 57
	11 # 19
	12 # 31
	13 # 0
	14 # 28
	15 # 7
	16 # 36
	17 # 10
	18 # 39
	19 # 3
	20 # 42
	21 # 45
	22 # 6
	23 # 14
	24 # 58
	25 # 50
	26 # 18
	27 # 30
Timestep 5:
	0 # 44
	1 # 54
	2 # 9
	3 # 17
	4 # 53
	5 # 0
	6 # 16
	7 # 50
	8 # 1
	9 # 21
	10 # 49
	11 # 23
	12 # 29
	13 # 2
	14 # 60
	15 # 5
	16 # 37
	17 # 26
	18 # 35
	19 # 3
	20 # 42
	21 # 61
	22 # 7
	23 # 15
	24 # 58
	25 # 51
	26 # 22
	27 # 31

