Solution makespan:5
Timestep 0:
	0 # 19
	1 # 44
	2 # 50
	3 # 8
	4 # 35
	5 # 57
	6 # 17
	7 # 53
	8 # 32
	9 # 31
	10 # 1
	11 # 52
	12 # 59
	13 # 42
	14 # 6
	15 # 11
Timestep 1:
	0 # 27
	1 # 46
	2 # 50
	3 # 9
	4 # 34
	5 # 57
	6 # 25
	7 # 37
	8 # 0
	9 # 29
	10 # 3
	11 # 60
	12 # 51
	13 # 40
	14 # 14
	15 # 11
Timestep 2:
	0 # 31
	1 # 42
	2 # 58
	3 # 13
	4 # 38
	5 # 25
	6 # 9
	7 # 37
	8 # 0
	9 # 28
	10 # 19
	11 # 56
	12 # 35
	13 # 32
	14 # 15
	15 # 3
Timestep 3:
	0 # 15
	1 # 43
	2 # 59
	3 # 13
	4 # 38
	5 # 17
	6 # 41
	7 # 37
	8 # 2
	9 # 60
	10 # 19
	11 # 40
	12 # 35
	13 # 0
	14 # 14
	15 # 1
Timestep 4:
	0 # 14
	1 # 11
	2 # 43
	3 # 12
	4 # 6
	5 # 21
	6 # 9
	7 # 5
	8 # 2
	9 # 44
	10 # 18
	11 # 8
	12 # 3
	13 # 16
	14 # 10
	15 # 1
Timestep 5:
	0 # 15
	1 # 27
	2 # 41
	3 # 12
	4 # 22
	5 # 20
	6 # 8
	7 # 21
	8 # 34
	9 # 44
	10 # 26
	11 # 40
	12 # 19
	13 # 48
	14 # 10
	15 # 17

