Solution makespan:5
Timestep 0:
	0 # 3
	1 # 6
	2 # 61
	3 # 11
	4 # 59
	5 # 9
	6 # 26
	7 # 4
	8 # 56
	9 # 44
	10 # 49
	11 # 13
	12 # 53
	13 # 23
	14 # 36
	15 # 43
	16 # 19
	17 # 1
	18 # 25
	19 # 33
Timestep 1:
	0 # 11
	1 # 7
	2 # 53
	3 # 9
	4 # 57
	5 # 8
	6 # 24
	7 # 5
	8 # 56
	9 # 46
	10 # 51
	11 # 12
	12 # 52
	13 # 31
	14 # 36
	15 # 35
	16 # 23
	17 # 17
	18 # 25
	19 # 1
Timestep 2:
	0 # 15
	1 # 5
	2 # 21
	3 # 9
	4 # 25
	5 # 10
	6 # 8
	7 # 37
	8 # 24
	9 # 38
	10 # 50
	11 # 12
	12 # 20
	13 # 31
	14 # 32
	15 # 35
	16 # 23
	17 # 19
	18 # 17
	19 # 3
Timestep 3:
	0 # 47
	1 # 21
	2 # 20
	3 # 41
	4 # 17
	5 # 26
	6 # 8
	7 # 36
	8 # 25
	9 # 6
	10 # 34
	11 # 12
	12 # 16
	13 # 15
	14 # 33
	15 # 35
	16 # 55
	17 # 23
	18 # 1
	19 # 11
Timestep 4:
	0 # 45
	1 # 29
	2 # 22
	3 # 33
	4 # 17
	5 # 24
	6 # 40
	7 # 36
	8 # 9
	9 # 6
	10 # 38
	11 # 12
	12 # 16
	13 # 31
	14 # 1
	15 # 35
	16 # 39
	17 # 23
	18 # 5
	19 # 10
Timestep 5:
	0 # 45
	1 # 13
	2 # 30
	3 # 49
	4 # 21
	5 # 25
	6 # 40
	7 # 4
	8 # 41
	9 # 2
	10 # 46
	11 # 14
	12 # 16
	13 # 63
	14 # 17
	15 # 43
	16 # 37
	17 # 55
	18 # 5
	19 # 8

