Solution makespan:5
Timestep 0:
	0 # 2
	1 # 46
	2 # 9
	3 # 44
	4 # 12
	5 # 33
	6 # 23
	7 # 11
	8 # 55
	9 # 41
	10 # 37
	11 # 8
Timestep 1:
	0 # 2
	1 # 38
	2 # 1
	3 # 40
	4 # 44
	5 # 37
	6 # 23
	7 # 27
	8 # 63
	9 # 43
	10 # 45
	11 # 24
Timestep 2:
	0 # 10
	1 # 36
	2 # 3
	3 # 40
	4 # 44
	5 # 37
	6 # 19
	7 # 59
	8 # 31
	9 # 41
	10 # 45
	11 # 24
Timestep 3:
	0 # 11
	1 # 32
	2 # 35
	3 # 8
	4 # 46
	5 # 39
	6 # 18
	7 # 51
	8 # 23
	9 # 9
	10 # 41
	11 # 25
Timestep 4:
	0 # 11
	1 # 33
	2 # 34
	3 # 24
	4 # 38
	5 # 7
	6 # 26
	7 # 50
	8 # 23
	9 # 25
	10 # 57
	11 # 27
Timestep 5:
	0 # 9
	1 # 35
	2 # 32
	3 # 28
	4 # 34
	5 # 15
	6 # 24
	7 # 48
	8 # 22
	9 # 17
	10 # 25
	11 # 19

