Solution makespan:5
Timestep 0:
	0 # 15
	1 # 1
	2 # 23
	3 # 53
	4 # 55
	5 # 61
	6 # 62
	7 # 0
	8 # 21
	9 # 30
	10 # 56
	11 # 6
Timestep 1:
	0 # 15
	1 # 1
	2 # 22
	3 # 61
	4 # 55
	5 # 29
	6 # 63
	7 # 4
	8 # 17
	9 # 62
	10 # 60
	11 # 2
Timestep 2:
	0 # 13
	1 # 9
	2 # 23
	3 # 57
	4 # 54
	5 # 28
	6 # 55
	7 # 12
	8 # 21
	9 # 63
	10 # 56
	11 # 3
Timestep 3:
	0 # 13
	1 # 11
	2 # 19
	3 # 59
	4 # 22
	5 # 20
	6 # 53
	7 # 44
	8 # 5
	9 # 55
	10 # 58
	11 # 1
Timestep 4:
	0 # 15
	1 # 43
	2 # 17
	3 # 58
	4 # 20
	5 # 4
	6 # 61
	7 # 40
	8 # 13
	9 # 55
	10 # 42
	11 # 9
Timestep 5:
	0 # 31
	1 # 42
	2 # 17
	3 # 26
	4 # 4
	5 # 12
	6 # 60
	7 # 8
	8 # 29
	9 # 23
	10 # 46
	11 # 13

