Solution makespan:5
Timestep 0:
	0 # 50
	1 # 34
	2 # 11
	3 # 49
	4 # 6
	5 # 26
	6 # 52
	7 # 15
	8 # 14
	9 # 8
	10 # 36
	11 # 25
Timestep 1:
	0 # 58
	1 # 32
	2 # 15
	3 # 57
	4 # 38
	5 # 30
	6 # 54
	7 # 7
	8 # 46
	9 # 10
	10 # 44
	11 # 24
Timestep 2:
	0 # 58
	1 # 32
	2 # 11
	3 # 25
	4 # 6
	5 # 14
	6 # 62
	7 # 3
	8 # 42
	9 # 10
	10 # 44
	11 # 28
Timestep 3:
	0 # 62
	1 # 33
	2 # 27
	3 # 29
	4 # 38
	5 # 12
	6 # 63
	7 # 35
	8 # 34
	9 # 26
	10 # 46
	11 # 28
Timestep 4:
	0 # 30
	1 # 41
	2 # 26
	3 # 13
	4 # 54
	5 # 44
	6 # 47
	7 # 35
	8 # 34
	9 # 10
	10 # 14
	11 # 12
Timestep 5:
	0 # 31
	1 # 43
	2 # 58
	3 # 5
	4 # 54
	5 # 36
	6 # 63
	7 # 51
	8 # 50
	9 # 42
	10 # 30
	11 # 44

