Solution makespan:5
Timestep 0:
	0 # 38
	1 # 37
	2 # 57
	3 # 42
	4 # 60
	5 # 22
	6 # 13
	7 # 10
	8 # 47
	9 # 20
	10 # 23
	11 # 5
	12 # 30
	13 # 54
	14 # 49
	15 # 44
	16 # 51
	17 # 16
	18 # 33
	19 # 24
	20 # 41
	21 # 48
	22 # 52
	23 # 25
Timestep 1:
	0 # 36
	1 # 39
	2 # 59
	3 # 42
	4 # 56
	5 # 54
	6 # 9
	7 # 14
	8 # 43
	9 # 28
	10 # 7
	11 # 37
	12 # 26
	13 # 38
	14 # 53
	15 # 45
	16 # 19
	17 # 18
	18 # 33
	19 # 8
	20 # 41
	21 # 50
	22 # 48
	23 # 27
Timestep 2:
	0 # 52
	1 # 7
	2 # 63
	3 # 58
	4 # 24
	5 # 55
	6 # 1
	7 # 14
	8 # 42
	9 # 60
	10 # 5
	11 # 33
	12 # 18
	13 # 39
	14 # 37
	15 # 61
	16 # 27
	17 # 2
	18 # 35
	19 # 40
	20 # 45
	21 # 54
	22 # 48
	23 # 11
Timestep 3:
	0 # 52
	1 # 5
	2 # 62
	3 # 59
	4 # 8
	5 # 23
	6 # 17
	7 # 15
	8 # 34
	9 # 60
	10 # 4
	11 # 32
	12 # 2
	13 # 35
	14 # 37
	15 # 63
	16 # 11
	17 # 6
	18 # 3
	19 # 56
	20 # 47
	21 # 54
	22 # 50
	23 # 10
Timestep 4:
	0 # 48
	1 # 5
	2 # 54
	3 # 59
	4 # 12
	5 # 7
	6 # 16
	7 # 47
	8 # 34
	9 # 56
	10 # 4
	11 # 32
	12 # 0
	13 # 35
	14 # 36
	15 # 31
	16 # 10
	17 # 38
	18 # 1
	19 # 58
	20 # 46
	21 # 55
	22 # 51
	23 # 2
Timestep 5:
	0 # 16
	1 # 13
	2 # 22
	3 # 43
	4 # 44
	5 # 15
	6 # 18
	7 # 63
	8 # 42
	9 # 58
	10 # 20
	11 # 40
	12 # 8
	13 # 39
	14 # 52
	15 # 31
	16 # 10
	17 # 54
	18 # 0
	19 # 50
	20 # 46
	21 # 23
	22 # 19
	23 # 2

