Solution makespan:5
Timestep 0:
	0 # 20
	1 # 24
	2 # 6
	3 # 33
	4 # 25
	5 # 37
	6 # 12
	7 # 9
	8 # 46
	9 # 54
	10 # 42
	11 # 32
	12 # 41
	13 # 62
	14 # 50
	15 # 47
	16 # 3
	17 # 10
	18 # 34
	19 # 14
Timestep 1:
	0 # 21
	1 # 16
	2 # 22
	3 # 41
	4 # 24
	5 # 37
	6 # 44
	7 # 13
	8 # 42
	9 # 62
	10 # 58
	11 # 48
	12 # 9
	13 # 60
	14 # 18
	15 # 15
	16 # 11
	17 # 26
	18 # 2
	19 # 46
Timestep 2:
	0 # 5
	1 # 17
	2 # 30
	3 # 57
	4 # 16
	5 # 39
	6 # 46
	7 # 15
	8 # 43
	9 # 58
	10 # 50
	11 # 49
	12 # 25
	13 # 28
	14 # 19
	15 # 47
	16 # 11
	17 # 18
	18 # 0
	19 # 14
Timestep 3:
	0 # 4
	1 # 1
	2 # 26
	3 # 56
	4 # 16
	5 # 7
	6 # 62
	7 # 31
	8 # 41
	9 # 42
	10 # 50
	11 # 17
	12 # 29
	13 # 24
	14 # 3
	15 # 46
	16 # 43
	17 # 19
	18 # 32
	19 # 14
Timestep 4:
	0 # 6
	1 # 33
	2 # 58
	3 # 56
	4 # 0
	5 # 15
	6 # 30
	7 # 31
	8 # 57
	9 # 40
	10 # 54
	11 # 17
	12 # 29
	13 # 16
	14 # 3
	15 # 38
	16 # 35
	17 # 18
	18 # 32
	19 # 10
Timestep 5:
	0 # 2
	1 # 37
	2 # 50
	3 # 58
	4 # 0
	5 # 13
	6 # 26
	7 # 31
	8 # 57
	9 # 40
	10 # 62
	11 # 17
	12 # 21
	13 # 18
	14 # 35
	15 # 34
	16 # 39
	17 # 22
	18 # 32
	19 # 42

