Solution makespan:6
Timestep 0:
	0 # 21
	1 # 63
	2 # 25
	3 # 57
	4 # 15
	5 # 47
	6 # 54
	7 # 14
	8 # 5
	9 # 2
	10 # 45
	11 # 24
	12 # 7
	13 # 61
	14 # 62
	15 # 18
	16 # 49
	17 # 16
	18 # 59
	19 # 19
Timestep 1:
	0 # 53
	1 # 47
	2 # 29
	3 # 41
	4 # 13
	5 # 43
	6 # 38
	7 # 15
	8 # 1
	9 # 6
	10 # 61
	11 # 56
	12 # 39
	13 # 60
	14 # 58
	15 # 2
	16 # 57
	17 # 17
	18 # 63
	19 # 18
Timestep 2:
	0 # 52
	1 # 15
	2 # 28
	3 # 43
	4 # 29
	5 # 11
	6 # 6
	7 # 31
	8 # 33
	9 # 2
	10 # 53
	11 # 40
	12 # 39
	13 # 56
	14 # 50
	15 # 0
	16 # 25
	17 # 17
	18 # 47
	19 # 16
Timestep 3:
	0 # 20
	1 # 14
	2 # 28
	3 # 43
	4 # 25
	5 # 10
	6 # 38
	7 # 23
	8 # 41
	9 # 3
	10 # 21
	11 # 8
	12 # 35
	13 # 48
	14 # 18
	15 # 4
	16 # 17
	17 # 49
	18 # 15
	19 # 16
Timestep 4:
	0 # 16
	1 # 12
	2 # 29
	3 # 35
	4 # 9
	5 # 2
	6 # 36
	7 # 23
	8 # 40
	9 # 11
	10 # 21
	11 # 24
	12 # 34
	13 # 32
	14 # 22
	15 # 4
	16 # 1
	17 # 17
	18 # 13
	19 # 0
Timestep 5:
	0 # 18
	1 # 4
	2 # 13
	3 # 35
	4 # 8
	5 # 3
	6 # 37
	7 # 31
	8 # 40
	9 # 10
	10 # 5
	11 # 28
	12 # 38
	13 # 32
	14 # 30
	15 # 6
	16 # 33
	17 # 17
	18 # 9
	19 # 16
Timestep 6:
	0 # 2
	1 # 0
	2 # 29
	3 # 34
	4 # 12
	5 # 19
	6 # 53
	7 # 23
	8 # 42
	9 # 10
	10 # 5
	11 # 60
	12 # 6
	13 # 48
	14 # 62
	15 # 7
	16 # 49
	17 # 17
	18 # 41
	19 # 18

