Solution makespan:4
Timestep 0:
	0 # 11
	1 # 29
	2 # 45
	3 # 33
	4 # 40
	5 # 1
	6 # 26
	7 # 10
	8 # 62
	9 # 59
	10 # 53
	11 # 60
	12 # 27
	13 # 49
	14 # 9
	15 # 2
	16 # 38
	17 # 6
	18 # 54
	19 # 28
Timestep 1:
	0 # 11
	1 # 21
	2 # 44
	3 # 49
	4 # 32
	5 # 1
	6 # 18
	7 # 8
	8 # 30
	9 # 63
	10 # 61
	11 # 56
	12 # 19
	13 # 48
	14 # 41
	15 # 2
	16 # 36
	17 # 38
	18 # 22
	19 # 28
Timestep 2:
	0 # 43
	1 # 20
	2 # 44
	3 # 51
	4 # 34
	5 # 3
	6 # 16
	7 # 0
	8 # 26
	9 # 31
	10 # 57
	11 # 40
	12 # 27
	13 # 32
	14 # 9
	15 # 10
	16 # 4
	17 # 39
	18 # 22
	19 # 29
Timestep 3:
	0 # 41
	1 # 28
	2 # 44
	3 # 51
	4 # 34
	5 # 2
	6 # 48
	7 # 1
	8 # 18
	9 # 15
	10 # 57
	11 # 32
	12 # 25
	13 # 33
	14 # 11
	15 # 42
	16 # 12
	17 # 47
	18 # 23
	19 # 61
Timestep 4:
	0 # 41
	1 # 29
	2 # 12
	3 # 50
	4 # 2
	5 # 0
	6 # 52
	7 # 17
	8 # 16
	9 # 15
	10 # 56
	11 # 32
	12 # 25
	13 # 35
	14 # 11
	15 # 58
	16 # 13
	17 # 43
	18 # 23
	19 # 57

