Solution makespan:5
Timestep 0:
	0 # 18
	1 # 17
	2 # 50
	3 # 57
	4 # 11
	5 # 29
	6 # 45
	7 # 33
	8 # 40
	9 # 1
	10 # 26
	11 # 10
	12 # 62
	13 # 59
	14 # 53
	15 # 60
	16 # 27
	17 # 49
	18 # 9
	19 # 2
	20 # 38
	21 # 6
	22 # 54
	23 # 28
Timestep 1:
	0 # 18
	1 # 25
	2 # 34
	3 # 57
	4 # 43
	5 # 13
	6 # 44
	7 # 35
	8 # 8
	9 # 33
	10 # 30
	11 # 42
	12 # 46
	13 # 27
	14 # 53
	15 # 61
	16 # 31
	17 # 17
	18 # 11
	19 # 0
	20 # 39
	21 # 7
	22 # 62
	23 # 24
Timestep 2:
	0 # 50
	1 # 9
	2 # 32
	3 # 61
	4 # 47
	5 # 12
	6 # 60
	7 # 51
	8 # 10
	9 # 37
	10 # 30
	11 # 34
	12 # 38
	13 # 19
	14 # 52
	15 # 53
	16 # 29
	17 # 17
	18 # 11
	19 # 8
	20 # 55
	21 # 3
	22 # 62
	23 # 26
Timestep 3:
	0 # 34
	1 # 25
	2 # 36
	3 # 29
	4 # 43
	5 # 44
	6 # 56
	7 # 19
	8 # 2
	9 # 39
	10 # 28
	11 # 32
	12 # 54
	13 # 18
	14 # 60
	15 # 21
	16 # 31
	17 # 1
	18 # 27
	19 # 24
	20 # 63
	21 # 35
	22 # 30
	23 # 58
Timestep 4:
	0 # 38
	1 # 27
	2 # 37
	3 # 21
	4 # 43
	5 # 36
	6 # 57
	7 # 3
	8 # 34
	9 # 39
	10 # 20
	11 # 40
	12 # 55
	13 # 22
	14 # 44
	15 # 53
	16 # 23
	17 # 0
	18 # 26
	19 # 28
	20 # 31
	21 # 33
	22 # 14
	23 # 42
Timestep 5:
	0 # 38
	1 # 59
	2 # 5
	3 # 20
	4 # 43
	5 # 32
	6 # 49
	7 # 2
	8 # 42
	9 # 47
	10 # 4
	11 # 8
	12 # 63
	13 # 22
	14 # 45
	15 # 61
	16 # 7
	17 # 1
	18 # 30
	19 # 12
	20 # 29
	21 # 37
	22 # 46
	23 # 10

