Solution makespan:5
Timestep 0:
	0 # 12
	1 # 41
	2 # 52
	3 # 4
	4 # 32
	5 # 16
	6 # 37
	7 # 54
	8 # 59
	9 # 44
	10 # 1
	11 # 20
Timestep 1:
	0 # 4
	1 # 40
	2 # 53
	3 # 36
	4 # 33
	5 # 18
	6 # 37
	7 # 22
	8 # 59
	9 # 60
	10 # 9
	11 # 16
Timestep 2:
	0 # 4
	1 # 56
	2 # 61
	3 # 32
	4 # 41
	5 # 18
	6 # 36
	7 # 20
	8 # 63
	9 # 52
	10 # 25
	11 # 24
Timestep 3:
	0 # 5
	1 # 58
	2 # 60
	3 # 0
	4 # 45
	5 # 22
	6 # 32
	7 # 20
	8 # 63
	9 # 54
	10 # 24
	11 # 26
Timestep 4:
	0 # 7
	1 # 56
	2 # 60
	3 # 2
	4 # 44
	5 # 23
	6 # 40
	7 # 16
	8 # 62
	9 # 50
	10 # 28
	11 # 27
Timestep 5:
	0 # 15
	1 # 60
	2 # 52
	3 # 6
	4 # 46
	5 # 31
	6 # 8
	7 # 18
	8 # 58
	9 # 34
	10 # 30
	11 # 19

