Solution makespan:5
Timestep 0:
	0 # 16
	1 # 0
	2 # 42
	3 # 22
	4 # 50
	5 # 54
	6 # 52
	7 # 36
	8 # 43
	9 # 32
	10 # 27
	11 # 11
	12 # 62
	13 # 8
	14 # 30
	15 # 29
	16 # 45
	17 # 46
	18 # 44
	19 # 56
	20 # 13
	21 # 24
	22 # 28
	23 # 48
	24 # 26
	25 # 57
	26 # 58
	27 # 20
Timestep 1:
	0 # 48
	1 # 4
	2 # 10
	3 # 18
	4 # 34
	5 # 38
	6 # 54
	7 # 37
	8 # 59
	9 # 0
	10 # 11
	11 # 3
	12 # 63
	13 # 9
	14 # 26
	15 # 28
	16 # 41
	17 # 14
	18 # 60
	19 # 40
	20 # 5
	21 # 25
	22 # 12
	23 # 32
	24 # 24
	25 # 57
	26 # 62
	27 # 21
Timestep 2:
	0 # 32
	1 # 36
	2 # 26
	3 # 18
	4 # 2
	5 # 6
	6 # 50
	7 # 39
	8 # 58
	9 # 16
	10 # 9
	11 # 1
	12 # 59
	13 # 13
	14 # 27
	15 # 30
	16 # 43
	17 # 15
	18 # 28
	19 # 42
	20 # 7
	21 # 25
	22 # 4
	23 # 33
	24 # 8
	25 # 56
	26 # 63
	27 # 5
Timestep 3:
	0 # 32
	1 # 36
	2 # 26
	3 # 19
	4 # 34
	5 # 22
	6 # 18
	7 # 7
	8 # 62
	9 # 24
	10 # 8
	11 # 17
	12 # 51
	13 # 29
	14 # 25
	15 # 14
	16 # 42
	17 # 15
	18 # 30
	19 # 10
	20 # 23
	21 # 9
	22 # 6
	23 # 33
	24 # 12
	25 # 58
	26 # 31
	27 # 5
Timestep 4:
	0 # 32
	1 # 37
	2 # 27
	3 # 17
	4 # 35
	5 # 20
	6 # 26
	7 # 23
	8 # 54
	9 # 24
	10 # 8
	11 # 21
	12 # 19
	13 # 28
	14 # 25
	15 # 46
	16 # 34
	17 # 31
	18 # 30
	19 # 10
	20 # 22
	21 # 11
	22 # 6
	23 # 41
	24 # 44
	25 # 42
	26 # 29
	27 # 13
Timestep 5:
	0 # 48
	1 # 53
	2 # 59
	3 # 1
	4 # 3
	5 # 4
	6 # 58
	7 # 21
	8 # 54
	9 # 28
	10 # 0
	11 # 20
	12 # 19
	13 # 12
	14 # 17
	15 # 38
	16 # 50
	17 # 23
	18 # 62
	19 # 14
	20 # 18
	21 # 43
	22 # 22
	23 # 45
	24 # 44
	25 # 46
	26 # 31
	27 # 9

