Solution makespan:5
Timestep 0:
	0 # 48
	1 # 52
	2 # 25
	3 # 18
	4 # 34
	5 # 17
	6 # 54
	7 # 45
	8 # 12
	9 # 1
	10 # 31
	11 # 38
	12 # 0
	13 # 9
	14 # 49
	15 # 35
Timestep 1:
	0 # 56
	1 # 53
	2 # 27
	3 # 50
	4 # 35
	5 # 16
	6 # 62
	7 # 61
	8 # 12
	9 # 1
	10 # 29
	11 # 46
	12 # 2
	13 # 25
	14 # 17
	15 # 51
Timestep 2:
	0 # 40
	1 # 55
	2 # 31
	3 # 48
	4 # 43
	5 # 16
	6 # 60
	7 # 57
	8 # 14
	9 # 17
	10 # 21
	11 # 46
	12 # 34
	13 # 29
	14 # 19
	15 # 51
Timestep 3:
	0 # 41
	1 # 63
	2 # 15
	3 # 48
	4 # 47
	5 # 16
	6 # 44
	7 # 25
	8 # 6
	9 # 1
	10 # 20
	11 # 46
	12 # 2
	13 # 61
	14 # 18
	15 # 55
Timestep 4:
	0 # 45
	1 # 55
	2 # 7
	3 # 16
	4 # 46
	5 # 17
	6 # 44
	7 # 29
	8 # 2
	9 # 33
	10 # 20
	11 # 62
	12 # 3
	13 # 57
	14 # 19
	15 # 23
Timestep 5:
	0 # 47
	1 # 53
	2 # 39
	3 # 24
	4 # 44
	5 # 17
	6 # 36
	7 # 29
	8 # 6
	9 # 32
	10 # 16
	11 # 30
	12 # 11
	13 # 49
	14 # 23
	15 # 21

