Solution makespan:6
Timestep 0:
	0 # 5
	1 # 55
	2 # 13
	3 # 48
	4 # 18
	5 # 17
	6 # 50
	7 # 57
	8 # 11
	9 # 29
	10 # 45
	11 # 33
	12 # 40
	13 # 1
	14 # 26
	15 # 10
	16 # 62
	17 # 59
	18 # 53
	19 # 60
	20 # 27
	21 # 49
	22 # 9
	23 # 2
	24 # 38
	25 # 6
	26 # 54
	27 # 28
Timestep 1:
	0 # 13
	1 # 55
	2 # 12
	3 # 56
	4 # 22
	5 # 17
	6 # 51
	7 # 49
	8 # 15
	9 # 25
	10 # 61
	11 # 32
	12 # 8
	13 # 0
	14 # 24
	15 # 11
	16 # 54
	17 # 57
	18 # 53
	19 # 52
	20 # 59
	21 # 33
	22 # 1
	23 # 34
	24 # 39
	25 # 7
	26 # 38
	27 # 60
Timestep 2:
	0 # 45
	1 # 39
	2 # 12
	3 # 58
	4 # 30
	5 # 25
	6 # 35
	7 # 49
	8 # 14
	9 # 27
	10 # 63
	11 # 34
	12 # 8
	13 # 16
	14 # 56
	15 # 3
	16 # 50
	17 # 57
	18 # 55
	19 # 54
	20 # 43
	21 # 41
	22 # 0
	23 # 42
	24 # 47
	25 # 23
	26 # 38
	27 # 44
Timestep 3:
	0 # 13
	1 # 7
	2 # 44
	3 # 26
	4 # 31
	5 # 17
	6 # 33
	7 # 53
	8 # 6
	9 # 59
	10 # 62
	11 # 34
	12 # 10
	13 # 24
	14 # 48
	15 # 35
	16 # 18
	17 # 49
	18 # 55
	19 # 50
	20 # 42
	21 # 57
	22 # 8
	23 # 40
	24 # 47
	25 # 23
	26 # 36
	27 # 46
Timestep 4:
	0 # 45
	1 # 39
	2 # 36
	3 # 30
	4 # 15
	5 # 16
	6 # 37
	7 # 55
	8 # 38
	9 # 58
	10 # 62
	11 # 2
	12 # 14
	13 # 26
	14 # 52
	15 # 35
	16 # 22
	17 # 33
	18 # 51
	19 # 34
	20 # 10
	21 # 57
	22 # 40
	23 # 41
	24 # 63
	25 # 7
	26 # 4
	27 # 46
Timestep 5:
	0 # 13
	1 # 47
	2 # 32
	3 # 14
	4 # 31
	5 # 0
	6 # 36
	7 # 51
	8 # 46
	9 # 56
	10 # 30
	11 # 2
	12 # 12
	13 # 10
	14 # 53
	15 # 35
	16 # 54
	17 # 37
	18 # 49
	19 # 50
	20 # 11
	21 # 59
	22 # 8
	23 # 41
	24 # 55
	25 # 3
	26 # 6
	27 # 42
Timestep 6:
	0 # 12
	1 # 63
	2 # 33
	3 # 15
	4 # 31
	5 # 4
	6 # 32
	7 # 51
	8 # 46
	9 # 24
	10 # 62
	11 # 0
	12 # 44
	13 # 2
	14 # 37
	15 # 34
	16 # 52
	17 # 5
	18 # 17
	19 # 48
	20 # 27
	21 # 58
	22 # 8
	23 # 57
	24 # 54
	25 # 3
	26 # 38
	27 # 40

