Solution makespan:5
Timestep 0:
	0 # 41
	1 # 59
	2 # 28
	3 # 38
	4 # 33
	5 # 53
	6 # 30
	7 # 4
	8 # 35
	9 # 40
	10 # 14
	11 # 25
	12 # 2
	13 # 60
	14 # 51
	15 # 37
	16 # 52
	17 # 29
	18 # 34
	19 # 16
	20 # 18
	21 # 1
	22 # 50
	23 # 56
Timestep 1:
	0 # 41
	1 # 57
	2 # 12
	3 # 36
	4 # 37
	5 # 49
	6 # 31
	7 # 6
	8 # 39
	9 # 32
	10 # 10
	11 # 9
	12 # 0
	13 # 62
	14 # 59
	15 # 45
	16 # 52
	17 # 61
	18 # 42
	19 # 16
	20 # 19
	21 # 3
	22 # 48
	23 # 24
Timestep 2:
	0 # 40
	1 # 57
	2 # 13
	3 # 4
	4 # 33
	5 # 49
	6 # 15
	7 # 14
	8 # 38
	9 # 34
	10 # 2
	11 # 1
	12 # 32
	13 # 54
	14 # 59
	15 # 41
	16 # 20
	17 # 63
	18 # 10
	19 # 17
	20 # 3
	21 # 7
	22 # 16
	23 # 28
Timestep 3:
	0 # 32
	1 # 49
	2 # 45
	3 # 0
	4 # 35
	5 # 33
	6 # 11
	7 # 12
	8 # 46
	9 # 34
	10 # 10
	11 # 9
	12 # 36
	13 # 62
	14 # 27
	15 # 41
	16 # 20
	17 # 63
	18 # 26
	19 # 25
	20 # 19
	21 # 15
	22 # 16
	23 # 30
Timestep 4:
	0 # 48
	1 # 51
	2 # 37
	3 # 0
	4 # 43
	5 # 33
	6 # 3
	7 # 13
	8 # 44
	9 # 38
	10 # 10
	11 # 8
	12 # 36
	13 # 46
	14 # 11
	15 # 9
	16 # 52
	17 # 31
	18 # 26
	19 # 29
	20 # 23
	21 # 47
	22 # 24
	23 # 22
Timestep 5:
	0 # 56
	1 # 50
	2 # 36
	3 # 32
	4 # 42
	5 # 37
	6 # 3
	7 # 45
	8 # 60
	9 # 6
	10 # 2
	11 # 24
	12 # 4
	13 # 38
	14 # 15
	15 # 41
	16 # 53
	17 # 30
	18 # 27
	19 # 61
	20 # 31
	21 # 47
	22 # 16
	23 # 18

