Solution makespan:5
Timestep 0:
	0 # 22
	1 # 7
	2 # 37
	3 # 11
	4 # 21
	5 # 43
	6 # 1
	7 # 50
	8 # 16
	9 # 4
	10 # 42
	11 # 44
	12 # 53
	13 # 54
	14 # 41
	15 # 5
Timestep 1:
	0 # 22
	1 # 39
	2 # 53
	3 # 27
	4 # 23
	5 # 47
	6 # 17
	7 # 48
	8 # 24
	9 # 12
	10 # 42
	11 # 45
	12 # 55
	13 # 62
	14 # 41
	15 # 7
Timestep 2:
	0 # 20
	1 # 47
	2 # 53
	3 # 25
	4 # 55
	5 # 45
	6 # 49
	7 # 52
	8 # 56
	9 # 28
	10 # 10
	11 # 13
	12 # 51
	13 # 54
	14 # 9
	15 # 15
Timestep 3:
	0 # 21
	1 # 45
	2 # 37
	3 # 57
	4 # 39
	5 # 41
	6 # 53
	7 # 60
	8 # 56
	9 # 20
	10 # 8
	11 # 29
	12 # 59
	13 # 62
	14 # 13
	15 # 11
Timestep 4:
	0 # 29
	1 # 45
	2 # 39
	3 # 56
	4 # 35
	5 # 33
	6 # 55
	7 # 61
	8 # 48
	9 # 52
	10 # 0
	11 # 31
	12 # 59
	13 # 30
	14 # 13
	15 # 27
Timestep 5:
	0 # 61
	1 # 41
	2 # 47
	3 # 60
	4 # 43
	5 # 33
	6 # 39
	7 # 57
	8 # 50
	9 # 52
	10 # 4
	11 # 31
	12 # 51
	13 # 22
	14 # 9
	15 # 25

