Solution makespan:5
Timestep 0:
	0 # 22
	1 # 4
	2 # 49
	3 # 11
	4 # 50
	5 # 10
	6 # 51
	7 # 54
	8 # 25
	9 # 59
	10 # 18
	11 # 28
	12 # 8
	13 # 53
	14 # 32
	15 # 52
	16 # 27
	17 # 34
	18 # 60
	19 # 62
Timestep 1:
	0 # 20
	1 # 36
	2 # 57
	3 # 27
	4 # 34
	5 # 26
	6 # 35
	7 # 50
	8 # 9
	9 # 63
	10 # 2
	11 # 12
	12 # 40
	13 # 21
	14 # 0
	15 # 53
	16 # 19
	17 # 42
	18 # 62
	19 # 30
Timestep 2:
	0 # 28
	1 # 37
	2 # 59
	3 # 27
	4 # 38
	5 # 24
	6 # 35
	7 # 51
	8 # 9
	9 # 31
	10 # 10
	11 # 14
	12 # 32
	13 # 17
	14 # 1
	15 # 55
	16 # 18
	17 # 40
	18 # 30
	19 # 22
Timestep 3:
	0 # 12
	1 # 39
	2 # 27
	3 # 26
	4 # 36
	5 # 25
	6 # 3
	7 # 35
	8 # 41
	9 # 29
	10 # 42
	11 # 46
	12 # 34
	13 # 21
	14 # 1
	15 # 23
	16 # 18
	17 # 8
	18 # 30
	19 # 22
Timestep 4:
	0 # 44
	1 # 37
	2 # 27
	3 # 26
	4 # 36
	5 # 25
	6 # 19
	7 # 35
	8 # 33
	9 # 21
	10 # 42
	11 # 38
	12 # 34
	13 # 20
	14 # 17
	15 # 31
	16 # 16
	17 # 24
	18 # 28
	19 # 23
Timestep 5:
	0 # 40
	1 # 39
	2 # 19
	3 # 10
	4 # 32
	5 # 9
	6 # 17
	7 # 3
	8 # 35
	9 # 20
	10 # 46
	11 # 6
	12 # 50
	13 # 4
	14 # 1
	15 # 31
	16 # 48
	17 # 25
	18 # 60
	19 # 21

