Solution makespan:5
Timestep 0:
	0 # 53
	1 # 9
	2 # 41
	3 # 48
	4 # 1
	5 # 34
	6 # 11
	7 # 51
	8 # 26
	9 # 50
	10 # 57
	11 # 24
	12 # 49
	13 # 17
	14 # 43
	15 # 54
Timestep 1:
	0 # 55
	1 # 9
	2 # 33
	3 # 52
	4 # 0
	5 # 32
	6 # 15
	7 # 19
	8 # 10
	9 # 58
	10 # 57
	11 # 26
	12 # 51
	13 # 25
	14 # 41
	15 # 38
Timestep 2:
	0 # 51
	1 # 8
	2 # 35
	3 # 54
	4 # 1
	5 # 32
	6 # 13
	7 # 3
	8 # 14
	9 # 42
	10 # 49
	11 # 18
	12 # 50
	13 # 24
	14 # 9
	15 # 34
Timestep 3:
	0 # 50
	1 # 12
	2 # 39
	3 # 38
	4 # 33
	5 # 0
	6 # 45
	7 # 11
	8 # 15
	9 # 46
	10 # 48
	11 # 19
	12 # 58
	13 # 26
	14 # 41
	15 # 2
Timestep 4:
	0 # 34
	1 # 12
	2 # 47
	3 # 6
	4 # 49
	5 # 8
	6 # 41
	7 # 11
	8 # 7
	9 # 38
	10 # 52
	11 # 51
	12 # 50
	13 # 18
	14 # 40
	15 # 10
Timestep 5:
	0 # 42
	1 # 13
	2 # 39
	3 # 14
	4 # 48
	5 # 40
	6 # 43
	7 # 15
	8 # 3
	9 # 34
	10 # 36
	11 # 59
	12 # 58
	13 # 26
	14 # 32
	15 # 10

