Solution makespan:6
Timestep 0:
	0 # 34
	1 # 17
	2 # 54
	3 # 45
	4 # 12
	5 # 1
	6 # 31
	7 # 38
	8 # 0
	9 # 9
	10 # 49
	11 # 35
Timestep 1:
	0 # 35
	1 # 1
	2 # 50
	3 # 61
	4 # 14
	5 # 5
	6 # 30
	7 # 39
	8 # 4
	9 # 13
	10 # 51
	11 # 43
Timestep 2:
	0 # 51
	1 # 0
	2 # 50
	3 # 60
	4 # 46
	5 # 1
	6 # 26
	7 # 37
	8 # 4
	9 # 12
	10 # 55
	11 # 47
Timestep 3:
	0 # 49
	1 # 16
	2 # 51
	3 # 28
	4 # 62
	5 # 33
	6 # 24
	7 # 45
	8 # 4
	9 # 14
	10 # 54
	11 # 63
Timestep 4:
	0 # 53
	1 # 20
	2 # 59
	3 # 60
	4 # 54
	5 # 1
	6 # 56
	7 # 61
	8 # 0
	9 # 46
	10 # 52
	11 # 62
Timestep 5:
	0 # 21
	1 # 4
	2 # 27
	3 # 28
	4 # 22
	5 # 3
	6 # 40
	7 # 29
	8 # 2
	9 # 38
	10 # 20
	11 # 30
Timestep 6:
	0 # 20
	1 # 12
	2 # 31
	3 # 60
	4 # 22
	5 # 7
	6 # 8
	7 # 25
	8 # 2
	9 # 46
	10 # 16
	11 # 14

