Solution makespan:5
Timestep 0:
	0 # 59
	1 # 9
	2 # 26
	3 # 4
	4 # 56
	5 # 44
	6 # 49
	7 # 13
	8 # 53
	9 # 23
	10 # 36
	11 # 43
	12 # 19
	13 # 1
	14 # 25
	15 # 33
Timestep 1:
	0 # 59
	1 # 8
	2 # 18
	3 # 6
	4 # 40
	5 # 60
	6 # 57
	7 # 12
	8 # 37
	9 # 55
	10 # 52
	11 # 35
	12 # 27
	13 # 0
	14 # 9
	15 # 49
Timestep 2:
	0 # 43
	1 # 24
	2 # 2
	3 # 38
	4 # 32
	5 # 44
	6 # 56
	7 # 28
	8 # 39
	9 # 55
	10 # 60
	11 # 34
	12 # 59
	13 # 8
	14 # 11
	15 # 53
Timestep 3:
	0 # 11
	1 # 16
	2 # 0
	3 # 6
	4 # 32
	5 # 12
	6 # 56
	7 # 30
	8 # 39
	9 # 53
	10 # 61
	11 # 38
	12 # 51
	13 # 24
	14 # 10
	15 # 49
Timestep 4:
	0 # 9
	1 # 0
	2 # 4
	3 # 38
	4 # 33
	5 # 14
	6 # 48
	7 # 31
	8 # 35
	9 # 37
	10 # 61
	11 # 46
	12 # 50
	13 # 26
	14 # 42
	15 # 57
Timestep 5:
	0 # 8
	1 # 4
	2 # 36
	3 # 34
	4 # 1
	5 # 10
	6 # 32
	7 # 27
	8 # 35
	9 # 39
	10 # 57
	11 # 44
	12 # 18
	13 # 58
	14 # 46
	15 # 59

