Solution makespan:5
Timestep 0:
	0 # 1
	1 # 62
	2 # 63
	3 # 57
	4 # 45
	5 # 46
	6 # 0
	7 # 10
	8 # 26
	9 # 34
	10 # 50
	11 # 59
Timestep 1:
	0 # 1
	1 # 60
	2 # 47
	3 # 41
	4 # 61
	5 # 44
	6 # 0
	7 # 8
	8 # 30
	9 # 50
	10 # 18
	11 # 63
Timestep 2:
	0 # 9
	1 # 52
	2 # 46
	3 # 45
	4 # 61
	5 # 12
	6 # 4
	7 # 40
	8 # 30
	9 # 54
	10 # 22
	11 # 55
Timestep 3:
	0 # 9
	1 # 20
	2 # 14
	3 # 37
	4 # 29
	5 # 13
	6 # 6
	7 # 32
	8 # 31
	9 # 38
	10 # 22
	11 # 53
Timestep 4:
	0 # 8
	1 # 20
	2 # 15
	3 # 37
	4 # 61
	5 # 45
	6 # 7
	7 # 33
	8 # 63
	9 # 46
	10 # 23
	11 # 21
Timestep 5:
	0 # 40
	1 # 22
	2 # 13
	3 # 39
	4 # 53
	5 # 45
	6 # 6
	7 # 1
	8 # 47
	9 # 14
	10 # 55
	11 # 5

