Solution makespan:5
Timestep 0:
	0 # 15
	1 # 6
	2 # 32
	3 # 8
	4 # 5
	5 # 56
	6 # 16
	7 # 52
	8 # 3
	9 # 38
	10 # 39
	11 # 27
Timestep 1:
	0 # 47
	1 # 6
	2 # 48
	3 # 8
	4 # 21
	5 # 58
	6 # 16
	7 # 36
	8 # 2
	9 # 34
	10 # 7
	11 # 59
Timestep 2:
	0 # 46
	1 # 22
	2 # 48
	3 # 40
	4 # 20
	5 # 56
	6 # 24
	7 # 4
	8 # 18
	9 # 32
	10 # 39
	11 # 58
Timestep 3:
	0 # 62
	1 # 18
	2 # 49
	3 # 44
	4 # 16
	5 # 57
	6 # 56
	7 # 6
	8 # 26
	9 # 0
	10 # 37
	11 # 50
Timestep 4:
	0 # 62
	1 # 26
	2 # 57
	3 # 36
	4 # 0
	5 # 25
	6 # 60
	7 # 7
	8 # 30
	9 # 8
	10 # 53
	11 # 34
Timestep 5:
	0 # 58
	1 # 24
	2 # 57
	3 # 52
	4 # 1
	5 # 27
	6 # 44
	7 # 7
	8 # 28
	9 # 9
	10 # 61
	11 # 42

