Solution makespan:6
Timestep 0:
	0 # 33
	1 # 30
	2 # 20
	3 # 42
	4 # 62
	5 # 50
	6 # 16
	7 # 37
	8 # 48
	9 # 52
	10 # 25
	11 # 18
	12 # 34
	13 # 17
	14 # 54
	15 # 45
	16 # 12
	17 # 1
	18 # 31
	19 # 38
	20 # 0
	21 # 9
	22 # 49
	23 # 35
Timestep 1:
	0 # 49
	1 # 14
	2 # 22
	3 # 43
	4 # 58
	5 # 54
	6 # 16
	7 # 5
	8 # 32
	9 # 53
	10 # 9
	11 # 18
	12 # 38
	13 # 19
	14 # 52
	15 # 44
	16 # 13
	17 # 0
	18 # 63
	19 # 46
	20 # 4
	21 # 1
	22 # 51
	23 # 39
Timestep 2:
	0 # 48
	1 # 12
	2 # 54
	3 # 59
	4 # 58
	5 # 38
	6 # 0
	7 # 21
	8 # 34
	9 # 49
	10 # 8
	11 # 26
	12 # 6
	13 # 3
	14 # 20
	15 # 60
	16 # 29
	17 # 2
	18 # 61
	19 # 44
	20 # 5
	21 # 17
	22 # 55
	23 # 7
Timestep 3:
	0 # 16
	1 # 13
	2 # 62
	3 # 27
	4 # 56
	5 # 36
	6 # 32
	7 # 23
	8 # 42
	9 # 33
	10 # 10
	11 # 24
	12 # 14
	13 # 35
	14 # 28
	15 # 60
	16 # 31
	17 # 34
	18 # 29
	19 # 12
	20 # 7
	21 # 21
	22 # 55
	23 # 15
Timestep 4:
	0 # 16
	1 # 5
	2 # 30
	3 # 27
	4 # 40
	5 # 37
	6 # 34
	7 # 22
	8 # 43
	9 # 41
	10 # 26
	11 # 25
	12 # 46
	13 # 33
	14 # 24
	15 # 28
	16 # 31
	17 # 38
	18 # 61
	19 # 12
	20 # 39
	21 # 29
	22 # 23
	23 # 7
Timestep 5:
	0 # 20
	1 # 21
	2 # 28
	3 # 25
	4 # 42
	5 # 45
	6 # 32
	7 # 54
	8 # 11
	9 # 41
	10 # 18
	11 # 17
	12 # 14
	13 # 1
	14 # 16
	15 # 12
	16 # 23
	17 # 38
	18 # 57
	19 # 8
	20 # 55
	21 # 31
	22 # 7
	23 # 5
Timestep 6:
	0 # 52
	1 # 53
	2 # 20
	3 # 24
	4 # 43
	5 # 13
	6 # 40
	7 # 38
	8 # 15
	9 # 45
	10 # 26
	11 # 21
	12 # 30
	13 # 33
	14 # 0
	15 # 44
	16 # 19
	17 # 39
	18 # 59
	19 # 12
	20 # 51
	21 # 27
	22 # 5
	23 # 37

