Solution makespan:6
Timestep 0:
	0 # 29
	1 # 7
	2 # 35
	3 # 17
	4 # 23
	5 # 9
	6 # 33
	7 # 28
	8 # 8
	9 # 60
	10 # 43
	11 # 39
	12 # 52
	13 # 0
	14 # 62
	15 # 3
	16 # 61
	17 # 10
	18 # 40
	19 # 53
Timestep 1:
	0 # 25
	1 # 3
	2 # 43
	3 # 16
	4 # 19
	5 # 11
	6 # 49
	7 # 20
	8 # 9
	9 # 44
	10 # 42
	11 # 7
	12 # 36
	13 # 4
	14 # 58
	15 # 2
	16 # 45
	17 # 10
	18 # 40
	19 # 21
Timestep 2:
	0 # 17
	1 # 35
	2 # 11
	3 # 48
	4 # 3
	5 # 10
	6 # 51
	7 # 21
	8 # 9
	9 # 12
	10 # 46
	11 # 6
	12 # 37
	13 # 5
	14 # 56
	15 # 2
	16 # 45
	17 # 26
	18 # 32
	19 # 23
Timestep 3:
	0 # 25
	1 # 3
	2 # 10
	3 # 16
	4 # 2
	5 # 42
	6 # 51
	7 # 21
	8 # 1
	9 # 13
	10 # 14
	11 # 6
	12 # 45
	13 # 7
	14 # 48
	15 # 0
	16 # 47
	17 # 30
	18 # 36
	19 # 55
Timestep 4:
	0 # 27
	1 # 3
	2 # 2
	3 # 0
	4 # 34
	5 # 58
	6 # 59
	7 # 5
	8 # 33
	9 # 13
	10 # 12
	11 # 38
	12 # 37
	13 # 23
	14 # 16
	15 # 8
	16 # 43
	17 # 28
	18 # 52
	19 # 63
Timestep 5:
	0 # 59
	1 # 19
	2 # 0
	3 # 32
	4 # 42
	5 # 50
	6 # 57
	7 # 21
	8 # 37
	9 # 5
	10 # 44
	11 # 6
	12 # 36
	13 # 22
	14 # 18
	15 # 12
	16 # 41
	17 # 20
	18 # 54
	19 # 47
Timestep 6:
	0 # 43
	1 # 51
	2 # 0
	3 # 36
	4 # 58
	5 # 54
	6 # 25
	7 # 29
	8 # 45
	9 # 37
	10 # 12
	11 # 6
	12 # 38
	13 # 22
	14 # 2
	15 # 4
	16 # 9
	17 # 28
	18 # 55
	19 # 63

