Solution makespan:5
Timestep 0:
	0 # 7
	1 # 18
	2 # 1
	3 # 32
	4 # 36
	5 # 10
	6 # 20
	7 # 43
	8 # 21
	9 # 33
	10 # 24
	11 # 44
	12 # 17
	13 # 40
	14 # 52
	15 # 27
	16 # 28
	17 # 11
	18 # 19
	19 # 58
Timestep 1:
	0 # 7
	1 # 50
	2 # 9
	3 # 48
	4 # 37
	5 # 11
	6 # 16
	7 # 47
	8 # 53
	9 # 35
	10 # 25
	11 # 36
	12 # 17
	13 # 44
	14 # 60
	15 # 31
	16 # 20
	17 # 15
	18 # 3
	19 # 42
Timestep 2:
	0 # 39
	1 # 58
	2 # 13
	3 # 16
	4 # 5
	5 # 9
	6 # 24
	7 # 63
	8 # 37
	9 # 3
	10 # 29
	11 # 38
	12 # 25
	13 # 46
	14 # 61
	15 # 30
	16 # 4
	17 # 47
	18 # 1
	19 # 34
Timestep 3:
	0 # 38
	1 # 42
	2 # 15
	3 # 17
	4 # 21
	5 # 41
	6 # 8
	7 # 61
	8 # 39
	9 # 3
	10 # 29
	11 # 34
	12 # 57
	13 # 44
	14 # 45
	15 # 62
	16 # 6
	17 # 47
	18 # 5
	19 # 32
Timestep 4:
	0 # 38
	1 # 43
	2 # 31
	3 # 17
	4 # 23
	5 # 33
	6 # 12
	7 # 60
	8 # 47
	9 # 11
	10 # 21
	11 # 35
	12 # 59
	13 # 40
	14 # 45
	15 # 58
	16 # 7
	17 # 46
	18 # 13
	19 # 32
Timestep 5:
	0 # 36
	1 # 35
	2 # 27
	3 # 49
	4 # 19
	5 # 37
	6 # 28
	7 # 60
	8 # 43
	9 # 9
	10 # 5
	11 # 3
	12 # 51
	13 # 41
	14 # 45
	15 # 56
	16 # 23
	17 # 44
	18 # 13
	19 # 40

