Solution makespan:5
Timestep 0:
	0 # 55
	1 # 8
	2 # 21
	3 # 1
	4 # 18
	5 # 5
	6 # 24
	7 # 29
	8 # 40
	9 # 20
	10 # 11
	11 # 13
	12 # 15
	13 # 28
	14 # 6
	15 # 49
Timestep 1:
	0 # 23
	1 # 12
	2 # 53
	3 # 3
	4 # 50
	5 # 7
	6 # 26
	7 # 29
	8 # 56
	9 # 16
	10 # 27
	11 # 9
	12 # 14
	13 # 20
	14 # 6
	15 # 57
Timestep 2:
	0 # 21
	1 # 44
	2 # 55
	3 # 35
	4 # 54
	5 # 39
	6 # 10
	7 # 25
	8 # 40
	9 # 0
	10 # 31
	11 # 11
	12 # 14
	13 # 52
	14 # 6
	15 # 41
Timestep 3:
	0 # 5
	1 # 45
	2 # 63
	3 # 33
	4 # 62
	5 # 47
	6 # 42
	7 # 24
	8 # 41
	9 # 0
	10 # 29
	11 # 43
	12 # 6
	13 # 48
	14 # 2
	15 # 57
Timestep 4:
	0 # 7
	1 # 37
	2 # 31
	3 # 1
	4 # 30
	5 # 45
	6 # 34
	7 # 28
	8 # 33
	9 # 32
	10 # 29
	11 # 47
	12 # 4
	13 # 50
	14 # 2
	15 # 41
Timestep 5:
	0 # 7
	1 # 53
	2 # 23
	3 # 5
	4 # 62
	5 # 41
	6 # 2
	7 # 20
	8 # 49
	9 # 40
	10 # 21
	11 # 46
	12 # 12
	13 # 58
	14 # 6
	15 # 9

