Solution makespan:5
Timestep 0:
	0 # 50
	1 # 53
	2 # 58
	3 # 29
	4 # 1
	5 # 42
	6 # 0
	7 # 49
	8 # 60
	9 # 61
	10 # 6
	11 # 56
	12 # 16
	13 # 51
	14 # 47
	15 # 48
	16 # 36
	17 # 62
	18 # 19
	19 # 27
	20 # 2
	21 # 46
	22 # 9
	23 # 44
	24 # 12
	25 # 33
	26 # 23
	27 # 11
	28 # 55
	29 # 41
	30 # 37
	31 # 8
Timestep 1:
	0 # 54
	1 # 21
	2 # 62
	3 # 29
	4 # 3
	5 # 46
	6 # 0
	7 # 51
	8 # 60
	9 # 53
	10 # 6
	11 # 24
	12 # 17
	13 # 59
	14 # 45
	15 # 56
	16 # 52
	17 # 63
	18 # 23
	19 # 11
	20 # 2
	21 # 44
	22 # 25
	23 # 36
	24 # 28
	25 # 37
	26 # 31
	27 # 10
	28 # 39
	29 # 57
	30 # 5
	31 # 40
Timestep 2:
	0 # 55
	1 # 5
	2 # 54
	3 # 28
	4 # 11
	5 # 47
	6 # 32
	7 # 19
	8 # 56
	9 # 52
	10 # 38
	11 # 16
	12 # 17
	13 # 27
	14 # 13
	15 # 24
	16 # 48
	17 # 61
	18 # 21
	19 # 15
	20 # 34
	21 # 60
	22 # 25
	23 # 36
	24 # 20
	25 # 39
	26 # 63
	27 # 26
	28 # 35
	29 # 59
	30 # 7
	31 # 41
Timestep 3:
	0 # 55
	1 # 5
	2 # 50
	3 # 12
	4 # 10
	5 # 45
	6 # 48
	7 # 17
	8 # 60
	9 # 36
	10 # 34
	11 # 0
	12 # 49
	13 # 31
	14 # 13
	15 # 25
	16 # 16
	17 # 61
	18 # 21
	19 # 7
	20 # 42
	21 # 28
	22 # 57
	23 # 37
	24 # 22
	25 # 39
	26 # 47
	27 # 30
	28 # 33
	29 # 58
	30 # 3
	31 # 43
Timestep 4:
	0 # 54
	1 # 5
	2 # 18
	3 # 12
	4 # 10
	5 # 44
	6 # 32
	7 # 16
	8 # 56
	9 # 4
	10 # 2
	11 # 8
	12 # 33
	13 # 29
	14 # 15
	15 # 27
	16 # 20
	17 # 53
	18 # 21
	19 # 23
	20 # 42
	21 # 30
	22 # 49
	23 # 37
	24 # 22
	25 # 35
	26 # 45
	27 # 26
	28 # 1
	29 # 50
	30 # 7
	31 # 43
Timestep 5:
	0 # 38
	1 # 13
	2 # 19
	3 # 14
	4 # 26
	5 # 46
	6 # 32
	7 # 48
	8 # 56
	9 # 6
	10 # 2
	11 # 40
	12 # 1
	13 # 61
	14 # 31
	15 # 59
	16 # 52
	17 # 37
	18 # 53
	19 # 55
	20 # 34
	21 # 62
	22 # 51
	23 # 36
	24 # 54
	25 # 39
	26 # 41
	27 # 24
	28 # 0
	29 # 58
	30 # 15
	31 # 42

