Solution makespan:6
Timestep 0:
	0 # 51
	1 # 47
	2 # 16
	3 # 58
	4 # 32
	5 # 45
	6 # 37
	7 # 26
	8 # 42
	9 # 24
	10 # 14
	11 # 43
	12 # 29
	13 # 55
	14 # 8
	15 # 30
	16 # 35
	17 # 44
	18 # 19
	19 # 53
	20 # 11
	21 # 39
	22 # 27
	23 # 63
	24 # 28
	25 # 7
	26 # 50
	27 # 56
	28 # 59
	29 # 34
	30 # 1
	31 # 6
Timestep 1:
	0 # 19
	1 # 39
	2 # 17
	3 # 50
	4 # 34
	5 # 44
	6 # 36
	7 # 24
	8 # 46
	9 # 16
	10 # 15
	11 # 59
	12 # 13
	13 # 55
	14 # 40
	15 # 30
	16 # 33
	17 # 12
	18 # 18
	19 # 49
	20 # 27
	21 # 37
	22 # 26
	23 # 63
	24 # 60
	25 # 23
	26 # 54
	27 # 57
	28 # 51
	29 # 2
	30 # 1
	31 # 7
Timestep 2:
	0 # 19
	1 # 35
	2 # 21
	3 # 34
	4 # 42
	5 # 36
	6 # 32
	7 # 56
	8 # 46
	9 # 20
	10 # 11
	11 # 57
	12 # 45
	13 # 39
	14 # 40
	15 # 31
	16 # 49
	17 # 28
	18 # 2
	19 # 17
	20 # 26
	21 # 53
	22 # 18
	23 # 59
	24 # 52
	25 # 7
	26 # 55
	27 # 41
	28 # 51
	29 # 10
	30 # 9
	31 # 3
Timestep 3:
	0 # 27
	1 # 3
	2 # 21
	3 # 38
	4 # 42
	5 # 4
	6 # 34
	7 # 60
	8 # 44
	9 # 52
	10 # 10
	11 # 61
	12 # 45
	13 # 37
	14 # 41
	15 # 29
	16 # 51
	17 # 24
	18 # 2
	19 # 19
	20 # 26
	21 # 55
	22 # 50
	23 # 57
	24 # 54
	25 # 15
	26 # 63
	27 # 43
	28 # 35
	29 # 14
	30 # 13
	31 # 1
Timestep 4:
	0 # 26
	1 # 3
	2 # 29
	3 # 39
	4 # 42
	5 # 12
	6 # 38
	7 # 62
	8 # 40
	9 # 54
	10 # 2
	11 # 53
	12 # 37
	13 # 33
	14 # 45
	15 # 25
	16 # 50
	17 # 16
	18 # 0
	19 # 19
	20 # 58
	21 # 55
	22 # 48
	23 # 57
	24 # 22
	25 # 15
	26 # 47
	27 # 43
	28 # 35
	29 # 14
	30 # 5
	31 # 9
Timestep 5:
	0 # 26
	1 # 2
	2 # 31
	3 # 39
	4 # 46
	5 # 28
	6 # 6
	7 # 60
	8 # 32
	9 # 55
	10 # 0
	11 # 52
	12 # 33
	13 # 1
	14 # 45
	15 # 57
	16 # 51
	17 # 18
	18 # 8
	19 # 17
	20 # 59
	21 # 23
	22 # 48
	23 # 41
	24 # 30
	25 # 13
	26 # 15
	27 # 42
	28 # 34
	29 # 12
	30 # 21
	31 # 11
Timestep 6:
	0 # 24
	1 # 18
	2 # 63
	3 # 35
	4 # 14
	5 # 29
	6 # 6
	7 # 44
	8 # 36
	9 # 55
	10 # 0
	11 # 60
	12 # 41
	13 # 1
	14 # 61
	15 # 25
	16 # 49
	17 # 19
	18 # 10
	19 # 16
	20 # 57
	21 # 23
	22 # 56
	23 # 43
	24 # 62
	25 # 9
	26 # 11
	27 # 58
	28 # 38
	29 # 28
	30 # 20
	31 # 3

