Solution makespan:4
Timestep 0:
	0 # 16
	1 # 53
	2 # 10
	3 # 7
	4 # 26
	5 # 13
	6 # 9
	7 # 62
	8 # 2
	9 # 50
	10 # 61
	11 # 17
Timestep 1:
	0 # 20
	1 # 53
	2 # 42
	3 # 39
	4 # 27
	5 # 13
	6 # 41
	7 # 54
	8 # 3
	9 # 58
	10 # 63
	11 # 1
Timestep 2:
	0 # 22
	1 # 61
	2 # 42
	3 # 55
	4 # 19
	5 # 45
	6 # 33
	7 # 38
	8 # 7
	9 # 59
	10 # 62
	11 # 9
Timestep 3:
	0 # 22
	1 # 29
	2 # 58
	3 # 55
	4 # 51
	5 # 41
	6 # 49
	7 # 39
	8 # 7
	9 # 63
	10 # 30
	11 # 25
Timestep 4:
	0 # 54
	1 # 31
	2 # 59
	3 # 39
	4 # 51
	5 # 40
	6 # 53
	7 # 7
	8 # 15
	9 # 63
	10 # 22
	11 # 17

