Solution makespan:6
Timestep 0:
	0 # 12
	1 # 0
	2 # 16
	3 # 11
	4 # 13
	5 # 51
	6 # 48
	7 # 56
	8 # 63
	9 # 3
	10 # 7
	11 # 22
	12 # 28
	13 # 24
	14 # 33
	15 # 8
	16 # 19
	17 # 58
	18 # 6
	19 # 39
	20 # 44
	21 # 27
	22 # 23
	23 # 53
Timestep 1:
	0 # 44
	1 # 1
	2 # 0
	3 # 27
	4 # 5
	5 # 55
	6 # 56
	7 # 60
	8 # 63
	9 # 3
	10 # 15
	11 # 6
	12 # 29
	13 # 26
	14 # 37
	15 # 10
	16 # 23
	17 # 62
	18 # 4
	19 # 47
	20 # 40
	21 # 59
	22 # 31
	23 # 61
Timestep 2:
	0 # 60
	1 # 9
	2 # 2
	3 # 19
	4 # 21
	5 # 54
	6 # 48
	7 # 52
	8 # 61
	9 # 1
	10 # 14
	11 # 4
	12 # 31
	13 # 18
	14 # 5
	15 # 42
	16 # 7
	17 # 30
	18 # 36
	19 # 47
	20 # 56
	21 # 59
	22 # 15
	23 # 57
Timestep 3:
	0 # 28
	1 # 9
	2 # 6
	3 # 23
	4 # 29
	5 # 52
	6 # 32
	7 # 53
	8 # 61
	9 # 33
	10 # 12
	11 # 20
	12 # 27
	13 # 19
	14 # 21
	15 # 42
	16 # 3
	17 # 30
	18 # 37
	19 # 39
	20 # 60
	21 # 43
	22 # 47
	23 # 25
Timestep 4:
	0 # 30
	1 # 1
	2 # 7
	3 # 23
	4 # 25
	5 # 36
	6 # 34
	7 # 52
	8 # 45
	9 # 49
	10 # 44
	11 # 20
	12 # 26
	13 # 51
	14 # 29
	15 # 46
	16 # 11
	17 # 31
	18 # 33
	19 # 37
	20 # 60
	21 # 42
	22 # 63
	23 # 24
Timestep 5:
	0 # 30
	1 # 3
	2 # 39
	3 # 31
	4 # 57
	5 # 37
	6 # 34
	7 # 54
	8 # 44
	9 # 53
	10 # 40
	11 # 28
	12 # 27
	13 # 55
	14 # 25
	15 # 38
	16 # 43
	17 # 29
	18 # 35
	19 # 33
	20 # 52
	21 # 42
	22 # 47
	23 # 26
Timestep 6:
	0 # 26
	1 # 11
	2 # 7
	3 # 29
	4 # 41
	5 # 5
	6 # 32
	7 # 22
	8 # 36
	9 # 37
	10 # 56
	11 # 12
	12 # 27
	13 # 23
	14 # 57
	15 # 6
	16 # 47
	17 # 28
	18 # 39
	19 # 49
	20 # 53
	21 # 10
	22 # 45
	23 # 24

