Solution makespan:5
Timestep 0:
	0 # 57
	1 # 8
	2 # 22
	3 # 48
	4 # 52
	5 # 2
	6 # 13
	7 # 56
	8 # 16
	9 # 18
	10 # 30
	11 # 38
	12 # 7
	13 # 6
	14 # 53
	15 # 43
	16 # 40
	17 # 33
	18 # 62
	19 # 14
	20 # 61
	21 # 47
	22 # 28
	23 # 27
Timestep 1:
	0 # 56
	1 # 9
	2 # 20
	3 # 52
	4 # 60
	5 # 3
	6 # 29
	7 # 58
	8 # 0
	9 # 19
	10 # 22
	11 # 34
	12 # 7
	13 # 2
	14 # 49
	15 # 59
	16 # 8
	17 # 1
	18 # 54
	19 # 14
	20 # 63
	21 # 39
	22 # 30
	23 # 26
Timestep 2:
	0 # 40
	1 # 13
	2 # 20
	3 # 52
	4 # 28
	5 # 1
	6 # 61
	7 # 58
	8 # 4
	9 # 3
	10 # 6
	11 # 42
	12 # 15
	13 # 34
	14 # 53
	15 # 27
	16 # 0
	17 # 17
	18 # 38
	19 # 12
	20 # 59
	21 # 7
	22 # 14
	23 # 10
Timestep 3:
	0 # 42
	1 # 5
	2 # 4
	3 # 36
	4 # 29
	5 # 33
	6 # 60
	7 # 50
	8 # 0
	9 # 3
	10 # 2
	11 # 43
	12 # 47
	13 # 35
	14 # 55
	15 # 11
	16 # 32
	17 # 19
	18 # 6
	19 # 28
	20 # 27
	21 # 15
	22 # 30
	23 # 8
Timestep 4:
	0 # 42
	1 # 37
	2 # 12
	3 # 4
	4 # 29
	5 # 41
	6 # 52
	7 # 51
	8 # 16
	9 # 7
	10 # 0
	11 # 43
	12 # 15
	13 # 33
	14 # 39
	15 # 11
	16 # 34
	17 # 3
	18 # 6
	19 # 24
	20 # 26
	21 # 14
	22 # 31
	23 # 40
Timestep 5:
	0 # 34
	1 # 45
	2 # 12
	3 # 20
	4 # 61
	5 # 9
	6 # 54
	7 # 49
	8 # 0
	9 # 23
	10 # 1
	11 # 41
	12 # 13
	13 # 33
	14 # 38
	15 # 27
	16 # 50
	17 # 7
	18 # 22
	19 # 56
	20 # 58
	21 # 10
	22 # 63
	23 # 42

