Solution makespan:6
Timestep 0:
	0 # 15
	1 # 63
	2 # 61
	3 # 43
	4 # 44
	5 # 29
	6 # 60
	7 # 24
	8 # 30
	9 # 39
	10 # 42
	11 # 1
	12 # 37
	13 # 31
	14 # 25
	15 # 12
	16 # 3
	17 # 56
	18 # 4
	19 # 2
	20 # 40
	21 # 21
	22 # 27
	23 # 34
Timestep 1:
	0 # 47
	1 # 61
	2 # 57
	3 # 35
	4 # 46
	5 # 21
	6 # 44
	7 # 16
	8 # 14
	9 # 37
	10 # 10
	11 # 9
	12 # 53
	13 # 31
	14 # 27
	15 # 8
	16 # 7
	17 # 48
	18 # 12
	19 # 3
	20 # 42
	21 # 20
	22 # 11
	23 # 34
Timestep 2:
	0 # 39
	1 # 45
	2 # 41
	3 # 51
	4 # 14
	5 # 20
	6 # 12
	7 # 0
	8 # 10
	9 # 36
	10 # 26
	11 # 13
	12 # 53
	13 # 15
	14 # 59
	15 # 40
	16 # 7
	17 # 50
	18 # 28
	19 # 35
	20 # 34
	21 # 16
	22 # 43
	23 # 2
Timestep 3:
	0 # 37
	1 # 45
	2 # 41
	3 # 51
	4 # 46
	5 # 4
	6 # 8
	7 # 1
	8 # 42
	9 # 44
	10 # 27
	11 # 29
	12 # 21
	13 # 13
	14 # 57
	15 # 56
	16 # 23
	17 # 34
	18 # 30
	19 # 33
	20 # 32
	21 # 16
	22 # 59
	23 # 18
Timestep 4:
	0 # 53
	1 # 47
	2 # 43
	3 # 35
	4 # 14
	5 # 4
	6 # 9
	7 # 5
	8 # 34
	9 # 44
	10 # 27
	11 # 31
	12 # 23
	13 # 45
	14 # 59
	15 # 60
	16 # 22
	17 # 38
	18 # 62
	19 # 32
	20 # 48
	21 # 18
	22 # 63
	23 # 50
Timestep 5:
	0 # 21
	1 # 43
	2 # 42
	3 # 33
	4 # 6
	5 # 0
	6 # 1
	7 # 4
	8 # 32
	9 # 12
	10 # 19
	11 # 30
	12 # 22
	13 # 37
	14 # 27
	15 # 52
	16 # 20
	17 # 38
	18 # 46
	19 # 40
	20 # 49
	21 # 26
	22 # 47
	23 # 48
Timestep 6:
	0 # 29
	1 # 42
	2 # 34
	3 # 41
	4 # 7
	5 # 16
	6 # 5
	7 # 36
	8 # 0
	9 # 28
	10 # 18
	11 # 62
	12 # 6
	13 # 39
	14 # 11
	15 # 60
	16 # 22
	17 # 54
	18 # 46
	19 # 56
	20 # 57
	21 # 58
	22 # 43
	23 # 50

