Solution makespan:6
Timestep 0:
	0 # 50
	1 # 12
	2 # 61
	3 # 46
	4 # 39
	5 # 13
	6 # 28
	7 # 11
	8 # 51
	9 # 25
	10 # 24
	11 # 44
	12 # 37
	13 # 34
	14 # 48
	15 # 10
	16 # 26
	17 # 35
	18 # 1
	19 # 56
	20 # 45
	21 # 58
	22 # 33
	23 # 3
	24 # 18
	25 # 16
	26 # 6
	27 # 2
	28 # 36
	29 # 29
	30 # 53
	31 # 60
Timestep 1:
	0 # 54
	1 # 4
	2 # 29
	3 # 44
	4 # 39
	5 # 13
	6 # 24
	7 # 15
	8 # 51
	9 # 57
	10 # 16
	11 # 12
	12 # 53
	13 # 50
	14 # 52
	15 # 10
	16 # 18
	17 # 43
	18 # 17
	19 # 40
	20 # 47
	21 # 42
	22 # 33
	23 # 19
	24 # 22
	25 # 0
	26 # 7
	27 # 6
	28 # 32
	29 # 25
	30 # 55
	31 # 60
Timestep 2:
	0 # 50
	1 # 5
	2 # 28
	3 # 36
	4 # 37
	5 # 45
	6 # 26
	7 # 31
	8 # 49
	9 # 41
	10 # 16
	11 # 14
	12 # 55
	13 # 58
	14 # 20
	15 # 11
	16 # 19
	17 # 35
	18 # 21
	19 # 56
	20 # 15
	21 # 42
	22 # 1
	23 # 27
	24 # 6
	25 # 2
	26 # 39
	27 # 38
	28 # 32
	29 # 25
	30 # 63
	31 # 62
Timestep 3:
	0 # 48
	1 # 37
	2 # 20
	3 # 4
	4 # 33
	5 # 44
	6 # 58
	7 # 23
	8 # 53
	9 # 45
	10 # 18
	11 # 10
	12 # 54
	13 # 59
	14 # 22
	15 # 43
	16 # 19
	17 # 51
	18 # 29
	19 # 60
	20 # 31
	21 # 42
	22 # 9
	23 # 11
	24 # 6
	25 # 3
	26 # 7
	27 # 34
	28 # 36
	29 # 57
	30 # 61
	31 # 63
Timestep 4:
	0 # 16
	1 # 33
	2 # 52
	3 # 5
	4 # 1
	5 # 12
	6 # 56
	7 # 55
	8 # 53
	9 # 44
	10 # 18
	11 # 8
	12 # 62
	13 # 59
	14 # 30
	15 # 47
	16 # 19
	17 # 50
	18 # 25
	19 # 61
	20 # 23
	21 # 46
	22 # 11
	23 # 15
	24 # 4
	25 # 3
	26 # 6
	27 # 34
	28 # 37
	29 # 41
	30 # 57
	31 # 63
Timestep 5:
	0 # 20
	1 # 32
	2 # 36
	3 # 1
	4 # 17
	5 # 13
	6 # 48
	7 # 53
	8 # 21
	9 # 40
	10 # 2
	11 # 24
	12 # 62
	13 # 63
	14 # 28
	15 # 46
	16 # 51
	17 # 54
	18 # 25
	19 # 29
	20 # 7
	21 # 14
	22 # 27
	23 # 31
	24 # 4
	25 # 11
	26 # 22
	27 # 35
	28 # 39
	29 # 33
	30 # 57
	31 # 61
Timestep 6:
	0 # 52
	1 # 34
	2 # 32
	3 # 17
	4 # 19
	5 # 5
	6 # 49
	7 # 53
	8 # 21
	9 # 42
	10 # 10
	11 # 24
	12 # 58
	13 # 55
	14 # 60
	15 # 44
	16 # 51
	17 # 22
	18 # 57
	19 # 13
	20 # 6
	21 # 30
	22 # 26
	23 # 29
	24 # 0
	25 # 43
	26 # 18
	27 # 3
	28 # 35
	29 # 37
	30 # 41
	31 # 45

