Solution makespan:6
Timestep 0:
	0 # 28
	1 # 8
	2 # 36
	3 # 0
	4 # 14
	5 # 20
	6 # 38
	7 # 56
	8 # 23
	9 # 17
	10 # 18
	11 # 7
Timestep 1:
	0 # 29
	1 # 9
	2 # 38
	3 # 8
	4 # 14
	5 # 4
	6 # 46
	7 # 40
	8 # 31
	9 # 17
	10 # 26
	11 # 7
Timestep 2:
	0 # 29
	1 # 13
	2 # 34
	3 # 10
	4 # 30
	5 # 20
	6 # 42
	7 # 8
	8 # 27
	9 # 1
	10 # 24
	11 # 6
Timestep 3:
	0 # 31
	1 # 12
	2 # 32
	3 # 10
	4 # 28
	5 # 21
	6 # 58
	7 # 24
	8 # 59
	9 # 0
	10 # 25
	11 # 22
Timestep 4:
	0 # 63
	1 # 12
	2 # 48
	3 # 11
	4 # 28
	5 # 17
	6 # 56
	7 # 16
	8 # 43
	9 # 8
	10 # 29
	11 # 54
Timestep 5:
	0 # 62
	1 # 44
	2 # 56
	3 # 43
	4 # 60
	5 # 25
	6 # 24
	7 # 17
	8 # 47
	9 # 10
	10 # 13
	11 # 55
Timestep 6:
	0 # 62
	1 # 60
	2 # 56
	3 # 41
	4 # 61
	5 # 57
	6 # 24
	7 # 25
	8 # 63
	9 # 26
	10 # 45
	11 # 55

