Solution makespan:5
Timestep 0:
	0 # 30
	1 # 17
	2 # 38
	3 # 62
	4 # 19
	5 # 10
	6 # 44
	7 # 12
	8 # 48
	9 # 13
	10 # 6
	11 # 61
	12 # 28
	13 # 15
	14 # 35
	15 # 34
	16 # 16
	17 # 49
	18 # 63
	19 # 37
	20 # 32
	21 # 59
	22 # 46
	23 # 54
	24 # 47
	25 # 39
	26 # 26
	27 # 51
Timestep 1:
	0 # 62
	1 # 21
	2 # 6
	3 # 54
	4 # 19
	5 # 42
	6 # 44
	7 # 14
	8 # 16
	9 # 9
	10 # 22
	11 # 60
	12 # 12
	13 # 31
	14 # 33
	15 # 34
	16 # 24
	17 # 48
	18 # 61
	19 # 53
	20 # 0
	21 # 58
	22 # 47
	23 # 38
	24 # 43
	25 # 37
	26 # 26
	27 # 55
Timestep 2:
	0 # 62
	1 # 23
	2 # 4
	3 # 55
	4 # 27
	5 # 34
	6 # 12
	7 # 15
	8 # 20
	9 # 11
	10 # 22
	11 # 60
	12 # 8
	13 # 29
	14 # 37
	15 # 2
	16 # 28
	17 # 52
	18 # 57
	19 # 53
	20 # 1
	21 # 50
	22 # 47
	23 # 38
	24 # 42
	25 # 36
	26 # 30
	27 # 39
Timestep 3:
	0 # 58
	1 # 55
	2 # 5
	3 # 53
	4 # 59
	5 # 35
	6 # 4
	7 # 31
	8 # 28
	9 # 3
	10 # 54
	11 # 56
	12 # 24
	13 # 29
	14 # 45
	15 # 6
	16 # 12
	17 # 52
	18 # 57
	19 # 21
	20 # 33
	21 # 18
	22 # 47
	23 # 46
	24 # 43
	25 # 32
	26 # 30
	27 # 7
Timestep 4:
	0 # 42
	1 # 53
	2 # 37
	3 # 49
	4 # 57
	5 # 3
	6 # 20
	7 # 30
	8 # 24
	9 # 19
	10 # 38
	11 # 48
	12 # 25
	13 # 28
	14 # 44
	15 # 7
	16 # 14
	17 # 52
	18 # 41
	19 # 29
	20 # 33
	21 # 16
	22 # 43
	23 # 47
	24 # 35
	25 # 0
	26 # 26
	27 # 23
Timestep 5:
	0 # 58
	1 # 21
	2 # 37
	3 # 57
	4 # 56
	5 # 7
	6 # 22
	7 # 14
	8 # 8
	9 # 18
	10 # 6
	11 # 50
	12 # 9
	13 # 12
	14 # 60
	15 # 15
	16 # 46
	17 # 54
	18 # 45
	19 # 61
	20 # 1
	21 # 0
	22 # 11
	23 # 63
	24 # 34
	25 # 2
	26 # 26
	27 # 31

