Solution makespan:6
Timestep 0:
	0 # 48
	1 # 11
	2 # 6
	3 # 38
	4 # 17
	5 # 24
	6 # 37
	7 # 31
	8 # 0
	9 # 45
	10 # 12
	11 # 3
	12 # 16
	13 # 39
	14 # 42
	15 # 32
	16 # 36
	17 # 19
	18 # 20
	19 # 43
	20 # 46
	21 # 4
	22 # 1
	23 # 41
	24 # 52
	25 # 21
	26 # 54
	27 # 22
	28 # 57
	29 # 33
	30 # 56
	31 # 30
Timestep 1:
	0 # 49
	1 # 15
	2 # 14
	3 # 38
	4 # 21
	5 # 25
	6 # 53
	7 # 30
	8 # 0
	9 # 44
	10 # 12
	11 # 19
	12 # 48
	13 # 7
	14 # 34
	15 # 40
	16 # 36
	17 # 27
	18 # 22
	19 # 35
	20 # 47
	21 # 6
	22 # 9
	23 # 57
	24 # 54
	25 # 5
	26 # 62
	27 # 23
	28 # 61
	29 # 1
	30 # 24
	31 # 26
Timestep 2:
	0 # 33
	1 # 13
	2 # 14
	3 # 6
	4 # 29
	5 # 57
	6 # 37
	7 # 31
	8 # 16
	9 # 40
	10 # 44
	11 # 3
	12 # 52
	13 # 5
	14 # 34
	15 # 42
	16 # 38
	17 # 11
	18 # 18
	19 # 35
	20 # 45
	21 # 2
	22 # 41
	23 # 59
	24 # 54
	25 # 4
	26 # 63
	27 # 55
	28 # 60
	29 # 1
	30 # 28
	31 # 58
Timestep 3:
	0 # 33
	1 # 5
	2 # 30
	3 # 22
	4 # 29
	5 # 49
	6 # 37
	7 # 23
	8 # 24
	9 # 32
	10 # 46
	11 # 19
	12 # 60
	13 # 1
	14 # 42
	15 # 10
	16 # 54
	17 # 43
	18 # 2
	19 # 39
	20 # 44
	21 # 0
	22 # 41
	23 # 59
	24 # 50
	25 # 36
	26 # 63
	27 # 53
	28 # 62
	29 # 17
	30 # 20
	31 # 56
Timestep 4:
	0 # 35
	1 # 1
	2 # 62
	3 # 22
	4 # 13
	5 # 51
	6 # 45
	7 # 55
	8 # 25
	9 # 0
	10 # 38
	11 # 17
	12 # 52
	13 # 3
	14 # 46
	15 # 26
	16 # 50
	17 # 43
	18 # 10
	19 # 37
	20 # 36
	21 # 16
	22 # 40
	23 # 27
	24 # 34
	25 # 32
	26 # 47
	27 # 49
	28 # 54
	29 # 21
	30 # 28
	31 # 24
Timestep 5:
	0 # 35
	1 # 33
	2 # 58
	3 # 20
	4 # 5
	5 # 55
	6 # 61
	7 # 39
	8 # 29
	9 # 0
	10 # 54
	11 # 17
	12 # 53
	13 # 11
	14 # 44
	15 # 30
	16 # 50
	17 # 42
	18 # 14
	19 # 37
	20 # 32
	21 # 24
	22 # 56
	23 # 31
	24 # 2
	25 # 48
	26 # 47
	27 # 57
	28 # 22
	29 # 23
	30 # 28
	31 # 8
Timestep 6:
	0 # 3
	1 # 33
	2 # 59
	3 # 52
	4 # 5
	5 # 23
	6 # 53
	7 # 39
	8 # 61
	9 # 4
	10 # 55
	11 # 49
	12 # 21
	13 # 11
	14 # 44
	15 # 30
	16 # 51
	17 # 34
	18 # 12
	19 # 45
	20 # 40
	21 # 28
	22 # 60
	23 # 31
	24 # 10
	25 # 50
	26 # 15
	27 # 57
	28 # 6
	29 # 7
	30 # 20
	31 # 8

