Solution makespan:5
Timestep 0:
	0 # 6
	1 # 22
	2 # 20
	3 # 56
	4 # 1
	5 # 13
	6 # 34
	7 # 30
	8 # 21
	9 # 63
	10 # 25
	11 # 57
	12 # 15
	13 # 47
	14 # 54
	15 # 14
	16 # 5
	17 # 2
	18 # 45
	19 # 24
	20 # 7
	21 # 61
	22 # 62
	23 # 18
	24 # 49
	25 # 16
	26 # 59
	27 # 19
Timestep 1:
	0 # 38
	1 # 22
	2 # 28
	3 # 57
	4 # 33
	5 # 9
	6 # 2
	7 # 30
	8 # 17
	9 # 31
	10 # 25
	11 # 49
	12 # 14
	13 # 15
	14 # 50
	15 # 10
	16 # 1
	17 # 0
	18 # 41
	19 # 8
	20 # 39
	21 # 61
	22 # 60
	23 # 19
	24 # 53
	25 # 20
	26 # 43
	27 # 23
Timestep 2:
	0 # 46
	1 # 22
	2 # 29
	3 # 59
	4 # 49
	5 # 11
	6 # 3
	7 # 26
	8 # 1
	9 # 27
	10 # 25
	11 # 17
	12 # 6
	13 # 14
	14 # 34
	15 # 2
	16 # 0
	17 # 4
	18 # 41
	19 # 8
	20 # 47
	21 # 57
	22 # 28
	23 # 51
	24 # 21
	25 # 20
	26 # 43
	27 # 23
Timestep 3:
	0 # 47
	1 # 22
	2 # 13
	3 # 43
	4 # 51
	5 # 9
	6 # 3
	7 # 10
	8 # 1
	9 # 31
	10 # 27
	11 # 17
	12 # 6
	13 # 14
	14 # 2
	15 # 18
	16 # 32
	17 # 36
	18 # 33
	19 # 40
	20 # 63
	21 # 56
	22 # 12
	23 # 35
	24 # 29
	25 # 28
	26 # 11
	27 # 55
Timestep 4:
	0 # 43
	1 # 18
	2 # 13
	3 # 11
	4 # 55
	5 # 41
	6 # 1
	7 # 8
	8 # 0
	9 # 63
	10 # 59
	11 # 17
	12 # 38
	13 # 30
	14 # 34
	15 # 19
	16 # 32
	17 # 36
	18 # 37
	19 # 42
	20 # 47
	21 # 57
	22 # 44
	23 # 39
	24 # 28
	25 # 12
	26 # 10
	27 # 53
Timestep 5:
	0 # 43
	1 # 18
	2 # 29
	3 # 10
	4 # 23
	5 # 57
	6 # 33
	7 # 40
	8 # 0
	9 # 62
	10 # 63
	11 # 17
	12 # 54
	13 # 22
	14 # 34
	15 # 19
	16 # 48
	17 # 32
	18 # 36
	19 # 42
	20 # 15
	21 # 25
	22 # 45
	23 # 47
	24 # 60
	25 # 14
	26 # 8
	27 # 49

