Solution makespan:6
Timestep 0:
	0 # 5
	1 # 32
	2 # 40
	3 # 41
	4 # 33
	5 # 63
	6 # 54
	7 # 21
	8 # 59
	9 # 62
	10 # 30
	11 # 39
	12 # 53
	13 # 12
	14 # 56
	15 # 24
	16 # 50
	17 # 34
	18 # 11
	19 # 49
	20 # 6
	21 # 26
	22 # 52
	23 # 15
	24 # 14
	25 # 8
	26 # 36
	27 # 25
Timestep 1:
	0 # 1
	1 # 34
	2 # 8
	3 # 57
	4 # 37
	5 # 59
	6 # 54
	7 # 23
	8 # 58
	9 # 60
	10 # 26
	11 # 55
	12 # 49
	13 # 12
	14 # 40
	15 # 16
	16 # 18
	17 # 2
	18 # 9
	19 # 33
	20 # 7
	21 # 24
	22 # 20
	23 # 13
	24 # 15
	25 # 0
	26 # 44
	27 # 29
Timestep 2:
	0 # 1
	1 # 35
	2 # 10
	3 # 61
	4 # 36
	5 # 58
	6 # 38
	7 # 55
	8 # 42
	9 # 60
	10 # 24
	11 # 63
	12 # 49
	13 # 8
	14 # 41
	15 # 16
	16 # 26
	17 # 6
	18 # 25
	19 # 37
	20 # 7
	21 # 28
	22 # 21
	23 # 45
	24 # 11
	25 # 4
	26 # 46
	27 # 31
Timestep 3:
	0 # 3
	1 # 51
	2 # 14
	3 # 60
	4 # 38
	5 # 58
	6 # 6
	7 # 54
	8 # 10
	9 # 52
	10 # 8
	11 # 59
	12 # 33
	13 # 0
	14 # 43
	15 # 48
	16 # 24
	17 # 4
	18 # 57
	19 # 45
	20 # 39
	21 # 12
	22 # 21
	23 # 13
	24 # 15
	25 # 20
	26 # 47
	27 # 31
Timestep 4:
	0 # 1
	1 # 49
	2 # 46
	3 # 60
	4 # 36
	5 # 50
	6 # 22
	7 # 38
	8 # 26
	9 # 53
	10 # 8
	11 # 57
	12 # 37
	13 # 2
	14 # 35
	15 # 52
	16 # 24
	17 # 0
	18 # 41
	19 # 47
	20 # 39
	21 # 44
	22 # 20
	23 # 13
	24 # 15
	25 # 16
	26 # 43
	27 # 23
Timestep 5:
	0 # 33
	1 # 49
	2 # 42
	3 # 44
	4 # 36
	5 # 50
	6 # 30
	7 # 38
	8 # 27
	9 # 55
	10 # 40
	11 # 56
	12 # 39
	13 # 34
	14 # 51
	15 # 54
	16 # 26
	17 # 32
	18 # 41
	19 # 46
	20 # 35
	21 # 45
	22 # 28
	23 # 29
	24 # 31
	25 # 48
	26 # 47
	27 # 22
Timestep 6:
	0 # 1
	1 # 17
	2 # 46
	3 # 60
	4 # 36
	5 # 50
	6 # 62
	7 # 6
	8 # 59
	9 # 51
	10 # 8
	11 # 56
	12 # 7
	13 # 35
	14 # 49
	15 # 38
	16 # 18
	17 # 40
	18 # 33
	19 # 14
	20 # 43
	21 # 45
	22 # 28
	23 # 61
	24 # 31
	25 # 48
	26 # 47
	27 # 54

