Solution makespan:6
Timestep 0:
	0 # 8
	1 # 28
	2 # 52
	3 # 41
	4 # 15
	5 # 63
	6 # 61
	7 # 43
	8 # 44
	9 # 29
	10 # 60
	11 # 24
	12 # 30
	13 # 39
	14 # 42
	15 # 1
	16 # 37
	17 # 31
	18 # 25
	19 # 12
	20 # 3
	21 # 56
	22 # 4
	23 # 2
	24 # 40
	25 # 21
	26 # 27
	27 # 34
Timestep 1:
	0 # 12
	1 # 30
	2 # 60
	3 # 45
	4 # 7
	5 # 63
	6 # 61
	7 # 47
	8 # 46
	9 # 29
	10 # 62
	11 # 25
	12 # 22
	13 # 35
	14 # 58
	15 # 0
	16 # 53
	17 # 15
	18 # 57
	19 # 13
	20 # 3
	21 # 48
	22 # 4
	23 # 34
	24 # 41
	25 # 21
	26 # 26
	27 # 32
Timestep 2:
	0 # 28
	1 # 30
	2 # 62
	3 # 61
	4 # 3
	5 # 63
	6 # 53
	7 # 47
	8 # 38
	9 # 21
	10 # 54
	11 # 27
	12 # 18
	13 # 43
	14 # 42
	15 # 8
	16 # 52
	17 # 7
	18 # 59
	19 # 5
	20 # 11
	21 # 49
	22 # 12
	23 # 2
	24 # 33
	25 # 23
	26 # 58
	27 # 48
Timestep 3:
	0 # 12
	1 # 14
	2 # 58
	3 # 53
	4 # 1
	5 # 62
	6 # 52
	7 # 63
	8 # 34
	9 # 23
	10 # 55
	11 # 31
	12 # 26
	13 # 41
	14 # 10
	15 # 24
	16 # 60
	17 # 7
	18 # 43
	19 # 5
	20 # 27
	21 # 49
	22 # 13
	23 # 6
	24 # 35
	25 # 22
	26 # 50
	27 # 48
Timestep 4:
	0 # 4
	1 # 12
	2 # 42
	3 # 37
	4 # 0
	5 # 60
	6 # 54
	7 # 61
	8 # 2
	9 # 23
	10 # 39
	11 # 29
	12 # 18
	13 # 45
	14 # 11
	15 # 28
	16 # 44
	17 # 6
	18 # 47
	19 # 21
	20 # 31
	21 # 17
	22 # 13
	23 # 38
	24 # 34
	25 # 30
	26 # 48
	27 # 16
Timestep 5:
	0 # 6
	1 # 8
	2 # 43
	3 # 5
	4 # 16
	5 # 56
	6 # 54
	7 # 53
	8 # 10
	9 # 55
	10 # 7
	11 # 25
	12 # 19
	13 # 44
	14 # 3
	15 # 20
	16 # 12
	17 # 22
	18 # 45
	19 # 23
	20 # 15
	21 # 1
	22 # 9
	23 # 46
	24 # 2
	25 # 26
	26 # 52
	27 # 24
Timestep 6:
	0 # 38
	1 # 0
	2 # 43
	3 # 4
	4 # 48
	5 # 56
	6 # 50
	7 # 37
	8 # 42
	9 # 63
	10 # 15
	11 # 29
	12 # 17
	13 # 40
	14 # 35
	15 # 20
	16 # 28
	17 # 30
	18 # 44
	19 # 31
	20 # 14
	21 # 9
	22 # 13
	23 # 46
	24 # 18
	25 # 24
	26 # 36
	27 # 8

