Solution makespan:5
Timestep 0:
	0 # 61
	1 # 45
	2 # 43
	3 # 34
	4 # 15
	5 # 6
	6 # 32
	7 # 8
	8 # 5
	9 # 56
	10 # 16
	11 # 52
	12 # 3
	13 # 38
	14 # 39
	15 # 27
Timestep 1:
	0 # 53
	1 # 44
	2 # 43
	3 # 32
	4 # 7
	5 # 4
	6 # 0
	7 # 24
	8 # 1
	9 # 58
	10 # 48
	11 # 54
	12 # 19
	13 # 34
	14 # 38
	15 # 11
Timestep 2:
	0 # 61
	1 # 45
	2 # 59
	3 # 0
	4 # 7
	5 # 4
	6 # 8
	7 # 28
	8 # 1
	9 # 26
	10 # 56
	11 # 50
	12 # 19
	13 # 2
	14 # 38
	15 # 43
Timestep 3:
	0 # 45
	1 # 41
	2 # 51
	3 # 1
	4 # 39
	5 # 6
	6 # 12
	7 # 60
	8 # 33
	9 # 30
	10 # 24
	11 # 48
	12 # 18
	13 # 3
	14 # 36
	15 # 11
Timestep 4:
	0 # 44
	1 # 9
	2 # 35
	3 # 17
	4 # 55
	5 # 14
	6 # 12
	7 # 60
	8 # 32
	9 # 62
	10 # 28
	11 # 48
	12 # 16
	13 # 11
	14 # 37
	15 # 15
Timestep 5:
	0 # 36
	1 # 8
	2 # 3
	3 # 25
	4 # 51
	5 # 10
	6 # 4
	7 # 61
	8 # 34
	9 # 60
	10 # 29
	11 # 16
	12 # 20
	13 # 9
	14 # 53
	15 # 47

