Solution makespan:5
Timestep 0:
	0 # 15
	1 # 32
	2 # 63
	3 # 21
	4 # 43
	5 # 56
	6 # 57
	7 # 59
	8 # 8
	9 # 30
	10 # 4
	11 # 29
	12 # 48
	13 # 28
	14 # 60
	15 # 20
	16 # 49
	17 # 51
	18 # 39
	19 # 9
Timestep 1:
	0 # 11
	1 # 36
	2 # 55
	3 # 23
	4 # 43
	5 # 24
	6 # 41
	7 # 63
	8 # 10
	9 # 30
	10 # 5
	11 # 28
	12 # 50
	13 # 12
	14 # 61
	15 # 21
	16 # 51
	17 # 35
	18 # 47
	19 # 8
Timestep 2:
	0 # 27
	1 # 37
	2 # 39
	3 # 23
	4 # 41
	5 # 25
	6 # 40
	7 # 63
	8 # 14
	9 # 22
	10 # 21
	11 # 24
	12 # 54
	13 # 44
	14 # 53
	15 # 29
	16 # 19
	17 # 33
	18 # 15
	19 # 10
Timestep 3:
	0 # 26
	1 # 45
	2 # 7
	3 # 22
	4 # 33
	5 # 9
	6 # 41
	7 # 61
	8 # 14
	9 # 18
	10 # 29
	11 # 16
	12 # 55
	13 # 44
	14 # 52
	15 # 13
	16 # 17
	17 # 32
	18 # 11
	19 # 42
Timestep 4:
	0 # 18
	1 # 44
	2 # 5
	3 # 6
	4 # 49
	5 # 11
	6 # 43
	7 # 45
	8 # 15
	9 # 19
	10 # 25
	11 # 20
	12 # 23
	13 # 12
	14 # 48
	15 # 13
	16 # 21
	17 # 0
	18 # 10
	19 # 46
Timestep 5:
	0 # 18
	1 # 12
	2 # 21
	3 # 38
	4 # 48
	5 # 3
	6 # 41
	7 # 61
	8 # 31
	9 # 23
	10 # 24
	11 # 4
	12 # 22
	13 # 8
	14 # 16
	15 # 29
	16 # 20
	17 # 0
	18 # 26
	19 # 44

