Solution makespan:5
Timestep 0:
	0 # 40
	1 # 47
	2 # 62
	3 # 52
	4 # 1
	5 # 26
	6 # 45
	7 # 55
	8 # 13
	9 # 34
	10 # 19
	11 # 24
	12 # 15
	13 # 32
	14 # 63
	15 # 21
	16 # 43
	17 # 56
	18 # 57
	19 # 59
	20 # 8
	21 # 30
	22 # 4
	23 # 29
	24 # 48
	25 # 28
	26 # 60
	27 # 20
	28 # 49
	29 # 51
	30 # 39
	31 # 9
Timestep 1:
	0 # 42
	1 # 15
	2 # 46
	3 # 54
	4 # 0
	5 # 58
	6 # 47
	7 # 53
	8 # 29
	9 # 50
	10 # 3
	11 # 28
	12 # 14
	13 # 36
	14 # 61
	15 # 17
	16 # 41
	17 # 48
	18 # 56
	19 # 57
	20 # 10
	21 # 22
	22 # 5
	23 # 25
	24 # 32
	25 # 12
	26 # 60
	27 # 4
	28 # 33
	29 # 59
	30 # 35
	31 # 11
Timestep 2:
	0 # 43
	1 # 47
	2 # 46
	3 # 54
	4 # 0
	5 # 56
	6 # 63
	7 # 49
	8 # 31
	9 # 34
	10 # 2
	11 # 12
	12 # 30
	13 # 52
	14 # 29
	15 # 1
	16 # 33
	17 # 50
	18 # 24
	19 # 25
	20 # 10
	21 # 20
	22 # 21
	23 # 17
	24 # 40
	25 # 13
	26 # 62
	27 # 5
	28 # 37
	29 # 57
	30 # 3
	31 # 27
Timestep 3:
	0 # 35
	1 # 43
	2 # 38
	3 # 55
	4 # 8
	5 # 48
	6 # 63
	7 # 57
	8 # 31
	9 # 42
	10 # 6
	11 # 12
	12 # 14
	13 # 52
	14 # 29
	15 # 33
	16 # 32
	17 # 51
	18 # 28
	19 # 27
	20 # 2
	21 # 20
	22 # 21
	23 # 17
	24 # 40
	25 # 13
	26 # 54
	27 # 7
	28 # 5
	29 # 56
	30 # 11
	31 # 26
Timestep 4:
	0 # 35
	1 # 43
	2 # 36
	3 # 53
	4 # 9
	5 # 49
	6 # 61
	7 # 25
	8 # 31
	9 # 42
	10 # 38
	11 # 44
	12 # 14
	13 # 48
	14 # 28
	15 # 37
	16 # 32
	17 # 59
	18 # 12
	19 # 26
	20 # 18
	21 # 52
	22 # 29
	23 # 19
	24 # 41
	25 # 45
	26 # 55
	27 # 15
	28 # 1
	29 # 57
	30 # 10
	31 # 58
Timestep 5:
	0 # 3
	1 # 59
	2 # 32
	3 # 61
	4 # 13
	5 # 48
	6 # 29
	7 # 9
	8 # 15
	9 # 40
	10 # 36
	11 # 46
	12 # 6
	13 # 16
	14 # 24
	15 # 37
	16 # 34
	17 # 27
	18 # 4
	19 # 18
	20 # 22
	21 # 60
	22 # 28
	23 # 19
	24 # 45
	25 # 44
	26 # 39
	27 # 14
	28 # 0
	29 # 49
	30 # 11
	31 # 56

