Solution makespan:6
Timestep 0:
	0 # 56
	1 # 9
	2 # 49
	3 # 7
	4 # 60
	5 # 1
	6 # 61
	7 # 31
	8 # 18
	9 # 48
	10 # 30
	11 # 17
	12 # 27
	13 # 34
	14 # 62
	15 # 55
	16 # 38
	17 # 58
	18 # 36
	19 # 14
Timestep 1:
	0 # 24
	1 # 11
	2 # 48
	3 # 6
	4 # 61
	5 # 9
	6 # 29
	7 # 23
	8 # 19
	9 # 50
	10 # 22
	11 # 21
	12 # 59
	13 # 2
	14 # 54
	15 # 55
	16 # 39
	17 # 62
	18 # 36
	19 # 15
Timestep 2:
	0 # 24
	1 # 3
	2 # 56
	3 # 38
	4 # 29
	5 # 1
	6 # 13
	7 # 19
	8 # 18
	9 # 34
	10 # 20
	11 # 5
	12 # 43
	13 # 6
	14 # 22
	15 # 53
	16 # 7
	17 # 63
	18 # 32
	19 # 47
Timestep 3:
	0 # 16
	1 # 35
	2 # 40
	3 # 38
	4 # 61
	5 # 3
	6 # 9
	7 # 19
	8 # 2
	9 # 34
	10 # 21
	11 # 7
	12 # 41
	13 # 4
	14 # 18
	15 # 49
	16 # 23
	17 # 47
	18 # 48
	19 # 43
Timestep 4:
	0 # 48
	1 # 39
	2 # 56
	3 # 36
	4 # 60
	5 # 11
	6 # 9
	7 # 23
	8 # 2
	9 # 38
	10 # 17
	11 # 7
	12 # 41
	13 # 4
	14 # 18
	15 # 57
	16 # 55
	17 # 45
	18 # 52
	19 # 35
Timestep 5:
	0 # 32
	1 # 38
	2 # 24
	3 # 36
	4 # 28
	5 # 11
	6 # 25
	7 # 23
	8 # 10
	9 # 34
	10 # 17
	11 # 15
	12 # 40
	13 # 0
	14 # 19
	15 # 41
	16 # 39
	17 # 37
	18 # 20
	19 # 35
Timestep 6:
	0 # 33
	1 # 54
	2 # 56
	3 # 52
	4 # 60
	5 # 15
	6 # 9
	7 # 22
	8 # 10
	9 # 2
	10 # 16
	11 # 31
	12 # 42
	13 # 4
	14 # 27
	15 # 45
	16 # 47
	17 # 37
	18 # 20
	19 # 51

