Solution makespan:5
Timestep 0:
	0 # 47
	1 # 42
	2 # 26
	3 # 48
	4 # 61
	5 # 58
	6 # 39
	7 # 31
	8 # 14
	9 # 37
	10 # 6
	11 # 13
	12 # 22
	13 # 4
	14 # 49
	15 # 11
	16 # 50
	17 # 10
	18 # 51
	19 # 54
	20 # 25
	21 # 59
	22 # 18
	23 # 28
	24 # 8
	25 # 53
	26 # 32
	27 # 52
	28 # 27
	29 # 34
	30 # 60
	31 # 62
Timestep 1:
	0 # 45
	1 # 40
	2 # 26
	3 # 16
	4 # 29
	5 # 62
	6 # 39
	7 # 23
	8 # 6
	9 # 33
	10 # 7
	11 # 13
	12 # 54
	13 # 12
	14 # 57
	15 # 15
	16 # 48
	17 # 14
	18 # 59
	19 # 52
	20 # 27
	21 # 63
	22 # 50
	23 # 28
	24 # 0
	25 # 53
	26 # 34
	27 # 36
	28 # 19
	29 # 35
	30 # 56
	31 # 46
Timestep 2:
	0 # 37
	1 # 41
	2 # 27
	3 # 24
	4 # 21
	5 # 62
	6 # 35
	7 # 7
	8 # 4
	9 # 1
	10 # 3
	11 # 9
	12 # 54
	13 # 44
	14 # 25
	15 # 15
	16 # 16
	17 # 46
	18 # 59
	19 # 60
	20 # 31
	21 # 61
	22 # 51
	23 # 30
	24 # 0
	25 # 55
	26 # 2
	27 # 32
	28 # 18
	29 # 43
	30 # 58
	31 # 47
Timestep 3:
	0 # 5
	1 # 43
	2 # 25
	3 # 16
	4 # 21
	5 # 54
	6 # 3
	7 # 7
	8 # 36
	9 # 9
	10 # 19
	11 # 8
	12 # 52
	13 # 12
	14 # 29
	15 # 47
	16 # 20
	17 # 46
	18 # 27
	19 # 62
	20 # 63
	21 # 45
	22 # 51
	23 # 22
	24 # 2
	25 # 55
	26 # 10
	27 # 40
	28 # 18
	29 # 11
	30 # 59
	31 # 39
Timestep 4:
	0 # 4
	1 # 11
	2 # 57
	3 # 48
	4 # 23
	5 # 22
	6 # 1
	7 # 15
	8 # 44
	9 # 9
	10 # 19
	11 # 0
	12 # 52
	13 # 28
	14 # 29
	15 # 46
	16 # 20
	17 # 14
	18 # 27
	19 # 54
	20 # 47
	21 # 13
	22 # 49
	23 # 6
	24 # 10
	25 # 55
	26 # 26
	27 # 42
	28 # 50
	29 # 3
	30 # 43
	31 # 7
Timestep 5:
	0 # 12
	1 # 11
	2 # 41
	3 # 56
	4 # 55
	5 # 6
	6 # 5
	7 # 13
	8 # 45
	9 # 25
	10 # 3
	11 # 32
	12 # 53
	13 # 29
	14 # 31
	15 # 38
	16 # 16
	17 # 30
	18 # 19
	19 # 22
	20 # 39
	21 # 9
	22 # 57
	23 # 2
	24 # 10
	25 # 51
	26 # 27
	27 # 46
	28 # 48
	29 # 1
	30 # 59
	31 # 15

