Solution makespan:5
Timestep 0:
	0 # 40
	1 # 48
	2 # 7
	3 # 28
	4 # 45
	5 # 32
	6 # 51
	7 # 25
	8 # 22
	9 # 4
	10 # 9
	11 # 29
	12 # 37
	13 # 54
	14 # 34
	15 # 10
	16 # 24
	17 # 39
	18 # 59
	19 # 14
Timestep 1:
	0 # 44
	1 # 48
	2 # 7
	3 # 60
	4 # 41
	5 # 0
	6 # 50
	7 # 9
	8 # 23
	9 # 36
	10 # 11
	11 # 21
	12 # 53
	13 # 62
	14 # 32
	15 # 42
	16 # 56
	17 # 35
	18 # 43
	19 # 15
Timestep 2:
	0 # 12
	1 # 16
	2 # 23
	3 # 60
	4 # 57
	5 # 1
	6 # 18
	7 # 9
	8 # 21
	9 # 36
	10 # 10
	11 # 20
	12 # 61
	13 # 63
	14 # 33
	15 # 40
	16 # 58
	17 # 3
	18 # 11
	19 # 47
Timestep 3:
	0 # 14
	1 # 20
	2 # 21
	3 # 56
	4 # 25
	5 # 3
	6 # 50
	7 # 13
	8 # 53
	9 # 44
	10 # 8
	11 # 28
	12 # 57
	13 # 47
	14 # 41
	15 # 42
	16 # 62
	17 # 2
	18 # 27
	19 # 39
Timestep 4:
	0 # 10
	1 # 20
	2 # 53
	3 # 60
	4 # 17
	5 # 7
	6 # 18
	7 # 45
	8 # 37
	9 # 44
	10 # 24
	11 # 12
	12 # 49
	13 # 39
	14 # 41
	15 # 42
	16 # 46
	17 # 0
	18 # 59
	19 # 55
Timestep 5:
	0 # 26
	1 # 4
	2 # 49
	3 # 61
	4 # 19
	5 # 7
	6 # 18
	7 # 37
	8 # 33
	9 # 36
	10 # 16
	11 # 44
	12 # 17
	13 # 39
	14 # 57
	15 # 40
	16 # 46
	17 # 0
	18 # 58
	19 # 23

