Solution makespan:6
Timestep 0:
	0 # 44
	1 # 56
	2 # 16
	3 # 22
	4 # 60
	5 # 13
	6 # 46
	7 # 54
	8 # 35
	9 # 11
	10 # 9
	11 # 10
	12 # 43
	13 # 6
	14 # 0
	15 # 45
	16 # 34
	17 # 48
	18 # 39
	19 # 17
Timestep 1:
	0 # 45
	1 # 60
	2 # 24
	3 # 23
	4 # 52
	5 # 5
	6 # 62
	7 # 38
	8 # 43
	9 # 10
	10 # 13
	11 # 2
	12 # 11
	13 # 7
	14 # 0
	15 # 47
	16 # 34
	17 # 50
	18 # 55
	19 # 19
Timestep 2:
	0 # 13
	1 # 61
	2 # 25
	3 # 22
	4 # 36
	5 # 21
	6 # 60
	7 # 46
	8 # 11
	9 # 26
	10 # 12
	11 # 18
	12 # 9
	13 # 23
	14 # 2
	15 # 47
	16 # 42
	17 # 50
	18 # 54
	19 # 27
Timestep 3:
	0 # 29
	1 # 53
	2 # 25
	3 # 6
	4 # 38
	5 # 20
	6 # 61
	7 # 44
	8 # 27
	9 # 18
	10 # 14
	11 # 16
	12 # 9
	13 # 23
	14 # 3
	15 # 15
	16 # 43
	17 # 50
	18 # 54
	19 # 26
Timestep 4:
	0 # 29
	1 # 21
	2 # 27
	3 # 4
	4 # 34
	5 # 52
	6 # 53
	7 # 46
	8 # 59
	9 # 2
	10 # 6
	11 # 0
	12 # 1
	13 # 19
	14 # 3
	15 # 31
	16 # 35
	17 # 54
	18 # 22
	19 # 24
Timestep 5:
	0 # 13
	1 # 21
	2 # 11
	3 # 5
	4 # 2
	5 # 60
	6 # 55
	7 # 14
	8 # 57
	9 # 0
	10 # 22
	11 # 16
	12 # 33
	13 # 27
	14 # 1
	15 # 31
	16 # 3
	17 # 54
	18 # 23
	19 # 56
Timestep 6:
	0 # 45
	1 # 53
	2 # 3
	3 # 5
	4 # 34
	5 # 62
	6 # 39
	7 # 6
	8 # 61
	9 # 32
	10 # 54
	11 # 17
	12 # 33
	13 # 59
	14 # 1
	15 # 29
	16 # 7
	17 # 38
	18 # 55
	19 # 48

