Solution makespan:5
Timestep 0:
	0 # 27
	1 # 59
	2 # 20
	3 # 30
	4 # 35
	5 # 18
	6 # 9
	7 # 62
	8 # 24
	9 # 22
	10 # 63
	11 # 29
Timestep 1:
	0 # 11
	1 # 63
	2 # 21
	3 # 28
	4 # 34
	5 # 19
	6 # 1
	7 # 30
	8 # 24
	9 # 54
	10 # 61
	11 # 13
Timestep 2:
	0 # 11
	1 # 63
	2 # 23
	3 # 12
	4 # 2
	5 # 17
	6 # 33
	7 # 30
	8 # 8
	9 # 54
	10 # 53
	11 # 5
Timestep 3:
	0 # 43
	1 # 47
	2 # 19
	3 # 44
	4 # 18
	5 # 21
	6 # 49
	7 # 28
	8 # 40
	9 # 50
	10 # 37
	11 # 4
Timestep 4:
	0 # 35
	1 # 46
	2 # 27
	3 # 45
	4 # 26
	5 # 29
	6 # 48
	7 # 30
	8 # 32
	9 # 34
	10 # 37
	11 # 36
Timestep 5:
	0 # 39
	1 # 14
	2 # 11
	3 # 13
	4 # 58
	5 # 31
	6 # 16
	7 # 22
	8 # 33
	9 # 42
	10 # 5
	11 # 38

