Solution makespan:6
Timestep 0:
	0 # 44
	1 # 61
	2 # 33
	3 # 41
	4 # 62
	5 # 36
	6 # 0
	7 # 52
	8 # 32
	9 # 24
	10 # 43
	11 # 6
	12 # 17
	13 # 9
	14 # 3
	15 # 10
Timestep 1:
	0 # 60
	1 # 61
	2 # 41
	3 # 40
	4 # 46
	5 # 38
	6 # 0
	7 # 54
	8 # 48
	9 # 28
	10 # 59
	11 # 2
	12 # 49
	13 # 13
	14 # 1
	15 # 14
Timestep 2:
	0 # 56
	1 # 53
	2 # 41
	3 # 32
	4 # 42
	5 # 54
	6 # 4
	7 # 55
	8 # 49
	9 # 20
	10 # 58
	11 # 3
	12 # 51
	13 # 12
	14 # 17
	15 # 6
Timestep 3:
	0 # 58
	1 # 61
	2 # 40
	3 # 32
	4 # 42
	5 # 62
	6 # 20
	7 # 63
	8 # 48
	9 # 52
	10 # 50
	11 # 35
	12 # 59
	13 # 28
	14 # 49
	15 # 38
Timestep 4:
	0 # 58
	1 # 63
	2 # 56
	3 # 33
	4 # 34
	5 # 46
	6 # 22
	7 # 47
	8 # 49
	9 # 53
	10 # 50
	11 # 51
	12 # 27
	13 # 60
	14 # 57
	15 # 54
Timestep 5:
	0 # 42
	1 # 47
	2 # 24
	3 # 1
	4 # 35
	5 # 44
	6 # 6
	7 # 39
	8 # 48
	9 # 21
	10 # 50
	11 # 51
	12 # 26
	13 # 52
	14 # 49
	15 # 22
Timestep 6:
	0 # 10
	1 # 15
	2 # 24
	3 # 9
	4 # 33
	5 # 45
	6 # 38
	7 # 55
	8 # 48
	9 # 23
	10 # 18
	11 # 35
	12 # 26
	13 # 54
	14 # 51
	15 # 30

