Solution makespan:5
Timestep 0:
	0 # 50
	1 # 1
	2 # 32
	3 # 11
	4 # 22
	5 # 53
	6 # 51
	7 # 24
	8 # 31
	9 # 41
	10 # 0
	11 # 58
Timestep 1:
	0 # 48
	1 # 3
	2 # 34
	3 # 10
	4 # 18
	5 # 49
	6 # 51
	7 # 25
	8 # 30
	9 # 45
	10 # 0
	11 # 59
Timestep 2:
	0 # 52
	1 # 7
	2 # 42
	3 # 8
	4 # 19
	5 # 48
	6 # 55
	7 # 17
	8 # 14
	9 # 44
	10 # 16
	11 # 57
Timestep 3:
	0 # 20
	1 # 6
	2 # 43
	3 # 40
	4 # 51
	5 # 50
	6 # 54
	7 # 21
	8 # 15
	9 # 46
	10 # 18
	11 # 49
Timestep 4:
	0 # 4
	1 # 6
	2 # 11
	3 # 56
	4 # 59
	5 # 18
	6 # 52
	7 # 20
	8 # 13
	9 # 14
	10 # 16
	11 # 53
Timestep 5:
	0 # 36
	1 # 22
	2 # 10
	3 # 56
	4 # 63
	5 # 18
	6 # 60
	7 # 20
	8 # 29
	9 # 15
	10 # 24
	11 # 37

