Solution makespan:6
Timestep 0:
	0 # 6
	1 # 48
	2 # 23
	3 # 3
	4 # 44
	5 # 39
	6 # 5
	7 # 42
	8 # 54
	9 # 11
	10 # 18
	11 # 37
	12 # 57
	13 # 63
	14 # 28
	15 # 27
	16 # 53
	17 # 38
	18 # 56
	19 # 1
	20 # 2
	21 # 22
	22 # 14
	23 # 34
	24 # 29
	25 # 40
	26 # 19
	27 # 17
	28 # 59
	29 # 4
	30 # 49
	31 # 55
Timestep 1:
	0 # 7
	1 # 48
	2 # 23
	3 # 11
	4 # 40
	5 # 55
	6 # 4
	7 # 46
	8 # 54
	9 # 15
	10 # 26
	11 # 5
	12 # 41
	13 # 47
	14 # 28
	15 # 25
	16 # 52
	17 # 34
	18 # 57
	19 # 0
	20 # 6
	21 # 30
	22 # 14
	23 # 35
	24 # 61
	25 # 8
	26 # 19
	27 # 1
	28 # 58
	29 # 36
	30 # 49
	31 # 51
Timestep 2:
	0 # 39
	1 # 16
	2 # 21
	3 # 3
	4 # 42
	5 # 23
	6 # 6
	7 # 62
	8 # 55
	9 # 14
	10 # 27
	11 # 7
	12 # 9
	13 # 46
	14 # 60
	15 # 24
	16 # 52
	17 # 50
	18 # 59
	19 # 2
	20 # 38
	21 # 22
	22 # 12
	23 # 43
	24 # 53
	25 # 8
	26 # 17
	27 # 0
	28 # 58
	29 # 32
	30 # 33
	31 # 35
Timestep 3:
	0 # 55
	1 # 20
	2 # 53
	3 # 1
	4 # 34
	5 # 23
	6 # 2
	7 # 62
	8 # 51
	9 # 46
	10 # 11
	11 # 3
	12 # 25
	13 # 38
	14 # 56
	15 # 24
	16 # 60
	17 # 48
	18 # 63
	19 # 18
	20 # 54
	21 # 6
	22 # 28
	23 # 47
	24 # 49
	25 # 9
	26 # 17
	27 # 4
	28 # 59
	29 # 32
	30 # 37
	31 # 35
Timestep 4:
	0 # 51
	1 # 20
	2 # 52
	3 # 0
	4 # 34
	5 # 31
	6 # 18
	7 # 63
	8 # 19
	9 # 38
	10 # 15
	11 # 11
	12 # 25
	13 # 36
	14 # 57
	15 # 28
	16 # 61
	17 # 16
	18 # 47
	19 # 22
	20 # 54
	21 # 7
	22 # 30
	23 # 46
	24 # 48
	25 # 13
	26 # 21
	27 # 12
	28 # 43
	29 # 40
	30 # 45
	31 # 33
Timestep 5:
	0 # 59
	1 # 52
	2 # 48
	3 # 16
	4 # 35
	5 # 27
	6 # 26
	7 # 55
	8 # 19
	9 # 34
	10 # 31
	11 # 10
	12 # 24
	13 # 32
	14 # 25
	15 # 60
	16 # 57
	17 # 17
	18 # 47
	19 # 18
	20 # 22
	21 # 23
	22 # 30
	23 # 46
	24 # 50
	25 # 12
	26 # 21
	27 # 14
	28 # 11
	29 # 56
	30 # 13
	31 # 33
Timestep 6:
	0 # 59
	1 # 54
	2 # 52
	3 # 24
	4 # 3
	5 # 26
	6 # 58
	7 # 53
	8 # 27
	9 # 34
	10 # 31
	11 # 42
	12 # 28
	13 # 32
	14 # 25
	15 # 60
	16 # 41
	17 # 21
	18 # 63
	19 # 2
	20 # 30
	21 # 55
	22 # 14
	23 # 46
	24 # 51
	25 # 12
	26 # 29
	27 # 6
	28 # 43
	29 # 57
	30 # 9
	31 # 33

