Solution makespan:5
Timestep 0:
	0 # 21
	1 # 30
	2 # 22
	3 # 39
	4 # 36
	5 # 25
	6 # 60
	7 # 58
	8 # 8
	9 # 61
	10 # 2
	11 # 43
	12 # 11
	13 # 41
	14 # 5
	15 # 37
	16 # 42
	17 # 54
	18 # 49
	19 # 52
	20 # 1
	21 # 62
	22 # 63
	23 # 57
	24 # 45
	25 # 46
	26 # 0
	27 # 10
	28 # 26
	29 # 34
	30 # 50
	31 # 59
Timestep 1:
	0 # 21
	1 # 22
	2 # 20
	3 # 35
	4 # 38
	5 # 24
	6 # 28
	7 # 56
	8 # 8
	9 # 29
	10 # 0
	11 # 11
	12 # 15
	13 # 33
	14 # 7
	15 # 53
	16 # 43
	17 # 55
	18 # 17
	19 # 52
	20 # 9
	21 # 30
	22 # 47
	23 # 25
	24 # 61
	25 # 44
	26 # 32
	27 # 14
	28 # 58
	29 # 50
	30 # 48
	31 # 59
Timestep 2:
	0 # 21
	1 # 54
	2 # 4
	3 # 51
	4 # 38
	5 # 24
	6 # 28
	7 # 40
	8 # 10
	9 # 13
	10 # 0
	11 # 11
	12 # 7
	13 # 1
	14 # 6
	15 # 53
	16 # 41
	17 # 63
	18 # 19
	19 # 20
	20 # 8
	21 # 31
	22 # 39
	23 # 17
	24 # 61
	25 # 60
	26 # 32
	27 # 15
	28 # 56
	29 # 58
	30 # 52
	31 # 57
Timestep 3:
	0 # 23
	1 # 54
	2 # 0
	3 # 59
	4 # 34
	5 # 26
	6 # 12
	7 # 32
	8 # 14
	9 # 45
	10 # 16
	11 # 10
	12 # 5
	13 # 3
	14 # 2
	15 # 55
	16 # 33
	17 # 62
	18 # 51
	19 # 21
	20 # 40
	21 # 31
	22 # 7
	23 # 1
	24 # 63
	25 # 52
	26 # 48
	27 # 11
	28 # 58
	29 # 50
	30 # 36
	31 # 49
Timestep 4:
	0 # 7
	1 # 22
	2 # 8
	3 # 43
	4 # 35
	5 # 18
	6 # 13
	7 # 32
	8 # 46
	9 # 41
	10 # 24
	11 # 11
	12 # 4
	13 # 19
	14 # 2
	15 # 39
	16 # 1
	17 # 54
	18 # 49
	19 # 23
	20 # 44
	21 # 29
	22 # 5
	23 # 0
	24 # 55
	25 # 20
	26 # 56
	27 # 27
	28 # 26
	29 # 48
	30 # 36
	31 # 53
Timestep 5:
	0 # 3
	1 # 23
	2 # 40
	3 # 42
	4 # 43
	5 # 50
	6 # 13
	7 # 32
	8 # 44
	9 # 33
	10 # 8
	11 # 15
	12 # 6
	13 # 51
	14 # 34
	15 # 38
	16 # 5
	17 # 54
	18 # 53
	19 # 31
	20 # 45
	21 # 61
	22 # 4
	23 # 0
	24 # 55
	25 # 16
	26 # 24
	27 # 19
	28 # 58
	29 # 56
	30 # 52
	31 # 21

