Solution makespan:4
Timestep 0:
	0 # 60
	1 # 13
	2 # 46
	3 # 54
	4 # 35
	5 # 11
	6 # 9
	7 # 10
	8 # 43
	9 # 6
	10 # 0
	11 # 45
	12 # 34
	13 # 48
	14 # 39
	15 # 17
Timestep 1:
	0 # 52
	1 # 12
	2 # 47
	3 # 55
	4 # 43
	5 # 27
	6 # 13
	7 # 11
	8 # 59
	9 # 4
	10 # 32
	11 # 44
	12 # 34
	13 # 16
	14 # 7
	15 # 19
Timestep 2:
	0 # 53
	1 # 14
	2 # 45
	3 # 39
	4 # 43
	5 # 19
	6 # 15
	7 # 9
	8 # 27
	9 # 12
	10 # 32
	11 # 40
	12 # 38
	13 # 16
	14 # 23
	15 # 18
Timestep 3:
	0 # 21
	1 # 14
	2 # 37
	3 # 47
	4 # 41
	5 # 19
	6 # 15
	7 # 13
	8 # 25
	9 # 44
	10 # 33
	11 # 8
	12 # 36
	13 # 16
	14 # 23
	15 # 22
Timestep 4:
	0 # 29
	1 # 14
	2 # 53
	3 # 45
	4 # 57
	5 # 3
	6 # 13
	7 # 5
	8 # 9
	9 # 36
	10 # 35
	11 # 24
	12 # 32
	13 # 17
	14 # 7
	15 # 6

