Solution makespan:5
Timestep 0:
	0 # 21
	1 # 44
	2 # 3
	3 # 30
	4 # 49
	5 # 31
	6 # 55
	7 # 59
	8 # 61
	9 # 13
	10 # 60
	11 # 0
	12 # 33
	13 # 62
	14 # 26
	15 # 2
Timestep 1:
	0 # 53
	1 # 40
	2 # 11
	3 # 28
	4 # 33
	5 # 23
	6 # 39
	7 # 57
	8 # 63
	9 # 13
	10 # 56
	11 # 0
	12 # 1
	13 # 58
	14 # 30
	15 # 6
Timestep 2:
	0 # 61
	1 # 56
	2 # 15
	3 # 28
	4 # 33
	5 # 55
	6 # 35
	7 # 49
	8 # 63
	9 # 45
	10 # 24
	11 # 1
	12 # 9
	13 # 58
	14 # 30
	15 # 38
Timestep 3:
	0 # 45
	1 # 58
	2 # 14
	3 # 12
	4 # 33
	5 # 39
	6 # 43
	7 # 17
	8 # 63
	9 # 47
	10 # 25
	11 # 1
	12 # 11
	13 # 62
	14 # 31
	15 # 46
Timestep 4:
	0 # 45
	1 # 50
	2 # 6
	3 # 44
	4 # 1
	5 # 35
	6 # 59
	7 # 49
	8 # 31
	9 # 43
	10 # 9
	11 # 3
	12 # 15
	13 # 63
	14 # 27
	15 # 47
Timestep 5:
	0 # 37
	1 # 51
	2 # 22
	3 # 36
	4 # 5
	5 # 34
	6 # 27
	7 # 33
	8 # 63
	9 # 11
	10 # 9
	11 # 35
	12 # 47
	13 # 55
	14 # 19
	15 # 43

