Solution makespan:5
Timestep 0:
	0 # 51
	1 # 27
	2 # 22
	3 # 31
	4 # 45
	5 # 34
	6 # 20
	7 # 41
	8 # 9
	9 # 6
	10 # 11
	11 # 49
	12 # 57
	13 # 37
	14 # 53
	15 # 47
	16 # 52
	17 # 25
	18 # 17
	19 # 7
	20 # 54
	21 # 0
	22 # 50
	23 # 5
Timestep 1:
	0 # 55
	1 # 11
	2 # 18
	3 # 63
	4 # 61
	5 # 38
	6 # 20
	7 # 40
	8 # 41
	9 # 14
	10 # 43
	11 # 17
	12 # 56
	13 # 33
	14 # 37
	15 # 39
	16 # 54
	17 # 29
	18 # 19
	19 # 23
	20 # 22
	21 # 16
	22 # 58
	23 # 4
Timestep 2:
	0 # 54
	1 # 10
	2 # 50
	3 # 55
	4 # 61
	5 # 34
	6 # 21
	7 # 44
	8 # 43
	9 # 30
	10 # 35
	11 # 1
	12 # 60
	13 # 32
	14 # 36
	15 # 7
	16 # 38
	17 # 31
	18 # 27
	19 # 22
	20 # 18
	21 # 48
	22 # 59
	23 # 5
Timestep 3:
	0 # 22
	1 # 14
	2 # 51
	3 # 55
	4 # 29
	5 # 42
	6 # 23
	7 # 46
	8 # 59
	9 # 30
	10 # 39
	11 # 9
	12 # 61
	13 # 34
	14 # 44
	15 # 7
	16 # 54
	17 # 63
	18 # 11
	19 # 18
	20 # 19
	21 # 48
	22 # 27
	23 # 37
Timestep 4:
	0 # 20
	1 # 6
	2 # 49
	3 # 23
	4 # 21
	5 # 58
	6 # 7
	7 # 46
	8 # 51
	9 # 22
	10 # 47
	11 # 9
	12 # 45
	13 # 50
	14 # 12
	15 # 5
	16 # 52
	17 # 59
	18 # 3
	19 # 2
	20 # 19
	21 # 48
	22 # 11
	23 # 53
Timestep 5:
	0 # 20
	1 # 4
	2 # 51
	3 # 31
	4 # 29
	5 # 58
	6 # 6
	7 # 62
	8 # 35
	9 # 30
	10 # 43
	11 # 8
	12 # 61
	13 # 34
	14 # 44
	15 # 13
	16 # 36
	17 # 57
	18 # 1
	19 # 0
	20 # 17
	21 # 32
	22 # 9
	23 # 37

