Solution makespan:5
Timestep 0:
	0 # 0
	1 # 5
	2 # 2
	3 # 22
	4 # 19
	5 # 4
	6 # 41
	7 # 57
	8 # 45
	9 # 47
	10 # 38
	11 # 28
	12 # 50
	13 # 54
	14 # 15
	15 # 42
	16 # 48
	17 # 8
	18 # 32
	19 # 27
Timestep 1:
	0 # 16
	1 # 5
	2 # 6
	3 # 23
	4 # 51
	5 # 36
	6 # 33
	7 # 56
	8 # 13
	9 # 43
	10 # 39
	11 # 20
	12 # 48
	13 # 50
	14 # 31
	15 # 46
	16 # 49
	17 # 9
	18 # 0
	19 # 11
Timestep 2:
	0 # 24
	1 # 4
	2 # 38
	3 # 55
	4 # 59
	5 # 36
	6 # 35
	7 # 48
	8 # 45
	9 # 11
	10 # 7
	11 # 21
	12 # 16
	13 # 58
	14 # 30
	15 # 62
	16 # 51
	17 # 13
	18 # 0
	19 # 15
Timestep 3:
	0 # 26
	1 # 20
	2 # 39
	3 # 23
	4 # 58
	5 # 38
	6 # 34
	7 # 52
	8 # 44
	9 # 43
	10 # 3
	11 # 17
	12 # 16
	13 # 42
	14 # 30
	15 # 54
	16 # 55
	17 # 29
	18 # 8
	19 # 14
Timestep 4:
	0 # 27
	1 # 16
	2 # 47
	3 # 21
	4 # 50
	5 # 38
	6 # 2
	7 # 52
	8 # 36
	9 # 41
	10 # 3
	11 # 19
	12 # 0
	13 # 43
	14 # 14
	15 # 22
	16 # 23
	17 # 31
	18 # 24
	19 # 12
Timestep 5:
	0 # 25
	1 # 18
	2 # 45
	3 # 17
	4 # 50
	5 # 34
	6 # 0
	7 # 60
	8 # 38
	9 # 57
	10 # 2
	11 # 27
	12 # 1
	13 # 41
	14 # 14
	15 # 6
	16 # 23
	17 # 15
	18 # 26
	19 # 8

