Solution makespan:6
Timestep 0:
	0 # 2
	1 # 37
	2 # 50
	3 # 44
	4 # 55
	5 # 53
	6 # 41
	7 # 28
	8 # 13
	9 # 57
	10 # 39
	11 # 15
Timestep 1:
	0 # 10
	1 # 36
	2 # 18
	3 # 60
	4 # 39
	5 # 49
	6 # 40
	7 # 24
	8 # 9
	9 # 61
	10 # 35
	11 # 7
Timestep 2:
	0 # 26
	1 # 52
	2 # 22
	3 # 56
	4 # 35
	5 # 33
	6 # 40
	7 # 16
	8 # 11
	9 # 61
	10 # 3
	11 # 7
Timestep 3:
	0 # 58
	1 # 54
	2 # 6
	3 # 24
	4 # 43
	5 # 35
	6 # 42
	7 # 16
	8 # 11
	9 # 45
	10 # 19
	11 # 39
Timestep 4:
	0 # 62
	1 # 52
	2 # 14
	3 # 56
	4 # 35
	5 # 34
	6 # 10
	7 # 48
	8 # 15
	9 # 37
	10 # 27
	11 # 55
Timestep 5:
	0 # 58
	1 # 20
	2 # 46
	3 # 60
	4 # 39
	5 # 38
	6 # 14
	7 # 52
	8 # 31
	9 # 36
	10 # 25
	11 # 55
Timestep 6:
	0 # 50
	1 # 4
	2 # 46
	3 # 52
	4 # 39
	5 # 38
	6 # 30
	7 # 36
	8 # 63
	9 # 32
	10 # 24
	11 # 51

