Solution makespan:5
Timestep 0:
	0 # 3
	1 # 29
	2 # 61
	3 # 24
	4 # 46
	5 # 26
	6 # 36
	7 # 13
	8 # 51
	9 # 27
	10 # 22
	11 # 31
	12 # 45
	13 # 34
	14 # 20
	15 # 41
	16 # 9
	17 # 6
	18 # 11
	19 # 49
	20 # 57
	21 # 37
	22 # 53
	23 # 47
	24 # 52
	25 # 25
	26 # 17
	27 # 7
	28 # 54
	29 # 0
	30 # 50
	31 # 5
Timestep 1:
	0 # 7
	1 # 28
	2 # 63
	3 # 16
	4 # 47
	5 # 27
	6 # 36
	7 # 45
	8 # 50
	9 # 19
	10 # 30
	11 # 15
	12 # 37
	13 # 42
	14 # 20
	15 # 57
	16 # 1
	17 # 6
	18 # 43
	19 # 51
	20 # 56
	21 # 33
	22 # 53
	23 # 39
	24 # 48
	25 # 25
	26 # 17
	27 # 5
	28 # 54
	29 # 0
	30 # 34
	31 # 21
Timestep 2:
	0 # 23
	1 # 30
	2 # 31
	3 # 18
	4 # 63
	5 # 11
	6 # 38
	7 # 61
	8 # 48
	9 # 27
	10 # 62
	11 # 7
	12 # 39
	13 # 40
	14 # 21
	15 # 57
	16 # 9
	17 # 14
	18 # 43
	19 # 59
	20 # 58
	21 # 41
	22 # 52
	23 # 35
	24 # 16
	25 # 24
	26 # 17
	27 # 4
	28 # 50
	29 # 32
	30 # 2
	31 # 29
Timestep 3:
	0 # 7
	1 # 14
	2 # 23
	3 # 22
	4 # 55
	5 # 15
	6 # 6
	7 # 61
	8 # 48
	9 # 31
	10 # 54
	11 # 5
	12 # 39
	13 # 8
	14 # 21
	15 # 59
	16 # 25
	17 # 10
	18 # 11
	19 # 43
	20 # 56
	21 # 45
	22 # 60
	23 # 33
	24 # 17
	25 # 26
	26 # 19
	27 # 12
	28 # 58
	29 # 34
	30 # 0
	31 # 29
Timestep 4:
	0 # 5
	1 # 46
	2 # 19
	3 # 20
	4 # 51
	5 # 11
	6 # 2
	7 # 29
	8 # 16
	9 # 30
	10 # 55
	11 # 4
	12 # 7
	13 # 9
	14 # 23
	15 # 43
	16 # 17
	17 # 42
	18 # 10
	19 # 47
	20 # 48
	21 # 45
	22 # 28
	23 # 1
	24 # 49
	25 # 18
	26 # 3
	27 # 44
	28 # 56
	29 # 50
	30 # 8
	31 # 13
Timestep 5:
	0 # 37
	1 # 38
	2 # 27
	3 # 21
	4 # 50
	5 # 15
	6 # 34
	7 # 31
	8 # 24
	9 # 26
	10 # 54
	11 # 0
	12 # 6
	13 # 8
	14 # 19
	15 # 59
	16 # 25
	17 # 40
	18 # 42
	19 # 39
	20 # 32
	21 # 45
	22 # 30
	23 # 9
	24 # 53
	25 # 22
	26 # 11
	27 # 60
	28 # 56
	29 # 48
	30 # 12
	31 # 13

