Solution makespan:5
Timestep 0:
	0 # 55
	1 # 59
	2 # 19
	3 # 13
	4 # 2
	5 # 7
	6 # 1
	7 # 52
	8 # 45
	9 # 22
	10 # 63
	11 # 41
	12 # 44
	13 # 6
	14 # 33
	15 # 51
	16 # 56
	17 # 8
	18 # 20
	19 # 27
	20 # 12
	21 # 4
	22 # 21
	23 # 15
	24 # 16
	25 # 38
	26 # 37
	27 # 0
Timestep 1:
	0 # 55
	1 # 27
	2 # 23
	3 # 13
	4 # 18
	5 # 5
	6 # 17
	7 # 53
	8 # 41
	9 # 54
	10 # 61
	11 # 33
	12 # 60
	13 # 7
	14 # 49
	15 # 59
	16 # 48
	17 # 10
	18 # 4
	19 # 11
	20 # 14
	21 # 36
	22 # 20
	23 # 31
	24 # 24
	25 # 38
	26 # 45
	27 # 32
Timestep 2:
	0 # 23
	1 # 25
	2 # 19
	3 # 15
	4 # 18
	5 # 1
	6 # 21
	7 # 37
	8 # 57
	9 # 52
	10 # 61
	11 # 33
	12 # 62
	13 # 3
	14 # 53
	15 # 63
	16 # 50
	17 # 14
	18 # 4
	19 # 43
	20 # 46
	21 # 36
	22 # 28
	23 # 27
	24 # 26
	25 # 6
	26 # 44
	27 # 0
Timestep 3:
	0 # 21
	1 # 25
	2 # 3
	3 # 11
	4 # 16
	5 # 9
	6 # 29
	7 # 37
	8 # 57
	9 # 36
	10 # 61
	11 # 35
	12 # 62
	13 # 1
	14 # 55
	15 # 63
	16 # 18
	17 # 12
	18 # 0
	19 # 41
	20 # 47
	21 # 38
	22 # 30
	23 # 59
	24 # 58
	25 # 4
	26 # 60
	27 # 8
Timestep 4:
	0 # 53
	1 # 29
	2 # 1
	3 # 3
	4 # 16
	5 # 41
	6 # 31
	7 # 33
	8 # 49
	9 # 37
	10 # 60
	11 # 51
	12 # 46
	13 # 17
	14 # 54
	15 # 47
	16 # 2
	17 # 13
	18 # 32
	19 # 40
	20 # 43
	21 # 6
	22 # 30
	23 # 58
	24 # 42
	25 # 20
	26 # 56
	27 # 24
Timestep 5:
	0 # 53
	1 # 21
	2 # 9
	3 # 11
	4 # 0
	5 # 57
	6 # 63
	7 # 33
	8 # 49
	9 # 37
	10 # 52
	11 # 55
	12 # 38
	13 # 25
	14 # 54
	15 # 45
	16 # 6
	17 # 5
	18 # 34
	19 # 44
	20 # 59
	21 # 7
	22 # 26
	23 # 50
	24 # 46
	25 # 16
	26 # 48
	27 # 56

