Solution makespan:5
Timestep 0:
	0 # 58
	1 # 44
	2 # 42
	3 # 15
	4 # 28
	5 # 8
	6 # 36
	7 # 0
	8 # 14
	9 # 20
	10 # 38
	11 # 56
	12 # 23
	13 # 17
	14 # 18
	15 # 7
Timestep 1:
	0 # 42
	1 # 46
	2 # 34
	3 # 14
	4 # 30
	5 # 24
	6 # 52
	7 # 32
	8 # 12
	9 # 21
	10 # 36
	11 # 56
	12 # 55
	13 # 25
	14 # 26
	15 # 5
Timestep 2:
	0 # 10
	1 # 38
	2 # 34
	3 # 46
	4 # 31
	5 # 25
	6 # 54
	7 # 48
	8 # 44
	9 # 17
	10 # 32
	11 # 57
	12 # 55
	13 # 29
	14 # 30
	15 # 37
Timestep 3:
	0 # 8
	1 # 39
	2 # 2
	3 # 47
	4 # 27
	5 # 25
	6 # 22
	7 # 49
	8 # 36
	9 # 1
	10 # 0
	11 # 61
	12 # 53
	13 # 31
	14 # 62
	15 # 45
Timestep 4:
	0 # 12
	1 # 39
	2 # 34
	3 # 47
	4 # 26
	5 # 29
	6 # 22
	7 # 49
	8 # 36
	9 # 33
	10 # 1
	11 # 63
	12 # 61
	13 # 30
	14 # 58
	15 # 44
Timestep 5:
	0 # 4
	1 # 7
	2 # 34
	3 # 47
	4 # 58
	5 # 28
	6 # 23
	7 # 17
	8 # 38
	9 # 37
	10 # 33
	11 # 63
	12 # 29
	13 # 62
	14 # 59
	15 # 45

