Solution makespan:5
Timestep 0:
	0 # 43
	1 # 41
	2 # 23
	3 # 44
	4 # 7
	5 # 55
	6 # 28
	7 # 63
	8 # 60
	9 # 50
	10 # 35
	11 # 16
	12 # 36
	13 # 51
	14 # 24
	15 # 13
	16 # 27
	17 # 8
	18 # 57
	19 # 42
Timestep 1:
	0 # 41
	1 # 45
	2 # 22
	3 # 36
	4 # 39
	5 # 63
	6 # 30
	7 # 47
	8 # 44
	9 # 18
	10 # 43
	11 # 48
	12 # 4
	13 # 51
	14 # 56
	15 # 29
	16 # 11
	17 # 40
	18 # 61
	19 # 10
Timestep 2:
	0 # 9
	1 # 13
	2 # 6
	3 # 36
	4 # 47
	5 # 63
	6 # 31
	7 # 15
	8 # 44
	9 # 18
	10 # 35
	11 # 49
	12 # 12
	13 # 55
	14 # 58
	15 # 25
	16 # 43
	17 # 41
	18 # 53
	19 # 10
Timestep 3:
	0 # 1
	1 # 29
	2 # 22
	3 # 4
	4 # 63
	5 # 59
	6 # 23
	7 # 15
	8 # 46
	9 # 2
	10 # 3
	11 # 51
	12 # 12
	13 # 54
	14 # 62
	15 # 57
	16 # 43
	17 # 41
	18 # 55
	19 # 8
Timestep 4:
	0 # 17
	1 # 61
	2 # 23
	3 # 20
	4 # 59
	5 # 57
	6 # 7
	7 # 13
	8 # 47
	9 # 34
	10 # 2
	11 # 51
	12 # 14
	13 # 52
	14 # 54
	15 # 56
	16 # 35
	17 # 45
	18 # 53
	19 # 9
Timestep 5:
	0 # 21
	1 # 53
	2 # 31
	3 # 20
	4 # 59
	5 # 25
	6 # 7
	7 # 5
	8 # 15
	9 # 42
	10 # 2
	11 # 55
	12 # 30
	13 # 52
	14 # 22
	15 # 56
	16 # 51
	17 # 47
	18 # 49
	19 # 11

