Solution makespan:6
Timestep 0:
	0 # 40
	1 # 59
	2 # 49
	3 # 54
	4 # 55
	5 # 37
	6 # 27
	7 # 61
	8 # 50
	9 # 1
	10 # 32
	11 # 11
	12 # 22
	13 # 53
	14 # 51
	15 # 24
	16 # 31
	17 # 41
	18 # 0
	19 # 58
Timestep 1:
	0 # 44
	1 # 57
	2 # 17
	3 # 38
	4 # 55
	5 # 39
	6 # 11
	7 # 63
	8 # 58
	9 # 5
	10 # 32
	11 # 15
	12 # 18
	13 # 61
	14 # 19
	15 # 16
	16 # 27
	17 # 43
	18 # 4
	19 # 62
Timestep 2:
	0 # 40
	1 # 49
	2 # 25
	3 # 34
	4 # 51
	5 # 55
	6 # 11
	7 # 47
	8 # 42
	9 # 21
	10 # 32
	11 # 14
	12 # 2
	13 # 61
	14 # 23
	15 # 18
	16 # 26
	17 # 41
	18 # 36
	19 # 63
Timestep 3:
	0 # 40
	1 # 53
	2 # 17
	3 # 38
	4 # 59
	5 # 54
	6 # 11
	7 # 39
	8 # 10
	9 # 29
	10 # 34
	11 # 46
	12 # 3
	13 # 45
	14 # 22
	15 # 50
	16 # 27
	17 # 41
	18 # 52
	19 # 61
Timestep 4:
	0 # 44
	1 # 37
	2 # 16
	3 # 54
	4 # 51
	5 # 22
	6 # 3
	7 # 35
	8 # 26
	9 # 29
	10 # 2
	11 # 46
	12 # 1
	13 # 41
	14 # 20
	15 # 50
	16 # 31
	17 # 9
	18 # 60
	19 # 53
Timestep 5:
	0 # 45
	1 # 5
	2 # 20
	3 # 54
	4 # 19
	5 # 22
	6 # 7
	7 # 35
	8 # 24
	9 # 31
	10 # 10
	11 # 14
	12 # 33
	13 # 43
	14 # 4
	15 # 18
	16 # 30
	17 # 8
	18 # 62
	19 # 55
Timestep 6:
	0 # 45
	1 # 37
	2 # 21
	3 # 52
	4 # 18
	5 # 30
	6 # 15
	7 # 3
	8 # 24
	9 # 23
	10 # 10
	11 # 6
	12 # 33
	13 # 47
	14 # 36
	15 # 16
	16 # 28
	17 # 12
	18 # 63
	19 # 53

