Solution makespan:5
Timestep 0:
	0 # 21
	1 # 43
	2 # 1
	3 # 50
	4 # 16
	5 # 4
	6 # 42
	7 # 44
	8 # 53
	9 # 54
	10 # 41
	11 # 5
Timestep 1:
	0 # 23
	1 # 59
	2 # 33
	3 # 50
	4 # 24
	5 # 0
	6 # 43
	7 # 60
	8 # 37
	9 # 55
	10 # 9
	11 # 1
Timestep 2:
	0 # 55
	1 # 58
	2 # 49
	3 # 51
	4 # 8
	5 # 4
	6 # 43
	7 # 28
	8 # 5
	9 # 54
	10 # 13
	11 # 0
Timestep 3:
	0 # 23
	1 # 42
	2 # 57
	3 # 59
	4 # 40
	5 # 12
	6 # 11
	7 # 29
	8 # 5
	9 # 22
	10 # 13
	11 # 0
Timestep 4:
	0 # 7
	1 # 34
	2 # 61
	3 # 63
	4 # 40
	5 # 8
	6 # 27
	7 # 25
	8 # 1
	9 # 23
	10 # 29
	11 # 2
Timestep 5:
	0 # 15
	1 # 2
	2 # 60
	3 # 31
	4 # 41
	5 # 10
	6 # 59
	7 # 17
	8 # 9
	9 # 7
	10 # 61
	11 # 3

