Solution makespan:5
Timestep 0:
	0 # 59
	1 # 63
	2 # 54
	3 # 14
	4 # 55
	5 # 21
	6 # 42
	7 # 22
	8 # 28
	9 # 0
	10 # 36
	11 # 46
	12 # 8
	13 # 13
	14 # 44
	15 # 47
	16 # 19
	17 # 61
	18 # 62
	19 # 43
	20 # 15
	21 # 48
	22 # 24
	23 # 23
Timestep 1:
	0 # 51
	1 # 59
	2 # 38
	3 # 14
	4 # 63
	5 # 20
	6 # 58
	7 # 22
	8 # 30
	9 # 32
	10 # 36
	11 # 47
	12 # 40
	13 # 5
	14 # 44
	15 # 43
	16 # 18
	17 # 45
	18 # 62
	19 # 11
	20 # 15
	21 # 49
	22 # 28
	23 # 7
Timestep 2:
	0 # 19
	1 # 51
	2 # 39
	3 # 10
	4 # 61
	5 # 21
	6 # 26
	7 # 22
	8 # 31
	9 # 40
	10 # 4
	11 # 47
	12 # 42
	13 # 1
	14 # 12
	15 # 43
	16 # 16
	17 # 44
	18 # 54
	19 # 9
	20 # 14
	21 # 17
	22 # 20
	23 # 7
Timestep 3:
	0 # 18
	1 # 49
	2 # 55
	3 # 26
	4 # 57
	5 # 17
	6 # 58
	7 # 20
	8 # 63
	9 # 56
	10 # 5
	11 # 46
	12 # 34
	13 # 0
	14 # 8
	15 # 41
	16 # 48
	17 # 40
	18 # 54
	19 # 1
	20 # 6
	21 # 16
	22 # 52
	23 # 39
Timestep 4:
	0 # 18
	1 # 49
	2 # 63
	3 # 24
	4 # 41
	5 # 21
	6 # 59
	7 # 28
	8 # 61
	9 # 48
	10 # 13
	11 # 46
	12 # 50
	13 # 0
	14 # 9
	15 # 40
	16 # 32
	17 # 42
	18 # 38
	19 # 33
	20 # 22
	21 # 16
	22 # 60
	23 # 37
Timestep 5:
	0 # 26
	1 # 57
	2 # 61
	3 # 24
	4 # 33
	5 # 21
	6 # 63
	7 # 20
	8 # 53
	9 # 52
	10 # 29
	11 # 14
	12 # 51
	13 # 1
	14 # 25
	15 # 41
	16 # 48
	17 # 42
	18 # 34
	19 # 35
	20 # 23
	21 # 0
	22 # 62
	23 # 36

