Solution makespan:5
Timestep 0:
	0 # 13
	1 # 10
	2 # 19
	3 # 57
	4 # 0
	5 # 54
	6 # 16
	7 # 24
	8 # 5
	9 # 28
	10 # 61
	11 # 8
	12 # 23
	13 # 22
	14 # 48
	15 # 3
	16 # 32
	17 # 21
	18 # 15
	19 # 26
	20 # 29
	21 # 50
	22 # 6
	23 # 47
Timestep 1:
	0 # 45
	1 # 10
	2 # 18
	3 # 59
	4 # 32
	5 # 54
	6 # 20
	7 # 26
	8 # 1
	9 # 30
	10 # 57
	11 # 12
	12 # 19
	13 # 22
	14 # 52
	15 # 11
	16 # 40
	17 # 5
	18 # 13
	19 # 27
	20 # 29
	21 # 51
	22 # 7
	23 # 47
Timestep 2:
	0 # 61
	1 # 8
	2 # 16
	3 # 51
	4 # 48
	5 # 50
	6 # 28
	7 # 18
	8 # 0
	9 # 14
	10 # 49
	11 # 4
	12 # 3
	13 # 22
	14 # 36
	15 # 15
	16 # 32
	17 # 37
	18 # 13
	19 # 27
	20 # 25
	21 # 35
	22 # 23
	23 # 45
Timestep 3:
	0 # 63
	1 # 24
	2 # 16
	3 # 55
	4 # 48
	5 # 34
	6 # 30
	7 # 26
	8 # 2
	9 # 10
	10 # 17
	11 # 6
	12 # 35
	13 # 23
	14 # 38
	15 # 7
	16 # 36
	17 # 39
	18 # 5
	19 # 31
	20 # 57
	21 # 33
	22 # 21
	23 # 41
Timestep 4:
	0 # 55
	1 # 16
	2 # 0
	3 # 39
	4 # 32
	5 # 42
	6 # 31
	7 # 18
	8 # 2
	9 # 8
	10 # 49
	11 # 22
	12 # 35
	13 # 19
	14 # 38
	15 # 6
	16 # 36
	17 # 47
	18 # 1
	19 # 29
	20 # 41
	21 # 37
	22 # 53
	23 # 40
Timestep 5:
	0 # 23
	1 # 20
	2 # 0
	3 # 7
	4 # 48
	5 # 10
	6 # 63
	7 # 26
	8 # 3
	9 # 8
	10 # 57
	11 # 30
	12 # 51
	13 # 19
	14 # 34
	15 # 4
	16 # 44
	17 # 45
	18 # 33
	19 # 28
	20 # 9
	21 # 5
	22 # 37
	23 # 42

