Solution makespan:6
Timestep 0:
	0 # 46
	1 # 38
	2 # 53
	3 # 40
	4 # 56
	5 # 39
	6 # 59
	7 # 31
	8 # 43
	9 # 41
	10 # 23
	11 # 44
	12 # 7
	13 # 55
	14 # 28
	15 # 63
	16 # 60
	17 # 50
	18 # 35
	19 # 16
	20 # 36
	21 # 51
	22 # 24
	23 # 13
	24 # 27
	25 # 8
	26 # 57
	27 # 42
Timestep 1:
	0 # 44
	1 # 54
	2 # 55
	3 # 41
	4 # 48
	5 # 35
	6 # 43
	7 # 63
	8 # 11
	9 # 9
	10 # 7
	11 # 12
	12 # 15
	13 # 23
	14 # 29
	15 # 59
	16 # 28
	17 # 50
	18 # 3
	19 # 16
	20 # 36
	21 # 19
	22 # 8
	23 # 45
	24 # 25
	25 # 10
	26 # 61
	27 # 34
Timestep 2:
	0 # 40
	1 # 55
	2 # 51
	3 # 41
	4 # 16
	5 # 33
	6 # 42
	7 # 62
	8 # 27
	9 # 9
	10 # 15
	11 # 13
	12 # 11
	13 # 31
	14 # 25
	15 # 43
	16 # 12
	17 # 34
	18 # 1
	19 # 18
	20 # 44
	21 # 19
	22 # 24
	23 # 37
	24 # 57
	25 # 14
	26 # 63
	27 # 2
Timestep 3:
	0 # 8
	1 # 63
	2 # 59
	3 # 41
	4 # 20
	5 # 32
	6 # 43
	7 # 62
	8 # 26
	9 # 25
	10 # 13
	11 # 45
	12 # 10
	13 # 31
	14 # 17
	15 # 11
	16 # 4
	17 # 38
	18 # 0
	19 # 22
	20 # 12
	21 # 23
	22 # 56
	23 # 36
	24 # 61
	25 # 14
	26 # 47
	27 # 3
Timestep 4:
	0 # 40
	1 # 59
	2 # 57
	3 # 33
	4 # 21
	5 # 32
	6 # 11
	7 # 63
	8 # 18
	9 # 24
	10 # 9
	11 # 37
	12 # 10
	13 # 31
	14 # 17
	15 # 15
	16 # 5
	17 # 36
	18 # 4
	19 # 6
	20 # 13
	21 # 19
	22 # 56
	23 # 44
	24 # 60
	25 # 30
	26 # 39
	27 # 35
Timestep 5:
	0 # 41
	1 # 43
	2 # 49
	3 # 37
	4 # 21
	5 # 40
	6 # 10
	7 # 31
	8 # 2
	9 # 24
	10 # 25
	11 # 45
	12 # 26
	13 # 15
	14 # 19
	15 # 7
	16 # 1
	17 # 36
	18 # 4
	19 # 14
	20 # 29
	21 # 3
	22 # 48
	23 # 12
	24 # 44
	25 # 22
	26 # 38
	27 # 39
Timestep 6:
	0 # 41
	1 # 59
	2 # 33
	3 # 5
	4 # 21
	5 # 56
	6 # 11
	7 # 63
	8 # 10
	9 # 26
	10 # 25
	11 # 44
	12 # 30
	13 # 47
	14 # 27
	15 # 23
	16 # 9
	17 # 4
	18 # 20
	19 # 12
	20 # 29
	21 # 7
	22 # 48
	23 # 13
	24 # 36
	25 # 22
	26 # 38
	27 # 55

