Solution makespan:5
Timestep 0:
	0 # 52
	1 # 3
	2 # 8
	3 # 31
	4 # 41
	5 # 19
	6 # 7
	7 # 46
	8 # 44
	9 # 0
	10 # 13
	11 # 59
	12 # 47
	13 # 6
	14 # 56
	15 # 48
	16 # 15
	17 # 25
	18 # 39
	19 # 27
	20 # 37
	21 # 62
	22 # 17
	23 # 24
	24 # 54
	25 # 63
	26 # 28
	27 # 49
Timestep 1:
	0 # 53
	1 # 2
	2 # 9
	3 # 30
	4 # 33
	5 # 23
	6 # 39
	7 # 42
	8 # 44
	9 # 16
	10 # 12
	11 # 43
	12 # 46
	13 # 4
	14 # 48
	15 # 32
	16 # 31
	17 # 29
	18 # 37
	19 # 25
	20 # 45
	21 # 63
	22 # 1
	23 # 56
	24 # 22
	25 # 55
	26 # 60
	27 # 51
Timestep 2:
	0 # 21
	1 # 2
	2 # 11
	3 # 26
	4 # 1
	5 # 22
	6 # 38
	7 # 58
	8 # 40
	9 # 24
	10 # 14
	11 # 35
	12 # 42
	13 # 12
	14 # 50
	15 # 32
	16 # 23
	17 # 31
	18 # 53
	19 # 17
	20 # 44
	21 # 61
	22 # 3
	23 # 60
	24 # 18
	25 # 54
	26 # 62
	27 # 59
Timestep 3:
	0 # 5
	1 # 6
	2 # 11
	3 # 18
	4 # 0
	5 # 22
	6 # 54
	7 # 58
	8 # 56
	9 # 25
	10 # 46
	11 # 39
	12 # 10
	13 # 44
	14 # 51
	15 # 33
	16 # 21
	17 # 63
	18 # 52
	19 # 16
	20 # 40
	21 # 45
	22 # 1
	23 # 60
	24 # 19
	25 # 50
	26 # 62
	27 # 59
Timestep 4:
	0 # 7
	1 # 6
	2 # 3
	3 # 16
	4 # 4
	5 # 23
	6 # 62
	7 # 59
	8 # 48
	9 # 9
	10 # 42
	11 # 47
	12 # 8
	13 # 46
	14 # 49
	15 # 1
	16 # 53
	17 # 55
	18 # 52
	19 # 20
	20 # 40
	21 # 45
	22 # 17
	23 # 61
	24 # 51
	25 # 18
	26 # 60
	27 # 43
Timestep 5:
	0 # 5
	1 # 7
	2 # 35
	3 # 20
	4 # 0
	5 # 21
	6 # 30
	7 # 27
	8 # 50
	9 # 41
	10 # 58
	11 # 46
	12 # 8
	13 # 14
	14 # 33
	15 # 9
	16 # 49
	17 # 54
	18 # 48
	19 # 4
	20 # 56
	21 # 37
	22 # 25
	23 # 57
	24 # 59
	25 # 19
	26 # 62
	27 # 43

