Solution makespan:5
Timestep 0:
	0 # 55
	1 # 37
	2 # 27
	3 # 61
	4 # 50
	5 # 1
	6 # 32
	7 # 11
	8 # 22
	9 # 53
	10 # 51
	11 # 24
	12 # 31
	13 # 41
	14 # 0
	15 # 58
Timestep 1:
	0 # 55
	1 # 45
	2 # 19
	3 # 53
	4 # 54
	5 # 3
	6 # 34
	7 # 11
	8 # 20
	9 # 52
	10 # 50
	11 # 28
	12 # 63
	13 # 43
	14 # 0
	15 # 42
Timestep 2:
	0 # 54
	1 # 37
	2 # 51
	3 # 52
	4 # 38
	5 # 35
	6 # 34
	7 # 10
	8 # 21
	9 # 48
	10 # 18
	11 # 12
	12 # 59
	13 # 43
	14 # 32
	15 # 40
Timestep 3:
	0 # 50
	1 # 53
	2 # 55
	3 # 54
	4 # 34
	5 # 43
	6 # 2
	7 # 42
	8 # 17
	9 # 56
	10 # 26
	11 # 44
	12 # 58
	13 # 11
	14 # 36
	15 # 8
Timestep 4:
	0 # 18
	1 # 21
	2 # 23
	3 # 38
	4 # 35
	5 # 11
	6 # 6
	7 # 40
	8 # 25
	9 # 24
	10 # 10
	11 # 12
	12 # 26
	13 # 3
	14 # 37
	15 # 0
Timestep 5:
	0 # 18
	1 # 29
	2 # 55
	3 # 46
	4 # 51
	5 # 15
	6 # 7
	7 # 40
	8 # 25
	9 # 24
	10 # 14
	11 # 13
	12 # 10
	13 # 2
	14 # 39
	15 # 16

