Solution makespan:6
Timestep 0:
	0 # 11
	1 # 50
	2 # 63
	3 # 16
	4 # 55
	5 # 37
	6 # 30
	7 # 19
	8 # 2
	9 # 31
	10 # 8
	11 # 29
	12 # 3
	13 # 27
	14 # 53
	15 # 6
	16 # 25
	17 # 5
	18 # 38
	19 # 42
Timestep 1:
	0 # 27
	1 # 48
	2 # 47
	3 # 16
	4 # 54
	5 # 33
	6 # 14
	7 # 18
	8 # 0
	9 # 63
	10 # 24
	11 # 61
	12 # 3
	13 # 19
	14 # 52
	15 # 2
	16 # 9
	17 # 37
	18 # 39
	19 # 58
Timestep 2:
	0 # 26
	1 # 49
	2 # 46
	3 # 17
	4 # 62
	5 # 33
	6 # 14
	7 # 16
	8 # 8
	9 # 31
	10 # 25
	11 # 63
	12 # 19
	13 # 18
	14 # 60
	15 # 34
	16 # 11
	17 # 53
	18 # 55
	19 # 58
Timestep 3:
	0 # 18
	1 # 33
	2 # 46
	3 # 21
	4 # 30
	5 # 1
	6 # 15
	7 # 16
	8 # 24
	9 # 29
	10 # 17
	11 # 61
	12 # 23
	13 # 2
	14 # 44
	15 # 38
	16 # 43
	17 # 49
	18 # 53
	19 # 56
Timestep 4:
	0 # 16
	1 # 41
	2 # 42
	3 # 29
	4 # 14
	5 # 5
	6 # 31
	7 # 0
	8 # 24
	9 # 13
	10 # 19
	11 # 45
	12 # 23
	13 # 3
	14 # 46
	15 # 36
	16 # 47
	17 # 51
	18 # 49
	19 # 60
Timestep 5:
	0 # 16
	1 # 40
	2 # 10
	3 # 61
	4 # 6
	5 # 7
	6 # 29
	7 # 1
	8 # 26
	9 # 13
	10 # 23
	11 # 37
	12 # 22
	13 # 11
	14 # 47
	15 # 52
	16 # 15
	17 # 50
	18 # 17
	19 # 28
Timestep 6:
	0 # 0
	1 # 32
	2 # 10
	3 # 60
	4 # 22
	5 # 7
	6 # 21
	7 # 33
	8 # 30
	9 # 5
	10 # 55
	11 # 53
	12 # 18
	13 # 11
	14 # 47
	15 # 52
	16 # 14
	17 # 58
	18 # 1
	19 # 29

