Solution makespan:5
Timestep 0:
	0 # 41
	1 # 19
	2 # 7
	3 # 46
	4 # 44
	5 # 0
	6 # 13
	7 # 59
	8 # 47
	9 # 6
	10 # 56
	11 # 48
	12 # 15
	13 # 25
	14 # 39
	15 # 27
	16 # 37
	17 # 62
	18 # 17
	19 # 24
	20 # 54
	21 # 63
	22 # 28
	23 # 49
Timestep 1:
	0 # 40
	1 # 27
	2 # 15
	3 # 62
	4 # 44
	5 # 32
	6 # 9
	7 # 51
	8 # 43
	9 # 2
	10 # 58
	11 # 49
	12 # 11
	13 # 17
	14 # 47
	15 # 25
	16 # 37
	17 # 30
	18 # 16
	19 # 8
	20 # 22
	21 # 61
	22 # 20
	23 # 53
Timestep 2:
	0 # 42
	1 # 11
	2 # 47
	3 # 60
	4 # 12
	5 # 40
	6 # 1
	7 # 19
	8 # 59
	9 # 0
	10 # 50
	11 # 17
	12 # 9
	13 # 21
	14 # 45
	15 # 29
	16 # 36
	17 # 14
	18 # 16
	19 # 10
	20 # 30
	21 # 61
	22 # 20
	23 # 55
Timestep 3:
	0 # 46
	1 # 15
	2 # 43
	3 # 28
	4 # 4
	5 # 42
	6 # 17
	7 # 3
	8 # 27
	9 # 32
	10 # 34
	11 # 25
	12 # 41
	13 # 5
	14 # 44
	15 # 29
	16 # 38
	17 # 6
	18 # 0
	19 # 26
	20 # 31
	21 # 45
	22 # 52
	23 # 23
Timestep 4:
	0 # 42
	1 # 47
	2 # 43
	3 # 30
	4 # 4
	5 # 40
	6 # 49
	7 # 7
	8 # 25
	9 # 32
	10 # 35
	11 # 24
	12 # 33
	13 # 37
	14 # 45
	15 # 29
	16 # 6
	17 # 2
	18 # 1
	19 # 27
	20 # 31
	21 # 41
	22 # 36
	23 # 23
Timestep 5:
	0 # 40
	1 # 47
	2 # 11
	3 # 14
	4 # 6
	5 # 8
	6 # 53
	7 # 5
	8 # 24
	9 # 48
	10 # 43
	11 # 16
	12 # 1
	13 # 39
	14 # 13
	15 # 61
	16 # 22
	17 # 3
	18 # 0
	19 # 59
	20 # 15
	21 # 41
	22 # 44
	23 # 55

