Solution makespan:6
Timestep 0:
	0 # 11
	1 # 55
	2 # 47
	3 # 46
	4 # 33
	5 # 53
	6 # 24
	7 # 35
	8 # 42
	9 # 61
	10 # 49
	11 # 13
	12 # 6
	13 # 18
	14 # 62
	15 # 57
	16 # 43
	17 # 40
	18 # 8
	19 # 44
	20 # 36
	21 # 28
	22 # 0
	23 # 56
	24 # 34
	25 # 17
	26 # 19
	27 # 10
	28 # 32
	29 # 12
	30 # 48
	31 # 21
Timestep 1:
	0 # 27
	1 # 55
	2 # 45
	3 # 38
	4 # 33
	5 # 53
	6 # 26
	7 # 51
	8 # 46
	9 # 63
	10 # 57
	11 # 29
	12 # 6
	13 # 18
	14 # 58
	15 # 59
	16 # 47
	17 # 56
	18 # 12
	19 # 36
	20 # 37
	21 # 28
	22 # 16
	23 # 24
	24 # 32
	25 # 21
	26 # 19
	27 # 11
	28 # 0
	29 # 4
	30 # 52
	31 # 5
Timestep 2:
	0 # 26
	1 # 53
	2 # 61
	3 # 34
	4 # 1
	5 # 49
	6 # 10
	7 # 50
	8 # 47
	9 # 31
	10 # 59
	11 # 28
	12 # 38
	13 # 19
	14 # 42
	15 # 58
	16 # 43
	17 # 56
	18 # 13
	19 # 37
	20 # 33
	21 # 60
	22 # 24
	23 # 25
	24 # 32
	25 # 20
	26 # 3
	27 # 15
	28 # 0
	29 # 4
	30 # 54
	31 # 5
Timestep 3:
	0 # 18
	1 # 37
	2 # 53
	3 # 35
	4 # 5
	5 # 51
	6 # 2
	7 # 48
	8 # 63
	9 # 29
	10 # 58
	11 # 30
	12 # 38
	13 # 3
	14 # 10
	15 # 62
	16 # 59
	17 # 56
	18 # 13
	19 # 33
	20 # 41
	21 # 61
	22 # 26
	23 # 17
	24 # 40
	25 # 52
	26 # 7
	27 # 31
	28 # 16
	29 # 12
	30 # 55
	31 # 4
Timestep 4:
	0 # 22
	1 # 45
	2 # 37
	3 # 3
	4 # 7
	5 # 35
	6 # 2
	7 # 32
	8 # 31
	9 # 29
	10 # 50
	11 # 14
	12 # 34
	13 # 1
	14 # 42
	15 # 46
	16 # 27
	17 # 48
	18 # 12
	19 # 33
	20 # 9
	21 # 63
	22 # 24
	23 # 19
	24 # 41
	25 # 54
	26 # 39
	27 # 15
	28 # 16
	29 # 8
	30 # 55
	31 # 4
Timestep 5:
	0 # 20
	1 # 13
	2 # 36
	3 # 1
	4 # 23
	5 # 43
	6 # 18
	7 # 0
	8 # 31
	9 # 29
	10 # 34
	11 # 15
	12 # 32
	13 # 17
	14 # 46
	15 # 44
	16 # 27
	17 # 50
	18 # 12
	19 # 49
	20 # 25
	21 # 47
	22 # 8
	23 # 19
	24 # 45
	25 # 22
	26 # 37
	27 # 7
	28 # 24
	29 # 40
	30 # 39
	31 # 6
Timestep 6:
	0 # 52
	1 # 12
	2 # 38
	3 # 33
	4 # 21
	5 # 43
	6 # 26
	7 # 2
	8 # 63
	9 # 13
	10 # 50
	11 # 7
	12 # 40
	13 # 1
	14 # 62
	15 # 44
	16 # 59
	17 # 18
	18 # 4
	19 # 48
	20 # 17
	21 # 45
	22 # 9
	23 # 23
	24 # 37
	25 # 54
	26 # 36
	27 # 5
	28 # 28
	29 # 42
	30 # 47
	31 # 14

