Solution makespan:5
Timestep 0:
	0 # 56
	1 # 35
	2 # 60
	3 # 25
	4 # 47
	5 # 33
	6 # 2
	7 # 28
	8 # 26
	9 # 10
	10 # 4
	11 # 57
	12 # 52
	13 # 37
	14 # 9
	15 # 13
Timestep 1:
	0 # 60
	1 # 34
	2 # 44
	3 # 57
	4 # 46
	5 # 49
	6 # 3
	7 # 24
	8 # 27
	9 # 2
	10 # 4
	11 # 61
	12 # 52
	13 # 53
	14 # 13
	15 # 45
Timestep 2:
	0 # 28
	1 # 38
	2 # 36
	3 # 61
	4 # 42
	5 # 51
	6 # 1
	7 # 56
	8 # 19
	9 # 34
	10 # 5
	11 # 45
	12 # 60
	13 # 53
	14 # 29
	15 # 44
Timestep 3:
	0 # 28
	1 # 36
	2 # 52
	3 # 60
	4 # 10
	5 # 59
	6 # 9
	7 # 58
	8 # 17
	9 # 35
	10 # 1
	11 # 37
	12 # 56
	13 # 49
	14 # 31
	15 # 40
Timestep 4:
	0 # 20
	1 # 52
	2 # 48
	3 # 44
	4 # 26
	5 # 43
	6 # 41
	7 # 50
	8 # 21
	9 # 33
	10 # 3
	11 # 37
	12 # 57
	13 # 17
	14 # 63
	15 # 8
Timestep 5:
	0 # 16
	1 # 52
	2 # 50
	3 # 46
	4 # 58
	5 # 35
	6 # 40
	7 # 51
	8 # 21
	9 # 33
	10 # 19
	11 # 45
	12 # 49
	13 # 1
	14 # 47
	15 # 8

