Solution makespan:5
Timestep 0:
	0 # 29
	1 # 19
	2 # 55
	3 # 24
	4 # 56
	5 # 35
	6 # 60
	7 # 25
	8 # 47
	9 # 33
	10 # 2
	11 # 28
	12 # 26
	13 # 10
	14 # 4
	15 # 57
	16 # 52
	17 # 37
	18 # 9
	19 # 13
Timestep 1:
	0 # 31
	1 # 17
	2 # 55
	3 # 8
	4 # 24
	5 # 51
	6 # 44
	7 # 29
	8 # 39
	9 # 41
	10 # 3
	11 # 12
	12 # 30
	13 # 11
	14 # 5
	15 # 59
	16 # 54
	17 # 33
	18 # 9
	19 # 45
Timestep 2:
	0 # 15
	1 # 16
	2 # 54
	3 # 40
	4 # 26
	5 # 49
	6 # 45
	7 # 28
	8 # 7
	9 # 33
	10 # 35
	11 # 4
	12 # 62
	13 # 43
	14 # 21
	15 # 63
	16 # 50
	17 # 1
	18 # 25
	19 # 61
Timestep 3:
	0 # 11
	1 # 24
	2 # 52
	3 # 42
	4 # 30
	5 # 49
	6 # 13
	7 # 20
	8 # 7
	9 # 37
	10 # 39
	11 # 6
	12 # 46
	13 # 35
	14 # 23
	15 # 55
	16 # 58
	17 # 5
	18 # 9
	19 # 29
Timestep 4:
	0 # 27
	1 # 56
	2 # 60
	3 # 43
	4 # 62
	5 # 57
	6 # 9
	7 # 16
	8 # 15
	9 # 53
	10 # 38
	11 # 6
	12 # 44
	13 # 33
	14 # 22
	15 # 23
	16 # 58
	17 # 5
	18 # 8
	19 # 21
Timestep 5:
	0 # 27
	1 # 48
	2 # 56
	3 # 47
	4 # 58
	5 # 57
	6 # 9
	7 # 17
	8 # 14
	9 # 21
	10 # 46
	11 # 38
	12 # 36
	13 # 41
	14 # 23
	15 # 55
	16 # 59
	17 # 37
	18 # 12
	19 # 5

