Solution makespan:5
Timestep 0:
	0 # 2
	1 # 42
	2 # 27
	3 # 20
	4 # 6
	5 # 46
	6 # 32
	7 # 33
	8 # 39
	9 # 56
	10 # 43
	11 # 13
	12 # 60
	13 # 57
	14 # 34
	15 # 4
	16 # 47
	17 # 35
	18 # 26
	19 # 62
Timestep 1:
	0 # 10
	1 # 42
	2 # 19
	3 # 28
	4 # 38
	5 # 46
	6 # 32
	7 # 37
	8 # 7
	9 # 57
	10 # 11
	11 # 45
	12 # 52
	13 # 49
	14 # 2
	15 # 4
	16 # 39
	17 # 33
	18 # 24
	19 # 62
Timestep 2:
	0 # 11
	1 # 43
	2 # 51
	3 # 24
	4 # 36
	5 # 42
	6 # 40
	7 # 39
	8 # 15
	9 # 57
	10 # 3
	11 # 61
	12 # 48
	13 # 49
	14 # 18
	15 # 6
	16 # 47
	17 # 41
	18 # 26
	19 # 62
Timestep 3:
	0 # 9
	1 # 42
	2 # 49
	3 # 28
	4 # 36
	5 # 58
	6 # 32
	7 # 39
	8 # 14
	9 # 61
	10 # 1
	11 # 63
	12 # 50
	13 # 33
	14 # 22
	15 # 38
	16 # 45
	17 # 41
	18 # 26
	19 # 54
Timestep 4:
	0 # 1
	1 # 58
	2 # 48
	3 # 30
	4 # 44
	5 # 56
	6 # 33
	7 # 7
	8 # 6
	9 # 63
	10 # 5
	11 # 31
	12 # 34
	13 # 35
	14 # 18
	15 # 39
	16 # 45
	17 # 43
	18 # 24
	19 # 54
Timestep 5:
	0 # 0
	1 # 62
	2 # 48
	3 # 22
	4 # 40
	5 # 60
	6 # 1
	7 # 15
	8 # 6
	9 # 63
	10 # 4
	11 # 31
	12 # 42
	13 # 34
	14 # 50
	15 # 7
	16 # 13
	17 # 11
	18 # 25
	19 # 54

