Solution makespan:5
Timestep 0:
	0 # 63
	1 # 3
	2 # 7
	3 # 22
	4 # 28
	5 # 24
	6 # 33
	7 # 8
	8 # 19
	9 # 58
	10 # 6
	11 # 39
	12 # 44
	13 # 27
	14 # 23
	15 # 53
Timestep 1:
	0 # 31
	1 # 3
	2 # 39
	3 # 54
	4 # 20
	5 # 56
	6 # 49
	7 # 12
	8 # 17
	9 # 62
	10 # 6
	11 # 35
	12 # 44
	13 # 11
	14 # 22
	15 # 55
Timestep 2:
	0 # 15
	1 # 7
	2 # 37
	3 # 52
	4 # 4
	5 # 56
	6 # 48
	7 # 44
	8 # 17
	9 # 30
	10 # 38
	11 # 3
	12 # 46
	13 # 9
	14 # 22
	15 # 23
Timestep 3:
	0 # 13
	1 # 15
	2 # 33
	3 # 52
	4 # 5
	5 # 56
	6 # 16
	7 # 40
	8 # 25
	9 # 22
	10 # 34
	11 # 11
	12 # 14
	13 # 1
	14 # 20
	15 # 19
Timestep 4:
	0 # 12
	1 # 13
	2 # 37
	3 # 48
	4 # 21
	5 # 24
	6 # 18
	7 # 32
	8 # 9
	9 # 54
	10 # 35
	11 # 27
	12 # 30
	13 # 17
	14 # 20
	15 # 19
Timestep 5:
	0 # 8
	1 # 12
	2 # 39
	3 # 56
	4 # 20
	5 # 24
	6 # 50
	7 # 40
	8 # 41
	9 # 62
	10 # 33
	11 # 59
	12 # 22
	13 # 16
	14 # 52
	15 # 3

