Solution makespan:5
Timestep 0:
	0 # 62
	1 # 8
	2 # 30
	3 # 29
	4 # 45
	5 # 46
	6 # 44
	7 # 56
	8 # 13
	9 # 24
	10 # 28
	11 # 48
	12 # 26
	13 # 57
	14 # 58
	15 # 20
Timestep 1:
	0 # 30
	1 # 24
	2 # 22
	3 # 21
	4 # 37
	5 # 46
	6 # 45
	7 # 60
	8 # 13
	9 # 16
	10 # 29
	11 # 50
	12 # 26
	13 # 25
	14 # 59
	15 # 52
Timestep 2:
	0 # 28
	1 # 56
	2 # 23
	3 # 17
	4 # 37
	5 # 38
	6 # 45
	7 # 60
	8 # 15
	9 # 16
	10 # 31
	11 # 48
	12 # 26
	13 # 24
	14 # 57
	15 # 54
Timestep 3:
	0 # 60
	1 # 48
	2 # 19
	3 # 1
	4 # 53
	5 # 46
	6 # 13
	7 # 62
	8 # 15
	9 # 16
	10 # 63
	11 # 32
	12 # 30
	13 # 24
	14 # 57
	15 # 55
Timestep 4:
	0 # 56
	1 # 52
	2 # 17
	3 # 33
	4 # 49
	5 # 44
	6 # 5
	7 # 46
	8 # 7
	9 # 18
	10 # 47
	11 # 32
	12 # 22
	13 # 28
	14 # 61
	15 # 51
Timestep 5:
	0 # 58
	1 # 36
	2 # 25
	3 # 41
	4 # 17
	5 # 12
	6 # 21
	7 # 14
	8 # 39
	9 # 22
	10 # 47
	11 # 0
	12 # 6
	13 # 28
	14 # 63
	15 # 59

