Solution makespan:5
Timestep 0:
	0 # 43
	1 # 32
	2 # 27
	3 # 11
	4 # 62
	5 # 8
	6 # 30
	7 # 29
	8 # 45
	9 # 46
	10 # 44
	11 # 56
	12 # 13
	13 # 24
	14 # 28
	15 # 48
	16 # 26
	17 # 57
	18 # 58
	19 # 20
Timestep 1:
	0 # 35
	1 # 0
	2 # 19
	3 # 43
	4 # 63
	5 # 9
	6 # 26
	7 # 21
	8 # 37
	9 # 14
	10 # 46
	11 # 58
	12 # 12
	13 # 16
	14 # 29
	15 # 50
	16 # 24
	17 # 59
	18 # 42
	19 # 20
Timestep 2:
	0 # 39
	1 # 2
	2 # 19
	3 # 43
	4 # 61
	5 # 25
	6 # 10
	7 # 20
	8 # 5
	9 # 12
	10 # 62
	11 # 42
	12 # 8
	13 # 18
	14 # 31
	15 # 51
	16 # 24
	17 # 63
	18 # 40
	19 # 28
Timestep 3:
	0 # 47
	1 # 2
	2 # 18
	3 # 42
	4 # 45
	5 # 17
	6 # 8
	7 # 16
	8 # 13
	9 # 4
	10 # 63
	11 # 40
	12 # 0
	13 # 26
	14 # 27
	15 # 59
	16 # 25
	17 # 55
	18 # 32
	19 # 28
Timestep 4:
	0 # 47
	1 # 3
	2 # 50
	3 # 58
	4 # 41
	5 # 49
	6 # 10
	7 # 17
	8 # 12
	9 # 20
	10 # 61
	11 # 8
	12 # 0
	13 # 30
	14 # 25
	15 # 63
	16 # 57
	17 # 23
	18 # 40
	19 # 24
Timestep 5:
	0 # 46
	1 # 7
	2 # 48
	3 # 58
	4 # 43
	5 # 51
	6 # 10
	7 # 17
	8 # 12
	9 # 16
	10 # 53
	11 # 9
	12 # 2
	13 # 14
	14 # 57
	15 # 61
	16 # 49
	17 # 22
	18 # 8
	19 # 24

