Solution makespan:5
Timestep 0:
	0 # 7
	1 # 62
	2 # 59
	3 # 56
	4 # 42
	5 # 55
	6 # 22
	7 # 52
	8 # 11
	9 # 14
	10 # 30
	11 # 3
	12 # 26
	13 # 17
	14 # 58
	15 # 4
Timestep 1:
	0 # 15
	1 # 60
	2 # 59
	3 # 58
	4 # 34
	5 # 54
	6 # 30
	7 # 48
	8 # 27
	9 # 10
	10 # 26
	11 # 2
	12 # 24
	13 # 21
	14 # 42
	15 # 12
Timestep 2:
	0 # 15
	1 # 52
	2 # 51
	3 # 26
	4 # 34
	5 # 50
	6 # 62
	7 # 32
	8 # 27
	9 # 11
	10 # 18
	11 # 10
	12 # 56
	13 # 20
	14 # 46
	15 # 13
Timestep 3:
	0 # 14
	1 # 36
	2 # 35
	3 # 24
	4 # 32
	5 # 58
	6 # 46
	7 # 33
	8 # 31
	9 # 43
	10 # 18
	11 # 42
	12 # 57
	13 # 28
	14 # 44
	15 # 13
Timestep 4:
	0 # 30
	1 # 32
	2 # 39
	3 # 16
	4 # 40
	5 # 26
	6 # 47
	7 # 33
	8 # 31
	9 # 43
	10 # 2
	11 # 46
	12 # 41
	13 # 28
	14 # 45
	15 # 29
Timestep 5:
	0 # 31
	1 # 48
	2 # 7
	3 # 18
	4 # 56
	5 # 58
	6 # 15
	7 # 32
	8 # 27
	9 # 42
	10 # 3
	11 # 14
	12 # 41
	13 # 12
	14 # 13
	15 # 25

