Solution makespan:6
Timestep 0:
	0 # 40
	1 # 59
	2 # 49
	3 # 54
	4 # 55
	5 # 37
	6 # 27
	7 # 61
	8 # 50
	9 # 1
	10 # 32
	11 # 11
	12 # 22
	13 # 53
	14 # 51
	15 # 24
	16 # 31
	17 # 41
	18 # 0
	19 # 58
Timestep 1:
	0 # 42
	1 # 43
	2 # 17
	3 # 50
	4 # 23
	5 # 45
	6 # 59
	7 # 29
	8 # 48
	9 # 33
	10 # 0
	11 # 15
	12 # 22
	13 # 21
	14 # 19
	15 # 8
	16 # 63
	17 # 57
	18 # 4
	19 # 62
Timestep 2:
	0 # 10
	1 # 47
	2 # 16
	3 # 48
	4 # 23
	5 # 45
	6 # 59
	7 # 13
	8 # 32
	9 # 35
	10 # 2
	11 # 7
	12 # 54
	13 # 21
	14 # 18
	15 # 0
	16 # 31
	17 # 25
	18 # 20
	19 # 63
Timestep 3:
	0 # 14
	1 # 45
	2 # 16
	3 # 48
	4 # 22
	5 # 13
	6 # 27
	7 # 9
	8 # 32
	9 # 51
	10 # 3
	11 # 7
	12 # 52
	13 # 23
	14 # 50
	15 # 2
	16 # 31
	17 # 29
	18 # 28
	19 # 59
Timestep 4:
	0 # 12
	1 # 13
	2 # 17
	3 # 16
	4 # 20
	5 # 15
	6 # 31
	7 # 9
	8 # 0
	9 # 19
	10 # 11
	11 # 6
	12 # 36
	13 # 7
	14 # 34
	15 # 18
	16 # 29
	17 # 28
	18 # 30
	19 # 57
Timestep 5:
	0 # 44
	1 # 45
	2 # 21
	3 # 48
	4 # 22
	5 # 14
	6 # 15
	7 # 11
	8 # 8
	9 # 19
	10 # 10
	11 # 38
	12 # 37
	13 # 39
	14 # 32
	15 # 18
	16 # 29
	17 # 28
	18 # 31
	19 # 49
Timestep 6:
	0 # 45
	1 # 37
	2 # 21
	3 # 52
	4 # 18
	5 # 30
	6 # 15
	7 # 3
	8 # 24
	9 # 23
	10 # 10
	11 # 6
	12 # 33
	13 # 47
	14 # 36
	15 # 16
	16 # 28
	17 # 12
	18 # 63
	19 # 53

