Solution makespan:4
Timestep 0:
	0 # 8
	1 # 30
	2 # 4
	3 # 29
	4 # 48
	5 # 28
	6 # 60
	7 # 20
	8 # 49
	9 # 51
	10 # 39
	11 # 9
Timestep 1:
	0 # 24
	1 # 30
	2 # 4
	3 # 21
	4 # 16
	5 # 20
	6 # 61
	7 # 52
	8 # 57
	9 # 35
	10 # 37
	11 # 1
Timestep 2:
	0 # 26
	1 # 30
	2 # 12
	3 # 53
	4 # 24
	5 # 4
	6 # 61
	7 # 48
	8 # 56
	9 # 34
	10 # 33
	11 # 5
Timestep 3:
	0 # 58
	1 # 30
	2 # 44
	3 # 52
	4 # 28
	5 # 36
	6 # 57
	7 # 49
	8 # 48
	9 # 50
	10 # 33
	11 # 4
Timestep 4:
	0 # 62
	1 # 28
	2 # 60
	3 # 52
	4 # 12
	5 # 32
	6 # 59
	7 # 33
	8 # 16
	9 # 18
	10 # 1
	11 # 36

