Solution makespan:5
Timestep 0:
	0 # 21
	1 # 44
	2 # 3
	3 # 30
	4 # 49
	5 # 31
	6 # 55
	7 # 59
	8 # 61
	9 # 13
	10 # 60
	11 # 0
	12 # 33
	13 # 62
	14 # 26
	15 # 2
Timestep 1:
	0 # 53
	1 # 60
	2 # 3
	3 # 22
	4 # 17
	5 # 30
	6 # 23
	7 # 27
	8 # 29
	9 # 9
	10 # 56
	11 # 2
	12 # 41
	13 # 54
	14 # 58
	15 # 6
Timestep 2:
	0 # 55
	1 # 56
	2 # 7
	3 # 20
	4 # 21
	5 # 26
	6 # 22
	7 # 19
	8 # 31
	9 # 11
	10 # 24
	11 # 10
	12 # 45
	13 # 54
	14 # 58
	15 # 14
Timestep 3:
	0 # 53
	1 # 57
	2 # 23
	3 # 52
	4 # 29
	5 # 18
	6 # 30
	7 # 17
	8 # 63
	9 # 3
	10 # 25
	11 # 42
	12 # 61
	13 # 55
	14 # 59
	15 # 46
Timestep 4:
	0 # 37
	1 # 49
	2 # 22
	3 # 36
	4 # 21
	5 # 2
	6 # 26
	7 # 1
	8 # 31
	9 # 3
	10 # 25
	11 # 34
	12 # 45
	13 # 23
	14 # 27
	15 # 47
Timestep 5:
	0 # 37
	1 # 51
	2 # 22
	3 # 36
	4 # 5
	5 # 34
	6 # 27
	7 # 33
	8 # 63
	9 # 11
	10 # 9
	11 # 35
	12 # 47
	13 # 55
	14 # 19
	15 # 43

