Solution makespan:5
Timestep 0:
	0 # 34
	1 # 51
	2 # 39
	3 # 14
	4 # 54
	5 # 13
	6 # 36
	7 # 35
	8 # 15
	9 # 58
	10 # 6
	11 # 29
	12 # 25
	13 # 42
	14 # 12
	15 # 26
	16 # 60
	17 # 0
	18 # 9
	19 # 45
	20 # 18
	21 # 8
	22 # 33
	23 # 17
	24 # 27
	25 # 19
	26 # 2
	27 # 7
Timestep 1:
	0 # 38
	1 # 59
	2 # 7
	3 # 46
	4 # 55
	5 # 12
	6 # 4
	7 # 3
	8 # 47
	9 # 56
	10 # 14
	11 # 25
	12 # 57
	13 # 42
	14 # 28
	15 # 30
	16 # 44
	17 # 32
	18 # 41
	19 # 13
	20 # 22
	21 # 8
	22 # 35
	23 # 1
	24 # 27
	25 # 17
	26 # 34
	27 # 23
Timestep 2:
	0 # 38
	1 # 27
	2 # 15
	3 # 44
	4 # 39
	5 # 8
	6 # 4
	7 # 1
	8 # 45
	9 # 60
	10 # 14
	11 # 57
	12 # 61
	13 # 46
	14 # 20
	15 # 28
	16 # 12
	17 # 48
	18 # 41
	19 # 5
	20 # 23
	21 # 10
	22 # 3
	23 # 0
	24 # 31
	25 # 21
	26 # 32
	27 # 19
Timestep 3:
	0 # 6
	1 # 25
	2 # 13
	3 # 44
	4 # 7
	5 # 8
	6 # 5
	7 # 17
	8 # 45
	9 # 28
	10 # 10
	11 # 41
	12 # 60
	13 # 62
	14 # 52
	15 # 24
	16 # 14
	17 # 56
	18 # 43
	19 # 1
	20 # 23
	21 # 11
	22 # 2
	23 # 0
	24 # 63
	25 # 53
	26 # 33
	27 # 3
Timestep 4:
	0 # 22
	1 # 25
	2 # 9
	3 # 12
	4 # 15
	5 # 0
	6 # 7
	7 # 16
	8 # 45
	9 # 24
	10 # 42
	11 # 41
	12 # 60
	13 # 46
	14 # 36
	15 # 8
	16 # 30
	17 # 56
	18 # 35
	19 # 17
	20 # 55
	21 # 27
	22 # 6
	23 # 32
	24 # 47
	25 # 21
	26 # 33
	27 # 19
Timestep 5:
	0 # 54
	1 # 9
	2 # 1
	3 # 28
	4 # 47
	5 # 2
	6 # 3
	7 # 20
	8 # 13
	9 # 25
	10 # 58
	11 # 57
	12 # 52
	13 # 44
	14 # 36
	15 # 40
	16 # 31
	17 # 60
	18 # 51
	19 # 19
	20 # 63
	21 # 59
	22 # 14
	23 # 34
	24 # 39
	25 # 29
	26 # 49
	27 # 18

