Solution makespan:6
Timestep 0:
	0 # 6
	1 # 3
	2 # 17
	3 # 47
	4 # 13
	5 # 48
	6 # 57
	7 # 21
	8 # 16
	9 # 38
	10 # 30
	11 # 7
	12 # 49
	13 # 5
	14 # 35
	15 # 32
Timestep 1:
	0 # 38
	1 # 1
	2 # 17
	3 # 15
	4 # 13
	5 # 32
	6 # 57
	7 # 20
	8 # 48
	9 # 46
	10 # 31
	11 # 39
	12 # 51
	13 # 21
	14 # 33
	15 # 40
Timestep 2:
	0 # 6
	1 # 33
	2 # 16
	3 # 11
	4 # 45
	5 # 0
	6 # 61
	7 # 28
	8 # 52
	9 # 38
	10 # 30
	11 # 47
	12 # 19
	13 # 17
	14 # 41
	15 # 44
Timestep 3:
	0 # 6
	1 # 33
	2 # 0
	3 # 3
	4 # 44
	5 # 1
	6 # 29
	7 # 24
	8 # 60
	9 # 39
	10 # 30
	11 # 43
	12 # 23
	13 # 25
	14 # 41
	15 # 36
Timestep 4:
	0 # 2
	1 # 37
	2 # 32
	3 # 11
	4 # 36
	5 # 5
	6 # 31
	7 # 8
	8 # 44
	9 # 7
	10 # 14
	11 # 41
	12 # 22
	13 # 25
	14 # 57
	15 # 4
Timestep 5:
	0 # 0
	1 # 36
	2 # 40
	3 # 11
	4 # 32
	5 # 13
	6 # 30
	7 # 12
	8 # 46
	9 # 15
	10 # 10
	11 # 9
	12 # 6
	13 # 24
	14 # 25
	15 # 20
Timestep 6:
	0 # 0
	1 # 36
	2 # 41
	3 # 43
	4 # 48
	5 # 45
	6 # 22
	7 # 44
	8 # 46
	9 # 31
	10 # 42
	11 # 13
	12 # 14
	13 # 16
	14 # 29
	15 # 20

