Solution makespan:5
Timestep 0:
	0 # 0
	1 # 16
	2 # 38
	3 # 24
	4 # 37
	5 # 34
	6 # 29
	7 # 33
	8 # 19
	9 # 44
	10 # 50
	11 # 8
	12 # 35
	13 # 57
	14 # 17
	15 # 53
	16 # 32
	17 # 31
	18 # 1
	19 # 52
	20 # 59
	21 # 42
	22 # 6
	23 # 11
Timestep 1:
	0 # 32
	1 # 18
	2 # 54
	3 # 28
	4 # 39
	5 # 38
	6 # 31
	7 # 41
	8 # 23
	9 # 45
	10 # 48
	11 # 10
	12 # 33
	13 # 57
	14 # 16
	15 # 55
	16 # 40
	17 # 30
	18 # 3
	19 # 60
	20 # 27
	21 # 46
	22 # 6
	23 # 15
Timestep 2:
	0 # 0
	1 # 50
	2 # 55
	3 # 29
	4 # 37
	5 # 38
	6 # 23
	7 # 9
	8 # 7
	9 # 47
	10 # 48
	11 # 10
	12 # 32
	13 # 49
	14 # 16
	15 # 63
	16 # 8
	17 # 14
	18 # 3
	19 # 52
	20 # 19
	21 # 62
	22 # 22
	23 # 15
Timestep 3:
	0 # 1
	1 # 48
	2 # 53
	3 # 21
	4 # 5
	5 # 39
	6 # 23
	7 # 8
	8 # 7
	9 # 46
	10 # 56
	11 # 11
	12 # 40
	13 # 33
	14 # 18
	15 # 31
	16 # 24
	17 # 6
	18 # 2
	19 # 20
	20 # 3
	21 # 30
	22 # 54
	23 # 13
Timestep 4:
	0 # 1
	1 # 16
	2 # 52
	3 # 53
	4 # 13
	5 # 55
	6 # 7
	7 # 8
	8 # 15
	9 # 14
	10 # 57
	11 # 27
	12 # 44
	13 # 49
	14 # 22
	15 # 29
	16 # 24
	17 # 38
	18 # 10
	19 # 4
	20 # 19
	21 # 28
	22 # 50
	23 # 45
Timestep 5:
	0 # 33
	1 # 0
	2 # 48
	3 # 37
	4 # 29
	5 # 54
	6 # 5
	7 # 24
	8 # 15
	9 # 6
	10 # 25
	11 # 59
	12 # 36
	13 # 53
	14 # 30
	15 # 21
	16 # 16
	17 # 39
	18 # 26
	19 # 4
	20 # 18
	21 # 12
	22 # 51
	23 # 61

