Solution makespan:5
Timestep 0:
	0 # 41
	1 # 59
	2 # 28
	3 # 38
	4 # 33
	5 # 53
	6 # 30
	7 # 4
	8 # 35
	9 # 40
	10 # 14
	11 # 25
	12 # 2
	13 # 60
	14 # 51
	15 # 37
	16 # 52
	17 # 29
	18 # 34
	19 # 16
	20 # 18
	21 # 1
	22 # 50
	23 # 56
Timestep 1:
	0 # 9
	1 # 57
	2 # 60
	3 # 38
	4 # 32
	5 # 21
	6 # 14
	7 # 12
	8 # 39
	9 # 40
	10 # 15
	11 # 25
	12 # 0
	13 # 44
	14 # 55
	15 # 36
	16 # 54
	17 # 31
	18 # 2
	19 # 20
	20 # 19
	21 # 33
	22 # 34
	23 # 58
Timestep 2:
	0 # 25
	1 # 49
	2 # 61
	3 # 54
	4 # 0
	5 # 17
	6 # 14
	7 # 13
	8 # 37
	9 # 44
	10 # 7
	11 # 24
	12 # 4
	13 # 12
	14 # 55
	15 # 32
	16 # 62
	17 # 30
	18 # 18
	19 # 21
	20 # 19
	21 # 35
	22 # 2
	23 # 58
Timestep 3:
	0 # 57
	1 # 51
	2 # 45
	3 # 50
	4 # 8
	5 # 1
	6 # 15
	7 # 29
	8 # 36
	9 # 46
	10 # 7
	11 # 24
	12 # 20
	13 # 14
	14 # 63
	15 # 40
	16 # 60
	17 # 28
	18 # 18
	19 # 53
	20 # 23
	21 # 39
	22 # 0
	23 # 58
Timestep 4:
	0 # 56
	1 # 50
	2 # 37
	3 # 48
	4 # 10
	5 # 33
	6 # 7
	7 # 13
	8 # 44
	9 # 38
	10 # 6
	11 # 25
	12 # 4
	13 # 46
	14 # 47
	15 # 40
	16 # 52
	17 # 28
	18 # 19
	19 # 61
	20 # 31
	21 # 39
	22 # 0
	23 # 26
Timestep 5:
	0 # 56
	1 # 50
	2 # 36
	3 # 32
	4 # 42
	5 # 37
	6 # 3
	7 # 45
	8 # 60
	9 # 6
	10 # 2
	11 # 24
	12 # 4
	13 # 38
	14 # 15
	15 # 41
	16 # 53
	17 # 30
	18 # 27
	19 # 61
	20 # 31
	21 # 47
	22 # 16
	23 # 18

