Solution makespan:5
Timestep 0:
	0 # 47
	1 # 31
	2 # 9
	3 # 36
	4 # 52
	5 # 14
	6 # 26
	7 # 3
	8 # 35
	9 # 56
	10 # 10
	11 # 62
	12 # 22
	13 # 7
	14 # 37
	15 # 11
	16 # 21
	17 # 43
	18 # 1
	19 # 50
	20 # 16
	21 # 4
	22 # 42
	23 # 44
	24 # 53
	25 # 54
	26 # 41
	27 # 5
Timestep 1:
	0 # 43
	1 # 31
	2 # 25
	3 # 44
	4 # 20
	5 # 10
	6 # 18
	7 # 35
	8 # 39
	9 # 48
	10 # 2
	11 # 58
	12 # 6
	13 # 23
	14 # 37
	15 # 11
	16 # 53
	17 # 41
	18 # 9
	19 # 51
	20 # 24
	21 # 0
	22 # 40
	23 # 46
	24 # 49
	25 # 55
	26 # 57
	27 # 7
Timestep 2:
	0 # 11
	1 # 30
	2 # 57
	3 # 60
	4 # 4
	5 # 14
	6 # 22
	7 # 34
	8 # 38
	9 # 52
	10 # 0
	11 # 42
	12 # 2
	13 # 23
	14 # 5
	15 # 3
	16 # 61
	17 # 45
	18 # 8
	19 # 35
	20 # 26
	21 # 1
	22 # 41
	23 # 62
	24 # 49
	25 # 55
	26 # 56
	27 # 39
Timestep 3:
	0 # 15
	1 # 22
	2 # 49
	3 # 52
	4 # 36
	5 # 30
	6 # 20
	7 # 34
	8 # 6
	9 # 54
	10 # 16
	11 # 42
	12 # 0
	13 # 23
	14 # 5
	15 # 1
	16 # 57
	17 # 45
	18 # 12
	19 # 3
	20 # 26
	21 # 17
	22 # 43
	23 # 62
	24 # 33
	25 # 51
	26 # 58
	27 # 55
Timestep 4:
	0 # 15
	1 # 30
	2 # 53
	3 # 20
	4 # 44
	5 # 31
	6 # 16
	7 # 50
	8 # 4
	9 # 55
	10 # 18
	11 # 10
	12 # 0
	13 # 7
	14 # 21
	15 # 1
	16 # 56
	17 # 47
	18 # 28
	19 # 2
	20 # 24
	21 # 19
	22 # 11
	23 # 60
	24 # 32
	25 # 59
	26 # 58
	27 # 23
Timestep 5:
	0 # 11
	1 # 31
	2 # 61
	3 # 22
	4 # 45
	5 # 29
	6 # 20
	7 # 54
	8 # 4
	9 # 63
	10 # 50
	11 # 2
	12 # 8
	13 # 3
	14 # 21
	15 # 5
	16 # 58
	17 # 39
	18 # 24
	19 # 6
	20 # 25
	21 # 19
	22 # 27
	23 # 52
	24 # 48
	25 # 57
	26 # 26
	27 # 7

