Solution makespan:5
Timestep 0:
	0 # 44
	1 # 6
	2 # 33
	3 # 51
	4 # 56
	5 # 8
	6 # 20
	7 # 27
	8 # 12
	9 # 4
	10 # 21
	11 # 15
	12 # 16
	13 # 38
	14 # 37
	15 # 0
Timestep 1:
	0 # 60
	1 # 14
	2 # 49
	3 # 51
	4 # 57
	5 # 24
	6 # 52
	7 # 31
	8 # 44
	9 # 5
	10 # 53
	11 # 13
	12 # 48
	13 # 46
	14 # 45
	15 # 1
Timestep 2:
	0 # 28
	1 # 14
	2 # 57
	3 # 35
	4 # 25
	5 # 16
	6 # 36
	7 # 29
	8 # 60
	9 # 5
	10 # 52
	11 # 9
	12 # 56
	13 # 46
	14 # 41
	15 # 1
Timestep 3:
	0 # 29
	1 # 10
	2 # 41
	3 # 3
	4 # 9
	5 # 48
	6 # 36
	7 # 13
	8 # 52
	9 # 21
	10 # 20
	11 # 8
	12 # 60
	13 # 62
	14 # 33
	15 # 17
Timestep 4:
	0 # 29
	1 # 10
	2 # 45
	3 # 2
	4 # 11
	5 # 49
	6 # 32
	7 # 13
	8 # 52
	9 # 53
	10 # 28
	11 # 8
	12 # 61
	13 # 62
	14 # 1
	15 # 25
Timestep 5:
	0 # 28
	1 # 10
	2 # 45
	3 # 0
	4 # 11
	5 # 51
	6 # 32
	7 # 5
	8 # 54
	9 # 49
	10 # 60
	11 # 40
	12 # 57
	13 # 58
	14 # 1
	15 # 9

