Solution makespan:6
Timestep 0:
	0 # 25
	1 # 55
	2 # 48
	3 # 60
	4 # 21
	5 # 1
	6 # 34
	7 # 29
	8 # 44
	9 # 57
	10 # 52
	11 # 28
	12 # 56
	13 # 5
	14 # 6
	15 # 33
	16 # 4
	17 # 16
	18 # 43
	19 # 23
	20 # 62
	21 # 46
	22 # 63
	23 # 54
	24 # 14
	25 # 26
	26 # 10
	27 # 61
	28 # 18
	29 # 9
	30 # 24
	31 # 32
Timestep 1:
	0 # 27
	1 # 55
	2 # 32
	3 # 56
	4 # 5
	5 # 3
	6 # 35
	7 # 61
	8 # 45
	9 # 41
	10 # 53
	11 # 28
	12 # 40
	13 # 4
	14 # 14
	15 # 1
	16 # 12
	17 # 48
	18 # 59
	19 # 21
	20 # 63
	21 # 38
	22 # 47
	23 # 52
	24 # 30
	25 # 26
	26 # 2
	27 # 60
	28 # 50
	29 # 13
	30 # 24
	31 # 36
Timestep 2:
	0 # 26
	1 # 54
	2 # 0
	3 # 56
	4 # 4
	5 # 35
	6 # 51
	7 # 57
	8 # 41
	9 # 9
	10 # 55
	11 # 60
	12 # 8
	13 # 6
	14 # 30
	15 # 1
	16 # 44
	17 # 32
	18 # 27
	19 # 21
	20 # 47
	21 # 38
	22 # 39
	23 # 36
	24 # 31
	25 # 58
	26 # 18
	27 # 62
	28 # 48
	29 # 15
	30 # 25
	31 # 37
Timestep 3:
	0 # 26
	1 # 38
	2 # 2
	3 # 48
	4 # 12
	5 # 43
	6 # 51
	7 # 59
	8 # 33
	9 # 9
	10 # 39
	11 # 61
	12 # 24
	13 # 14
	14 # 28
	15 # 0
	16 # 60
	17 # 40
	18 # 25
	19 # 5
	20 # 15
	21 # 34
	22 # 7
	23 # 32
	24 # 63
	25 # 62
	26 # 16
	27 # 54
	28 # 52
	29 # 13
	30 # 29
	31 # 45
Timestep 4:
	0 # 26
	1 # 36
	2 # 18
	3 # 49
	4 # 14
	5 # 42
	6 # 55
	7 # 51
	8 # 1
	9 # 25
	10 # 38
	11 # 45
	12 # 24
	13 # 10
	14 # 60
	15 # 8
	16 # 52
	17 # 44
	18 # 27
	19 # 4
	20 # 13
	21 # 50
	22 # 23
	23 # 40
	24 # 47
	25 # 63
	26 # 0
	27 # 22
	28 # 53
	29 # 5
	30 # 61
	31 # 41
Timestep 5:
	0 # 58
	1 # 4
	2 # 16
	3 # 51
	4 # 14
	5 # 46
	6 # 55
	7 # 50
	8 # 3
	9 # 17
	10 # 54
	11 # 45
	12 # 56
	13 # 2
	14 # 44
	15 # 9
	16 # 20
	17 # 12
	18 # 11
	19 # 6
	20 # 13
	21 # 48
	22 # 21
	23 # 8
	24 # 15
	25 # 47
	26 # 1
	27 # 18
	28 # 52
	29 # 7
	30 # 53
	31 # 57
Timestep 6:
	0 # 26
	1 # 5
	2 # 48
	3 # 55
	4 # 30
	5 # 62
	6 # 53
	7 # 54
	8 # 35
	9 # 19
	10 # 38
	11 # 45
	12 # 40
	13 # 18
	14 # 60
	15 # 9
	16 # 28
	17 # 8
	18 # 43
	19 # 4
	20 # 12
	21 # 32
	22 # 29
	23 # 0
	24 # 31
	25 # 63
	26 # 17
	27 # 22
	28 # 36
	29 # 23
	30 # 52
	31 # 56

