Solution makespan:6
Timestep 0:
	0 # 27
	1 # 34
	2 # 62
	3 # 55
	4 # 38
	5 # 58
	6 # 36
	7 # 14
Timestep 1:
	0 # 25
	1 # 38
	2 # 54
	3 # 55
	4 # 46
	5 # 59
	6 # 52
	7 # 12
Timestep 2:
	0 # 29
	1 # 6
	2 # 22
	3 # 53
	4 # 42
	5 # 51
	6 # 52
	7 # 4
Timestep 3:
	0 # 29
	1 # 6
	2 # 30
	3 # 49
	4 # 46
	5 # 19
	6 # 53
	7 # 20
Timestep 4:
	0 # 28
	1 # 22
	2 # 26
	3 # 17
	4 # 14
	5 # 18
	6 # 21
	7 # 16
Timestep 5:
	0 # 20
	1 # 23
	2 # 24
	3 # 19
	4 # 15
	5 # 18
	6 # 21
	7 # 17
Timestep 6:
	0 # 20
	1 # 7
	2 # 56
	3 # 3
	4 # 11
	5 # 2
	6 # 53
	7 # 49

