Solution makespan:5
Timestep 0:
	0 # 33
	1 # 53
	2 # 21
	3 # 18
	4 # 7
	5 # 31
	6 # 54
	7 # 61
	8 # 36
	9 # 11
	10 # 41
	11 # 56
	12 # 63
	13 # 5
	14 # 2
	15 # 32
	16 # 51
	17 # 22
	18 # 12
	19 # 42
	20 # 52
	21 # 23
	22 # 45
	23 # 27
Timestep 1:
	0 # 33
	1 # 53
	2 # 17
	3 # 16
	4 # 23
	5 # 31
	6 # 62
	7 # 60
	8 # 52
	9 # 15
	10 # 57
	11 # 58
	12 # 61
	13 # 1
	14 # 18
	15 # 32
	16 # 19
	17 # 54
	18 # 8
	19 # 40
	20 # 20
	21 # 21
	22 # 37
	23 # 11
Timestep 2:
	0 # 41
	1 # 55
	2 # 49
	3 # 16
	4 # 19
	5 # 27
	6 # 30
	7 # 60
	8 # 48
	9 # 7
	10 # 25
	11 # 42
	12 # 61
	13 # 17
	14 # 2
	15 # 0
	16 # 3
	17 # 62
	18 # 10
	19 # 8
	20 # 28
	21 # 5
	22 # 33
	23 # 9
Timestep 3:
	0 # 45
	1 # 23
	2 # 49
	3 # 20
	4 # 51
	5 # 27
	6 # 30
	7 # 28
	8 # 56
	9 # 39
	10 # 17
	11 # 42
	12 # 60
	13 # 16
	14 # 34
	15 # 4
	16 # 11
	17 # 62
	18 # 26
	19 # 10
	20 # 29
	21 # 37
	22 # 32
	23 # 25
Timestep 4:
	0 # 45
	1 # 19
	2 # 53
	3 # 52
	4 # 59
	5 # 25
	6 # 62
	7 # 12
	8 # 24
	9 # 38
	10 # 21
	11 # 34
	12 # 28
	13 # 16
	14 # 35
	15 # 36
	16 # 15
	17 # 60
	18 # 58
	19 # 14
	20 # 29
	21 # 33
	22 # 32
	23 # 17
Timestep 5:
	0 # 37
	1 # 3
	2 # 21
	3 # 53
	4 # 43
	5 # 9
	6 # 58
	7 # 28
	8 # 25
	9 # 54
	10 # 23
	11 # 2
	12 # 30
	13 # 17
	14 # 39
	15 # 4
	16 # 7
	17 # 62
	18 # 56
	19 # 46
	20 # 61
	21 # 41
	22 # 40
	23 # 49

