Solution makespan:5
Timestep 0:
	0 # 13
	1 # 26
	2 # 23
	3 # 25
	4 # 5
	5 # 18
	6 # 21
	7 # 33
	8 # 39
	9 # 45
	10 # 52
	11 # 24
	12 # 35
	13 # 58
	14 # 2
	15 # 8
	16 # 61
	17 # 38
	18 # 59
	19 # 16
Timestep 1:
	0 # 12
	1 # 26
	2 # 7
	3 # 29
	4 # 5
	5 # 22
	6 # 23
	7 # 37
	8 # 39
	9 # 44
	10 # 48
	11 # 56
	12 # 35
	13 # 50
	14 # 18
	15 # 10
	16 # 45
	17 # 34
	18 # 63
	19 # 17
Timestep 2:
	0 # 28
	1 # 24
	2 # 5
	3 # 31
	4 # 4
	5 # 6
	6 # 55
	7 # 45
	8 # 35
	9 # 60
	10 # 48
	11 # 40
	12 # 51
	13 # 54
	14 # 19
	15 # 26
	16 # 47
	17 # 50
	18 # 62
	19 # 1
Timestep 3:
	0 # 24
	1 # 25
	2 # 37
	3 # 31
	4 # 36
	5 # 14
	6 # 54
	7 # 44
	8 # 33
	9 # 28
	10 # 50
	11 # 42
	12 # 35
	13 # 22
	14 # 23
	15 # 27
	16 # 39
	17 # 18
	18 # 30
	19 # 1
Timestep 4:
	0 # 16
	1 # 25
	2 # 45
	3 # 15
	4 # 52
	5 # 14
	6 # 54
	7 # 44
	8 # 49
	9 # 28
	10 # 51
	11 # 46
	12 # 43
	13 # 23
	14 # 21
	15 # 19
	16 # 47
	17 # 18
	18 # 26
	19 # 17
Timestep 5:
	0 # 48
	1 # 57
	2 # 13
	3 # 31
	4 # 52
	5 # 6
	6 # 38
	7 # 60
	8 # 53
	9 # 12
	10 # 49
	11 # 42
	12 # 41
	13 # 7
	14 # 29
	15 # 23
	16 # 47
	17 # 26
	18 # 27
	19 # 16

