Solution makespan:6
Timestep 0:
	0 # 34
	1 # 28
	2 # 61
	3 # 21
	4 # 36
	5 # 3
	6 # 9
	7 # 2
	8 # 8
	9 # 15
	10 # 39
	11 # 38
	12 # 48
	13 # 62
	14 # 13
	15 # 25
Timestep 1:
	0 # 42
	1 # 29
	2 # 60
	3 # 21
	4 # 44
	5 # 3
	6 # 25
	7 # 2
	8 # 24
	9 # 14
	10 # 47
	11 # 39
	12 # 48
	13 # 54
	14 # 15
	15 # 57
Timestep 2:
	0 # 34
	1 # 61
	2 # 28
	3 # 20
	4 # 44
	5 # 35
	6 # 29
	7 # 18
	8 # 56
	9 # 14
	10 # 43
	11 # 55
	12 # 32
	13 # 50
	14 # 31
	15 # 59
Timestep 3:
	0 # 2
	1 # 57
	2 # 28
	3 # 4
	4 # 45
	5 # 34
	6 # 29
	7 # 22
	8 # 56
	9 # 12
	10 # 41
	11 # 55
	12 # 0
	13 # 54
	14 # 23
	15 # 63
Timestep 4:
	0 # 3
	1 # 25
	2 # 12
	3 # 4
	4 # 47
	5 # 32
	6 # 61
	7 # 22
	8 # 24
	9 # 8
	10 # 40
	11 # 23
	12 # 2
	13 # 62
	14 # 21
	15 # 63
Timestep 5:
	0 # 11
	1 # 29
	2 # 44
	3 # 4
	4 # 15
	5 # 48
	6 # 45
	7 # 20
	8 # 26
	9 # 0
	10 # 8
	11 # 19
	12 # 6
	13 # 30
	14 # 21
	15 # 47
Timestep 6:
	0 # 9
	1 # 29
	2 # 40
	3 # 36
	4 # 31
	5 # 48
	6 # 61
	7 # 16
	8 # 10
	9 # 32
	10 # 24
	11 # 27
	12 # 22
	13 # 62
	14 # 21
	15 # 39

