Solution makespan:6
Timestep 0:
	0 # 32
	1 # 31
	2 # 1
	3 # 52
	4 # 59
	5 # 42
	6 # 6
	7 # 11
Timestep 1:
	0 # 48
	1 # 27
	2 # 33
	3 # 52
	4 # 63
	5 # 10
	6 # 6
	7 # 9
Timestep 2:
	0 # 48
	1 # 11
	2 # 33
	3 # 36
	4 # 31
	5 # 26
	6 # 38
	7 # 41
Timestep 3:
	0 # 56
	1 # 10
	2 # 37
	3 # 44
	4 # 31
	5 # 30
	6 # 39
	7 # 40
Timestep 4:
	0 # 60
	1 # 42
	2 # 36
	3 # 12
	4 # 63
	5 # 28
	6 # 55
	7 # 44
Timestep 5:
	0 # 62
	1 # 40
	2 # 52
	3 # 8
	4 # 55
	5 # 29
	6 # 51
	7 # 44
Timestep 6:
	0 # 62
	1 # 32
	2 # 60
	3 # 40
	4 # 53
	5 # 25
	6 # 19
	7 # 45

