Solution makespan:6
Timestep 0:
	0 # 53
	1 # 23
	2 # 36
	3 # 43
	4 # 19
	5 # 1
	6 # 25
	7 # 33
Timestep 1:
	0 # 52
	1 # 55
	2 # 37
	3 # 43
	4 # 19
	5 # 0
	6 # 27
	7 # 41
Timestep 2:
	0 # 48
	1 # 39
	2 # 37
	3 # 47
	4 # 18
	5 # 32
	6 # 31
	7 # 45
Timestep 3:
	0 # 50
	1 # 35
	2 # 33
	3 # 39
	4 # 16
	5 # 32
	6 # 63
	7 # 13
Timestep 4:
	0 # 18
	1 # 34
	2 # 33
	3 # 38
	4 # 16
	5 # 40
	6 # 31
	7 # 29
Timestep 5:
	0 # 26
	1 # 38
	2 # 35
	3 # 36
	4 # 24
	5 # 32
	6 # 27
	7 # 21
Timestep 6:
	0 # 10
	1 # 39
	2 # 51
	3 # 44
	4 # 8
	5 # 34
	6 # 59
	7 # 5

