Solution makespan:5
Timestep 0:
	0 # 13
	1 # 9
	2 # 30
	3 # 31
	4 # 54
	5 # 59
	6 # 60
	7 # 16
	8 # 37
	9 # 49
	10 # 2
	11 # 47
	12 # 7
	13 # 18
	14 # 1
	15 # 32
	16 # 36
	17 # 10
	18 # 20
	19 # 43
	20 # 21
	21 # 33
	22 # 24
	23 # 44
	24 # 17
	25 # 40
	26 # 52
	27 # 27
	28 # 28
	29 # 11
	30 # 19
	31 # 58
Timestep 1:
	0 # 45
	1 # 25
	2 # 28
	3 # 27
	4 # 62
	5 # 51
	6 # 44
	7 # 48
	8 # 39
	9 # 57
	10 # 6
	11 # 15
	12 # 7
	13 # 50
	14 # 3
	15 # 0
	16 # 32
	17 # 14
	18 # 20
	19 # 47
	20 # 29
	21 # 1
	22 # 16
	23 # 12
	24 # 49
	25 # 41
	26 # 53
	27 # 26
	28 # 24
	29 # 11
	30 # 18
	31 # 42
Timestep 2:
	0 # 37
	1 # 57
	2 # 60
	3 # 19
	4 # 63
	5 # 35
	6 # 46
	7 # 56
	8 # 38
	9 # 59
	10 # 6
	11 # 31
	12 # 15
	13 # 18
	14 # 2
	15 # 0
	16 # 48
	17 # 14
	18 # 4
	19 # 45
	20 # 29
	21 # 9
	22 # 20
	23 # 13
	24 # 51
	25 # 33
	26 # 21
	27 # 24
	28 # 8
	29 # 11
	30 # 22
	31 # 10
Timestep 3:
	0 # 39
	1 # 56
	2 # 52
	3 # 51
	4 # 63
	5 # 3
	6 # 62
	7 # 40
	8 # 38
	9 # 59
	10 # 7
	11 # 27
	12 # 11
	13 # 26
	14 # 34
	15 # 1
	16 # 16
	17 # 15
	18 # 12
	19 # 61
	20 # 28
	21 # 8
	22 # 20
	23 # 5
	24 # 55
	25 # 33
	26 # 23
	27 # 25
	28 # 0
	29 # 9
	30 # 30
	31 # 10
Timestep 4:
	0 # 7
	1 # 58
	2 # 36
	3 # 49
	4 # 59
	5 # 35
	6 # 46
	7 # 40
	8 # 34
	9 # 27
	10 # 5
	11 # 19
	12 # 43
	13 # 10
	14 # 32
	15 # 17
	16 # 18
	17 # 47
	18 # 8
	19 # 61
	20 # 60
	21 # 24
	22 # 22
	23 # 4
	24 # 55
	25 # 37
	26 # 21
	27 # 57
	28 # 1
	29 # 41
	30 # 26
	31 # 2
Timestep 5:
	0 # 23
	1 # 59
	2 # 36
	3 # 33
	4 # 51
	5 # 39
	6 # 47
	7 # 32
	8 # 50
	9 # 31
	10 # 4
	11 # 19
	12 # 35
	13 # 2
	14 # 48
	15 # 17
	16 # 18
	17 # 43
	18 # 40
	19 # 53
	20 # 62
	21 # 56
	22 # 54
	23 # 6
	24 # 63
	25 # 45
	26 # 5
	27 # 49
	28 # 9
	29 # 57
	30 # 10
	31 # 3

