Solution makespan:5
Timestep 0:
	0 # 35
	1 # 44
	2 # 19
	3 # 53
	4 # 11
	5 # 39
	6 # 27
	7 # 63
	8 # 28
	9 # 7
	10 # 50
	11 # 56
	12 # 59
	13 # 34
	14 # 1
	15 # 6
Timestep 1:
	0 # 43
	1 # 44
	2 # 51
	3 # 55
	4 # 11
	5 # 39
	6 # 31
	7 # 47
	8 # 12
	9 # 5
	10 # 58
	11 # 24
	12 # 57
	13 # 50
	14 # 17
	15 # 6
Timestep 2:
	0 # 42
	1 # 36
	2 # 49
	3 # 23
	4 # 43
	5 # 35
	6 # 15
	7 # 39
	8 # 8
	9 # 5
	10 # 50
	11 # 26
	12 # 25
	13 # 48
	14 # 21
	15 # 38
Timestep 3:
	0 # 46
	1 # 37
	2 # 33
	3 # 31
	4 # 42
	5 # 34
	6 # 15
	7 # 35
	8 # 40
	9 # 4
	10 # 50
	11 # 18
	12 # 17
	13 # 56
	14 # 21
	15 # 39
Timestep 4:
	0 # 44
	1 # 36
	2 # 32
	3 # 30
	4 # 43
	5 # 38
	6 # 31
	7 # 34
	8 # 41
	9 # 20
	10 # 18
	11 # 19
	12 # 16
	13 # 48
	14 # 53
	15 # 47
Timestep 5:
	0 # 60
	1 # 36
	2 # 34
	3 # 62
	4 # 59
	5 # 6
	6 # 31
	7 # 2
	8 # 45
	9 # 20
	10 # 22
	11 # 27
	12 # 0
	13 # 52
	14 # 61
	15 # 46

