Solution makespan:5
Timestep 0:
	0 # 62
	1 # 28
	2 # 59
	3 # 20
	4 # 54
	5 # 6
	6 # 25
	7 # 55
	8 # 57
	9 # 32
	10 # 46
	11 # 5
	12 # 11
	13 # 27
	14 # 22
	15 # 31
	16 # 16
	17 # 15
	18 # 19
	19 # 7
	20 # 34
	21 # 17
	22 # 37
	23 # 41
Timestep 1:
	0 # 62
	1 # 20
	2 # 27
	3 # 4
	4 # 50
	5 # 38
	6 # 29
	7 # 53
	8 # 25
	9 # 40
	10 # 44
	11 # 5
	12 # 9
	13 # 19
	14 # 54
	15 # 30
	16 # 17
	17 # 31
	18 # 23
	19 # 7
	20 # 42
	21 # 1
	22 # 36
	23 # 41
Timestep 2:
	0 # 54
	1 # 16
	2 # 11
	3 # 6
	4 # 51
	5 # 38
	6 # 13
	7 # 49
	8 # 17
	9 # 56
	10 # 46
	11 # 7
	12 # 8
	13 # 23
	14 # 52
	15 # 14
	16 # 1
	17 # 15
	18 # 21
	19 # 3
	20 # 10
	21 # 0
	22 # 4
	23 # 41
Timestep 3:
	0 # 22
	1 # 18
	2 # 9
	3 # 4
	4 # 51
	5 # 36
	6 # 45
	7 # 17
	8 # 19
	9 # 58
	10 # 62
	11 # 3
	12 # 24
	13 # 7
	14 # 48
	15 # 10
	16 # 5
	17 # 14
	18 # 53
	19 # 35
	20 # 8
	21 # 2
	22 # 12
	23 # 57
Timestep 4:
	0 # 30
	1 # 50
	2 # 1
	3 # 36
	4 # 49
	5 # 52
	6 # 41
	7 # 16
	8 # 18
	9 # 26
	10 # 54
	11 # 3
	12 # 24
	13 # 15
	14 # 56
	15 # 10
	16 # 13
	17 # 46
	18 # 55
	19 # 43
	20 # 0
	21 # 34
	22 # 28
	23 # 25
Timestep 5:
	0 # 14
	1 # 58
	2 # 3
	3 # 44
	4 # 48
	5 # 52
	6 # 33
	7 # 0
	8 # 18
	9 # 26
	10 # 55
	11 # 2
	12 # 28
	13 # 7
	14 # 56
	15 # 42
	16 # 12
	17 # 46
	18 # 51
	19 # 59
	20 # 4
	21 # 38
	22 # 20
	23 # 9

