Solution makespan:5
Timestep 0:
	0 # 63
	1 # 5
	2 # 2
	3 # 32
	4 # 51
	5 # 22
	6 # 12
	7 # 42
	8 # 52
	9 # 23
	10 # 45
	11 # 27
Timestep 1:
	0 # 62
	1 # 4
	2 # 34
	3 # 40
	4 # 59
	5 # 18
	6 # 12
	7 # 43
	8 # 53
	9 # 7
	10 # 13
	11 # 27
Timestep 2:
	0 # 62
	1 # 20
	2 # 2
	3 # 56
	4 # 58
	5 # 26
	6 # 44
	7 # 43
	8 # 49
	9 # 5
	10 # 29
	11 # 11
Timestep 3:
	0 # 62
	1 # 20
	2 # 18
	3 # 60
	4 # 50
	5 # 27
	6 # 40
	7 # 41
	8 # 17
	9 # 21
	10 # 61
	11 # 9
Timestep 4:
	0 # 30
	1 # 21
	2 # 22
	3 # 44
	4 # 50
	5 # 11
	6 # 8
	7 # 33
	8 # 49
	9 # 17
	10 # 45
	11 # 1
Timestep 5:
	0 # 62
	1 # 29
	2 # 54
	3 # 46
	4 # 58
	5 # 43
	6 # 10
	7 # 35
	8 # 51
	9 # 19
	10 # 44
	11 # 3

