Solution makespan:4
Timestep 0:
	0 # 60
	1 # 50
	2 # 35
	3 # 16
	4 # 36
	5 # 51
	6 # 24
	7 # 13
	8 # 27
	9 # 8
	10 # 57
	11 # 42
Timestep 1:
	0 # 61
	1 # 50
	2 # 34
	3 # 16
	4 # 38
	5 # 59
	6 # 8
	7 # 12
	8 # 19
	9 # 9
	10 # 25
	11 # 10
Timestep 2:
	0 # 29
	1 # 58
	2 # 34
	3 # 18
	4 # 39
	5 # 59
	6 # 0
	7 # 44
	8 # 17
	9 # 13
	10 # 25
	11 # 14
Timestep 3:
	0 # 13
	1 # 26
	2 # 38
	3 # 19
	4 # 35
	5 # 57
	6 # 8
	7 # 36
	8 # 1
	9 # 45
	10 # 27
	11 # 6
Timestep 4:
	0 # 45
	1 # 27
	2 # 54
	3 # 3
	4 # 43
	5 # 25
	6 # 8
	7 # 32
	8 # 1
	9 # 44
	10 # 19
	11 # 14

