Solution makespan:5
Timestep 0:
	0 # 58
	1 # 26
	2 # 36
	3 # 38
	4 # 4
	5 # 8
	6 # 1
	7 # 57
	8 # 53
	9 # 62
	10 # 28
	11 # 7
	12 # 24
	13 # 41
	14 # 37
	15 # 42
Timestep 1:
	0 # 50
	1 # 27
	2 # 52
	3 # 38
	4 # 0
	5 # 8
	6 # 5
	7 # 61
	8 # 53
	9 # 62
	10 # 24
	11 # 39
	12 # 56
	13 # 45
	14 # 36
	15 # 34
Timestep 2:
	0 # 54
	1 # 25
	2 # 60
	3 # 39
	4 # 32
	5 # 12
	6 # 21
	7 # 61
	8 # 49
	9 # 30
	10 # 16
	11 # 37
	12 # 58
	13 # 44
	14 # 4
	15 # 34
Timestep 3:
	0 # 50
	1 # 17
	2 # 44
	3 # 55
	4 # 40
	5 # 4
	6 # 21
	7 # 63
	8 # 57
	9 # 62
	10 # 16
	11 # 5
	12 # 26
	13 # 46
	14 # 0
	15 # 32
Timestep 4:
	0 # 18
	1 # 21
	2 # 45
	3 # 63
	4 # 41
	5 # 12
	6 # 29
	7 # 31
	8 # 59
	9 # 60
	10 # 0
	11 # 1
	12 # 26
	13 # 42
	14 # 8
	15 # 48
Timestep 5:
	0 # 50
	1 # 21
	2 # 45
	3 # 31
	4 # 43
	5 # 44
	6 # 25
	7 # 23
	8 # 59
	9 # 28
	10 # 4
	11 # 9
	12 # 30
	13 # 42
	14 # 8
	15 # 56

