Solution makespan:6
Timestep 0:
	0 # 20
	1 # 22
	2 # 3
	3 # 8
	4 # 5
	5 # 14
	6 # 53
	7 # 18
	8 # 35
	9 # 36
	10 # 61
	11 # 42
	12 # 46
	13 # 48
	14 # 34
	15 # 51
	16 # 27
	17 # 29
	18 # 45
	19 # 9
	20 # 58
	21 # 43
	22 # 0
	23 # 26
	24 # 56
	25 # 54
	26 # 40
	27 # 23
	28 # 32
	29 # 10
	30 # 39
	31 # 44
Timestep 1:
	0 # 16
	1 # 6
	2 # 2
	3 # 0
	4 # 21
	5 # 12
	6 # 61
	7 # 18
	8 # 35
	9 # 52
	10 # 29
	11 # 10
	12 # 38
	13 # 49
	14 # 50
	15 # 55
	16 # 31
	17 # 25
	18 # 37
	19 # 13
	20 # 56
	21 # 41
	22 # 4
	23 # 27
	24 # 57
	25 # 22
	26 # 42
	27 # 19
	28 # 36
	29 # 8
	30 # 47
	31 # 46
Timestep 2:
	0 # 48
	1 # 2
	2 # 34
	3 # 1
	4 # 53
	5 # 8
	6 # 29
	7 # 50
	8 # 51
	9 # 20
	10 # 21
	11 # 11
	12 # 39
	13 # 33
	14 # 58
	15 # 23
	16 # 30
	17 # 9
	18 # 5
	19 # 45
	20 # 40
	21 # 41
	22 # 12
	23 # 31
	24 # 56
	25 # 54
	26 # 10
	27 # 17
	28 # 36
	29 # 24
	30 # 63
	31 # 14
Timestep 3:
	0 # 32
	1 # 18
	2 # 42
	3 # 3
	4 # 37
	5 # 0
	6 # 28
	7 # 58
	8 # 59
	9 # 22
	10 # 20
	11 # 15
	12 # 35
	13 # 33
	14 # 56
	15 # 7
	16 # 62
	17 # 25
	18 # 4
	19 # 44
	20 # 40
	21 # 9
	22 # 14
	23 # 30
	24 # 60
	25 # 54
	26 # 2
	27 # 1
	28 # 52
	29 # 26
	30 # 63
	31 # 10
Timestep 4:
	0 # 48
	1 # 19
	2 # 40
	3 # 35
	4 # 36
	5 # 16
	6 # 24
	7 # 42
	8 # 58
	9 # 23
	10 # 22
	11 # 47
	12 # 43
	13 # 33
	14 # 56
	15 # 6
	16 # 54
	17 # 9
	18 # 0
	19 # 46
	20 # 8
	21 # 13
	22 # 15
	23 # 62
	24 # 61
	25 # 55
	26 # 34
	27 # 17
	28 # 52
	29 # 26
	30 # 59
	31 # 11
Timestep 5:
	0 # 52
	1 # 19
	2 # 56
	3 # 51
	4 # 4
	5 # 18
	6 # 25
	7 # 42
	8 # 62
	9 # 23
	10 # 22
	11 # 39
	12 # 47
	13 # 37
	14 # 60
	15 # 14
	16 # 55
	17 # 9
	18 # 32
	19 # 38
	20 # 12
	21 # 13
	22 # 31
	23 # 46
	24 # 61
	25 # 53
	26 # 50
	27 # 49
	28 # 20
	29 # 30
	30 # 27
	31 # 11
Timestep 6:
	0 # 54
	1 # 27
	2 # 58
	3 # 55
	4 # 20
	5 # 2
	6 # 24
	7 # 40
	8 # 62
	9 # 7
	10 # 6
	11 # 39
	12 # 43
	13 # 37
	14 # 61
	15 # 14
	16 # 23
	17 # 25
	18 # 32
	19 # 46
	20 # 8
	21 # 45
	22 # 31
	23 # 42
	24 # 29
	25 # 21
	26 # 18
	27 # 48
	28 # 16
	29 # 28
	30 # 26
	31 # 11

