Solution makespan:5
Timestep 0:
	0 # 38
	1 # 50
	2 # 4
	3 # 31
	4 # 18
	5 # 49
	6 # 22
	7 # 16
	8 # 17
	9 # 52
	10 # 32
	11 # 43
	12 # 51
	13 # 15
	14 # 40
	15 # 34
	16 # 14
	17 # 30
	18 # 25
	19 # 9
	20 # 0
	21 # 47
	22 # 10
	23 # 24
	24 # 37
	25 # 48
	26 # 3
	27 # 41
Timestep 1:
	0 # 54
	1 # 58
	2 # 12
	3 # 30
	4 # 26
	5 # 51
	6 # 20
	7 # 17
	8 # 1
	9 # 48
	10 # 36
	11 # 42
	12 # 35
	13 # 15
	14 # 56
	15 # 50
	16 # 14
	17 # 22
	18 # 9
	19 # 8
	20 # 4
	21 # 43
	22 # 11
	23 # 24
	24 # 33
	25 # 32
	26 # 3
	27 # 45
Timestep 2:
	0 # 38
	1 # 59
	2 # 28
	3 # 26
	4 # 27
	5 # 19
	6 # 20
	7 # 21
	8 # 0
	9 # 56
	10 # 52
	11 # 34
	12 # 39
	13 # 47
	14 # 60
	15 # 58
	16 # 6
	17 # 30
	18 # 13
	19 # 40
	20 # 36
	21 # 11
	22 # 3
	23 # 8
	24 # 35
	25 # 32
	26 # 1
	27 # 44
Timestep 3:
	0 # 6
	1 # 57
	2 # 29
	3 # 27
	4 # 31
	5 # 17
	6 # 20
	7 # 53
	8 # 0
	9 # 24
	10 # 36
	11 # 2
	12 # 55
	13 # 63
	14 # 62
	15 # 59
	16 # 4
	17 # 28
	18 # 12
	19 # 42
	20 # 37
	21 # 9
	22 # 7
	23 # 10
	24 # 43
	25 # 34
	26 # 5
	27 # 60
Timestep 4:
	0 # 22
	1 # 56
	2 # 25
	3 # 27
	4 # 15
	5 # 21
	6 # 20
	7 # 53
	8 # 1
	9 # 24
	10 # 44
	11 # 0
	12 # 23
	13 # 55
	14 # 54
	15 # 57
	16 # 12
	17 # 28
	18 # 14
	19 # 42
	20 # 45
	21 # 9
	22 # 6
	23 # 26
	24 # 43
	25 # 2
	26 # 13
	27 # 52
Timestep 5:
	0 # 30
	1 # 60
	2 # 24
	3 # 25
	4 # 13
	5 # 23
	6 # 4
	7 # 61
	8 # 3
	9 # 8
	10 # 44
	11 # 32
	12 # 7
	13 # 63
	14 # 62
	15 # 49
	16 # 28
	17 # 20
	18 # 14
	19 # 46
	20 # 47
	21 # 9
	22 # 38
	23 # 27
	24 # 35
	25 # 18
	26 # 29
	27 # 48

