Solution makespan:6
Timestep 0:
	0 # 30
	1 # 40
	2 # 29
	3 # 12
	4 # 43
	5 # 0
	6 # 56
	7 # 16
	8 # 57
	9 # 18
	10 # 20
	11 # 19
	12 # 31
	13 # 23
	14 # 50
	15 # 58
	16 # 34
	17 # 28
	18 # 61
	19 # 21
	20 # 36
	21 # 3
	22 # 9
	23 # 2
	24 # 8
	25 # 15
	26 # 39
	27 # 38
	28 # 48
	29 # 62
	30 # 13
	31 # 25
Timestep 1:
	0 # 31
	1 # 40
	2 # 21
	3 # 12
	4 # 35
	5 # 8
	6 # 60
	7 # 48
	8 # 41
	9 # 26
	10 # 22
	11 # 51
	12 # 15
	13 # 23
	14 # 18
	15 # 56
	16 # 42
	17 # 28
	18 # 57
	19 # 20
	20 # 4
	21 # 1
	22 # 13
	23 # 3
	24 # 10
	25 # 7
	26 # 55
	27 # 46
	28 # 49
	29 # 58
	30 # 45
	31 # 29
Timestep 2:
	0 # 23
	1 # 8
	2 # 21
	3 # 44
	4 # 34
	5 # 24
	6 # 62
	7 # 56
	8 # 43
	9 # 27
	10 # 18
	11 # 49
	12 # 15
	13 # 7
	14 # 16
	15 # 40
	16 # 46
	17 # 12
	18 # 41
	19 # 20
	20 # 4
	21 # 33
	22 # 45
	23 # 19
	24 # 11
	25 # 39
	26 # 54
	27 # 14
	28 # 17
	29 # 59
	30 # 37
	31 # 29
Timestep 3:
	0 # 7
	1 # 9
	2 # 29
	3 # 60
	4 # 34
	5 # 28
	6 # 63
	7 # 58
	8 # 35
	9 # 25
	10 # 2
	11 # 51
	12 # 13
	13 # 5
	14 # 24
	15 # 8
	16 # 47
	17 # 14
	18 # 40
	19 # 22
	20 # 36
	21 # 33
	22 # 44
	23 # 27
	24 # 15
	25 # 55
	26 # 54
	27 # 30
	28 # 49
	29 # 59
	30 # 39
	31 # 61
Timestep 4:
	0 # 23
	1 # 9
	2 # 31
	3 # 28
	4 # 2
	5 # 12
	6 # 61
	7 # 50
	8 # 33
	9 # 25
	10 # 18
	11 # 59
	12 # 13
	13 # 4
	14 # 24
	15 # 10
	16 # 47
	17 # 6
	18 # 42
	19 # 22
	20 # 37
	21 # 41
	22 # 44
	23 # 27
	24 # 7
	25 # 53
	26 # 52
	27 # 30
	28 # 57
	29 # 58
	30 # 35
	31 # 29
Timestep 5:
	0 # 19
	1 # 11
	2 # 30
	3 # 20
	4 # 34
	5 # 4
	6 # 53
	7 # 54
	8 # 35
	9 # 17
	10 # 16
	11 # 59
	12 # 13
	13 # 0
	14 # 28
	15 # 14
	16 # 15
	17 # 38
	18 # 40
	19 # 18
	20 # 5
	21 # 9
	22 # 36
	23 # 26
	24 # 39
	25 # 52
	26 # 60
	27 # 22
	28 # 57
	29 # 58
	30 # 51
	31 # 21
Timestep 6:
	0 # 17
	1 # 43
	2 # 22
	3 # 28
	4 # 42
	5 # 6
	6 # 52
	7 # 54
	8 # 35
	9 # 25
	10 # 24
	11 # 27
	12 # 5
	13 # 0
	14 # 12
	15 # 46
	16 # 31
	17 # 38
	18 # 41
	19 # 50
	20 # 4
	21 # 1
	22 # 44
	23 # 30
	24 # 37
	25 # 48
	26 # 60
	27 # 23
	28 # 56
	29 # 62
	30 # 59
	31 # 53

