Solution makespan:5
Timestep 0:
	0 # 44
	1 # 29
	2 # 60
	3 # 24
	4 # 30
	5 # 39
	6 # 42
	7 # 1
	8 # 37
	9 # 31
	10 # 25
	11 # 12
	12 # 3
	13 # 56
	14 # 4
	15 # 2
	16 # 40
	17 # 21
	18 # 27
	19 # 34
Timestep 1:
	0 # 46
	1 # 25
	2 # 56
	3 # 26
	4 # 62
	5 # 7
	6 # 58
	7 # 33
	8 # 45
	9 # 23
	10 # 17
	11 # 44
	12 # 35
	13 # 48
	14 # 36
	15 # 10
	16 # 42
	17 # 20
	18 # 31
	19 # 38
Timestep 2:
	0 # 38
	1 # 17
	2 # 40
	3 # 27
	4 # 62
	5 # 7
	6 # 56
	7 # 32
	8 # 13
	9 # 22
	10 # 19
	11 # 12
	12 # 35
	13 # 50
	14 # 37
	15 # 26
	16 # 42
	17 # 28
	18 # 29
	19 # 39
Timestep 3:
	0 # 39
	1 # 19
	2 # 41
	3 # 31
	4 # 60
	5 # 7
	6 # 24
	7 # 36
	8 # 9
	9 # 18
	10 # 3
	11 # 44
	12 # 33
	13 # 34
	14 # 37
	15 # 30
	16 # 40
	17 # 28
	18 # 29
	19 # 35
Timestep 4:
	0 # 37
	1 # 27
	2 # 41
	3 # 31
	4 # 28
	5 # 39
	6 # 25
	7 # 38
	8 # 9
	9 # 16
	10 # 3
	11 # 40
	12 # 32
	13 # 34
	14 # 33
	15 # 22
	16 # 8
	17 # 24
	18 # 21
	19 # 43
Timestep 5:
	0 # 37
	1 # 26
	2 # 9
	3 # 23
	4 # 29
	5 # 39
	6 # 57
	7 # 38
	8 # 8
	9 # 48
	10 # 19
	11 # 40
	12 # 32
	13 # 50
	14 # 1
	15 # 54
	16 # 0
	17 # 16
	18 # 5
	19 # 11

