Solution makespan:4
Timestep 0:
	0 # 34
	1 # 24
	2 # 0
	3 # 51
	4 # 32
	5 # 45
	6 # 22
	7 # 43
	8 # 3
	9 # 52
	10 # 27
	11 # 20
	12 # 12
	13 # 47
	14 # 57
	15 # 2
Timestep 1:
	0 # 50
	1 # 56
	2 # 16
	3 # 19
	4 # 48
	5 # 37
	6 # 6
	7 # 43
	8 # 35
	9 # 36
	10 # 27
	11 # 20
	12 # 12
	13 # 47
	14 # 59
	15 # 2
Timestep 2:
	0 # 48
	1 # 60
	2 # 17
	3 # 3
	4 # 16
	5 # 53
	6 # 4
	7 # 42
	8 # 43
	9 # 44
	10 # 26
	11 # 22
	12 # 14
	13 # 15
	14 # 27
	15 # 6
Timestep 3:
	0 # 48
	1 # 62
	2 # 25
	3 # 11
	4 # 17
	5 # 55
	6 # 12
	7 # 34
	8 # 59
	9 # 40
	10 # 30
	11 # 20
	12 # 6
	13 # 7
	14 # 31
	15 # 4
Timestep 4:
	0 # 56
	1 # 63
	2 # 25
	3 # 11
	4 # 19
	5 # 54
	6 # 12
	7 # 32
	8 # 27
	9 # 8
	10 # 26
	11 # 28
	12 # 38
	13 # 5
	14 # 23
	15 # 20

