Solution makespan:5
Timestep 0:
	0 # 15
	1 # 51
	2 # 34
	3 # 29
	4 # 35
	5 # 58
	6 # 48
	7 # 40
	8 # 30
	9 # 31
	10 # 16
	11 # 42
	12 # 54
	13 # 4
	14 # 3
	15 # 20
	16 # 43
	17 # 46
	18 # 11
	19 # 8
	20 # 32
	21 # 47
	22 # 22
	23 # 24
	24 # 36
	25 # 59
	26 # 25
	27 # 26
	28 # 39
	29 # 1
	30 # 18
	31 # 62
Timestep 1:
	0 # 14
	1 # 59
	2 # 50
	3 # 13
	4 # 3
	5 # 42
	6 # 56
	7 # 40
	8 # 26
	9 # 15
	10 # 20
	11 # 34
	12 # 62
	13 # 6
	14 # 7
	15 # 28
	16 # 47
	17 # 44
	18 # 10
	19 # 9
	20 # 48
	21 # 39
	22 # 23
	23 # 8
	24 # 36
	25 # 63
	26 # 29
	27 # 27
	28 # 38
	29 # 1
	30 # 19
	31 # 58
Timestep 2:
	0 # 12
	1 # 43
	2 # 54
	3 # 9
	4 # 11
	5 # 40
	6 # 57
	7 # 32
	8 # 24
	9 # 31
	10 # 22
	11 # 2
	12 # 62
	13 # 6
	14 # 5
	15 # 29
	16 # 46
	17 # 60
	18 # 42
	19 # 41
	20 # 49
	21 # 38
	22 # 7
	23 # 0
	24 # 52
	25 # 47
	26 # 21
	27 # 27
	28 # 34
	29 # 1
	30 # 51
	31 # 59
Timestep 3:
	0 # 28
	1 # 59
	2 # 38
	3 # 9
	4 # 27
	5 # 40
	6 # 61
	7 # 36
	8 # 8
	9 # 29
	10 # 23
	11 # 18
	12 # 54
	13 # 6
	14 # 4
	15 # 25
	16 # 46
	17 # 56
	18 # 58
	19 # 57
	20 # 49
	21 # 34
	22 # 39
	23 # 16
	24 # 20
	25 # 15
	26 # 53
	27 # 26
	28 # 2
	29 # 3
	30 # 55
	31 # 63
Timestep 4:
	0 # 60
	1 # 59
	2 # 38
	3 # 11
	4 # 25
	5 # 32
	6 # 53
	7 # 52
	8 # 0
	9 # 31
	10 # 23
	11 # 19
	12 # 54
	13 # 22
	14 # 36
	15 # 9
	16 # 14
	17 # 56
	18 # 58
	19 # 57
	20 # 33
	21 # 34
	22 # 37
	23 # 16
	24 # 28
	25 # 7
	26 # 21
	27 # 24
	28 # 18
	29 # 35
	30 # 55
	31 # 47
Timestep 5:
	0 # 44
	1 # 27
	2 # 36
	3 # 11
	4 # 17
	5 # 32
	6 # 53
	7 # 52
	8 # 16
	9 # 15
	10 # 31
	11 # 51
	12 # 62
	13 # 18
	14 # 4
	15 # 9
	16 # 46
	17 # 60
	18 # 59
	19 # 49
	20 # 37
	21 # 38
	22 # 5
	23 # 20
	24 # 12
	25 # 6
	26 # 21
	27 # 24
	28 # 2
	29 # 35
	30 # 55
	31 # 63

