Solution makespan:5
Timestep 0:
	0 # 4
	1 # 3
	2 # 58
	3 # 7
	4 # 50
	5 # 57
	6 # 11
	7 # 6
	8 # 33
	9 # 62
	10 # 13
	11 # 31
	12 # 45
	13 # 10
	14 # 34
	15 # 35
	16 # 38
	17 # 0
	18 # 21
	19 # 61
	20 # 39
	21 # 51
	22 # 8
	23 # 5
	24 # 23
	25 # 55
	26 # 15
	27 # 26
	28 # 49
	29 # 20
	30 # 18
	31 # 25
Timestep 1:
	0 # 12
	1 # 1
	2 # 56
	3 # 6
	4 # 50
	5 # 57
	6 # 10
	7 # 4
	8 # 41
	9 # 54
	10 # 15
	11 # 29
	12 # 61
	13 # 42
	14 # 38
	15 # 33
	16 # 36
	17 # 2
	18 # 53
	19 # 60
	20 # 47
	21 # 59
	22 # 9
	23 # 7
	24 # 55
	25 # 51
	26 # 14
	27 # 30
	28 # 48
	29 # 52
	30 # 26
	31 # 25
Timestep 2:
	0 # 8
	1 # 33
	2 # 24
	3 # 22
	4 # 48
	5 # 61
	6 # 26
	7 # 0
	8 # 41
	9 # 54
	10 # 47
	11 # 28
	12 # 45
	13 # 34
	14 # 6
	15 # 32
	16 # 37
	17 # 3
	18 # 49
	19 # 62
	20 # 43
	21 # 27
	22 # 11
	23 # 39
	24 # 51
	25 # 19
	26 # 12
	27 # 31
	28 # 16
	29 # 53
	30 # 58
	31 # 25
Timestep 3:
	0 # 40
	1 # 32
	2 # 28
	3 # 30
	4 # 16
	5 # 63
	6 # 26
	7 # 2
	8 # 45
	9 # 52
	10 # 46
	11 # 20
	12 # 37
	13 # 50
	14 # 6
	15 # 36
	16 # 5
	17 # 1
	18 # 33
	19 # 60
	20 # 11
	21 # 27
	22 # 10
	23 # 47
	24 # 35
	25 # 19
	26 # 4
	27 # 23
	28 # 0
	29 # 61
	30 # 59
	31 # 57
Timestep 4:
	0 # 42
	1 # 48
	2 # 28
	3 # 31
	4 # 16
	5 # 47
	6 # 24
	7 # 34
	8 # 45
	9 # 53
	10 # 38
	11 # 52
	12 # 33
	13 # 50
	14 # 22
	15 # 37
	16 # 4
	17 # 5
	18 # 41
	19 # 44
	20 # 9
	21 # 26
	22 # 2
	23 # 43
	24 # 3
	25 # 51
	26 # 0
	27 # 55
	28 # 8
	29 # 29
	30 # 27
	31 # 25
Timestep 5:
	0 # 58
	1 # 16
	2 # 60
	3 # 31
	4 # 0
	5 # 46
	6 # 56
	7 # 35
	8 # 47
	9 # 21
	10 # 39
	11 # 53
	12 # 33
	13 # 50
	14 # 54
	15 # 37
	16 # 6
	17 # 7
	18 # 41
	19 # 40
	20 # 9
	21 # 30
	22 # 34
	23 # 43
	24 # 11
	25 # 49
	26 # 1
	27 # 51
	28 # 12
	29 # 61
	30 # 25
	31 # 17

