Solution makespan:6
Timestep 0:
	0 # 52
	1 # 21
	2 # 54
	3 # 22
	4 # 57
	5 # 33
	6 # 56
	7 # 30
Timestep 1:
	0 # 54
	1 # 20
	2 # 55
	3 # 6
	4 # 57
	5 # 37
	6 # 48
	7 # 14
Timestep 2:
	0 # 62
	1 # 52
	2 # 39
	3 # 6
	4 # 41
	5 # 5
	6 # 32
	7 # 46
Timestep 3:
	0 # 62
	1 # 53
	2 # 47
	3 # 22
	4 # 43
	5 # 5
	6 # 0
	7 # 44
Timestep 4:
	0 # 63
	1 # 21
	2 # 15
	3 # 18
	4 # 42
	5 # 4
	6 # 1
	7 # 40
Timestep 5:
	0 # 47
	1 # 17
	2 # 15
	3 # 19
	4 # 46
	5 # 12
	6 # 9
	7 # 41
Timestep 6:
	0 # 63
	1 # 17
	2 # 31
	3 # 19
	4 # 62
	5 # 44
	6 # 9
	7 # 33

