Solution makespan:4
Timestep 0:
	0 # 36
	1 # 28
	2 # 0
	3 # 56
	4 # 34
	5 # 17
	6 # 19
	7 # 10
	8 # 32
	9 # 12
	10 # 48
	11 # 21
Timestep 1:
	0 # 37
	1 # 12
	2 # 2
	3 # 24
	4 # 42
	5 # 49
	6 # 27
	7 # 11
	8 # 36
	9 # 14
	10 # 16
	11 # 20
Timestep 2:
	0 # 37
	1 # 12
	2 # 18
	3 # 25
	4 # 34
	5 # 33
	6 # 27
	7 # 9
	8 # 4
	9 # 30
	10 # 24
	11 # 28
Timestep 3:
	0 # 33
	1 # 4
	2 # 26
	3 # 29
	4 # 38
	5 # 32
	6 # 27
	7 # 1
	8 # 20
	9 # 22
	10 # 25
	11 # 28
Timestep 4:
	0 # 41
	1 # 0
	2 # 27
	3 # 13
	4 # 36
	5 # 34
	6 # 25
	7 # 5
	8 # 21
	9 # 54
	10 # 17
	11 # 20

