Solution makespan:6
Timestep 0:
	0 # 3
	1 # 56
	2 # 4
	3 # 2
	4 # 40
	5 # 21
	6 # 27
	7 # 34
Timestep 1:
	0 # 3
	1 # 57
	2 # 0
	3 # 6
	4 # 44
	5 # 53
	6 # 11
	7 # 2
Timestep 2:
	0 # 19
	1 # 61
	2 # 0
	3 # 22
	4 # 36
	5 # 53
	6 # 43
	7 # 6
Timestep 3:
	0 # 18
	1 # 63
	2 # 4
	3 # 30
	4 # 44
	5 # 55
	6 # 59
	7 # 22
Timestep 4:
	0 # 26
	1 # 47
	2 # 12
	3 # 28
	4 # 45
	5 # 63
	6 # 27
	7 # 22
Timestep 5:
	0 # 58
	1 # 39
	2 # 8
	3 # 29
	4 # 44
	5 # 47
	6 # 26
	7 # 30
Timestep 6:
	0 # 56
	1 # 7
	2 # 9
	3 # 21
	4 # 46
	5 # 47
	6 # 24
	7 # 28

