Solution makespan:6
Timestep 0:
	0 # 16
	1 # 39
	2 # 42
	3 # 32
	4 # 36
	5 # 19
	6 # 20
	7 # 43
	8 # 46
	9 # 4
	10 # 1
	11 # 41
	12 # 52
	13 # 21
	14 # 54
	15 # 22
	16 # 57
	17 # 33
	18 # 56
	19 # 30
Timestep 1:
	0 # 20
	1 # 47
	2 # 10
	3 # 40
	4 # 44
	5 # 27
	6 # 28
	7 # 42
	8 # 62
	9 # 5
	10 # 9
	11 # 45
	12 # 36
	13 # 29
	14 # 52
	15 # 6
	16 # 61
	17 # 41
	18 # 56
	19 # 31
Timestep 2:
	0 # 21
	1 # 63
	2 # 2
	3 # 40
	4 # 12
	5 # 11
	6 # 30
	7 # 46
	8 # 60
	9 # 7
	10 # 25
	11 # 61
	12 # 38
	13 # 28
	14 # 36
	15 # 14
	16 # 29
	17 # 9
	18 # 58
	19 # 15
Timestep 3:
	0 # 53
	1 # 31
	2 # 34
	3 # 42
	4 # 8
	5 # 10
	6 # 30
	7 # 46
	8 # 56
	9 # 7
	10 # 57
	11 # 60
	12 # 39
	13 # 24
	14 # 44
	15 # 14
	16 # 29
	17 # 1
	18 # 50
	19 # 47
Timestep 4:
	0 # 53
	1 # 30
	2 # 34
	3 # 43
	4 # 9
	5 # 8
	6 # 28
	7 # 44
	8 # 24
	9 # 23
	10 # 59
	11 # 52
	12 # 7
	13 # 26
	14 # 40
	15 # 10
	16 # 21
	17 # 17
	18 # 18
	19 # 39
Timestep 5:
	0 # 49
	1 # 28
	2 # 50
	3 # 47
	4 # 9
	5 # 40
	6 # 20
	7 # 12
	8 # 16
	9 # 19
	10 # 43
	11 # 48
	12 # 15
	13 # 26
	14 # 42
	15 # 10
	16 # 53
	17 # 25
	18 # 22
	19 # 38
Timestep 6:
	0 # 57
	1 # 24
	2 # 51
	3 # 45
	4 # 1
	5 # 41
	6 # 20
	7 # 28
	8 # 17
	9 # 27
	10 # 59
	11 # 48
	12 # 7
	13 # 10
	14 # 34
	15 # 11
	16 # 61
	17 # 25
	18 # 6
	19 # 39

