Solution makespan:5
Timestep 0:
	0 # 54
	1 # 36
	2 # 60
	3 # 23
	4 # 30
	5 # 22
	6 # 10
	7 # 45
	8 # 37
	9 # 20
	10 # 24
	11 # 6
	12 # 33
	13 # 62
	14 # 57
	15 # 7
	16 # 50
	17 # 31
	18 # 14
	19 # 25
	20 # 32
	21 # 27
	22 # 5
	23 # 1
Timestep 1:
	0 # 54
	1 # 38
	2 # 56
	3 # 19
	4 # 28
	5 # 20
	6 # 42
	7 # 61
	8 # 37
	9 # 21
	10 # 16
	11 # 6
	12 # 1
	13 # 63
	14 # 41
	15 # 23
	16 # 18
	17 # 15
	18 # 14
	19 # 29
	20 # 0
	21 # 31
	22 # 13
	23 # 9
Timestep 2:
	0 # 62
	1 # 46
	2 # 56
	3 # 27
	4 # 12
	5 # 52
	6 # 58
	7 # 29
	8 # 5
	9 # 20
	10 # 17
	11 # 22
	12 # 1
	13 # 59
	14 # 33
	15 # 21
	16 # 50
	17 # 7
	18 # 10
	19 # 13
	20 # 16
	21 # 15
	22 # 45
	23 # 11
Timestep 3:
	0 # 60
	1 # 62
	2 # 48
	3 # 27
	4 # 8
	5 # 52
	6 # 42
	7 # 31
	8 # 21
	9 # 16
	10 # 19
	11 # 54
	12 # 17
	13 # 59
	14 # 35
	15 # 53
	16 # 58
	17 # 39
	18 # 2
	19 # 12
	20 # 18
	21 # 13
	22 # 44
	23 # 15
Timestep 4:
	0 # 44
	1 # 54
	2 # 50
	3 # 11
	4 # 0
	5 # 48
	6 # 43
	7 # 23
	8 # 20
	9 # 24
	10 # 27
	11 # 52
	12 # 25
	13 # 51
	14 # 3
	15 # 53
	16 # 42
	17 # 7
	18 # 10
	19 # 4
	20 # 22
	21 # 12
	22 # 46
	23 # 47
Timestep 5:
	0 # 44
	1 # 62
	2 # 50
	3 # 9
	4 # 1
	5 # 56
	6 # 41
	7 # 21
	8 # 28
	9 # 8
	10 # 31
	11 # 36
	12 # 17
	13 # 35
	14 # 19
	15 # 37
	16 # 40
	17 # 23
	18 # 11
	19 # 5
	20 # 22
	21 # 12
	22 # 46
	23 # 63

