Solution makespan:6
Timestep 0:
	0 # 63
	1 # 42
	2 # 61
	3 # 12
	4 # 45
	5 # 22
	6 # 24
	7 # 47
	8 # 2
	9 # 37
	10 # 50
	11 # 44
	12 # 55
	13 # 53
	14 # 41
	15 # 28
	16 # 13
	17 # 57
	18 # 39
	19 # 15
Timestep 1:
	0 # 59
	1 # 46
	2 # 63
	3 # 4
	4 # 44
	5 # 20
	6 # 56
	7 # 43
	8 # 2
	9 # 5
	10 # 48
	11 # 12
	12 # 54
	13 # 21
	14 # 40
	15 # 60
	16 # 13
	17 # 41
	18 # 7
	19 # 47
Timestep 2:
	0 # 58
	1 # 62
	2 # 55
	3 # 36
	4 # 12
	5 # 28
	6 # 57
	7 # 11
	8 # 18
	9 # 1
	10 # 32
	11 # 4
	12 # 52
	13 # 21
	14 # 56
	15 # 44
	16 # 15
	17 # 9
	18 # 6
	19 # 39
Timestep 3:
	0 # 50
	1 # 60
	2 # 54
	3 # 52
	4 # 13
	5 # 12
	6 # 25
	7 # 9
	8 # 16
	9 # 17
	10 # 33
	11 # 6
	12 # 48
	13 # 53
	14 # 24
	15 # 46
	16 # 47
	17 # 41
	18 # 2
	19 # 7
Timestep 4:
	0 # 51
	1 # 61
	2 # 50
	3 # 20
	4 # 9
	5 # 44
	6 # 27
	7 # 8
	8 # 48
	9 # 49
	10 # 1
	11 # 2
	12 # 32
	13 # 55
	14 # 28
	15 # 42
	16 # 45
	17 # 43
	18 # 3
	19 # 6
Timestep 5:
	0 # 35
	1 # 29
	2 # 54
	3 # 52
	4 # 9
	5 # 40
	6 # 31
	7 # 8
	8 # 48
	9 # 53
	10 # 5
	11 # 3
	12 # 33
	13 # 51
	14 # 28
	15 # 34
	16 # 37
	17 # 42
	18 # 7
	19 # 38
Timestep 6:
	0 # 39
	1 # 61
	2 # 62
	3 # 53
	4 # 11
	5 # 40
	6 # 15
	7 # 24
	8 # 50
	9 # 21
	10 # 13
	11 # 19
	12 # 41
	13 # 55
	14 # 60
	15 # 35
	16 # 37
	17 # 58
	18 # 23
	19 # 36

