Solution makespan:5
Timestep 0:
	0 # 57
	1 # 37
	2 # 53
	3 # 47
	4 # 52
	5 # 25
	6 # 17
	7 # 7
	8 # 54
	9 # 0
	10 # 50
	11 # 5
Timestep 1:
	0 # 61
	1 # 39
	2 # 49
	3 # 15
	4 # 53
	5 # 9
	6 # 25
	7 # 7
	8 # 62
	9 # 8
	10 # 51
	11 # 13
Timestep 2:
	0 # 60
	1 # 38
	2 # 33
	3 # 7
	4 # 37
	5 # 8
	6 # 24
	7 # 6
	8 # 62
	9 # 10
	10 # 49
	11 # 13
Timestep 3:
	0 # 44
	1 # 34
	2 # 1
	3 # 15
	4 # 37
	5 # 0
	6 # 56
	7 # 14
	8 # 63
	9 # 2
	10 # 57
	11 # 5
Timestep 4:
	0 # 36
	1 # 2
	2 # 33
	3 # 7
	4 # 5
	5 # 32
	6 # 24
	7 # 30
	8 # 31
	9 # 0
	10 # 25
	11 # 21
Timestep 5:
	0 # 4
	1 # 3
	2 # 41
	3 # 7
	4 # 37
	5 # 36
	6 # 26
	7 # 62
	8 # 27
	9 # 8
	10 # 29
	11 # 21

