Solution makespan:4
Timestep 0:
	0 # 63
	1 # 34
	2 # 24
	3 # 47
	4 # 42
	5 # 31
	6 # 32
	7 # 15
	8 # 46
	9 # 50
	10 # 30
	11 # 13
	12 # 6
	13 # 4
	14 # 21
	15 # 37
Timestep 1:
	0 # 55
	1 # 34
	2 # 8
	3 # 47
	4 # 58
	5 # 23
	6 # 0
	7 # 7
	8 # 46
	9 # 54
	10 # 28
	11 # 15
	12 # 4
	13 # 12
	14 # 53
	15 # 33
Timestep 2:
	0 # 53
	1 # 42
	2 # 12
	3 # 46
	4 # 58
	5 # 21
	6 # 32
	7 # 39
	8 # 38
	9 # 22
	10 # 60
	11 # 15
	12 # 0
	13 # 44
	14 # 61
	15 # 1
Timestep 3:
	0 # 53
	1 # 10
	2 # 14
	3 # 46
	4 # 62
	5 # 20
	6 # 33
	7 # 35
	8 # 38
	9 # 6
	10 # 52
	11 # 47
	12 # 2
	13 # 44
	14 # 63
	15 # 1
Timestep 4:
	0 # 37
	1 # 8
	2 # 15
	3 # 14
	4 # 60
	5 # 22
	6 # 41
	7 # 35
	8 # 39
	9 # 7
	10 # 48
	11 # 46
	12 # 10
	13 # 40
	14 # 31
	15 # 33

