Solution makespan:6
Timestep 0:
	0 # 59
	1 # 19
	2 # 1
	3 # 44
	4 # 17
	5 # 20
	6 # 53
	7 # 47
	8 # 50
	9 # 46
	10 # 26
	11 # 55
	12 # 4
	13 # 3
	14 # 62
	15 # 40
	16 # 11
	17 # 49
	18 # 33
	19 # 45
	20 # 14
	21 # 38
	22 # 12
	23 # 6
	24 # 36
	25 # 18
	26 # 30
	27 # 32
	28 # 13
	29 # 34
	30 # 0
	31 # 51
Timestep 1:
	0 # 59
	1 # 19
	2 # 5
	3 # 60
	4 # 1
	5 # 28
	6 # 21
	7 # 46
	8 # 48
	9 # 38
	10 # 24
	11 # 63
	12 # 12
	13 # 2
	14 # 54
	15 # 44
	16 # 43
	17 # 57
	18 # 32
	19 # 47
	20 # 15
	21 # 34
	22 # 8
	23 # 7
	24 # 52
	25 # 50
	26 # 26
	27 # 0
	28 # 13
	29 # 42
	30 # 16
	31 # 49
Timestep 2:
	0 # 57
	1 # 51
	2 # 4
	3 # 28
	4 # 3
	5 # 29
	6 # 20
	7 # 62
	8 # 49
	9 # 38
	10 # 24
	11 # 63
	12 # 44
	13 # 10
	14 # 52
	15 # 45
	16 # 47
	17 # 41
	18 # 36
	19 # 39
	20 # 7
	21 # 2
	22 # 8
	23 # 23
	24 # 53
	25 # 58
	26 # 27
	27 # 1
	28 # 9
	29 # 46
	30 # 16
	31 # 33
Timestep 3:
	0 # 56
	1 # 49
	2 # 0
	3 # 12
	4 # 35
	5 # 21
	6 # 20
	7 # 60
	8 # 17
	9 # 36
	10 # 25
	11 # 63
	12 # 40
	13 # 14
	14 # 48
	15 # 44
	16 # 47
	17 # 43
	18 # 4
	19 # 38
	20 # 39
	21 # 10
	22 # 8
	23 # 31
	24 # 55
	25 # 59
	26 # 11
	27 # 3
	28 # 41
	29 # 62
	30 # 24
	31 # 33
Timestep 4:
	0 # 58
	1 # 49
	2 # 2
	3 # 4
	4 # 34
	5 # 21
	6 # 16
	7 # 44
	8 # 17
	9 # 37
	10 # 57
	11 # 61
	12 # 42
	13 # 12
	14 # 56
	15 # 46
	16 # 63
	17 # 59
	18 # 6
	19 # 54
	20 # 38
	21 # 10
	22 # 0
	23 # 31
	24 # 39
	25 # 51
	26 # 9
	27 # 11
	28 # 33
	29 # 60
	30 # 8
	31 # 32
Timestep 5:
	0 # 42
	1 # 33
	2 # 6
	3 # 12
	4 # 32
	5 # 5
	6 # 18
	7 # 45
	8 # 17
	9 # 39
	10 # 57
	11 # 53
	12 # 43
	13 # 28
	14 # 40
	15 # 14
	16 # 59
	17 # 58
	18 # 7
	19 # 52
	20 # 38
	21 # 11
	22 # 0
	23 # 29
	24 # 35
	25 # 55
	26 # 41
	27 # 15
	28 # 1
	29 # 56
	30 # 9
	31 # 36
Timestep 6:
	0 # 34
	1 # 49
	2 # 38
	3 # 14
	4 # 32
	5 # 21
	6 # 22
	7 # 13
	8 # 16
	9 # 7
	10 # 25
	11 # 53
	12 # 47
	13 # 20
	14 # 42
	15 # 30
	16 # 51
	17 # 58
	18 # 3
	19 # 48
	20 # 54
	21 # 27
	22 # 2
	23 # 61
	24 # 39
	25 # 63
	26 # 57
	27 # 31
	28 # 17
	29 # 24
	30 # 11
	31 # 36

