Solution makespan:5
Timestep 0:
	0 # 40
	1 # 14
	2 # 23
	3 # 30
	4 # 44
	5 # 61
	6 # 33
	7 # 41
	8 # 62
	9 # 36
	10 # 0
	11 # 52
	12 # 32
	13 # 24
	14 # 43
	15 # 6
	16 # 17
	17 # 9
	18 # 3
	19 # 10
Timestep 1:
	0 # 40
	1 # 6
	2 # 23
	3 # 22
	4 # 12
	5 # 45
	6 # 41
	7 # 9
	8 # 46
	9 # 44
	10 # 1
	11 # 20
	12 # 48
	13 # 16
	14 # 42
	15 # 38
	16 # 49
	17 # 11
	18 # 19
	19 # 2
Timestep 2:
	0 # 41
	1 # 7
	2 # 22
	3 # 6
	4 # 28
	5 # 37
	6 # 9
	7 # 8
	8 # 14
	9 # 12
	10 # 33
	11 # 21
	12 # 32
	13 # 0
	14 # 10
	15 # 36
	16 # 51
	17 # 15
	18 # 27
	19 # 3
Timestep 3:
	0 # 9
	1 # 7
	2 # 54
	3 # 2
	4 # 20
	5 # 33
	6 # 25
	7 # 8
	8 # 6
	9 # 12
	10 # 32
	11 # 5
	12 # 34
	13 # 4
	14 # 42
	15 # 36
	16 # 35
	17 # 13
	18 # 31
	19 # 11
Timestep 4:
	0 # 9
	1 # 39
	2 # 38
	3 # 10
	4 # 16
	5 # 33
	6 # 24
	7 # 8
	8 # 14
	9 # 12
	10 # 32
	11 # 5
	12 # 2
	13 # 6
	14 # 34
	15 # 44
	16 # 3
	17 # 45
	18 # 31
	19 # 11
Timestep 5:
	0 # 25
	1 # 35
	2 # 46
	3 # 10
	4 # 24
	5 # 49
	6 # 26
	7 # 9
	8 # 14
	9 # 13
	10 # 36
	11 # 21
	12 # 18
	13 # 7
	14 # 50
	15 # 60
	16 # 19
	17 # 61
	18 # 15
	19 # 11

