Solution makespan:4
Timestep 0:
	0 # 7
	1 # 20
	2 # 28
	3 # 6
	4 # 27
	5 # 25
	6 # 54
	7 # 50
	8 # 62
	9 # 23
	10 # 63
	11 # 49
Timestep 1:
	0 # 15
	1 # 20
	2 # 28
	3 # 22
	4 # 27
	5 # 9
	6 # 52
	7 # 54
	8 # 60
	9 # 31
	10 # 47
	11 # 51
Timestep 2:
	0 # 13
	1 # 16
	2 # 24
	3 # 30
	4 # 11
	5 # 9
	6 # 36
	7 # 22
	8 # 28
	9 # 29
	10 # 39
	11 # 51
Timestep 3:
	0 # 13
	1 # 18
	2 # 56
	3 # 26
	4 # 10
	5 # 25
	6 # 52
	7 # 30
	8 # 28
	9 # 21
	10 # 55
	11 # 50
Timestep 4:
	0 # 45
	1 # 16
	2 # 40
	3 # 26
	4 # 42
	5 # 17
	6 # 36
	7 # 14
	8 # 12
	9 # 53
	10 # 63
	11 # 58

