Solution makespan:6
Timestep 0:
	0 # 37
	1 # 20
	2 # 24
	3 # 6
	4 # 33
	5 # 62
	6 # 57
	7 # 7
	8 # 50
	9 # 31
	10 # 14
	11 # 25
	12 # 32
	13 # 27
	14 # 5
	15 # 1
Timestep 1:
	0 # 45
	1 # 52
	2 # 8
	3 # 38
	4 # 32
	5 # 58
	6 # 41
	7 # 39
	8 # 34
	9 # 23
	10 # 15
	11 # 29
	12 # 48
	13 # 11
	14 # 13
	15 # 5
Timestep 2:
	0 # 41
	1 # 20
	2 # 10
	3 # 38
	4 # 36
	5 # 56
	6 # 9
	7 # 47
	8 # 2
	9 # 21
	10 # 15
	11 # 29
	12 # 48
	13 # 3
	14 # 12
	15 # 37
Timestep 3:
	0 # 9
	1 # 21
	2 # 11
	3 # 39
	4 # 4
	5 # 60
	6 # 13
	7 # 63
	8 # 2
	9 # 17
	10 # 15
	11 # 31
	12 # 16
	13 # 7
	14 # 8
	15 # 53
Timestep 4:
	0 # 9
	1 # 17
	2 # 10
	3 # 37
	4 # 20
	5 # 44
	6 # 45
	7 # 63
	8 # 34
	9 # 16
	10 # 47
	11 # 30
	12 # 18
	13 # 6
	14 # 40
	15 # 21
Timestep 5:
	0 # 41
	1 # 49
	2 # 2
	3 # 33
	4 # 28
	5 # 36
	6 # 37
	7 # 47
	8 # 50
	9 # 48
	10 # 45
	11 # 31
	12 # 26
	13 # 38
	14 # 42
	15 # 29
Timestep 6:
	0 # 40
	1 # 17
	2 # 34
	3 # 1
	4 # 12
	5 # 38
	6 # 5
	7 # 47
	8 # 54
	9 # 32
	10 # 45
	11 # 23
	12 # 18
	13 # 6
	14 # 58
	15 # 61

