Solution makespan:5
Timestep 0:
	0 # 13
	1 # 26
	2 # 23
	3 # 25
	4 # 5
	5 # 18
	6 # 21
	7 # 33
	8 # 39
	9 # 45
	10 # 52
	11 # 24
	12 # 35
	13 # 58
	14 # 2
	15 # 8
	16 # 61
	17 # 38
	18 # 59
	19 # 16
Timestep 1:
	0 # 9
	1 # 26
	2 # 31
	3 # 29
	4 # 7
	5 # 16
	6 # 5
	7 # 32
	8 # 55
	9 # 45
	10 # 53
	11 # 56
	12 # 33
	13 # 59
	14 # 10
	15 # 0
	16 # 63
	17 # 6
	18 # 57
	19 # 17
Timestep 2:
	0 # 25
	1 # 24
	2 # 30
	3 # 29
	4 # 39
	5 # 0
	6 # 5
	7 # 32
	8 # 53
	9 # 61
	10 # 37
	11 # 60
	12 # 33
	13 # 43
	14 # 11
	15 # 1
	16 # 63
	17 # 22
	18 # 59
	19 # 19
Timestep 3:
	0 # 24
	1 # 56
	2 # 28
	3 # 61
	4 # 38
	5 # 0
	6 # 37
	7 # 36
	8 # 21
	9 # 45
	10 # 33
	11 # 44
	12 # 49
	13 # 47
	14 # 15
	15 # 3
	16 # 63
	17 # 30
	18 # 57
	19 # 19
Timestep 4:
	0 # 16
	1 # 56
	2 # 29
	3 # 63
	4 # 36
	5 # 4
	6 # 39
	7 # 52
	8 # 53
	9 # 44
	10 # 33
	11 # 46
	12 # 57
	13 # 15
	14 # 31
	15 # 19
	16 # 47
	17 # 26
	18 # 59
	19 # 17
Timestep 5:
	0 # 48
	1 # 57
	2 # 13
	3 # 31
	4 # 52
	5 # 6
	6 # 38
	7 # 60
	8 # 53
	9 # 12
	10 # 49
	11 # 42
	12 # 41
	13 # 7
	14 # 29
	15 # 23
	16 # 47
	17 # 26
	18 # 27
	19 # 16

