Solution makespan:4
Timestep 0:
	0 # 56
	1 # 44
	2 # 49
	3 # 13
	4 # 53
	5 # 23
	6 # 36
	7 # 43
	8 # 19
	9 # 1
	10 # 25
	11 # 33
Timestep 1:
	0 # 58
	1 # 45
	2 # 53
	3 # 5
	4 # 21
	5 # 22
	6 # 37
	7 # 11
	8 # 27
	9 # 9
	10 # 24
	11 # 32
Timestep 2:
	0 # 26
	1 # 13
	2 # 52
	3 # 21
	4 # 17
	5 # 20
	6 # 45
	7 # 3
	8 # 25
	9 # 41
	10 # 8
	11 # 32
Timestep 3:
	0 # 26
	1 # 9
	2 # 36
	3 # 17
	4 # 19
	5 # 20
	6 # 41
	7 # 3
	8 # 24
	9 # 33
	10 # 10
	11 # 32
Timestep 4:
	0 # 58
	1 # 25
	2 # 44
	3 # 16
	4 # 3
	5 # 28
	6 # 57
	7 # 35
	8 # 24
	9 # 49
	10 # 2
	11 # 48

