Solution makespan:6
Timestep 0:
	0 # 59
	1 # 24
	2 # 61
	3 # 46
	4 # 18
	5 # 10
	6 # 53
	7 # 34
	8 # 28
	9 # 45
	10 # 23
	11 # 31
	12 # 9
	13 # 6
	14 # 17
	15 # 35
	16 # 3
	17 # 55
	18 # 7
	19 # 63
Timestep 1:
	0 # 59
	1 # 25
	2 # 29
	3 # 62
	4 # 18
	5 # 2
	6 # 21
	7 # 42
	8 # 20
	9 # 44
	10 # 55
	11 # 27
	12 # 41
	13 # 14
	14 # 49
	15 # 34
	16 # 1
	17 # 54
	18 # 6
	19 # 47
Timestep 2:
	0 # 51
	1 # 24
	2 # 31
	3 # 62
	4 # 26
	5 # 3
	6 # 53
	7 # 58
	8 # 16
	9 # 60
	10 # 63
	11 # 19
	12 # 9
	13 # 10
	14 # 33
	15 # 2
	16 # 17
	17 # 50
	18 # 4
	19 # 43
Timestep 3:
	0 # 51
	1 # 16
	2 # 31
	3 # 46
	4 # 26
	5 # 1
	6 # 37
	7 # 50
	8 # 20
	9 # 62
	10 # 47
	11 # 19
	12 # 11
	13 # 8
	14 # 32
	15 # 18
	16 # 25
	17 # 34
	18 # 4
	19 # 59
Timestep 4:
	0 # 51
	1 # 18
	2 # 27
	3 # 46
	4 # 10
	5 # 17
	6 # 53
	7 # 48
	8 # 28
	9 # 62
	10 # 47
	11 # 3
	12 # 15
	13 # 9
	14 # 36
	15 # 22
	16 # 25
	17 # 42
	18 # 0
	19 # 57
Timestep 5:
	0 # 19
	1 # 18
	2 # 27
	3 # 44
	4 # 8
	5 # 21
	6 # 55
	7 # 49
	8 # 30
	9 # 46
	10 # 45
	11 # 3
	12 # 13
	13 # 1
	14 # 38
	15 # 23
	16 # 24
	17 # 58
	18 # 16
	19 # 61
Timestep 6:
	0 # 23
	1 # 26
	2 # 59
	3 # 40
	4 # 8
	5 # 53
	6 # 63
	7 # 49
	8 # 14
	9 # 42
	10 # 45
	11 # 2
	12 # 15
	13 # 5
	14 # 34
	15 # 21
	16 # 28
	17 # 62
	18 # 24
	19 # 57

