Solution makespan:6
Timestep 0:
	0 # 48
	1 # 11
	2 # 27
	3 # 46
	4 # 3
	5 # 63
	6 # 44
	7 # 36
	8 # 13
	9 # 26
	10 # 23
	11 # 25
	12 # 5
	13 # 18
	14 # 21
	15 # 33
	16 # 39
	17 # 45
	18 # 52
	19 # 24
	20 # 35
	21 # 58
	22 # 2
	23 # 8
	24 # 61
	25 # 38
	26 # 59
	27 # 16
Timestep 1:
	0 # 56
	1 # 15
	2 # 31
	3 # 42
	4 # 11
	5 # 47
	6 # 60
	7 # 44
	8 # 13
	9 # 30
	10 # 21
	11 # 17
	12 # 7
	13 # 19
	14 # 20
	15 # 33
	16 # 55
	17 # 37
	18 # 48
	19 # 8
	20 # 35
	21 # 50
	22 # 18
	23 # 9
	24 # 45
	25 # 39
	26 # 43
	27 # 24
Timestep 2:
	0 # 40
	1 # 47
	2 # 63
	3 # 10
	4 # 27
	5 # 39
	6 # 62
	7 # 45
	8 # 5
	9 # 28
	10 # 17
	11 # 16
	12 # 6
	13 # 23
	14 # 20
	15 # 1
	16 # 54
	17 # 53
	18 # 56
	19 # 12
	20 # 34
	21 # 58
	22 # 18
	23 # 25
	24 # 41
	25 # 35
	26 # 11
	27 # 24
Timestep 3:
	0 # 44
	1 # 63
	2 # 61
	3 # 11
	4 # 27
	5 # 38
	6 # 30
	7 # 45
	8 # 7
	9 # 12
	10 # 19
	11 # 0
	12 # 22
	13 # 55
	14 # 28
	15 # 3
	16 # 54
	17 # 21
	18 # 56
	19 # 14
	20 # 34
	21 # 42
	22 # 16
	23 # 25
	24 # 41
	25 # 33
	26 # 9
	27 # 26
Timestep 4:
	0 # 12
	1 # 59
	2 # 57
	3 # 27
	4 # 26
	5 # 36
	6 # 31
	7 # 45
	8 # 23
	9 # 8
	10 # 51
	11 # 0
	12 # 6
	13 # 53
	14 # 20
	15 # 35
	16 # 38
	17 # 5
	18 # 40
	19 # 15
	20 # 34
	21 # 46
	22 # 17
	23 # 24
	24 # 43
	25 # 41
	26 # 13
	27 # 10
Timestep 5:
	0 # 44
	1 # 43
	2 # 49
	3 # 19
	4 # 24
	5 # 4
	6 # 23
	7 # 45
	8 # 22
	9 # 9
	10 # 51
	11 # 8
	12 # 2
	13 # 55
	14 # 52
	15 # 3
	16 # 6
	17 # 1
	18 # 56
	19 # 7
	20 # 50
	21 # 46
	22 # 21
	23 # 25
	24 # 47
	25 # 41
	26 # 5
	27 # 42
Timestep 6:
	0 # 12
	1 # 59
	2 # 53
	3 # 17
	4 # 24
	5 # 20
	6 # 55
	7 # 37
	8 # 30
	9 # 13
	10 # 35
	11 # 10
	12 # 18
	13 # 51
	14 # 36
	15 # 11
	16 # 6
	17 # 33
	18 # 48
	19 # 39
	20 # 50
	21 # 14
	22 # 21
	23 # 27
	24 # 15
	25 # 40
	26 # 4
	27 # 42

