Solution makespan:5
Timestep 0:
	0 # 63
	1 # 5
	2 # 2
	3 # 32
	4 # 51
	5 # 22
	6 # 12
	7 # 42
	8 # 52
	9 # 23
	10 # 45
	11 # 27
Timestep 1:
	0 # 62
	1 # 4
	2 # 18
	3 # 32
	4 # 51
	5 # 54
	6 # 12
	7 # 10
	8 # 53
	9 # 31
	10 # 61
	11 # 19
Timestep 2:
	0 # 58
	1 # 12
	2 # 50
	3 # 40
	4 # 49
	5 # 62
	6 # 14
	7 # 2
	8 # 55
	9 # 31
	10 # 60
	11 # 3
Timestep 3:
	0 # 58
	1 # 12
	2 # 50
	3 # 44
	4 # 51
	5 # 46
	6 # 30
	7 # 34
	8 # 63
	9 # 27
	10 # 52
	11 # 1
Timestep 4:
	0 # 62
	1 # 28
	2 # 50
	3 # 44
	4 # 59
	5 # 47
	6 # 26
	7 # 34
	8 # 55
	9 # 27
	10 # 36
	11 # 1
Timestep 5:
	0 # 62
	1 # 29
	2 # 54
	3 # 46
	4 # 58
	5 # 43
	6 # 10
	7 # 35
	8 # 51
	9 # 19
	10 # 44
	11 # 3

