Solution makespan:5
Timestep 0:
	0 # 62
	1 # 36
	2 # 0
	3 # 52
	4 # 32
	5 # 24
	6 # 43
	7 # 6
	8 # 17
	9 # 9
	10 # 3
	11 # 10
Timestep 1:
	0 # 46
	1 # 38
	2 # 4
	3 # 53
	4 # 48
	5 # 8
	6 # 47
	7 # 7
	8 # 16
	9 # 41
	10 # 35
	11 # 2
Timestep 2:
	0 # 44
	1 # 38
	2 # 20
	3 # 21
	4 # 16
	5 # 10
	6 # 47
	7 # 7
	8 # 0
	9 # 41
	10 # 3
	11 # 18
Timestep 3:
	0 # 36
	1 # 39
	2 # 28
	3 # 21
	4 # 16
	5 # 42
	6 # 46
	7 # 23
	8 # 32
	9 # 33
	10 # 3
	11 # 22
Timestep 4:
	0 # 37
	1 # 35
	2 # 29
	3 # 23
	4 # 24
	5 # 34
	6 # 38
	7 # 22
	8 # 40
	9 # 41
	10 # 19
	11 # 20
Timestep 5:
	0 # 33
	1 # 51
	2 # 61
	3 # 19
	4 # 28
	5 # 50
	6 # 38
	7 # 54
	8 # 44
	9 # 43
	10 # 3
	11 # 21

