Solution makespan:6
Timestep 0:
	0 # 30
	1 # 26
	2 # 62
	3 # 15
	4 # 54
	5 # 41
	6 # 37
	7 # 8
Timestep 1:
	0 # 26
	1 # 10
	2 # 54
	3 # 11
	4 # 38
	5 # 33
	6 # 45
	7 # 24
Timestep 2:
	0 # 24
	1 # 2
	2 # 38
	3 # 9
	4 # 36
	5 # 35
	6 # 45
	7 # 28
Timestep 3:
	0 # 24
	1 # 6
	2 # 46
	3 # 8
	4 # 36
	5 # 3
	6 # 44
	7 # 30
Timestep 4:
	0 # 8
	1 # 7
	2 # 14
	3 # 0
	4 # 4
	5 # 2
	6 # 12
	7 # 22
Timestep 5:
	0 # 24
	1 # 5
	2 # 14
	3 # 16
	4 # 20
	5 # 6
	6 # 44
	7 # 54
Timestep 6:
	0 # 56
	1 # 1
	2 # 30
	3 # 17
	4 # 28
	5 # 22
	6 # 46
	7 # 62

