Solution makespan:5
Timestep 0:
	0 # 55
	1 # 21
	2 # 42
	3 # 22
	4 # 28
	5 # 0
	6 # 36
	7 # 46
	8 # 8
	9 # 13
	10 # 44
	11 # 47
	12 # 19
	13 # 61
	14 # 62
	15 # 43
	16 # 15
	17 # 48
	18 # 24
	19 # 23
Timestep 1:
	0 # 53
	1 # 17
	2 # 46
	3 # 54
	4 # 60
	5 # 1
	6 # 37
	7 # 14
	8 # 40
	9 # 9
	10 # 36
	11 # 39
	12 # 18
	13 # 57
	14 # 63
	15 # 47
	16 # 7
	17 # 48
	18 # 28
	19 # 22
Timestep 2:
	0 # 21
	1 # 16
	2 # 14
	3 # 38
	4 # 52
	5 # 9
	6 # 33
	7 # 15
	8 # 32
	9 # 41
	10 # 36
	11 # 39
	12 # 18
	13 # 25
	14 # 61
	15 # 47
	16 # 3
	17 # 49
	18 # 12
	19 # 6
Timestep 3:
	0 # 17
	1 # 48
	2 # 30
	3 # 46
	4 # 36
	5 # 13
	6 # 33
	7 # 11
	8 # 40
	9 # 43
	10 # 44
	11 # 47
	12 # 2
	13 # 9
	14 # 57
	15 # 45
	16 # 3
	17 # 49
	18 # 14
	19 # 7
Timestep 4:
	0 # 16
	1 # 48
	2 # 28
	3 # 46
	4 # 37
	5 # 9
	6 # 32
	7 # 27
	8 # 8
	9 # 42
	10 # 36
	11 # 15
	12 # 10
	13 # 1
	14 # 41
	15 # 45
	16 # 3
	17 # 49
	18 # 30
	19 # 6
Timestep 5:
	0 # 48
	1 # 50
	2 # 60
	3 # 42
	4 # 53
	5 # 9
	6 # 36
	7 # 25
	8 # 24
	9 # 40
	10 # 4
	11 # 31
	12 # 14
	13 # 0
	14 # 41
	15 # 44
	16 # 11
	17 # 17
	18 # 62
	19 # 6

