Solution makespan:5
Timestep 0:
	0 # 30
	1 # 32
	2 # 23
	3 # 27
	4 # 36
	5 # 9
	6 # 47
	7 # 25
	8 # 0
	9 # 38
	10 # 55
	11 # 14
	12 # 20
	13 # 22
	14 # 24
	15 # 53
Timestep 1:
	0 # 14
	1 # 48
	2 # 23
	3 # 59
	4 # 36
	5 # 41
	6 # 39
	7 # 9
	8 # 2
	9 # 6
	10 # 54
	11 # 15
	12 # 52
	13 # 20
	14 # 8
	15 # 37
Timestep 2:
	0 # 46
	1 # 56
	2 # 21
	3 # 43
	4 # 38
	5 # 33
	6 # 35
	7 # 1
	8 # 6
	9 # 7
	10 # 50
	11 # 47
	12 # 52
	13 # 4
	14 # 40
	15 # 5
Timestep 3:
	0 # 46
	1 # 24
	2 # 20
	3 # 11
	4 # 6
	5 # 37
	6 # 34
	7 # 3
	8 # 14
	9 # 7
	10 # 58
	11 # 39
	12 # 36
	13 # 12
	14 # 40
	15 # 1
Timestep 4:
	0 # 38
	1 # 24
	2 # 4
	3 # 43
	4 # 6
	5 # 5
	6 # 2
	7 # 3
	8 # 14
	9 # 23
	10 # 26
	11 # 37
	12 # 44
	13 # 13
	14 # 41
	15 # 9
Timestep 5:
	0 # 54
	1 # 56
	2 # 20
	3 # 59
	4 # 22
	5 # 21
	6 # 18
	7 # 35
	8 # 14
	9 # 55
	10 # 26
	11 # 39
	12 # 36
	13 # 15
	14 # 45
	15 # 25

