Solution makespan:5
Timestep 0:
	0 # 28
	1 # 24
	2 # 33
	3 # 8
	4 # 19
	5 # 58
	6 # 6
	7 # 39
	8 # 44
	9 # 27
	10 # 23
	11 # 53
Timestep 1:
	0 # 12
	1 # 56
	2 # 33
	3 # 40
	4 # 51
	5 # 58
	6 # 6
	7 # 7
	8 # 36
	9 # 59
	10 # 55
	11 # 52
Timestep 2:
	0 # 44
	1 # 56
	2 # 41
	3 # 42
	4 # 59
	5 # 26
	6 # 2
	7 # 7
	8 # 32
	9 # 58
	10 # 55
	11 # 54
Timestep 3:
	0 # 44
	1 # 24
	2 # 33
	3 # 58
	4 # 63
	5 # 30
	6 # 18
	7 # 15
	8 # 34
	9 # 26
	10 # 55
	11 # 22
Timestep 4:
	0 # 12
	1 # 16
	2 # 1
	3 # 62
	4 # 63
	5 # 28
	6 # 26
	7 # 47
	8 # 35
	9 # 10
	10 # 54
	11 # 30
Timestep 5:
	0 # 4
	1 # 18
	2 # 33
	3 # 60
	4 # 55
	5 # 12
	6 # 24
	7 # 43
	8 # 35
	9 # 11
	10 # 52
	11 # 26

