Solution makespan:5
Timestep 0:
	0 # 23
	1 # 9
	2 # 33
	3 # 28
	4 # 8
	5 # 60
	6 # 43
	7 # 39
	8 # 52
	9 # 0
	10 # 62
	11 # 3
	12 # 61
	13 # 10
	14 # 40
	15 # 53
Timestep 1:
	0 # 22
	1 # 41
	2 # 1
	3 # 60
	4 # 10
	5 # 56
	6 # 35
	7 # 38
	8 # 52
	9 # 32
	10 # 58
	11 # 7
	12 # 61
	13 # 11
	14 # 40
	15 # 21
Timestep 2:
	0 # 20
	1 # 45
	2 # 3
	3 # 52
	4 # 42
	5 # 24
	6 # 33
	7 # 34
	8 # 53
	9 # 36
	10 # 50
	11 # 23
	12 # 63
	13 # 15
	14 # 8
	15 # 17
Timestep 3:
	0 # 28
	1 # 45
	2 # 11
	3 # 48
	4 # 46
	5 # 16
	6 # 49
	7 # 32
	8 # 21
	9 # 44
	10 # 18
	11 # 19
	12 # 62
	13 # 47
	14 # 10
	15 # 17
Timestep 4:
	0 # 12
	1 # 13
	2 # 43
	3 # 50
	4 # 42
	5 # 20
	6 # 49
	7 # 0
	8 # 23
	9 # 44
	10 # 18
	11 # 51
	12 # 46
	13 # 45
	14 # 11
	15 # 17
Timestep 5:
	0 # 28
	1 # 15
	2 # 47
	3 # 34
	4 # 42
	5 # 20
	6 # 33
	7 # 0
	8 # 22
	9 # 60
	10 # 26
	11 # 55
	12 # 14
	13 # 13
	14 # 43
	15 # 1

