Solution makespan:5
Timestep 0:
	0 # 16
	1 # 49
	2 # 63
	3 # 37
	4 # 32
	5 # 59
	6 # 46
	7 # 54
	8 # 47
	9 # 39
	10 # 26
	11 # 51
Timestep 1:
	0 # 18
	1 # 49
	2 # 62
	3 # 36
	4 # 33
	5 # 51
	6 # 38
	7 # 55
	8 # 43
	9 # 37
	10 # 58
	11 # 35
Timestep 2:
	0 # 2
	1 # 57
	2 # 30
	3 # 4
	4 # 1
	5 # 19
	6 # 34
	7 # 55
	8 # 41
	9 # 5
	10 # 58
	11 # 3
Timestep 3:
	0 # 18
	1 # 41
	2 # 14
	3 # 20
	4 # 17
	5 # 23
	6 # 35
	7 # 51
	8 # 33
	9 # 21
	10 # 26
	11 # 2
Timestep 4:
	0 # 19
	1 # 40
	2 # 14
	3 # 16
	4 # 25
	5 # 31
	6 # 33
	7 # 35
	8 # 32
	9 # 23
	10 # 27
	11 # 34
Timestep 5:
	0 # 51
	1 # 40
	2 # 12
	3 # 16
	4 # 57
	5 # 31
	6 # 1
	7 # 39
	8 # 33
	9 # 7
	10 # 11
	11 # 34

