Solution makespan:5
Timestep 0:
	0 # 62
	1 # 46
	2 # 63
	3 # 54
	4 # 14
	5 # 26
	6 # 10
	7 # 61
	8 # 18
	9 # 9
	10 # 24
	11 # 32
Timestep 1:
	0 # 58
	1 # 44
	2 # 47
	3 # 62
	4 # 12
	5 # 24
	6 # 8
	7 # 63
	8 # 18
	9 # 11
	10 # 16
	11 # 34
Timestep 2:
	0 # 42
	1 # 36
	2 # 46
	3 # 58
	4 # 4
	5 # 24
	6 # 40
	7 # 62
	8 # 22
	9 # 43
	10 # 18
	11 # 35
Timestep 3:
	0 # 10
	1 # 52
	2 # 14
	3 # 26
	4 # 4
	5 # 16
	6 # 41
	7 # 60
	8 # 30
	9 # 42
	10 # 19
	11 # 43
Timestep 4:
	0 # 26
	1 # 48
	2 # 15
	3 # 24
	4 # 6
	5 # 0
	6 # 33
	7 # 56
	8 # 22
	9 # 46
	10 # 18
	11 # 47
Timestep 5:
	0 # 27
	1 # 56
	2 # 13
	3 # 8
	4 # 2
	5 # 1
	6 # 49
	7 # 57
	8 # 23
	9 # 62
	10 # 22
	11 # 63

