Solution makespan:6
Timestep 0:
	0 # 7
	1 # 17
	2 # 4
	3 # 12
	4 # 45
	5 # 57
	6 # 42
	7 # 30
	8 # 3
	9 # 63
	10 # 38
	11 # 41
	12 # 55
	13 # 8
	14 # 21
	15 # 1
	16 # 18
	17 # 5
	18 # 24
	19 # 29
	20 # 40
	21 # 20
	22 # 11
	23 # 13
	24 # 15
	25 # 28
	26 # 6
	27 # 49
Timestep 1:
	0 # 7
	1 # 25
	2 # 36
	3 # 8
	4 # 61
	5 # 57
	6 # 10
	7 # 14
	8 # 35
	9 # 62
	10 # 54
	11 # 45
	12 # 53
	13 # 9
	14 # 23
	15 # 17
	16 # 22
	17 # 5
	18 # 16
	19 # 21
	20 # 32
	21 # 20
	22 # 27
	23 # 15
	24 # 47
	25 # 29
	26 # 38
	27 # 51
Timestep 2:
	0 # 15
	1 # 25
	2 # 36
	3 # 40
	4 # 63
	5 # 61
	6 # 14
	7 # 46
	8 # 39
	9 # 58
	10 # 62
	11 # 44
	12 # 21
	13 # 11
	14 # 55
	15 # 16
	16 # 23
	17 # 37
	18 # 0
	19 # 17
	20 # 48
	21 # 52
	22 # 19
	23 # 31
	24 # 43
	25 # 13
	26 # 38
	27 # 59
Timestep 3:
	0 # 47
	1 # 27
	2 # 36
	3 # 41
	4 # 61
	5 # 45
	6 # 6
	7 # 44
	8 # 38
	9 # 26
	10 # 63
	11 # 60
	12 # 5
	13 # 15
	14 # 54
	15 # 18
	16 # 7
	17 # 53
	18 # 32
	19 # 25
	20 # 50
	21 # 48
	22 # 19
	23 # 23
	24 # 42
	25 # 9
	26 # 34
	27 # 57
Timestep 4:
	0 # 43
	1 # 19
	2 # 44
	3 # 57
	4 # 29
	5 # 45
	6 # 2
	7 # 12
	8 # 46
	9 # 26
	10 # 61
	11 # 60
	12 # 4
	13 # 14
	14 # 52
	15 # 22
	16 # 39
	17 # 49
	18 # 40
	19 # 24
	20 # 54
	21 # 48
	22 # 18
	23 # 31
	24 # 58
	25 # 11
	26 # 38
	27 # 25
Timestep 5:
	0 # 11
	1 # 23
	2 # 60
	3 # 25
	4 # 13
	5 # 45
	6 # 3
	7 # 4
	8 # 46
	9 # 26
	10 # 29
	11 # 62
	12 # 0
	13 # 12
	14 # 52
	15 # 18
	16 # 47
	17 # 49
	18 # 56
	19 # 28
	20 # 54
	21 # 32
	22 # 16
	23 # 30
	24 # 50
	25 # 27
	26 # 6
	27 # 17
Timestep 6:
	0 # 3
	1 # 21
	2 # 56
	3 # 57
	4 # 9
	5 # 13
	6 # 7
	7 # 5
	8 # 42
	9 # 10
	10 # 29
	11 # 63
	12 # 8
	13 # 28
	14 # 60
	15 # 18
	16 # 46
	17 # 33
	18 # 24
	19 # 20
	20 # 22
	21 # 40
	22 # 17
	23 # 14
	24 # 58
	25 # 19
	26 # 2
	27 # 1

