Solution makespan:3
Timestep 0:
	0 # 4
	1 # 16
	2 # 43
	3 # 23
	4 # 62
	5 # 46
	6 # 63
	7 # 54
	8 # 14
	9 # 26
	10 # 10
	11 # 61
	12 # 18
	13 # 9
	14 # 24
	15 # 32
Timestep 1:
	0 # 12
	1 # 24
	2 # 43
	3 # 7
	4 # 60
	5 # 38
	6 # 47
	7 # 52
	8 # 30
	9 # 58
	10 # 42
	11 # 29
	12 # 18
	13 # 25
	14 # 8
	15 # 0
Timestep 2:
	0 # 44
	1 # 8
	2 # 41
	3 # 6
	4 # 28
	5 # 39
	6 # 45
	7 # 36
	8 # 26
	9 # 42
	10 # 10
	11 # 13
	12 # 22
	13 # 29
	14 # 40
	15 # 0
Timestep 3:
	0 # 46
	1 # 10
	2 # 45
	3 # 38
	4 # 28
	5 # 55
	6 # 44
	7 # 37
	8 # 26
	9 # 34
	10 # 2
	11 # 12
	12 # 54
	13 # 13
	14 # 32
	15 # 1

