Solution makespan:5
Timestep 0:
	0 # 50
	1 # 46
	2 # 26
	3 # 55
	4 # 4
	5 # 3
	6 # 62
	7 # 40
	8 # 11
	9 # 49
	10 # 33
	11 # 45
	12 # 14
	13 # 38
	14 # 12
	15 # 6
	16 # 36
	17 # 18
	18 # 30
	19 # 32
	20 # 13
	21 # 34
	22 # 0
	23 # 51
Timestep 1:
	0 # 50
	1 # 62
	2 # 30
	3 # 55
	4 # 5
	5 # 11
	6 # 60
	7 # 8
	8 # 15
	9 # 53
	10 # 1
	11 # 37
	12 # 10
	13 # 39
	14 # 4
	15 # 14
	16 # 38
	17 # 19
	18 # 31
	19 # 48
	20 # 45
	21 # 32
	22 # 16
	23 # 49
Timestep 2:
	0 # 58
	1 # 63
	2 # 28
	3 # 54
	4 # 7
	5 # 9
	6 # 61
	7 # 0
	8 # 14
	9 # 55
	10 # 5
	11 # 37
	12 # 11
	13 # 47
	14 # 4
	15 # 12
	16 # 46
	17 # 27
	18 # 15
	19 # 50
	20 # 45
	21 # 32
	22 # 20
	23 # 17
Timestep 3:
	0 # 26
	1 # 61
	2 # 24
	3 # 52
	4 # 39
	5 # 25
	6 # 45
	7 # 1
	8 # 14
	9 # 23
	10 # 4
	11 # 33
	12 # 3
	13 # 47
	14 # 6
	15 # 12
	16 # 44
	17 # 11
	18 # 15
	19 # 50
	20 # 37
	21 # 34
	22 # 16
	23 # 21
Timestep 4:
	0 # 27
	1 # 53
	2 # 56
	3 # 48
	4 # 55
	5 # 29
	6 # 13
	7 # 1
	8 # 30
	9 # 22
	10 # 20
	11 # 49
	12 # 35
	13 # 45
	14 # 2
	15 # 4
	16 # 12
	17 # 43
	18 # 15
	19 # 18
	20 # 36
	21 # 50
	22 # 16
	23 # 5
Timestep 5:
	0 # 27
	1 # 53
	2 # 40
	3 # 56
	4 # 55
	5 # 31
	6 # 9
	7 # 0
	8 # 26
	9 # 30
	10 # 28
	11 # 51
	12 # 39
	13 # 61
	14 # 2
	15 # 36
	16 # 8
	17 # 47
	18 # 7
	19 # 16
	20 # 44
	21 # 54
	22 # 17
	23 # 1

