Solution makespan:5
Timestep 0:
	0 # 8
	1 # 61
	2 # 2
	3 # 43
	4 # 11
	5 # 41
	6 # 5
	7 # 37
	8 # 42
	9 # 54
	10 # 49
	11 # 52
	12 # 1
	13 # 62
	14 # 63
	15 # 57
	16 # 45
	17 # 46
	18 # 0
	19 # 10
	20 # 26
	21 # 34
	22 # 50
	23 # 59
Timestep 1:
	0 # 12
	1 # 60
	2 # 2
	3 # 47
	4 # 9
	5 # 45
	6 # 7
	7 # 5
	8 # 43
	9 # 38
	10 # 57
	11 # 48
	12 # 33
	13 # 30
	14 # 61
	15 # 25
	16 # 37
	17 # 46
	18 # 16
	19 # 26
	20 # 18
	21 # 50
	22 # 51
	23 # 58
Timestep 2:
	0 # 4
	1 # 52
	2 # 6
	3 # 63
	4 # 41
	5 # 44
	6 # 15
	7 # 1
	8 # 47
	9 # 46
	10 # 59
	11 # 49
	12 # 35
	13 # 14
	14 # 45
	15 # 29
	16 # 33
	17 # 62
	18 # 0
	19 # 24
	20 # 2
	21 # 51
	22 # 19
	23 # 56
Timestep 3:
	0 # 36
	1 # 20
	2 # 7
	3 # 31
	4 # 43
	5 # 44
	6 # 15
	7 # 1
	8 # 47
	9 # 46
	10 # 27
	11 # 17
	12 # 35
	13 # 10
	14 # 45
	15 # 29
	16 # 32
	17 # 30
	18 # 8
	19 # 25
	20 # 6
	21 # 49
	22 # 18
	23 # 24
Timestep 4:
	0 # 38
	1 # 16
	2 # 39
	3 # 31
	4 # 35
	5 # 36
	6 # 15
	7 # 0
	8 # 45
	9 # 47
	10 # 26
	11 # 19
	12 # 34
	13 # 8
	14 # 41
	15 # 29
	16 # 48
	17 # 14
	18 # 40
	19 # 25
	20 # 7
	21 # 33
	22 # 18
	23 # 56
Timestep 5:
	0 # 46
	1 # 16
	2 # 38
	3 # 31
	4 # 33
	5 # 4
	6 # 11
	7 # 0
	8 # 45
	9 # 63
	10 # 58
	11 # 3
	12 # 32
	13 # 8
	14 # 57
	15 # 21
	16 # 48
	17 # 6
	18 # 40
	19 # 24
	20 # 7
	21 # 1
	22 # 2
	23 # 56

