Solution makespan:5
Timestep 0:
	0 # 28
	1 # 14
	2 # 17
	3 # 24
	4 # 54
	5 # 62
	6 # 56
	7 # 13
	8 # 61
	9 # 9
	10 # 46
	11 # 15
	12 # 47
	13 # 4
	14 # 35
	15 # 12
	16 # 5
	17 # 45
	18 # 32
	19 # 40
	20 # 58
	21 # 16
	22 # 25
	23 # 1
Timestep 1:
	0 # 24
	1 # 10
	2 # 1
	3 # 26
	4 # 55
	5 # 54
	6 # 56
	7 # 9
	8 # 45
	9 # 8
	10 # 47
	11 # 14
	12 # 15
	13 # 4
	14 # 43
	15 # 12
	16 # 7
	17 # 37
	18 # 34
	19 # 40
	20 # 42
	21 # 18
	22 # 27
	23 # 33
Timestep 2:
	0 # 25
	1 # 2
	2 # 1
	3 # 30
	4 # 39
	5 # 52
	6 # 40
	7 # 11
	8 # 37
	9 # 8
	10 # 43
	11 # 12
	12 # 15
	13 # 5
	14 # 35
	15 # 13
	16 # 23
	17 # 36
	18 # 38
	19 # 44
	20 # 46
	21 # 18
	22 # 59
	23 # 41
Timestep 3:
	0 # 25
	1 # 34
	2 # 33
	3 # 31
	4 # 38
	5 # 54
	6 # 42
	7 # 10
	8 # 37
	9 # 24
	10 # 47
	11 # 12
	12 # 13
	13 # 7
	14 # 51
	15 # 9
	16 # 55
	17 # 32
	18 # 6
	19 # 36
	20 # 44
	21 # 50
	22 # 58
	23 # 40
Timestep 4:
	0 # 57
	1 # 34
	2 # 41
	3 # 31
	4 # 38
	5 # 54
	6 # 43
	7 # 11
	8 # 53
	9 # 56
	10 # 15
	11 # 12
	12 # 45
	13 # 39
	14 # 35
	15 # 1
	16 # 51
	17 # 40
	18 # 14
	19 # 52
	20 # 60
	21 # 58
	22 # 42
	23 # 8
Timestep 5:
	0 # 61
	1 # 42
	2 # 43
	3 # 63
	4 # 38
	5 # 55
	6 # 59
	7 # 15
	8 # 21
	9 # 58
	10 # 13
	11 # 4
	12 # 45
	13 # 47
	14 # 51
	15 # 17
	16 # 49
	17 # 40
	18 # 10
	19 # 20
	20 # 62
	21 # 26
	22 # 46
	23 # 12

