Solution makespan:5
Timestep 0:
	0 # 52
	1 # 2
	2 # 13
	3 # 56
	4 # 16
	5 # 18
	6 # 30
	7 # 38
	8 # 7
	9 # 6
	10 # 53
	11 # 43
	12 # 40
	13 # 33
	14 # 62
	15 # 14
	16 # 61
	17 # 47
	18 # 28
	19 # 27
Timestep 1:
	0 # 48
	1 # 10
	2 # 13
	3 # 40
	4 # 0
	5 # 50
	6 # 31
	7 # 39
	8 # 5
	9 # 2
	10 # 61
	11 # 47
	12 # 8
	13 # 41
	14 # 30
	15 # 46
	16 # 63
	17 # 45
	18 # 24
	19 # 25
Timestep 2:
	0 # 32
	1 # 11
	2 # 15
	3 # 41
	4 # 2
	5 # 51
	6 # 27
	7 # 7
	8 # 1
	9 # 3
	10 # 29
	11 # 63
	12 # 8
	13 # 9
	14 # 22
	15 # 62
	16 # 31
	17 # 13
	18 # 26
	19 # 24
Timestep 3:
	0 # 40
	1 # 9
	2 # 47
	3 # 57
	4 # 2
	5 # 55
	6 # 11
	7 # 23
	8 # 5
	9 # 1
	10 # 31
	11 # 61
	12 # 0
	13 # 8
	14 # 6
	15 # 58
	16 # 30
	17 # 12
	18 # 10
	19 # 56
Timestep 4:
	0 # 44
	1 # 11
	2 # 47
	3 # 25
	4 # 18
	5 # 23
	6 # 3
	7 # 19
	8 # 21
	9 # 33
	10 # 31
	11 # 45
	12 # 32
	13 # 8
	14 # 4
	15 # 50
	16 # 14
	17 # 12
	18 # 42
	19 # 48
Timestep 5:
	0 # 60
	1 # 15
	2 # 39
	3 # 9
	4 # 22
	5 # 7
	6 # 3
	7 # 23
	8 # 17
	9 # 37
	10 # 63
	11 # 61
	12 # 34
	13 # 10
	14 # 5
	15 # 54
	16 # 30
	17 # 28
	18 # 58
	19 # 48

