Solution makespan:5
Timestep 0:
	0 # 8
	1 # 25
	2 # 54
	3 # 58
	4 # 32
	5 # 40
	6 # 62
	7 # 35
	8 # 1
	9 # 43
	10 # 0
	11 # 17
	12 # 52
	13 # 41
	14 # 53
	15 # 10
Timestep 1:
	0 # 0
	1 # 25
	2 # 54
	3 # 59
	4 # 32
	5 # 41
	6 # 58
	7 # 51
	8 # 1
	9 # 43
	10 # 4
	11 # 19
	12 # 20
	13 # 33
	14 # 53
	15 # 2
Timestep 2:
	0 # 0
	1 # 27
	2 # 55
	3 # 51
	4 # 36
	5 # 45
	6 # 56
	7 # 49
	8 # 3
	9 # 43
	10 # 6
	11 # 23
	12 # 21
	13 # 33
	14 # 52
	15 # 10
Timestep 3:
	0 # 32
	1 # 26
	2 # 63
	3 # 55
	4 # 38
	5 # 61
	6 # 24
	7 # 49
	8 # 19
	9 # 42
	10 # 6
	11 # 31
	12 # 53
	13 # 35
	14 # 20
	15 # 8
Timestep 4:
	0 # 32
	1 # 58
	2 # 47
	3 # 53
	4 # 38
	5 # 63
	6 # 16
	7 # 51
	8 # 17
	9 # 42
	10 # 14
	11 # 31
	12 # 37
	13 # 34
	14 # 21
	15 # 0
Timestep 5:
	0 # 40
	1 # 59
	2 # 46
	3 # 37
	4 # 39
	5 # 47
	6 # 48
	7 # 19
	8 # 17
	9 # 43
	10 # 15
	11 # 63
	12 # 33
	13 # 42
	14 # 21
	15 # 0

