Solution makespan:5
Timestep 0:
	0 # 42
	1 # 15
	2 # 61
	3 # 37
	4 # 47
	5 # 6
	6 # 0
	7 # 13
	8 # 49
	9 # 57
	10 # 51
	11 # 3
Timestep 1:
	0 # 43
	1 # 31
	2 # 45
	3 # 33
	4 # 39
	5 # 38
	6 # 2
	7 # 15
	8 # 53
	9 # 57
	10 # 49
	11 # 7
Timestep 2:
	0 # 11
	1 # 63
	2 # 44
	3 # 37
	4 # 38
	5 # 6
	6 # 3
	7 # 14
	8 # 55
	9 # 61
	10 # 48
	11 # 7
Timestep 3:
	0 # 15
	1 # 63
	2 # 46
	3 # 36
	4 # 38
	5 # 22
	6 # 7
	7 # 14
	8 # 54
	9 # 61
	10 # 32
	11 # 6
Timestep 4:
	0 # 7
	1 # 59
	2 # 62
	3 # 44
	4 # 6
	5 # 23
	6 # 39
	7 # 46
	8 # 22
	9 # 53
	10 # 0
	11 # 2
Timestep 5:
	0 # 7
	1 # 51
	2 # 62
	3 # 60
	4 # 14
	5 # 31
	6 # 47
	7 # 46
	8 # 20
	9 # 21
	10 # 4
	11 # 2

