Solution makespan:5
Timestep 0:
	0 # 60
	1 # 17
	2 # 37
	3 # 4
	4 # 43
	5 # 25
	6 # 31
	7 # 41
	8 # 13
	9 # 10
	10 # 19
	11 # 57
	12 # 0
	13 # 54
	14 # 16
	15 # 24
	16 # 5
	17 # 28
	18 # 61
	19 # 8
	20 # 23
	21 # 22
	22 # 48
	23 # 3
	24 # 32
	25 # 21
	26 # 15
	27 # 26
	28 # 29
	29 # 50
	30 # 6
	31 # 47
Timestep 1:
	0 # 60
	1 # 1
	2 # 33
	3 # 36
	4 # 47
	5 # 17
	6 # 30
	7 # 57
	8 # 13
	9 # 42
	10 # 18
	11 # 59
	12 # 4
	13 # 55
	14 # 48
	15 # 8
	16 # 37
	17 # 24
	18 # 29
	19 # 40
	20 # 7
	21 # 23
	22 # 52
	23 # 35
	24 # 34
	25 # 20
	26 # 14
	27 # 10
	28 # 28
	29 # 54
	30 # 2
	31 # 45
Timestep 2:
	0 # 52
	1 # 0
	2 # 1
	3 # 38
	4 # 63
	5 # 16
	6 # 26
	7 # 57
	8 # 15
	9 # 42
	10 # 18
	11 # 59
	12 # 5
	13 # 23
	14 # 48
	15 # 12
	16 # 39
	17 # 8
	18 # 21
	19 # 56
	20 # 7
	21 # 19
	22 # 53
	23 # 43
	24 # 50
	25 # 22
	26 # 46
	27 # 14
	28 # 30
	29 # 62
	30 # 3
	31 # 41
Timestep 3:
	0 # 54
	1 # 4
	2 # 9
	3 # 46
	4 # 31
	5 # 16
	6 # 24
	7 # 61
	8 # 13
	9 # 40
	10 # 2
	11 # 51
	12 # 37
	13 # 7
	14 # 52
	15 # 28
	16 # 55
	17 # 12
	18 # 17
	19 # 58
	20 # 5
	21 # 27
	22 # 21
	23 # 47
	24 # 50
	25 # 18
	26 # 44
	27 # 6
	28 # 22
	29 # 60
	30 # 1
	31 # 33
Timestep 4:
	0 # 22
	1 # 5
	2 # 25
	3 # 44
	4 # 31
	5 # 18
	6 # 8
	7 # 60
	8 # 12
	9 # 32
	10 # 10
	11 # 19
	12 # 39
	13 # 23
	14 # 52
	15 # 29
	16 # 54
	17 # 14
	18 # 21
	19 # 56
	20 # 1
	21 # 27
	22 # 53
	23 # 43
	24 # 51
	25 # 26
	26 # 40
	27 # 38
	28 # 6
	29 # 28
	30 # 3
	31 # 37
Timestep 5:
	0 # 30
	1 # 21
	2 # 57
	3 # 45
	4 # 15
	5 # 50
	6 # 10
	7 # 52
	8 # 4
	9 # 34
	10 # 11
	11 # 19
	12 # 38
	13 # 31
	14 # 20
	15 # 25
	16 # 62
	17 # 6
	18 # 17
	19 # 56
	20 # 0
	21 # 59
	22 # 53
	23 # 42
	24 # 51
	25 # 18
	26 # 41
	27 # 46
	28 # 2
	29 # 29
	30 # 3
	31 # 36

