Solution makespan:5
Timestep 0:
	0 # 2
	1 # 0
	2 # 10
	3 # 49
	4 # 60
	5 # 24
	6 # 17
	7 # 55
	8 # 1
	9 # 25
	10 # 12
	11 # 31
	12 # 61
	13 # 45
	14 # 43
	15 # 34
	16 # 15
	17 # 6
	18 # 32
	19 # 8
	20 # 5
	21 # 56
	22 # 16
	23 # 52
	24 # 3
	25 # 38
	26 # 39
	27 # 27
Timestep 1:
	0 # 18
	1 # 8
	2 # 2
	3 # 51
	4 # 28
	5 # 56
	6 # 16
	7 # 53
	8 # 3
	9 # 57
	10 # 13
	11 # 63
	12 # 29
	13 # 44
	14 # 35
	15 # 50
	16 # 15
	17 # 22
	18 # 34
	19 # 9
	20 # 21
	21 # 40
	22 # 48
	23 # 36
	24 # 7
	25 # 54
	26 # 38
	27 # 19
Timestep 2:
	0 # 26
	1 # 12
	2 # 0
	3 # 59
	4 # 24
	5 # 58
	6 # 18
	7 # 49
	8 # 7
	9 # 61
	10 # 29
	11 # 62
	12 # 25
	13 # 46
	14 # 35
	15 # 51
	16 # 11
	17 # 30
	18 # 42
	19 # 9
	20 # 23
	21 # 44
	22 # 56
	23 # 38
	24 # 5
	25 # 54
	26 # 6
	27 # 17
Timestep 3:
	0 # 26
	1 # 44
	2 # 8
	3 # 58
	4 # 16
	5 # 42
	6 # 19
	7 # 48
	8 # 39
	9 # 63
	10 # 21
	11 # 60
	12 # 24
	13 # 62
	14 # 51
	15 # 49
	16 # 3
	17 # 30
	18 # 43
	19 # 9
	20 # 55
	21 # 36
	22 # 57
	23 # 38
	24 # 13
	25 # 50
	26 # 22
	27 # 1
Timestep 4:
	0 # 18
	1 # 44
	2 # 40
	3 # 42
	4 # 20
	5 # 46
	6 # 19
	7 # 32
	8 # 37
	9 # 55
	10 # 53
	11 # 28
	12 # 24
	13 # 54
	14 # 50
	15 # 17
	16 # 35
	17 # 31
	18 # 47
	19 # 41
	20 # 51
	21 # 52
	22 # 49
	23 # 38
	24 # 45
	25 # 34
	26 # 22
	27 # 33
Timestep 5:
	0 # 19
	1 # 12
	2 # 44
	3 # 42
	4 # 4
	5 # 46
	6 # 27
	7 # 0
	8 # 45
	9 # 55
	10 # 53
	11 # 60
	12 # 8
	13 # 52
	14 # 48
	15 # 25
	16 # 34
	17 # 23
	18 # 39
	19 # 9
	20 # 35
	21 # 20
	22 # 51
	23 # 36
	24 # 41
	25 # 32
	26 # 6
	27 # 1

