Solution makespan:5
Timestep 0:
	0 # 2
	1 # 7
	2 # 1
	3 # 52
	4 # 45
	5 # 22
	6 # 63
	7 # 41
	8 # 44
	9 # 6
	10 # 33
	11 # 51
	12 # 56
	13 # 8
	14 # 20
	15 # 27
	16 # 12
	17 # 4
	18 # 21
	19 # 15
	20 # 16
	21 # 38
	22 # 37
	23 # 0
Timestep 1:
	0 # 2
	1 # 23
	2 # 3
	3 # 54
	4 # 13
	5 # 20
	6 # 62
	7 # 43
	8 # 36
	9 # 14
	10 # 49
	11 # 50
	12 # 60
	13 # 9
	14 # 16
	15 # 19
	16 # 28
	17 # 12
	18 # 21
	19 # 7
	20 # 18
	21 # 38
	22 # 39
	23 # 8
Timestep 2:
	0 # 10
	1 # 7
	2 # 2
	3 # 54
	4 # 5
	5 # 52
	6 # 46
	7 # 35
	8 # 37
	9 # 15
	10 # 51
	11 # 48
	12 # 61
	13 # 13
	14 # 0
	15 # 17
	16 # 30
	17 # 44
	18 # 29
	19 # 6
	20 # 19
	21 # 36
	22 # 38
	23 # 8
Timestep 3:
	0 # 26
	1 # 6
	2 # 3
	3 # 55
	4 # 21
	5 # 52
	6 # 47
	7 # 51
	8 # 37
	9 # 15
	10 # 50
	11 # 16
	12 # 29
	13 # 5
	14 # 1
	15 # 49
	16 # 22
	17 # 36
	18 # 25
	19 # 4
	20 # 19
	21 # 32
	22 # 34
	23 # 9
Timestep 4:
	0 # 18
	1 # 2
	2 # 19
	3 # 51
	4 # 20
	5 # 52
	6 # 39
	7 # 50
	8 # 53
	9 # 11
	10 # 34
	11 # 16
	12 # 21
	13 # 7
	14 # 5
	15 # 49
	16 # 6
	17 # 38
	18 # 9
	19 # 4
	20 # 17
	21 # 33
	22 # 32
	23 # 13
Timestep 5:
	0 # 2
	1 # 3
	2 # 18
	3 # 59
	4 # 4
	5 # 48
	6 # 47
	7 # 58
	8 # 61
	9 # 27
	10 # 38
	11 # 0
	12 # 29
	13 # 23
	14 # 37
	15 # 57
	16 # 14
	17 # 6
	18 # 1
	19 # 12
	20 # 16
	21 # 41
	22 # 40
	23 # 13

