Solution makespan:5
Timestep 0:
	0 # 27
	1 # 18
	2 # 51
	3 # 48
	4 # 3
	5 # 14
	6 # 7
	7 # 11
	8 # 19
	9 # 41
	10 # 61
	11 # 52
	12 # 35
	13 # 40
	14 # 20
	15 # 1
	16 # 63
	17 # 34
	18 # 24
	19 # 47
	20 # 42
	21 # 31
	22 # 32
	23 # 15
	24 # 46
	25 # 50
	26 # 30
	27 # 13
	28 # 6
	29 # 4
	30 # 21
	31 # 37
Timestep 1:
	0 # 19
	1 # 22
	2 # 50
	3 # 49
	4 # 2
	5 # 12
	6 # 15
	7 # 10
	8 # 3
	9 # 45
	10 # 61
	11 # 53
	12 # 34
	13 # 41
	14 # 4
	15 # 33
	16 # 59
	17 # 38
	18 # 16
	19 # 47
	20 # 58
	21 # 30
	22 # 48
	23 # 11
	24 # 46
	25 # 54
	26 # 26
	27 # 29
	28 # 6
	29 # 5
	30 # 23
	31 # 37
Timestep 2:
	0 # 17
	1 # 20
	2 # 48
	3 # 51
	4 # 18
	5 # 8
	6 # 47
	7 # 14
	8 # 2
	9 # 13
	10 # 53
	11 # 49
	12 # 34
	13 # 9
	14 # 12
	15 # 37
	16 # 27
	17 # 36
	18 # 0
	19 # 39
	20 # 62
	21 # 30
	22 # 56
	23 # 43
	24 # 38
	25 # 22
	26 # 24
	27 # 61
	28 # 7
	29 # 21
	30 # 23
	31 # 5
Timestep 3:
	0 # 25
	1 # 20
	2 # 32
	3 # 55
	4 # 22
	5 # 40
	6 # 43
	7 # 12
	8 # 10
	9 # 45
	10 # 52
	11 # 57
	12 # 35
	13 # 9
	14 # 8
	15 # 5
	16 # 11
	17 # 37
	18 # 2
	19 # 38
	20 # 60
	21 # 31
	22 # 56
	23 # 41
	24 # 54
	25 # 6
	26 # 24
	27 # 63
	28 # 23
	29 # 29
	30 # 19
	31 # 1
Timestep 4:
	0 # 29
	1 # 21
	2 # 0
	3 # 39
	4 # 20
	5 # 32
	6 # 41
	7 # 12
	8 # 42
	9 # 47
	10 # 36
	11 # 49
	12 # 3
	13 # 9
	14 # 40
	15 # 13
	16 # 27
	17 # 5
	18 # 34
	19 # 6
	20 # 61
	21 # 23
	22 # 57
	23 # 33
	24 # 22
	25 # 14
	26 # 26
	27 # 59
	28 # 19
	29 # 28
	30 # 18
	31 # 1
Timestep 5:
	0 # 31
	1 # 53
	2 # 16
	3 # 47
	4 # 52
	5 # 48
	6 # 41
	7 # 12
	8 # 34
	9 # 46
	10 # 36
	11 # 49
	12 # 2
	13 # 8
	14 # 32
	15 # 9
	16 # 19
	17 # 4
	18 # 38
	19 # 7
	20 # 45
	21 # 55
	22 # 61
	23 # 33
	24 # 54
	25 # 15
	26 # 10
	27 # 43
	28 # 17
	29 # 60
	30 # 50
	31 # 1

