Solution makespan:5
Timestep 0:
	0 # 45
	1 # 22
	2 # 63
	3 # 41
	4 # 44
	5 # 6
	6 # 33
	7 # 51
	8 # 56
	9 # 8
	10 # 20
	11 # 27
	12 # 12
	13 # 4
	14 # 21
	15 # 15
	16 # 16
	17 # 38
	18 # 37
	19 # 0
Timestep 1:
	0 # 47
	1 # 30
	2 # 62
	3 # 45
	4 # 44
	5 # 7
	6 # 49
	7 # 50
	8 # 48
	9 # 10
	10 # 52
	11 # 11
	12 # 8
	13 # 36
	14 # 21
	15 # 31
	16 # 18
	17 # 38
	18 # 33
	19 # 4
Timestep 2:
	0 # 43
	1 # 31
	2 # 60
	3 # 13
	4 # 12
	5 # 23
	6 # 17
	7 # 58
	8 # 16
	9 # 26
	10 # 53
	11 # 10
	12 # 0
	13 # 32
	14 # 20
	15 # 29
	16 # 2
	17 # 38
	18 # 37
	19 # 6
Timestep 3:
	0 # 35
	1 # 27
	2 # 56
	3 # 12
	4 # 28
	5 # 23
	6 # 25
	7 # 62
	8 # 24
	9 # 18
	10 # 21
	11 # 8
	12 # 1
	13 # 33
	14 # 52
	15 # 13
	16 # 10
	17 # 34
	18 # 36
	19 # 22
Timestep 4:
	0 # 39
	1 # 11
	2 # 40
	3 # 12
	4 # 20
	5 # 31
	6 # 25
	7 # 46
	8 # 24
	9 # 16
	10 # 29
	11 # 0
	12 # 17
	13 # 33
	14 # 48
	15 # 13
	16 # 26
	17 # 50
	18 # 36
	19 # 22
Timestep 5:
	0 # 38
	1 # 9
	2 # 40
	3 # 44
	4 # 21
	5 # 23
	6 # 57
	7 # 42
	8 # 56
	9 # 16
	10 # 28
	11 # 0
	12 # 1
	13 # 41
	14 # 52
	15 # 13
	16 # 58
	17 # 51
	18 # 36
	19 # 20

