Solution makespan:5
Timestep 0:
	0 # 63
	1 # 23
	2 # 17
	3 # 39
	4 # 5
	5 # 16
	6 # 2
	7 # 0
	8 # 41
	9 # 36
	10 # 28
	11 # 53
	12 # 10
	13 # 57
	14 # 31
	15 # 54
	16 # 7
	17 # 37
	18 # 12
	19 # 35
Timestep 1:
	0 # 61
	1 # 55
	2 # 21
	3 # 35
	4 # 5
	5 # 48
	6 # 34
	7 # 8
	8 # 41
	9 # 44
	10 # 24
	11 # 49
	12 # 10
	13 # 57
	14 # 31
	15 # 52
	16 # 39
	17 # 37
	18 # 4
	19 # 51
Timestep 2:
	0 # 53
	1 # 55
	2 # 23
	3 # 3
	4 # 21
	5 # 50
	6 # 34
	7 # 12
	8 # 9
	9 # 44
	10 # 25
	11 # 48
	12 # 14
	13 # 49
	14 # 30
	15 # 52
	16 # 7
	17 # 39
	18 # 4
	19 # 19
Timestep 3:
	0 # 49
	1 # 53
	2 # 55
	3 # 11
	4 # 29
	5 # 50
	6 # 32
	7 # 28
	8 # 13
	9 # 40
	10 # 27
	11 # 48
	12 # 12
	13 # 51
	14 # 22
	15 # 36
	16 # 15
	17 # 35
	18 # 5
	19 # 17
Timestep 4:
	0 # 33
	1 # 53
	2 # 54
	3 # 9
	4 # 29
	5 # 18
	6 # 0
	7 # 30
	8 # 13
	9 # 8
	10 # 19
	11 # 16
	12 # 28
	13 # 51
	14 # 6
	15 # 52
	16 # 11
	17 # 3
	18 # 1
	19 # 21
Timestep 5:
	0 # 32
	1 # 52
	2 # 54
	3 # 25
	4 # 61
	5 # 26
	6 # 4
	7 # 22
	8 # 9
	9 # 12
	10 # 19
	11 # 20
	12 # 28
	13 # 50
	14 # 38
	15 # 36
	16 # 43
	17 # 35
	18 # 33
	19 # 53

