Solution makespan:6
Timestep 0:
	0 # 21
	1 # 18
	2 # 49
	3 # 29
	4 # 52
	5 # 7
	6 # 31
	7 # 26
	8 # 0
	9 # 30
	10 # 38
	11 # 34
	12 # 23
	13 # 14
	14 # 17
	15 # 61
Timestep 1:
	0 # 23
	1 # 18
	2 # 57
	3 # 13
	4 # 52
	5 # 3
	6 # 27
	7 # 24
	8 # 16
	9 # 28
	10 # 36
	11 # 50
	12 # 55
	13 # 6
	14 # 49
	15 # 29
Timestep 2:
	0 # 31
	1 # 18
	2 # 41
	3 # 45
	4 # 60
	5 # 11
	6 # 27
	7 # 24
	8 # 17
	9 # 30
	10 # 37
	11 # 54
	12 # 55
	13 # 14
	14 # 53
	15 # 29
Timestep 3:
	0 # 30
	1 # 22
	2 # 43
	3 # 41
	4 # 28
	5 # 27
	6 # 59
	7 # 16
	8 # 49
	9 # 26
	10 # 45
	11 # 50
	12 # 63
	13 # 14
	14 # 21
	15 # 25
Timestep 4:
	0 # 31
	1 # 20
	2 # 47
	3 # 57
	4 # 24
	5 # 25
	6 # 43
	7 # 0
	8 # 48
	9 # 30
	10 # 37
	11 # 18
	12 # 61
	13 # 10
	14 # 21
	15 # 9
Timestep 5:
	0 # 27
	1 # 52
	2 # 46
	3 # 59
	4 # 8
	5 # 57
	6 # 41
	7 # 0
	8 # 48
	9 # 14
	10 # 39
	11 # 16
	12 # 61
	13 # 26
	14 # 23
	15 # 11
Timestep 6:
	0 # 25
	1 # 36
	2 # 38
	3 # 51
	4 # 10
	5 # 56
	6 # 57
	7 # 0
	8 # 49
	9 # 12
	10 # 55
	11 # 17
	12 # 63
	13 # 27
	14 # 19
	15 # 11

