Solution makespan:5
Timestep 0:
	0 # 13
	1 # 48
	2 # 57
	3 # 21
	4 # 16
	5 # 38
	6 # 30
	7 # 7
	8 # 49
	9 # 5
	10 # 35
	11 # 32
Timestep 1:
	0 # 29
	1 # 16
	2 # 61
	3 # 21
	4 # 18
	5 # 46
	6 # 22
	7 # 6
	8 # 33
	9 # 4
	10 # 34
	11 # 36
Timestep 2:
	0 # 31
	1 # 0
	2 # 29
	3 # 17
	4 # 26
	5 # 14
	6 # 20
	7 # 6
	8 # 32
	9 # 12
	10 # 50
	11 # 37
Timestep 3:
	0 # 23
	1 # 1
	2 # 31
	3 # 17
	4 # 27
	5 # 14
	6 # 21
	7 # 4
	8 # 32
	9 # 12
	10 # 51
	11 # 37
Timestep 4:
	0 # 23
	1 # 3
	2 # 63
	3 # 1
	4 # 11
	5 # 46
	6 # 17
	7 # 0
	8 # 34
	9 # 8
	10 # 19
	11 # 45
Timestep 5:
	0 # 22
	1 # 35
	2 # 31
	3 # 33
	4 # 11
	5 # 44
	6 # 1
	7 # 32
	8 # 42
	9 # 9
	10 # 23
	11 # 47

