Solution makespan:5
Timestep 0:
	0 # 54
	1 # 62
	2 # 56
	3 # 13
	4 # 61
	5 # 9
	6 # 46
	7 # 15
	8 # 47
	9 # 4
	10 # 35
	11 # 12
	12 # 5
	13 # 45
	14 # 32
	15 # 40
	16 # 58
	17 # 16
	18 # 25
	19 # 1
Timestep 1:
	0 # 50
	1 # 63
	2 # 24
	3 # 29
	4 # 53
	5 # 41
	6 # 46
	7 # 7
	8 # 43
	9 # 6
	10 # 39
	11 # 12
	12 # 4
	13 # 47
	14 # 32
	15 # 56
	16 # 42
	17 # 16
	18 # 57
	19 # 3
Timestep 2:
	0 # 50
	1 # 61
	2 # 56
	3 # 31
	4 # 49
	5 # 45
	6 # 42
	7 # 6
	8 # 41
	9 # 38
	10 # 55
	11 # 28
	12 # 36
	13 # 15
	14 # 48
	15 # 60
	16 # 40
	17 # 16
	18 # 25
	19 # 3
Timestep 3:
	0 # 34
	1 # 45
	2 # 56
	3 # 30
	4 # 17
	5 # 13
	6 # 42
	7 # 2
	8 # 33
	9 # 6
	10 # 55
	11 # 29
	12 # 44
	13 # 47
	14 # 16
	15 # 28
	16 # 41
	17 # 24
	18 # 25
	19 # 1
Timestep 4:
	0 # 38
	1 # 45
	2 # 48
	3 # 28
	4 # 19
	5 # 5
	6 # 34
	7 # 3
	8 # 37
	9 # 22
	10 # 53
	11 # 31
	12 # 44
	13 # 63
	14 # 18
	15 # 12
	16 # 43
	17 # 26
	18 # 24
	19 # 33
Timestep 5:
	0 # 39
	1 # 47
	2 # 50
	3 # 60
	4 # 3
	5 # 21
	6 # 34
	7 # 1
	8 # 36
	9 # 22
	10 # 61
	11 # 63
	12 # 45
	13 # 62
	14 # 18
	15 # 4
	16 # 59
	17 # 30
	18 # 8
	19 # 32

