Solution makespan:5
Timestep 0:
	0 # 19
	1 # 4
	2 # 41
	3 # 57
	4 # 45
	5 # 47
	6 # 38
	7 # 28
	8 # 50
	9 # 54
	10 # 15
	11 # 42
	12 # 48
	13 # 8
	14 # 32
	15 # 27
Timestep 1:
	0 # 23
	1 # 5
	2 # 33
	3 # 41
	4 # 44
	5 # 47
	6 # 54
	7 # 12
	8 # 18
	9 # 52
	10 # 13
	11 # 46
	12 # 48
	13 # 10
	14 # 32
	15 # 26
Timestep 2:
	0 # 31
	1 # 37
	2 # 1
	3 # 45
	4 # 40
	5 # 15
	6 # 52
	7 # 14
	8 # 2
	9 # 36
	10 # 12
	11 # 44
	12 # 50
	13 # 42
	14 # 48
	15 # 18
Timestep 3:
	0 # 29
	1 # 5
	2 # 3
	3 # 47
	4 # 8
	5 # 7
	6 # 48
	7 # 6
	8 # 10
	9 # 37
	10 # 13
	11 # 44
	12 # 34
	13 # 46
	14 # 32
	15 # 2
Timestep 4:
	0 # 28
	1 # 1
	2 # 35
	3 # 15
	4 # 9
	5 # 39
	6 # 16
	7 # 38
	8 # 11
	9 # 5
	10 # 13
	11 # 36
	12 # 50
	13 # 46
	14 # 33
	15 # 2
Timestep 5:
	0 # 60
	1 # 1
	2 # 51
	3 # 11
	4 # 41
	5 # 37
	6 # 20
	7 # 54
	8 # 9
	9 # 21
	10 # 12
	11 # 44
	12 # 18
	13 # 47
	14 # 35
	15 # 6

