Solution makespan:5
Timestep 0:
	0 # 39
	1 # 44
	2 # 59
	3 # 23
	4 # 48
	5 # 51
	6 # 35
	7 # 17
	8 # 56
	9 # 47
	10 # 19
	11 # 60
	12 # 58
	13 # 26
	14 # 36
	15 # 38
	16 # 4
	17 # 8
	18 # 1
	19 # 57
	20 # 53
	21 # 62
	22 # 28
	23 # 7
	24 # 24
	25 # 41
	26 # 37
	27 # 42
Timestep 1:
	0 # 39
	1 # 46
	2 # 51
	3 # 21
	4 # 50
	5 # 19
	6 # 34
	7 # 25
	8 # 60
	9 # 45
	10 # 17
	11 # 28
	12 # 42
	13 # 58
	14 # 52
	15 # 54
	16 # 12
	17 # 24
	18 # 0
	19 # 49
	20 # 55
	21 # 63
	22 # 20
	23 # 15
	24 # 16
	25 # 9
	26 # 53
	27 # 43
Timestep 2:
	0 # 37
	1 # 14
	2 # 50
	3 # 5
	4 # 18
	5 # 3
	6 # 2
	7 # 57
	8 # 61
	9 # 41
	10 # 17
	11 # 28
	12 # 10
	13 # 59
	14 # 52
	15 # 54
	16 # 44
	17 # 56
	18 # 8
	19 # 51
	20 # 23
	21 # 62
	22 # 21
	23 # 31
	24 # 16
	25 # 13
	26 # 53
	27 # 47
Timestep 3:
	0 # 33
	1 # 14
	2 # 34
	3 # 1
	4 # 26
	5 # 11
	6 # 6
	7 # 56
	8 # 63
	9 # 40
	10 # 49
	11 # 20
	12 # 10
	13 # 57
	14 # 36
	15 # 22
	16 # 12
	17 # 60
	18 # 24
	19 # 35
	20 # 7
	21 # 58
	22 # 53
	23 # 27
	24 # 16
	25 # 29
	26 # 55
	27 # 15
Timestep 4:
	0 # 33
	1 # 46
	2 # 42
	3 # 3
	4 # 18
	5 # 11
	6 # 4
	7 # 48
	8 # 55
	9 # 32
	10 # 51
	11 # 16
	12 # 10
	13 # 49
	14 # 38
	15 # 30
	16 # 44
	17 # 28
	18 # 24
	19 # 34
	20 # 6
	21 # 26
	22 # 52
	23 # 31
	24 # 17
	25 # 29
	26 # 54
	27 # 15
Timestep 5:
	0 # 41
	1 # 38
	2 # 43
	3 # 35
	4 # 22
	5 # 9
	6 # 12
	7 # 50
	8 # 63
	9 # 33
	10 # 51
	11 # 16
	12 # 14
	13 # 57
	14 # 36
	15 # 62
	16 # 46
	17 # 60
	18 # 25
	19 # 42
	20 # 2
	21 # 58
	22 # 52
	23 # 23
	24 # 1
	25 # 61
	26 # 54
	27 # 11

