Solution makespan:5
Timestep 0:
	0 # 8
	1 # 41
	2 # 39
	3 # 52
	4 # 48
	5 # 18
	6 # 10
	7 # 59
	8 # 34
	9 # 54
	10 # 57
	11 # 31
Timestep 1:
	0 # 40
	1 # 9
	2 # 39
	3 # 48
	4 # 56
	5 # 18
	6 # 42
	7 # 58
	8 # 38
	9 # 50
	10 # 61
	11 # 31
Timestep 2:
	0 # 42
	1 # 1
	2 # 35
	3 # 48
	4 # 58
	5 # 50
	6 # 46
	7 # 26
	8 # 38
	9 # 54
	10 # 60
	11 # 63
Timestep 3:
	0 # 34
	1 # 5
	2 # 43
	3 # 56
	4 # 26
	5 # 54
	6 # 62
	7 # 30
	8 # 46
	9 # 22
	10 # 44
	11 # 55
Timestep 4:
	0 # 38
	1 # 7
	2 # 35
	3 # 58
	4 # 27
	5 # 50
	6 # 62
	7 # 28
	8 # 42
	9 # 30
	10 # 46
	11 # 54
Timestep 5:
	0 # 39
	1 # 3
	2 # 34
	3 # 62
	4 # 19
	5 # 48
	6 # 60
	7 # 24
	8 # 10
	9 # 30
	10 # 38
	11 # 50

