Solution makespan:4
Timestep 0:
	0 # 18
	1 # 49
	2 # 22
	3 # 16
	4 # 17
	5 # 52
	6 # 32
	7 # 43
	8 # 51
	9 # 15
	10 # 40
	11 # 34
	12 # 14
	13 # 30
	14 # 25
	15 # 9
	16 # 0
	17 # 47
	18 # 10
	19 # 24
	20 # 37
	21 # 48
	22 # 3
	23 # 41
Timestep 1:
	0 # 18
	1 # 33
	2 # 22
	3 # 24
	4 # 1
	5 # 54
	6 # 0
	7 # 11
	8 # 55
	9 # 14
	10 # 42
	11 # 35
	12 # 46
	13 # 31
	14 # 29
	15 # 25
	16 # 4
	17 # 47
	18 # 10
	19 # 26
	20 # 53
	21 # 52
	22 # 2
	23 # 41
Timestep 2:
	0 # 19
	1 # 37
	2 # 20
	3 # 28
	4 # 1
	5 # 62
	6 # 16
	7 # 9
	8 # 53
	9 # 6
	10 # 46
	11 # 43
	12 # 14
	13 # 31
	14 # 13
	15 # 17
	16 # 5
	17 # 63
	18 # 11
	19 # 18
	20 # 52
	21 # 36
	22 # 2
	23 # 33
Timestep 3:
	0 # 3
	1 # 45
	2 # 21
	3 # 20
	4 # 0
	5 # 30
	6 # 24
	7 # 41
	8 # 37
	9 # 38
	10 # 47
	11 # 42
	12 # 10
	13 # 15
	14 # 12
	15 # 19
	16 # 7
	17 # 55
	18 # 11
	19 # 50
	20 # 54
	21 # 44
	22 # 6
	23 # 35
Timestep 4:
	0 # 3
	1 # 44
	2 # 29
	3 # 20
	4 # 32
	5 # 22
	6 # 8
	7 # 45
	8 # 53
	9 # 34
	10 # 63
	11 # 46
	12 # 26
	13 # 11
	14 # 14
	15 # 51
	16 # 23
	17 # 54
	18 # 9
	19 # 48
	20 # 50
	21 # 12
	22 # 4
	23 # 39

