Solution makespan:5
Timestep 0:
	0 # 54
	1 # 4
	2 # 62
	3 # 2
	4 # 10
	5 # 9
	6 # 0
	7 # 28
	8 # 43
	9 # 7
	10 # 48
	11 # 20
	12 # 19
	13 # 24
	14 # 56
	15 # 61
	16 # 29
	17 # 1
	18 # 14
	19 # 32
	20 # 57
	21 # 16
	22 # 42
	23 # 37
Timestep 1:
	0 # 62
	1 # 6
	2 # 46
	3 # 0
	4 # 2
	5 # 41
	6 # 8
	7 # 30
	8 # 11
	9 # 23
	10 # 32
	11 # 4
	12 # 27
	13 # 24
	14 # 58
	15 # 60
	16 # 61
	17 # 33
	18 # 15
	19 # 36
	20 # 57
	21 # 18
	22 # 10
	23 # 53
Timestep 2:
	0 # 30
	1 # 7
	2 # 47
	3 # 8
	4 # 3
	5 # 45
	6 # 9
	7 # 26
	8 # 10
	9 # 22
	10 # 32
	11 # 36
	12 # 31
	13 # 25
	14 # 58
	15 # 44
	16 # 60
	17 # 41
	18 # 15
	19 # 52
	20 # 59
	21 # 16
	22 # 14
	23 # 61
Timestep 3:
	0 # 30
	1 # 23
	2 # 15
	3 # 24
	4 # 2
	5 # 45
	6 # 9
	7 # 58
	8 # 14
	9 # 18
	10 # 40
	11 # 44
	12 # 31
	13 # 25
	14 # 42
	15 # 12
	16 # 60
	17 # 57
	18 # 11
	19 # 52
	20 # 27
	21 # 20
	22 # 6
	23 # 29
Timestep 4:
	0 # 14
	1 # 19
	2 # 13
	3 # 28
	4 # 0
	5 # 47
	6 # 1
	7 # 50
	8 # 46
	9 # 22
	10 # 41
	11 # 44
	12 # 27
	13 # 17
	14 # 42
	15 # 12
	16 # 52
	17 # 49
	18 # 43
	19 # 20
	20 # 26
	21 # 21
	22 # 2
	23 # 25
Timestep 5:
	0 # 15
	1 # 27
	2 # 13
	3 # 20
	4 # 32
	5 # 63
	6 # 33
	7 # 50
	8 # 62
	9 # 30
	10 # 45
	11 # 36
	12 # 11
	13 # 17
	14 # 40
	15 # 28
	16 # 52
	17 # 48
	18 # 59
	19 # 16
	20 # 26
	21 # 29
	22 # 6
	23 # 24

