Solution makespan:5
Timestep 0:
	0 # 43
	1 # 40
	2 # 8
	3 # 44
	4 # 36
	5 # 28
	6 # 0
	7 # 56
	8 # 34
	9 # 17
	10 # 19
	11 # 10
	12 # 32
	13 # 12
	14 # 48
	15 # 21
Timestep 1:
	0 # 47
	1 # 44
	2 # 24
	3 # 45
	4 # 4
	5 # 28
	6 # 0
	7 # 57
	8 # 35
	9 # 21
	10 # 23
	11 # 11
	12 # 33
	13 # 8
	14 # 56
	15 # 53
Timestep 2:
	0 # 46
	1 # 45
	2 # 16
	3 # 41
	4 # 4
	5 # 30
	6 # 32
	7 # 49
	8 # 3
	9 # 5
	10 # 23
	11 # 15
	12 # 35
	13 # 10
	14 # 48
	15 # 37
Timestep 3:
	0 # 14
	1 # 45
	2 # 20
	3 # 57
	4 # 12
	5 # 22
	6 # 36
	7 # 49
	8 # 19
	9 # 5
	10 # 7
	11 # 13
	12 # 3
	13 # 2
	14 # 32
	15 # 37
Timestep 4:
	0 # 46
	1 # 13
	2 # 16
	3 # 49
	4 # 12
	5 # 22
	6 # 36
	7 # 17
	8 # 18
	9 # 4
	10 # 3
	11 # 5
	12 # 11
	13 # 34
	14 # 48
	15 # 33
Timestep 5:
	0 # 62
	1 # 29
	2 # 48
	3 # 49
	4 # 12
	5 # 6
	6 # 36
	7 # 19
	8 # 2
	9 # 4
	10 # 1
	11 # 5
	12 # 27
	13 # 34
	14 # 32
	15 # 33

