Solution makespan:5
Timestep 0:
	0 # 19
	1 # 44
	2 # 50
	3 # 8
	4 # 35
	5 # 57
	6 # 17
	7 # 53
	8 # 32
	9 # 31
	10 # 1
	11 # 52
	12 # 59
	13 # 42
	14 # 6
	15 # 11
Timestep 1:
	0 # 3
	1 # 12
	2 # 58
	3 # 24
	4 # 34
	5 # 61
	6 # 49
	7 # 55
	8 # 32
	9 # 30
	10 # 17
	11 # 53
	12 # 43
	13 # 40
	14 # 6
	15 # 9
Timestep 2:
	0 # 35
	1 # 28
	2 # 59
	3 # 26
	4 # 2
	5 # 61
	6 # 57
	7 # 53
	8 # 48
	9 # 62
	10 # 25
	11 # 37
	12 # 43
	13 # 40
	14 # 38
	15 # 8
Timestep 3:
	0 # 3
	1 # 29
	2 # 43
	3 # 30
	4 # 18
	5 # 53
	6 # 25
	7 # 37
	8 # 50
	9 # 62
	10 # 27
	11 # 45
	12 # 35
	13 # 40
	14 # 46
	15 # 9
Timestep 4:
	0 # 7
	1 # 31
	2 # 43
	3 # 28
	4 # 22
	5 # 52
	6 # 24
	7 # 5
	8 # 34
	9 # 46
	10 # 27
	11 # 44
	12 # 3
	13 # 32
	14 # 42
	15 # 25
Timestep 5:
	0 # 15
	1 # 27
	2 # 41
	3 # 12
	4 # 22
	5 # 20
	6 # 8
	7 # 21
	8 # 34
	9 # 44
	10 # 26
	11 # 40
	12 # 19
	13 # 48
	14 # 10
	15 # 17

