Solution makespan:4
Timestep 0:
	0 # 36
	1 # 11
	2 # 41
	3 # 56
	4 # 63
	5 # 5
	6 # 2
	7 # 32
	8 # 51
	9 # 22
	10 # 12
	11 # 42
	12 # 52
	13 # 23
	14 # 45
	15 # 27
Timestep 1:
	0 # 32
	1 # 10
	2 # 45
	3 # 58
	4 # 31
	5 # 1
	6 # 3
	7 # 40
	8 # 19
	9 # 23
	10 # 12
	11 # 46
	12 # 36
	13 # 21
	14 # 47
	15 # 59
Timestep 2:
	0 # 48
	1 # 14
	2 # 44
	3 # 26
	4 # 15
	5 # 17
	6 # 11
	7 # 41
	8 # 18
	9 # 23
	10 # 13
	11 # 42
	12 # 4
	13 # 21
	14 # 39
	15 # 51
Timestep 3:
	0 # 16
	1 # 46
	2 # 40
	3 # 30
	4 # 47
	5 # 19
	6 # 15
	7 # 41
	8 # 22
	9 # 21
	10 # 45
	11 # 10
	12 # 12
	13 # 17
	14 # 7
	15 # 55
Timestep 4:
	0 # 20
	1 # 44
	2 # 42
	3 # 30
	4 # 45
	5 # 51
	6 # 14
	7 # 33
	8 # 54
	9 # 53
	10 # 37
	11 # 26
	12 # 28
	13 # 49
	14 # 23
	15 # 55

