Solution makespan:5
Timestep 0:
	0 # 3
	1 # 63
	2 # 38
	3 # 41
	4 # 55
	5 # 8
	6 # 21
	7 # 1
	8 # 18
	9 # 5
	10 # 24
	11 # 29
	12 # 40
	13 # 20
	14 # 11
	15 # 13
	16 # 15
	17 # 28
	18 # 6
	19 # 49
Timestep 1:
	0 # 7
	1 # 59
	2 # 46
	3 # 45
	4 # 54
	5 # 24
	6 # 23
	7 # 33
	8 # 2
	9 # 37
	10 # 16
	11 # 29
	12 # 42
	13 # 20
	14 # 27
	15 # 13
	16 # 11
	17 # 30
	18 # 4
	19 # 17
Timestep 2:
	0 # 6
	1 # 27
	2 # 38
	3 # 13
	4 # 54
	5 # 26
	6 # 31
	7 # 32
	8 # 0
	9 # 36
	10 # 16
	11 # 61
	12 # 10
	13 # 52
	14 # 25
	15 # 9
	16 # 3
	17 # 28
	18 # 5
	19 # 1
Timestep 3:
	0 # 2
	1 # 19
	2 # 39
	3 # 12
	4 # 50
	5 # 26
	6 # 31
	7 # 32
	8 # 8
	9 # 38
	10 # 0
	11 # 57
	12 # 42
	13 # 52
	14 # 29
	15 # 41
	16 # 7
	17 # 24
	18 # 37
	19 # 3
Timestep 4:
	0 # 18
	1 # 17
	2 # 39
	3 # 12
	4 # 34
	5 # 30
	6 # 27
	7 # 48
	8 # 40
	9 # 36
	10 # 16
	11 # 25
	12 # 42
	13 # 52
	14 # 13
	15 # 33
	16 # 6
	17 # 26
	18 # 45
	19 # 3
Timestep 5:
	0 # 22
	1 # 1
	2 # 7
	3 # 28
	4 # 35
	5 # 14
	6 # 59
	7 # 50
	8 # 8
	9 # 37
	10 # 48
	11 # 17
	12 # 58
	13 # 53
	14 # 13
	15 # 32
	16 # 4
	17 # 10
	18 # 44
	19 # 2

