Solution makespan:6
Timestep 0:
	0 # 11
	1 # 3
	2 # 12
	3 # 63
	4 # 30
	5 # 32
	6 # 23
	7 # 27
	8 # 36
	9 # 9
	10 # 47
	11 # 25
	12 # 0
	13 # 38
	14 # 55
	15 # 14
	16 # 20
	17 # 22
	18 # 24
	19 # 53
Timestep 1:
	0 # 43
	1 # 11
	2 # 13
	3 # 61
	4 # 62
	5 # 48
	6 # 22
	7 # 31
	8 # 44
	9 # 25
	10 # 47
	11 # 17
	12 # 16
	13 # 34
	14 # 55
	15 # 10
	16 # 21
	17 # 20
	18 # 28
	19 # 53
Timestep 2:
	0 # 11
	1 # 10
	2 # 13
	3 # 45
	4 # 62
	5 # 32
	6 # 22
	7 # 63
	8 # 44
	9 # 17
	10 # 46
	11 # 1
	12 # 48
	13 # 34
	14 # 54
	15 # 42
	16 # 23
	17 # 20
	18 # 29
	19 # 61
Timestep 3:
	0 # 11
	1 # 2
	2 # 12
	3 # 13
	4 # 58
	5 # 40
	6 # 18
	7 # 59
	8 # 36
	9 # 21
	10 # 44
	11 # 33
	12 # 50
	13 # 32
	14 # 62
	15 # 34
	16 # 55
	17 # 4
	18 # 61
	19 # 57
Timestep 4:
	0 # 10
	1 # 18
	2 # 8
	3 # 15
	4 # 59
	5 # 56
	6 # 26
	7 # 57
	8 # 37
	9 # 23
	10 # 40
	11 # 33
	12 # 34
	13 # 32
	14 # 60
	15 # 35
	16 # 63
	17 # 12
	18 # 29
	19 # 49
Timestep 5:
	0 # 14
	1 # 18
	2 # 9
	3 # 15
	4 # 57
	5 # 48
	6 # 27
	7 # 41
	8 # 45
	9 # 22
	10 # 42
	11 # 37
	12 # 35
	13 # 0
	14 # 62
	15 # 39
	16 # 59
	17 # 44
	18 # 25
	19 # 51
Timestep 6:
	0 # 30
	1 # 26
	2 # 9
	3 # 13
	4 # 56
	5 # 48
	6 # 31
	7 # 57
	8 # 47
	9 # 22
	10 # 46
	11 # 39
	12 # 34
	13 # 1
	14 # 58
	15 # 55
	16 # 43
	17 # 45
	18 # 24
	19 # 59

