Solution makespan:5
Timestep 0:
	0 # 48
	1 # 55
	2 # 37
	3 # 58
	4 # 12
	5 # 57
	6 # 8
	7 # 29
	8 # 51
	9 # 18
	10 # 25
	11 # 34
Timestep 1:
	0 # 32
	1 # 53
	2 # 36
	3 # 42
	4 # 4
	5 # 59
	6 # 12
	7 # 31
	8 # 51
	9 # 50
	10 # 27
	11 # 35
Timestep 2:
	0 # 36
	1 # 49
	2 # 38
	3 # 46
	4 # 4
	5 # 58
	6 # 12
	7 # 27
	8 # 50
	9 # 54
	10 # 26
	11 # 43
Timestep 3:
	0 # 36
	1 # 17
	2 # 54
	3 # 46
	4 # 5
	5 # 50
	6 # 13
	7 # 19
	8 # 18
	9 # 55
	10 # 10
	11 # 41
Timestep 4:
	0 # 44
	1 # 1
	2 # 38
	3 # 42
	4 # 37
	5 # 18
	6 # 15
	7 # 23
	8 # 16
	9 # 39
	10 # 14
	11 # 41
Timestep 5:
	0 # 60
	1 # 0
	2 # 34
	3 # 58
	4 # 33
	5 # 2
	6 # 11
	7 # 23
	8 # 24
	9 # 47
	10 # 15
	11 # 43

