Solution makespan:5
Timestep 0:
	0 # 45
	1 # 34
	2 # 20
	3 # 41
	4 # 9
	5 # 6
	6 # 11
	7 # 49
	8 # 57
	9 # 37
	10 # 53
	11 # 47
	12 # 52
	13 # 25
	14 # 17
	15 # 7
	16 # 54
	17 # 0
	18 # 50
	19 # 5
Timestep 1:
	0 # 41
	1 # 38
	2 # 4
	3 # 9
	4 # 13
	5 # 6
	6 # 10
	7 # 48
	8 # 56
	9 # 5
	10 # 52
	11 # 46
	12 # 20
	13 # 57
	14 # 19
	15 # 39
	16 # 54
	17 # 2
	18 # 51
	19 # 21
Timestep 2:
	0 # 43
	1 # 6
	2 # 36
	3 # 13
	4 # 29
	5 # 4
	6 # 10
	7 # 48
	8 # 24
	9 # 7
	10 # 60
	11 # 38
	12 # 21
	13 # 56
	14 # 3
	15 # 55
	16 # 22
	17 # 34
	18 # 19
	19 # 5
Timestep 3:
	0 # 42
	1 # 14
	2 # 52
	3 # 45
	4 # 28
	5 # 20
	6 # 26
	7 # 32
	8 # 16
	9 # 15
	10 # 60
	11 # 36
	12 # 21
	13 # 56
	14 # 2
	15 # 51
	16 # 18
	17 # 35
	18 # 23
	19 # 37
Timestep 4:
	0 # 42
	1 # 30
	2 # 53
	3 # 45
	4 # 28
	5 # 20
	6 # 18
	7 # 33
	8 # 24
	9 # 47
	10 # 44
	11 # 32
	12 # 29
	13 # 48
	14 # 34
	15 # 49
	16 # 16
	17 # 51
	18 # 31
	19 # 39
Timestep 5:
	0 # 46
	1 # 26
	2 # 49
	3 # 44
	4 # 60
	5 # 52
	6 # 18
	7 # 1
	8 # 8
	9 # 43
	10 # 40
	11 # 0
	12 # 29
	13 # 56
	14 # 42
	15 # 33
	16 # 24
	17 # 55
	18 # 15
	19 # 7

