Solution makespan:6
Timestep 0:
	0 # 22
	1 # 53
	2 # 51
	3 # 24
	4 # 31
	5 # 41
	6 # 0
	7 # 58
Timestep 1:
	0 # 23
	1 # 55
	2 # 50
	3 # 24
	4 # 63
	5 # 33
	6 # 4
	7 # 58
Timestep 2:
	0 # 31
	1 # 51
	2 # 48
	3 # 8
	4 # 47
	5 # 35
	6 # 12
	7 # 50
Timestep 3:
	0 # 63
	1 # 19
	2 # 52
	3 # 24
	4 # 43
	5 # 33
	6 # 28
	7 # 34
Timestep 4:
	0 # 31
	1 # 23
	2 # 20
	3 # 24
	4 # 35
	5 # 33
	6 # 29
	7 # 32
Timestep 5:
	0 # 27
	1 # 23
	2 # 28
	3 # 25
	4 # 39
	5 # 37
	6 # 21
	7 # 34
Timestep 6:
	0 # 59
	1 # 55
	2 # 12
	3 # 25
	4 # 39
	5 # 37
	6 # 20
	7 # 35

