Solution makespan:5
Timestep 0:
	0 # 29
	1 # 55
	2 # 8
	3 # 30
	4 # 35
	5 # 44
	6 # 19
	7 # 53
	8 # 11
	9 # 39
	10 # 27
	11 # 63
	12 # 28
	13 # 7
	14 # 50
	15 # 56
	16 # 59
	17 # 34
	18 # 1
	19 # 6
Timestep 1:
	0 # 61
	1 # 39
	2 # 12
	3 # 31
	4 # 51
	5 # 36
	6 # 17
	7 # 21
	8 # 10
	9 # 7
	10 # 59
	11 # 63
	12 # 60
	13 # 15
	14 # 34
	15 # 24
	16 # 43
	17 # 2
	18 # 9
	19 # 22
Timestep 2:
	0 # 29
	1 # 47
	2 # 12
	3 # 30
	4 # 55
	5 # 52
	6 # 21
	7 # 23
	8 # 14
	9 # 6
	10 # 59
	11 # 63
	12 # 44
	13 # 31
	14 # 2
	15 # 26
	16 # 11
	17 # 18
	18 # 1
	19 # 22
Timestep 3:
	0 # 13
	1 # 43
	2 # 8
	3 # 62
	4 # 54
	5 # 20
	6 # 53
	7 # 19
	8 # 12
	9 # 2
	10 # 57
	11 # 55
	12 # 46
	13 # 27
	14 # 0
	15 # 10
	16 # 9
	17 # 50
	18 # 3
	19 # 23
Timestep 4:
	0 # 15
	1 # 47
	2 # 8
	3 # 46
	4 # 38
	5 # 22
	6 # 53
	7 # 51
	8 # 44
	9 # 2
	10 # 49
	11 # 39
	12 # 42
	13 # 27
	14 # 16
	15 # 14
	16 # 41
	17 # 48
	18 # 3
	19 # 7
Timestep 5:
	0 # 11
	1 # 45
	2 # 0
	3 # 46
	4 # 34
	5 # 18
	6 # 61
	7 # 51
	8 # 60
	9 # 10
	10 # 57
	11 # 55
	12 # 58
	13 # 59
	14 # 17
	15 # 6
	16 # 41
	17 # 50
	18 # 35
	19 # 23

