Solution makespan:5
Timestep 0:
	0 # 2
	1 # 60
	2 # 51
	3 # 37
	4 # 52
	5 # 29
	6 # 34
	7 # 16
	8 # 18
	9 # 1
	10 # 50
	11 # 56
Timestep 1:
	0 # 6
	1 # 62
	2 # 51
	3 # 39
	4 # 53
	5 # 28
	6 # 38
	7 # 48
	8 # 19
	9 # 5
	10 # 18
	11 # 60
Timestep 2:
	0 # 4
	1 # 54
	2 # 55
	3 # 7
	4 # 49
	5 # 28
	6 # 6
	7 # 32
	8 # 19
	9 # 5
	10 # 16
	11 # 60
Timestep 3:
	0 # 12
	1 # 22
	2 # 54
	3 # 15
	4 # 17
	5 # 24
	6 # 14
	7 # 33
	8 # 23
	9 # 21
	10 # 18
	11 # 28
Timestep 4:
	0 # 44
	1 # 22
	2 # 38
	3 # 31
	4 # 25
	5 # 16
	6 # 46
	7 # 32
	8 # 23
	9 # 20
	10 # 26
	11 # 29
Timestep 5:
	0 # 44
	1 # 54
	2 # 46
	3 # 30
	4 # 57
	5 # 48
	6 # 47
	7 # 40
	8 # 7
	9 # 4
	10 # 26
	11 # 61

