Solution makespan:5
Timestep 0:
	0 # 45
	1 # 22
	2 # 24
	3 # 47
	4 # 2
	5 # 37
	6 # 50
	7 # 44
	8 # 55
	9 # 53
	10 # 41
	11 # 28
	12 # 13
	13 # 57
	14 # 39
	15 # 15
Timestep 1:
	0 # 45
	1 # 54
	2 # 26
	3 # 46
	4 # 34
	5 # 53
	6 # 48
	7 # 44
	8 # 63
	9 # 21
	10 # 57
	11 # 60
	12 # 13
	13 # 59
	14 # 55
	15 # 14
Timestep 2:
	0 # 41
	1 # 55
	2 # 10
	3 # 42
	4 # 32
	5 # 61
	6 # 49
	7 # 46
	8 # 47
	9 # 21
	10 # 59
	11 # 56
	12 # 13
	13 # 51
	14 # 53
	15 # 6
Timestep 3:
	0 # 9
	1 # 55
	2 # 42
	3 # 43
	4 # 40
	5 # 29
	6 # 57
	7 # 62
	8 # 15
	9 # 53
	10 # 63
	11 # 48
	12 # 5
	13 # 59
	14 # 52
	15 # 14
Timestep 4:
	0 # 1
	1 # 51
	2 # 40
	3 # 47
	4 # 56
	5 # 31
	6 # 41
	7 # 63
	8 # 13
	9 # 52
	10 # 61
	11 # 48
	12 # 7
	13 # 57
	14 # 20
	15 # 12
Timestep 5:
	0 # 17
	1 # 35
	2 # 41
	3 # 47
	4 # 24
	5 # 31
	6 # 45
	7 # 55
	8 # 13
	9 # 54
	10 # 60
	11 # 32
	12 # 23
	13 # 56
	14 # 20
	15 # 28

