Solution makespan:5
Timestep 0:
	0 # 3
	1 # 25
	2 # 10
	3 # 41
	4 # 15
	5 # 1
	6 # 23
	7 # 53
	8 # 55
	9 # 61
	10 # 62
	11 # 0
	12 # 21
	13 # 30
	14 # 56
	15 # 6
Timestep 1:
	0 # 35
	1 # 57
	2 # 2
	3 # 41
	4 # 11
	5 # 3
	6 # 55
	7 # 52
	8 # 39
	9 # 45
	10 # 63
	11 # 0
	12 # 53
	13 # 14
	14 # 58
	15 # 22
Timestep 2:
	0 # 51
	1 # 57
	2 # 34
	3 # 43
	4 # 11
	5 # 19
	6 # 55
	7 # 54
	8 # 35
	9 # 47
	10 # 63
	11 # 0
	12 # 61
	13 # 46
	14 # 42
	15 # 22
Timestep 3:
	0 # 59
	1 # 49
	2 # 32
	3 # 11
	4 # 3
	5 # 27
	6 # 63
	7 # 52
	8 # 43
	9 # 46
	10 # 47
	11 # 4
	12 # 57
	13 # 44
	14 # 10
	15 # 20
Timestep 4:
	0 # 57
	1 # 53
	2 # 48
	3 # 3
	4 # 19
	5 # 27
	6 # 47
	7 # 60
	8 # 11
	9 # 14
	10 # 39
	11 # 6
	12 # 56
	13 # 36
	14 # 8
	15 # 4
Timestep 5:
	0 # 57
	1 # 37
	2 # 52
	3 # 3
	4 # 51
	5 # 31
	6 # 15
	7 # 44
	8 # 9
	9 # 46
	10 # 39
	11 # 38
	12 # 40
	13 # 32
	14 # 0
	15 # 4

