Solution makespan:5
Timestep 0:
	0 # 55
	1 # 8
	2 # 21
	3 # 1
	4 # 18
	5 # 5
	6 # 24
	7 # 29
	8 # 40
	9 # 20
	10 # 11
	11 # 13
	12 # 15
	13 # 28
	14 # 6
	15 # 49
Timestep 1:
	0 # 55
	1 # 12
	2 # 20
	3 # 3
	4 # 16
	5 # 37
	6 # 25
	7 # 61
	8 # 42
	9 # 52
	10 # 27
	11 # 5
	12 # 13
	13 # 30
	14 # 14
	15 # 48
Timestep 2:
	0 # 51
	1 # 44
	2 # 28
	3 # 19
	4 # 20
	5 # 37
	6 # 17
	7 # 61
	8 # 34
	9 # 36
	10 # 27
	11 # 13
	12 # 15
	13 # 62
	14 # 46
	15 # 56
Timestep 3:
	0 # 19
	1 # 60
	2 # 30
	3 # 23
	4 # 52
	5 # 33
	6 # 1
	7 # 53
	8 # 35
	9 # 36
	10 # 25
	11 # 45
	12 # 15
	13 # 58
	14 # 38
	15 # 24
Timestep 4:
	0 # 23
	1 # 52
	2 # 31
	3 # 7
	4 # 54
	5 # 33
	6 # 3
	7 # 21
	8 # 51
	9 # 44
	10 # 17
	11 # 47
	12 # 13
	13 # 42
	14 # 38
	15 # 8
Timestep 5:
	0 # 7
	1 # 53
	2 # 23
	3 # 5
	4 # 62
	5 # 41
	6 # 2
	7 # 20
	8 # 49
	9 # 40
	10 # 21
	11 # 46
	12 # 12
	13 # 58
	14 # 6
	15 # 9

