Solution makespan:4
Timestep 0:
	0 # 6
	1 # 61
	2 # 1
	3 # 9
	4 # 63
	5 # 26
	6 # 12
	7 # 48
	8 # 57
	9 # 54
	10 # 8
	11 # 0
	12 # 52
	13 # 45
	14 # 37
	15 # 46
Timestep 1:
	0 # 22
	1 # 57
	2 # 17
	3 # 13
	4 # 47
	5 # 58
	6 # 4
	7 # 56
	8 # 59
	9 # 52
	10 # 24
	11 # 1
	12 # 36
	13 # 45
	14 # 5
	15 # 14
Timestep 2:
	0 # 54
	1 # 25
	2 # 49
	3 # 12
	4 # 43
	5 # 50
	6 # 5
	7 # 48
	8 # 58
	9 # 60
	10 # 8
	11 # 3
	12 # 44
	13 # 37
	14 # 1
	15 # 6
Timestep 3:
	0 # 54
	1 # 27
	2 # 53
	3 # 12
	4 # 41
	5 # 51
	6 # 7
	7 # 49
	8 # 26
	9 # 52
	10 # 9
	11 # 11
	12 # 40
	13 # 5
	14 # 0
	15 # 6
Timestep 4:
	0 # 52
	1 # 27
	2 # 61
	3 # 4
	4 # 41
	5 # 59
	6 # 7
	7 # 57
	8 # 24
	9 # 20
	10 # 25
	11 # 9
	12 # 44
	13 # 13
	14 # 0
	15 # 6

