Solution makespan:5
Timestep 0:
	0 # 56
	1 # 39
	2 # 59
	3 # 31
	4 # 43
	5 # 41
	6 # 23
	7 # 44
	8 # 7
	9 # 55
	10 # 28
	11 # 63
	12 # 60
	13 # 50
	14 # 35
	15 # 16
	16 # 36
	17 # 51
	18 # 24
	19 # 13
	20 # 27
	21 # 8
	22 # 57
	23 # 42
Timestep 1:
	0 # 60
	1 # 38
	2 # 63
	3 # 30
	4 # 11
	5 # 57
	6 # 23
	7 # 40
	8 # 5
	9 # 39
	10 # 29
	11 # 62
	12 # 61
	13 # 58
	14 # 51
	15 # 17
	16 # 36
	17 # 19
	18 # 16
	19 # 15
	20 # 27
	21 # 12
	22 # 25
	23 # 34
Timestep 2:
	0 # 28
	1 # 6
	2 # 63
	3 # 30
	4 # 9
	5 # 59
	6 # 55
	7 # 42
	8 # 4
	9 # 35
	10 # 61
	11 # 60
	12 # 53
	13 # 62
	14 # 50
	15 # 49
	16 # 37
	17 # 27
	18 # 48
	19 # 11
	20 # 31
	21 # 44
	22 # 17
	23 # 34
Timestep 3:
	0 # 29
	1 # 2
	2 # 31
	3 # 22
	4 # 25
	5 # 59
	6 # 55
	7 # 34
	8 # 0
	9 # 51
	10 # 61
	11 # 56
	12 # 37
	13 # 63
	14 # 58
	15 # 57
	16 # 33
	17 # 26
	18 # 50
	19 # 11
	20 # 23
	21 # 60
	22 # 21
	23 # 32
Timestep 4:
	0 # 31
	1 # 34
	2 # 30
	3 # 20
	4 # 25
	5 # 43
	6 # 23
	7 # 35
	8 # 8
	9 # 49
	10 # 53
	11 # 48
	12 # 33
	13 # 47
	14 # 42
	15 # 41
	16 # 32
	17 # 26
	18 # 18
	19 # 3
	20 # 7
	21 # 52
	22 # 5
	23 # 36
Timestep 5:
	0 # 31
	1 # 38
	2 # 62
	3 # 16
	4 # 27
	5 # 11
	6 # 7
	7 # 35
	8 # 40
	9 # 57
	10 # 21
	11 # 48
	12 # 33
	13 # 43
	14 # 46
	15 # 45
	16 # 32
	17 # 10
	18 # 2
	19 # 19
	20 # 6
	21 # 52
	22 # 4
	23 # 36

