Solution makespan:5
Timestep 0:
	0 # 40
	1 # 25
	2 # 7
	3 # 23
	4 # 39
	5 # 9
	6 # 46
	7 # 6
	8 # 55
	9 # 31
	10 # 3
	11 # 61
	12 # 0
	13 # 5
	14 # 2
	15 # 22
	16 # 19
	17 # 4
	18 # 41
	19 # 57
	20 # 45
	21 # 47
	22 # 38
	23 # 28
	24 # 50
	25 # 54
	26 # 15
	27 # 42
	28 # 48
	29 # 8
	30 # 32
	31 # 27
Timestep 1:
	0 # 56
	1 # 17
	2 # 7
	3 # 19
	4 # 37
	5 # 1
	6 # 44
	7 # 4
	8 # 53
	9 # 29
	10 # 11
	11 # 63
	12 # 2
	13 # 13
	14 # 10
	15 # 22
	16 # 18
	17 # 12
	18 # 33
	19 # 25
	20 # 41
	21 # 39
	22 # 46
	23 # 28
	24 # 51
	25 # 55
	26 # 31
	27 # 34
	28 # 52
	29 # 40
	30 # 48
	31 # 59
Timestep 2:
	0 # 57
	1 # 17
	2 # 39
	3 # 18
	4 # 5
	5 # 3
	6 # 12
	7 # 0
	8 # 61
	9 # 29
	10 # 43
	11 # 55
	12 # 6
	13 # 45
	14 # 11
	15 # 30
	16 # 16
	17 # 14
	18 # 35
	19 # 9
	20 # 33
	21 # 37
	22 # 46
	23 # 20
	24 # 19
	25 # 23
	26 # 27
	27 # 34
	28 # 53
	29 # 41
	30 # 56
	31 # 51
Timestep 3:
	0 # 57
	1 # 1
	2 # 47
	3 # 18
	4 # 21
	5 # 3
	6 # 13
	7 # 2
	8 # 45
	9 # 61
	10 # 43
	11 # 39
	12 # 38
	13 # 44
	14 # 15
	15 # 14
	16 # 48
	17 # 6
	18 # 34
	19 # 8
	20 # 49
	21 # 33
	22 # 62
	23 # 4
	24 # 23
	25 # 31
	26 # 26
	27 # 32
	28 # 55
	29 # 41
	30 # 58
	31 # 51
Timestep 4:
	0 # 49
	1 # 17
	2 # 45
	3 # 19
	4 # 20
	5 # 11
	6 # 5
	7 # 0
	8 # 37
	9 # 60
	10 # 59
	11 # 35
	12 # 36
	13 # 44
	14 # 13
	15 # 15
	16 # 52
	17 # 2
	18 # 34
	19 # 12
	20 # 48
	21 # 1
	22 # 30
	23 # 6
	24 # 7
	25 # 29
	26 # 18
	27 # 33
	28 # 39
	29 # 9
	30 # 58
	31 # 51
Timestep 5:
	0 # 53
	1 # 16
	2 # 45
	3 # 19
	4 # 28
	5 # 15
	6 # 4
	7 # 32
	8 # 37
	9 # 60
	10 # 57
	11 # 43
	12 # 44
	13 # 12
	14 # 13
	15 # 47
	16 # 52
	17 # 10
	18 # 38
	19 # 14
	20 # 56
	21 # 17
	22 # 30
	23 # 2
	24 # 7
	25 # 61
	26 # 26
	27 # 41
	28 # 39
	29 # 8
	30 # 42
	31 # 35

