Solution makespan:5
Timestep 0:
	0 # 15
	1 # 47
	2 # 54
	3 # 14
	4 # 5
	5 # 2
	6 # 45
	7 # 24
	8 # 7
	9 # 61
	10 # 62
	11 # 18
	12 # 49
	13 # 16
	14 # 59
	15 # 19
Timestep 1:
	0 # 47
	1 # 46
	2 # 55
	3 # 14
	4 # 4
	5 # 6
	6 # 13
	7 # 25
	8 # 7
	9 # 57
	10 # 58
	11 # 26
	12 # 48
	13 # 17
	14 # 59
	15 # 18
Timestep 2:
	0 # 47
	1 # 14
	2 # 23
	3 # 6
	4 # 5
	5 # 22
	6 # 12
	7 # 27
	8 # 15
	9 # 49
	10 # 42
	11 # 26
	12 # 56
	13 # 17
	14 # 43
	15 # 2
Timestep 3:
	0 # 43
	1 # 30
	2 # 7
	3 # 38
	4 # 13
	5 # 20
	6 # 28
	7 # 27
	8 # 15
	9 # 33
	10 # 10
	11 # 58
	12 # 24
	13 # 25
	14 # 11
	15 # 34
Timestep 4:
	0 # 41
	1 # 31
	2 # 23
	3 # 36
	4 # 12
	5 # 22
	6 # 29
	7 # 11
	8 # 14
	9 # 35
	10 # 42
	11 # 26
	12 # 24
	13 # 25
	14 # 9
	15 # 32
Timestep 5:
	0 # 45
	1 # 63
	2 # 23
	3 # 37
	4 # 14
	5 # 18
	6 # 21
	7 # 15
	8 # 10
	9 # 3
	10 # 42
	11 # 58
	12 # 8
	13 # 29
	14 # 13
	15 # 48

