Solution makespan:6
Timestep 0:
	0 # 21
	1 # 33
	2 # 24
	3 # 44
	4 # 17
	5 # 40
	6 # 52
	7 # 27
	8 # 28
	9 # 11
	10 # 19
	11 # 58
Timestep 1:
	0 # 53
	1 # 41
	2 # 26
	3 # 45
	4 # 49
	5 # 8
	6 # 36
	7 # 59
	8 # 60
	9 # 3
	10 # 17
	11 # 62
Timestep 2:
	0 # 55
	1 # 33
	2 # 18
	3 # 45
	4 # 53
	5 # 10
	6 # 4
	7 # 58
	8 # 60
	9 # 35
	10 # 1
	11 # 62
Timestep 3:
	0 # 63
	1 # 37
	2 # 19
	3 # 41
	4 # 55
	5 # 26
	6 # 4
	7 # 62
	8 # 28
	9 # 34
	10 # 17
	11 # 30
Timestep 4:
	0 # 55
	1 # 39
	2 # 23
	3 # 33
	4 # 54
	5 # 26
	6 # 6
	7 # 46
	8 # 28
	9 # 50
	10 # 19
	11 # 31
Timestep 5:
	0 # 55
	1 # 35
	2 # 7
	3 # 1
	4 # 62
	5 # 24
	6 # 2
	7 # 44
	8 # 12
	9 # 54
	10 # 27
	11 # 15
Timestep 6:
	0 # 63
	1 # 34
	2 # 15
	3 # 0
	4 # 46
	5 # 56
	6 # 18
	7 # 44
	8 # 8
	9 # 54
	10 # 26
	11 # 11

