Solution makespan:5
Timestep 0:
	0 # 22
	1 # 3
	2 # 51
	3 # 24
	4 # 5
	5 # 55
	6 # 13
	7 # 48
	8 # 18
	9 # 17
	10 # 50
	11 # 57
	12 # 11
	13 # 29
	14 # 45
	15 # 33
	16 # 40
	17 # 1
	18 # 26
	19 # 10
	20 # 62
	21 # 59
	22 # 53
	23 # 60
	24 # 27
	25 # 49
	26 # 9
	27 # 2
	28 # 38
	29 # 6
	30 # 54
	31 # 28
Timestep 1:
	0 # 30
	1 # 35
	2 # 50
	3 # 8
	4 # 7
	5 # 51
	6 # 9
	7 # 52
	8 # 16
	9 # 19
	10 # 58
	11 # 57
	12 # 43
	13 # 21
	14 # 44
	15 # 32
	16 # 56
	17 # 0
	18 # 18
	19 # 26
	20 # 62
	21 # 63
	22 # 37
	23 # 60
	24 # 31
	25 # 53
	26 # 1
	27 # 6
	28 # 34
	29 # 14
	30 # 55
	31 # 29
Timestep 2:
	0 # 30
	1 # 51
	2 # 18
	3 # 9
	4 # 6
	5 # 19
	6 # 1
	7 # 20
	8 # 24
	9 # 3
	10 # 42
	11 # 49
	12 # 59
	13 # 23
	14 # 40
	15 # 36
	16 # 48
	17 # 16
	18 # 22
	19 # 26
	20 # 60
	21 # 62
	22 # 33
	23 # 28
	24 # 15
	25 # 21
	26 # 17
	27 # 4
	28 # 32
	29 # 14
	30 # 63
	31 # 29
Timestep 3:
	0 # 26
	1 # 55
	2 # 18
	3 # 41
	4 # 2
	5 # 27
	6 # 1
	7 # 22
	8 # 25
	9 # 11
	10 # 40
	11 # 51
	12 # 63
	13 # 19
	14 # 8
	15 # 44
	16 # 50
	17 # 48
	18 # 6
	19 # 24
	20 # 56
	21 # 46
	22 # 35
	23 # 12
	24 # 13
	25 # 53
	26 # 17
	27 # 4
	28 # 33
	29 # 30
	30 # 61
	31 # 28
Timestep 4:
	0 # 27
	1 # 23
	2 # 16
	3 # 41
	4 # 34
	5 # 25
	6 # 1
	7 # 30
	8 # 57
	9 # 15
	10 # 32
	11 # 35
	12 # 31
	13 # 51
	14 # 8
	15 # 40
	16 # 48
	17 # 52
	18 # 2
	19 # 28
	20 # 56
	21 # 38
	22 # 3
	23 # 14
	24 # 45
	25 # 55
	26 # 49
	27 # 6
	28 # 37
	29 # 62
	30 # 63
	31 # 29
Timestep 5:
	0 # 27
	1 # 22
	2 # 16
	3 # 43
	4 # 34
	5 # 17
	6 # 3
	7 # 28
	8 # 57
	9 # 47
	10 # 33
	11 # 35
	12 # 23
	13 # 51
	14 # 40
	15 # 42
	16 # 32
	17 # 52
	18 # 0
	19 # 12
	20 # 48
	21 # 36
	22 # 2
	23 # 10
	24 # 61
	25 # 39
	26 # 53
	27 # 4
	28 # 5
	29 # 60
	30 # 55
	31 # 29

