Solution makespan:6
Timestep 0:
	0 # 33
	1 # 62
	2 # 13
	3 # 31
	4 # 45
	5 # 10
	6 # 34
	7 # 35
	8 # 38
	9 # 0
	10 # 21
	11 # 61
	12 # 39
	13 # 51
	14 # 8
	15 # 5
	16 # 23
	17 # 55
	18 # 15
	19 # 26
	20 # 49
	21 # 20
	22 # 18
	23 # 25
Timestep 1:
	0 # 41
	1 # 62
	2 # 9
	3 # 29
	4 # 61
	5 # 8
	6 # 38
	7 # 43
	8 # 54
	9 # 16
	10 # 20
	11 # 60
	12 # 35
	13 # 59
	14 # 40
	15 # 7
	16 # 55
	17 # 63
	18 # 15
	19 # 30
	20 # 17
	21 # 22
	22 # 50
	23 # 24
Timestep 2:
	0 # 40
	1 # 60
	2 # 11
	3 # 21
	4 # 57
	5 # 9
	6 # 6
	7 # 43
	8 # 52
	9 # 16
	10 # 4
	11 # 44
	12 # 33
	13 # 51
	14 # 42
	15 # 15
	16 # 63
	17 # 47
	18 # 31
	19 # 14
	20 # 1
	21 # 23
	22 # 54
	23 # 56
Timestep 3:
	0 # 40
	1 # 28
	2 # 10
	3 # 20
	4 # 57
	5 # 13
	6 # 22
	7 # 11
	8 # 52
	9 # 17
	10 # 6
	11 # 45
	12 # 41
	13 # 50
	14 # 58
	15 # 15
	16 # 55
	17 # 43
	18 # 29
	19 # 30
	20 # 33
	21 # 7
	22 # 54
	23 # 48
Timestep 4:
	0 # 44
	1 # 20
	2 # 42
	3 # 16
	4 # 25
	5 # 5
	6 # 18
	7 # 27
	8 # 54
	9 # 49
	10 # 22
	11 # 37
	12 # 40
	13 # 51
	14 # 56
	15 # 47
	16 # 53
	17 # 41
	18 # 21
	19 # 31
	20 # 33
	21 # 3
	22 # 38
	23 # 32
Timestep 5:
	0 # 45
	1 # 21
	2 # 42
	3 # 16
	4 # 27
	5 # 4
	6 # 26
	7 # 11
	8 # 38
	9 # 51
	10 # 30
	11 # 37
	12 # 56
	13 # 19
	14 # 24
	15 # 43
	16 # 52
	17 # 57
	18 # 29
	19 # 23
	20 # 32
	21 # 7
	22 # 34
	23 # 36
Timestep 6:
	0 # 47
	1 # 5
	2 # 46
	3 # 16
	4 # 27
	5 # 12
	6 # 10
	7 # 43
	8 # 6
	9 # 59
	10 # 14
	11 # 39
	12 # 57
	13 # 19
	14 # 8
	15 # 41
	16 # 52
	17 # 49
	18 # 29
	19 # 31
	20 # 40
	21 # 15
	22 # 32
	23 # 38

