Solution makespan:6
Timestep 0:
	0 # 51
	1 # 25
	2 # 24
	3 # 44
	4 # 37
	5 # 34
	6 # 48
	7 # 10
	8 # 26
	9 # 35
	10 # 1
	11 # 56
	12 # 45
	13 # 58
	14 # 33
	15 # 3
	16 # 18
	17 # 16
	18 # 6
	19 # 2
	20 # 36
	21 # 29
	22 # 53
	23 # 60
Timestep 1:
	0 # 19
	1 # 29
	2 # 8
	3 # 46
	4 # 39
	5 # 32
	6 # 50
	7 # 14
	8 # 30
	9 # 35
	10 # 17
	11 # 40
	12 # 61
	13 # 62
	14 # 37
	15 # 11
	16 # 26
	17 # 48
	18 # 7
	19 # 34
	20 # 38
	21 # 31
	22 # 21
	23 # 56
Timestep 2:
	0 # 19
	1 # 13
	2 # 12
	3 # 47
	4 # 39
	5 # 40
	6 # 18
	7 # 15
	8 # 62
	9 # 33
	10 # 49
	11 # 8
	12 # 61
	13 # 63
	14 # 5
	15 # 10
	16 # 58
	17 # 52
	18 # 7
	19 # 34
	20 # 6
	21 # 31
	22 # 17
	23 # 48
Timestep 3:
	0 # 3
	1 # 12
	2 # 14
	3 # 45
	4 # 39
	5 # 42
	6 # 2
	7 # 13
	8 # 30
	9 # 41
	10 # 51
	11 # 9
	12 # 60
	13 # 47
	14 # 21
	15 # 8
	16 # 26
	17 # 53
	18 # 15
	19 # 50
	20 # 4
	21 # 63
	22 # 25
	23 # 32
Timestep 4:
	0 # 7
	1 # 44
	2 # 6
	3 # 41
	4 # 39
	5 # 34
	6 # 10
	7 # 13
	8 # 28
	9 # 40
	10 # 51
	11 # 11
	12 # 52
	13 # 45
	14 # 29
	15 # 12
	16 # 26
	17 # 37
	18 # 15
	19 # 48
	20 # 36
	21 # 47
	22 # 9
	23 # 32
Timestep 5:
	0 # 6
	1 # 44
	2 # 38
	3 # 9
	4 # 47
	5 # 42
	6 # 14
	7 # 5
	8 # 28
	9 # 40
	10 # 49
	11 # 11
	12 # 52
	13 # 37
	14 # 29
	15 # 13
	16 # 30
	17 # 36
	18 # 7
	19 # 48
	20 # 4
	21 # 43
	22 # 8
	23 # 33
Timestep 6:
	0 # 2
	1 # 60
	2 # 54
	3 # 13
	4 # 43
	5 # 34
	6 # 30
	7 # 21
	8 # 28
	9 # 41
	10 # 48
	11 # 27
	12 # 20
	13 # 53
	14 # 61
	15 # 45
	16 # 31
	17 # 4
	18 # 3
	19 # 50
	20 # 0
	21 # 11
	22 # 10
	23 # 35

