Solution makespan:6
Timestep 0:
	0 # 2
	1 # 12
	2 # 8
	3 # 59
	4 # 38
	5 # 50
	6 # 4
	7 # 31
	8 # 18
	9 # 49
	10 # 22
	11 # 16
	12 # 17
	13 # 52
	14 # 32
	15 # 43
	16 # 51
	17 # 15
	18 # 40
	19 # 34
	20 # 14
	21 # 30
	22 # 25
	23 # 9
	24 # 0
	25 # 47
	26 # 10
	27 # 24
	28 # 37
	29 # 48
	30 # 3
	31 # 41
Timestep 1:
	0 # 3
	1 # 13
	2 # 10
	3 # 63
	4 # 54
	5 # 48
	6 # 20
	7 # 29
	8 # 19
	9 # 57
	10 # 22
	11 # 18
	12 # 17
	13 # 60
	14 # 36
	15 # 59
	16 # 55
	17 # 31
	18 # 42
	19 # 50
	20 # 6
	21 # 14
	22 # 27
	23 # 11
	24 # 4
	25 # 39
	26 # 26
	27 # 28
	28 # 45
	29 # 32
	30 # 1
	31 # 41
Timestep 2:
	0 # 35
	1 # 5
	2 # 42
	3 # 47
	4 # 62
	5 # 52
	6 # 21
	7 # 25
	8 # 17
	9 # 56
	10 # 23
	11 # 18
	12 # 49
	13 # 61
	14 # 4
	15 # 58
	16 # 39
	17 # 63
	18 # 34
	19 # 48
	20 # 2
	21 # 6
	22 # 59
	23 # 11
	24 # 12
	25 # 37
	26 # 30
	27 # 29
	28 # 44
	29 # 32
	30 # 9
	31 # 43
Timestep 3:
	0 # 33
	1 # 5
	2 # 42
	3 # 47
	4 # 60
	5 # 36
	6 # 21
	7 # 17
	8 # 1
	9 # 56
	10 # 55
	11 # 18
	12 # 49
	13 # 63
	14 # 6
	15 # 62
	16 # 37
	17 # 59
	18 # 50
	19 # 52
	20 # 3
	21 # 7
	22 # 57
	23 # 11
	24 # 13
	25 # 53
	26 # 28
	27 # 25
	28 # 46
	29 # 34
	30 # 9
	31 # 43
Timestep 4:
	0 # 41
	1 # 4
	2 # 10
	3 # 15
	4 # 52
	5 # 44
	6 # 21
	7 # 1
	8 # 0
	9 # 48
	10 # 51
	11 # 50
	12 # 49
	13 # 55
	14 # 2
	15 # 30
	16 # 37
	17 # 58
	18 # 54
	19 # 36
	20 # 19
	21 # 23
	22 # 57
	23 # 11
	24 # 45
	25 # 53
	26 # 28
	27 # 27
	28 # 46
	29 # 35
	30 # 9
	31 # 59
Timestep 5:
	0 # 45
	1 # 0
	2 # 2
	3 # 15
	4 # 48
	5 # 44
	6 # 29
	7 # 33
	8 # 8
	9 # 56
	10 # 35
	11 # 54
	12 # 53
	13 # 39
	14 # 34
	15 # 28
	16 # 37
	17 # 26
	18 # 38
	19 # 4
	20 # 17
	21 # 22
	22 # 25
	23 # 9
	24 # 47
	25 # 52
	26 # 20
	27 # 31
	28 # 42
	29 # 43
	30 # 1
	31 # 51
Timestep 6:
	0 # 44
	1 # 0
	2 # 6
	3 # 14
	4 # 16
	5 # 46
	6 # 61
	7 # 41
	8 # 40
	9 # 56
	10 # 34
	11 # 62
	12 # 52
	13 # 37
	14 # 2
	15 # 60
	16 # 5
	17 # 24
	18 # 38
	19 # 12
	20 # 49
	21 # 18
	22 # 57
	23 # 13
	24 # 63
	25 # 48
	26 # 22
	27 # 30
	28 # 58
	29 # 11
	30 # 33
	31 # 19

