Solution makespan:5
Timestep 0:
	0 # 57
	1 # 25
	2 # 2
	3 # 9
	4 # 43
	5 # 11
	6 # 38
	7 # 46
	8 # 30
	9 # 35
	10 # 33
	11 # 24
	12 # 56
	13 # 29
	14 # 14
	15 # 16
	16 # 1
	17 # 58
	18 # 3
	19 # 17
Timestep 1:
	0 # 61
	1 # 25
	2 # 34
	3 # 41
	4 # 11
	5 # 3
	6 # 39
	7 # 14
	8 # 62
	9 # 43
	10 # 32
	11 # 56
	12 # 40
	13 # 31
	14 # 15
	15 # 16
	16 # 1
	17 # 42
	18 # 2
	19 # 17
Timestep 2:
	0 # 53
	1 # 27
	2 # 50
	3 # 57
	4 # 15
	5 # 3
	6 # 38
	7 # 6
	8 # 63
	9 # 41
	10 # 36
	11 # 58
	12 # 44
	13 # 29
	14 # 7
	15 # 48
	16 # 9
	17 # 10
	18 # 18
	19 # 25
Timestep 3:
	0 # 52
	1 # 59
	2 # 48
	3 # 56
	4 # 31
	5 # 11
	6 # 6
	7 # 4
	8 # 63
	9 # 45
	10 # 36
	11 # 62
	12 # 46
	13 # 28
	14 # 7
	15 # 32
	16 # 9
	17 # 14
	18 # 16
	19 # 57
Timestep 4:
	0 # 54
	1 # 51
	2 # 49
	3 # 56
	4 # 30
	5 # 10
	6 # 2
	7 # 4
	8 # 31
	9 # 61
	10 # 38
	11 # 63
	12 # 47
	13 # 24
	14 # 23
	15 # 32
	16 # 25
	17 # 14
	18 # 20
	19 # 41
Timestep 5:
	0 # 22
	1 # 50
	2 # 17
	3 # 58
	4 # 28
	5 # 8
	6 # 18
	7 # 0
	8 # 27
	9 # 60
	10 # 6
	11 # 62
	12 # 15
	13 # 56
	14 # 19
	15 # 33
	16 # 57
	17 # 30
	18 # 21
	19 # 43

