Solution makespan:5
Timestep 0:
	0 # 36
	1 # 11
	2 # 1
	3 # 14
	4 # 42
	5 # 15
	6 # 61
	7 # 37
	8 # 47
	9 # 6
	10 # 0
	11 # 13
	12 # 49
	13 # 57
	14 # 51
	15 # 3
Timestep 1:
	0 # 44
	1 # 43
	2 # 1
	3 # 30
	4 # 10
	5 # 31
	6 # 63
	7 # 33
	8 # 15
	9 # 38
	10 # 32
	11 # 9
	12 # 57
	13 # 56
	14 # 59
	15 # 11
Timestep 2:
	0 # 40
	1 # 35
	2 # 17
	3 # 31
	4 # 2
	5 # 15
	6 # 62
	7 # 32
	8 # 13
	9 # 39
	10 # 48
	11 # 1
	12 # 25
	13 # 24
	14 # 27
	15 # 43
Timestep 3:
	0 # 8
	1 # 51
	2 # 25
	3 # 29
	4 # 0
	5 # 11
	6 # 60
	7 # 34
	8 # 15
	9 # 39
	10 # 56
	11 # 3
	12 # 24
	13 # 26
	14 # 59
	15 # 42
Timestep 4:
	0 # 0
	1 # 19
	2 # 57
	3 # 25
	4 # 4
	5 # 3
	6 # 56
	7 # 50
	8 # 7
	9 # 47
	10 # 24
	11 # 2
	12 # 28
	13 # 18
	14 # 43
	15 # 46
Timestep 5:
	0 # 16
	1 # 27
	2 # 59
	3 # 17
	4 # 4
	5 # 3
	6 # 40
	7 # 58
	8 # 6
	9 # 43
	10 # 28
	11 # 0
	12 # 30
	13 # 19
	14 # 42
	15 # 38

