Solution makespan:5
Timestep 0:
	0 # 62
	1 # 36
	2 # 0
	3 # 52
	4 # 32
	5 # 24
	6 # 43
	7 # 6
	8 # 17
	9 # 9
	10 # 3
	11 # 10
Timestep 1:
	0 # 58
	1 # 32
	2 # 4
	3 # 54
	4 # 48
	5 # 16
	6 # 59
	7 # 7
	8 # 1
	9 # 8
	10 # 19
	11 # 14
Timestep 2:
	0 # 50
	1 # 48
	2 # 36
	3 # 54
	4 # 56
	5 # 24
	6 # 63
	7 # 6
	8 # 0
	9 # 40
	10 # 19
	11 # 12
Timestep 3:
	0 # 48
	1 # 49
	2 # 37
	3 # 50
	4 # 56
	5 # 16
	6 # 55
	7 # 6
	8 # 8
	9 # 42
	10 # 23
	11 # 4
Timestep 4:
	0 # 32
	1 # 49
	2 # 45
	3 # 51
	4 # 24
	5 # 18
	6 # 39
	7 # 38
	8 # 12
	9 # 42
	10 # 7
	11 # 5
Timestep 5:
	0 # 33
	1 # 51
	2 # 61
	3 # 19
	4 # 28
	5 # 50
	6 # 38
	7 # 54
	8 # 44
	9 # 43
	10 # 3
	11 # 21

