Solution makespan:5
Timestep 0:
	0 # 12
	1 # 0
	2 # 27
	3 # 55
	4 # 18
	5 # 58
	6 # 51
	7 # 1
	8 # 16
	9 # 53
	10 # 10
	11 # 7
	12 # 26
	13 # 13
	14 # 9
	15 # 62
	16 # 2
	17 # 50
	18 # 61
	19 # 17
Timestep 1:
	0 # 8
	1 # 32
	2 # 27
	3 # 23
	4 # 22
	5 # 26
	6 # 51
	7 # 0
	8 # 48
	9 # 61
	10 # 14
	11 # 39
	12 # 30
	13 # 5
	14 # 11
	15 # 62
	16 # 2
	17 # 34
	18 # 63
	19 # 25
Timestep 2:
	0 # 9
	1 # 40
	2 # 11
	3 # 7
	4 # 6
	5 # 30
	6 # 55
	7 # 4
	8 # 32
	9 # 29
	10 # 15
	11 # 38
	12 # 28
	13 # 1
	14 # 10
	15 # 54
	16 # 18
	17 # 34
	18 # 63
	19 # 25
Timestep 3:
	0 # 9
	1 # 40
	2 # 15
	3 # 39
	4 # 6
	5 # 28
	6 # 53
	7 # 12
	8 # 33
	9 # 25
	10 # 47
	11 # 38
	12 # 60
	13 # 3
	14 # 42
	15 # 52
	16 # 26
	17 # 32
	18 # 59
	19 # 27
Timestep 4:
	0 # 1
	1 # 41
	2 # 47
	3 # 35
	4 # 38
	5 # 28
	6 # 21
	7 # 4
	8 # 37
	9 # 17
	10 # 63
	11 # 34
	12 # 60
	13 # 19
	14 # 43
	15 # 53
	16 # 24
	17 # 40
	18 # 27
	19 # 31
Timestep 5:
	0 # 33
	1 # 57
	2 # 63
	3 # 34
	4 # 39
	5 # 29
	6 # 20
	7 # 36
	8 # 45
	9 # 19
	10 # 59
	11 # 2
	12 # 52
	13 # 51
	14 # 43
	15 # 55
	16 # 25
	17 # 41
	18 # 11
	19 # 23

