Solution makespan:5
Timestep 0:
	0 # 18
	1 # 35
	2 # 23
	3 # 24
	4 # 17
	5 # 62
	6 # 54
	7 # 42
	8 # 34
	9 # 27
	10 # 37
	11 # 7
	12 # 21
	13 # 45
	14 # 30
	15 # 43
Timestep 1:
	0 # 26
	1 # 34
	2 # 21
	3 # 8
	4 # 49
	5 # 63
	6 # 55
	7 # 58
	8 # 38
	9 # 19
	10 # 53
	11 # 15
	12 # 5
	13 # 47
	14 # 14
	15 # 11
Timestep 2:
	0 # 24
	1 # 2
	2 # 29
	3 # 0
	4 # 33
	5 # 47
	6 # 54
	7 # 50
	8 # 36
	9 # 18
	10 # 21
	11 # 11
	12 # 5
	13 # 15
	14 # 12
	15 # 3
Timestep 3:
	0 # 8
	1 # 10
	2 # 25
	3 # 2
	4 # 32
	5 # 15
	6 # 52
	7 # 50
	8 # 4
	9 # 18
	10 # 29
	11 # 11
	12 # 1
	13 # 14
	14 # 13
	15 # 19
Timestep 4:
	0 # 12
	1 # 8
	2 # 24
	3 # 3
	4 # 33
	5 # 13
	6 # 36
	7 # 48
	8 # 6
	9 # 2
	10 # 28
	11 # 43
	12 # 0
	13 # 46
	14 # 5
	15 # 23
Timestep 5:
	0 # 44
	1 # 9
	2 # 56
	3 # 35
	4 # 32
	5 # 29
	6 # 36
	7 # 48
	8 # 4
	9 # 3
	10 # 20
	11 # 47
	12 # 16
	13 # 62
	14 # 21
	15 # 19

