Solution makespan:5
Timestep 0:
	0 # 11
	1 # 49
	2 # 33
	3 # 45
	4 # 14
	5 # 38
	6 # 12
	7 # 6
	8 # 36
	9 # 18
	10 # 30
	11 # 32
	12 # 13
	13 # 34
	14 # 0
	15 # 51
Timestep 1:
	0 # 9
	1 # 57
	2 # 41
	3 # 45
	4 # 12
	5 # 46
	6 # 8
	7 # 4
	8 # 37
	9 # 22
	10 # 62
	11 # 48
	12 # 5
	13 # 50
	14 # 0
	15 # 49
Timestep 2:
	0 # 13
	1 # 59
	2 # 43
	3 # 45
	4 # 4
	5 # 46
	6 # 9
	7 # 0
	8 # 37
	9 # 23
	10 # 62
	11 # 52
	12 # 21
	13 # 50
	14 # 16
	15 # 48
Timestep 3:
	0 # 12
	1 # 59
	2 # 11
	3 # 44
	4 # 20
	5 # 62
	6 # 41
	7 # 8
	8 # 5
	9 # 31
	10 # 63
	11 # 54
	12 # 23
	13 # 58
	14 # 48
	15 # 56
Timestep 4:
	0 # 12
	1 # 57
	2 # 27
	3 # 60
	4 # 52
	5 # 30
	6 # 45
	7 # 9
	8 # 13
	9 # 31
	10 # 55
	11 # 50
	12 # 22
	13 # 59
	14 # 56
	15 # 24
Timestep 5:
	0 # 13
	1 # 61
	2 # 19
	3 # 62
	4 # 52
	5 # 30
	6 # 37
	7 # 25
	8 # 29
	9 # 63
	10 # 51
	11 # 50
	12 # 22
	13 # 43
	14 # 40
	15 # 24

