Solution makespan:6
Timestep 0:
	0 # 19
	1 # 10
	2 # 44
	3 # 12
	4 # 48
	5 # 13
	6 # 6
	7 # 61
	8 # 28
	9 # 15
	10 # 35
	11 # 34
	12 # 16
	13 # 49
	14 # 63
	15 # 37
	16 # 32
	17 # 59
	18 # 46
	19 # 54
	20 # 47
	21 # 39
	22 # 26
	23 # 51
Timestep 1:
	0 # 18
	1 # 10
	2 # 60
	3 # 28
	4 # 48
	5 # 9
	6 # 6
	7 # 53
	8 # 20
	9 # 11
	10 # 33
	11 # 2
	12 # 17
	13 # 57
	14 # 31
	15 # 5
	16 # 0
	17 # 27
	18 # 47
	19 # 52
	20 # 43
	21 # 37
	22 # 30
	23 # 51
Timestep 2:
	0 # 18
	1 # 14
	2 # 62
	3 # 28
	4 # 32
	5 # 9
	6 # 7
	7 # 53
	8 # 22
	9 # 3
	10 # 49
	11 # 10
	12 # 17
	13 # 41
	14 # 15
	15 # 13
	16 # 1
	17 # 11
	18 # 47
	19 # 52
	20 # 59
	21 # 33
	22 # 26
	23 # 50
Timestep 3:
	0 # 2
	1 # 12
	2 # 63
	3 # 20
	4 # 0
	5 # 8
	6 # 7
	7 # 49
	8 # 22
	9 # 35
	10 # 57
	11 # 42
	12 # 21
	13 # 43
	14 # 13
	15 # 9
	16 # 1
	17 # 10
	18 # 39
	19 # 53
	20 # 58
	21 # 33
	22 # 27
	23 # 34
Timestep 4:
	0 # 2
	1 # 14
	2 # 31
	3 # 16
	4 # 0
	5 # 24
	6 # 6
	7 # 51
	8 # 54
	9 # 3
	10 # 57
	11 # 42
	12 # 20
	13 # 47
	14 # 29
	15 # 9
	16 # 17
	17 # 10
	18 # 35
	19 # 55
	20 # 26
	21 # 37
	22 # 25
	23 # 32
Timestep 5:
	0 # 0
	1 # 14
	2 # 15
	3 # 18
	4 # 8
	5 # 16
	6 # 4
	7 # 59
	8 # 38
	9 # 3
	10 # 61
	11 # 58
	12 # 52
	13 # 46
	14 # 28
	15 # 11
	16 # 21
	17 # 42
	18 # 33
	19 # 23
	20 # 26
	21 # 37
	22 # 25
	23 # 32
Timestep 6:
	0 # 8
	1 # 30
	2 # 15
	3 # 2
	4 # 9
	5 # 18
	6 # 4
	7 # 59
	8 # 39
	9 # 7
	10 # 57
	11 # 50
	12 # 60
	13 # 14
	14 # 28
	15 # 3
	16 # 23
	17 # 40
	18 # 33
	19 # 19
	20 # 26
	21 # 53
	22 # 17
	23 # 34

