Solution makespan:5
Timestep 0:
	0 # 25
	1 # 37
	2 # 12
	3 # 9
	4 # 46
	5 # 54
	6 # 42
	7 # 32
	8 # 41
	9 # 62
	10 # 50
	11 # 47
	12 # 3
	13 # 10
	14 # 34
	15 # 14
Timestep 1:
	0 # 25
	1 # 53
	2 # 44
	3 # 8
	4 # 62
	5 # 22
	6 # 40
	7 # 36
	8 # 43
	9 # 54
	10 # 34
	11 # 15
	12 # 1
	13 # 14
	14 # 32
	15 # 12
Timestep 2:
	0 # 9
	1 # 53
	2 # 36
	3 # 40
	4 # 58
	5 # 54
	6 # 41
	7 # 38
	8 # 11
	9 # 52
	10 # 35
	11 # 14
	12 # 33
	13 # 12
	14 # 0
	15 # 28
Timestep 3:
	0 # 13
	1 # 37
	2 # 38
	3 # 40
	4 # 59
	5 # 55
	6 # 9
	7 # 46
	8 # 43
	9 # 48
	10 # 35
	11 # 14
	12 # 49
	13 # 12
	14 # 8
	15 # 24
Timestep 4:
	0 # 5
	1 # 36
	2 # 6
	3 # 40
	4 # 43
	5 # 39
	6 # 9
	7 # 42
	8 # 41
	9 # 48
	10 # 3
	11 # 14
	12 # 33
	13 # 44
	14 # 8
	15 # 16
Timestep 5:
	0 # 37
	1 # 32
	2 # 22
	3 # 56
	4 # 59
	5 # 38
	6 # 9
	7 # 34
	8 # 41
	9 # 50
	10 # 1
	11 # 30
	12 # 49
	13 # 60
	14 # 10
	15 # 17

