Solution makespan:4
Timestep 0:
	0 # 6
	1 # 61
	2 # 1
	3 # 9
	4 # 63
	5 # 26
	6 # 12
	7 # 48
	8 # 57
	9 # 54
	10 # 8
	11 # 0
	12 # 52
	13 # 45
	14 # 37
	15 # 46
Timestep 1:
	0 # 38
	1 # 63
	2 # 9
	3 # 13
	4 # 59
	5 # 10
	6 # 14
	7 # 50
	8 # 49
	9 # 22
	10 # 8
	11 # 4
	12 # 52
	13 # 44
	14 # 36
	15 # 62
Timestep 2:
	0 # 54
	1 # 63
	2 # 25
	3 # 5
	4 # 57
	5 # 11
	6 # 6
	7 # 51
	8 # 48
	9 # 20
	10 # 9
	11 # 12
	12 # 36
	13 # 45
	14 # 32
	15 # 46
Timestep 3:
	0 # 54
	1 # 31
	2 # 57
	3 # 5
	4 # 41
	5 # 43
	6 # 6
	7 # 59
	8 # 16
	9 # 52
	10 # 9
	11 # 13
	12 # 44
	13 # 45
	14 # 32
	15 # 14
Timestep 4:
	0 # 52
	1 # 27
	2 # 61
	3 # 4
	4 # 41
	5 # 59
	6 # 7
	7 # 57
	8 # 24
	9 # 20
	10 # 25
	11 # 9
	12 # 44
	13 # 13
	14 # 0
	15 # 6

