Solution makespan:6
Timestep 0:
	0 # 47
	1 # 6
	2 # 53
	3 # 57
	4 # 28
	5 # 41
	6 # 8
	7 # 31
	8 # 5
	9 # 29
	10 # 10
	11 # 15
	12 # 39
	13 # 3
	14 # 12
	15 # 17
	16 # 45
	17 # 30
	18 # 0
	19 # 46
	20 # 52
	21 # 24
	22 # 63
	23 # 19
Timestep 1:
	0 # 46
	1 # 38
	2 # 52
	3 # 56
	4 # 20
	5 # 57
	6 # 40
	7 # 23
	8 # 37
	9 # 13
	10 # 8
	11 # 47
	12 # 7
	13 # 3
	14 # 14
	15 # 17
	16 # 61
	17 # 31
	18 # 1
	19 # 44
	20 # 54
	21 # 24
	22 # 55
	23 # 18
Timestep 2:
	0 # 62
	1 # 34
	2 # 36
	3 # 24
	4 # 28
	5 # 41
	6 # 32
	7 # 23
	8 # 33
	9 # 45
	10 # 12
	11 # 46
	12 # 15
	13 # 19
	14 # 14
	15 # 21
	16 # 61
	17 # 27
	18 # 9
	19 # 60
	20 # 50
	21 # 8
	22 # 54
	23 # 18
Timestep 3:
	0 # 58
	1 # 2
	2 # 38
	3 # 28
	4 # 20
	5 # 43
	6 # 40
	7 # 31
	8 # 33
	9 # 37
	10 # 44
	11 # 47
	12 # 15
	13 # 18
	14 # 46
	15 # 29
	16 # 53
	17 # 26
	18 # 11
	19 # 62
	20 # 51
	21 # 8
	22 # 50
	23 # 22
Timestep 4:
	0 # 56
	1 # 2
	2 # 39
	3 # 30
	4 # 4
	5 # 41
	6 # 42
	7 # 27
	8 # 33
	9 # 36
	10 # 60
	11 # 15
	12 # 7
	13 # 18
	14 # 44
	15 # 25
	16 # 52
	17 # 26
	18 # 10
	19 # 58
	20 # 59
	21 # 40
	22 # 48
	23 # 54
Timestep 5:
	0 # 24
	1 # 18
	2 # 55
	3 # 31
	4 # 12
	5 # 45
	6 # 46
	7 # 25
	8 # 32
	9 # 38
	10 # 61
	11 # 14
	12 # 7
	13 # 16
	14 # 44
	15 # 9
	16 # 36
	17 # 26
	18 # 8
	19 # 42
	20 # 43
	21 # 56
	22 # 49
	23 # 54
Timestep 6:
	0 # 16
	1 # 26
	2 # 53
	3 # 31
	4 # 13
	5 # 47
	6 # 46
	7 # 29
	8 # 48
	9 # 38
	10 # 61
	11 # 14
	12 # 3
	13 # 20
	14 # 12
	15 # 8
	16 # 44
	17 # 24
	18 # 40
	19 # 42
	20 # 11
	21 # 60
	22 # 57
	23 # 52

