Solution makespan:5
Timestep 0:
	0 # 0
	1 # 45
	2 # 12
	3 # 3
	4 # 16
	5 # 39
	6 # 42
	7 # 32
	8 # 36
	9 # 19
	10 # 20
	11 # 43
	12 # 46
	13 # 4
	14 # 1
	15 # 41
	16 # 52
	17 # 21
	18 # 54
	19 # 22
	20 # 57
	21 # 33
	22 # 56
	23 # 30
Timestep 1:
	0 # 0
	1 # 37
	2 # 44
	3 # 3
	4 # 24
	5 # 55
	6 # 46
	7 # 34
	8 # 38
	9 # 19
	10 # 21
	11 # 11
	12 # 47
	13 # 6
	14 # 33
	15 # 45
	16 # 53
	17 # 29
	18 # 52
	19 # 30
	20 # 49
	21 # 32
	22 # 48
	23 # 28
Timestep 2:
	0 # 32
	1 # 36
	2 # 45
	3 # 35
	4 # 56
	5 # 63
	6 # 14
	7 # 42
	8 # 38
	9 # 18
	10 # 23
	11 # 9
	12 # 39
	13 # 6
	14 # 33
	15 # 37
	16 # 61
	17 # 25
	18 # 20
	19 # 22
	20 # 53
	21 # 40
	22 # 16
	23 # 30
Timestep 3:
	0 # 40
	1 # 52
	2 # 45
	3 # 51
	4 # 60
	5 # 31
	6 # 15
	7 # 58
	8 # 34
	9 # 26
	10 # 19
	11 # 13
	12 # 55
	13 # 6
	14 # 41
	15 # 36
	16 # 29
	17 # 9
	18 # 4
	19 # 20
	20 # 61
	21 # 8
	22 # 16
	23 # 22
Timestep 4:
	0 # 56
	1 # 48
	2 # 61
	3 # 49
	4 # 62
	5 # 30
	6 # 15
	7 # 59
	8 # 50
	9 # 26
	10 # 27
	11 # 13
	12 # 53
	13 # 4
	14 # 40
	15 # 36
	16 # 29
	17 # 41
	18 # 0
	19 # 52
	20 # 60
	21 # 12
	22 # 17
	23 # 23
Timestep 5:
	0 # 60
	1 # 49
	2 # 53
	3 # 57
	4 # 30
	5 # 26
	6 # 31
	7 # 63
	8 # 51
	9 # 18
	10 # 59
	11 # 9
	12 # 52
	13 # 5
	14 # 44
	15 # 32
	16 # 29
	17 # 41
	18 # 8
	19 # 36
	20 # 28
	21 # 12
	22 # 1
	23 # 7

