Solution makespan:6
Timestep 0:
	0 # 9
	1 # 6
	2 # 11
	3 # 49
	4 # 57
	5 # 37
	6 # 53
	7 # 47
	8 # 52
	9 # 25
	10 # 17
	11 # 7
	12 # 54
	13 # 0
	14 # 50
	15 # 5
Timestep 1:
	0 # 8
	1 # 38
	2 # 11
	3 # 51
	4 # 61
	5 # 39
	6 # 21
	7 # 47
	8 # 53
	9 # 9
	10 # 25
	11 # 23
	12 # 22
	13 # 0
	14 # 48
	15 # 37
Timestep 2:
	0 # 40
	1 # 6
	2 # 3
	3 # 59
	4 # 45
	5 # 55
	6 # 53
	7 # 47
	8 # 49
	9 # 41
	10 # 29
	11 # 31
	12 # 30
	13 # 32
	14 # 52
	15 # 39
Timestep 3:
	0 # 32
	1 # 14
	2 # 1
	3 # 58
	4 # 44
	5 # 23
	6 # 55
	7 # 63
	8 # 51
	9 # 43
	10 # 61
	11 # 27
	12 # 22
	13 # 34
	14 # 36
	15 # 7
Timestep 4:
	0 # 34
	1 # 14
	2 # 9
	3 # 62
	4 # 46
	5 # 22
	6 # 51
	7 # 55
	8 # 19
	9 # 47
	10 # 53
	11 # 11
	12 # 6
	13 # 38
	14 # 44
	15 # 15
Timestep 5:
	0 # 50
	1 # 12
	2 # 9
	3 # 60
	4 # 46
	5 # 18
	6 # 55
	7 # 23
	8 # 19
	9 # 39
	10 # 49
	11 # 15
	12 # 6
	13 # 54
	14 # 45
	15 # 13
Timestep 6:
	0 # 54
	1 # 13
	2 # 41
	3 # 44
	4 # 62
	5 # 26
	6 # 63
	7 # 21
	8 # 18
	9 # 55
	10 # 49
	11 # 15
	12 # 38
	13 # 52
	14 # 47
	15 # 9

