Solution makespan:6
Timestep 0:
	0 # 18
	1 # 16
	2 # 6
	3 # 2
	4 # 36
	5 # 29
	6 # 53
	7 # 60
Timestep 1:
	0 # 16
	1 # 24
	2 # 6
	3 # 10
	4 # 52
	5 # 13
	6 # 49
	7 # 62
Timestep 2:
	0 # 0
	1 # 56
	2 # 4
	3 # 10
	4 # 36
	5 # 9
	6 # 33
	7 # 30
Timestep 3:
	0 # 2
	1 # 57
	2 # 12
	3 # 26
	4 # 4
	5 # 11
	6 # 1
	7 # 30
Timestep 4:
	0 # 18
	1 # 41
	2 # 8
	3 # 26
	4 # 36
	5 # 43
	6 # 3
	7 # 31
Timestep 5:
	0 # 22
	1 # 33
	2 # 40
	3 # 26
	4 # 36
	5 # 42
	6 # 35
	7 # 27
Timestep 6:
	0 # 20
	1 # 37
	2 # 32
	3 # 58
	4 # 4
	5 # 34
	6 # 43
	7 # 59

