Solution makespan:5
Timestep 0:
	0 # 10
	1 # 5
	2 # 57
	3 # 17
	4 # 50
	5 # 43
	6 # 4
	7 # 48
	8 # 32
	9 # 39
	10 # 52
	11 # 29
	12 # 24
	13 # 0
	14 # 28
	15 # 61
	16 # 27
	17 # 18
	18 # 11
	19 # 41
	20 # 51
	21 # 37
	22 # 30
	23 # 55
Timestep 1:
	0 # 11
	1 # 21
	2 # 57
	3 # 19
	4 # 48
	5 # 47
	6 # 6
	7 # 16
	8 # 33
	9 # 39
	10 # 20
	11 # 13
	12 # 25
	13 # 2
	14 # 24
	15 # 61
	16 # 59
	17 # 22
	18 # 15
	19 # 9
	20 # 50
	21 # 36
	22 # 31
	23 # 23
Timestep 2:
	0 # 15
	1 # 29
	2 # 41
	3 # 19
	4 # 52
	5 # 39
	6 # 22
	7 # 16
	8 # 49
	9 # 35
	10 # 4
	11 # 5
	12 # 17
	13 # 2
	14 # 26
	15 # 61
	16 # 43
	17 # 54
	18 # 13
	19 # 1
	20 # 58
	21 # 38
	22 # 63
	23 # 23
Timestep 3:
	0 # 7
	1 # 28
	2 # 33
	3 # 27
	4 # 52
	5 # 55
	6 # 22
	7 # 48
	8 # 51
	9 # 35
	10 # 0
	11 # 4
	12 # 1
	13 # 6
	14 # 10
	15 # 63
	16 # 43
	17 # 38
	18 # 13
	19 # 3
	20 # 26
	21 # 34
	22 # 47
	23 # 21
Timestep 4:
	0 # 23
	1 # 28
	2 # 37
	3 # 26
	4 # 60
	5 # 54
	6 # 18
	7 # 52
	8 # 51
	9 # 39
	10 # 2
	11 # 0
	12 # 17
	13 # 38
	14 # 8
	15 # 31
	16 # 11
	17 # 46
	18 # 9
	19 # 3
	20 # 10
	21 # 35
	22 # 45
	23 # 53
Timestep 5:
	0 # 23
	1 # 60
	2 # 45
	3 # 30
	4 # 61
	5 # 22
	6 # 16
	7 # 20
	8 # 55
	9 # 7
	10 # 2
	11 # 8
	12 # 21
	13 # 46
	14 # 40
	15 # 15
	16 # 3
	17 # 47
	18 # 41
	19 # 19
	20 # 10
	21 # 43
	22 # 44
	23 # 49

