Solution makespan:5
Timestep 0:
	0 # 31
	1 # 23
	2 # 50
	3 # 58
	4 # 34
	5 # 28
	6 # 61
	7 # 21
	8 # 36
	9 # 3
	10 # 9
	11 # 2
	12 # 8
	13 # 15
	14 # 39
	15 # 38
	16 # 48
	17 # 62
	18 # 13
	19 # 25
Timestep 1:
	0 # 23
	1 # 19
	2 # 54
	3 # 58
	4 # 32
	5 # 20
	6 # 53
	7 # 29
	8 # 36
	9 # 3
	10 # 11
	11 # 10
	12 # 0
	13 # 7
	14 # 37
	15 # 34
	16 # 50
	17 # 63
	18 # 45
	19 # 27
Timestep 2:
	0 # 23
	1 # 27
	2 # 62
	3 # 59
	4 # 48
	5 # 16
	6 # 55
	7 # 21
	8 # 32
	9 # 35
	10 # 10
	11 # 8
	12 # 4
	13 # 6
	14 # 5
	15 # 38
	16 # 54
	17 # 63
	18 # 61
	19 # 25
Timestep 3:
	0 # 22
	1 # 31
	2 # 58
	3 # 43
	4 # 56
	5 # 0
	6 # 39
	7 # 17
	8 # 34
	9 # 35
	10 # 14
	11 # 24
	12 # 4
	13 # 6
	14 # 37
	15 # 38
	16 # 62
	17 # 55
	18 # 63
	19 # 27
Timestep 4:
	0 # 20
	1 # 23
	2 # 42
	3 # 11
	4 # 60
	5 # 1
	6 # 38
	7 # 49
	8 # 35
	9 # 33
	10 # 30
	11 # 8
	12 # 12
	13 # 2
	14 # 53
	15 # 36
	16 # 46
	17 # 54
	18 # 62
	19 # 31
Timestep 5:
	0 # 16
	1 # 55
	2 # 42
	3 # 11
	4 # 60
	5 # 3
	6 # 38
	7 # 33
	8 # 39
	9 # 37
	10 # 62
	11 # 0
	12 # 13
	13 # 18
	14 # 61
	15 # 36
	16 # 46
	17 # 22
	18 # 54
	19 # 15

