Solution makespan:5
Timestep 0:
	0 # 35
	1 # 40
	2 # 20
	3 # 1
	4 # 63
	5 # 34
	6 # 24
	7 # 47
	8 # 42
	9 # 31
	10 # 32
	11 # 15
	12 # 46
	13 # 50
	14 # 30
	15 # 13
	16 # 6
	17 # 4
	18 # 21
	19 # 37
Timestep 1:
	0 # 43
	1 # 40
	2 # 28
	3 # 17
	4 # 63
	5 # 2
	6 # 24
	7 # 39
	8 # 34
	9 # 23
	10 # 36
	11 # 11
	12 # 42
	13 # 48
	14 # 62
	15 # 15
	16 # 14
	17 # 20
	18 # 5
	19 # 45
Timestep 2:
	0 # 11
	1 # 8
	2 # 29
	3 # 19
	4 # 55
	5 # 18
	6 # 25
	7 # 7
	8 # 34
	9 # 22
	10 # 32
	11 # 3
	12 # 10
	13 # 16
	14 # 54
	15 # 31
	16 # 30
	17 # 21
	18 # 37
	19 # 13
Timestep 3:
	0 # 10
	1 # 9
	2 # 29
	3 # 23
	4 # 39
	5 # 26
	6 # 25
	7 # 5
	8 # 2
	9 # 54
	10 # 33
	11 # 35
	12 # 8
	13 # 0
	14 # 38
	15 # 31
	16 # 30
	17 # 53
	18 # 36
	19 # 13
Timestep 4:
	0 # 10
	1 # 25
	2 # 13
	3 # 19
	4 # 35
	5 # 30
	6 # 17
	7 # 21
	8 # 3
	9 # 22
	10 # 33
	11 # 34
	12 # 24
	13 # 16
	14 # 38
	15 # 23
	16 # 28
	17 # 49
	18 # 32
	19 # 12
Timestep 5:
	0 # 42
	1 # 27
	2 # 15
	3 # 19
	4 # 35
	5 # 26
	6 # 17
	7 # 21
	8 # 7
	9 # 22
	10 # 41
	11 # 34
	12 # 56
	13 # 16
	14 # 39
	15 # 31
	16 # 12
	17 # 51
	18 # 0
	19 # 14

