Solution makespan:5
Timestep 0:
	0 # 60
	1 # 24
	2 # 17
	3 # 55
	4 # 1
	5 # 25
	6 # 12
	7 # 31
	8 # 61
	9 # 45
	10 # 43
	11 # 34
	12 # 15
	13 # 6
	14 # 32
	15 # 8
	16 # 5
	17 # 56
	18 # 16
	19 # 52
	20 # 3
	21 # 38
	22 # 39
	23 # 27
Timestep 1:
	0 # 56
	1 # 28
	2 # 25
	3 # 53
	4 # 3
	5 # 9
	6 # 44
	7 # 15
	8 # 61
	9 # 47
	10 # 59
	11 # 35
	12 # 11
	13 # 14
	14 # 34
	15 # 24
	16 # 4
	17 # 40
	18 # 16
	19 # 60
	20 # 2
	21 # 38
	22 # 37
	23 # 26
Timestep 2:
	0 # 56
	1 # 29
	2 # 57
	3 # 49
	4 # 7
	5 # 41
	6 # 46
	7 # 15
	8 # 53
	9 # 47
	10 # 58
	11 # 39
	12 # 43
	13 # 12
	14 # 2
	15 # 28
	16 # 20
	17 # 42
	18 # 17
	19 # 60
	20 # 10
	21 # 6
	22 # 5
	23 # 27
Timestep 3:
	0 # 58
	1 # 13
	2 # 57
	3 # 33
	4 # 7
	5 # 45
	6 # 38
	7 # 47
	8 # 49
	9 # 63
	10 # 50
	11 # 39
	12 # 35
	13 # 44
	14 # 34
	15 # 60
	16 # 22
	17 # 42
	18 # 25
	19 # 61
	20 # 8
	21 # 14
	22 # 21
	23 # 11
Timestep 4:
	0 # 42
	1 # 9
	2 # 56
	3 # 32
	4 # 6
	5 # 37
	6 # 39
	7 # 45
	8 # 49
	9 # 47
	10 # 48
	11 # 7
	12 # 51
	13 # 36
	14 # 34
	15 # 52
	16 # 30
	17 # 10
	18 # 27
	19 # 57
	20 # 40
	21 # 46
	22 # 29
	23 # 43
Timestep 5:
	0 # 10
	1 # 11
	2 # 58
	3 # 48
	4 # 14
	5 # 53
	6 # 7
	7 # 13
	8 # 17
	9 # 47
	10 # 16
	11 # 5
	12 # 51
	13 # 36
	14 # 42
	15 # 52
	16 # 22
	17 # 8
	18 # 59
	19 # 57
	20 # 40
	21 # 44
	22 # 61
	23 # 41

