Solution makespan:4
Timestep 0:
	0 # 13
	1 # 4
	2 # 2
	3 # 20
	4 # 3
	5 # 25
	6 # 10
	7 # 41
	8 # 15
	9 # 1
	10 # 23
	11 # 53
	12 # 55
	13 # 61
	14 # 62
	15 # 0
	16 # 21
	17 # 30
	18 # 56
	19 # 6
Timestep 1:
	0 # 29
	1 # 4
	2 # 34
	3 # 28
	4 # 19
	5 # 24
	6 # 10
	7 # 57
	8 # 15
	9 # 9
	10 # 7
	11 # 37
	12 # 55
	13 # 45
	14 # 30
	15 # 16
	16 # 21
	17 # 14
	18 # 56
	19 # 2
Timestep 2:
	0 # 13
	1 # 0
	2 # 32
	3 # 29
	4 # 18
	5 # 26
	6 # 10
	7 # 59
	8 # 14
	9 # 25
	10 # 15
	11 # 5
	12 # 54
	13 # 41
	14 # 30
	15 # 20
	16 # 23
	17 # 12
	18 # 40
	19 # 3
Timestep 3:
	0 # 5
	1 # 8
	2 # 40
	3 # 31
	4 # 2
	5 # 18
	6 # 26
	7 # 63
	8 # 30
	9 # 25
	10 # 11
	11 # 7
	12 # 50
	13 # 33
	14 # 28
	15 # 4
	16 # 23
	17 # 12
	18 # 42
	19 # 19
Timestep 4:
	0 # 5
	1 # 9
	2 # 41
	3 # 30
	4 # 3
	5 # 22
	6 # 26
	7 # 61
	8 # 62
	9 # 29
	10 # 11
	11 # 7
	12 # 48
	13 # 37
	14 # 20
	15 # 36
	16 # 31
	17 # 28
	18 # 58
	19 # 18

