Solution makespan:6
Timestep 0:
	0 # 6
	1 # 3
	2 # 17
	3 # 47
	4 # 13
	5 # 48
	6 # 57
	7 # 21
	8 # 16
	9 # 38
	10 # 30
	11 # 7
	12 # 49
	13 # 5
	14 # 35
	15 # 32
Timestep 1:
	0 # 6
	1 # 7
	2 # 19
	3 # 43
	4 # 45
	5 # 50
	6 # 61
	7 # 5
	8 # 48
	9 # 54
	10 # 26
	11 # 23
	12 # 53
	13 # 1
	14 # 51
	15 # 32
Timestep 2:
	0 # 38
	1 # 39
	2 # 3
	3 # 59
	4 # 45
	5 # 58
	6 # 60
	7 # 4
	8 # 52
	9 # 55
	10 # 24
	11 # 7
	12 # 37
	13 # 33
	14 # 49
	15 # 40
Timestep 3:
	0 # 36
	1 # 55
	2 # 3
	3 # 51
	4 # 44
	5 # 59
	6 # 60
	7 # 12
	8 # 54
	9 # 63
	10 # 8
	11 # 6
	12 # 5
	13 # 49
	14 # 57
	15 # 56
Timestep 4:
	0 # 32
	1 # 53
	2 # 11
	3 # 51
	4 # 36
	5 # 57
	6 # 62
	7 # 14
	8 # 38
	9 # 63
	10 # 10
	11 # 4
	12 # 13
	13 # 48
	14 # 61
	15 # 60
Timestep 5:
	0 # 0
	1 # 37
	2 # 43
	3 # 35
	4 # 32
	5 # 41
	6 # 30
	7 # 46
	8 # 38
	9 # 31
	10 # 10
	11 # 12
	12 # 15
	13 # 16
	14 # 29
	15 # 28
Timestep 6:
	0 # 0
	1 # 36
	2 # 41
	3 # 43
	4 # 48
	5 # 45
	6 # 22
	7 # 44
	8 # 46
	9 # 31
	10 # 42
	11 # 13
	12 # 14
	13 # 16
	14 # 29
	15 # 20

