Solution makespan:5
Timestep 0:
	0 # 45
	1 # 47
	2 # 38
	3 # 28
	4 # 50
	5 # 54
	6 # 15
	7 # 42
	8 # 48
	9 # 8
	10 # 32
	11 # 27
Timestep 1:
	0 # 45
	1 # 47
	2 # 39
	3 # 12
	4 # 18
	5 # 54
	6 # 31
	7 # 46
	8 # 16
	9 # 24
	10 # 33
	11 # 26
Timestep 2:
	0 # 45
	1 # 43
	2 # 35
	3 # 12
	4 # 26
	5 # 22
	6 # 15
	7 # 42
	8 # 0
	9 # 56
	10 # 32
	11 # 30
Timestep 3:
	0 # 61
	1 # 59
	2 # 33
	3 # 4
	4 # 24
	5 # 22
	6 # 31
	7 # 10
	8 # 16
	9 # 60
	10 # 32
	11 # 14
Timestep 4:
	0 # 57
	1 # 63
	2 # 1
	3 # 0
	4 # 8
	5 # 23
	6 # 30
	7 # 10
	8 # 48
	9 # 62
	10 # 34
	11 # 46
Timestep 5:
	0 # 49
	1 # 31
	2 # 17
	3 # 32
	4 # 0
	5 # 7
	6 # 26
	7 # 10
	8 # 52
	9 # 60
	10 # 38
	11 # 46

