Solution makespan:4
Timestep 0:
	0 # 25
	1 # 59
	2 # 18
	3 # 28
	4 # 8
	5 # 53
	6 # 32
	7 # 52
	8 # 27
	9 # 34
	10 # 60
	11 # 62
Timestep 1:
	0 # 29
	1 # 51
	2 # 2
	3 # 60
	4 # 12
	5 # 52
	6 # 0
	7 # 36
	8 # 59
	9 # 32
	10 # 61
	11 # 58
Timestep 2:
	0 # 31
	1 # 19
	2 # 34
	3 # 62
	4 # 12
	5 # 20
	6 # 2
	7 # 32
	8 # 27
	9 # 48
	10 # 29
	11 # 50
Timestep 3:
	0 # 15
	1 # 17
	2 # 32
	3 # 30
	4 # 14
	5 # 16
	6 # 2
	7 # 33
	8 # 11
	9 # 48
	10 # 29
	11 # 34
Timestep 4:
	0 # 47
	1 # 19
	2 # 0
	3 # 62
	4 # 46
	5 # 16
	6 # 18
	7 # 35
	8 # 27
	9 # 50
	10 # 21
	11 # 34

