Solution makespan:4
Timestep 0:
	0 # 36
	1 # 62
	2 # 19
	3 # 27
	4 # 2
	5 # 46
	6 # 9
	7 # 44
	8 # 12
	9 # 33
	10 # 23
	11 # 11
	12 # 55
	13 # 41
	14 # 37
	15 # 8
Timestep 1:
	0 # 52
	1 # 54
	2 # 18
	3 # 31
	4 # 10
	5 # 14
	6 # 1
	7 # 45
	8 # 8
	9 # 49
	10 # 21
	11 # 15
	12 # 51
	13 # 57
	14 # 37
	15 # 40
Timestep 2:
	0 # 52
	1 # 54
	2 # 2
	3 # 31
	4 # 26
	5 # 30
	6 # 0
	7 # 13
	8 # 24
	9 # 49
	10 # 21
	11 # 14
	12 # 59
	13 # 61
	14 # 45
	15 # 40
Timestep 3:
	0 # 48
	1 # 50
	2 # 34
	3 # 23
	4 # 26
	5 # 30
	6 # 0
	7 # 29
	8 # 25
	9 # 33
	10 # 5
	11 # 46
	12 # 27
	13 # 45
	14 # 41
	15 # 32
Timestep 4:
	0 # 48
	1 # 51
	2 # 38
	3 # 55
	4 # 24
	5 # 22
	6 # 4
	7 # 61
	8 # 17
	9 # 49
	10 # 5
	11 # 44
	12 # 31
	13 # 13
	14 # 9
	15 # 36

