Solution makespan:6
Timestep 0:
	0 # 35
	1 # 55
	2 # 44
	3 # 50
	4 # 40
	5 # 60
	6 # 30
	7 # 36
	8 # 49
	9 # 23
	10 # 28
	11 # 59
	12 # 34
	13 # 24
	14 # 0
	15 # 51
	16 # 32
	17 # 45
	18 # 22
	19 # 43
	20 # 3
	21 # 52
	22 # 27
	23 # 20
	24 # 12
	25 # 47
	26 # 57
	27 # 2
Timestep 1:
	0 # 35
	1 # 54
	2 # 44
	3 # 58
	4 # 8
	5 # 56
	6 # 62
	7 # 36
	8 # 17
	9 # 7
	10 # 60
	11 # 63
	12 # 34
	13 # 25
	14 # 1
	15 # 50
	16 # 40
	17 # 13
	18 # 23
	19 # 47
	20 # 3
	21 # 52
	22 # 59
	23 # 16
	24 # 4
	25 # 46
	26 # 61
	27 # 2
Timestep 2:
	0 # 39
	1 # 38
	2 # 36
	3 # 26
	4 # 12
	5 # 57
	6 # 62
	7 # 32
	8 # 1
	9 # 3
	10 # 56
	11 # 61
	12 # 42
	13 # 17
	14 # 5
	15 # 48
	16 # 40
	17 # 15
	18 # 23
	19 # 45
	20 # 11
	21 # 54
	22 # 43
	23 # 0
	24 # 4
	25 # 44
	26 # 29
	27 # 34
Timestep 3:
	0 # 39
	1 # 6
	2 # 4
	3 # 58
	4 # 13
	5 # 25
	6 # 60
	7 # 33
	8 # 9
	9 # 11
	10 # 24
	11 # 45
	12 # 10
	13 # 49
	14 # 5
	15 # 16
	16 # 56
	17 # 31
	18 # 7
	19 # 44
	20 # 27
	21 # 38
	22 # 47
	23 # 2
	24 # 0
	25 # 12
	26 # 61
	27 # 35
Timestep 4:
	0 # 55
	1 # 38
	2 # 20
	3 # 58
	4 # 29
	5 # 25
	6 # 28
	7 # 1
	8 # 9
	9 # 27
	10 # 24
	11 # 13
	12 # 26
	13 # 17
	14 # 4
	15 # 0
	16 # 56
	17 # 31
	18 # 39
	19 # 44
	20 # 19
	21 # 36
	22 # 15
	23 # 10
	24 # 32
	25 # 8
	26 # 61
	27 # 3
Timestep 5:
	0 # 23
	1 # 54
	2 # 52
	3 # 56
	4 # 61
	5 # 57
	6 # 24
	7 # 9
	8 # 8
	9 # 31
	10 # 16
	11 # 5
	12 # 58
	13 # 21
	14 # 6
	15 # 2
	16 # 60
	17 # 30
	18 # 7
	19 # 36
	20 # 51
	21 # 37
	22 # 15
	23 # 14
	24 # 34
	25 # 0
	26 # 53
	27 # 19
Timestep 6:
	0 # 22
	1 # 62
	2 # 60
	3 # 40
	4 # 57
	5 # 59
	6 # 56
	7 # 11
	8 # 9
	9 # 30
	10 # 16
	11 # 4
	12 # 58
	13 # 17
	14 # 6
	15 # 3
	16 # 44
	17 # 26
	18 # 7
	19 # 38
	20 # 35
	21 # 39
	22 # 15
	23 # 46
	24 # 34
	25 # 0
	26 # 55
	27 # 19

