Solution makespan:5
Timestep 0:
	0 # 29
	1 # 55
	2 # 8
	3 # 30
	4 # 35
	5 # 44
	6 # 19
	7 # 53
	8 # 11
	9 # 39
	10 # 27
	11 # 63
	12 # 28
	13 # 7
	14 # 50
	15 # 56
	16 # 59
	17 # 34
	18 # 1
	19 # 6
Timestep 1:
	0 # 28
	1 # 54
	2 # 12
	3 # 62
	4 # 33
	5 # 36
	6 # 17
	7 # 53
	8 # 43
	9 # 35
	10 # 19
	11 # 63
	12 # 24
	13 # 39
	14 # 58
	15 # 40
	16 # 51
	17 # 2
	18 # 3
	19 # 4
Timestep 2:
	0 # 24
	1 # 52
	2 # 44
	3 # 54
	4 # 32
	5 # 38
	6 # 21
	7 # 55
	8 # 41
	9 # 34
	10 # 17
	11 # 59
	12 # 56
	13 # 47
	14 # 26
	15 # 8
	16 # 49
	17 # 3
	18 # 7
	19 # 20
Timestep 3:
	0 # 8
	1 # 60
	2 # 12
	3 # 62
	4 # 36
	5 # 6
	6 # 53
	7 # 23
	8 # 45
	9 # 42
	10 # 25
	11 # 63
	12 # 40
	13 # 47
	14 # 18
	15 # 10
	16 # 33
	17 # 19
	18 # 7
	19 # 21
Timestep 4:
	0 # 10
	1 # 44
	2 # 4
	3 # 62
	4 # 32
	5 # 22
	6 # 53
	7 # 19
	8 # 61
	9 # 42
	10 # 25
	11 # 55
	12 # 56
	13 # 43
	14 # 16
	15 # 2
	16 # 41
	17 # 18
	18 # 3
	19 # 21
Timestep 5:
	0 # 11
	1 # 45
	2 # 0
	3 # 46
	4 # 34
	5 # 18
	6 # 61
	7 # 51
	8 # 60
	9 # 10
	10 # 57
	11 # 55
	12 # 58
	13 # 59
	14 # 17
	15 # 6
	16 # 41
	17 # 50
	18 # 35
	19 # 23

