Solution makespan:5
Timestep 0:
	0 # 58
	1 # 12
	2 # 17
	3 # 25
	4 # 41
	5 # 47
	6 # 56
	7 # 53
	8 # 22
	9 # 15
	10 # 51
	11 # 43
	12 # 21
	13 # 44
	14 # 3
	15 # 30
	16 # 49
	17 # 31
	18 # 55
	19 # 59
	20 # 61
	21 # 13
	22 # 60
	23 # 0
	24 # 33
	25 # 62
	26 # 26
	27 # 2
Timestep 1:
	0 # 56
	1 # 8
	2 # 16
	3 # 24
	4 # 41
	5 # 63
	6 # 48
	7 # 49
	8 # 18
	9 # 13
	10 # 55
	11 # 47
	12 # 23
	13 # 12
	14 # 11
	15 # 14
	16 # 17
	17 # 30
	18 # 39
	19 # 59
	20 # 29
	21 # 9
	22 # 61
	23 # 2
	24 # 32
	25 # 46
	26 # 58
	27 # 6
Timestep 2:
	0 # 57
	1 # 24
	2 # 20
	3 # 28
	4 # 43
	5 # 62
	6 # 52
	7 # 17
	8 # 2
	9 # 13
	10 # 39
	11 # 63
	12 # 19
	13 # 4
	14 # 10
	15 # 15
	16 # 21
	17 # 26
	18 # 37
	19 # 51
	20 # 29
	21 # 1
	22 # 53
	23 # 3
	24 # 40
	25 # 14
	26 # 50
	27 # 38
Timestep 3:
	0 # 57
	1 # 26
	2 # 22
	3 # 20
	4 # 43
	5 # 58
	6 # 52
	7 # 25
	8 # 3
	9 # 12
	10 # 7
	11 # 63
	12 # 18
	13 # 0
	14 # 11
	15 # 13
	16 # 23
	17 # 10
	18 # 33
	19 # 35
	20 # 28
	21 # 9
	22 # 49
	23 # 1
	24 # 8
	25 # 6
	26 # 48
	27 # 36
Timestep 4:
	0 # 25
	1 # 18
	2 # 22
	3 # 21
	4 # 11
	5 # 56
	6 # 54
	7 # 9
	8 # 19
	9 # 44
	10 # 15
	11 # 55
	12 # 2
	13 # 1
	14 # 10
	15 # 13
	16 # 31
	17 # 42
	18 # 41
	19 # 3
	20 # 20
	21 # 8
	22 # 17
	23 # 5
	24 # 24
	25 # 6
	26 # 32
	27 # 4
Timestep 5:
	0 # 27
	1 # 22
	2 # 20
	3 # 21
	4 # 43
	5 # 56
	6 # 52
	7 # 9
	8 # 19
	9 # 45
	10 # 14
	11 # 51
	12 # 2
	13 # 33
	14 # 11
	15 # 29
	16 # 30
	17 # 46
	18 # 40
	19 # 3
	20 # 4
	21 # 24
	22 # 49
	23 # 37
	24 # 26
	25 # 38
	26 # 34
	27 # 0

