Solution makespan:6
Timestep 0:
	0 # 44
	1 # 56
	2 # 16
	3 # 22
	4 # 60
	5 # 13
	6 # 46
	7 # 54
	8 # 35
	9 # 11
	10 # 9
	11 # 10
	12 # 43
	13 # 6
	14 # 0
	15 # 45
	16 # 34
	17 # 48
	18 # 39
	19 # 17
Timestep 1:
	0 # 36
	1 # 48
	2 # 18
	3 # 6
	4 # 56
	5 # 29
	6 # 46
	7 # 22
	8 # 39
	9 # 15
	10 # 41
	11 # 11
	12 # 59
	13 # 14
	14 # 2
	15 # 47
	16 # 38
	17 # 32
	18 # 55
	19 # 21
Timestep 2:
	0 # 36
	1 # 50
	2 # 19
	3 # 7
	4 # 58
	5 # 29
	6 # 44
	7 # 23
	8 # 35
	9 # 14
	10 # 43
	11 # 10
	12 # 57
	13 # 30
	14 # 34
	15 # 63
	16 # 6
	17 # 48
	18 # 53
	19 # 20
Timestep 3:
	0 # 36
	1 # 54
	2 # 19
	3 # 3
	4 # 56
	5 # 28
	6 # 44
	7 # 21
	8 # 39
	9 # 10
	10 # 59
	11 # 8
	12 # 41
	13 # 26
	14 # 34
	15 # 63
	16 # 38
	17 # 52
	18 # 61
	19 # 16
Timestep 4:
	0 # 44
	1 # 54
	2 # 27
	3 # 1
	4 # 40
	5 # 30
	6 # 46
	7 # 5
	8 # 55
	9 # 8
	10 # 63
	11 # 9
	12 # 41
	13 # 58
	14 # 35
	15 # 31
	16 # 39
	17 # 52
	18 # 61
	19 # 18
Timestep 5:
	0 # 44
	1 # 55
	2 # 11
	3 # 5
	4 # 42
	5 # 30
	6 # 47
	7 # 4
	8 # 53
	9 # 0
	10 # 62
	11 # 25
	12 # 33
	13 # 59
	14 # 3
	15 # 31
	16 # 7
	17 # 36
	18 # 63
	19 # 50
Timestep 6:
	0 # 45
	1 # 53
	2 # 3
	3 # 5
	4 # 34
	5 # 62
	6 # 39
	7 # 6
	8 # 61
	9 # 32
	10 # 54
	11 # 17
	12 # 33
	13 # 59
	14 # 1
	15 # 29
	16 # 7
	17 # 38
	18 # 55
	19 # 48

