Solution makespan:5
Timestep 0:
	0 # 4
	1 # 8
	2 # 1
	3 # 57
	4 # 53
	5 # 62
	6 # 28
	7 # 7
	8 # 24
	9 # 41
	10 # 37
	11 # 42
Timestep 1:
	0 # 4
	1 # 12
	2 # 33
	3 # 57
	4 # 61
	5 # 60
	6 # 24
	7 # 39
	8 # 16
	9 # 9
	10 # 45
	11 # 34
Timestep 2:
	0 # 36
	1 # 4
	2 # 33
	3 # 59
	4 # 60
	5 # 56
	6 # 8
	7 # 38
	8 # 0
	9 # 13
	10 # 47
	11 # 50
Timestep 3:
	0 # 37
	1 # 20
	2 # 41
	3 # 58
	4 # 28
	5 # 40
	6 # 0
	7 # 36
	8 # 2
	9 # 12
	10 # 43
	11 # 18
Timestep 4:
	0 # 39
	1 # 21
	2 # 41
	3 # 42
	4 # 24
	5 # 40
	6 # 1
	7 # 44
	8 # 0
	9 # 4
	10 # 47
	11 # 2
Timestep 5:
	0 # 35
	1 # 20
	2 # 40
	3 # 58
	4 # 26
	5 # 8
	6 # 5
	7 # 60
	8 # 0
	9 # 4
	10 # 63
	11 # 18

