Solution makespan:5
Timestep 0:
	0 # 22
	1 # 7
	2 # 37
	3 # 11
	4 # 21
	5 # 43
	6 # 1
	7 # 50
	8 # 16
	9 # 4
	10 # 42
	11 # 44
	12 # 53
	13 # 54
	14 # 41
	15 # 5
Timestep 1:
	0 # 23
	1 # 3
	2 # 39
	3 # 15
	4 # 17
	5 # 43
	6 # 9
	7 # 51
	8 # 24
	9 # 6
	10 # 34
	11 # 12
	12 # 55
	13 # 38
	14 # 45
	15 # 13
Timestep 2:
	0 # 21
	1 # 35
	2 # 7
	3 # 13
	4 # 25
	5 # 41
	6 # 11
	7 # 49
	8 # 24
	9 # 22
	10 # 34
	11 # 14
	12 # 23
	13 # 46
	14 # 47
	15 # 29
Timestep 3:
	0 # 21
	1 # 43
	2 # 15
	3 # 12
	4 # 27
	5 # 33
	6 # 3
	7 # 57
	8 # 26
	9 # 22
	10 # 2
	11 # 14
	12 # 23
	13 # 62
	14 # 45
	15 # 25
Timestep 4:
	0 # 29
	1 # 41
	2 # 15
	3 # 28
	4 # 11
	5 # 1
	6 # 7
	7 # 49
	8 # 18
	9 # 20
	10 # 0
	11 # 30
	12 # 55
	13 # 54
	14 # 13
	15 # 17
Timestep 5:
	0 # 61
	1 # 41
	2 # 47
	3 # 60
	4 # 43
	5 # 33
	6 # 39
	7 # 57
	8 # 50
	9 # 52
	10 # 4
	11 # 31
	12 # 51
	13 # 22
	14 # 9
	15 # 25

