Solution makespan:5
Timestep 0:
	0 # 28
	1 # 0
	2 # 36
	3 # 46
	4 # 8
	5 # 13
	6 # 44
	7 # 47
	8 # 19
	9 # 61
	10 # 62
	11 # 43
	12 # 15
	13 # 48
	14 # 24
	15 # 23
Timestep 1:
	0 # 24
	1 # 2
	2 # 37
	3 # 47
	4 # 0
	5 # 29
	6 # 12
	7 # 45
	8 # 51
	9 # 60
	10 # 63
	11 # 59
	12 # 13
	13 # 56
	14 # 26
	15 # 22
Timestep 2:
	0 # 8
	1 # 6
	2 # 53
	3 # 43
	4 # 16
	5 # 29
	6 # 28
	7 # 41
	8 # 50
	9 # 56
	10 # 47
	11 # 58
	12 # 5
	13 # 40
	14 # 27
	15 # 22
Timestep 3:
	0 # 9
	1 # 38
	2 # 55
	3 # 59
	4 # 20
	5 # 31
	6 # 30
	7 # 45
	8 # 50
	9 # 40
	10 # 47
	11 # 56
	12 # 37
	13 # 42
	14 # 25
	15 # 54
Timestep 4:
	0 # 11
	1 # 46
	2 # 51
	3 # 27
	4 # 52
	5 # 30
	6 # 62
	7 # 13
	8 # 34
	9 # 32
	10 # 15
	11 # 56
	12 # 53
	13 # 43
	14 # 57
	15 # 54
Timestep 5:
	0 # 11
	1 # 38
	2 # 55
	3 # 19
	4 # 20
	5 # 26
	6 # 54
	7 # 12
	8 # 35
	9 # 33
	10 # 13
	11 # 58
	12 # 53
	13 # 47
	14 # 61
	15 # 22

