Solution makespan:5
Timestep 0:
	0 # 32
	1 # 49
	2 # 3
	3 # 44
	4 # 29
	5 # 19
	6 # 55
	7 # 24
	8 # 56
	9 # 35
	10 # 60
	11 # 25
	12 # 47
	13 # 33
	14 # 2
	15 # 28
	16 # 26
	17 # 10
	18 # 4
	19 # 57
	20 # 52
	21 # 37
	22 # 9
	23 # 13
Timestep 1:
	0 # 40
	1 # 49
	2 # 19
	3 # 46
	4 # 31
	5 # 18
	6 # 51
	7 # 16
	8 # 56
	9 # 35
	10 # 61
	11 # 9
	12 # 15
	13 # 41
	14 # 34
	15 # 24
	16 # 30
	17 # 2
	18 # 36
	19 # 25
	20 # 60
	21 # 33
	22 # 11
	23 # 45
Timestep 2:
	0 # 40
	1 # 17
	2 # 18
	3 # 42
	4 # 27
	5 # 22
	6 # 51
	7 # 20
	8 # 57
	9 # 39
	10 # 60
	11 # 1
	12 # 15
	13 # 41
	14 # 34
	15 # 24
	16 # 28
	17 # 2
	18 # 38
	19 # 29
	20 # 56
	21 # 32
	22 # 11
	23 # 47
Timestep 3:
	0 # 8
	1 # 19
	2 # 50
	3 # 43
	4 # 59
	5 # 30
	6 # 49
	7 # 22
	8 # 25
	9 # 7
	10 # 52
	11 # 17
	12 # 31
	13 # 41
	14 # 34
	15 # 16
	16 # 28
	17 # 3
	18 # 6
	19 # 29
	20 # 56
	21 # 0
	22 # 9
	23 # 15
Timestep 4:
	0 # 8
	1 # 18
	2 # 54
	3 # 42
	4 # 63
	5 # 62
	6 # 51
	7 # 22
	8 # 9
	9 # 7
	10 # 53
	11 # 25
	12 # 27
	13 # 33
	14 # 50
	15 # 48
	16 # 60
	17 # 1
	18 # 6
	19 # 31
	20 # 24
	21 # 16
	22 # 13
	23 # 11
Timestep 5:
	0 # 12
	1 # 26
	2 # 52
	3 # 34
	4 # 63
	5 # 46
	6 # 59
	7 # 6
	8 # 9
	9 # 23
	10 # 53
	11 # 27
	12 # 19
	13 # 35
	14 # 50
	15 # 49
	16 # 60
	17 # 1
	18 # 14
	19 # 30
	20 # 16
	21 # 17
	22 # 13
	23 # 43

