Solution makespan:5
Timestep 0:
	0 # 24
	1 # 0
	2 # 28
	3 # 61
	4 # 27
	5 # 18
	6 # 11
	7 # 41
	8 # 51
	9 # 37
	10 # 30
	11 # 55
Timestep 1:
	0 # 16
	1 # 2
	2 # 29
	3 # 57
	4 # 26
	5 # 22
	6 # 10
	7 # 33
	8 # 35
	9 # 45
	10 # 28
	11 # 55
Timestep 2:
	0 # 48
	1 # 3
	2 # 13
	3 # 57
	4 # 10
	5 # 6
	6 # 42
	7 # 32
	8 # 43
	9 # 47
	10 # 60
	11 # 53
Timestep 3:
	0 # 48
	1 # 1
	2 # 13
	3 # 49
	4 # 2
	5 # 4
	6 # 46
	7 # 32
	8 # 41
	9 # 15
	10 # 44
	11 # 21
Timestep 4:
	0 # 48
	1 # 1
	2 # 5
	3 # 33
	4 # 2
	5 # 36
	6 # 46
	7 # 34
	8 # 40
	9 # 31
	10 # 44
	11 # 29
Timestep 5:
	0 # 16
	1 # 17
	2 # 7
	3 # 49
	4 # 0
	5 # 37
	6 # 62
	7 # 32
	8 # 56
	9 # 63
	10 # 45
	11 # 61

