Solution makespan:5
Timestep 0:
	0 # 56
	1 # 39
	2 # 59
	3 # 31
	4 # 43
	5 # 41
	6 # 23
	7 # 44
	8 # 7
	9 # 55
	10 # 28
	11 # 63
	12 # 60
	13 # 50
	14 # 35
	15 # 16
	16 # 36
	17 # 51
	18 # 24
	19 # 13
	20 # 27
	21 # 8
	22 # 57
	23 # 42
Timestep 1:
	0 # 60
	1 # 47
	2 # 58
	3 # 29
	4 # 41
	5 # 33
	6 # 55
	7 # 45
	8 # 6
	9 # 53
	10 # 20
	11 # 62
	12 # 44
	13 # 54
	14 # 34
	15 # 17
	16 # 32
	17 # 19
	18 # 16
	19 # 9
	20 # 31
	21 # 8
	22 # 61
	23 # 46
Timestep 2:
	0 # 28
	1 # 43
	2 # 58
	3 # 21
	4 # 41
	5 # 35
	6 # 39
	7 # 47
	8 # 38
	9 # 61
	10 # 22
	11 # 54
	12 # 40
	13 # 50
	14 # 32
	15 # 49
	16 # 48
	17 # 3
	18 # 0
	19 # 11
	20 # 31
	21 # 24
	22 # 29
	23 # 62
Timestep 3:
	0 # 30
	1 # 42
	2 # 62
	3 # 20
	4 # 9
	5 # 3
	6 # 55
	7 # 39
	8 # 46
	9 # 29
	10 # 23
	11 # 50
	12 # 41
	13 # 51
	14 # 36
	15 # 53
	16 # 48
	17 # 2
	18 # 32
	19 # 27
	20 # 15
	21 # 56
	22 # 28
	23 # 54
Timestep 4:
	0 # 30
	1 # 34
	2 # 54
	3 # 16
	4 # 25
	5 # 11
	6 # 23
	7 # 35
	8 # 42
	9 # 61
	10 # 21
	11 # 50
	12 # 33
	13 # 59
	14 # 44
	15 # 37
	16 # 48
	17 # 10
	18 # 0
	19 # 19
	20 # 7
	21 # 60
	22 # 12
	23 # 52
Timestep 5:
	0 # 31
	1 # 38
	2 # 62
	3 # 16
	4 # 27
	5 # 11
	6 # 7
	7 # 35
	8 # 40
	9 # 57
	10 # 21
	11 # 48
	12 # 33
	13 # 43
	14 # 46
	15 # 45
	16 # 32
	17 # 10
	18 # 2
	19 # 19
	20 # 6
	21 # 52
	22 # 4
	23 # 36

