Solution makespan:5
Timestep 0:
	0 # 24
	1 # 20
	2 # 9
	3 # 45
	4 # 35
	5 # 10
	6 # 36
	7 # 25
	8 # 7
	9 # 62
	10 # 59
	11 # 56
	12 # 42
	13 # 55
	14 # 22
	15 # 52
	16 # 11
	17 # 14
	18 # 30
	19 # 3
	20 # 26
	21 # 17
	22 # 58
	23 # 4
Timestep 1:
	0 # 28
	1 # 16
	2 # 8
	3 # 44
	4 # 51
	5 # 14
	6 # 36
	7 # 27
	8 # 7
	9 # 46
	10 # 57
	11 # 48
	12 # 58
	13 # 39
	14 # 23
	15 # 54
	16 # 43
	17 # 15
	18 # 26
	19 # 11
	20 # 24
	21 # 49
	22 # 50
	23 # 0
Timestep 2:
	0 # 20
	1 # 24
	2 # 0
	3 # 12
	4 # 55
	5 # 6
	6 # 36
	7 # 26
	8 # 3
	9 # 46
	10 # 57
	11 # 48
	12 # 59
	13 # 35
	14 # 21
	15 # 38
	16 # 41
	17 # 13
	18 # 10
	19 # 11
	20 # 56
	21 # 51
	22 # 54
	23 # 32
Timestep 3:
	0 # 16
	1 # 24
	2 # 4
	3 # 28
	4 # 23
	5 # 7
	6 # 44
	7 # 10
	8 # 2
	9 # 47
	10 # 49
	11 # 50
	12 # 27
	13 # 35
	14 # 21
	15 # 34
	16 # 9
	17 # 45
	18 # 8
	19 # 43
	20 # 60
	21 # 51
	22 # 55
	23 # 48
Timestep 4:
	0 # 16
	1 # 26
	2 # 36
	3 # 24
	4 # 7
	5 # 5
	6 # 46
	7 # 10
	8 # 6
	9 # 45
	10 # 17
	11 # 58
	12 # 25
	13 # 33
	14 # 29
	15 # 2
	16 # 1
	17 # 44
	18 # 8
	19 # 42
	20 # 28
	21 # 51
	22 # 55
	23 # 56
Timestep 5:
	0 # 17
	1 # 24
	2 # 52
	3 # 8
	4 # 5
	5 # 37
	6 # 42
	7 # 2
	8 # 22
	9 # 41
	10 # 21
	11 # 56
	12 # 25
	13 # 32
	14 # 28
	15 # 3
	16 # 1
	17 # 44
	18 # 0
	19 # 34
	20 # 30
	21 # 55
	22 # 53
	23 # 40

