Solution makespan:5
Timestep 0:
	0 # 0
	1 # 37
	2 # 12
	3 # 13
	4 # 16
	5 # 33
	6 # 29
	7 # 30
	8 # 56
	9 # 11
	10 # 34
	11 # 60
Timestep 1:
	0 # 1
	1 # 39
	2 # 4
	3 # 9
	4 # 18
	5 # 32
	6 # 29
	7 # 14
	8 # 60
	9 # 15
	10 # 38
	11 # 52
Timestep 2:
	0 # 9
	1 # 7
	2 # 5
	3 # 8
	4 # 2
	5 # 48
	6 # 28
	7 # 46
	8 # 44
	9 # 13
	10 # 6
	11 # 53
Timestep 3:
	0 # 9
	1 # 15
	2 # 5
	3 # 8
	4 # 10
	5 # 48
	6 # 24
	7 # 47
	8 # 12
	9 # 13
	10 # 2
	11 # 37
Timestep 4:
	0 # 8
	1 # 31
	2 # 1
	3 # 40
	4 # 42
	5 # 48
	6 # 16
	7 # 39
	8 # 4
	9 # 12
	10 # 34
	11 # 36
Timestep 5:
	0 # 0
	1 # 30
	2 # 3
	3 # 42
	4 # 10
	5 # 56
	6 # 18
	7 # 38
	8 # 4
	9 # 8
	10 # 50
	11 # 52

