Solution makespan:5
Timestep 0:
	0 # 10
	1 # 5
	2 # 57
	3 # 17
	4 # 50
	5 # 43
	6 # 4
	7 # 48
	8 # 32
	9 # 39
	10 # 52
	11 # 29
	12 # 24
	13 # 0
	14 # 28
	15 # 61
	16 # 27
	17 # 18
	18 # 11
	19 # 41
	20 # 51
	21 # 37
	22 # 30
	23 # 55
Timestep 1:
	0 # 10
	1 # 21
	2 # 56
	3 # 16
	4 # 51
	5 # 35
	6 # 20
	7 # 49
	8 # 34
	9 # 7
	10 # 36
	11 # 61
	12 # 25
	13 # 8
	14 # 24
	15 # 60
	16 # 31
	17 # 19
	18 # 11
	19 # 57
	20 # 59
	21 # 39
	22 # 14
	23 # 63
Timestep 2:
	0 # 11
	1 # 29
	2 # 40
	3 # 16
	4 # 55
	5 # 34
	6 # 20
	7 # 53
	8 # 38
	9 # 23
	10 # 32
	11 # 60
	12 # 17
	13 # 12
	14 # 25
	15 # 28
	16 # 27
	17 # 3
	18 # 43
	19 # 59
	20 # 58
	21 # 47
	22 # 6
	23 # 63
Timestep 3:
	0 # 15
	1 # 29
	2 # 41
	3 # 24
	4 # 55
	5 # 2
	6 # 28
	7 # 52
	8 # 38
	9 # 31
	10 # 34
	11 # 56
	12 # 16
	13 # 14
	14 # 57
	15 # 30
	16 # 11
	17 # 35
	18 # 43
	19 # 27
	20 # 58
	21 # 47
	22 # 4
	23 # 59
Timestep 4:
	0 # 7
	1 # 28
	2 # 45
	3 # 26
	4 # 53
	5 # 18
	6 # 24
	7 # 52
	8 # 54
	9 # 15
	10 # 2
	11 # 40
	12 # 17
	13 # 46
	14 # 56
	15 # 14
	16 # 11
	17 # 39
	18 # 41
	19 # 27
	20 # 42
	21 # 47
	22 # 12
	23 # 51
Timestep 5:
	0 # 23
	1 # 60
	2 # 45
	3 # 30
	4 # 61
	5 # 22
	6 # 16
	7 # 20
	8 # 55
	9 # 7
	10 # 2
	11 # 8
	12 # 21
	13 # 46
	14 # 40
	15 # 15
	16 # 3
	17 # 47
	18 # 41
	19 # 19
	20 # 10
	21 # 43
	22 # 44
	23 # 49

