Solution makespan:5
Timestep 0:
	0 # 38
	1 # 0
	2 # 21
	3 # 61
	4 # 39
	5 # 51
	6 # 8
	7 # 5
	8 # 23
	9 # 55
	10 # 15
	11 # 26
	12 # 49
	13 # 20
	14 # 18
	15 # 25
Timestep 1:
	0 # 34
	1 # 32
	2 # 20
	3 # 29
	4 # 39
	5 # 55
	6 # 0
	7 # 13
	8 # 31
	9 # 54
	10 # 47
	11 # 27
	12 # 49
	13 # 52
	14 # 18
	15 # 9
Timestep 2:
	0 # 42
	1 # 48
	2 # 20
	3 # 31
	4 # 35
	5 # 39
	6 # 2
	7 # 12
	8 # 15
	9 # 38
	10 # 43
	11 # 11
	12 # 53
	13 # 54
	14 # 26
	15 # 1
Timestep 3:
	0 # 40
	1 # 49
	2 # 16
	3 # 31
	4 # 34
	5 # 39
	6 # 18
	7 # 28
	8 # 13
	9 # 36
	10 # 59
	11 # 15
	12 # 37
	13 # 38
	14 # 30
	15 # 17
Timestep 4:
	0 # 41
	1 # 33
	2 # 48
	3 # 27
	4 # 34
	5 # 39
	6 # 18
	7 # 30
	8 # 29
	9 # 32
	10 # 51
	11 # 15
	12 # 37
	13 # 38
	14 # 14
	15 # 17
Timestep 5:
	0 # 9
	1 # 37
	2 # 50
	3 # 59
	4 # 42
	5 # 35
	6 # 2
	7 # 22
	8 # 13
	9 # 0
	10 # 51
	11 # 47
	12 # 5
	13 # 34
	14 # 14
	15 # 19

