Solution makespan:5
Timestep 0:
	0 # 18
	1 # 48
	2 # 30
	3 # 17
	4 # 27
	5 # 34
	6 # 62
	7 # 55
	8 # 38
	9 # 58
	10 # 36
	11 # 14
Timestep 1:
	0 # 16
	1 # 49
	2 # 26
	3 # 1
	4 # 19
	5 # 35
	6 # 30
	7 # 63
	8 # 54
	9 # 62
	10 # 36
	11 # 14
Timestep 2:
	0 # 48
	1 # 57
	2 # 24
	3 # 1
	4 # 3
	5 # 51
	6 # 22
	7 # 59
	8 # 55
	9 # 60
	10 # 4
	11 # 6
Timestep 3:
	0 # 56
	1 # 61
	2 # 28
	3 # 17
	4 # 1
	5 # 59
	6 # 18
	7 # 57
	8 # 53
	9 # 44
	10 # 20
	11 # 7
Timestep 4:
	0 # 56
	1 # 45
	2 # 60
	3 # 19
	4 # 1
	5 # 57
	6 # 2
	7 # 41
	8 # 49
	9 # 40
	10 # 16
	11 # 3
Timestep 5:
	0 # 58
	1 # 47
	2 # 56
	3 # 27
	4 # 0
	5 # 25
	6 # 3
	7 # 43
	8 # 33
	9 # 41
	10 # 24
	11 # 35

