Solution makespan:5
Timestep 0:
	0 # 4
	1 # 45
	2 # 41
	3 # 11
	4 # 25
	5 # 37
	6 # 29
	7 # 18
	8 # 7
	9 # 36
	10 # 9
	11 # 62
	12 # 53
	13 # 34
	14 # 6
	15 # 0
Timestep 1:
	0 # 12
	1 # 41
	2 # 9
	3 # 10
	4 # 29
	5 # 45
	6 # 61
	7 # 16
	8 # 23
	9 # 44
	10 # 1
	11 # 58
	12 # 52
	13 # 42
	14 # 22
	15 # 32
Timestep 2:
	0 # 12
	1 # 57
	2 # 11
	3 # 8
	4 # 61
	5 # 47
	6 # 53
	7 # 16
	8 # 55
	9 # 44
	10 # 33
	11 # 58
	12 # 48
	13 # 43
	14 # 6
	15 # 36
Timestep 3:
	0 # 14
	1 # 59
	2 # 27
	3 # 24
	4 # 60
	5 # 43
	6 # 49
	7 # 0
	8 # 51
	9 # 45
	10 # 35
	11 # 56
	12 # 50
	13 # 41
	14 # 2
	15 # 37
Timestep 4:
	0 # 15
	1 # 59
	2 # 31
	3 # 28
	4 # 61
	5 # 35
	6 # 33
	7 # 8
	8 # 49
	9 # 13
	10 # 39
	11 # 60
	12 # 50
	13 # 57
	14 # 34
	15 # 45
Timestep 5:
	0 # 15
	1 # 43
	2 # 23
	3 # 24
	4 # 53
	5 # 35
	6 # 1
	7 # 10
	8 # 48
	9 # 12
	10 # 7
	11 # 28
	12 # 50
	13 # 57
	14 # 34
	15 # 61

