Solution makespan:4
Timestep 0:
	0 # 46
	1 # 57
	2 # 38
	3 # 62
	4 # 47
	5 # 19
	6 # 20
	7 # 31
	8 # 44
	9 # 27
	10 # 41
	11 # 51
	12 # 8
	13 # 30
	14 # 7
	15 # 21
Timestep 1:
	0 # 38
	1 # 57
	2 # 6
	3 # 60
	4 # 15
	5 # 18
	6 # 21
	7 # 63
	8 # 40
	9 # 59
	10 # 43
	11 # 55
	12 # 8
	13 # 31
	14 # 5
	15 # 17
Timestep 2:
	0 # 46
	1 # 41
	2 # 7
	3 # 61
	4 # 14
	5 # 18
	6 # 53
	7 # 59
	8 # 40
	9 # 43
	10 # 35
	11 # 54
	12 # 0
	13 # 27
	14 # 4
	15 # 16
Timestep 3:
	0 # 62
	1 # 9
	2 # 5
	3 # 61
	4 # 12
	5 # 2
	6 # 55
	7 # 51
	8 # 42
	9 # 43
	10 # 35
	11 # 22
	12 # 32
	13 # 27
	14 # 4
	15 # 0
Timestep 4:
	0 # 30
	1 # 25
	2 # 37
	3 # 29
	4 # 13
	5 # 3
	6 # 55
	7 # 19
	8 # 10
	9 # 42
	10 # 33
	11 # 22
	12 # 34
	13 # 27
	14 # 5
	15 # 32

