Solution makespan:4
Timestep 0:
	0 # 34
	1 # 24
	2 # 0
	3 # 51
	4 # 32
	5 # 45
	6 # 22
	7 # 43
	8 # 3
	9 # 52
	10 # 27
	11 # 20
	12 # 12
	13 # 47
	14 # 57
	15 # 2
Timestep 1:
	0 # 42
	1 # 28
	2 # 0
	3 # 51
	4 # 48
	5 # 61
	6 # 20
	7 # 35
	8 # 11
	9 # 36
	10 # 26
	11 # 16
	12 # 12
	13 # 15
	14 # 59
	15 # 6
Timestep 2:
	0 # 42
	1 # 30
	2 # 1
	3 # 19
	4 # 49
	5 # 53
	6 # 28
	7 # 34
	8 # 27
	9 # 4
	10 # 58
	11 # 24
	12 # 14
	13 # 15
	14 # 51
	15 # 6
Timestep 3:
	0 # 40
	1 # 31
	2 # 9
	3 # 3
	4 # 51
	5 # 52
	6 # 12
	7 # 32
	8 # 27
	9 # 0
	10 # 58
	11 # 24
	12 # 46
	13 # 13
	14 # 55
	15 # 4
Timestep 4:
	0 # 56
	1 # 63
	2 # 25
	3 # 11
	4 # 19
	5 # 54
	6 # 12
	7 # 32
	8 # 27
	9 # 8
	10 # 26
	11 # 28
	12 # 38
	13 # 5
	14 # 23
	15 # 20

