Solution makespan:6
Timestep 0:
	0 # 29
	1 # 7
	2 # 35
	3 # 17
	4 # 23
	5 # 9
	6 # 33
	7 # 28
	8 # 8
	9 # 60
	10 # 43
	11 # 39
	12 # 52
	13 # 0
	14 # 62
	15 # 3
	16 # 61
	17 # 10
	18 # 40
	19 # 53
Timestep 1:
	0 # 25
	1 # 7
	2 # 51
	3 # 49
	4 # 31
	5 # 41
	6 # 37
	7 # 28
	8 # 40
	9 # 62
	10 # 47
	11 # 38
	12 # 54
	13 # 0
	14 # 58
	15 # 2
	16 # 63
	17 # 10
	18 # 32
	19 # 21
Timestep 2:
	0 # 27
	1 # 6
	2 # 49
	3 # 48
	4 # 15
	5 # 45
	6 # 53
	7 # 60
	8 # 41
	9 # 54
	10 # 39
	11 # 46
	12 # 50
	13 # 0
	14 # 59
	15 # 18
	16 # 31
	17 # 14
	18 # 33
	19 # 29
Timestep 3:
	0 # 19
	1 # 7
	2 # 17
	3 # 48
	4 # 11
	5 # 44
	6 # 53
	7 # 28
	8 # 41
	9 # 52
	10 # 37
	11 # 42
	12 # 54
	13 # 0
	14 # 51
	15 # 22
	16 # 15
	17 # 46
	18 # 49
	19 # 29
Timestep 4:
	0 # 27
	1 # 23
	2 # 17
	3 # 32
	4 # 43
	5 # 46
	6 # 61
	7 # 24
	8 # 45
	9 # 53
	10 # 36
	11 # 34
	12 # 50
	13 # 16
	14 # 19
	15 # 22
	16 # 15
	17 # 14
	18 # 51
	19 # 31
Timestep 5:
	0 # 59
	1 # 19
	2 # 1
	3 # 36
	4 # 42
	5 # 62
	6 # 57
	7 # 25
	8 # 13
	9 # 37
	10 # 4
	11 # 2
	12 # 34
	13 # 18
	14 # 3
	15 # 20
	16 # 11
	17 # 30
	18 # 51
	19 # 63
Timestep 6:
	0 # 43
	1 # 51
	2 # 0
	3 # 36
	4 # 58
	5 # 54
	6 # 25
	7 # 29
	8 # 45
	9 # 37
	10 # 12
	11 # 6
	12 # 38
	13 # 22
	14 # 2
	15 # 4
	16 # 9
	17 # 28
	18 # 55
	19 # 63

