Solution makespan:5
Timestep 0:
	0 # 16
	1 # 7
	2 # 56
	3 # 9
	4 # 34
	5 # 36
	6 # 28
	7 # 14
	8 # 30
	9 # 26
	10 # 62
	11 # 15
	12 # 54
	13 # 41
	14 # 37
	15 # 8
Timestep 1:
	0 # 0
	1 # 23
	2 # 24
	3 # 41
	4 # 35
	5 # 52
	6 # 30
	7 # 10
	8 # 14
	9 # 27
	10 # 60
	11 # 11
	12 # 38
	13 # 33
	14 # 53
	15 # 8
Timestep 2:
	0 # 2
	1 # 7
	2 # 16
	3 # 40
	4 # 35
	5 # 52
	6 # 62
	7 # 26
	8 # 46
	9 # 31
	10 # 61
	11 # 3
	12 # 34
	13 # 33
	14 # 53
	15 # 12
Timestep 3:
	0 # 2
	1 # 7
	2 # 18
	3 # 8
	4 # 33
	5 # 48
	6 # 63
	7 # 27
	8 # 46
	9 # 23
	10 # 29
	11 # 19
	12 # 34
	13 # 1
	14 # 21
	15 # 14
Timestep 4:
	0 # 6
	1 # 5
	2 # 26
	3 # 24
	4 # 49
	5 # 52
	6 # 55
	7 # 59
	8 # 62
	9 # 22
	10 # 13
	11 # 17
	12 # 42
	13 # 0
	14 # 23
	15 # 14
Timestep 5:
	0 # 7
	1 # 37
	2 # 10
	3 # 28
	4 # 17
	5 # 20
	6 # 39
	7 # 51
	8 # 62
	9 # 18
	10 # 45
	11 # 25
	12 # 43
	13 # 2
	14 # 22
	15 # 14

