Solution makespan:5
Timestep 0:
	0 # 30
	1 # 32
	2 # 23
	3 # 27
	4 # 36
	5 # 9
	6 # 47
	7 # 25
	8 # 0
	9 # 38
	10 # 55
	11 # 14
	12 # 20
	13 # 22
	14 # 24
	15 # 53
Timestep 1:
	0 # 30
	1 # 48
	2 # 55
	3 # 25
	4 # 36
	5 # 11
	6 # 46
	7 # 17
	8 # 0
	9 # 6
	10 # 54
	11 # 12
	12 # 52
	13 # 18
	14 # 28
	15 # 53
Timestep 2:
	0 # 26
	1 # 32
	2 # 23
	3 # 29
	4 # 36
	5 # 9
	6 # 38
	7 # 49
	8 # 8
	9 # 22
	10 # 62
	11 # 13
	12 # 53
	13 # 19
	14 # 12
	15 # 61
Timestep 3:
	0 # 58
	1 # 40
	2 # 22
	3 # 31
	4 # 38
	5 # 1
	6 # 6
	7 # 49
	8 # 8
	9 # 54
	10 # 62
	11 # 5
	12 # 37
	13 # 3
	14 # 44
	15 # 29
Timestep 4:
	0 # 50
	1 # 56
	2 # 22
	3 # 63
	4 # 6
	5 # 17
	6 # 2
	7 # 51
	8 # 10
	9 # 54
	10 # 58
	11 # 7
	12 # 36
	13 # 11
	14 # 45
	15 # 25
Timestep 5:
	0 # 54
	1 # 56
	2 # 20
	3 # 59
	4 # 22
	5 # 21
	6 # 18
	7 # 35
	8 # 14
	9 # 55
	10 # 26
	11 # 39
	12 # 36
	13 # 15
	14 # 45
	15 # 25

