Solution makespan:5
Timestep 0:
	0 # 61
	1 # 9
	2 # 46
	3 # 15
	4 # 47
	5 # 4
	6 # 35
	7 # 12
	8 # 5
	9 # 45
	10 # 32
	11 # 40
	12 # 58
	13 # 16
	14 # 25
	15 # 1
Timestep 1:
	0 # 60
	1 # 8
	2 # 47
	3 # 31
	4 # 15
	5 # 36
	6 # 39
	7 # 14
	8 # 13
	9 # 45
	10 # 48
	11 # 40
	12 # 50
	13 # 20
	14 # 24
	15 # 9
Timestep 2:
	0 # 56
	1 # 10
	2 # 43
	3 # 29
	4 # 7
	5 # 44
	6 # 39
	7 # 30
	8 # 15
	9 # 41
	10 # 52
	11 # 40
	12 # 48
	13 # 4
	14 # 24
	15 # 25
Timestep 3:
	0 # 48
	1 # 14
	2 # 35
	3 # 29
	4 # 5
	5 # 12
	6 # 38
	7 # 30
	8 # 13
	9 # 33
	10 # 60
	11 # 40
	12 # 32
	13 # 36
	14 # 56
	15 # 25
Timestep 4:
	0 # 16
	1 # 6
	2 # 51
	3 # 28
	4 # 21
	5 # 14
	6 # 36
	7 # 26
	8 # 15
	9 # 49
	10 # 52
	11 # 8
	12 # 0
	13 # 37
	14 # 24
	15 # 25
Timestep 5:
	0 # 16
	1 # 22
	2 # 49
	3 # 20
	4 # 23
	5 # 46
	6 # 44
	7 # 58
	8 # 31
	9 # 48
	10 # 60
	11 # 12
	12 # 4
	13 # 5
	14 # 28
	15 # 29

