Solution makespan:5
Timestep 0:
	0 # 8
	1 # 13
	2 # 44
	3 # 47
	4 # 19
	5 # 61
	6 # 62
	7 # 43
	8 # 15
	9 # 48
	10 # 24
	11 # 23
Timestep 1:
	0 # 10
	1 # 45
	2 # 36
	3 # 47
	4 # 18
	5 # 60
	6 # 62
	7 # 59
	8 # 11
	9 # 16
	10 # 28
	11 # 7
Timestep 2:
	0 # 11
	1 # 45
	2 # 4
	3 # 63
	4 # 22
	5 # 61
	6 # 58
	7 # 27
	8 # 3
	9 # 0
	10 # 29
	11 # 6
Timestep 3:
	0 # 43
	1 # 47
	2 # 20
	3 # 31
	4 # 6
	5 # 57
	6 # 50
	7 # 26
	8 # 35
	9 # 2
	10 # 61
	11 # 38
Timestep 4:
	0 # 59
	1 # 39
	2 # 20
	3 # 31
	4 # 38
	5 # 41
	6 # 51
	7 # 58
	8 # 34
	9 # 10
	10 # 61
	11 # 54
Timestep 5:
	0 # 57
	1 # 35
	2 # 52
	3 # 30
	4 # 34
	5 # 33
	6 # 19
	7 # 58
	8 # 32
	9 # 42
	10 # 45
	11 # 38

