Solution makespan:5
Timestep 0:
	0 # 53
	1 # 42
	2 # 28
	3 # 5
	4 # 19
	5 # 33
	6 # 30
	7 # 38
	8 # 6
	9 # 61
	10 # 1
	11 # 9
	12 # 63
	13 # 26
	14 # 12
	15 # 48
	16 # 57
	17 # 54
	18 # 8
	19 # 0
	20 # 52
	21 # 45
	22 # 37
	23 # 46
Timestep 1:
	0 # 21
	1 # 10
	2 # 29
	3 # 4
	4 # 19
	5 # 37
	6 # 62
	7 # 34
	8 # 38
	9 # 60
	10 # 0
	11 # 11
	12 # 55
	13 # 26
	14 # 28
	15 # 49
	16 # 41
	17 # 50
	18 # 40
	19 # 16
	20 # 54
	21 # 45
	22 # 5
	23 # 46
Timestep 2:
	0 # 17
	1 # 2
	2 # 31
	3 # 0
	4 # 19
	5 # 5
	6 # 63
	7 # 42
	8 # 36
	9 # 62
	10 # 32
	11 # 11
	12 # 53
	13 # 18
	14 # 20
	15 # 49
	16 # 40
	17 # 34
	18 # 8
	19 # 16
	20 # 50
	21 # 13
	22 # 4
	23 # 47
Timestep 3:
	0 # 25
	1 # 0
	2 # 15
	3 # 1
	4 # 27
	5 # 5
	6 # 62
	7 # 10
	8 # 52
	9 # 58
	10 # 40
	11 # 3
	12 # 37
	13 # 26
	14 # 22
	15 # 51
	16 # 44
	17 # 35
	18 # 24
	19 # 16
	20 # 50
	21 # 9
	22 # 4
	23 # 46
Timestep 4:
	0 # 25
	1 # 32
	2 # 7
	3 # 17
	4 # 31
	5 # 4
	6 # 46
	7 # 8
	8 # 53
	9 # 26
	10 # 44
	11 # 2
	12 # 45
	13 # 18
	14 # 54
	15 # 51
	16 # 12
	17 # 43
	18 # 56
	19 # 16
	20 # 58
	21 # 9
	22 # 6
	23 # 38
Timestep 5:
	0 # 25
	1 # 48
	2 # 15
	3 # 49
	4 # 63
	5 # 12
	6 # 38
	7 # 8
	8 # 61
	9 # 10
	10 # 46
	11 # 18
	12 # 45
	13 # 50
	14 # 52
	15 # 59
	16 # 14
	17 # 47
	18 # 58
	19 # 16
	20 # 26
	21 # 41
	22 # 6
	23 # 36

