Solution makespan:4
Timestep 0:
	0 # 35
	1 # 57
	2 # 17
	3 # 53
	4 # 32
	5 # 31
	6 # 1
	7 # 52
	8 # 59
	9 # 42
	10 # 6
	11 # 11
Timestep 1:
	0 # 33
	1 # 59
	2 # 16
	3 # 37
	4 # 40
	5 # 30
	6 # 5
	7 # 60
	8 # 27
	9 # 10
	10 # 38
	11 # 9
Timestep 2:
	0 # 1
	1 # 58
	2 # 16
	3 # 36
	4 # 44
	5 # 14
	6 # 7
	7 # 61
	8 # 11
	9 # 8
	10 # 39
	11 # 41
Timestep 3:
	0 # 9
	1 # 26
	2 # 17
	3 # 32
	4 # 36
	5 # 10
	6 # 6
	7 # 57
	8 # 15
	9 # 12
	10 # 37
	11 # 40
Timestep 4:
	0 # 25
	1 # 58
	2 # 49
	3 # 32
	4 # 4
	5 # 10
	6 # 22
	7 # 57
	8 # 7
	9 # 28
	10 # 5
	11 # 56

