Solution makespan:5
Timestep 0:
	0 # 10
	1 # 9
	2 # 0
	3 # 28
	4 # 43
	5 # 7
	6 # 48
	7 # 20
	8 # 19
	9 # 24
	10 # 56
	11 # 61
	12 # 29
	13 # 1
	14 # 14
	15 # 32
	16 # 57
	17 # 16
	18 # 42
	19 # 37
Timestep 1:
	0 # 42
	1 # 25
	2 # 2
	3 # 20
	4 # 11
	5 # 39
	6 # 16
	7 # 4
	8 # 23
	9 # 56
	10 # 40
	11 # 29
	12 # 21
	13 # 9
	14 # 46
	15 # 33
	16 # 41
	17 # 18
	18 # 34
	19 # 5
Timestep 2:
	0 # 34
	1 # 17
	2 # 3
	3 # 22
	4 # 15
	5 # 55
	6 # 24
	7 # 4
	8 # 23
	9 # 58
	10 # 8
	11 # 28
	12 # 20
	13 # 9
	14 # 62
	15 # 37
	16 # 43
	17 # 2
	18 # 38
	19 # 1
Timestep 3:
	0 # 35
	1 # 17
	2 # 19
	3 # 22
	4 # 47
	5 # 55
	6 # 25
	7 # 36
	8 # 31
	9 # 50
	10 # 24
	11 # 20
	12 # 52
	13 # 13
	14 # 60
	15 # 39
	16 # 42
	17 # 0
	18 # 46
	19 # 5
Timestep 4:
	0 # 33
	1 # 49
	2 # 51
	3 # 23
	4 # 45
	5 # 39
	6 # 29
	7 # 36
	8 # 27
	9 # 34
	10 # 28
	11 # 4
	12 # 54
	13 # 9
	14 # 52
	15 # 38
	16 # 10
	17 # 8
	18 # 47
	19 # 7
Timestep 5:
	0 # 41
	1 # 53
	2 # 49
	3 # 55
	4 # 44
	5 # 35
	6 # 25
	7 # 32
	8 # 59
	9 # 38
	10 # 60
	11 # 20
	12 # 54
	13 # 13
	14 # 48
	15 # 36
	16 # 26
	17 # 24
	18 # 47
	19 # 6

