Solution makespan:4
Timestep 0:
	0 # 34
	1 # 36
	2 # 28
	3 # 14
	4 # 30
	5 # 26
	6 # 62
	7 # 15
	8 # 54
	9 # 41
	10 # 37
	11 # 8
Timestep 1:
	0 # 2
	1 # 32
	2 # 28
	3 # 12
	4 # 62
	5 # 26
	6 # 54
	7 # 31
	8 # 52
	9 # 57
	10 # 33
	11 # 24
Timestep 2:
	0 # 18
	1 # 32
	2 # 28
	3 # 13
	4 # 54
	5 # 10
	6 # 22
	7 # 30
	8 # 48
	9 # 25
	10 # 35
	11 # 16
Timestep 3:
	0 # 19
	1 # 36
	2 # 24
	3 # 29
	4 # 38
	5 # 14
	6 # 22
	7 # 26
	8 # 16
	9 # 27
	10 # 34
	11 # 17
Timestep 4:
	0 # 3
	1 # 52
	2 # 56
	3 # 13
	4 # 38
	5 # 46
	6 # 6
	7 # 18
	8 # 48
	9 # 11
	10 # 42
	11 # 49

