Solution makespan:5
Timestep 0:
	0 # 1
	1 # 34
	2 # 11
	3 # 51
	4 # 26
	5 # 50
	6 # 57
	7 # 24
	8 # 49
	9 # 17
	10 # 43
	11 # 54
Timestep 1:
	0 # 33
	1 # 2
	2 # 3
	3 # 55
	4 # 58
	5 # 18
	6 # 61
	7 # 24
	8 # 57
	9 # 19
	10 # 47
	11 # 22
Timestep 2:
	0 # 41
	1 # 2
	2 # 7
	3 # 23
	4 # 58
	5 # 16
	6 # 61
	7 # 28
	8 # 56
	9 # 3
	10 # 15
	11 # 18
Timestep 3:
	0 # 45
	1 # 10
	2 # 15
	3 # 23
	4 # 62
	5 # 0
	6 # 60
	7 # 20
	8 # 58
	9 # 11
	10 # 13
	11 # 26
Timestep 4:
	0 # 37
	1 # 26
	2 # 13
	3 # 7
	4 # 60
	5 # 2
	6 # 56
	7 # 52
	8 # 58
	9 # 27
	10 # 12
	11 # 24
Timestep 5:
	0 # 37
	1 # 10
	2 # 29
	3 # 23
	4 # 61
	5 # 6
	6 # 40
	7 # 60
	8 # 62
	9 # 31
	10 # 14
	11 # 8

