Solution makespan:6
Timestep 0:
	0 # 37
	1 # 50
	2 # 21
	3 # 32
	4 # 44
	5 # 56
	6 # 16
	7 # 22
	8 # 60
	9 # 13
	10 # 46
	11 # 54
	12 # 35
	13 # 11
	14 # 9
	15 # 10
	16 # 43
	17 # 6
	18 # 0
	19 # 45
	20 # 34
	21 # 48
	22 # 39
	23 # 17
Timestep 1:
	0 # 36
	1 # 48
	2 # 53
	3 # 33
	4 # 60
	5 # 56
	6 # 24
	7 # 54
	8 # 62
	9 # 29
	10 # 14
	11 # 38
	12 # 35
	13 # 9
	14 # 8
	15 # 11
	16 # 47
	17 # 6
	18 # 16
	19 # 61
	20 # 42
	21 # 52
	22 # 7
	23 # 21
Timestep 2:
	0 # 38
	1 # 56
	2 # 53
	3 # 49
	4 # 61
	5 # 24
	6 # 16
	7 # 50
	8 # 62
	9 # 25
	10 # 14
	11 # 39
	12 # 51
	13 # 13
	14 # 8
	15 # 10
	16 # 15
	17 # 6
	18 # 20
	19 # 63
	20 # 58
	21 # 52
	22 # 7
	23 # 29
Timestep 3:
	0 # 36
	1 # 24
	2 # 49
	3 # 57
	4 # 29
	5 # 26
	6 # 18
	7 # 34
	8 # 58
	9 # 9
	10 # 46
	11 # 35
	12 # 19
	13 # 15
	14 # 10
	15 # 42
	16 # 14
	17 # 4
	18 # 20
	19 # 55
	20 # 56
	21 # 60
	22 # 23
	23 # 21
Timestep 4:
	0 # 36
	1 # 24
	2 # 48
	3 # 25
	4 # 29
	5 # 26
	6 # 2
	7 # 34
	8 # 50
	9 # 13
	10 # 44
	11 # 33
	12 # 27
	13 # 47
	14 # 11
	15 # 10
	16 # 14
	17 # 0
	18 # 21
	19 # 53
	20 # 40
	21 # 56
	22 # 22
	23 # 5
Timestep 5:
	0 # 38
	1 # 28
	2 # 32
	3 # 27
	4 # 21
	5 # 58
	6 # 3
	7 # 35
	8 # 48
	9 # 12
	10 # 60
	11 # 33
	12 # 31
	13 # 63
	14 # 9
	15 # 26
	16 # 46
	17 # 8
	18 # 17
	19 # 61
	20 # 44
	21 # 57
	22 # 22
	23 # 37
Timestep 6:
	0 # 39
	1 # 24
	2 # 0
	3 # 31
	4 # 53
	5 # 26
	6 # 11
	7 # 51
	8 # 48
	9 # 44
	10 # 28
	11 # 49
	12 # 23
	13 # 59
	14 # 8
	15 # 30
	16 # 46
	17 # 40
	18 # 19
	19 # 29
	20 # 45
	21 # 57
	22 # 22
	23 # 37

