Solution makespan:5
Timestep 0:
	0 # 56
	1 # 46
	2 # 58
	3 # 37
	4 # 35
	5 # 55
	6 # 44
	7 # 50
	8 # 40
	9 # 60
	10 # 30
	11 # 36
	12 # 49
	13 # 23
	14 # 28
	15 # 59
	16 # 34
	17 # 24
	18 # 0
	19 # 51
	20 # 32
	21 # 45
	22 # 22
	23 # 43
	24 # 3
	25 # 52
	26 # 27
	27 # 20
	28 # 12
	29 # 47
	30 # 57
	31 # 2
Timestep 1:
	0 # 48
	1 # 62
	2 # 26
	3 # 33
	4 # 3
	5 # 55
	6 # 36
	7 # 54
	8 # 42
	9 # 44
	10 # 14
	11 # 38
	12 # 57
	13 # 23
	14 # 12
	15 # 43
	16 # 2
	17 # 56
	18 # 16
	19 # 51
	20 # 34
	21 # 61
	22 # 20
	23 # 35
	24 # 11
	25 # 60
	26 # 59
	27 # 4
	28 # 13
	29 # 47
	30 # 25
	31 # 6
Timestep 2:
	0 # 16
	1 # 63
	2 # 26
	3 # 32
	4 # 1
	5 # 54
	6 # 52
	7 # 22
	8 # 43
	9 # 46
	10 # 10
	11 # 34
	12 # 57
	13 # 19
	14 # 8
	15 # 41
	16 # 2
	17 # 56
	18 # 17
	19 # 49
	20 # 50
	21 # 60
	22 # 20
	23 # 3
	24 # 9
	25 # 28
	26 # 58
	27 # 4
	28 # 45
	29 # 39
	30 # 27
	31 # 6
Timestep 3:
	0 # 48
	1 # 31
	2 # 24
	3 # 34
	4 # 9
	5 # 38
	6 # 20
	7 # 23
	8 # 47
	9 # 14
	10 # 8
	11 # 35
	12 # 49
	13 # 17
	14 # 0
	15 # 41
	16 # 10
	17 # 60
	18 # 21
	19 # 53
	20 # 51
	21 # 62
	22 # 4
	23 # 3
	24 # 25
	25 # 30
	26 # 42
	27 # 12
	28 # 37
	29 # 55
	30 # 26
	31 # 7
Timestep 4:
	0 # 56
	1 # 31
	2 # 24
	3 # 50
	4 # 8
	5 # 34
	6 # 16
	7 # 21
	8 # 47
	9 # 6
	10 # 0
	11 # 3
	12 # 49
	13 # 25
	14 # 1
	15 # 43
	16 # 42
	17 # 44
	18 # 20
	19 # 52
	20 # 51
	21 # 60
	22 # 5
	23 # 19
	24 # 9
	25 # 28
	26 # 40
	27 # 14
	28 # 33
	29 # 39
	30 # 18
	31 # 15
Timestep 5:
	0 # 56
	1 # 23
	2 # 16
	3 # 54
	4 # 10
	5 # 34
	6 # 17
	7 # 21
	8 # 15
	9 # 4
	10 # 8
	11 # 7
	12 # 53
	13 # 57
	14 # 5
	15 # 11
	16 # 58
	17 # 44
	18 # 28
	19 # 36
	20 # 59
	21 # 61
	22 # 13
	23 # 27
	24 # 41
	25 # 12
	26 # 40
	27 # 30
	28 # 35
	29 # 55
	30 # 22
	31 # 14

