Solution makespan:6
Timestep 0:
	0 # 46
	1 # 48
	2 # 34
	3 # 51
	4 # 27
	5 # 29
	6 # 45
	7 # 9
	8 # 58
	9 # 43
	10 # 0
	11 # 26
	12 # 56
	13 # 54
	14 # 40
	15 # 23
	16 # 32
	17 # 10
	18 # 39
	19 # 44
Timestep 1:
	0 # 62
	1 # 48
	2 # 34
	3 # 49
	4 # 11
	5 # 28
	6 # 41
	7 # 13
	8 # 50
	9 # 43
	10 # 8
	11 # 24
	12 # 58
	13 # 22
	14 # 32
	15 # 55
	16 # 36
	17 # 2
	18 # 39
	19 # 44
Timestep 2:
	0 # 30
	1 # 56
	2 # 2
	3 # 53
	4 # 3
	5 # 20
	6 # 9
	7 # 29
	8 # 51
	9 # 43
	10 # 8
	11 # 25
	12 # 26
	13 # 22
	14 # 33
	15 # 39
	16 # 37
	17 # 18
	18 # 35
	19 # 40
Timestep 3:
	0 # 28
	1 # 24
	2 # 34
	3 # 21
	4 # 19
	5 # 22
	6 # 11
	7 # 31
	8 # 59
	9 # 43
	10 # 9
	11 # 57
	12 # 26
	13 # 6
	14 # 33
	15 # 7
	16 # 53
	17 # 16
	18 # 51
	19 # 32
Timestep 4:
	0 # 28
	1 # 24
	2 # 35
	3 # 29
	4 # 23
	5 # 54
	6 # 10
	7 # 30
	8 # 57
	9 # 42
	10 # 13
	11 # 49
	12 # 58
	13 # 38
	14 # 33
	15 # 6
	16 # 61
	17 # 0
	18 # 19
	19 # 32
Timestep 5:
	0 # 60
	1 # 25
	2 # 51
	3 # 28
	4 # 23
	5 # 50
	6 # 26
	7 # 62
	8 # 41
	9 # 40
	10 # 9
	11 # 17
	12 # 56
	13 # 34
	14 # 49
	15 # 2
	16 # 29
	17 # 4
	18 # 27
	19 # 0
Timestep 6:
	0 # 44
	1 # 9
	2 # 51
	3 # 12
	4 # 22
	5 # 34
	6 # 26
	7 # 60
	8 # 43
	9 # 40
	10 # 8
	11 # 16
	12 # 48
	13 # 42
	14 # 49
	15 # 18
	16 # 31
	17 # 6
	18 # 59
	19 # 2

