Solution makespan:6
Timestep 0:
	0 # 56
	1 # 10
	2 # 48
	3 # 57
	4 # 40
	5 # 59
	6 # 49
	7 # 54
	8 # 55
	9 # 37
	10 # 27
	11 # 61
	12 # 50
	13 # 1
	14 # 32
	15 # 11
	16 # 22
	17 # 53
	18 # 51
	19 # 24
	20 # 31
	21 # 41
	22 # 0
	23 # 58
Timestep 1:
	0 # 60
	1 # 2
	2 # 48
	3 # 41
	4 # 8
	5 # 59
	6 # 53
	7 # 62
	8 # 55
	9 # 5
	10 # 27
	11 # 29
	12 # 51
	13 # 17
	14 # 40
	15 # 9
	16 # 54
	17 # 37
	18 # 35
	19 # 28
	20 # 31
	21 # 43
	22 # 4
	23 # 56
Timestep 2:
	0 # 60
	1 # 2
	2 # 50
	3 # 40
	4 # 10
	5 # 58
	6 # 61
	7 # 63
	8 # 53
	9 # 21
	10 # 26
	11 # 28
	12 # 19
	13 # 49
	14 # 8
	15 # 1
	16 # 38
	17 # 5
	18 # 39
	19 # 30
	20 # 15
	21 # 35
	22 # 6
	23 # 24
Timestep 3:
	0 # 28
	1 # 18
	2 # 54
	3 # 42
	4 # 2
	5 # 26
	6 # 29
	7 # 59
	8 # 21
	9 # 17
	10 # 10
	11 # 20
	12 # 3
	13 # 48
	14 # 12
	15 # 9
	16 # 36
	17 # 5
	18 # 37
	19 # 62
	20 # 31
	21 # 51
	22 # 14
	23 # 56
Timestep 4:
	0 # 30
	1 # 16
	2 # 55
	3 # 10
	4 # 34
	5 # 58
	6 # 13
	7 # 27
	8 # 53
	9 # 49
	10 # 11
	11 # 4
	12 # 19
	13 # 48
	14 # 44
	15 # 1
	16 # 52
	17 # 5
	18 # 45
	19 # 62
	20 # 23
	21 # 50
	22 # 15
	23 # 56
Timestep 5:
	0 # 22
	1 # 0
	2 # 53
	3 # 14
	4 # 2
	5 # 42
	6 # 5
	7 # 26
	8 # 49
	9 # 51
	10 # 43
	11 # 4
	12 # 27
	13 # 16
	14 # 44
	15 # 3
	16 # 48
	17 # 1
	18 # 13
	19 # 46
	20 # 23
	21 # 54
	22 # 7
	23 # 56
Timestep 6:
	0 # 30
	1 # 8
	2 # 52
	3 # 15
	4 # 6
	5 # 58
	6 # 37
	7 # 26
	8 # 51
	9 # 50
	10 # 41
	11 # 36
	12 # 59
	13 # 0
	14 # 60
	15 # 35
	16 # 56
	17 # 17
	18 # 12
	19 # 14
	20 # 19
	21 # 62
	22 # 7
	23 # 24

