Solution makespan:5
Timestep 0:
	0 # 12
	1 # 8
	2 # 14
	3 # 24
	4 # 1
	5 # 52
	6 # 55
	7 # 13
	8 # 4
	9 # 45
	10 # 41
	11 # 11
	12 # 25
	13 # 37
	14 # 29
	15 # 18
	16 # 7
	17 # 36
	18 # 9
	19 # 62
	20 # 53
	21 # 34
	22 # 6
	23 # 0
Timestep 1:
	0 # 28
	1 # 10
	2 # 46
	3 # 56
	4 # 17
	5 # 54
	6 # 51
	7 # 12
	8 # 20
	9 # 13
	10 # 41
	11 # 43
	12 # 57
	13 # 36
	14 # 31
	15 # 18
	16 # 3
	17 # 4
	18 # 1
	19 # 62
	20 # 52
	21 # 35
	22 # 6
	23 # 2
Timestep 2:
	0 # 29
	1 # 2
	2 # 44
	3 # 60
	4 # 17
	5 # 54
	6 # 50
	7 # 8
	8 # 21
	9 # 12
	10 # 45
	11 # 47
	12 # 59
	13 # 4
	14 # 30
	15 # 16
	16 # 11
	17 # 5
	18 # 1
	19 # 58
	20 # 48
	21 # 3
	22 # 14
	23 # 34
Timestep 3:
	0 # 31
	1 # 6
	2 # 36
	3 # 60
	4 # 16
	5 # 50
	6 # 51
	7 # 24
	8 # 17
	9 # 28
	10 # 44
	11 # 39
	12 # 58
	13 # 0
	14 # 62
	15 # 20
	16 # 9
	17 # 13
	18 # 5
	19 # 56
	20 # 32
	21 # 19
	22 # 15
	23 # 2
Timestep 4:
	0 # 30
	1 # 4
	2 # 38
	3 # 44
	4 # 20
	5 # 58
	6 # 49
	7 # 56
	8 # 25
	9 # 28
	10 # 46
	11 # 39
	12 # 59
	13 # 8
	14 # 60
	15 # 22
	16 # 9
	17 # 29
	18 # 21
	19 # 40
	20 # 32
	21 # 17
	22 # 15
	23 # 18
Timestep 5:
	0 # 22
	1 # 36
	2 # 6
	3 # 12
	4 # 20
	5 # 26
	6 # 57
	7 # 58
	8 # 29
	9 # 30
	10 # 14
	11 # 38
	12 # 63
	13 # 10
	14 # 52
	15 # 23
	16 # 8
	17 # 21
	18 # 53
	19 # 44
	20 # 34
	21 # 17
	22 # 47
	23 # 18

