Solution makespan:5
Timestep 0:
	0 # 54
	1 # 35
	2 # 47
	3 # 9
	4 # 10
	5 # 5
	6 # 57
	7 # 17
	8 # 50
	9 # 43
	10 # 4
	11 # 48
	12 # 32
	13 # 39
	14 # 52
	15 # 29
	16 # 24
	17 # 0
	18 # 28
	19 # 61
	20 # 27
	21 # 18
	22 # 11
	23 # 41
	24 # 51
	25 # 37
	26 # 30
	27 # 55
Timestep 1:
	0 # 38
	1 # 35
	2 # 45
	3 # 8
	4 # 10
	5 # 7
	6 # 56
	7 # 19
	8 # 18
	9 # 59
	10 # 4
	11 # 50
	12 # 33
	13 # 55
	14 # 54
	15 # 13
	16 # 25
	17 # 32
	18 # 20
	19 # 53
	20 # 31
	21 # 16
	22 # 9
	23 # 57
	24 # 49
	25 # 37
	26 # 30
	27 # 51
Timestep 2:
	0 # 38
	1 # 33
	2 # 45
	3 # 24
	4 # 42
	5 # 3
	6 # 56
	7 # 27
	8 # 19
	9 # 58
	10 # 20
	11 # 34
	12 # 1
	13 # 63
	14 # 50
	15 # 5
	16 # 29
	17 # 0
	18 # 16
	19 # 52
	20 # 15
	21 # 48
	22 # 25
	23 # 59
	24 # 49
	25 # 39
	26 # 14
	27 # 35
Timestep 3:
	0 # 6
	1 # 32
	2 # 37
	3 # 8
	4 # 46
	5 # 3
	6 # 24
	7 # 31
	8 # 23
	9 # 56
	10 # 4
	11 # 42
	12 # 17
	13 # 55
	14 # 51
	15 # 5
	16 # 21
	17 # 2
	18 # 18
	19 # 60
	20 # 47
	21 # 16
	22 # 29
	23 # 63
	24 # 57
	25 # 7
	26 # 15
	27 # 43
Timestep 4:
	0 # 14
	1 # 48
	2 # 39
	3 # 40
	4 # 38
	5 # 19
	6 # 26
	7 # 29
	8 # 23
	9 # 24
	10 # 36
	11 # 10
	12 # 17
	13 # 51
	14 # 35
	15 # 1
	16 # 21
	17 # 3
	18 # 50
	19 # 56
	20 # 45
	21 # 16
	22 # 28
	23 # 55
	24 # 41
	25 # 7
	26 # 15
	27 # 43
Timestep 5:
	0 # 15
	1 # 49
	2 # 39
	3 # 56
	4 # 38
	5 # 17
	6 # 27
	7 # 61
	8 # 19
	9 # 28
	10 # 32
	11 # 2
	12 # 1
	13 # 59
	14 # 43
	15 # 0
	16 # 23
	17 # 3
	18 # 34
	19 # 48
	20 # 45
	21 # 18
	22 # 12
	23 # 55
	24 # 41
	25 # 7
	26 # 13
	27 # 47

