Solution makespan:5
Timestep 0:
	0 # 40
	1 # 45
	2 # 53
	3 # 34
	4 # 4
	5 # 60
	6 # 47
	7 # 55
	8 # 27
	9 # 59
	10 # 20
	11 # 30
	12 # 35
	13 # 18
	14 # 9
	15 # 62
	16 # 24
	17 # 22
	18 # 63
	19 # 29
Timestep 1:
	0 # 56
	1 # 45
	2 # 49
	3 # 34
	4 # 12
	5 # 52
	6 # 47
	7 # 55
	8 # 25
	9 # 58
	10 # 28
	11 # 22
	12 # 39
	13 # 2
	14 # 41
	15 # 60
	16 # 8
	17 # 18
	18 # 62
	19 # 29
Timestep 2:
	0 # 58
	1 # 61
	2 # 57
	3 # 38
	4 # 44
	5 # 48
	6 # 15
	7 # 63
	8 # 17
	9 # 42
	10 # 12
	11 # 23
	12 # 39
	13 # 2
	14 # 45
	15 # 28
	16 # 9
	17 # 18
	18 # 46
	19 # 21
Timestep 3:
	0 # 26
	1 # 60
	2 # 56
	3 # 54
	4 # 36
	5 # 48
	6 # 47
	7 # 63
	8 # 16
	9 # 43
	10 # 4
	11 # 55
	12 # 7
	13 # 3
	14 # 44
	15 # 12
	16 # 41
	17 # 50
	18 # 38
	19 # 17
Timestep 4:
	0 # 10
	1 # 62
	2 # 24
	3 # 52
	4 # 32
	5 # 56
	6 # 63
	7 # 31
	8 # 0
	9 # 59
	10 # 4
	11 # 54
	12 # 15
	13 # 7
	14 # 12
	15 # 14
	16 # 43
	17 # 58
	18 # 36
	19 # 49
Timestep 5:
	0 # 26
	1 # 54
	2 # 16
	3 # 20
	4 # 34
	5 # 60
	6 # 47
	7 # 63
	8 # 0
	9 # 59
	10 # 6
	11 # 38
	12 # 14
	13 # 15
	14 # 4
	15 # 46
	16 # 43
	17 # 56
	18 # 32
	19 # 53

