Solution makespan:5
Timestep 0:
	0 # 32
	1 # 47
	2 # 22
	3 # 24
	4 # 36
	5 # 59
	6 # 25
	7 # 26
	8 # 39
	9 # 1
	10 # 18
	11 # 62
Timestep 1:
	0 # 33
	1 # 47
	2 # 30
	3 # 16
	4 # 37
	5 # 57
	6 # 24
	7 # 58
	8 # 39
	9 # 5
	10 # 50
	11 # 54
Timestep 2:
	0 # 1
	1 # 43
	2 # 14
	3 # 48
	4 # 5
	5 # 49
	6 # 24
	7 # 56
	8 # 35
	9 # 4
	10 # 58
	11 # 52
Timestep 3:
	0 # 9
	1 # 11
	2 # 15
	3 # 50
	4 # 7
	5 # 53
	6 # 8
	7 # 56
	8 # 51
	9 # 4
	10 # 59
	11 # 52
Timestep 4:
	0 # 13
	1 # 9
	2 # 7
	3 # 18
	4 # 39
	5 # 37
	6 # 0
	7 # 40
	8 # 19
	9 # 36
	10 # 43
	11 # 20
Timestep 5:
	0 # 29
	1 # 25
	2 # 23
	3 # 22
	4 # 55
	5 # 36
	6 # 1
	7 # 8
	8 # 19
	9 # 44
	10 # 35
	11 # 28

