Solution makespan:5
Timestep 0:
	0 # 29
	1 # 60
	2 # 11
	3 # 56
	4 # 25
	5 # 40
	6 # 35
	7 # 16
	8 # 63
	9 # 42
	10 # 61
	11 # 12
	12 # 45
	13 # 22
	14 # 24
	15 # 47
	16 # 2
	17 # 37
	18 # 50
	19 # 44
	20 # 55
	21 # 53
	22 # 41
	23 # 28
	24 # 13
	25 # 57
	26 # 39
	27 # 15
Timestep 1:
	0 # 28
	1 # 52
	2 # 27
	3 # 40
	4 # 17
	5 # 32
	6 # 43
	7 # 24
	8 # 61
	9 # 42
	10 # 53
	11 # 13
	12 # 41
	13 # 6
	14 # 26
	15 # 63
	16 # 0
	17 # 37
	18 # 54
	19 # 60
	20 # 23
	21 # 21
	22 # 9
	23 # 20
	24 # 5
	25 # 59
	26 # 55
	27 # 15
Timestep 2:
	0 # 30
	1 # 36
	2 # 59
	3 # 40
	4 # 19
	5 # 32
	6 # 42
	7 # 25
	8 # 45
	9 # 58
	10 # 21
	11 # 5
	12 # 9
	13 # 2
	14 # 18
	15 # 62
	16 # 0
	17 # 33
	18 # 54
	19 # 44
	20 # 31
	21 # 20
	22 # 8
	23 # 16
	24 # 7
	25 # 43
	26 # 53
	27 # 11
Timestep 3:
	0 # 62
	1 # 36
	2 # 43
	3 # 8
	4 # 3
	5 # 34
	6 # 42
	7 # 25
	8 # 41
	9 # 56
	10 # 21
	11 # 5
	12 # 9
	13 # 6
	14 # 50
	15 # 60
	16 # 1
	17 # 35
	18 # 22
	19 # 12
	20 # 31
	21 # 4
	22 # 24
	23 # 0
	24 # 7
	25 # 11
	26 # 53
	27 # 27
Timestep 4:
	0 # 58
	1 # 36
	2 # 41
	3 # 12
	4 # 2
	5 # 34
	6 # 10
	7 # 27
	8 # 40
	9 # 56
	10 # 5
	11 # 37
	12 # 11
	13 # 38
	14 # 54
	15 # 61
	16 # 1
	17 # 43
	18 # 23
	19 # 4
	20 # 31
	21 # 0
	22 # 16
	23 # 32
	24 # 7
	25 # 15
	26 # 55
	27 # 59
Timestep 5:
	0 # 42
	1 # 36
	2 # 41
	3 # 14
	4 # 34
	5 # 35
	6 # 26
	7 # 19
	8 # 44
	9 # 57
	10 # 1
	11 # 37
	12 # 3
	13 # 54
	14 # 52
	15 # 61
	16 # 33
	17 # 11
	18 # 31
	19 # 5
	20 # 30
	21 # 8
	22 # 48
	23 # 32
	24 # 39
	25 # 47
	26 # 63
	27 # 59

