Solution makespan:5
Timestep 0:
	0 # 17
	1 # 7
	2 # 36
	3 # 13
	4 # 46
	5 # 3
	6 # 15
	7 # 21
	8 # 1
	9 # 55
	10 # 38
	11 # 37
	12 # 5
	13 # 24
	14 # 56
	15 # 2
Timestep 1:
	0 # 19
	1 # 6
	2 # 36
	3 # 5
	4 # 46
	5 # 7
	6 # 15
	7 # 20
	8 # 9
	9 # 51
	10 # 34
	11 # 33
	12 # 1
	13 # 28
	14 # 58
	15 # 10
Timestep 2:
	0 # 18
	1 # 6
	2 # 36
	3 # 1
	4 # 42
	5 # 39
	6 # 7
	7 # 20
	8 # 13
	9 # 35
	10 # 2
	11 # 41
	12 # 3
	13 # 30
	14 # 50
	15 # 10
Timestep 3:
	0 # 2
	1 # 22
	2 # 4
	3 # 17
	4 # 42
	5 # 38
	6 # 5
	7 # 16
	8 # 13
	9 # 39
	10 # 0
	11 # 43
	12 # 19
	13 # 30
	14 # 54
	15 # 14
Timestep 4:
	0 # 3
	1 # 18
	2 # 6
	3 # 17
	4 # 34
	5 # 36
	6 # 21
	7 # 20
	8 # 5
	9 # 38
	10 # 1
	11 # 42
	12 # 19
	13 # 14
	14 # 22
	15 # 12
Timestep 5:
	0 # 11
	1 # 18
	2 # 6
	3 # 25
	4 # 50
	5 # 44
	6 # 20
	7 # 4
	8 # 7
	9 # 38
	10 # 33
	11 # 40
	12 # 27
	13 # 30
	14 # 22
	15 # 12

