Solution makespan:6
Timestep 0:
	0 # 50
	1 # 43
	2 # 4
	3 # 48
	4 # 32
	5 # 39
	6 # 52
	7 # 29
	8 # 24
	9 # 0
	10 # 28
	11 # 61
	12 # 27
	13 # 18
	14 # 11
	15 # 41
	16 # 51
	17 # 37
	18 # 30
	19 # 55
Timestep 1:
	0 # 34
	1 # 47
	2 # 6
	3 # 56
	4 # 32
	5 # 35
	6 # 20
	7 # 21
	8 # 28
	9 # 4
	10 # 60
	11 # 45
	12 # 26
	13 # 2
	14 # 27
	15 # 33
	16 # 19
	17 # 5
	18 # 62
	19 # 63
Timestep 2:
	0 # 50
	1 # 39
	2 # 7
	3 # 56
	4 # 33
	5 # 51
	6 # 22
	7 # 29
	8 # 28
	9 # 20
	10 # 44
	11 # 37
	12 # 24
	13 # 0
	14 # 19
	15 # 41
	16 # 18
	17 # 21
	18 # 30
	19 # 61
Timestep 3:
	0 # 48
	1 # 7
	2 # 15
	3 # 40
	4 # 1
	5 # 35
	6 # 30
	7 # 28
	8 # 60
	9 # 20
	10 # 45
	11 # 36
	12 # 24
	13 # 8
	14 # 17
	15 # 57
	16 # 18
	17 # 53
	18 # 62
	19 # 63
Timestep 4:
	0 # 49
	1 # 23
	2 # 15
	3 # 56
	4 # 3
	5 # 43
	6 # 26
	7 # 28
	8 # 60
	9 # 21
	10 # 45
	11 # 37
	12 # 24
	13 # 12
	14 # 17
	15 # 25
	16 # 22
	17 # 55
	18 # 46
	19 # 61
Timestep 5:
	0 # 53
	1 # 55
	2 # 14
	3 # 48
	4 # 19
	5 # 11
	6 # 58
	7 # 60
	8 # 56
	9 # 21
	10 # 41
	11 # 37
	12 # 8
	13 # 13
	14 # 1
	15 # 29
	16 # 54
	17 # 51
	18 # 38
	19 # 57
Timestep 6:
	0 # 21
	1 # 63
	2 # 30
	3 # 52
	4 # 27
	5 # 10
	6 # 56
	7 # 61
	8 # 40
	9 # 5
	10 # 41
	11 # 39
	12 # 9
	13 # 45
	14 # 3
	15 # 29
	16 # 38
	17 # 35
	18 # 6
	19 # 25

