Solution makespan:5
Timestep 0:
	0 # 13
	1 # 14
	2 # 21
	3 # 60
	4 # 8
	5 # 25
	6 # 54
	7 # 58
	8 # 32
	9 # 40
	10 # 62
	11 # 35
	12 # 1
	13 # 43
	14 # 0
	15 # 17
	16 # 52
	17 # 41
	18 # 53
	19 # 10
Timestep 1:
	0 # 15
	1 # 30
	2 # 20
	3 # 61
	4 # 24
	5 # 17
	6 # 38
	7 # 59
	8 # 36
	9 # 42
	10 # 46
	11 # 39
	12 # 3
	13 # 43
	14 # 1
	15 # 19
	16 # 60
	17 # 45
	18 # 37
	19 # 8
Timestep 2:
	0 # 14
	1 # 31
	2 # 16
	3 # 57
	4 # 24
	5 # 21
	6 # 38
	7 # 43
	8 # 4
	9 # 58
	10 # 42
	11 # 7
	12 # 2
	13 # 11
	14 # 9
	15 # 51
	16 # 62
	17 # 13
	18 # 37
	19 # 8
Timestep 3:
	0 # 10
	1 # 23
	2 # 0
	3 # 49
	4 # 56
	5 # 20
	6 # 6
	7 # 59
	8 # 36
	9 # 58
	10 # 42
	11 # 5
	12 # 2
	13 # 27
	14 # 41
	15 # 51
	16 # 62
	17 # 13
	18 # 39
	19 # 12
Timestep 4:
	0 # 42
	1 # 31
	2 # 32
	3 # 33
	4 # 24
	5 # 4
	6 # 14
	7 # 43
	8 # 36
	9 # 26
	10 # 40
	11 # 1
	12 # 3
	13 # 25
	14 # 45
	15 # 35
	16 # 30
	17 # 29
	18 # 7
	19 # 28
Timestep 5:
	0 # 58
	1 # 27
	2 # 34
	3 # 49
	4 # 28
	5 # 4
	6 # 12
	7 # 41
	8 # 36
	9 # 30
	10 # 40
	11 # 17
	12 # 11
	13 # 57
	14 # 37
	15 # 39
	16 # 22
	17 # 61
	18 # 5
	19 # 20

