Solution makespan:5
Timestep 0:
	0 # 43
	1 # 46
	2 # 11
	3 # 8
	4 # 32
	5 # 47
	6 # 22
	7 # 24
	8 # 36
	9 # 59
	10 # 25
	11 # 26
	12 # 39
	13 # 1
	14 # 18
	15 # 62
Timestep 1:
	0 # 42
	1 # 44
	2 # 9
	3 # 24
	4 # 48
	5 # 39
	6 # 23
	7 # 56
	8 # 37
	9 # 51
	10 # 57
	11 # 58
	12 # 38
	13 # 0
	14 # 19
	15 # 46
Timestep 2:
	0 # 42
	1 # 40
	2 # 41
	3 # 56
	4 # 50
	5 # 38
	6 # 7
	7 # 60
	8 # 53
	9 # 51
	10 # 59
	11 # 26
	12 # 54
	13 # 2
	14 # 3
	15 # 44
Timestep 3:
	0 # 58
	1 # 32
	2 # 33
	3 # 57
	4 # 48
	5 # 36
	6 # 39
	7 # 28
	8 # 53
	9 # 19
	10 # 63
	11 # 26
	12 # 22
	13 # 2
	14 # 11
	15 # 60
Timestep 4:
	0 # 62
	1 # 32
	2 # 49
	3 # 25
	4 # 16
	5 # 36
	6 # 37
	7 # 12
	8 # 55
	9 # 17
	10 # 47
	11 # 10
	12 # 22
	13 # 18
	14 # 43
	15 # 52
Timestep 5:
	0 # 60
	1 # 34
	2 # 53
	3 # 9
	4 # 16
	5 # 37
	6 # 33
	7 # 14
	8 # 39
	9 # 25
	10 # 15
	11 # 2
	12 # 18
	13 # 26
	14 # 42
	15 # 52

