Solution makespan:5
Timestep 0:
	0 # 7
	1 # 6
	2 # 53
	3 # 43
	4 # 40
	5 # 33
	6 # 62
	7 # 14
	8 # 61
	9 # 47
	10 # 28
	11 # 27
Timestep 1:
	0 # 15
	1 # 4
	2 # 52
	3 # 59
	4 # 40
	5 # 33
	6 # 60
	7 # 14
	8 # 63
	9 # 39
	10 # 12
	11 # 19
Timestep 2:
	0 # 11
	1 # 36
	2 # 54
	3 # 27
	4 # 32
	5 # 1
	6 # 61
	7 # 6
	8 # 62
	9 # 35
	10 # 12
	11 # 18
Timestep 3:
	0 # 11
	1 # 44
	2 # 50
	3 # 26
	4 # 32
	5 # 17
	6 # 53
	7 # 38
	8 # 63
	9 # 34
	10 # 14
	11 # 2
Timestep 4:
	0 # 9
	1 # 12
	2 # 58
	3 # 18
	4 # 33
	5 # 16
	6 # 49
	7 # 36
	8 # 59
	9 # 50
	10 # 46
	11 # 2
Timestep 5:
	0 # 13
	1 # 14
	2 # 26
	3 # 16
	4 # 49
	5 # 48
	6 # 51
	7 # 52
	8 # 27
	9 # 54
	10 # 42
	11 # 34

