Solution makespan:6
Timestep 0:
	0 # 55
	1 # 31
	2 # 15
	3 # 4
	4 # 53
	5 # 42
	6 # 28
	7 # 5
	8 # 19
	9 # 33
	10 # 30
	11 # 38
	12 # 6
	13 # 61
	14 # 1
	15 # 9
	16 # 63
	17 # 26
	18 # 12
	19 # 48
	20 # 57
	21 # 54
	22 # 8
	23 # 0
	24 # 52
	25 # 45
	26 # 37
	27 # 46
Timestep 1:
	0 # 54
	1 # 31
	2 # 15
	3 # 4
	4 # 37
	5 # 10
	6 # 24
	7 # 21
	8 # 27
	9 # 33
	10 # 28
	11 # 38
	12 # 7
	13 # 29
	14 # 3
	15 # 11
	16 # 63
	17 # 58
	18 # 14
	19 # 48
	20 # 57
	21 # 62
	22 # 12
	23 # 32
	24 # 52
	25 # 47
	26 # 39
	27 # 44
Timestep 2:
	0 # 22
	1 # 29
	2 # 47
	3 # 5
	4 # 37
	5 # 26
	6 # 24
	7 # 53
	8 # 27
	9 # 1
	10 # 60
	11 # 6
	12 # 3
	13 # 28
	14 # 2
	15 # 10
	16 # 62
	17 # 50
	18 # 14
	19 # 16
	20 # 56
	21 # 30
	22 # 13
	23 # 33
	24 # 48
	25 # 39
	26 # 35
	27 # 36
Timestep 3:
	0 # 6
	1 # 61
	2 # 46
	3 # 21
	4 # 36
	5 # 26
	6 # 8
	7 # 37
	8 # 11
	9 # 1
	10 # 62
	11 # 4
	12 # 35
	13 # 20
	14 # 10
	15 # 42
	16 # 63
	17 # 34
	18 # 30
	19 # 24
	20 # 40
	21 # 31
	22 # 15
	23 # 41
	24 # 32
	25 # 7
	26 # 51
	27 # 52
Timestep 4:
	0 # 14
	1 # 61
	2 # 38
	3 # 53
	4 # 4
	5 # 27
	6 # 12
	7 # 36
	8 # 9
	9 # 33
	10 # 63
	11 # 0
	12 # 43
	13 # 52
	14 # 26
	15 # 40
	16 # 59
	17 # 42
	18 # 28
	19 # 56
	20 # 8
	21 # 31
	22 # 47
	23 # 57
	24 # 32
	25 # 5
	26 # 19
	27 # 60
Timestep 5:
	0 # 15
	1 # 57
	2 # 54
	3 # 52
	4 # 6
	5 # 11
	6 # 44
	7 # 4
	8 # 13
	9 # 35
	10 # 55
	11 # 2
	12 # 41
	13 # 36
	14 # 30
	15 # 32
	16 # 51
	17 # 10
	18 # 12
	19 # 48
	20 # 8
	21 # 31
	22 # 43
	23 # 56
	24 # 34
	25 # 1
	26 # 3
	27 # 28
Timestep 6:
	0 # 47
	1 # 49
	2 # 54
	3 # 48
	4 # 6
	5 # 27
	6 # 40
	7 # 4
	8 # 29
	9 # 43
	10 # 23
	11 # 2
	12 # 9
	13 # 38
	14 # 62
	15 # 36
	16 # 59
	17 # 42
	18 # 44
	19 # 50
	20 # 0
	21 # 63
	22 # 11
	23 # 56
	24 # 34
	25 # 3
	26 # 7
	27 # 60

