Solution makespan:4
Timestep 0:
	0 # 56
	1 # 44
	2 # 49
	3 # 13
	4 # 53
	5 # 23
	6 # 36
	7 # 43
	8 # 19
	9 # 1
	10 # 25
	11 # 33
Timestep 1:
	0 # 58
	1 # 60
	2 # 33
	3 # 9
	4 # 37
	5 # 31
	6 # 32
	7 # 47
	8 # 18
	9 # 5
	10 # 27
	11 # 35
Timestep 2:
	0 # 26
	1 # 56
	2 # 37
	3 # 25
	4 # 5
	5 # 30
	6 # 40
	7 # 39
	8 # 18
	9 # 21
	10 # 11
	11 # 51
Timestep 3:
	0 # 58
	1 # 24
	2 # 45
	3 # 17
	4 # 1
	5 # 28
	6 # 56
	7 # 35
	8 # 26
	9 # 53
	10 # 10
	11 # 50
Timestep 4:
	0 # 58
	1 # 25
	2 # 44
	3 # 16
	4 # 3
	5 # 28
	6 # 57
	7 # 35
	8 # 24
	9 # 49
	10 # 2
	11 # 48

