Solution makespan:6
Timestep 0:
	0 # 63
	1 # 26
	2 # 12
	3 # 48
	4 # 57
	5 # 54
	6 # 8
	7 # 0
	8 # 52
	9 # 45
	10 # 37
	11 # 46
Timestep 1:
	0 # 31
	1 # 27
	2 # 8
	3 # 32
	4 # 59
	5 # 62
	6 # 0
	7 # 4
	8 # 20
	9 # 61
	10 # 36
	11 # 14
Timestep 2:
	0 # 27
	1 # 26
	2 # 9
	3 # 40
	4 # 58
	5 # 63
	6 # 4
	7 # 6
	8 # 20
	9 # 57
	10 # 52
	11 # 10
Timestep 3:
	0 # 11
	1 # 24
	2 # 8
	3 # 41
	4 # 26
	5 # 62
	6 # 5
	7 # 6
	8 # 4
	9 # 25
	10 # 36
	11 # 2
Timestep 4:
	0 # 9
	1 # 56
	2 # 24
	3 # 45
	4 # 30
	5 # 63
	6 # 1
	7 # 38
	8 # 6
	9 # 25
	10 # 32
	11 # 3
Timestep 5:
	0 # 8
	1 # 40
	2 # 16
	3 # 13
	4 # 14
	5 # 47
	6 # 9
	7 # 54
	8 # 38
	9 # 29
	10 # 32
	11 # 35
Timestep 6:
	0 # 0
	1 # 40
	2 # 18
	3 # 9
	4 # 10
	5 # 45
	6 # 1
	7 # 50
	8 # 46
	9 # 21
	10 # 34
	11 # 33

