Solution makespan:5
Timestep 0:
	0 # 15
	1 # 1
	2 # 23
	3 # 53
	4 # 55
	5 # 61
	6 # 62
	7 # 0
	8 # 21
	9 # 30
	10 # 56
	11 # 6
Timestep 1:
	0 # 15
	1 # 3
	2 # 23
	3 # 21
	4 # 54
	5 # 29
	6 # 62
	7 # 32
	8 # 5
	9 # 31
	10 # 24
	11 # 2
Timestep 2:
	0 # 31
	1 # 11
	2 # 7
	3 # 17
	4 # 38
	5 # 13
	6 # 60
	7 # 48
	8 # 1
	9 # 23
	10 # 26
	11 # 3
Timestep 3:
	0 # 29
	1 # 10
	2 # 5
	3 # 25
	4 # 6
	5 # 12
	6 # 28
	7 # 16
	8 # 9
	9 # 23
	10 # 30
	11 # 11
Timestep 4:
	0 # 29
	1 # 10
	2 # 1
	3 # 27
	4 # 6
	5 # 12
	6 # 28
	7 # 0
	8 # 25
	9 # 7
	10 # 14
	11 # 15
Timestep 5:
	0 # 31
	1 # 42
	2 # 17
	3 # 26
	4 # 4
	5 # 12
	6 # 60
	7 # 8
	8 # 29
	9 # 23
	10 # 46
	11 # 13

