Solution makespan:6
Timestep 0:
	0 # 32
	1 # 45
	2 # 62
	3 # 36
	4 # 55
	5 # 48
	6 # 22
	7 # 26
	8 # 41
	9 # 59
	10 # 28
	11 # 38
	12 # 33
	13 # 53
	14 # 30
	15 # 4
	16 # 35
	17 # 40
	18 # 14
	19 # 25
	20 # 2
	21 # 60
	22 # 51
	23 # 37
	24 # 52
	25 # 29
	26 # 34
	27 # 16
	28 # 18
	29 # 1
	30 # 50
	31 # 56
Timestep 1:
	0 # 33
	1 # 13
	2 # 46
	3 # 38
	4 # 63
	5 # 56
	6 # 30
	7 # 24
	8 # 40
	9 # 59
	10 # 20
	11 # 54
	12 # 1
	13 # 53
	14 # 31
	15 # 12
	16 # 51
	17 # 8
	18 # 6
	19 # 9
	20 # 34
	21 # 44
	22 # 49
	23 # 45
	24 # 52
	25 # 25
	26 # 42
	27 # 17
	28 # 16
	29 # 3
	30 # 50
	31 # 58
Timestep 2:
	0 # 37
	1 # 12
	2 # 47
	3 # 39
	4 # 59
	5 # 57
	6 # 31
	7 # 16
	8 # 44
	9 # 51
	10 # 52
	11 # 22
	12 # 5
	13 # 55
	14 # 27
	15 # 28
	16 # 50
	17 # 10
	18 # 4
	19 # 8
	20 # 38
	21 # 36
	22 # 33
	23 # 45
	24 # 60
	25 # 25
	26 # 42
	27 # 1
	28 # 0
	29 # 2
	30 # 18
	31 # 56
Timestep 3:
	0 # 5
	1 # 8
	2 # 15
	3 # 47
	4 # 51
	5 # 61
	6 # 27
	7 # 18
	8 # 12
	9 # 50
	10 # 52
	11 # 30
	12 # 7
	13 # 63
	14 # 26
	15 # 60
	16 # 54
	17 # 14
	18 # 20
	19 # 40
	20 # 38
	21 # 37
	22 # 33
	23 # 44
	24 # 56
	25 # 25
	26 # 10
	27 # 1
	28 # 32
	29 # 0
	30 # 2
	31 # 48
Timestep 4:
	0 # 1
	1 # 9
	2 # 15
	3 # 43
	4 # 51
	5 # 29
	6 # 19
	7 # 22
	8 # 28
	9 # 50
	10 # 60
	11 # 26
	12 # 23
	13 # 47
	14 # 10
	15 # 62
	16 # 54
	17 # 14
	18 # 4
	19 # 42
	20 # 39
	21 # 33
	22 # 41
	23 # 45
	24 # 56
	25 # 24
	26 # 2
	27 # 0
	28 # 32
	29 # 16
	30 # 6
	31 # 48
Timestep 5:
	0 # 1
	1 # 9
	2 # 7
	3 # 43
	4 # 51
	5 # 25
	6 # 19
	7 # 20
	8 # 30
	9 # 34
	10 # 28
	11 # 27
	12 # 23
	13 # 47
	14 # 42
	15 # 46
	16 # 52
	17 # 12
	18 # 4
	19 # 40
	20 # 35
	21 # 49
	22 # 45
	23 # 37
	24 # 48
	25 # 24
	26 # 18
	27 # 0
	28 # 36
	29 # 16
	30 # 14
	31 # 32
Timestep 6:
	0 # 5
	1 # 41
	2 # 39
	3 # 11
	4 # 59
	5 # 57
	6 # 27
	7 # 28
	8 # 22
	9 # 34
	10 # 29
	11 # 31
	12 # 21
	13 # 63
	14 # 40
	15 # 62
	16 # 53
	17 # 14
	18 # 6
	19 # 32
	20 # 3
	21 # 17
	22 # 61
	23 # 37
	24 # 49
	25 # 56
	26 # 18
	27 # 8
	28 # 44
	29 # 16
	30 # 10
	31 # 33

