Solution makespan:5
Timestep 0:
	0 # 55
	1 # 19
	2 # 36
	3 # 42
	4 # 63
	5 # 60
	6 # 18
	7 # 11
	8 # 12
	9 # 41
	10 # 52
	11 # 4
	12 # 32
	13 # 16
	14 # 37
	15 # 54
	16 # 59
	17 # 44
	18 # 1
	19 # 20
Timestep 1:
	0 # 39
	1 # 27
	2 # 38
	3 # 43
	4 # 63
	5 # 62
	6 # 2
	7 # 10
	8 # 12
	9 # 45
	10 # 48
	11 # 0
	12 # 40
	13 # 20
	14 # 33
	15 # 55
	16 # 59
	17 # 46
	18 # 5
	19 # 4
Timestep 2:
	0 # 7
	1 # 25
	2 # 6
	3 # 11
	4 # 61
	5 # 54
	6 # 3
	7 # 26
	8 # 14
	9 # 37
	10 # 16
	11 # 0
	12 # 32
	13 # 21
	14 # 33
	15 # 55
	16 # 43
	17 # 62
	18 # 5
	19 # 20
Timestep 3:
	0 # 5
	1 # 9
	2 # 14
	3 # 15
	4 # 61
	5 # 50
	6 # 3
	7 # 24
	8 # 46
	9 # 33
	10 # 48
	11 # 16
	12 # 34
	13 # 23
	14 # 32
	15 # 39
	16 # 41
	17 # 58
	18 # 4
	19 # 22
Timestep 4:
	0 # 1
	1 # 9
	2 # 46
	3 # 11
	4 # 60
	5 # 18
	6 # 2
	7 # 25
	8 # 47
	9 # 33
	10 # 49
	11 # 48
	12 # 35
	13 # 23
	14 # 40
	15 # 38
	16 # 45
	17 # 26
	18 # 0
	19 # 30
Timestep 5:
	0 # 0
	1 # 11
	2 # 38
	3 # 43
	4 # 44
	5 # 18
	6 # 34
	7 # 17
	8 # 15
	9 # 32
	10 # 33
	11 # 16
	12 # 39
	13 # 23
	14 # 56
	15 # 6
	16 # 13
	17 # 26
	18 # 8
	19 # 62

