Solution makespan:4
Timestep 0:
	0 # 17
	1 # 27
	2 # 1
	3 # 15
	4 # 56
	5 # 58
	6 # 21
	7 # 50
	8 # 63
	9 # 3
	10 # 13
	11 # 60
	12 # 25
	13 # 14
	14 # 45
	15 # 24
	16 # 11
	17 # 6
	18 # 35
	19 # 26
	20 # 8
	21 # 41
	22 # 39
	23 # 52
	24 # 48
	25 # 18
	26 # 10
	27 # 59
	28 # 34
	29 # 54
	30 # 57
	31 # 31
Timestep 1:
	0 # 17
	1 # 26
	2 # 5
	3 # 15
	4 # 40
	5 # 62
	6 # 20
	7 # 18
	8 # 47
	9 # 35
	10 # 13
	11 # 60
	12 # 27
	13 # 46
	14 # 45
	15 # 16
	16 # 11
	17 # 7
	18 # 43
	19 # 24
	20 # 0
	21 # 57
	22 # 38
	23 # 53
	24 # 56
	25 # 2
	26 # 14
	27 # 58
	28 # 34
	29 # 54
	30 # 61
	31 # 31
Timestep 2:
	0 # 25
	1 # 24
	2 # 21
	3 # 11
	4 # 42
	5 # 58
	6 # 4
	7 # 26
	8 # 45
	9 # 51
	10 # 12
	11 # 52
	12 # 59
	13 # 44
	14 # 41
	15 # 17
	16 # 3
	17 # 15
	18 # 43
	19 # 8
	20 # 1
	21 # 49
	22 # 6
	23 # 37
	24 # 40
	25 # 10
	26 # 30
	27 # 50
	28 # 32
	29 # 38
	30 # 29
	31 # 23
Timestep 3:
	0 # 24
	1 # 16
	2 # 17
	3 # 10
	4 # 42
	5 # 26
	6 # 5
	7 # 27
	8 # 37
	9 # 50
	10 # 4
	11 # 36
	12 # 51
	13 # 44
	14 # 43
	15 # 19
	16 # 7
	17 # 13
	18 # 47
	19 # 0
	20 # 33
	21 # 53
	22 # 2
	23 # 39
	24 # 40
	25 # 14
	26 # 28
	27 # 34
	28 # 32
	29 # 46
	30 # 21
	31 # 55
Timestep 4:
	0 # 26
	1 # 48
	2 # 49
	3 # 11
	4 # 10
	5 # 18
	6 # 1
	7 # 31
	8 # 5
	9 # 58
	10 # 6
	11 # 44
	12 # 51
	13 # 12
	14 # 35
	15 # 27
	16 # 39
	17 # 13
	18 # 63
	19 # 0
	20 # 41
	21 # 55
	22 # 2
	23 # 37
	24 # 42
	25 # 30
	26 # 29
	27 # 34
	28 # 33
	29 # 14
	30 # 23
	31 # 54

