Solution makespan:5
Timestep 0:
	0 # 4
	1 # 3
	2 # 62
	3 # 40
	4 # 11
	5 # 49
	6 # 33
	7 # 45
	8 # 14
	9 # 38
	10 # 12
	11 # 6
	12 # 36
	13 # 18
	14 # 30
	15 # 32
	16 # 13
	17 # 34
	18 # 0
	19 # 51
Timestep 1:
	0 # 5
	1 # 35
	2 # 63
	3 # 40
	4 # 10
	5 # 17
	6 # 41
	7 # 37
	8 # 30
	9 # 46
	10 # 12
	11 # 2
	12 # 4
	13 # 22
	14 # 31
	15 # 36
	16 # 15
	17 # 34
	18 # 1
	19 # 51
Timestep 2:
	0 # 7
	1 # 33
	2 # 59
	3 # 44
	4 # 10
	5 # 21
	6 # 45
	7 # 36
	8 # 62
	9 # 47
	10 # 12
	11 # 18
	12 # 0
	13 # 54
	14 # 29
	15 # 32
	16 # 13
	17 # 2
	18 # 9
	19 # 50
Timestep 3:
	0 # 15
	1 # 41
	2 # 59
	3 # 46
	4 # 8
	5 # 20
	6 # 44
	7 # 32
	8 # 60
	9 # 45
	10 # 14
	11 # 16
	12 # 0
	13 # 52
	14 # 21
	15 # 48
	16 # 29
	17 # 2
	18 # 11
	19 # 54
Timestep 4:
	0 # 14
	1 # 40
	2 # 51
	3 # 47
	4 # 9
	5 # 4
	6 # 45
	7 # 48
	8 # 56
	9 # 13
	10 # 30
	11 # 24
	12 # 0
	13 # 52
	14 # 20
	15 # 49
	16 # 61
	17 # 10
	18 # 15
	19 # 22
Timestep 5:
	0 # 15
	1 # 56
	2 # 55
	3 # 43
	4 # 1
	5 # 12
	6 # 41
	7 # 16
	8 # 57
	9 # 9
	10 # 31
	11 # 8
	12 # 2
	13 # 48
	14 # 4
	15 # 53
	16 # 45
	17 # 26
	18 # 13
	19 # 22

