Solution makespan:5
Timestep 0:
	0 # 48
	1 # 55
	2 # 37
	3 # 58
	4 # 12
	5 # 57
	6 # 8
	7 # 29
	8 # 51
	9 # 18
	10 # 25
	11 # 34
Timestep 1:
	0 # 48
	1 # 53
	2 # 5
	3 # 62
	4 # 12
	5 # 49
	6 # 24
	7 # 29
	8 # 59
	9 # 26
	10 # 25
	11 # 32
Timestep 2:
	0 # 50
	1 # 49
	2 # 1
	3 # 30
	4 # 4
	5 # 51
	6 # 24
	7 # 13
	8 # 58
	9 # 27
	10 # 9
	11 # 34
Timestep 3:
	0 # 54
	1 # 17
	2 # 33
	3 # 62
	4 # 36
	5 # 50
	6 # 26
	7 # 15
	8 # 56
	9 # 11
	10 # 13
	11 # 34
Timestep 4:
	0 # 52
	1 # 1
	2 # 32
	3 # 62
	4 # 37
	5 # 18
	6 # 10
	7 # 31
	8 # 56
	9 # 43
	10 # 15
	11 # 42
Timestep 5:
	0 # 60
	1 # 0
	2 # 34
	3 # 58
	4 # 33
	5 # 2
	6 # 11
	7 # 23
	8 # 24
	9 # 47
	10 # 15
	11 # 43

