Solution makespan:6
Timestep 0:
	0 # 61
	1 # 58
	2 # 39
	3 # 31
	4 # 14
	5 # 37
	6 # 6
	7 # 13
	8 # 22
	9 # 4
	10 # 49
	11 # 11
	12 # 50
	13 # 10
	14 # 51
	15 # 54
	16 # 25
	17 # 59
	18 # 18
	19 # 28
	20 # 8
	21 # 53
	22 # 32
	23 # 52
	24 # 27
	25 # 34
	26 # 60
	27 # 62
Timestep 1:
	0 # 57
	1 # 58
	2 # 7
	3 # 23
	4 # 6
	5 # 53
	6 # 2
	7 # 29
	8 # 20
	9 # 36
	10 # 51
	11 # 9
	12 # 54
	13 # 26
	14 # 35
	15 # 55
	16 # 17
	17 # 63
	18 # 19
	19 # 12
	20 # 10
	21 # 52
	22 # 32
	23 # 48
	24 # 27
	25 # 38
	26 # 44
	27 # 30
Timestep 2:
	0 # 56
	1 # 62
	2 # 5
	3 # 21
	4 # 38
	5 # 53
	6 # 18
	7 # 61
	8 # 4
	9 # 32
	10 # 49
	11 # 8
	12 # 52
	13 # 27
	14 # 35
	15 # 51
	16 # 1
	17 # 55
	18 # 19
	19 # 13
	20 # 11
	21 # 60
	22 # 40
	23 # 16
	24 # 59
	25 # 46
	26 # 45
	27 # 22
Timestep 3:
	0 # 58
	1 # 63
	2 # 13
	3 # 29
	4 # 38
	5 # 49
	6 # 19
	7 # 60
	8 # 12
	9 # 36
	10 # 17
	11 # 10
	12 # 20
	13 # 25
	14 # 34
	15 # 35
	16 # 9
	17 # 53
	18 # 3
	19 # 15
	20 # 43
	21 # 52
	22 # 42
	23 # 24
	24 # 51
	25 # 46
	26 # 45
	27 # 22
Timestep 4:
	0 # 50
	1 # 59
	2 # 9
	3 # 28
	4 # 36
	5 # 48
	6 # 3
	7 # 56
	8 # 44
	9 # 4
	10 # 21
	11 # 11
	12 # 20
	13 # 17
	14 # 38
	15 # 39
	16 # 41
	17 # 37
	18 # 2
	19 # 15
	20 # 43
	21 # 54
	22 # 42
	23 # 25
	24 # 35
	25 # 62
	26 # 45
	27 # 22
Timestep 5:
	0 # 18
	1 # 58
	2 # 8
	3 # 60
	4 # 36
	5 # 32
	6 # 7
	7 # 56
	8 # 44
	9 # 12
	10 # 53
	11 # 10
	12 # 16
	13 # 1
	14 # 54
	15 # 47
	16 # 57
	17 # 45
	18 # 0
	19 # 14
	20 # 35
	21 # 55
	22 # 43
	23 # 9
	24 # 34
	25 # 30
	26 # 13
	27 # 6
Timestep 6:
	0 # 18
	1 # 58
	2 # 40
	3 # 52
	4 # 44
	5 # 48
	6 # 23
	7 # 60
	8 # 12
	9 # 8
	10 # 53
	11 # 42
	12 # 17
	13 # 33
	14 # 62
	15 # 46
	16 # 61
	17 # 45
	18 # 16
	19 # 10
	20 # 51
	21 # 39
	22 # 47
	23 # 11
	24 # 38
	25 # 28
	26 # 5
	27 # 22

