Solution makespan:6
Timestep 0:
	0 # 1
	1 # 26
	2 # 45
	3 # 55
	4 # 13
	5 # 34
	6 # 19
	7 # 24
	8 # 15
	9 # 32
	10 # 63
	11 # 21
	12 # 43
	13 # 56
	14 # 57
	15 # 59
	16 # 8
	17 # 30
	18 # 4
	19 # 29
	20 # 48
	21 # 28
	22 # 60
	23 # 20
	24 # 49
	25 # 51
	26 # 39
	27 # 9
Timestep 1:
	0 # 17
	1 # 58
	2 # 45
	3 # 55
	4 # 12
	5 # 50
	6 # 18
	7 # 25
	8 # 7
	9 # 34
	10 # 47
	11 # 23
	12 # 11
	13 # 40
	14 # 57
	15 # 63
	16 # 24
	17 # 62
	18 # 5
	19 # 29
	20 # 16
	21 # 30
	22 # 61
	23 # 4
	24 # 53
	25 # 35
	26 # 38
	27 # 13
Timestep 2:
	0 # 1
	1 # 59
	2 # 47
	3 # 51
	4 # 44
	5 # 50
	6 # 18
	7 # 27
	8 # 23
	9 # 2
	10 # 43
	11 # 22
	12 # 10
	13 # 40
	14 # 41
	15 # 63
	16 # 56
	17 # 62
	18 # 21
	19 # 28
	20 # 0
	21 # 31
	22 # 57
	23 # 4
	24 # 49
	25 # 39
	26 # 34
	27 # 29
Timestep 3:
	0 # 9
	1 # 27
	2 # 46
	3 # 19
	4 # 36
	5 # 48
	6 # 50
	7 # 11
	8 # 55
	9 # 2
	10 # 43
	11 # 22
	12 # 10
	13 # 32
	14 # 45
	15 # 62
	16 # 58
	17 # 60
	18 # 29
	19 # 24
	20 # 4
	21 # 15
	22 # 25
	23 # 5
	24 # 17
	25 # 39
	26 # 42
	27 # 28
Timestep 4:
	0 # 11
	1 # 27
	2 # 42
	3 # 18
	4 # 52
	5 # 49
	6 # 54
	7 # 3
	8 # 51
	9 # 6
	10 # 47
	11 # 22
	12 # 14
	13 # 0
	14 # 13
	15 # 60
	16 # 62
	17 # 56
	18 # 31
	19 # 8
	20 # 36
	21 # 7
	22 # 57
	23 # 5
	24 # 21
	25 # 55
	26 # 40
	27 # 12
Timestep 5:
	0 # 11
	1 # 27
	2 # 58
	3 # 16
	4 # 36
	5 # 17
	6 # 52
	7 # 1
	8 # 19
	9 # 7
	10 # 43
	11 # 22
	12 # 12
	13 # 2
	14 # 13
	15 # 44
	16 # 54
	17 # 24
	18 # 15
	19 # 10
	20 # 38
	21 # 3
	22 # 41
	23 # 37
	24 # 53
	25 # 23
	26 # 56
	27 # 8
Timestep 6:
	0 # 15
	1 # 59
	2 # 50
	3 # 20
	4 # 32
	5 # 49
	6 # 52
	7 # 5
	8 # 51
	9 # 39
	10 # 42
	11 # 30
	12 # 4
	13 # 34
	14 # 29
	15 # 60
	16 # 62
	17 # 28
	18 # 7
	19 # 14
	20 # 46
	21 # 35
	22 # 41
	23 # 36
	24 # 61
	25 # 19
	26 # 57
	27 # 12

