Solution makespan:5
Timestep 0:
	0 # 41
	1 # 18
	2 # 47
	3 # 21
	4 # 0
	5 # 16
	6 # 38
	7 # 24
	8 # 37
	9 # 34
	10 # 29
	11 # 33
	12 # 19
	13 # 44
	14 # 50
	15 # 8
	16 # 35
	17 # 57
	18 # 17
	19 # 53
	20 # 32
	21 # 31
	22 # 1
	23 # 52
	24 # 59
	25 # 42
	26 # 6
	27 # 11
Timestep 1:
	0 # 9
	1 # 22
	2 # 47
	3 # 53
	4 # 0
	5 # 17
	6 # 54
	7 # 28
	8 # 39
	9 # 2
	10 # 25
	11 # 41
	12 # 51
	13 # 36
	14 # 58
	15 # 40
	16 # 3
	17 # 49
	18 # 1
	19 # 61
	20 # 34
	21 # 27
	22 # 5
	23 # 20
	24 # 63
	25 # 43
	26 # 38
	27 # 15
Timestep 2:
	0 # 11
	1 # 18
	2 # 45
	3 # 55
	4 # 32
	5 # 19
	6 # 22
	7 # 24
	8 # 47
	9 # 0
	10 # 17
	11 # 9
	12 # 50
	13 # 4
	14 # 59
	15 # 42
	16 # 3
	17 # 33
	18 # 5
	19 # 57
	20 # 2
	21 # 27
	22 # 37
	23 # 21
	24 # 63
	25 # 41
	26 # 54
	27 # 13
Timestep 3:
	0 # 15
	1 # 19
	2 # 13
	3 # 54
	4 # 48
	5 # 51
	6 # 22
	7 # 16
	8 # 46
	9 # 8
	10 # 17
	11 # 1
	12 # 58
	13 # 6
	14 # 43
	15 # 10
	16 # 7
	17 # 37
	18 # 4
	19 # 41
	20 # 2
	21 # 59
	22 # 53
	23 # 20
	24 # 62
	25 # 9
	26 # 52
	27 # 12
Timestep 4:
	0 # 47
	1 # 19
	2 # 45
	3 # 22
	4 # 50
	5 # 55
	6 # 20
	7 # 0
	8 # 14
	9 # 24
	10 # 49
	11 # 5
	12 # 42
	13 # 38
	14 # 11
	15 # 8
	16 # 23
	17 # 39
	18 # 12
	19 # 40
	20 # 18
	21 # 57
	22 # 53
	23 # 21
	24 # 54
	25 # 25
	26 # 48
	27 # 44
Timestep 5:
	0 # 63
	1 # 23
	2 # 45
	3 # 6
	4 # 34
	5 # 39
	6 # 52
	7 # 16
	8 # 10
	9 # 56
	10 # 51
	11 # 13
	12 # 58
	13 # 46
	14 # 15
	15 # 24
	16 # 22
	17 # 38
	18 # 14
	19 # 32
	20 # 26
	21 # 41
	22 # 37
	23 # 53
	24 # 55
	25 # 27
	26 # 50
	27 # 44

