Solution makespan:6
Timestep 0:
	0 # 6
	1 # 46
	2 # 32
	3 # 33
	4 # 39
	5 # 56
	6 # 43
	7 # 13
	8 # 60
	9 # 57
	10 # 34
	11 # 4
	12 # 47
	13 # 35
	14 # 26
	15 # 62
Timestep 1:
	0 # 14
	1 # 62
	2 # 48
	3 # 49
	4 # 38
	5 # 58
	6 # 59
	7 # 5
	8 # 52
	9 # 41
	10 # 32
	11 # 20
	12 # 15
	13 # 51
	14 # 27
	15 # 60
Timestep 2:
	0 # 46
	1 # 30
	2 # 52
	3 # 17
	4 # 38
	5 # 42
	6 # 51
	7 # 21
	8 # 53
	9 # 45
	10 # 40
	11 # 20
	12 # 7
	13 # 35
	14 # 31
	15 # 60
Timestep 3:
	0 # 42
	1 # 22
	2 # 54
	3 # 19
	4 # 38
	5 # 34
	6 # 50
	7 # 21
	8 # 49
	9 # 47
	10 # 41
	11 # 28
	12 # 23
	13 # 43
	14 # 27
	15 # 44
Timestep 4:
	0 # 40
	1 # 20
	2 # 38
	3 # 23
	4 # 34
	5 # 32
	6 # 18
	7 # 29
	8 # 17
	9 # 39
	10 # 33
	11 # 30
	12 # 22
	13 # 41
	14 # 25
	15 # 36
Timestep 5:
	0 # 40
	1 # 16
	2 # 38
	3 # 23
	4 # 35
	5 # 48
	6 # 18
	7 # 21
	8 # 19
	9 # 39
	10 # 49
	11 # 14
	12 # 22
	13 # 41
	14 # 17
	15 # 36
Timestep 6:
	0 # 8
	1 # 0
	2 # 54
	3 # 19
	4 # 33
	5 # 48
	6 # 26
	7 # 23
	8 # 3
	9 # 39
	10 # 57
	11 # 10
	12 # 22
	13 # 40
	14 # 1
	15 # 4

