Solution makespan:6
Timestep 0:
	0 # 57
	1 # 47
	2 # 49
	3 # 31
	4 # 61
	5 # 2
	6 # 32
	7 # 43
	8 # 25
	9 # 11
	10 # 16
	11 # 9
	12 # 29
	13 # 60
	14 # 19
	15 # 13
	16 # 58
	17 # 44
	18 # 42
	19 # 15
	20 # 28
	21 # 8
	22 # 36
	23 # 0
	24 # 14
	25 # 20
	26 # 38
	27 # 56
	28 # 23
	29 # 17
	30 # 18
	31 # 7
Timestep 1:
	0 # 56
	1 # 47
	2 # 51
	3 # 30
	4 # 53
	5 # 6
	6 # 33
	7 # 35
	8 # 57
	9 # 9
	10 # 18
	11 # 1
	12 # 21
	13 # 60
	14 # 27
	15 # 12
	16 # 58
	17 # 45
	18 # 10
	19 # 13
	20 # 20
	21 # 8
	22 # 36
	23 # 0
	24 # 46
	25 # 52
	26 # 34
	27 # 48
	28 # 23
	29 # 19
	30 # 22
	31 # 15
Timestep 2:
	0 # 24
	1 # 45
	2 # 55
	3 # 62
	4 # 53
	5 # 38
	6 # 41
	7 # 35
	8 # 56
	9 # 25
	10 # 50
	11 # 1
	12 # 23
	13 # 52
	14 # 26
	15 # 28
	16 # 42
	17 # 61
	18 # 2
	19 # 15
	20 # 16
	21 # 12
	22 # 4
	23 # 32
	24 # 44
	25 # 36
	26 # 34
	27 # 49
	28 # 7
	29 # 51
	30 # 20
	31 # 31
Timestep 3:
	0 # 24
	1 # 45
	2 # 55
	3 # 62
	4 # 52
	5 # 38
	6 # 43
	7 # 33
	8 # 56
	9 # 57
	10 # 51
	11 # 0
	12 # 22
	13 # 60
	14 # 10
	15 # 12
	16 # 34
	17 # 61
	18 # 6
	19 # 11
	20 # 48
	21 # 13
	22 # 20
	23 # 40
	24 # 46
	25 # 36
	26 # 2
	27 # 17
	28 # 39
	29 # 49
	30 # 21
	31 # 29
Timestep 4:
	0 # 28
	1 # 37
	2 # 23
	3 # 54
	4 # 20
	5 # 46
	6 # 43
	7 # 32
	8 # 58
	9 # 25
	10 # 35
	11 # 0
	12 # 22
	13 # 52
	14 # 42
	15 # 8
	16 # 50
	17 # 29
	18 # 14
	19 # 27
	20 # 48
	21 # 9
	22 # 16
	23 # 41
	24 # 47
	25 # 4
	26 # 2
	27 # 19
	28 # 39
	29 # 49
	30 # 5
	31 # 21
Timestep 5:
	0 # 20
	1 # 33
	2 # 31
	3 # 54
	4 # 4
	5 # 14
	6 # 11
	7 # 34
	8 # 56
	9 # 9
	10 # 35
	11 # 16
	12 # 22
	13 # 53
	14 # 43
	15 # 24
	16 # 51
	17 # 13
	18 # 30
	19 # 59
	20 # 32
	21 # 8
	22 # 18
	23 # 45
	24 # 15
	25 # 12
	26 # 10
	27 # 3
	28 # 55
	29 # 57
	30 # 1
	31 # 23
Timestep 6:
	0 # 20
	1 # 37
	2 # 30
	3 # 50
	4 # 6
	5 # 12
	6 # 11
	7 # 38
	8 # 58
	9 # 13
	10 # 39
	11 # 17
	12 # 22
	13 # 61
	14 # 41
	15 # 56
	16 # 49
	17 # 29
	18 # 28
	19 # 27
	20 # 48
	21 # 40
	22 # 19
	23 # 45
	24 # 15
	25 # 44
	26 # 14
	27 # 7
	28 # 55
	29 # 57
	30 # 5
	31 # 31

