Solution makespan:5
Timestep 0:
	0 # 8
	1 # 4
	2 # 5
	3 # 7
	4 # 40
	5 # 2
	6 # 46
	7 # 56
	8 # 53
	9 # 9
	10 # 41
	11 # 48
	12 # 1
	13 # 34
	14 # 11
	15 # 51
	16 # 26
	17 # 50
	18 # 57
	19 # 24
	20 # 49
	21 # 17
	22 # 43
	23 # 54
Timestep 1:
	0 # 12
	1 # 20
	2 # 5
	3 # 7
	4 # 41
	5 # 6
	6 # 62
	7 # 60
	8 # 53
	9 # 11
	10 # 33
	11 # 50
	12 # 0
	13 # 2
	14 # 15
	15 # 35
	16 # 26
	17 # 18
	18 # 61
	19 # 28
	20 # 17
	21 # 25
	22 # 59
	23 # 55
Timestep 2:
	0 # 8
	1 # 21
	2 # 13
	3 # 6
	4 # 45
	5 # 14
	6 # 54
	7 # 52
	8 # 37
	9 # 3
	10 # 35
	11 # 18
	12 # 16
	13 # 0
	14 # 7
	15 # 34
	16 # 27
	17 # 2
	18 # 61
	19 # 60
	20 # 17
	21 # 57
	22 # 63
	23 # 55
Timestep 3:
	0 # 24
	1 # 21
	2 # 9
	3 # 38
	4 # 13
	5 # 12
	6 # 22
	7 # 36
	8 # 33
	9 # 35
	10 # 34
	11 # 26
	12 # 20
	13 # 8
	14 # 39
	15 # 32
	16 # 11
	17 # 18
	18 # 45
	19 # 44
	20 # 25
	21 # 56
	22 # 31
	23 # 23
Timestep 4:
	0 # 8
	1 # 21
	2 # 9
	3 # 46
	4 # 13
	5 # 44
	6 # 22
	7 # 36
	8 # 41
	9 # 39
	10 # 34
	11 # 24
	12 # 20
	13 # 10
	14 # 37
	15 # 32
	16 # 43
	17 # 19
	18 # 61
	19 # 40
	20 # 57
	21 # 60
	22 # 31
	23 # 7
Timestep 5:
	0 # 12
	1 # 53
	2 # 8
	3 # 62
	4 # 5
	5 # 40
	6 # 6
	7 # 36
	8 # 45
	9 # 55
	10 # 38
	11 # 25
	12 # 28
	13 # 26
	14 # 37
	15 # 48
	16 # 59
	17 # 23
	18 # 29
	19 # 42
	20 # 61
	21 # 60
	22 # 63
	23 # 15

