Solution makespan:5
Timestep 0:
	0 # 52
	1 # 59
	2 # 15
	3 # 30
	4 # 54
	5 # 48
	6 # 18
	7 # 16
	8 # 57
	9 # 33
	10 # 31
	11 # 55
	12 # 62
	13 # 53
	14 # 11
	15 # 35
	16 # 9
	17 # 46
	18 # 44
	19 # 45
Timestep 1:
	0 # 48
	1 # 27
	2 # 15
	3 # 30
	4 # 38
	5 # 32
	6 # 2
	7 # 0
	8 # 49
	9 # 1
	10 # 31
	11 # 23
	12 # 63
	13 # 21
	14 # 3
	15 # 39
	16 # 25
	17 # 42
	18 # 36
	19 # 44
Timestep 2:
	0 # 32
	1 # 11
	2 # 7
	3 # 22
	4 # 54
	5 # 34
	6 # 18
	7 # 0
	8 # 49
	9 # 33
	10 # 30
	11 # 21
	12 # 31
	13 # 29
	14 # 19
	15 # 47
	16 # 24
	17 # 58
	18 # 36
	19 # 40
Timestep 3:
	0 # 33
	1 # 11
	2 # 23
	3 # 20
	4 # 54
	5 # 42
	6 # 50
	7 # 1
	8 # 57
	9 # 35
	10 # 14
	11 # 29
	12 # 31
	13 # 28
	14 # 19
	15 # 46
	16 # 16
	17 # 59
	18 # 38
	19 # 41
Timestep 4:
	0 # 1
	1 # 3
	2 # 31
	3 # 52
	4 # 22
	5 # 46
	6 # 48
	7 # 5
	8 # 25
	9 # 35
	10 # 6
	11 # 29
	12 # 15
	13 # 24
	14 # 51
	15 # 44
	16 # 16
	17 # 43
	18 # 54
	19 # 33
Timestep 5:
	0 # 1
	1 # 7
	2 # 15
	3 # 20
	4 # 6
	5 # 47
	6 # 56
	7 # 5
	8 # 9
	9 # 35
	10 # 2
	11 # 13
	12 # 14
	13 # 24
	14 # 51
	15 # 44
	16 # 17
	17 # 43
	18 # 50
	19 # 33

