Solution makespan:5
Timestep 0:
	0 # 1
	1 # 23
	2 # 12
	3 # 19
	4 # 56
	5 # 38
	6 # 58
	7 # 54
	8 # 11
	9 # 15
	10 # 22
	11 # 63
	12 # 14
	13 # 5
	14 # 20
	15 # 59
	16 # 62
	17 # 39
	18 # 0
	19 # 43
	20 # 27
	21 # 49
	22 # 46
	23 # 24
Timestep 1:
	0 # 1
	1 # 7
	2 # 13
	3 # 18
	4 # 58
	5 # 38
	6 # 26
	7 # 22
	8 # 15
	9 # 31
	10 # 30
	11 # 63
	12 # 14
	13 # 21
	14 # 4
	15 # 43
	16 # 54
	17 # 37
	18 # 8
	19 # 47
	20 # 19
	21 # 48
	22 # 46
	23 # 25
Timestep 2:
	0 # 3
	1 # 39
	2 # 13
	3 # 16
	4 # 58
	5 # 6
	6 # 27
	7 # 18
	8 # 11
	9 # 23
	10 # 31
	11 # 62
	12 # 12
	13 # 17
	14 # 0
	15 # 41
	16 # 50
	17 # 5
	18 # 8
	19 # 15
	20 # 51
	21 # 48
	22 # 14
	23 # 25
Timestep 3:
	0 # 19
	1 # 47
	2 # 13
	3 # 0
	4 # 26
	5 # 22
	6 # 31
	7 # 16
	8 # 11
	9 # 23
	10 # 29
	11 # 30
	12 # 28
	13 # 25
	14 # 2
	15 # 33
	16 # 18
	17 # 21
	18 # 12
	19 # 15
	20 # 50
	21 # 49
	22 # 46
	23 # 9
Timestep 4:
	0 # 19
	1 # 46
	2 # 45
	3 # 32
	4 # 18
	5 # 54
	6 # 30
	7 # 17
	8 # 43
	9 # 23
	10 # 13
	11 # 14
	12 # 24
	13 # 27
	14 # 10
	15 # 35
	16 # 16
	17 # 53
	18 # 28
	19 # 7
	20 # 34
	21 # 33
	22 # 44
	23 # 11
Timestep 5:
	0 # 23
	1 # 38
	2 # 44
	3 # 48
	4 # 22
	5 # 55
	6 # 26
	7 # 1
	8 # 47
	9 # 21
	10 # 45
	11 # 30
	12 # 28
	13 # 11
	14 # 8
	15 # 51
	16 # 16
	17 # 53
	18 # 20
	19 # 39
	20 # 34
	21 # 37
	22 # 12
	23 # 15

