Solution makespan:6
Timestep 0:
	0 # 42
	1 # 16
	2 # 20
	3 # 12
	4 # 7
	5 # 36
	6 # 24
	7 # 46
	8 # 56
	9 # 27
	10 # 58
	11 # 22
	12 # 4
	13 # 8
	14 # 40
	15 # 28
	16 # 62
	17 # 1
	18 # 13
	19 # 45
	20 # 50
	21 # 14
	22 # 5
	23 # 33
	24 # 57
	25 # 48
	26 # 31
	27 # 41
	28 # 10
	29 # 61
	30 # 38
	31 # 60
Timestep 1:
	0 # 58
	1 # 48
	2 # 21
	3 # 44
	4 # 15
	5 # 32
	6 # 25
	7 # 38
	8 # 24
	9 # 59
	10 # 50
	11 # 30
	12 # 36
	13 # 9
	14 # 8
	15 # 20
	16 # 62
	17 # 17
	18 # 12
	19 # 47
	20 # 54
	21 # 46
	22 # 7
	23 # 33
	24 # 56
	25 # 52
	26 # 23
	27 # 57
	28 # 26
	29 # 45
	30 # 6
	31 # 28
Timestep 2:
	0 # 58
	1 # 49
	2 # 53
	3 # 40
	4 # 14
	5 # 34
	6 # 9
	7 # 36
	8 # 24
	9 # 51
	10 # 50
	11 # 26
	12 # 37
	13 # 13
	14 # 0
	15 # 28
	16 # 60
	17 # 16
	18 # 4
	19 # 15
	20 # 55
	21 # 42
	22 # 39
	23 # 35
	24 # 56
	25 # 54
	26 # 21
	27 # 25
	28 # 18
	29 # 45
	30 # 6
	31 # 29
Timestep 3:
	0 # 59
	1 # 57
	2 # 49
	3 # 41
	4 # 10
	5 # 34
	6 # 13
	7 # 32
	8 # 8
	9 # 55
	10 # 54
	11 # 24
	12 # 53
	13 # 12
	14 # 2
	15 # 28
	16 # 44
	17 # 20
	18 # 6
	19 # 15
	20 # 63
	21 # 58
	22 # 47
	23 # 39
	24 # 48
	25 # 62
	26 # 29
	27 # 17
	28 # 19
	29 # 61
	30 # 7
	31 # 31
Timestep 4:
	0 # 51
	1 # 25
	2 # 49
	3 # 43
	4 # 42
	5 # 2
	6 # 12
	7 # 0
	8 # 8
	9 # 55
	10 # 22
	11 # 24
	12 # 53
	13 # 14
	14 # 18
	15 # 20
	16 # 45
	17 # 52
	18 # 7
	19 # 11
	20 # 47
	21 # 50
	22 # 46
	23 # 38
	24 # 48
	25 # 63
	26 # 13
	27 # 17
	28 # 27
	29 # 60
	30 # 5
	31 # 31
Timestep 5:
	0 # 49
	1 # 25
	2 # 17
	3 # 35
	4 # 40
	5 # 6
	6 # 28
	7 # 2
	8 # 10
	9 # 39
	10 # 18
	11 # 16
	12 # 55
	13 # 30
	14 # 26
	15 # 4
	16 # 41
	17 # 54
	18 # 23
	19 # 3
	20 # 43
	21 # 34
	22 # 42
	23 # 46
	24 # 56
	25 # 47
	26 # 9
	27 # 1
	28 # 31
	29 # 44
	30 # 7
	31 # 29
Timestep 6:
	0 # 49
	1 # 57
	2 # 16
	3 # 51
	4 # 44
	5 # 38
	6 # 12
	7 # 10
	8 # 11
	9 # 55
	10 # 18
	11 # 48
	12 # 54
	13 # 26
	14 # 27
	15 # 5
	16 # 33
	17 # 52
	18 # 23
	19 # 35
	20 # 59
	21 # 50
	22 # 58
	23 # 62
	24 # 56
	25 # 15
	26 # 41
	27 # 17
	28 # 63
	29 # 36
	30 # 7
	31 # 61

