Solution makespan:4
Timestep 0:
	0 # 34
	1 # 60
	2 # 41
	3 # 43
	4 # 10
	5 # 58
	6 # 22
	7 # 32
	8 # 49
	9 # 18
	10 # 56
	11 # 1
	12 # 11
	13 # 50
	14 # 63
	15 # 16
	16 # 55
	17 # 37
	18 # 30
	19 # 19
	20 # 2
	21 # 31
	22 # 8
	23 # 29
	24 # 3
	25 # 27
	26 # 53
	27 # 6
	28 # 25
	29 # 5
	30 # 38
	31 # 42
Timestep 1:
	0 # 50
	1 # 28
	2 # 45
	3 # 47
	4 # 42
	5 # 59
	6 # 54
	7 # 48
	8 # 33
	9 # 16
	10 # 58
	11 # 9
	12 # 3
	13 # 18
	14 # 62
	15 # 20
	16 # 53
	17 # 5
	18 # 30
	19 # 19
	20 # 0
	21 # 63
	22 # 24
	23 # 25
	24 # 2
	25 # 11
	26 # 49
	27 # 14
	28 # 57
	29 # 21
	30 # 46
	31 # 40
Timestep 2:
	0 # 18
	1 # 29
	2 # 44
	3 # 46
	4 # 34
	5 # 57
	6 # 54
	7 # 50
	8 # 37
	9 # 17
	10 # 26
	11 # 13
	12 # 7
	13 # 16
	14 # 30
	15 # 20
	16 # 61
	17 # 21
	18 # 22
	19 # 51
	20 # 1
	21 # 55
	22 # 8
	23 # 27
	24 # 0
	25 # 10
	26 # 33
	27 # 14
	28 # 49
	29 # 23
	30 # 42
	31 # 41
Timestep 3:
	0 # 19
	1 # 25
	2 # 36
	3 # 14
	4 # 38
	5 # 56
	6 # 52
	7 # 18
	8 # 5
	9 # 1
	10 # 30
	11 # 13
	12 # 7
	13 # 24
	14 # 31
	15 # 16
	16 # 29
	17 # 17
	18 # 20
	19 # 59
	20 # 3
	21 # 54
	22 # 8
	23 # 11
	24 # 4
	25 # 2
	26 # 35
	27 # 10
	28 # 53
	29 # 23
	30 # 58
	31 # 9
Timestep 4:
	0 # 17
	1 # 27
	2 # 36
	3 # 14
	4 # 54
	5 # 58
	6 # 60
	7 # 18
	8 # 4
	9 # 0
	10 # 22
	11 # 45
	12 # 5
	13 # 24
	14 # 30
	15 # 48
	16 # 31
	17 # 21
	18 # 28
	19 # 43
	20 # 2
	21 # 50
	22 # 8
	23 # 10
	24 # 12
	25 # 34
	26 # 51
	27 # 26
	28 # 53
	29 # 19
	30 # 42
	31 # 41

