Solution makespan:5
Timestep 0:
	0 # 45
	1 # 41
	2 # 16
	3 # 15
	4 # 56
	5 # 9
	6 # 49
	7 # 7
	8 # 60
	9 # 1
	10 # 61
	11 # 31
	12 # 18
	13 # 48
	14 # 30
	15 # 17
	16 # 27
	17 # 34
	18 # 62
	19 # 55
	20 # 38
	21 # 58
	22 # 36
	23 # 14
Timestep 1:
	0 # 44
	1 # 57
	2 # 20
	3 # 15
	4 # 58
	5 # 41
	6 # 51
	7 # 3
	8 # 52
	9 # 5
	10 # 60
	11 # 29
	12 # 19
	13 # 49
	14 # 26
	15 # 17
	16 # 31
	17 # 35
	18 # 30
	19 # 63
	20 # 54
	21 # 59
	22 # 38
	23 # 14
Timestep 2:
	0 # 45
	1 # 61
	2 # 20
	3 # 7
	4 # 59
	5 # 40
	6 # 50
	7 # 35
	8 # 36
	9 # 4
	10 # 28
	11 # 29
	12 # 18
	13 # 49
	14 # 10
	15 # 1
	16 # 31
	17 # 39
	18 # 26
	19 # 47
	20 # 55
	21 # 57
	22 # 6
	23 # 15
Timestep 3:
	0 # 45
	1 # 29
	2 # 52
	3 # 3
	4 # 27
	5 # 42
	6 # 18
	7 # 35
	8 # 4
	9 # 12
	10 # 24
	11 # 28
	12 # 16
	13 # 17
	14 # 11
	15 # 9
	16 # 63
	17 # 37
	18 # 10
	19 # 15
	20 # 55
	21 # 41
	22 # 22
	23 # 13
Timestep 4:
	0 # 47
	1 # 21
	2 # 60
	3 # 35
	4 # 31
	5 # 58
	6 # 18
	7 # 34
	8 # 20
	9 # 28
	10 # 8
	11 # 30
	12 # 17
	13 # 1
	14 # 11
	15 # 41
	16 # 55
	17 # 36
	18 # 26
	19 # 15
	20 # 51
	21 # 40
	22 # 23
	23 # 13
Timestep 5:
	0 # 46
	1 # 20
	2 # 44
	3 # 43
	4 # 15
	5 # 26
	6 # 16
	7 # 32
	8 # 52
	9 # 24
	10 # 0
	11 # 22
	12 # 25
	13 # 1
	14 # 10
	15 # 57
	16 # 63
	17 # 38
	18 # 18
	19 # 11
	20 # 59
	21 # 42
	22 # 31
	23 # 29

