Solution makespan:5
Timestep 0:
	0 # 7
	1 # 31
	2 # 54
	3 # 61
	4 # 36
	5 # 11
	6 # 41
	7 # 56
	8 # 63
	9 # 5
	10 # 2
	11 # 32
	12 # 51
	13 # 22
	14 # 12
	15 # 42
	16 # 52
	17 # 23
	18 # 45
	19 # 27
Timestep 1:
	0 # 7
	1 # 30
	2 # 54
	3 # 63
	4 # 36
	5 # 9
	6 # 40
	7 # 24
	8 # 47
	9 # 13
	10 # 3
	11 # 48
	12 # 49
	13 # 18
	14 # 4
	15 # 58
	16 # 52
	17 # 55
	18 # 37
	19 # 19
Timestep 2:
	0 # 15
	1 # 31
	2 # 38
	3 # 55
	4 # 32
	5 # 8
	6 # 56
	7 # 16
	8 # 46
	9 # 45
	10 # 1
	11 # 52
	12 # 33
	13 # 26
	14 # 4
	15 # 62
	16 # 60
	17 # 53
	18 # 37
	19 # 51
Timestep 3:
	0 # 11
	1 # 30
	2 # 39
	3 # 55
	4 # 48
	5 # 12
	6 # 24
	7 # 0
	8 # 42
	9 # 44
	10 # 17
	11 # 20
	12 # 33
	13 # 18
	14 # 6
	15 # 63
	16 # 56
	17 # 61
	18 # 5
	19 # 50
Timestep 4:
	0 # 27
	1 # 62
	2 # 35
	3 # 53
	4 # 56
	5 # 12
	6 # 26
	7 # 8
	8 # 34
	9 # 46
	10 # 17
	11 # 22
	12 # 32
	13 # 50
	14 # 7
	15 # 63
	16 # 57
	17 # 61
	18 # 4
	19 # 54
Timestep 5:
	0 # 26
	1 # 58
	2 # 33
	3 # 53
	4 # 60
	5 # 13
	6 # 30
	7 # 8
	8 # 34
	9 # 46
	10 # 25
	11 # 22
	12 # 32
	13 # 51
	14 # 23
	15 # 61
	16 # 57
	17 # 45
	18 # 4
	19 # 54

