Solution makespan:5
Timestep 0:
	0 # 20
	1 # 24
	2 # 6
	3 # 33
	4 # 25
	5 # 37
	6 # 12
	7 # 9
	8 # 46
	9 # 54
	10 # 42
	11 # 32
	12 # 41
	13 # 62
	14 # 50
	15 # 47
	16 # 3
	17 # 10
	18 # 34
	19 # 14
Timestep 1:
	0 # 22
	1 # 16
	2 # 6
	3 # 49
	4 # 29
	5 # 36
	6 # 28
	7 # 8
	8 # 44
	9 # 38
	10 # 43
	11 # 40
	12 # 9
	13 # 58
	14 # 34
	15 # 45
	16 # 7
	17 # 42
	18 # 2
	19 # 30
Timestep 2:
	0 # 18
	1 # 20
	2 # 6
	3 # 49
	4 # 13
	5 # 44
	6 # 28
	7 # 9
	8 # 60
	9 # 46
	10 # 59
	11 # 41
	12 # 1
	13 # 26
	14 # 34
	15 # 37
	16 # 15
	17 # 10
	18 # 3
	19 # 14
Timestep 3:
	0 # 19
	1 # 21
	2 # 22
	3 # 48
	4 # 5
	5 # 12
	6 # 24
	7 # 25
	8 # 61
	9 # 44
	10 # 63
	11 # 33
	12 # 1
	13 # 10
	14 # 42
	15 # 39
	16 # 47
	17 # 2
	18 # 35
	19 # 14
Timestep 4:
	0 # 3
	1 # 53
	2 # 54
	3 # 50
	4 # 4
	5 # 12
	6 # 26
	7 # 29
	8 # 57
	9 # 40
	10 # 62
	11 # 49
	12 # 5
	13 # 2
	14 # 43
	15 # 38
	16 # 39
	17 # 6
	18 # 33
	19 # 10
Timestep 5:
	0 # 2
	1 # 37
	2 # 50
	3 # 58
	4 # 0
	5 # 13
	6 # 26
	7 # 31
	8 # 57
	9 # 40
	10 # 62
	11 # 17
	12 # 21
	13 # 18
	14 # 35
	15 # 34
	16 # 39
	17 # 22
	18 # 32
	19 # 42

