Solution makespan:5
Timestep 0:
	0 # 14
	1 # 30
	2 # 25
	3 # 9
	4 # 0
	5 # 47
	6 # 10
	7 # 24
	8 # 37
	9 # 48
	10 # 3
	11 # 41
Timestep 1:
	0 # 15
	1 # 31
	2 # 9
	3 # 1
	4 # 8
	5 # 47
	6 # 10
	7 # 26
	8 # 53
	9 # 56
	10 # 35
	11 # 33
Timestep 2:
	0 # 13
	1 # 27
	2 # 9
	3 # 5
	4 # 24
	5 # 43
	6 # 11
	7 # 30
	8 # 21
	9 # 57
	10 # 33
	11 # 32
Timestep 3:
	0 # 29
	1 # 26
	2 # 41
	3 # 4
	4 # 24
	5 # 35
	6 # 27
	7 # 22
	8 # 23
	9 # 25
	10 # 32
	11 # 34
Timestep 4:
	0 # 29
	1 # 26
	2 # 33
	3 # 36
	4 # 28
	5 # 39
	6 # 31
	7 # 23
	8 # 21
	9 # 27
	10 # 48
	11 # 42
Timestep 5:
	0 # 61
	1 # 27
	2 # 41
	3 # 44
	4 # 60
	5 # 38
	6 # 31
	7 # 55
	8 # 20
	9 # 11
	10 # 16
	11 # 10

