Solution makespan:5
Timestep 0:
	0 # 55
	1 # 31
	2 # 3
	3 # 61
	4 # 0
	5 # 5
	6 # 2
	7 # 22
	8 # 19
	9 # 4
	10 # 41
	11 # 57
	12 # 45
	13 # 47
	14 # 38
	15 # 28
	16 # 50
	17 # 54
	18 # 15
	19 # 42
	20 # 48
	21 # 8
	22 # 32
	23 # 27
Timestep 1:
	0 # 55
	1 # 29
	2 # 11
	3 # 45
	4 # 4
	5 # 37
	6 # 18
	7 # 30
	8 # 17
	9 # 20
	10 # 9
	11 # 25
	12 # 44
	13 # 15
	14 # 39
	15 # 60
	16 # 51
	17 # 52
	18 # 14
	19 # 34
	20 # 56
	21 # 8
	22 # 48
	23 # 31
Timestep 2:
	0 # 51
	1 # 25
	2 # 43
	3 # 41
	4 # 36
	5 # 53
	6 # 22
	7 # 26
	8 # 17
	9 # 4
	10 # 11
	11 # 27
	12 # 46
	13 # 14
	14 # 55
	15 # 56
	16 # 49
	17 # 60
	18 # 10
	19 # 34
	20 # 40
	21 # 12
	22 # 50
	23 # 15
Timestep 3:
	0 # 19
	1 # 57
	2 # 59
	3 # 40
	4 # 32
	5 # 21
	6 # 23
	7 # 58
	8 # 16
	9 # 4
	10 # 11
	11 # 27
	12 # 62
	13 # 12
	14 # 51
	15 # 24
	16 # 33
	17 # 61
	18 # 10
	19 # 35
	20 # 8
	21 # 28
	22 # 50
	23 # 15
Timestep 4:
	0 # 51
	1 # 41
	2 # 27
	3 # 42
	4 # 32
	5 # 21
	6 # 31
	7 # 26
	8 # 18
	9 # 20
	10 # 3
	11 # 25
	12 # 58
	13 # 8
	14 # 49
	15 # 56
	16 # 35
	17 # 45
	18 # 11
	19 # 39
	20 # 9
	21 # 29
	22 # 54
	23 # 14
Timestep 5:
	0 # 59
	1 # 40
	2 # 27
	3 # 42
	4 # 36
	5 # 17
	6 # 15
	7 # 18
	8 # 50
	9 # 52
	10 # 7
	11 # 57
	12 # 26
	13 # 24
	14 # 48
	15 # 58
	16 # 43
	17 # 13
	18 # 11
	19 # 47
	20 # 1
	21 # 31
	22 # 62
	23 # 46

