Solution makespan:4
Timestep 0:
	0 # 36
	1 # 25
	2 # 60
	3 # 58
	4 # 8
	5 # 61
	6 # 2
	7 # 43
	8 # 11
	9 # 41
	10 # 5
	11 # 37
	12 # 42
	13 # 54
	14 # 49
	15 # 52
	16 # 1
	17 # 62
	18 # 63
	19 # 57
	20 # 45
	21 # 46
	22 # 0
	23 # 10
	24 # 26
	25 # 34
	26 # 50
	27 # 59
Timestep 1:
	0 # 32
	1 # 17
	2 # 56
	3 # 50
	4 # 24
	5 # 60
	6 # 10
	7 # 11
	8 # 27
	9 # 40
	10 # 5
	11 # 33
	12 # 46
	13 # 55
	14 # 49
	15 # 54
	16 # 9
	17 # 30
	18 # 31
	19 # 25
	20 # 61
	21 # 38
	22 # 16
	23 # 14
	24 # 58
	25 # 34
	26 # 51
	27 # 43
Timestep 2:
	0 # 36
	1 # 1
	2 # 24
	3 # 18
	4 # 16
	5 # 44
	6 # 42
	7 # 10
	8 # 59
	9 # 8
	10 # 21
	11 # 41
	12 # 47
	13 # 63
	14 # 33
	15 # 52
	16 # 13
	17 # 22
	18 # 15
	19 # 27
	20 # 53
	21 # 38
	22 # 20
	23 # 12
	24 # 56
	25 # 2
	26 # 49
	27 # 11
Timestep 3:
	0 # 32
	1 # 5
	2 # 25
	3 # 19
	4 # 16
	5 # 40
	6 # 43
	7 # 10
	8 # 58
	9 # 24
	10 # 53
	11 # 41
	12 # 15
	13 # 55
	14 # 1
	15 # 20
	16 # 45
	17 # 22
	18 # 14
	19 # 31
	20 # 49
	21 # 6
	22 # 28
	23 # 44
	24 # 48
	25 # 0
	26 # 57
	27 # 9
Timestep 4:
	0 # 40
	1 # 5
	2 # 25
	3 # 3
	4 # 17
	5 # 42
	6 # 35
	7 # 26
	8 # 58
	9 # 24
	10 # 37
	11 # 43
	12 # 11
	13 # 54
	14 # 33
	15 # 28
	16 # 47
	17 # 6
	18 # 12
	19 # 15
	20 # 51
	21 # 4
	22 # 30
	23 # 45
	24 # 49
	25 # 16
	26 # 57
	27 # 8

