Solution makespan:5
Timestep 0:
	0 # 2
	1 # 31
	2 # 8
	3 # 29
	4 # 3
	5 # 27
	6 # 53
	7 # 6
	8 # 25
	9 # 5
	10 # 38
	11 # 42
Timestep 1:
	0 # 2
	1 # 15
	2 # 40
	3 # 61
	4 # 7
	5 # 26
	6 # 37
	7 # 4
	8 # 9
	9 # 5
	10 # 36
	11 # 58
Timestep 2:
	0 # 10
	1 # 7
	2 # 40
	3 # 53
	4 # 3
	5 # 18
	6 # 33
	7 # 5
	8 # 25
	9 # 21
	10 # 38
	11 # 58
Timestep 3:
	0 # 8
	1 # 6
	2 # 41
	3 # 37
	4 # 35
	5 # 2
	6 # 32
	7 # 13
	8 # 29
	9 # 17
	10 # 54
	11 # 26
Timestep 4:
	0 # 9
	1 # 4
	2 # 45
	3 # 37
	4 # 51
	5 # 0
	6 # 40
	7 # 12
	8 # 61
	9 # 49
	10 # 50
	11 # 18
Timestep 5:
	0 # 9
	1 # 0
	2 # 44
	3 # 45
	4 # 50
	5 # 32
	6 # 42
	7 # 4
	8 # 53
	9 # 57
	10 # 48
	11 # 19

