Solution makespan:5
Timestep 0:
	0 # 62
	1 # 8
	2 # 30
	3 # 29
	4 # 45
	5 # 46
	6 # 44
	7 # 56
	8 # 13
	9 # 24
	10 # 28
	11 # 48
	12 # 26
	13 # 57
	14 # 58
	15 # 20
Timestep 1:
	0 # 60
	1 # 8
	2 # 28
	3 # 29
	4 # 45
	5 # 14
	6 # 36
	7 # 40
	8 # 15
	9 # 25
	10 # 12
	11 # 32
	12 # 27
	13 # 56
	14 # 58
	15 # 22
Timestep 2:
	0 # 56
	1 # 0
	2 # 24
	3 # 13
	4 # 37
	5 # 46
	6 # 4
	7 # 42
	8 # 47
	9 # 27
	10 # 44
	11 # 34
	12 # 31
	13 # 48
	14 # 26
	15 # 18
Timestep 3:
	0 # 40
	1 # 32
	2 # 24
	3 # 9
	4 # 33
	5 # 44
	6 # 20
	7 # 42
	8 # 43
	9 # 26
	10 # 45
	11 # 34
	12 # 23
	13 # 52
	14 # 30
	15 # 19
Timestep 4:
	0 # 42
	1 # 36
	2 # 24
	3 # 41
	4 # 49
	5 # 44
	6 # 21
	7 # 46
	8 # 47
	9 # 18
	10 # 45
	11 # 32
	12 # 22
	13 # 20
	14 # 31
	15 # 51
Timestep 5:
	0 # 58
	1 # 36
	2 # 25
	3 # 41
	4 # 17
	5 # 12
	6 # 21
	7 # 14
	8 # 39
	9 # 22
	10 # 47
	11 # 0
	12 # 6
	13 # 28
	14 # 63
	15 # 59

