Solution makespan:5
Timestep 0:
	0 # 40
	1 # 1
	2 # 26
	3 # 10
	4 # 62
	5 # 59
	6 # 53
	7 # 60
	8 # 27
	9 # 49
	10 # 9
	11 # 2
	12 # 38
	13 # 6
	14 # 54
	15 # 28
Timestep 1:
	0 # 32
	1 # 3
	2 # 58
	3 # 14
	4 # 63
	5 # 59
	6 # 21
	7 # 56
	8 # 27
	9 # 17
	10 # 25
	11 # 6
	12 # 46
	13 # 4
	14 # 22
	15 # 24
Timestep 2:
	0 # 0
	1 # 35
	2 # 62
	3 # 12
	4 # 31
	5 # 63
	6 # 29
	7 # 48
	8 # 11
	9 # 1
	10 # 27
	11 # 7
	12 # 38
	13 # 36
	14 # 6
	15 # 16
Timestep 3:
	0 # 2
	1 # 43
	2 # 62
	3 # 12
	4 # 29
	5 # 55
	6 # 61
	7 # 32
	8 # 9
	9 # 5
	10 # 59
	11 # 3
	12 # 34
	13 # 36
	14 # 4
	15 # 0
Timestep 4:
	0 # 18
	1 # 41
	2 # 46
	3 # 8
	4 # 29
	5 # 23
	6 # 45
	7 # 34
	8 # 13
	9 # 37
	10 # 27
	11 # 7
	12 # 35
	13 # 38
	14 # 6
	15 # 1
Timestep 5:
	0 # 50
	1 # 57
	2 # 62
	3 # 0
	4 # 25
	5 # 21
	6 # 37
	7 # 2
	8 # 29
	9 # 33
	10 # 59
	11 # 5
	12 # 43
	13 # 39
	14 # 14
	15 # 17

