Solution makespan:5
Timestep 0:
	0 # 26
	1 # 46
	2 # 22
	3 # 48
	4 # 63
	5 # 23
	6 # 17
	7 # 39
	8 # 5
	9 # 16
	10 # 2
	11 # 0
	12 # 41
	13 # 36
	14 # 28
	15 # 53
	16 # 10
	17 # 57
	18 # 31
	19 # 54
	20 # 7
	21 # 37
	22 # 12
	23 # 35
Timestep 1:
	0 # 27
	1 # 47
	2 # 6
	3 # 52
	4 # 55
	5 # 21
	6 # 19
	7 # 39
	8 # 4
	9 # 16
	10 # 0
	11 # 1
	12 # 45
	13 # 44
	14 # 30
	15 # 49
	16 # 8
	17 # 57
	18 # 29
	19 # 62
	20 # 23
	21 # 37
	22 # 14
	23 # 43
Timestep 2:
	0 # 31
	1 # 15
	2 # 14
	3 # 60
	4 # 39
	5 # 23
	6 # 27
	7 # 37
	8 # 4
	9 # 16
	10 # 8
	11 # 3
	12 # 47
	13 # 40
	14 # 26
	15 # 33
	16 # 24
	17 # 57
	18 # 61
	19 # 63
	20 # 22
	21 # 53
	22 # 10
	23 # 42
Timestep 3:
	0 # 23
	1 # 47
	2 # 14
	3 # 61
	4 # 55
	5 # 21
	6 # 26
	7 # 36
	8 # 6
	9 # 17
	10 # 9
	11 # 3
	12 # 45
	13 # 8
	14 # 30
	15 # 1
	16 # 25
	17 # 41
	18 # 53
	19 # 31
	20 # 54
	21 # 52
	22 # 11
	23 # 46
Timestep 4:
	0 # 19
	1 # 15
	2 # 12
	3 # 63
	4 # 55
	5 # 20
	6 # 24
	7 # 37
	8 # 38
	9 # 1
	10 # 25
	11 # 11
	12 # 61
	13 # 8
	14 # 22
	15 # 0
	16 # 57
	17 # 40
	18 # 53
	19 # 30
	20 # 62
	21 # 52
	22 # 43
	23 # 44
Timestep 5:
	0 # 27
	1 # 15
	2 # 4
	3 # 55
	4 # 53
	5 # 21
	6 # 16
	7 # 5
	8 # 54
	9 # 17
	10 # 29
	11 # 9
	12 # 60
	13 # 10
	14 # 22
	15 # 2
	16 # 49
	17 # 8
	18 # 37
	19 # 28
	20 # 62
	21 # 20
	22 # 11
	23 # 12

