Solution makespan:5
Timestep 0:
	0 # 35
	1 # 36
	2 # 61
	3 # 42
	4 # 46
	5 # 48
	6 # 34
	7 # 51
	8 # 27
	9 # 29
	10 # 45
	11 # 9
	12 # 58
	13 # 43
	14 # 0
	15 # 26
	16 # 56
	17 # 54
	18 # 40
	19 # 23
	20 # 32
	21 # 10
	22 # 39
	23 # 44
Timestep 1:
	0 # 39
	1 # 38
	2 # 45
	3 # 58
	4 # 47
	5 # 49
	6 # 50
	7 # 55
	8 # 19
	9 # 28
	10 # 13
	11 # 1
	12 # 62
	13 # 59
	14 # 8
	15 # 27
	16 # 60
	17 # 52
	18 # 56
	19 # 7
	20 # 0
	21 # 14
	22 # 37
	23 # 44
Timestep 2:
	0 # 37
	1 # 34
	2 # 41
	3 # 26
	4 # 47
	5 # 51
	6 # 18
	7 # 39
	8 # 3
	9 # 30
	10 # 15
	11 # 0
	12 # 63
	13 # 57
	14 # 24
	15 # 27
	16 # 61
	17 # 20
	18 # 60
	19 # 5
	20 # 4
	21 # 10
	22 # 33
	23 # 12
Timestep 3:
	0 # 33
	1 # 32
	2 # 41
	3 # 18
	4 # 45
	5 # 35
	6 # 19
	7 # 47
	8 # 7
	9 # 26
	10 # 14
	11 # 16
	12 # 31
	13 # 61
	14 # 24
	15 # 11
	16 # 29
	17 # 20
	18 # 28
	19 # 13
	20 # 36
	21 # 42
	22 # 1
	23 # 8
Timestep 4:
	0 # 49
	1 # 48
	2 # 41
	3 # 22
	4 # 44
	5 # 39
	6 # 17
	7 # 47
	8 # 15
	9 # 18
	10 # 46
	11 # 20
	12 # 23
	13 # 45
	14 # 25
	15 # 43
	16 # 13
	17 # 21
	18 # 24
	19 # 12
	20 # 37
	21 # 42
	22 # 1
	23 # 0
Timestep 5:
	0 # 51
	1 # 50
	2 # 41
	3 # 22
	4 # 36
	5 # 55
	6 # 21
	7 # 63
	8 # 15
	9 # 19
	10 # 42
	11 # 4
	12 # 23
	13 # 61
	14 # 27
	15 # 35
	16 # 29
	17 # 20
	18 # 26
	19 # 8
	20 # 5
	21 # 40
	22 # 1
	23 # 2

