Solution makespan:4
Timestep 0:
	0 # 35
	1 # 57
	2 # 17
	3 # 53
	4 # 32
	5 # 31
	6 # 1
	7 # 52
	8 # 59
	9 # 42
	10 # 6
	11 # 11
Timestep 1:
	0 # 51
	1 # 61
	2 # 17
	3 # 52
	4 # 34
	5 # 27
	6 # 3
	7 # 48
	8 # 63
	9 # 40
	10 # 14
	11 # 43
Timestep 2:
	0 # 19
	1 # 63
	2 # 49
	3 # 52
	4 # 2
	5 # 11
	6 # 7
	7 # 48
	8 # 55
	9 # 8
	10 # 12
	11 # 42
Timestep 3:
	0 # 27
	1 # 59
	2 # 49
	3 # 48
	4 # 6
	5 # 10
	6 # 23
	7 # 56
	8 # 39
	9 # 24
	10 # 13
	11 # 40
Timestep 4:
	0 # 25
	1 # 58
	2 # 49
	3 # 32
	4 # 4
	5 # 10
	6 # 22
	7 # 57
	8 # 7
	9 # 28
	10 # 5
	11 # 56

