Solution makespan:5
Timestep 0:
	0 # 56
	1 # 2
	2 # 15
	3 # 58
	4 # 40
	5 # 45
	6 # 53
	7 # 34
	8 # 4
	9 # 60
	10 # 47
	11 # 55
	12 # 27
	13 # 59
	14 # 20
	15 # 30
	16 # 35
	17 # 18
	18 # 9
	19 # 62
	20 # 24
	21 # 22
	22 # 63
	23 # 29
Timestep 1:
	0 # 57
	1 # 18
	2 # 13
	3 # 58
	4 # 8
	5 # 41
	6 # 52
	7 # 32
	8 # 4
	9 # 44
	10 # 47
	11 # 53
	12 # 19
	13 # 59
	14 # 22
	15 # 30
	16 # 39
	17 # 50
	18 # 11
	19 # 46
	20 # 56
	21 # 54
	22 # 61
	23 # 31
Timestep 2:
	0 # 41
	1 # 16
	2 # 29
	3 # 26
	4 # 8
	5 # 9
	6 # 48
	7 # 0
	8 # 12
	9 # 36
	10 # 45
	11 # 37
	12 # 23
	13 # 51
	14 # 22
	15 # 14
	16 # 55
	17 # 54
	18 # 10
	19 # 38
	20 # 56
	21 # 62
	22 # 60
	23 # 15
Timestep 3:
	0 # 43
	1 # 17
	2 # 61
	3 # 18
	4 # 8
	5 # 25
	6 # 16
	7 # 0
	8 # 13
	9 # 4
	10 # 41
	11 # 5
	12 # 31
	13 # 35
	14 # 30
	15 # 14
	16 # 23
	17 # 54
	18 # 10
	19 # 34
	20 # 60
	21 # 63
	22 # 52
	23 # 47
Timestep 4:
	0 # 35
	1 # 49
	2 # 61
	3 # 19
	4 # 24
	5 # 25
	6 # 16
	7 # 1
	8 # 15
	9 # 6
	10 # 57
	11 # 4
	12 # 30
	13 # 3
	14 # 62
	15 # 10
	16 # 22
	17 # 55
	18 # 2
	19 # 34
	20 # 60
	21 # 47
	22 # 36
	23 # 46
Timestep 5:
	0 # 35
	1 # 49
	2 # 57
	3 # 27
	4 # 16
	5 # 17
	6 # 48
	7 # 33
	8 # 31
	9 # 38
	10 # 59
	11 # 12
	12 # 22
	13 # 7
	14 # 30
	15 # 26
	16 # 54
	17 # 63
	18 # 10
	19 # 34
	20 # 28
	21 # 45
	22 # 36
	23 # 14

