Solution makespan:5
Timestep 0:
	0 # 5
	1 # 28
	2 # 61
	3 # 8
	4 # 23
	5 # 22
	6 # 48
	7 # 3
	8 # 32
	9 # 21
	10 # 15
	11 # 26
	12 # 29
	13 # 50
	14 # 6
	15 # 47
Timestep 1:
	0 # 7
	1 # 30
	2 # 60
	3 # 40
	4 # 55
	5 # 23
	6 # 56
	7 # 1
	8 # 48
	9 # 5
	10 # 47
	11 # 24
	12 # 29
	13 # 51
	14 # 14
	15 # 46
Timestep 2:
	0 # 23
	1 # 22
	2 # 56
	3 # 44
	4 # 54
	5 # 31
	6 # 58
	7 # 17
	8 # 48
	9 # 13
	10 # 43
	11 # 25
	12 # 21
	13 # 35
	14 # 14
	15 # 46
Timestep 3:
	0 # 21
	1 # 18
	2 # 40
	3 # 12
	4 # 22
	5 # 23
	6 # 42
	7 # 16
	8 # 49
	9 # 15
	10 # 59
	11 # 9
	12 # 29
	13 # 43
	14 # 10
	15 # 44
Timestep 4:
	0 # 20
	1 # 19
	2 # 8
	3 # 44
	4 # 18
	5 # 7
	6 # 43
	7 # 48
	8 # 17
	9 # 47
	10 # 51
	11 # 13
	12 # 21
	13 # 41
	14 # 10
	15 # 40
Timestep 5:
	0 # 16
	1 # 3
	2 # 24
	3 # 36
	4 # 26
	5 # 39
	6 # 35
	7 # 50
	8 # 19
	9 # 63
	10 # 51
	11 # 45
	12 # 53
	13 # 43
	14 # 14
	15 # 56

