Solution makespan:4
Timestep 0:
	0 # 16
	1 # 18
	2 # 30
	3 # 38
	4 # 7
	5 # 6
	6 # 53
	7 # 43
	8 # 40
	9 # 33
	10 # 62
	11 # 14
	12 # 61
	13 # 47
	14 # 28
	15 # 27
Timestep 1:
	0 # 48
	1 # 26
	2 # 22
	3 # 39
	4 # 6
	5 # 2
	6 # 37
	7 # 59
	8 # 44
	9 # 35
	10 # 54
	11 # 12
	12 # 63
	13 # 15
	14 # 29
	15 # 25
Timestep 2:
	0 # 56
	1 # 30
	2 # 18
	3 # 39
	4 # 38
	5 # 10
	6 # 33
	7 # 27
	8 # 45
	9 # 35
	10 # 22
	11 # 4
	12 # 31
	13 # 7
	14 # 21
	15 # 9
Timestep 3:
	0 # 24
	1 # 22
	2 # 19
	3 # 38
	4 # 34
	5 # 10
	6 # 41
	7 # 26
	8 # 37
	9 # 35
	10 # 18
	11 # 36
	12 # 30
	13 # 6
	14 # 5
	15 # 9
Timestep 4:
	0 # 24
	1 # 54
	2 # 27
	3 # 36
	4 # 42
	5 # 10
	6 # 43
	7 # 26
	8 # 53
	9 # 34
	10 # 50
	11 # 32
	12 # 14
	13 # 2
	14 # 7
	15 # 8

