Solution makespan:6
Timestep 0:
	0 # 43
	1 # 11
	2 # 38
	3 # 46
	4 # 30
	5 # 35
	6 # 33
	7 # 24
	8 # 56
	9 # 29
	10 # 14
	11 # 16
	12 # 1
	13 # 58
	14 # 3
	15 # 17
Timestep 1:
	0 # 35
	1 # 9
	2 # 39
	3 # 42
	4 # 62
	5 # 34
	6 # 33
	7 # 28
	8 # 24
	9 # 13
	10 # 46
	11 # 48
	12 # 17
	13 # 56
	14 # 11
	15 # 49
Timestep 2:
	0 # 3
	1 # 13
	2 # 55
	3 # 42
	4 # 63
	5 # 2
	6 # 37
	7 # 30
	8 # 25
	9 # 15
	10 # 38
	11 # 32
	12 # 17
	13 # 40
	14 # 43
	15 # 49
Timestep 3:
	0 # 7
	1 # 13
	2 # 23
	3 # 43
	4 # 63
	5 # 3
	6 # 33
	7 # 28
	8 # 29
	9 # 15
	10 # 39
	11 # 34
	12 # 19
	13 # 44
	14 # 59
	15 # 49
Timestep 4:
	0 # 5
	1 # 9
	2 # 23
	3 # 35
	4 # 59
	5 # 3
	6 # 41
	7 # 20
	8 # 21
	9 # 14
	10 # 39
	11 # 50
	12 # 27
	13 # 45
	14 # 51
	15 # 57
Timestep 5:
	0 # 4
	1 # 25
	2 # 7
	3 # 33
	4 # 43
	5 # 19
	6 # 40
	7 # 16
	8 # 20
	9 # 30
	10 # 55
	11 # 51
	12 # 31
	13 # 61
	14 # 49
	15 # 57
Timestep 6:
	0 # 20
	1 # 27
	2 # 7
	3 # 41
	4 # 47
	5 # 18
	6 # 56
	7 # 17
	8 # 16
	9 # 14
	10 # 23
	11 # 19
	12 # 31
	13 # 63
	14 # 49
	15 # 25

