Solution makespan:5
Timestep 0:
	0 # 61
	1 # 45
	2 # 43
	3 # 34
	4 # 15
	5 # 6
	6 # 32
	7 # 8
	8 # 5
	9 # 56
	10 # 16
	11 # 52
	12 # 3
	13 # 38
	14 # 39
	15 # 27
Timestep 1:
	0 # 60
	1 # 45
	2 # 47
	3 # 35
	4 # 11
	5 # 14
	6 # 0
	7 # 12
	8 # 4
	9 # 56
	10 # 24
	11 # 53
	12 # 19
	13 # 46
	14 # 39
	15 # 31
Timestep 2:
	0 # 62
	1 # 13
	2 # 15
	3 # 33
	4 # 27
	5 # 10
	6 # 16
	7 # 44
	8 # 4
	9 # 48
	10 # 25
	11 # 53
	12 # 18
	13 # 42
	14 # 37
	15 # 23
Timestep 3:
	0 # 46
	1 # 9
	2 # 11
	3 # 49
	4 # 19
	5 # 14
	6 # 20
	7 # 45
	8 # 6
	9 # 48
	10 # 29
	11 # 21
	12 # 22
	13 # 10
	14 # 5
	15 # 7
Timestep 4:
	0 # 44
	1 # 8
	2 # 3
	3 # 57
	4 # 19
	5 # 14
	6 # 4
	7 # 45
	8 # 2
	9 # 56
	10 # 13
	11 # 17
	12 # 20
	13 # 11
	14 # 21
	15 # 15
Timestep 5:
	0 # 36
	1 # 8
	2 # 3
	3 # 25
	4 # 51
	5 # 10
	6 # 4
	7 # 61
	8 # 34
	9 # 60
	10 # 29
	11 # 16
	12 # 20
	13 # 9
	14 # 53
	15 # 47

