Solution makespan:6
Timestep 0:
	0 # 47
	1 # 19
	2 # 20
	3 # 31
	4 # 44
	5 # 27
	6 # 41
	7 # 51
	8 # 8
	9 # 30
	10 # 7
	11 # 21
Timestep 1:
	0 # 39
	1 # 18
	2 # 28
	3 # 63
	4 # 60
	5 # 27
	6 # 40
	7 # 59
	8 # 24
	9 # 14
	10 # 3
	11 # 53
Timestep 2:
	0 # 7
	1 # 50
	2 # 28
	3 # 63
	4 # 52
	5 # 19
	6 # 44
	7 # 57
	8 # 26
	9 # 12
	10 # 2
	11 # 55
Timestep 3:
	0 # 15
	1 # 58
	2 # 24
	3 # 55
	4 # 60
	5 # 3
	6 # 46
	7 # 41
	8 # 30
	9 # 12
	10 # 18
	11 # 39
Timestep 4:
	0 # 7
	1 # 42
	2 # 24
	3 # 55
	4 # 60
	5 # 11
	6 # 62
	7 # 40
	8 # 31
	9 # 4
	10 # 50
	11 # 39
Timestep 5:
	0 # 5
	1 # 42
	2 # 28
	3 # 39
	4 # 61
	5 # 43
	6 # 62
	7 # 8
	8 # 31
	9 # 6
	10 # 48
	11 # 47
Timestep 6:
	0 # 4
	1 # 40
	2 # 60
	3 # 38
	4 # 53
	5 # 41
	6 # 58
	7 # 12
	8 # 15
	9 # 7
	10 # 32
	11 # 63

