Solution makespan:6
Timestep 0:
	0 # 47
	1 # 20
	2 # 23
	3 # 5
	4 # 30
	5 # 54
	6 # 49
	7 # 44
	8 # 51
	9 # 16
	10 # 33
	11 # 24
	12 # 41
	13 # 48
	14 # 52
	15 # 25
Timestep 1:
	0 # 46
	1 # 20
	2 # 22
	3 # 37
	4 # 31
	5 # 55
	6 # 51
	7 # 12
	8 # 59
	9 # 48
	10 # 1
	11 # 26
	12 # 57
	13 # 32
	14 # 36
	15 # 29
Timestep 2:
	0 # 14
	1 # 28
	2 # 23
	3 # 37
	4 # 29
	5 # 53
	6 # 51
	7 # 44
	8 # 27
	9 # 50
	10 # 5
	11 # 30
	12 # 41
	13 # 36
	14 # 52
	15 # 61
Timestep 3:
	0 # 30
	1 # 60
	2 # 7
	3 # 39
	4 # 31
	5 # 61
	6 # 19
	7 # 46
	8 # 27
	9 # 18
	10 # 37
	11 # 62
	12 # 43
	13 # 52
	14 # 48
	15 # 63
Timestep 4:
	0 # 26
	1 # 62
	2 # 15
	3 # 55
	4 # 31
	5 # 57
	6 # 18
	7 # 42
	8 # 19
	9 # 16
	10 # 37
	11 # 30
	12 # 47
	13 # 20
	14 # 50
	15 # 59
Timestep 5:
	0 # 24
	1 # 46
	2 # 15
	3 # 54
	4 # 29
	5 # 49
	6 # 22
	7 # 40
	8 # 18
	9 # 17
	10 # 39
	11 # 26
	12 # 47
	13 # 4
	14 # 34
	15 # 58
Timestep 6:
	0 # 16
	1 # 46
	2 # 13
	3 # 54
	4 # 28
	5 # 57
	6 # 6
	7 # 56
	8 # 50
	9 # 17
	10 # 38
	11 # 58
	12 # 43
	13 # 4
	14 # 34
	15 # 42

