Solution makespan:6
Timestep 0:
	0 # 21
	1 # 19
	2 # 62
	3 # 0
	4 # 18
	5 # 47
	6 # 33
	7 # 23
	8 # 40
	9 # 48
	10 # 7
	11 # 28
	12 # 45
	13 # 32
	14 # 51
	15 # 25
	16 # 22
	17 # 4
	18 # 9
	19 # 29
	20 # 37
	21 # 54
	22 # 34
	23 # 10
	24 # 24
	25 # 39
	26 # 59
	27 # 14
Timestep 1:
	0 # 20
	1 # 51
	2 # 54
	3 # 16
	4 # 2
	5 # 46
	6 # 33
	7 # 55
	8 # 56
	9 # 49
	10 # 7
	11 # 29
	12 # 47
	13 # 34
	14 # 35
	15 # 24
	16 # 18
	17 # 4
	18 # 1
	19 # 13
	20 # 36
	21 # 22
	22 # 42
	23 # 14
	24 # 26
	25 # 37
	26 # 63
	27 # 6
Timestep 2:
	0 # 21
	1 # 35
	2 # 55
	3 # 48
	4 # 10
	5 # 42
	6 # 1
	7 # 51
	8 # 24
	9 # 57
	10 # 6
	11 # 61
	12 # 46
	13 # 2
	14 # 43
	15 # 16
	16 # 19
	17 # 0
	18 # 3
	19 # 5
	20 # 52
	21 # 23
	22 # 40
	23 # 15
	24 # 18
	25 # 37
	26 # 62
	27 # 38
Timestep 3:
	0 # 29
	1 # 33
	2 # 39
	3 # 49
	4 # 42
	5 # 58
	6 # 1
	7 # 51
	8 # 24
	9 # 25
	10 # 4
	11 # 63
	12 # 38
	13 # 2
	14 # 43
	15 # 20
	16 # 27
	17 # 32
	18 # 7
	19 # 13
	20 # 48
	21 # 21
	22 # 40
	23 # 31
	24 # 50
	25 # 45
	26 # 62
	27 # 54
Timestep 4:
	0 # 31
	1 # 35
	2 # 55
	3 # 48
	4 # 46
	5 # 42
	6 # 3
	7 # 59
	8 # 28
	9 # 25
	10 # 20
	11 # 63
	12 # 38
	13 # 34
	14 # 47
	15 # 52
	16 # 26
	17 # 36
	18 # 23
	19 # 12
	20 # 16
	21 # 17
	22 # 56
	23 # 27
	24 # 51
	25 # 41
	26 # 60
	27 # 54
Timestep 5:
	0 # 23
	1 # 3
	2 # 55
	3 # 56
	4 # 46
	5 # 58
	6 # 7
	7 # 57
	8 # 20
	9 # 29
	10 # 21
	11 # 47
	12 # 6
	13 # 50
	14 # 45
	15 # 53
	16 # 27
	17 # 4
	18 # 22
	19 # 8
	20 # 18
	21 # 19
	22 # 24
	23 # 25
	24 # 51
	25 # 43
	26 # 44
	27 # 52
Timestep 6:
	0 # 22
	1 # 1
	2 # 55
	3 # 56
	4 # 47
	5 # 26
	6 # 7
	7 # 41
	8 # 28
	9 # 25
	10 # 29
	11 # 45
	12 # 38
	13 # 58
	14 # 13
	15 # 49
	16 # 11
	17 # 12
	18 # 54
	19 # 0
	20 # 16
	21 # 27
	22 # 8
	23 # 9
	24 # 35
	25 # 42
	26 # 44
	27 # 52

