Solution makespan:5
Timestep 0:
	0 # 25
	1 # 37
	2 # 12
	3 # 9
	4 # 46
	5 # 54
	6 # 42
	7 # 32
	8 # 41
	9 # 62
	10 # 50
	11 # 47
	12 # 3
	13 # 10
	14 # 34
	15 # 14
Timestep 1:
	0 # 29
	1 # 53
	2 # 13
	3 # 9
	4 # 44
	5 # 38
	6 # 42
	7 # 48
	8 # 33
	9 # 58
	10 # 18
	11 # 47
	12 # 1
	13 # 14
	14 # 50
	15 # 12
Timestep 2:
	0 # 61
	1 # 49
	2 # 15
	3 # 25
	4 # 60
	5 # 38
	6 # 43
	7 # 52
	8 # 35
	9 # 42
	10 # 16
	11 # 47
	12 # 17
	13 # 46
	14 # 34
	15 # 4
Timestep 3:
	0 # 53
	1 # 48
	2 # 31
	3 # 57
	4 # 56
	5 # 6
	6 # 41
	7 # 36
	8 # 35
	9 # 42
	10 # 16
	11 # 15
	12 # 21
	13 # 62
	14 # 34
	15 # 5
Timestep 4:
	0 # 37
	1 # 48
	2 # 23
	3 # 56
	4 # 58
	5 # 6
	6 # 41
	7 # 38
	8 # 43
	9 # 34
	10 # 0
	11 # 31
	12 # 53
	13 # 60
	14 # 2
	15 # 1
Timestep 5:
	0 # 37
	1 # 32
	2 # 22
	3 # 56
	4 # 59
	5 # 38
	6 # 9
	7 # 34
	8 # 41
	9 # 50
	10 # 1
	11 # 30
	12 # 49
	13 # 60
	14 # 10
	15 # 17

