Solution makespan:6
Timestep 0:
	0 # 18
	1 # 16
	2 # 63
	3 # 5
	4 # 50
	5 # 7
	6 # 31
	7 # 19
	8 # 6
	9 # 49
	10 # 33
	11 # 12
	12 # 13
	13 # 14
	14 # 21
	15 # 60
	16 # 8
	17 # 25
	18 # 54
	19 # 58
	20 # 32
	21 # 40
	22 # 62
	23 # 35
	24 # 1
	25 # 43
	26 # 0
	27 # 17
	28 # 52
	29 # 41
	30 # 53
	31 # 10
Timestep 1:
	0 # 26
	1 # 24
	2 # 63
	3 # 13
	4 # 54
	5 # 6
	6 # 29
	7 # 51
	8 # 38
	9 # 57
	10 # 37
	11 # 14
	12 # 15
	13 # 30
	14 # 23
	15 # 61
	16 # 8
	17 # 9
	18 # 22
	19 # 62
	20 # 36
	21 # 42
	22 # 46
	23 # 35
	24 # 0
	25 # 41
	26 # 4
	27 # 16
	28 # 60
	29 # 40
	30 # 49
	31 # 2
Timestep 2:
	0 # 10
	1 # 56
	2 # 47
	3 # 29
	4 # 50
	5 # 4
	6 # 21
	7 # 59
	8 # 54
	9 # 25
	10 # 37
	11 # 14
	12 # 31
	13 # 26
	14 # 22
	15 # 53
	16 # 9
	17 # 1
	18 # 18
	19 # 46
	20 # 52
	21 # 43
	22 # 44
	23 # 33
	24 # 0
	25 # 41
	26 # 12
	27 # 20
	28 # 62
	29 # 40
	30 # 57
	31 # 3
Timestep 3:
	0 # 10
	1 # 57
	2 # 46
	3 # 31
	4 # 34
	5 # 4
	6 # 53
	7 # 59
	8 # 50
	9 # 24
	10 # 33
	11 # 15
	12 # 23
	13 # 58
	14 # 6
	15 # 49
	16 # 25
	17 # 5
	18 # 2
	19 # 44
	20 # 54
	21 # 11
	22 # 60
	23 # 35
	24 # 16
	25 # 45
	26 # 12
	27 # 20
	28 # 30
	29 # 8
	30 # 41
	31 # 19
Timestep 4:
	0 # 14
	1 # 41
	2 # 62
	3 # 23
	4 # 42
	5 # 4
	6 # 37
	7 # 57
	8 # 18
	9 # 26
	10 # 1
	11 # 47
	12 # 21
	13 # 56
	14 # 38
	15 # 17
	16 # 29
	17 # 7
	18 # 6
	19 # 12
	20 # 50
	21 # 15
	22 # 61
	23 # 51
	24 # 24
	25 # 44
	26 # 28
	27 # 20
	28 # 31
	29 # 0
	30 # 40
	31 # 27
Timestep 5:
	0 # 30
	1 # 9
	2 # 54
	3 # 23
	4 # 10
	5 # 0
	6 # 39
	7 # 41
	8 # 18
	9 # 27
	10 # 1
	11 # 63
	12 # 53
	13 # 56
	14 # 46
	15 # 19
	16 # 21
	17 # 6
	18 # 22
	19 # 13
	20 # 58
	21 # 7
	22 # 45
	23 # 35
	24 # 24
	25 # 12
	26 # 60
	27 # 20
	28 # 31
	29 # 16
	30 # 44
	31 # 25
Timestep 6:
	0 # 28
	1 # 8
	2 # 54
	3 # 21
	4 # 11
	5 # 1
	6 # 37
	7 # 9
	8 # 18
	9 # 59
	10 # 3
	11 # 63
	12 # 61
	13 # 58
	14 # 42
	15 # 51
	16 # 17
	17 # 14
	18 # 22
	19 # 29
	20 # 26
	21 # 39
	22 # 47
	23 # 34
	24 # 25
	25 # 13
	26 # 62
	27 # 4
	28 # 15
	29 # 20
	30 # 36
	31 # 57

