Solution makespan:6
Timestep 0:
	0 # 58
	1 # 43
	2 # 0
	3 # 26
	4 # 56
	5 # 54
	6 # 40
	7 # 23
	8 # 32
	9 # 10
	10 # 39
	11 # 44
Timestep 1:
	0 # 58
	1 # 59
	2 # 4
	3 # 24
	4 # 60
	5 # 62
	6 # 8
	7 # 7
	8 # 33
	9 # 42
	10 # 37
	11 # 36
Timestep 2:
	0 # 56
	1 # 59
	2 # 6
	3 # 25
	4 # 44
	5 # 60
	6 # 9
	7 # 39
	8 # 35
	9 # 42
	10 # 53
	11 # 37
Timestep 3:
	0 # 48
	1 # 27
	2 # 14
	3 # 57
	4 # 45
	5 # 28
	6 # 11
	7 # 47
	8 # 35
	9 # 46
	10 # 21
	11 # 37
Timestep 4:
	0 # 32
	1 # 26
	2 # 10
	3 # 59
	4 # 44
	5 # 24
	6 # 43
	7 # 63
	8 # 39
	9 # 62
	10 # 23
	11 # 45
Timestep 5:
	0 # 33
	1 # 24
	2 # 2
	3 # 58
	4 # 40
	5 # 8
	6 # 47
	7 # 59
	8 # 38
	9 # 63
	10 # 7
	11 # 41
Timestep 6:
	0 # 1
	1 # 24
	2 # 34
	3 # 42
	4 # 40
	5 # 9
	6 # 39
	7 # 63
	8 # 46
	9 # 61
	10 # 6
	11 # 57

