Solution makespan:6
Timestep 0:
	0 # 37
	1 # 32
	2 # 1
	3 # 3
	4 # 28
	5 # 38
	6 # 47
	7 # 61
	8 # 29
	9 # 21
	10 # 35
	11 # 44
	12 # 7
	13 # 23
	14 # 58
	15 # 31
Timestep 1:
	0 # 53
	1 # 48
	2 # 3
	3 # 11
	4 # 29
	5 # 34
	6 # 46
	7 # 61
	8 # 13
	9 # 21
	10 # 33
	11 # 44
	12 # 7
	13 # 55
	14 # 56
	15 # 23
Timestep 2:
	0 # 52
	1 # 16
	2 # 11
	3 # 27
	4 # 25
	5 # 50
	6 # 44
	7 # 57
	8 # 9
	9 # 29
	10 # 37
	11 # 45
	12 # 39
	13 # 54
	14 # 40
	15 # 22
Timestep 3:
	0 # 48
	1 # 18
	2 # 15
	3 # 19
	4 # 57
	5 # 50
	6 # 44
	7 # 49
	8 # 9
	9 # 28
	10 # 45
	11 # 13
	12 # 55
	13 # 52
	14 # 56
	15 # 30
Timestep 4:
	0 # 32
	1 # 50
	2 # 14
	3 # 17
	4 # 59
	5 # 51
	6 # 12
	7 # 53
	8 # 9
	9 # 24
	10 # 61
	11 # 15
	12 # 63
	13 # 36
	14 # 48
	15 # 26
Timestep 5:
	0 # 0
	1 # 54
	2 # 30
	3 # 1
	4 # 51
	5 # 50
	6 # 12
	7 # 52
	8 # 11
	9 # 8
	10 # 60
	11 # 7
	12 # 59
	13 # 32
	14 # 56
	15 # 27
Timestep 6:
	0 # 16
	1 # 52
	2 # 62
	3 # 1
	4 # 50
	5 # 48
	6 # 44
	7 # 53
	8 # 43
	9 # 9
	10 # 28
	11 # 3
	12 # 58
	13 # 33
	14 # 60
	15 # 27

