Solution makespan:5
Timestep 0:
	0 # 10
	1 # 29
	2 # 58
	3 # 3
	4 # 61
	5 # 34
	6 # 53
	7 # 50
	8 # 35
	9 # 49
	10 # 22
	11 # 0
	12 # 46
	13 # 57
	14 # 38
	15 # 62
	16 # 47
	17 # 19
	18 # 20
	19 # 31
	20 # 44
	21 # 27
	22 # 41
	23 # 51
	24 # 8
	25 # 30
	26 # 7
	27 # 21
Timestep 1:
	0 # 2
	1 # 25
	2 # 62
	3 # 11
	4 # 45
	5 # 38
	6 # 61
	7 # 48
	8 # 43
	9 # 33
	10 # 6
	11 # 8
	12 # 46
	13 # 59
	14 # 36
	15 # 54
	16 # 15
	17 # 18
	18 # 4
	19 # 63
	20 # 40
	21 # 27
	22 # 57
	23 # 35
	24 # 9
	25 # 31
	26 # 7
	27 # 29
Timestep 2:
	0 # 0
	1 # 27
	2 # 30
	3 # 9
	4 # 13
	5 # 38
	6 # 61
	7 # 16
	8 # 47
	9 # 35
	10 # 2
	11 # 24
	12 # 44
	13 # 57
	14 # 52
	15 # 55
	16 # 7
	17 # 22
	18 # 36
	19 # 62
	20 # 42
	21 # 19
	22 # 49
	23 # 39
	24 # 41
	25 # 23
	26 # 3
	27 # 29
Timestep 3:
	0 # 8
	1 # 31
	2 # 28
	3 # 9
	4 # 5
	5 # 6
	6 # 57
	7 # 17
	8 # 45
	9 # 34
	10 # 3
	11 # 25
	12 # 60
	13 # 49
	14 # 54
	15 # 63
	16 # 15
	17 # 22
	18 # 36
	19 # 62
	20 # 10
	21 # 51
	22 # 48
	23 # 47
	24 # 33
	25 # 21
	26 # 11
	27 # 61
Timestep 4:
	0 # 40
	1 # 15
	2 # 12
	3 # 13
	4 # 1
	5 # 14
	6 # 49
	7 # 17
	8 # 37
	9 # 38
	10 # 7
	11 # 29
	12 # 44
	13 # 33
	14 # 50
	15 # 31
	16 # 11
	17 # 22
	18 # 4
	19 # 30
	20 # 42
	21 # 35
	22 # 16
	23 # 39
	24 # 32
	25 # 23
	26 # 3
	27 # 45
Timestep 5:
	0 # 56
	1 # 11
	2 # 28
	3 # 13
	4 # 9
	5 # 12
	6 # 51
	7 # 1
	8 # 5
	9 # 46
	10 # 7
	11 # 29
	12 # 60
	13 # 37
	14 # 50
	15 # 27
	16 # 10
	17 # 6
	18 # 20
	19 # 62
	20 # 58
	21 # 35
	22 # 17
	23 # 38
	24 # 48
	25 # 21
	26 # 19
	27 # 61

