Solution makespan:5
Timestep 0:
	0 # 4
	1 # 8
	2 # 40
	3 # 28
	4 # 62
	5 # 1
	6 # 13
	7 # 45
	8 # 50
	9 # 14
	10 # 5
	11 # 33
	12 # 57
	13 # 48
	14 # 31
	15 # 41
	16 # 10
	17 # 61
	18 # 38
	19 # 60
Timestep 1:
	0 # 0
	1 # 12
	2 # 32
	3 # 24
	4 # 62
	5 # 3
	6 # 5
	7 # 47
	8 # 54
	9 # 14
	10 # 4
	11 # 37
	12 # 61
	13 # 52
	14 # 63
	15 # 45
	16 # 26
	17 # 53
	18 # 36
	19 # 56
Timestep 2:
	0 # 1
	1 # 13
	2 # 33
	3 # 24
	4 # 30
	5 # 3
	6 # 4
	7 # 46
	8 # 55
	9 # 15
	10 # 0
	11 # 36
	12 # 63
	13 # 48
	14 # 47
	15 # 44
	16 # 27
	17 # 53
	18 # 32
	19 # 58
Timestep 3:
	0 # 9
	1 # 29
	2 # 37
	3 # 25
	4 # 22
	5 # 2
	6 # 36
	7 # 14
	8 # 23
	9 # 11
	10 # 16
	11 # 52
	12 # 63
	13 # 48
	14 # 43
	15 # 46
	16 # 59
	17 # 61
	18 # 0
	19 # 26
Timestep 4:
	0 # 9
	1 # 29
	2 # 5
	3 # 25
	4 # 20
	5 # 2
	6 # 38
	7 # 12
	8 # 7
	9 # 27
	10 # 48
	11 # 60
	12 # 62
	13 # 32
	14 # 41
	15 # 46
	16 # 43
	17 # 63
	18 # 8
	19 # 18
Timestep 5:
	0 # 41
	1 # 61
	2 # 7
	3 # 29
	4 # 20
	5 # 2
	6 # 34
	7 # 13
	8 # 15
	9 # 59
	10 # 50
	11 # 44
	12 # 30
	13 # 0
	14 # 57
	15 # 38
	16 # 11
	17 # 31
	18 # 8
	19 # 18

