Solution makespan:5
Timestep 0:
	0 # 28
	1 # 0
	2 # 36
	3 # 46
	4 # 8
	5 # 13
	6 # 44
	7 # 47
	8 # 19
	9 # 61
	10 # 62
	11 # 43
	12 # 15
	13 # 48
	14 # 24
	15 # 23
Timestep 1:
	0 # 24
	1 # 2
	2 # 4
	3 # 14
	4 # 0
	5 # 12
	6 # 46
	7 # 39
	8 # 17
	9 # 45
	10 # 62
	11 # 47
	12 # 13
	13 # 50
	14 # 25
	15 # 19
Timestep 2:
	0 # 24
	1 # 34
	2 # 6
	3 # 15
	4 # 16
	5 # 12
	6 # 42
	7 # 38
	8 # 1
	9 # 37
	10 # 30
	11 # 47
	12 # 29
	13 # 51
	14 # 9
	15 # 18
Timestep 3:
	0 # 25
	1 # 32
	2 # 38
	3 # 7
	4 # 20
	5 # 28
	6 # 58
	7 # 36
	8 # 33
	9 # 37
	10 # 31
	11 # 46
	12 # 29
	13 # 35
	14 # 41
	15 # 22
Timestep 4:
	0 # 27
	1 # 34
	2 # 39
	3 # 23
	4 # 52
	5 # 24
	6 # 50
	7 # 44
	8 # 33
	9 # 37
	10 # 29
	11 # 42
	12 # 21
	13 # 43
	14 # 45
	15 # 22
Timestep 5:
	0 # 11
	1 # 38
	2 # 55
	3 # 19
	4 # 20
	5 # 26
	6 # 54
	7 # 12
	8 # 35
	9 # 33
	10 # 13
	11 # 58
	12 # 53
	13 # 47
	14 # 61
	15 # 22

