Solution makespan:6
Timestep 0:
	0 # 44
	1 # 61
	2 # 33
	3 # 41
	4 # 62
	5 # 36
	6 # 0
	7 # 52
	8 # 32
	9 # 24
	10 # 43
	11 # 6
	12 # 17
	13 # 9
	14 # 3
	15 # 10
Timestep 1:
	0 # 12
	1 # 63
	2 # 37
	3 # 57
	4 # 60
	5 # 44
	6 # 2
	7 # 54
	8 # 32
	9 # 24
	10 # 43
	11 # 22
	12 # 1
	13 # 25
	14 # 11
	15 # 26
Timestep 2:
	0 # 44
	1 # 47
	2 # 45
	3 # 49
	4 # 52
	5 # 36
	6 # 2
	7 # 50
	8 # 0
	9 # 25
	10 # 35
	11 # 54
	12 # 17
	13 # 29
	14 # 10
	15 # 30
Timestep 3:
	0 # 46
	1 # 45
	2 # 44
	3 # 57
	4 # 53
	5 # 52
	6 # 10
	7 # 51
	8 # 16
	9 # 27
	10 # 3
	11 # 38
	12 # 25
	13 # 31
	14 # 42
	15 # 30
Timestep 4:
	0 # 46
	1 # 13
	2 # 40
	3 # 57
	4 # 37
	5 # 53
	6 # 14
	7 # 50
	8 # 20
	9 # 19
	10 # 2
	11 # 39
	12 # 27
	13 # 23
	14 # 34
	15 # 30
Timestep 5:
	0 # 42
	1 # 15
	2 # 8
	3 # 41
	4 # 33
	5 # 37
	6 # 6
	7 # 54
	8 # 52
	9 # 23
	10 # 18
	11 # 35
	12 # 27
	13 # 22
	14 # 50
	15 # 31
Timestep 6:
	0 # 10
	1 # 15
	2 # 24
	3 # 9
	4 # 33
	5 # 45
	6 # 38
	7 # 55
	8 # 48
	9 # 23
	10 # 18
	11 # 35
	12 # 26
	13 # 54
	14 # 51
	15 # 30

