Solution makespan:5
Timestep 0:
	0 # 53
	1 # 12
	2 # 56
	3 # 24
	4 # 50
	5 # 34
	6 # 11
	7 # 49
	8 # 6
	9 # 26
	10 # 52
	11 # 15
	12 # 14
	13 # 8
	14 # 36
	15 # 25
Timestep 1:
	0 # 53
	1 # 4
	2 # 60
	3 # 25
	4 # 50
	5 # 42
	6 # 27
	7 # 17
	8 # 22
	9 # 26
	10 # 54
	11 # 7
	12 # 15
	13 # 12
	14 # 36
	15 # 29
Timestep 2:
	0 # 37
	1 # 0
	2 # 56
	3 # 9
	4 # 51
	5 # 10
	6 # 26
	7 # 1
	8 # 6
	9 # 24
	10 # 50
	11 # 39
	12 # 11
	13 # 44
	14 # 4
	15 # 13
Timestep 3:
	0 # 36
	1 # 16
	2 # 60
	3 # 25
	4 # 35
	5 # 26
	6 # 30
	7 # 17
	8 # 38
	9 # 28
	10 # 18
	11 # 37
	12 # 3
	13 # 46
	14 # 12
	15 # 13
Timestep 4:
	0 # 38
	1 # 16
	2 # 60
	3 # 57
	4 # 51
	5 # 26
	6 # 22
	7 # 17
	8 # 39
	9 # 20
	10 # 50
	11 # 37
	12 # 19
	13 # 14
	14 # 44
	15 # 15
Timestep 5:
	0 # 46
	1 # 18
	2 # 62
	3 # 61
	4 # 50
	5 # 10
	6 # 54
	7 # 17
	8 # 38
	9 # 21
	10 # 58
	11 # 5
	12 # 51
	13 # 30
	14 # 44
	15 # 7

