Solution makespan:5
Timestep 0:
	0 # 0
	1 # 51
	2 # 1
	3 # 41
	4 # 32
	5 # 49
	6 # 3
	7 # 44
	8 # 29
	9 # 19
	10 # 55
	11 # 24
	12 # 56
	13 # 35
	14 # 60
	15 # 25
	16 # 47
	17 # 33
	18 # 2
	19 # 28
	20 # 26
	21 # 10
	22 # 4
	23 # 57
	24 # 52
	25 # 37
	26 # 9
	27 # 13
Timestep 1:
	0 # 8
	1 # 59
	2 # 33
	3 # 43
	4 # 36
	5 # 48
	6 # 2
	7 # 46
	8 # 21
	9 # 19
	10 # 55
	11 # 28
	12 # 58
	13 # 34
	14 # 44
	15 # 25
	16 # 63
	17 # 32
	18 # 0
	19 # 12
	20 # 30
	21 # 26
	22 # 20
	23 # 49
	24 # 60
	25 # 37
	26 # 9
	27 # 45
Timestep 2:
	0 # 24
	1 # 57
	2 # 41
	3 # 43
	4 # 38
	5 # 48
	6 # 18
	7 # 42
	8 # 53
	9 # 3
	10 # 63
	11 # 20
	12 # 62
	13 # 2
	14 # 12
	15 # 29
	16 # 59
	17 # 33
	18 # 0
	19 # 4
	20 # 22
	21 # 58
	22 # 52
	23 # 49
	24 # 60
	25 # 45
	26 # 13
	27 # 61
Timestep 3:
	0 # 8
	1 # 56
	2 # 57
	3 # 11
	4 # 6
	5 # 16
	6 # 50
	7 # 42
	8 # 52
	9 # 2
	10 # 62
	11 # 20
	12 # 54
	13 # 10
	14 # 12
	15 # 28
	16 # 59
	17 # 37
	18 # 1
	19 # 5
	20 # 23
	21 # 58
	22 # 48
	23 # 33
	24 # 61
	25 # 13
	26 # 15
	27 # 53
Timestep 4:
	0 # 8
	1 # 56
	2 # 61
	3 # 15
	4 # 2
	5 # 16
	6 # 48
	7 # 10
	8 # 60
	9 # 0
	10 # 46
	11 # 4
	12 # 55
	13 # 26
	14 # 14
	15 # 20
	16 # 58
	17 # 5
	18 # 9
	19 # 7
	20 # 19
	21 # 50
	22 # 49
	23 # 1
	24 # 29
	25 # 13
	26 # 47
	27 # 52
Timestep 5:
	0 # 40
	1 # 57
	2 # 61
	3 # 14
	4 # 3
	5 # 24
	6 # 52
	7 # 42
	8 # 60
	9 # 32
	10 # 62
	11 # 6
	12 # 53
	13 # 30
	14 # 12
	15 # 22
	16 # 26
	17 # 21
	18 # 41
	19 # 15
	20 # 18
	21 # 58
	22 # 33
	23 # 5
	24 # 28
	25 # 29
	26 # 47
	27 # 54

