Solution makespan:5
Timestep 0:
	0 # 14
	1 # 27
	2 # 10
	3 # 23
	4 # 33
	5 # 5
	6 # 62
	7 # 29
	8 # 38
	9 # 35
	10 # 11
	11 # 54
	12 # 6
	13 # 26
	14 # 17
	15 # 51
	16 # 1
	17 # 43
	18 # 21
	19 # 45
Timestep 1:
	0 # 46
	1 # 31
	2 # 11
	3 # 55
	4 # 37
	5 # 1
	6 # 60
	7 # 25
	8 # 6
	9 # 35
	10 # 3
	11 # 52
	12 # 2
	13 # 30
	14 # 19
	15 # 50
	16 # 0
	17 # 41
	18 # 23
	19 # 47
Timestep 2:
	0 # 44
	1 # 15
	2 # 11
	3 # 53
	4 # 37
	5 # 17
	6 # 28
	7 # 9
	8 # 14
	9 # 51
	10 # 2
	11 # 48
	12 # 10
	13 # 31
	14 # 23
	15 # 50
	16 # 16
	17 # 33
	18 # 22
	19 # 46
Timestep 3:
	0 # 36
	1 # 7
	2 # 43
	3 # 37
	4 # 39
	5 # 17
	6 # 24
	7 # 1
	8 # 6
	9 # 35
	10 # 0
	11 # 48
	12 # 10
	13 # 23
	14 # 22
	15 # 34
	16 # 18
	17 # 49
	18 # 30
	19 # 46
Timestep 4:
	0 # 32
	1 # 23
	2 # 41
	3 # 45
	4 # 55
	5 # 17
	6 # 8
	7 # 33
	8 # 6
	9 # 43
	10 # 16
	11 # 52
	12 # 14
	13 # 21
	14 # 20
	15 # 38
	16 # 19
	17 # 51
	18 # 26
	19 # 42
Timestep 5:
	0 # 33
	1 # 21
	2 # 57
	3 # 13
	4 # 23
	5 # 25
	6 # 9
	7 # 49
	8 # 7
	9 # 11
	10 # 0
	11 # 36
	12 # 30
	13 # 5
	14 # 28
	15 # 39
	16 # 27
	17 # 50
	18 # 58
	19 # 43

