Solution makespan:5
Timestep 0:
	0 # 22
	1 # 15
	2 # 51
	3 # 43
	4 # 21
	5 # 44
	6 # 3
	7 # 30
	8 # 49
	9 # 31
	10 # 55
	11 # 59
	12 # 61
	13 # 13
	14 # 60
	15 # 0
	16 # 33
	17 # 62
	18 # 26
	19 # 2
Timestep 1:
	0 # 22
	1 # 14
	2 # 55
	3 # 41
	4 # 21
	5 # 44
	6 # 2
	7 # 31
	8 # 48
	9 # 63
	10 # 54
	11 # 57
	12 # 29
	13 # 5
	14 # 28
	15 # 16
	16 # 37
	17 # 60
	18 # 10
	19 # 18
Timestep 2:
	0 # 18
	1 # 14
	2 # 55
	3 # 33
	4 # 5
	5 # 46
	6 # 34
	7 # 29
	8 # 50
	9 # 62
	10 # 38
	11 # 25
	12 # 21
	13 # 4
	14 # 30
	15 # 48
	16 # 37
	17 # 61
	18 # 10
	19 # 19
Timestep 3:
	0 # 26
	1 # 14
	2 # 39
	3 # 33
	4 # 7
	5 # 38
	6 # 32
	7 # 21
	8 # 51
	9 # 58
	10 # 34
	11 # 9
	12 # 20
	13 # 0
	14 # 31
	15 # 49
	16 # 45
	17 # 63
	18 # 11
	19 # 19
Timestep 4:
	0 # 10
	1 # 46
	2 # 55
	3 # 1
	4 # 23
	5 # 54
	6 # 48
	7 # 53
	8 # 49
	9 # 56
	10 # 50
	11 # 8
	12 # 20
	13 # 0
	14 # 15
	15 # 17
	16 # 45
	17 # 47
	18 # 9
	19 # 19
Timestep 5:
	0 # 11
	1 # 14
	2 # 39
	3 # 3
	4 # 21
	5 # 55
	6 # 49
	7 # 37
	8 # 33
	9 # 56
	10 # 50
	11 # 24
	12 # 28
	13 # 2
	14 # 31
	15 # 25
	16 # 45
	17 # 63
	18 # 41
	19 # 51

