Solution makespan:5
Timestep 0:
	0 # 46
	1 # 3
	2 # 15
	3 # 21
	4 # 1
	5 # 55
	6 # 38
	7 # 37
	8 # 5
	9 # 24
	10 # 56
	11 # 2
Timestep 1:
	0 # 46
	1 # 2
	2 # 15
	3 # 20
	4 # 1
	5 # 54
	6 # 39
	7 # 45
	8 # 5
	9 # 16
	10 # 56
	11 # 34
Timestep 2:
	0 # 47
	1 # 2
	2 # 7
	3 # 28
	4 # 3
	5 # 52
	6 # 37
	7 # 44
	8 # 1
	9 # 18
	10 # 24
	11 # 32
Timestep 3:
	0 # 46
	1 # 34
	2 # 23
	3 # 28
	4 # 35
	5 # 36
	6 # 45
	7 # 40
	8 # 17
	9 # 50
	10 # 26
	11 # 48
Timestep 4:
	0 # 42
	1 # 38
	2 # 22
	3 # 24
	4 # 39
	5 # 44
	6 # 37
	7 # 40
	8 # 25
	9 # 51
	10 # 26
	11 # 49
Timestep 5:
	0 # 46
	1 # 38
	2 # 54
	3 # 28
	4 # 55
	5 # 44
	6 # 5
	7 # 56
	8 # 17
	9 # 51
	10 # 30
	11 # 53

