Solution makespan:5
Timestep 0:
	0 # 60
	1 # 0
	2 # 9
	3 # 45
	4 # 18
	5 # 8
	6 # 33
	7 # 17
	8 # 27
	9 # 19
	10 # 2
	11 # 7
Timestep 1:
	0 # 60
	1 # 32
	2 # 9
	3 # 47
	4 # 22
	5 # 40
	6 # 49
	7 # 1
	8 # 26
	9 # 19
	10 # 6
	11 # 15
Timestep 2:
	0 # 52
	1 # 0
	2 # 13
	3 # 15
	4 # 18
	5 # 41
	6 # 33
	7 # 1
	8 # 30
	9 # 23
	10 # 4
	11 # 11
Timestep 3:
	0 # 20
	1 # 16
	2 # 15
	3 # 14
	4 # 19
	5 # 45
	6 # 1
	7 # 9
	8 # 22
	9 # 21
	10 # 4
	11 # 27
Timestep 4:
	0 # 16
	1 # 17
	2 # 15
	3 # 30
	4 # 19
	5 # 37
	6 # 3
	7 # 25
	8 # 23
	9 # 20
	10 # 5
	11 # 26
Timestep 5:
	0 # 18
	1 # 49
	2 # 13
	3 # 31
	4 # 27
	5 # 33
	6 # 11
	7 # 29
	8 # 19
	9 # 4
	10 # 21
	11 # 58

