Solution makespan:6
Timestep 0:
	0 # 45
	1 # 57
	2 # 42
	3 # 30
	4 # 3
	5 # 63
	6 # 38
	7 # 41
	8 # 55
	9 # 8
	10 # 21
	11 # 1
	12 # 18
	13 # 5
	14 # 24
	15 # 29
	16 # 40
	17 # 20
	18 # 11
	19 # 13
	20 # 15
	21 # 28
	22 # 6
	23 # 49
Timestep 1:
	0 # 41
	1 # 57
	2 # 42
	3 # 30
	4 # 19
	5 # 59
	6 # 38
	7 # 33
	8 # 63
	9 # 9
	10 # 23
	11 # 1
	12 # 50
	13 # 21
	14 # 28
	15 # 25
	16 # 56
	17 # 16
	18 # 15
	19 # 45
	20 # 14
	21 # 60
	22 # 7
	23 # 53
Timestep 2:
	0 # 40
	1 # 59
	2 # 43
	3 # 26
	4 # 17
	5 # 58
	6 # 6
	7 # 32
	8 # 31
	9 # 41
	10 # 23
	11 # 33
	12 # 50
	13 # 29
	14 # 20
	15 # 24
	16 # 48
	17 # 18
	18 # 13
	19 # 47
	20 # 14
	21 # 61
	22 # 7
	23 # 53
Timestep 3:
	0 # 40
	1 # 27
	2 # 35
	3 # 24
	4 # 25
	5 # 50
	6 # 22
	7 # 34
	8 # 23
	9 # 43
	10 # 7
	11 # 37
	12 # 51
	13 # 28
	14 # 4
	15 # 56
	16 # 32
	17 # 16
	18 # 45
	19 # 15
	20 # 6
	21 # 29
	22 # 39
	23 # 21
Timestep 4:
	0 # 41
	1 # 31
	2 # 35
	3 # 8
	4 # 57
	5 # 34
	6 # 54
	7 # 38
	8 # 7
	9 # 43
	10 # 3
	11 # 5
	12 # 55
	13 # 30
	14 # 36
	15 # 58
	16 # 40
	17 # 18
	18 # 13
	19 # 15
	20 # 6
	21 # 61
	22 # 47
	23 # 29
Timestep 5:
	0 # 33
	1 # 31
	2 # 51
	3 # 40
	4 # 49
	5 # 42
	6 # 38
	7 # 6
	8 # 5
	9 # 41
	10 # 3
	11 # 4
	12 # 39
	13 # 30
	14 # 36
	15 # 50
	16 # 32
	17 # 16
	18 # 9
	19 # 15
	20 # 2
	21 # 29
	22 # 43
	23 # 28
Timestep 6:
	0 # 37
	1 # 30
	2 # 19
	3 # 56
	4 # 51
	5 # 46
	6 # 54
	7 # 22
	8 # 5
	9 # 45
	10 # 35
	11 # 12
	12 # 47
	13 # 28
	14 # 4
	15 # 50
	16 # 48
	17 # 17
	18 # 25
	19 # 13
	20 # 34
	21 # 61
	22 # 43
	23 # 20

