Solution makespan:6
Timestep 0:
	0 # 11
	1 # 4
	2 # 5
	3 # 51
	4 # 0
	5 # 43
	6 # 14
	7 # 40
	8 # 1
	9 # 48
	10 # 60
	11 # 56
	12 # 59
	13 # 24
	14 # 61
	15 # 46
	16 # 18
	17 # 10
	18 # 53
	19 # 34
	20 # 28
	21 # 45
	22 # 23
	23 # 31
	24 # 9
	25 # 6
	26 # 17
	27 # 35
	28 # 3
	29 # 55
	30 # 7
	31 # 63
Timestep 1:
	0 # 9
	1 # 20
	2 # 5
	3 # 51
	4 # 16
	5 # 35
	6 # 30
	7 # 8
	8 # 0
	9 # 52
	10 # 60
	11 # 40
	12 # 59
	13 # 25
	14 # 29
	15 # 62
	16 # 19
	17 # 14
	18 # 37
	19 # 50
	20 # 12
	21 # 61
	22 # 7
	23 # 23
	24 # 1
	25 # 4
	26 # 49
	27 # 34
	28 # 11
	29 # 54
	30 # 15
	31 # 55
Timestep 2:
	0 # 1
	1 # 28
	2 # 5
	3 # 35
	4 # 17
	5 # 39
	6 # 26
	7 # 10
	8 # 16
	9 # 36
	10 # 56
	11 # 44
	12 # 57
	13 # 29
	14 # 21
	15 # 54
	16 # 51
	17 # 14
	18 # 45
	19 # 58
	20 # 8
	21 # 60
	22 # 23
	23 # 22
	24 # 3
	25 # 12
	26 # 53
	27 # 50
	28 # 43
	29 # 52
	30 # 15
	31 # 55
Timestep 3:
	0 # 33
	1 # 30
	2 # 13
	3 # 34
	4 # 49
	5 # 55
	6 # 27
	7 # 10
	8 # 16
	9 # 37
	10 # 24
	11 # 46
	12 # 61
	13 # 21
	14 # 5
	15 # 38
	16 # 19
	17 # 14
	18 # 45
	19 # 42
	20 # 40
	21 # 62
	22 # 31
	23 # 6
	24 # 35
	25 # 44
	26 # 53
	27 # 48
	28 # 59
	29 # 60
	30 # 11
	31 # 23
Timestep 4:
	0 # 33
	1 # 22
	2 # 29
	3 # 50
	4 # 48
	5 # 23
	6 # 59
	7 # 26
	8 # 16
	9 # 39
	10 # 8
	11 # 42
	12 # 63
	13 # 5
	14 # 7
	15 # 46
	16 # 3
	17 # 30
	18 # 37
	19 # 10
	20 # 56
	21 # 54
	22 # 31
	23 # 4
	24 # 51
	25 # 36
	26 # 53
	27 # 52
	28 # 57
	29 # 60
	30 # 43
	31 # 21
Timestep 5:
	0 # 35
	1 # 6
	2 # 28
	3 # 50
	4 # 48
	5 # 23
	6 # 59
	7 # 27
	8 # 16
	9 # 38
	10 # 0
	11 # 58
	12 # 55
	13 # 5
	14 # 15
	15 # 46
	16 # 1
	17 # 22
	18 # 53
	19 # 14
	20 # 24
	21 # 62
	22 # 63
	23 # 36
	24 # 19
	25 # 44
	26 # 61
	27 # 20
	28 # 41
	29 # 52
	30 # 43
	31 # 21
Timestep 6:
	0 # 35
	1 # 14
	2 # 30
	3 # 34
	4 # 50
	5 # 22
	6 # 63
	7 # 31
	8 # 0
	9 # 38
	10 # 4
	11 # 42
	12 # 39
	13 # 37
	14 # 47
	15 # 44
	16 # 1
	17 # 18
	18 # 49
	19 # 12
	20 # 24
	21 # 58
	22 # 62
	23 # 32
	24 # 23
	25 # 40
	26 # 45
	27 # 28
	28 # 9
	29 # 60
	30 # 41
	31 # 17

