Solution makespan:4
Timestep 0:
	0 # 57
	1 # 32
	2 # 46
	3 # 5
	4 # 11
	5 # 27
	6 # 22
	7 # 31
	8 # 16
	9 # 15
	10 # 19
	11 # 7
	12 # 34
	13 # 17
	14 # 37
	15 # 41
Timestep 1:
	0 # 49
	1 # 40
	2 # 42
	3 # 13
	4 # 11
	5 # 19
	6 # 22
	7 # 29
	8 # 24
	9 # 14
	10 # 17
	11 # 6
	12 # 50
	13 # 21
	14 # 5
	15 # 45
Timestep 2:
	0 # 48
	1 # 56
	2 # 10
	3 # 15
	4 # 27
	5 # 19
	6 # 20
	7 # 13
	8 # 26
	9 # 12
	10 # 25
	11 # 4
	12 # 58
	13 # 23
	14 # 1
	15 # 47
Timestep 3:
	0 # 48
	1 # 60
	2 # 8
	3 # 7
	4 # 26
	5 # 51
	6 # 21
	7 # 5
	8 # 24
	9 # 4
	10 # 25
	11 # 0
	12 # 59
	13 # 22
	14 # 3
	15 # 47
Timestep 4:
	0 # 32
	1 # 28
	2 # 10
	3 # 23
	4 # 58
	5 # 59
	6 # 29
	7 # 1
	8 # 24
	9 # 12
	10 # 9
	11 # 0
	12 # 57
	13 # 30
	14 # 3
	15 # 63

