Solution makespan:4
Timestep 0:
	0 # 30
	1 # 54
	2 # 49
	3 # 44
	4 # 51
	5 # 16
	6 # 33
	7 # 24
	8 # 41
	9 # 48
	10 # 52
	11 # 25
Timestep 1:
	0 # 14
	1 # 55
	2 # 53
	3 # 46
	4 # 49
	5 # 24
	6 # 33
	7 # 8
	8 # 9
	9 # 50
	10 # 54
	11 # 17
Timestep 2:
	0 # 6
	1 # 51
	2 # 52
	3 # 38
	4 # 33
	5 # 26
	6 # 1
	7 # 40
	8 # 25
	9 # 18
	10 # 55
	11 # 17
Timestep 3:
	0 # 4
	1 # 19
	2 # 20
	3 # 38
	4 # 35
	5 # 18
	6 # 3
	7 # 42
	8 # 29
	9 # 2
	10 # 39
	11 # 17
Timestep 4:
	0 # 0
	1 # 19
	2 # 52
	3 # 6
	4 # 35
	5 # 26
	6 # 7
	7 # 46
	8 # 13
	9 # 18
	10 # 47
	11 # 21

