Solution makespan:5
Timestep 0:
	0 # 8
	1 # 61
	2 # 2
	3 # 43
	4 # 11
	5 # 41
	6 # 5
	7 # 37
	8 # 42
	9 # 54
	10 # 49
	11 # 52
	12 # 1
	13 # 62
	14 # 63
	15 # 57
	16 # 45
	17 # 46
	18 # 0
	19 # 10
	20 # 26
	21 # 34
	22 # 50
	23 # 59
Timestep 1:
	0 # 12
	1 # 60
	2 # 2
	3 # 42
	4 # 3
	5 # 41
	6 # 13
	7 # 36
	8 # 40
	9 # 55
	10 # 49
	11 # 53
	12 # 9
	13 # 46
	14 # 61
	15 # 59
	16 # 37
	17 # 14
	18 # 1
	19 # 8
	20 # 10
	21 # 32
	22 # 18
	23 # 58
Timestep 2:
	0 # 12
	1 # 52
	2 # 6
	3 # 46
	4 # 35
	5 # 33
	6 # 29
	7 # 32
	8 # 56
	9 # 63
	10 # 48
	11 # 49
	12 # 41
	13 # 44
	14 # 57
	15 # 27
	16 # 36
	17 # 14
	18 # 1
	19 # 24
	20 # 11
	21 # 0
	22 # 2
	23 # 26
Timestep 3:
	0 # 14
	1 # 20
	2 # 22
	3 # 62
	4 # 33
	5 # 1
	6 # 25
	7 # 40
	8 # 60
	9 # 55
	10 # 48
	11 # 51
	12 # 41
	13 # 44
	14 # 56
	15 # 31
	16 # 32
	17 # 30
	18 # 9
	19 # 28
	20 # 15
	21 # 2
	22 # 10
	23 # 58
Timestep 4:
	0 # 14
	1 # 16
	2 # 6
	3 # 30
	4 # 37
	5 # 0
	6 # 27
	7 # 8
	8 # 44
	9 # 63
	10 # 50
	11 # 35
	12 # 33
	13 # 40
	14 # 57
	15 # 29
	16 # 32
	17 # 22
	18 # 41
	19 # 24
	20 # 15
	21 # 3
	22 # 2
	23 # 56
Timestep 5:
	0 # 46
	1 # 16
	2 # 38
	3 # 31
	4 # 33
	5 # 4
	6 # 11
	7 # 0
	8 # 45
	9 # 63
	10 # 58
	11 # 3
	12 # 32
	13 # 8
	14 # 57
	15 # 21
	16 # 48
	17 # 6
	18 # 40
	19 # 24
	20 # 7
	21 # 1
	22 # 2
	23 # 56

