Solution makespan:5
Timestep 0:
	0 # 53
	1 # 27
	2 # 36
	3 # 46
	4 # 20
	5 # 3
	6 # 2
	7 # 63
	8 # 11
	9 # 48
	10 # 38
	11 # 17
	12 # 50
	13 # 31
	14 # 0
	15 # 24
	16 # 57
	17 # 41
	18 # 58
	19 # 16
	20 # 54
	21 # 34
	22 # 1
	23 # 13
	24 # 61
	25 # 51
	26 # 7
	27 # 49
	28 # 47
	29 # 43
	30 # 40
	31 # 28
Timestep 1:
	0 # 61
	1 # 59
	2 # 36
	3 # 44
	4 # 52
	5 # 19
	6 # 10
	7 # 62
	8 # 27
	9 # 32
	10 # 54
	11 # 49
	12 # 18
	13 # 30
	14 # 2
	15 # 28
	16 # 57
	17 # 41
	18 # 42
	19 # 16
	20 # 22
	21 # 50
	22 # 5
	23 # 29
	24 # 60
	25 # 35
	26 # 15
	27 # 33
	28 # 39
	29 # 43
	30 # 56
	31 # 20
Timestep 2:
	0 # 60
	1 # 63
	2 # 36
	3 # 45
	4 # 52
	5 # 17
	6 # 8
	7 # 46
	8 # 19
	9 # 40
	10 # 55
	11 # 53
	12 # 18
	13 # 22
	14 # 6
	15 # 30
	16 # 25
	17 # 43
	18 # 34
	19 # 0
	20 # 20
	21 # 48
	22 # 7
	23 # 29
	24 # 44
	25 # 39
	26 # 14
	27 # 49
	28 # 37
	29 # 11
	30 # 58
	31 # 21
Timestep 3:
	0 # 60
	1 # 62
	2 # 38
	3 # 13
	4 # 54
	5 # 17
	6 # 12
	7 # 42
	8 # 18
	9 # 41
	10 # 55
	11 # 61
	12 # 26
	13 # 6
	14 # 4
	15 # 31
	16 # 25
	17 # 43
	18 # 35
	19 # 2
	20 # 21
	21 # 52
	22 # 3
	23 # 28
	24 # 44
	25 # 37
	26 # 10
	27 # 57
	28 # 33
	29 # 27
	30 # 59
	31 # 23
Timestep 4:
	0 # 52
	1 # 58
	2 # 38
	3 # 29
	4 # 22
	5 # 16
	6 # 4
	7 # 40
	8 # 19
	9 # 41
	10 # 54
	11 # 57
	12 # 27
	13 # 7
	14 # 0
	15 # 15
	16 # 17
	17 # 11
	18 # 51
	19 # 10
	20 # 5
	21 # 36
	22 # 3
	23 # 24
	24 # 12
	25 # 37
	26 # 8
	27 # 56
	28 # 1
	29 # 25
	30 # 43
	31 # 55
Timestep 5:
	0 # 60
	1 # 56
	2 # 38
	3 # 29
	4 # 30
	5 # 20
	6 # 6
	7 # 32
	8 # 51
	9 # 40
	10 # 50
	11 # 59
	12 # 26
	13 # 3
	14 # 16
	15 # 47
	16 # 21
	17 # 27
	18 # 49
	19 # 14
	20 # 7
	21 # 44
	22 # 2
	23 # 28
	24 # 12
	25 # 39
	26 # 8
	27 # 48
	28 # 1
	29 # 25
	30 # 43
	31 # 63

