Solution makespan:6
Timestep 0:
	0 # 0
	1 # 43
	2 # 14
	3 # 40
	4 # 1
	5 # 48
	6 # 60
	7 # 56
	8 # 59
	9 # 24
	10 # 61
	11 # 46
	12 # 18
	13 # 10
	14 # 53
	15 # 34
	16 # 28
	17 # 45
	18 # 23
	19 # 31
	20 # 9
	21 # 6
	22 # 17
	23 # 35
	24 # 3
	25 # 55
	26 # 7
	27 # 63
Timestep 1:
	0 # 1
	1 # 41
	2 # 30
	3 # 42
	4 # 5
	5 # 52
	6 # 28
	7 # 60
	8 # 43
	9 # 16
	10 # 63
	11 # 62
	12 # 2
	13 # 8
	14 # 55
	15 # 38
	16 # 29
	17 # 45
	18 # 21
	19 # 31
	20 # 11
	21 # 4
	22 # 49
	23 # 34
	24 # 7
	25 # 23
	26 # 6
	27 # 59
Timestep 2:
	0 # 3
	1 # 40
	2 # 62
	3 # 34
	4 # 5
	5 # 54
	6 # 12
	7 # 60
	8 # 43
	9 # 16
	10 # 61
	11 # 46
	12 # 2
	13 # 0
	14 # 63
	15 # 36
	16 # 13
	17 # 41
	18 # 21
	19 # 29
	20 # 9
	21 # 4
	22 # 57
	23 # 32
	24 # 15
	25 # 31
	26 # 22
	27 # 27
Timestep 3:
	0 # 2
	1 # 44
	2 # 60
	3 # 34
	4 # 37
	5 # 38
	6 # 8
	7 # 28
	8 # 47
	9 # 17
	10 # 61
	11 # 14
	12 # 10
	13 # 1
	14 # 62
	15 # 32
	16 # 45
	17 # 43
	18 # 20
	19 # 25
	20 # 9
	21 # 0
	22 # 59
	23 # 48
	24 # 15
	25 # 29
	26 # 54
	27 # 19
Timestep 4:
	0 # 18
	1 # 60
	2 # 52
	3 # 50
	4 # 33
	5 # 39
	6 # 10
	7 # 20
	8 # 46
	9 # 21
	10 # 53
	11 # 12
	12 # 11
	13 # 5
	14 # 62
	15 # 48
	16 # 47
	17 # 35
	18 # 22
	19 # 17
	20 # 41
	21 # 16
	22 # 43
	23 # 56
	24 # 14
	25 # 25
	26 # 54
	27 # 27
Timestep 5:
	0 # 50
	1 # 60
	2 # 52
	3 # 58
	4 # 1
	5 # 55
	6 # 26
	7 # 20
	8 # 14
	9 # 23
	10 # 21
	11 # 44
	12 # 15
	13 # 13
	14 # 46
	15 # 49
	16 # 47
	17 # 51
	18 # 22
	19 # 25
	20 # 45
	21 # 16
	22 # 11
	23 # 57
	24 # 12
	25 # 24
	26 # 54
	27 # 19
Timestep 6:
	0 # 58
	1 # 44
	2 # 20
	3 # 42
	4 # 33
	5 # 23
	6 # 10
	7 # 4
	8 # 30
	9 # 22
	10 # 29
	11 # 36
	12 # 31
	13 # 5
	14 # 62
	15 # 53
	16 # 47
	17 # 55
	18 # 6
	19 # 24
	20 # 61
	21 # 0
	22 # 43
	23 # 41
	24 # 13
	25 # 8
	26 # 54
	27 # 18

