Solution makespan:5
Timestep 0:
	0 # 44
	1 # 18
	2 # 40
	3 # 34
	4 # 13
	5 # 4
	6 # 2
	7 # 20
	8 # 3
	9 # 25
	10 # 10
	11 # 41
	12 # 15
	13 # 1
	14 # 23
	15 # 53
	16 # 55
	17 # 61
	18 # 62
	19 # 0
	20 # 21
	21 # 30
	22 # 56
	23 # 6
Timestep 1:
	0 # 36
	1 # 22
	2 # 56
	3 # 38
	4 # 45
	5 # 6
	6 # 0
	7 # 28
	8 # 19
	9 # 17
	10 # 2
	11 # 43
	12 # 15
	13 # 5
	14 # 31
	15 # 53
	16 # 54
	17 # 29
	18 # 63
	19 # 8
	20 # 20
	21 # 30
	22 # 57
	23 # 7
Timestep 2:
	0 # 38
	1 # 54
	2 # 57
	3 # 6
	4 # 37
	5 # 2
	6 # 8
	7 # 24
	8 # 17
	9 # 1
	10 # 10
	11 # 42
	12 # 14
	13 # 5
	14 # 15
	15 # 52
	16 # 50
	17 # 29
	18 # 61
	19 # 9
	20 # 4
	21 # 31
	22 # 41
	23 # 7
Timestep 3:
	0 # 34
	1 # 62
	2 # 41
	3 # 22
	4 # 37
	5 # 3
	6 # 8
	7 # 25
	8 # 16
	9 # 33
	10 # 10
	11 # 58
	12 # 6
	13 # 4
	14 # 15
	15 # 36
	16 # 48
	17 # 21
	18 # 61
	19 # 11
	20 # 0
	21 # 23
	22 # 9
	23 # 5
Timestep 4:
	0 # 50
	1 # 46
	2 # 33
	3 # 20
	4 # 36
	5 # 35
	6 # 9
	7 # 29
	8 # 24
	9 # 1
	10 # 14
	11 # 26
	12 # 7
	13 # 12
	14 # 15
	15 # 32
	16 # 48
	17 # 53
	18 # 45
	19 # 27
	20 # 16
	21 # 19
	22 # 13
	23 # 4
Timestep 5:
	0 # 18
	1 # 47
	2 # 49
	3 # 28
	4 # 38
	5 # 43
	6 # 41
	7 # 21
	8 # 56
	9 # 5
	10 # 46
	11 # 10
	12 # 39
	13 # 44
	14 # 11
	15 # 40
	16 # 52
	17 # 55
	18 # 61
	19 # 19
	20 # 0
	21 # 17
	22 # 29
	23 # 12

