Solution makespan:5
Timestep 0:
	0 # 45
	1 # 58
	2 # 33
	3 # 3
	4 # 18
	5 # 16
	6 # 6
	7 # 2
	8 # 36
	9 # 29
	10 # 53
	11 # 60
Timestep 1:
	0 # 13
	1 # 42
	2 # 33
	3 # 19
	4 # 18
	5 # 0
	6 # 4
	7 # 2
	8 # 52
	9 # 21
	10 # 61
	11 # 44
Timestep 2:
	0 # 29
	1 # 58
	2 # 1
	3 # 19
	4 # 18
	5 # 8
	6 # 0
	7 # 10
	8 # 52
	9 # 5
	10 # 60
	11 # 12
Timestep 3:
	0 # 29
	1 # 56
	2 # 9
	3 # 17
	4 # 22
	5 # 8
	6 # 16
	7 # 10
	8 # 20
	9 # 1
	10 # 44
	11 # 4
Timestep 4:
	0 # 31
	1 # 56
	2 # 41
	3 # 25
	4 # 23
	5 # 8
	6 # 24
	7 # 42
	8 # 16
	9 # 3
	10 # 44
	11 # 0
Timestep 5:
	0 # 30
	1 # 56
	2 # 41
	3 # 9
	4 # 7
	5 # 12
	6 # 26
	7 # 10
	8 # 18
	9 # 11
	10 # 46
	11 # 2

