Solution makespan:5
Timestep 0:
	0 # 1
	1 # 18
	2 # 58
	3 # 2
	4 # 42
	5 # 36
	6 # 44
	7 # 22
	8 # 62
	9 # 4
	10 # 26
	11 # 14
	12 # 59
	13 # 28
	14 # 38
	15 # 40
	16 # 0
	17 # 37
	18 # 12
	19 # 13
	20 # 16
	21 # 33
	22 # 29
	23 # 30
	24 # 56
	25 # 11
	26 # 34
	27 # 60
Timestep 1:
	0 # 17
	1 # 50
	2 # 58
	3 # 2
	4 # 34
	5 # 38
	6 # 45
	7 # 30
	8 # 62
	9 # 4
	10 # 26
	11 # 46
	12 # 57
	13 # 12
	14 # 39
	15 # 40
	16 # 32
	17 # 33
	18 # 8
	19 # 15
	20 # 48
	21 # 1
	22 # 21
	23 # 31
	24 # 56
	25 # 10
	26 # 35
	27 # 52
Timestep 2:
	0 # 25
	1 # 50
	2 # 26
	3 # 2
	4 # 35
	5 # 39
	6 # 61
	7 # 28
	8 # 60
	9 # 6
	10 # 18
	11 # 47
	12 # 57
	13 # 13
	14 # 37
	15 # 42
	16 # 36
	17 # 41
	18 # 0
	19 # 7
	20 # 32
	21 # 3
	22 # 21
	23 # 27
	24 # 48
	25 # 11
	26 # 51
	27 # 20
Timestep 3:
	0 # 29
	1 # 58
	2 # 26
	3 # 6
	4 # 39
	5 # 7
	6 # 53
	7 # 20
	8 # 28
	9 # 14
	10 # 22
	11 # 63
	12 # 59
	13 # 15
	14 # 5
	15 # 10
	16 # 36
	17 # 41
	18 # 4
	19 # 23
	20 # 34
	21 # 3
	22 # 17
	23 # 19
	24 # 50
	25 # 9
	26 # 55
	27 # 16
Timestep 4:
	0 # 28
	1 # 56
	2 # 18
	3 # 6
	4 # 38
	5 # 15
	6 # 37
	7 # 16
	8 # 20
	9 # 14
	10 # 22
	11 # 55
	12 # 43
	13 # 31
	14 # 13
	15 # 11
	16 # 52
	17 # 45
	18 # 12
	19 # 21
	20 # 35
	21 # 2
	22 # 49
	23 # 3
	24 # 34
	25 # 1
	26 # 53
	27 # 48
Timestep 5:
	0 # 60
	1 # 58
	2 # 26
	3 # 2
	4 # 36
	5 # 14
	6 # 33
	7 # 0
	8 # 16
	9 # 6
	10 # 30
	11 # 39
	12 # 47
	13 # 63
	14 # 13
	15 # 27
	16 # 54
	17 # 44
	18 # 4
	19 # 17
	20 # 43
	21 # 10
	22 # 57
	23 # 7
	24 # 42
	25 # 9
	26 # 52
	27 # 50

