Solution makespan:5
Timestep 0:
	0 # 42
	1 # 31
	2 # 32
	3 # 15
	4 # 46
	5 # 50
	6 # 30
	7 # 13
	8 # 6
	9 # 4
	10 # 21
	11 # 37
Timestep 1:
	0 # 40
	1 # 15
	2 # 34
	3 # 47
	4 # 46
	5 # 48
	6 # 28
	7 # 13
	8 # 2
	9 # 0
	10 # 53
	11 # 45
Timestep 2:
	0 # 32
	1 # 11
	2 # 42
	3 # 15
	4 # 38
	5 # 56
	6 # 60
	7 # 29
	8 # 18
	9 # 2
	10 # 52
	11 # 13
Timestep 3:
	0 # 36
	1 # 9
	2 # 34
	3 # 47
	4 # 6
	5 # 40
	6 # 60
	7 # 21
	8 # 26
	9 # 18
	10 # 20
	11 # 15
Timestep 4:
	0 # 37
	1 # 9
	2 # 50
	3 # 45
	4 # 6
	5 # 8
	6 # 62
	7 # 5
	8 # 27
	9 # 26
	10 # 16
	11 # 31
Timestep 5:
	0 # 33
	1 # 41
	2 # 50
	3 # 61
	4 # 14
	5 # 8
	6 # 46
	7 # 1
	8 # 26
	9 # 58
	10 # 24
	11 # 63

