Solution makespan:5
Timestep 0:
	0 # 36
	1 # 19
	2 # 20
	3 # 43
	4 # 46
	5 # 4
	6 # 1
	7 # 41
	8 # 52
	9 # 21
	10 # 54
	11 # 22
	12 # 57
	13 # 33
	14 # 56
	15 # 30
Timestep 1:
	0 # 4
	1 # 3
	2 # 22
	3 # 11
	4 # 14
	5 # 12
	6 # 17
	7 # 41
	8 # 36
	9 # 21
	10 # 50
	11 # 23
	12 # 59
	13 # 33
	14 # 58
	15 # 26
Timestep 2:
	0 # 20
	1 # 11
	2 # 23
	3 # 27
	4 # 12
	5 # 8
	6 # 49
	7 # 41
	8 # 38
	9 # 29
	10 # 54
	11 # 31
	12 # 63
	13 # 37
	14 # 42
	15 # 26
Timestep 3:
	0 # 22
	1 # 27
	2 # 55
	3 # 19
	4 # 4
	5 # 8
	6 # 17
	7 # 45
	8 # 39
	9 # 25
	10 # 50
	11 # 15
	12 # 62
	13 # 36
	14 # 43
	15 # 18
Timestep 4:
	0 # 30
	1 # 25
	2 # 51
	3 # 18
	4 # 6
	5 # 10
	6 # 21
	7 # 13
	8 # 35
	9 # 9
	10 # 48
	11 # 47
	12 # 54
	13 # 44
	14 # 41
	15 # 2
Timestep 5:
	0 # 26
	1 # 29
	2 # 35
	3 # 16
	4 # 22
	5 # 14
	6 # 23
	7 # 15
	8 # 43
	9 # 1
	10 # 32
	11 # 39
	12 # 52
	13 # 45
	14 # 40
	15 # 0

