Solution makespan:5
Timestep 0:
	0 # 35
	1 # 40
	2 # 14
	3 # 25
	4 # 2
	5 # 60
	6 # 51
	7 # 37
	8 # 52
	9 # 29
	10 # 34
	11 # 16
	12 # 18
	13 # 1
	14 # 50
	15 # 56
Timestep 1:
	0 # 43
	1 # 44
	2 # 14
	3 # 57
	4 # 3
	5 # 61
	6 # 50
	7 # 45
	8 # 53
	9 # 25
	10 # 2
	11 # 16
	12 # 26
	13 # 17
	14 # 34
	15 # 60
Timestep 2:
	0 # 11
	1 # 46
	2 # 12
	3 # 41
	4 # 35
	5 # 29
	6 # 34
	7 # 45
	8 # 53
	9 # 9
	10 # 18
	11 # 48
	12 # 30
	13 # 16
	14 # 32
	15 # 28
Timestep 3:
	0 # 27
	1 # 46
	2 # 28
	3 # 57
	4 # 35
	5 # 13
	6 # 34
	7 # 41
	8 # 21
	9 # 25
	10 # 19
	11 # 32
	12 # 31
	13 # 18
	14 # 33
	15 # 20
Timestep 4:
	0 # 19
	1 # 14
	2 # 30
	3 # 25
	4 # 43
	5 # 15
	6 # 34
	7 # 40
	8 # 21
	9 # 24
	10 # 23
	11 # 32
	12 # 27
	13 # 22
	14 # 41
	15 # 20
Timestep 5:
	0 # 19
	1 # 46
	2 # 26
	3 # 27
	4 # 43
	5 # 7
	6 # 38
	7 # 42
	8 # 5
	9 # 24
	10 # 31
	11 # 34
	12 # 11
	13 # 54
	14 # 33
	15 # 4

