Solution makespan:6
Timestep 0:
	0 # 28
	1 # 15
	2 # 35
	3 # 34
	4 # 16
	5 # 49
	6 # 63
	7 # 37
	8 # 32
	9 # 59
	10 # 46
	11 # 54
	12 # 47
	13 # 39
	14 # 26
	15 # 51
Timestep 1:
	0 # 20
	1 # 14
	2 # 34
	3 # 42
	4 # 16
	5 # 33
	6 # 61
	7 # 53
	8 # 48
	9 # 58
	10 # 38
	11 # 22
	12 # 47
	13 # 39
	14 # 18
	15 # 55
Timestep 2:
	0 # 4
	1 # 30
	2 # 2
	3 # 46
	4 # 18
	5 # 41
	6 # 61
	7 # 55
	8 # 52
	9 # 42
	10 # 6
	11 # 20
	12 # 39
	13 # 37
	14 # 50
	15 # 23
Timestep 3:
	0 # 0
	1 # 30
	2 # 18
	3 # 46
	4 # 19
	5 # 9
	6 # 45
	7 # 51
	8 # 36
	9 # 58
	10 # 38
	11 # 4
	12 # 7
	13 # 5
	14 # 54
	15 # 22
Timestep 4:
	0 # 2
	1 # 28
	2 # 18
	3 # 47
	4 # 17
	5 # 13
	6 # 44
	7 # 19
	8 # 52
	9 # 42
	10 # 34
	11 # 12
	12 # 23
	13 # 37
	14 # 38
	15 # 54
Timestep 5:
	0 # 2
	1 # 20
	2 # 22
	3 # 47
	4 # 49
	5 # 15
	6 # 44
	7 # 18
	8 # 52
	9 # 42
	10 # 50
	11 # 4
	12 # 21
	13 # 45
	14 # 6
	15 # 54
Timestep 6:
	0 # 3
	1 # 28
	2 # 23
	3 # 43
	4 # 51
	5 # 47
	6 # 12
	7 # 26
	8 # 53
	9 # 58
	10 # 50
	11 # 36
	12 # 17
	13 # 61
	14 # 2
	15 # 55

