Solution makespan:4
Timestep 0:
	0 # 22
	1 # 15
	2 # 38
	3 # 11
	4 # 40
	5 # 14
	6 # 23
	7 # 30
	8 # 44
	9 # 61
	10 # 33
	11 # 41
	12 # 62
	13 # 36
	14 # 0
	15 # 52
	16 # 32
	17 # 24
	18 # 43
	19 # 6
	20 # 17
	21 # 9
	22 # 3
	23 # 10
Timestep 1:
	0 # 23
	1 # 7
	2 # 34
	3 # 27
	4 # 56
	5 # 15
	6 # 19
	7 # 26
	8 # 44
	9 # 63
	10 # 1
	11 # 41
	12 # 30
	13 # 32
	14 # 4
	15 # 53
	16 # 0
	17 # 24
	18 # 43
	19 # 38
	20 # 17
	21 # 13
	22 # 3
	23 # 10
Timestep 2:
	0 # 23
	1 # 7
	2 # 35
	3 # 59
	4 # 58
	5 # 47
	6 # 3
	7 # 26
	8 # 45
	9 # 55
	10 # 5
	11 # 41
	12 # 22
	13 # 48
	14 # 20
	15 # 53
	16 # 0
	17 # 28
	18 # 42
	19 # 54
	20 # 17
	21 # 9
	22 # 11
	23 # 14
Timestep 3:
	0 # 31
	1 # 5
	2 # 35
	3 # 58
	4 # 26
	5 # 47
	6 # 11
	7 # 18
	8 # 41
	9 # 51
	10 # 37
	11 # 43
	12 # 23
	13 # 49
	14 # 16
	15 # 53
	16 # 0
	17 # 30
	18 # 40
	19 # 55
	20 # 17
	21 # 1
	22 # 10
	23 # 46
Timestep 4:
	0 # 15
	1 # 7
	2 # 3
	3 # 56
	4 # 27
	5 # 63
	6 # 11
	7 # 18
	8 # 43
	9 # 35
	10 # 39
	11 # 42
	12 # 19
	13 # 57
	14 # 16
	15 # 21
	16 # 0
	17 # 31
	18 # 44
	19 # 53
	20 # 1
	21 # 33
	22 # 8
	23 # 47

