Solution makespan:5
Timestep 0:
	0 # 47
	1 # 28
	2 # 51
	3 # 33
	4 # 2
	5 # 0
	6 # 10
	7 # 49
	8 # 60
	9 # 24
	10 # 17
	11 # 55
	12 # 1
	13 # 25
	14 # 12
	15 # 31
	16 # 61
	17 # 45
	18 # 43
	19 # 34
	20 # 15
	21 # 6
	22 # 32
	23 # 8
	24 # 5
	25 # 56
	26 # 16
	27 # 52
	28 # 3
	29 # 38
	30 # 39
	31 # 27
Timestep 1:
	0 # 63
	1 # 20
	2 # 50
	3 # 33
	4 # 3
	5 # 4
	6 # 10
	7 # 51
	8 # 28
	9 # 26
	10 # 16
	11 # 55
	12 # 17
	13 # 29
	14 # 14
	15 # 30
	16 # 61
	17 # 44
	18 # 41
	19 # 42
	20 # 13
	21 # 38
	22 # 34
	23 # 24
	24 # 7
	25 # 60
	26 # 18
	27 # 48
	28 # 19
	29 # 36
	30 # 37
	31 # 27
Timestep 2:
	0 # 61
	1 # 52
	2 # 18
	3 # 32
	4 # 35
	5 # 6
	6 # 11
	7 # 59
	8 # 24
	9 # 27
	10 # 0
	11 # 63
	12 # 49
	13 # 31
	14 # 15
	15 # 14
	16 # 29
	17 # 12
	18 # 9
	19 # 43
	20 # 45
	21 # 38
	22 # 42
	23 # 56
	24 # 23
	25 # 62
	26 # 22
	27 # 16
	28 # 51
	29 # 4
	30 # 37
	31 # 25
Timestep 3:
	0 # 29
	1 # 48
	2 # 18
	3 # 40
	4 # 35
	5 # 7
	6 # 3
	7 # 58
	8 # 8
	9 # 31
	10 # 2
	11 # 62
	12 # 53
	13 # 23
	14 # 47
	15 # 6
	16 # 25
	17 # 14
	18 # 1
	19 # 41
	20 # 37
	21 # 34
	22 # 10
	23 # 60
	24 # 22
	25 # 54
	26 # 20
	27 # 16
	28 # 59
	29 # 0
	30 # 39
	31 # 24
Timestep 4:
	0 # 13
	1 # 32
	2 # 26
	3 # 41
	4 # 43
	5 # 3
	6 # 1
	7 # 56
	8 # 9
	9 # 29
	10 # 2
	11 # 54
	12 # 37
	13 # 31
	14 # 45
	15 # 38
	16 # 27
	17 # 15
	18 # 17
	19 # 33
	20 # 5
	21 # 34
	22 # 14
	23 # 44
	24 # 6
	25 # 55
	26 # 4
	27 # 24
	28 # 63
	29 # 8
	30 # 39
	31 # 28
Timestep 5:
	0 # 13
	1 # 48
	2 # 58
	3 # 9
	4 # 41
	5 # 35
	6 # 17
	7 # 57
	8 # 11
	9 # 61
	10 # 18
	11 # 55
	12 # 5
	13 # 31
	14 # 37
	15 # 36
	16 # 59
	17 # 47
	18 # 16
	19 # 49
	20 # 21
	21 # 38
	22 # 30
	23 # 45
	24 # 22
	25 # 53
	26 # 6
	27 # 25
	28 # 63
	29 # 24
	30 # 7
	31 # 28

