Solution makespan:6
Timestep 0:
	0 # 17
	1 # 12
	2 # 16
	3 # 20
	4 # 21
	5 # 19
	6 # 62
	7 # 0
	8 # 18
	9 # 47
	10 # 33
	11 # 23
	12 # 40
	13 # 48
	14 # 7
	15 # 28
	16 # 45
	17 # 32
	18 # 51
	19 # 25
	20 # 22
	21 # 4
	22 # 9
	23 # 29
	24 # 37
	25 # 54
	26 # 34
	27 # 10
	28 # 24
	29 # 39
	30 # 59
	31 # 14
Timestep 1:
	0 # 49
	1 # 12
	2 # 18
	3 # 21
	4 # 53
	5 # 17
	6 # 54
	7 # 0
	8 # 50
	9 # 45
	10 # 41
	11 # 7
	12 # 8
	13 # 56
	14 # 3
	15 # 30
	16 # 44
	17 # 40
	18 # 35
	19 # 27
	20 # 6
	21 # 4
	22 # 1
	23 # 28
	24 # 39
	25 # 22
	26 # 2
	27 # 42
	28 # 25
	29 # 55
	30 # 57
	31 # 15
Timestep 2:
	0 # 53
	1 # 14
	2 # 19
	3 # 23
	4 # 61
	5 # 17
	6 # 38
	7 # 16
	8 # 51
	9 # 37
	10 # 45
	11 # 3
	12 # 9
	13 # 58
	14 # 11
	15 # 31
	16 # 46
	17 # 42
	18 # 39
	19 # 59
	20 # 6
	21 # 12
	22 # 0
	23 # 30
	24 # 47
	25 # 18
	26 # 10
	27 # 34
	28 # 57
	29 # 63
	30 # 56
	31 # 13
Timestep 3:
	0 # 37
	1 # 6
	2 # 17
	3 # 23
	4 # 29
	5 # 16
	6 # 34
	7 # 24
	8 # 35
	9 # 36
	10 # 47
	11 # 7
	12 # 25
	13 # 50
	14 # 9
	15 # 27
	16 # 62
	17 # 43
	18 # 38
	19 # 63
	20 # 2
	21 # 44
	22 # 8
	23 # 14
	24 # 46
	25 # 19
	26 # 10
	27 # 32
	28 # 61
	29 # 31
	30 # 56
	31 # 5
Timestep 4:
	0 # 39
	1 # 2
	2 # 49
	3 # 22
	4 # 21
	5 # 0
	6 # 34
	7 # 28
	8 # 33
	9 # 36
	10 # 43
	11 # 6
	12 # 57
	13 # 51
	14 # 41
	15 # 59
	16 # 54
	17 # 11
	18 # 38
	19 # 61
	20 # 3
	21 # 60
	22 # 40
	23 # 15
	24 # 62
	25 # 27
	26 # 8
	27 # 48
	28 # 45
	29 # 31
	30 # 24
	31 # 1
Timestep 5:
	0 # 38
	1 # 6
	2 # 48
	3 # 54
	4 # 23
	5 # 0
	6 # 50
	7 # 29
	8 # 33
	9 # 37
	10 # 42
	11 # 14
	12 # 59
	13 # 19
	14 # 41
	15 # 51
	16 # 52
	17 # 15
	18 # 36
	19 # 60
	20 # 35
	21 # 56
	22 # 32
	23 # 47
	24 # 58
	25 # 26
	26 # 9
	27 # 16
	28 # 45
	29 # 63
	30 # 25
	31 # 1
Timestep 6:
	0 # 46
	1 # 6
	2 # 49
	3 # 38
	4 # 31
	5 # 2
	6 # 54
	7 # 29
	8 # 35
	9 # 5
	10 # 58
	11 # 12
	12 # 59
	13 # 18
	14 # 40
	15 # 51
	16 # 52
	17 # 15
	18 # 36
	19 # 60
	20 # 43
	21 # 57
	22 # 32
	23 # 45
	24 # 56
	25 # 10
	26 # 25
	27 # 48
	28 # 41
	29 # 47
	30 # 24
	31 # 1

