Solution makespan:5
Timestep 0:
	0 # 7
	1 # 31
	2 # 54
	3 # 61
	4 # 36
	5 # 11
	6 # 41
	7 # 56
	8 # 63
	9 # 5
	10 # 2
	11 # 32
	12 # 51
	13 # 22
	14 # 12
	15 # 42
	16 # 52
	17 # 23
	18 # 45
	19 # 27
Timestep 1:
	0 # 6
	1 # 31
	2 # 54
	3 # 53
	4 # 4
	5 # 9
	6 # 43
	7 # 40
	8 # 62
	9 # 37
	10 # 10
	11 # 0
	12 # 35
	13 # 22
	14 # 14
	15 # 46
	16 # 36
	17 # 23
	18 # 13
	19 # 19
Timestep 2:
	0 # 2
	1 # 30
	2 # 38
	3 # 49
	4 # 4
	5 # 1
	6 # 11
	7 # 8
	8 # 58
	9 # 37
	10 # 10
	11 # 16
	12 # 39
	13 # 54
	14 # 6
	15 # 62
	16 # 32
	17 # 21
	18 # 5
	19 # 18
Timestep 3:
	0 # 2
	1 # 26
	2 # 34
	3 # 57
	4 # 20
	5 # 1
	6 # 15
	7 # 24
	8 # 42
	9 # 39
	10 # 11
	11 # 18
	12 # 38
	13 # 55
	14 # 22
	15 # 63
	16 # 40
	17 # 53
	18 # 21
	19 # 50
Timestep 4:
	0 # 10
	1 # 26
	2 # 35
	3 # 49
	4 # 28
	5 # 5
	6 # 14
	7 # 24
	8 # 42
	9 # 38
	10 # 27
	11 # 22
	12 # 36
	13 # 51
	14 # 23
	15 # 61
	16 # 41
	17 # 37
	18 # 20
	19 # 50
Timestep 5:
	0 # 26
	1 # 58
	2 # 33
	3 # 53
	4 # 60
	5 # 13
	6 # 30
	7 # 8
	8 # 34
	9 # 46
	10 # 25
	11 # 22
	12 # 32
	13 # 51
	14 # 23
	15 # 61
	16 # 57
	17 # 45
	18 # 4
	19 # 54

