Solution makespan:5
Timestep 0:
	0 # 57
	1 # 25
	2 # 2
	3 # 9
	4 # 43
	5 # 11
	6 # 38
	7 # 46
	8 # 30
	9 # 35
	10 # 33
	11 # 24
	12 # 56
	13 # 29
	14 # 14
	15 # 16
	16 # 1
	17 # 58
	18 # 3
	19 # 17
Timestep 1:
	0 # 59
	1 # 57
	2 # 0
	3 # 8
	4 # 47
	5 # 10
	6 # 6
	7 # 44
	8 # 30
	9 # 39
	10 # 33
	11 # 28
	12 # 58
	13 # 61
	14 # 15
	15 # 48
	16 # 9
	17 # 26
	18 # 7
	19 # 19
Timestep 2:
	0 # 63
	1 # 56
	2 # 1
	3 # 10
	4 # 45
	5 # 42
	6 # 2
	7 # 36
	8 # 28
	9 # 47
	10 # 35
	11 # 12
	12 # 59
	13 # 29
	14 # 11
	15 # 52
	16 # 9
	17 # 30
	18 # 23
	19 # 51
Timestep 3:
	0 # 31
	1 # 56
	2 # 33
	3 # 42
	4 # 13
	5 # 40
	6 # 34
	7 # 32
	8 # 24
	9 # 45
	10 # 39
	11 # 44
	12 # 43
	13 # 28
	14 # 27
	15 # 36
	16 # 41
	17 # 26
	18 # 19
	19 # 35
Timestep 4:
	0 # 30
	1 # 48
	2 # 49
	3 # 42
	4 # 29
	5 # 40
	6 # 50
	7 # 32
	8 # 25
	9 # 44
	10 # 38
	11 # 46
	12 # 47
	13 # 24
	14 # 27
	15 # 37
	16 # 41
	17 # 26
	18 # 23
	19 # 35
Timestep 5:
	0 # 22
	1 # 50
	2 # 17
	3 # 58
	4 # 28
	5 # 8
	6 # 18
	7 # 0
	8 # 27
	9 # 60
	10 # 6
	11 # 62
	12 # 15
	13 # 56
	14 # 19
	15 # 33
	16 # 57
	17 # 30
	18 # 21
	19 # 43

