Solution makespan:5
Timestep 0:
	0 # 37
	1 # 34
	2 # 48
	3 # 10
	4 # 26
	5 # 35
	6 # 1
	7 # 56
	8 # 45
	9 # 58
	10 # 33
	11 # 3
	12 # 18
	13 # 16
	14 # 6
	15 # 2
	16 # 36
	17 # 29
	18 # 53
	19 # 60
Timestep 1:
	0 # 33
	1 # 50
	2 # 56
	3 # 10
	4 # 24
	5 # 39
	6 # 5
	7 # 40
	8 # 44
	9 # 42
	10 # 41
	11 # 11
	12 # 16
	13 # 20
	14 # 4
	15 # 18
	16 # 38
	17 # 31
	18 # 21
	19 # 62
Timestep 2:
	0 # 35
	1 # 34
	2 # 60
	3 # 2
	4 # 26
	5 # 7
	6 # 13
	7 # 32
	8 # 36
	9 # 40
	10 # 45
	11 # 27
	12 # 16
	13 # 52
	14 # 4
	15 # 18
	16 # 46
	17 # 31
	18 # 21
	19 # 63
Timestep 3:
	0 # 35
	1 # 50
	2 # 61
	3 # 6
	4 # 24
	5 # 7
	6 # 15
	7 # 48
	8 # 36
	9 # 40
	10 # 44
	11 # 19
	12 # 18
	13 # 60
	14 # 0
	15 # 22
	16 # 47
	17 # 29
	18 # 17
	19 # 59
Timestep 4:
	0 # 3
	1 # 48
	2 # 45
	3 # 38
	4 # 25
	5 # 5
	6 # 11
	7 # 49
	8 # 52
	9 # 8
	10 # 46
	11 # 18
	12 # 26
	13 # 62
	14 # 4
	15 # 23
	16 # 43
	17 # 31
	18 # 17
	19 # 27
Timestep 5:
	0 # 3
	1 # 48
	2 # 37
	3 # 39
	4 # 29
	5 # 21
	6 # 11
	7 # 17
	8 # 53
	9 # 40
	10 # 62
	11 # 18
	12 # 27
	13 # 63
	14 # 20
	15 # 31
	16 # 42
	17 # 15
	18 # 19
	19 # 25

