Solution makespan:6
Timestep 0:
	0 # 59
	1 # 24
	2 # 61
	3 # 46
	4 # 18
	5 # 10
	6 # 53
	7 # 34
	8 # 28
	9 # 45
	10 # 23
	11 # 31
	12 # 9
	13 # 6
	14 # 17
	15 # 35
	16 # 3
	17 # 55
	18 # 7
	19 # 63
Timestep 1:
	0 # 63
	1 # 25
	2 # 45
	3 # 47
	4 # 26
	5 # 11
	6 # 37
	7 # 34
	8 # 30
	9 # 13
	10 # 22
	11 # 29
	12 # 8
	13 # 38
	14 # 49
	15 # 43
	16 # 1
	17 # 39
	18 # 23
	19 # 31
Timestep 2:
	0 # 31
	1 # 57
	2 # 44
	3 # 46
	4 # 26
	5 # 9
	6 # 37
	7 # 50
	8 # 62
	9 # 12
	10 # 6
	11 # 28
	12 # 10
	13 # 39
	14 # 33
	15 # 11
	16 # 5
	17 # 35
	18 # 21
	19 # 15
Timestep 3:
	0 # 23
	1 # 59
	2 # 40
	3 # 44
	4 # 24
	5 # 41
	6 # 39
	7 # 51
	8 # 63
	9 # 8
	10 # 7
	11 # 30
	12 # 2
	13 # 35
	14 # 32
	15 # 9
	16 # 21
	17 # 43
	18 # 17
	19 # 31
Timestep 4:
	0 # 19
	1 # 59
	2 # 42
	3 # 44
	4 # 8
	5 # 45
	6 # 39
	7 # 35
	8 # 62
	9 # 10
	10 # 15
	11 # 22
	12 # 3
	13 # 33
	14 # 0
	15 # 1
	16 # 20
	17 # 47
	18 # 16
	19 # 29
Timestep 5:
	0 # 19
	1 # 27
	2 # 43
	3 # 44
	4 # 40
	5 # 37
	6 # 47
	7 # 51
	8 # 30
	9 # 42
	10 # 13
	11 # 6
	12 # 11
	13 # 1
	14 # 32
	15 # 17
	16 # 20
	17 # 46
	18 # 16
	19 # 25
Timestep 6:
	0 # 23
	1 # 26
	2 # 59
	3 # 40
	4 # 8
	5 # 53
	6 # 63
	7 # 49
	8 # 14
	9 # 42
	10 # 45
	11 # 2
	12 # 15
	13 # 5
	14 # 34
	15 # 21
	16 # 28
	17 # 62
	18 # 24
	19 # 57

