Solution makespan:5
Timestep 0:
	0 # 13
	1 # 48
	2 # 42
	3 # 15
	4 # 52
	5 # 33
	6 # 21
	7 # 43
	8 # 2
	9 # 7
	10 # 31
	11 # 35
	12 # 11
	13 # 3
	14 # 12
	15 # 63
	16 # 30
	17 # 32
	18 # 23
	19 # 27
	20 # 36
	21 # 9
	22 # 47
	23 # 25
	24 # 0
	25 # 38
	26 # 55
	27 # 14
	28 # 20
	29 # 22
	30 # 24
	31 # 53
Timestep 1:
	0 # 13
	1 # 56
	2 # 10
	3 # 14
	4 # 20
	5 # 37
	6 # 23
	7 # 47
	8 # 0
	9 # 3
	10 # 29
	11 # 34
	12 # 9
	13 # 1
	14 # 44
	15 # 55
	16 # 62
	17 # 40
	18 # 7
	19 # 59
	20 # 36
	21 # 41
	22 # 39
	23 # 27
	24 # 16
	25 # 6
	26 # 51
	27 # 12
	28 # 4
	29 # 30
	30 # 26
	31 # 53
Timestep 2:
	0 # 9
	1 # 60
	2 # 42
	3 # 46
	4 # 21
	5 # 36
	6 # 22
	7 # 47
	8 # 1
	9 # 19
	10 # 29
	11 # 32
	12 # 8
	13 # 5
	14 # 44
	15 # 23
	16 # 63
	17 # 41
	18 # 6
	19 # 51
	20 # 52
	21 # 43
	22 # 39
	23 # 26
	24 # 17
	25 # 2
	26 # 35
	27 # 28
	28 # 4
	29 # 14
	30 # 58
	31 # 49
Timestep 3:
	0 # 11
	1 # 62
	2 # 10
	3 # 44
	4 # 21
	5 # 38
	6 # 18
	7 # 46
	8 # 5
	9 # 27
	10 # 25
	11 # 48
	12 # 12
	13 # 37
	14 # 40
	15 # 19
	16 # 63
	17 # 45
	18 # 22
	19 # 55
	20 # 20
	21 # 43
	22 # 47
	23 # 58
	24 # 17
	25 # 34
	26 # 35
	27 # 29
	28 # 4
	29 # 14
	30 # 59
	31 # 51
Timestep 4:
	0 # 3
	1 # 54
	2 # 8
	3 # 36
	4 # 20
	5 # 39
	6 # 26
	7 # 14
	8 # 21
	9 # 31
	10 # 25
	11 # 56
	12 # 4
	13 # 53
	14 # 41
	15 # 18
	16 # 59
	17 # 61
	18 # 22
	19 # 23
	20 # 28
	21 # 42
	22 # 43
	23 # 58
	24 # 19
	25 # 32
	26 # 34
	27 # 29
	28 # 6
	29 # 30
	30 # 57
	31 # 35
Timestep 5:
	0 # 19
	1 # 54
	2 # 12
	3 # 52
	4 # 22
	5 # 47
	6 # 10
	7 # 46
	8 # 53
	9 # 63
	10 # 25
	11 # 60
	12 # 36
	13 # 49
	14 # 45
	15 # 2
	16 # 43
	17 # 29
	18 # 18
	19 # 55
	20 # 24
	21 # 40
	22 # 42
	23 # 26
	24 # 27
	25 # 48
	26 # 50
	27 # 13
	28 # 38
	29 # 28
	30 # 61
	31 # 33

