Solution makespan:5
Timestep 0:
	0 # 7
	1 # 62
	2 # 59
	3 # 56
	4 # 42
	5 # 55
	6 # 22
	7 # 52
	8 # 11
	9 # 14
	10 # 30
	11 # 3
	12 # 26
	13 # 17
	14 # 58
	15 # 4
Timestep 1:
	0 # 23
	1 # 58
	2 # 59
	3 # 24
	4 # 43
	5 # 53
	6 # 30
	7 # 54
	8 # 27
	9 # 14
	10 # 31
	11 # 1
	12 # 10
	13 # 25
	14 # 42
	15 # 5
Timestep 2:
	0 # 22
	1 # 50
	2 # 51
	3 # 24
	4 # 43
	5 # 61
	6 # 28
	7 # 38
	8 # 26
	9 # 14
	10 # 15
	11 # 5
	12 # 11
	13 # 29
	14 # 10
	15 # 13
Timestep 3:
	0 # 23
	1 # 34
	2 # 55
	3 # 16
	4 # 59
	5 # 60
	6 # 30
	7 # 38
	8 # 58
	9 # 14
	10 # 15
	11 # 7
	12 # 43
	13 # 29
	14 # 8
	15 # 9
Timestep 4:
	0 # 23
	1 # 32
	2 # 39
	3 # 18
	4 # 58
	5 # 62
	6 # 31
	7 # 34
	8 # 26
	9 # 10
	10 # 11
	11 # 6
	12 # 43
	13 # 28
	14 # 9
	15 # 25
Timestep 5:
	0 # 31
	1 # 48
	2 # 7
	3 # 18
	4 # 56
	5 # 58
	6 # 15
	7 # 32
	8 # 27
	9 # 42
	10 # 3
	11 # 14
	12 # 41
	13 # 12
	14 # 13
	15 # 25

