Solution makespan:6
Timestep 0:
	0 # 41
	1 # 54
	2 # 61
	3 # 27
	4 # 48
	5 # 55
	6 # 37
	7 # 58
	8 # 12
	9 # 57
	10 # 8
	11 # 29
	12 # 51
	13 # 18
	14 # 25
	15 # 34
Timestep 1:
	0 # 45
	1 # 55
	2 # 57
	3 # 59
	4 # 16
	5 # 53
	6 # 36
	7 # 56
	8 # 14
	9 # 25
	10 # 24
	11 # 28
	12 # 19
	13 # 50
	14 # 17
	15 # 42
Timestep 2:
	0 # 61
	1 # 55
	2 # 57
	3 # 51
	4 # 20
	5 # 53
	6 # 4
	7 # 48
	8 # 46
	9 # 25
	10 # 26
	11 # 30
	12 # 23
	13 # 18
	14 # 19
	15 # 43
Timestep 3:
	0 # 57
	1 # 53
	2 # 25
	3 # 49
	4 # 20
	5 # 21
	6 # 12
	7 # 52
	8 # 46
	9 # 24
	10 # 30
	11 # 62
	12 # 55
	13 # 16
	14 # 27
	15 # 47
Timestep 4:
	0 # 56
	1 # 21
	2 # 9
	3 # 53
	4 # 4
	5 # 23
	6 # 14
	7 # 52
	8 # 42
	9 # 28
	10 # 31
	11 # 46
	12 # 51
	13 # 16
	14 # 27
	15 # 47
Timestep 5:
	0 # 56
	1 # 53
	2 # 13
	3 # 52
	4 # 12
	5 # 19
	6 # 10
	7 # 54
	8 # 43
	9 # 20
	10 # 23
	11 # 47
	12 # 49
	13 # 48
	14 # 11
	15 # 15
Timestep 6:
	0 # 48
	1 # 37
	2 # 12
	3 # 60
	4 # 14
	5 # 3
	6 # 10
	7 # 50
	8 # 43
	9 # 4
	10 # 55
	11 # 63
	12 # 57
	13 # 32
	14 # 11
	15 # 31

