Solution makespan:6
Timestep 0:
	0 # 9
	1 # 22
	2 # 57
	3 # 10
	4 # 5
	5 # 32
	6 # 40
	7 # 41
	8 # 33
	9 # 63
	10 # 54
	11 # 21
	12 # 59
	13 # 62
	14 # 30
	15 # 39
	16 # 53
	17 # 12
	18 # 56
	19 # 24
	20 # 50
	21 # 34
	22 # 11
	23 # 49
	24 # 6
	25 # 26
	26 # 52
	27 # 15
	28 # 14
	29 # 8
	30 # 36
	31 # 25
Timestep 1:
	0 # 1
	1 # 22
	2 # 61
	3 # 11
	4 # 13
	5 # 32
	6 # 40
	7 # 9
	8 # 35
	9 # 62
	10 # 52
	11 # 29
	12 # 43
	13 # 54
	14 # 28
	15 # 47
	16 # 37
	17 # 44
	18 # 60
	19 # 56
	20 # 51
	21 # 50
	22 # 3
	23 # 53
	24 # 6
	25 # 26
	26 # 48
	27 # 14
	28 # 12
	29 # 0
	30 # 4
	31 # 25
Timestep 2:
	0 # 33
	1 # 20
	2 # 29
	3 # 3
	4 # 13
	5 # 34
	6 # 32
	7 # 25
	8 # 35
	9 # 62
	10 # 53
	11 # 31
	12 # 43
	13 # 55
	14 # 30
	15 # 15
	16 # 45
	17 # 44
	18 # 61
	19 # 58
	20 # 59
	21 # 51
	22 # 2
	23 # 37
	24 # 38
	25 # 18
	26 # 56
	27 # 46
	28 # 28
	29 # 4
	30 # 5
	31 # 57
Timestep 3:
	0 # 49
	1 # 16
	2 # 21
	3 # 1
	4 # 12
	5 # 50
	6 # 48
	7 # 24
	8 # 3
	9 # 46
	10 # 53
	11 # 27
	12 # 47
	13 # 63
	14 # 28
	15 # 11
	16 # 45
	17 # 40
	18 # 61
	19 # 42
	20 # 59
	21 # 51
	22 # 2
	23 # 39
	24 # 6
	25 # 22
	26 # 57
	27 # 44
	28 # 60
	29 # 36
	30 # 4
	31 # 41
Timestep 4:
	0 # 17
	1 # 0
	2 # 53
	3 # 33
	4 # 12
	5 # 18
	6 # 16
	7 # 24
	8 # 19
	9 # 14
	10 # 55
	11 # 27
	12 # 39
	13 # 47
	14 # 28
	15 # 11
	16 # 61
	17 # 32
	18 # 29
	19 # 43
	20 # 51
	21 # 49
	22 # 10
	23 # 38
	24 # 7
	25 # 54
	26 # 41
	27 # 60
	28 # 56
	29 # 37
	30 # 20
	31 # 40
Timestep 5:
	0 # 25
	1 # 1
	2 # 53
	3 # 32
	4 # 12
	5 # 22
	6 # 17
	7 # 26
	8 # 23
	9 # 14
	10 # 55
	11 # 11
	12 # 7
	13 # 45
	14 # 20
	15 # 10
	16 # 57
	17 # 48
	18 # 13
	19 # 47
	20 # 49
	21 # 33
	22 # 2
	23 # 46
	24 # 3
	25 # 50
	26 # 9
	27 # 28
	28 # 56
	29 # 5
	30 # 4
	31 # 44
Timestep 6:
	0 # 24
	1 # 1
	2 # 53
	3 # 32
	4 # 12
	5 # 54
	6 # 21
	7 # 27
	8 # 31
	9 # 15
	10 # 63
	11 # 43
	12 # 7
	13 # 61
	14 # 52
	15 # 2
	16 # 25
	17 # 16
	18 # 29
	19 # 39
	20 # 57
	21 # 33
	22 # 6
	23 # 46
	24 # 3
	25 # 34
	26 # 41
	27 # 30
	28 # 56
	29 # 5
	30 # 0
	31 # 44

