Solution makespan:5
Timestep 0:
	0 # 12
	1 # 0
	2 # 27
	3 # 55
	4 # 18
	5 # 58
	6 # 51
	7 # 1
	8 # 16
	9 # 53
	10 # 10
	11 # 7
	12 # 26
	13 # 13
	14 # 9
	15 # 62
	16 # 2
	17 # 50
	18 # 61
	19 # 17
Timestep 1:
	0 # 8
	1 # 32
	2 # 31
	3 # 23
	4 # 18
	5 # 56
	6 # 55
	7 # 5
	8 # 20
	9 # 49
	10 # 26
	11 # 6
	12 # 30
	13 # 15
	14 # 9
	15 # 63
	16 # 3
	17 # 58
	18 # 61
	19 # 19
Timestep 2:
	0 # 40
	1 # 33
	2 # 31
	3 # 19
	4 # 22
	5 # 24
	6 # 54
	7 # 4
	8 # 21
	9 # 17
	10 # 27
	11 # 2
	12 # 30
	13 # 7
	14 # 1
	15 # 63
	16 # 11
	17 # 56
	18 # 29
	19 # 51
Timestep 3:
	0 # 32
	1 # 49
	2 # 31
	3 # 18
	4 # 6
	5 # 28
	6 # 22
	7 # 4
	8 # 29
	9 # 25
	10 # 27
	11 # 10
	12 # 62
	13 # 23
	14 # 3
	15 # 61
	16 # 9
	17 # 56
	18 # 13
	19 # 19
Timestep 4:
	0 # 32
	1 # 49
	2 # 31
	3 # 2
	4 # 7
	5 # 28
	6 # 22
	7 # 36
	8 # 13
	9 # 17
	10 # 27
	11 # 10
	12 # 54
	13 # 55
	14 # 35
	15 # 53
	16 # 9
	17 # 40
	18 # 15
	19 # 19
Timestep 5:
	0 # 33
	1 # 57
	2 # 63
	3 # 34
	4 # 39
	5 # 29
	6 # 20
	7 # 36
	8 # 45
	9 # 19
	10 # 59
	11 # 2
	12 # 52
	13 # 51
	14 # 43
	15 # 55
	16 # 25
	17 # 41
	18 # 11
	19 # 23

