Solution makespan:5
Timestep 0:
	0 # 1
	1 # 25
	2 # 12
	3 # 31
	4 # 61
	5 # 45
	6 # 43
	7 # 34
	8 # 15
	9 # 6
	10 # 32
	11 # 8
	12 # 5
	13 # 56
	14 # 16
	15 # 52
	16 # 3
	17 # 38
	18 # 39
	19 # 27
Timestep 1:
	0 # 5
	1 # 17
	2 # 12
	3 # 23
	4 # 45
	5 # 37
	6 # 41
	7 # 38
	8 # 15
	9 # 22
	10 # 33
	11 # 0
	12 # 13
	13 # 57
	14 # 48
	15 # 20
	16 # 2
	17 # 46
	18 # 35
	19 # 19
Timestep 2:
	0 # 21
	1 # 19
	2 # 14
	3 # 23
	4 # 47
	5 # 33
	6 # 40
	7 # 46
	8 # 7
	9 # 54
	10 # 1
	11 # 8
	12 # 13
	13 # 61
	14 # 32
	15 # 4
	16 # 6
	17 # 44
	18 # 39
	19 # 18
Timestep 3:
	0 # 29
	1 # 3
	2 # 6
	3 # 31
	4 # 43
	5 # 49
	6 # 42
	7 # 44
	8 # 23
	9 # 62
	10 # 17
	11 # 12
	12 # 9
	13 # 63
	14 # 33
	15 # 5
	16 # 2
	17 # 40
	18 # 39
	19 # 16
Timestep 4:
	0 # 28
	1 # 7
	2 # 14
	3 # 27
	4 # 43
	5 # 49
	6 # 42
	7 # 40
	8 # 31
	9 # 30
	10 # 17
	11 # 13
	12 # 11
	13 # 47
	14 # 33
	15 # 37
	16 # 34
	17 # 8
	18 # 35
	19 # 16
Timestep 5:
	0 # 60
	1 # 39
	2 # 46
	3 # 25
	4 # 35
	5 # 51
	6 # 43
	7 # 40
	8 # 23
	9 # 30
	10 # 19
	11 # 9
	12 # 27
	13 # 63
	14 # 41
	15 # 45
	16 # 50
	17 # 24
	18 # 3
	19 # 20

