Solution makespan:6
Timestep 0:
	0 # 31
	1 # 17
	2 # 60
	3 # 61
	4 # 33
	5 # 20
	6 # 42
	7 # 13
	8 # 5
	9 # 40
	10 # 49
	11 # 19
Timestep 1:
	0 # 30
	1 # 1
	2 # 61
	3 # 45
	4 # 32
	5 # 4
	6 # 34
	7 # 5
	8 # 37
	9 # 8
	10 # 17
	11 # 18
Timestep 2:
	0 # 62
	1 # 33
	2 # 53
	3 # 41
	4 # 36
	5 # 0
	6 # 50
	7 # 7
	8 # 37
	9 # 12
	10 # 25
	11 # 2
Timestep 3:
	0 # 54
	1 # 35
	2 # 61
	3 # 9
	4 # 38
	5 # 8
	6 # 50
	7 # 23
	8 # 45
	9 # 14
	10 # 24
	11 # 10
Timestep 4:
	0 # 22
	1 # 39
	2 # 63
	3 # 1
	4 # 54
	5 # 9
	6 # 58
	7 # 19
	8 # 44
	9 # 15
	10 # 56
	11 # 26
Timestep 5:
	0 # 23
	1 # 38
	2 # 55
	3 # 5
	4 # 52
	5 # 25
	6 # 59
	7 # 17
	8 # 60
	9 # 31
	10 # 40
	11 # 24
Timestep 6:
	0 # 19
	1 # 54
	2 # 39
	3 # 5
	4 # 48
	5 # 29
	6 # 59
	7 # 17
	8 # 28
	9 # 23
	10 # 40
	11 # 8

