Solution makespan:5
Timestep 0:
	0 # 40
	1 # 60
	2 # 30
	3 # 36
	4 # 49
	5 # 23
	6 # 28
	7 # 59
	8 # 34
	9 # 24
	10 # 0
	11 # 51
	12 # 32
	13 # 45
	14 # 22
	15 # 43
	16 # 3
	17 # 52
	18 # 27
	19 # 20
	20 # 12
	21 # 47
	22 # 57
	23 # 2
Timestep 1:
	0 # 44
	1 # 60
	2 # 28
	3 # 36
	4 # 33
	5 # 55
	6 # 29
	7 # 43
	8 # 42
	9 # 8
	10 # 2
	11 # 59
	12 # 48
	13 # 37
	14 # 18
	15 # 41
	16 # 19
	17 # 52
	18 # 11
	19 # 22
	20 # 12
	21 # 46
	22 # 57
	23 # 6
Timestep 2:
	0 # 45
	1 # 28
	2 # 12
	3 # 52
	4 # 35
	5 # 53
	6 # 31
	7 # 43
	8 # 10
	9 # 8
	10 # 3
	11 # 63
	12 # 32
	13 # 33
	14 # 50
	15 # 40
	16 # 23
	17 # 48
	18 # 15
	19 # 30
	20 # 13
	21 # 14
	22 # 61
	23 # 4
Timestep 3:
	0 # 13
	1 # 28
	2 # 8
	3 # 53
	4 # 51
	5 # 37
	6 # 63
	7 # 35
	8 # 14
	9 # 24
	10 # 2
	11 # 62
	12 # 36
	13 # 49
	14 # 50
	15 # 42
	16 # 23
	17 # 48
	18 # 7
	19 # 26
	20 # 5
	21 # 12
	22 # 60
	23 # 0
Timestep 4:
	0 # 29
	1 # 28
	2 # 0
	3 # 37
	4 # 49
	5 # 45
	6 # 47
	7 # 51
	8 # 30
	9 # 25
	10 # 34
	11 # 54
	12 # 38
	13 # 33
	14 # 50
	15 # 46
	16 # 31
	17 # 48
	18 # 39
	19 # 27
	20 # 1
	21 # 44
	22 # 52
	23 # 32
Timestep 5:
	0 # 28
	1 # 12
	2 # 0
	3 # 36
	4 # 17
	5 # 61
	6 # 46
	7 # 50
	8 # 31
	9 # 57
	10 # 35
	11 # 22
	12 # 6
	13 # 49
	14 # 34
	15 # 14
	16 # 27
	17 # 16
	18 # 37
	19 # 11
	20 # 5
	21 # 60
	22 # 54
	23 # 32

