Solution makespan:5
Timestep 0:
	0 # 35
	1 # 58
	2 # 48
	3 # 40
	4 # 30
	5 # 31
	6 # 16
	7 # 42
	8 # 54
	9 # 4
	10 # 3
	11 # 20
	12 # 43
	13 # 46
	14 # 11
	15 # 8
	16 # 32
	17 # 47
	18 # 22
	19 # 24
	20 # 36
	21 # 59
	22 # 25
	23 # 26
	24 # 39
	25 # 1
	26 # 18
	27 # 62
Timestep 1:
	0 # 51
	1 # 42
	2 # 52
	3 # 56
	4 # 28
	5 # 29
	6 # 18
	7 # 40
	8 # 22
	9 # 20
	10 # 7
	11 # 21
	12 # 41
	13 # 38
	14 # 27
	15 # 8
	16 # 33
	17 # 47
	18 # 6
	19 # 26
	20 # 32
	21 # 43
	22 # 9
	23 # 10
	24 # 55
	25 # 0
	26 # 2
	27 # 58
Timestep 2:
	0 # 19
	1 # 40
	2 # 36
	3 # 60
	4 # 28
	5 # 25
	6 # 26
	7 # 44
	8 # 23
	9 # 20
	10 # 15
	11 # 5
	12 # 45
	13 # 38
	14 # 27
	15 # 0
	16 # 32
	17 # 43
	18 # 2
	19 # 30
	20 # 34
	21 # 11
	22 # 9
	23 # 42
	24 # 51
	25 # 4
	26 # 3
	27 # 56
Timestep 3:
	0 # 19
	1 # 41
	2 # 4
	3 # 52
	4 # 29
	5 # 17
	6 # 27
	7 # 45
	8 # 31
	9 # 28
	10 # 15
	11 # 1
	12 # 13
	13 # 34
	14 # 25
	15 # 8
	16 # 36
	17 # 42
	18 # 6
	19 # 30
	20 # 2
	21 # 3
	22 # 11
	23 # 10
	24 # 49
	25 # 12
	26 # 7
	27 # 40
Timestep 4:
	0 # 18
	1 # 43
	2 # 5
	3 # 52
	4 # 21
	5 # 49
	6 # 11
	7 # 41
	8 # 27
	9 # 28
	10 # 47
	11 # 1
	12 # 13
	13 # 32
	14 # 9
	15 # 8
	16 # 4
	17 # 42
	18 # 7
	19 # 22
	20 # 2
	21 # 3
	22 # 10
	23 # 26
	24 # 48
	25 # 44
	26 # 39
	27 # 40
Timestep 5:
	0 # 50
	1 # 11
	2 # 5
	3 # 53
	4 # 21
	5 # 51
	6 # 3
	7 # 33
	8 # 25
	9 # 28
	10 # 63
	11 # 17
	12 # 9
	13 # 32
	14 # 1
	15 # 12
	16 # 4
	17 # 34
	18 # 23
	19 # 20
	20 # 0
	21 # 19
	22 # 2
	23 # 27
	24 # 48
	25 # 60
	26 # 55
	27 # 41

