Solution makespan:6
Timestep 0:
	0 # 48
	1 # 11
	2 # 27
	3 # 46
	4 # 3
	5 # 63
	6 # 44
	7 # 36
	8 # 13
	9 # 26
	10 # 23
	11 # 25
	12 # 5
	13 # 18
	14 # 21
	15 # 33
	16 # 39
	17 # 45
	18 # 52
	19 # 24
	20 # 35
	21 # 58
	22 # 2
	23 # 8
	24 # 61
	25 # 38
	26 # 59
	27 # 16
Timestep 1:
	0 # 48
	1 # 43
	2 # 11
	3 # 44
	4 # 2
	5 # 62
	6 # 40
	7 # 36
	8 # 29
	9 # 10
	10 # 7
	11 # 25
	12 # 5
	13 # 19
	14 # 21
	15 # 33
	16 # 37
	17 # 41
	18 # 53
	19 # 28
	20 # 3
	21 # 59
	22 # 34
	23 # 8
	24 # 63
	25 # 46
	26 # 57
	27 # 17
Timestep 2:
	0 # 52
	1 # 59
	2 # 15
	3 # 60
	4 # 6
	5 # 58
	6 # 44
	7 # 32
	8 # 28
	9 # 2
	10 # 39
	11 # 57
	12 # 1
	13 # 51
	14 # 53
	15 # 41
	16 # 5
	17 # 9
	18 # 55
	19 # 30
	20 # 19
	21 # 27
	22 # 50
	23 # 24
	24 # 63
	25 # 42
	26 # 61
	27 # 49
Timestep 3:
	0 # 20
	1 # 27
	2 # 47
	3 # 28
	4 # 14
	5 # 26
	6 # 60
	7 # 40
	8 # 29
	9 # 6
	10 # 39
	11 # 41
	12 # 3
	13 # 35
	14 # 37
	15 # 33
	16 # 5
	17 # 13
	18 # 51
	19 # 22
	20 # 19
	21 # 11
	22 # 48
	23 # 8
	24 # 62
	25 # 10
	26 # 53
	27 # 57
Timestep 4:
	0 # 28
	1 # 27
	2 # 63
	3 # 24
	4 # 30
	5 # 18
	6 # 52
	7 # 44
	8 # 31
	9 # 14
	10 # 7
	11 # 40
	12 # 3
	13 # 43
	14 # 39
	15 # 41
	16 # 4
	17 # 45
	18 # 49
	19 # 23
	20 # 51
	21 # 10
	22 # 16
	23 # 9
	24 # 46
	25 # 8
	26 # 21
	27 # 56
Timestep 5:
	0 # 12
	1 # 59
	2 # 61
	3 # 16
	4 # 26
	5 # 22
	6 # 54
	7 # 36
	8 # 31
	9 # 15
	10 # 3
	11 # 42
	12 # 19
	13 # 35
	14 # 38
	15 # 9
	16 # 6
	17 # 41
	18 # 49
	19 # 55
	20 # 50
	21 # 14
	22 # 17
	23 # 11
	24 # 47
	25 # 8
	26 # 20
	27 # 58
Timestep 6:
	0 # 12
	1 # 59
	2 # 53
	3 # 17
	4 # 24
	5 # 20
	6 # 55
	7 # 37
	8 # 30
	9 # 13
	10 # 35
	11 # 10
	12 # 18
	13 # 51
	14 # 36
	15 # 11
	16 # 6
	17 # 33
	18 # 48
	19 # 39
	20 # 50
	21 # 14
	22 # 21
	23 # 27
	24 # 15
	25 # 40
	26 # 4
	27 # 42

