Solution makespan:6
Timestep 0:
	0 # 35
	1 # 58
	2 # 2
	3 # 8
	4 # 61
	5 # 38
	6 # 59
	7 # 16
Timestep 1:
	0 # 3
	1 # 26
	2 # 2
	3 # 0
	4 # 45
	5 # 34
	6 # 63
	7 # 48
Timestep 2:
	0 # 7
	1 # 26
	2 # 34
	3 # 4
	4 # 47
	5 # 32
	6 # 62
	7 # 48
Timestep 3:
	0 # 3
	1 # 26
	2 # 35
	3 # 36
	4 # 46
	5 # 32
	6 # 60
	7 # 56
Timestep 4:
	0 # 35
	1 # 10
	2 # 39
	3 # 36
	4 # 62
	5 # 33
	6 # 52
	7 # 24
Timestep 5:
	0 # 43
	1 # 42
	2 # 47
	3 # 37
	4 # 62
	5 # 41
	6 # 36
	7 # 8
Timestep 6:
	0 # 59
	1 # 46
	2 # 47
	3 # 45
	4 # 58
	5 # 9
	6 # 4
	7 # 8

