Solution makespan:5
Timestep 0:
	0 # 61
	1 # 36
	2 # 21
	3 # 14
	4 # 4
	5 # 58
	6 # 1
	7 # 18
	8 # 38
	9 # 37
	10 # 57
	11 # 42
	12 # 60
	13 # 22
	14 # 13
	15 # 10
	16 # 47
	17 # 20
	18 # 23
	19 # 5
	20 # 30
	21 # 54
	22 # 49
	23 # 44
	24 # 51
	25 # 16
	26 # 33
	27 # 24
	28 # 41
	29 # 48
	30 # 52
	31 # 25
Timestep 1:
	0 # 60
	1 # 44
	2 # 29
	3 # 46
	4 # 0
	5 # 42
	6 # 3
	7 # 22
	8 # 34
	9 # 37
	10 # 57
	11 # 43
	12 # 56
	13 # 6
	14 # 5
	15 # 14
	16 # 15
	17 # 20
	18 # 19
	19 # 1
	20 # 26
	21 # 54
	22 # 17
	23 # 40
	24 # 59
	25 # 24
	26 # 49
	27 # 8
	28 # 9
	29 # 48
	30 # 53
	31 # 25
Timestep 2:
	0 # 28
	1 # 45
	2 # 29
	3 # 46
	4 # 2
	5 # 43
	6 # 3
	7 # 30
	8 # 35
	9 # 36
	10 # 25
	11 # 47
	12 # 24
	13 # 38
	14 # 7
	15 # 14
	16 # 11
	17 # 4
	18 # 17
	19 # 33
	20 # 58
	21 # 50
	22 # 21
	23 # 32
	24 # 57
	25 # 16
	26 # 51
	27 # 40
	28 # 41
	29 # 52
	30 # 61
	31 # 27
Timestep 3:
	0 # 24
	1 # 13
	2 # 29
	3 # 42
	4 # 2
	5 # 11
	6 # 19
	7 # 28
	8 # 3
	9 # 4
	10 # 9
	11 # 63
	12 # 16
	13 # 36
	14 # 7
	15 # 30
	16 # 10
	17 # 12
	18 # 17
	19 # 49
	20 # 59
	21 # 48
	22 # 23
	23 # 34
	24 # 56
	25 # 0
	26 # 55
	27 # 44
	28 # 40
	29 # 53
	30 # 45
	31 # 27
Timestep 4:
	0 # 26
	1 # 29
	2 # 25
	3 # 10
	4 # 18
	5 # 15
	6 # 3
	7 # 30
	8 # 35
	9 # 5
	10 # 41
	11 # 61
	12 # 16
	13 # 4
	14 # 6
	15 # 22
	16 # 2
	17 # 44
	18 # 21
	19 # 51
	20 # 57
	21 # 32
	22 # 23
	23 # 34
	24 # 60
	25 # 8
	26 # 39
	27 # 36
	28 # 42
	29 # 37
	30 # 47
	31 # 59
Timestep 5:
	0 # 10
	1 # 29
	2 # 9
	3 # 11
	4 # 26
	5 # 31
	6 # 7
	7 # 62
	8 # 43
	9 # 13
	10 # 45
	11 # 53
	12 # 48
	13 # 20
	14 # 38
	15 # 54
	16 # 2
	17 # 60
	18 # 5
	19 # 35
	20 # 61
	21 # 33
	22 # 21
	23 # 50
	24 # 52
	25 # 8
	26 # 47
	27 # 36
	28 # 58
	29 # 37
	30 # 15
	31 # 63

