Solution makespan:5
Timestep 0:
	0 # 14
	1 # 45
	2 # 41
	3 # 34
	4 # 38
	5 # 9
	6 # 15
	7 # 35
	8 # 26
	9 # 11
	10 # 24
	11 # 63
	12 # 19
	13 # 10
	14 # 42
	15 # 46
	16 # 43
	17 # 60
	18 # 61
	19 # 53
	20 # 28
	21 # 54
	22 # 40
	23 # 27
	24 # 29
	25 # 1
	26 # 4
	27 # 21
	28 # 13
	29 # 55
	30 # 2
	31 # 36
Timestep 1:
	0 # 30
	1 # 61
	2 # 40
	3 # 50
	4 # 34
	5 # 1
	6 # 14
	7 # 39
	8 # 18
	9 # 43
	10 # 8
	11 # 63
	12 # 17
	13 # 26
	14 # 46
	15 # 44
	16 # 41
	17 # 28
	18 # 57
	19 # 49
	20 # 24
	21 # 22
	22 # 32
	23 # 25
	24 # 31
	25 # 3
	26 # 4
	27 # 53
	28 # 13
	29 # 55
	30 # 6
	31 # 37
Timestep 2:
	0 # 26
	1 # 60
	2 # 42
	3 # 58
	4 # 50
	5 # 0
	6 # 10
	7 # 38
	8 # 19
	9 # 41
	10 # 12
	11 # 55
	12 # 16
	13 # 27
	14 # 14
	15 # 36
	16 # 40
	17 # 20
	18 # 49
	19 # 17
	20 # 56
	21 # 18
	22 # 33
	23 # 9
	24 # 30
	25 # 35
	26 # 6
	27 # 37
	28 # 15
	29 # 54
	30 # 7
	31 # 45
Timestep 3:
	0 # 26
	1 # 28
	2 # 34
	3 # 58
	4 # 18
	5 # 4
	6 # 42
	7 # 38
	8 # 17
	9 # 57
	10 # 13
	11 # 39
	12 # 0
	13 # 59
	14 # 14
	15 # 52
	16 # 41
	17 # 21
	18 # 33
	19 # 25
	20 # 56
	21 # 2
	22 # 1
	23 # 9
	24 # 62
	25 # 51
	26 # 6
	27 # 53
	28 # 11
	29 # 22
	30 # 7
	31 # 44
Timestep 4:
	0 # 18
	1 # 12
	2 # 34
	3 # 26
	4 # 19
	5 # 20
	6 # 43
	7 # 46
	8 # 25
	9 # 49
	10 # 13
	11 # 37
	12 # 8
	13 # 27
	14 # 15
	15 # 48
	16 # 57
	17 # 23
	18 # 33
	19 # 24
	20 # 58
	21 # 3
	22 # 1
	23 # 9
	24 # 60
	25 # 59
	26 # 6
	27 # 55
	28 # 10
	29 # 30
	30 # 5
	31 # 40
Timestep 5:
	0 # 19
	1 # 4
	2 # 2
	3 # 58
	4 # 3
	5 # 21
	6 # 59
	7 # 62
	8 # 9
	9 # 49
	10 # 5
	11 # 36
	12 # 24
	13 # 27
	14 # 47
	15 # 48
	16 # 25
	17 # 23
	18 # 35
	19 # 16
	20 # 50
	21 # 11
	22 # 17
	23 # 41
	24 # 44
	25 # 57
	26 # 14
	27 # 63
	28 # 10
	29 # 31
	30 # 1
	31 # 32

