Solution makespan:5
Timestep 0:
	0 # 44
	1 # 6
	2 # 33
	3 # 51
	4 # 56
	5 # 8
	6 # 20
	7 # 27
	8 # 12
	9 # 4
	10 # 21
	11 # 15
	12 # 16
	13 # 38
	14 # 37
	15 # 0
Timestep 1:
	0 # 60
	1 # 6
	2 # 41
	3 # 50
	4 # 57
	5 # 10
	6 # 28
	7 # 27
	8 # 14
	9 # 36
	10 # 53
	11 # 11
	12 # 48
	13 # 54
	14 # 37
	15 # 4
Timestep 2:
	0 # 28
	1 # 22
	2 # 45
	3 # 48
	4 # 59
	5 # 11
	6 # 24
	7 # 31
	8 # 46
	9 # 32
	10 # 52
	11 # 43
	12 # 49
	13 # 50
	14 # 5
	15 # 12
Timestep 3:
	0 # 28
	1 # 30
	2 # 41
	3 # 32
	4 # 27
	5 # 43
	6 # 8
	7 # 23
	8 # 46
	9 # 33
	10 # 60
	11 # 42
	12 # 57
	13 # 51
	14 # 21
	15 # 12
Timestep 4:
	0 # 28
	1 # 26
	2 # 41
	3 # 32
	4 # 27
	5 # 35
	6 # 40
	7 # 7
	8 # 38
	9 # 49
	10 # 44
	11 # 42
	12 # 25
	13 # 50
	14 # 5
	15 # 8
Timestep 5:
	0 # 28
	1 # 10
	2 # 45
	3 # 0
	4 # 11
	5 # 51
	6 # 32
	7 # 5
	8 # 54
	9 # 49
	10 # 60
	11 # 40
	12 # 57
	13 # 58
	14 # 1
	15 # 9

