Solution makespan:6
Timestep 0:
	0 # 16
	1 # 38
	2 # 30
	3 # 7
	4 # 49
	5 # 5
	6 # 35
	7 # 32
Timestep 1:
	0 # 17
	1 # 6
	2 # 31
	3 # 7
	4 # 49
	5 # 1
	6 # 43
	7 # 36
Timestep 2:
	0 # 25
	1 # 2
	2 # 15
	3 # 6
	4 # 57
	5 # 33
	6 # 43
	7 # 38
Timestep 3:
	0 # 57
	1 # 2
	2 # 31
	3 # 14
	4 # 56
	5 # 35
	6 # 42
	7 # 39
Timestep 4:
	0 # 41
	1 # 3
	2 # 31
	3 # 14
	4 # 24
	5 # 34
	6 # 10
	7 # 47
Timestep 5:
	0 # 43
	1 # 35
	2 # 29
	3 # 30
	4 # 26
	5 # 34
	6 # 42
	7 # 45
Timestep 6:
	0 # 47
	1 # 3
	2 # 21
	3 # 31
	4 # 18
	5 # 50
	6 # 58
	7 # 13

