Solution makespan:6
Timestep 0:
	0 # 35
	1 # 10
	2 # 36
	3 # 25
	4 # 7
	5 # 62
	6 # 59
	7 # 56
	8 # 42
	9 # 55
	10 # 22
	11 # 52
	12 # 11
	13 # 14
	14 # 30
	15 # 3
	16 # 26
	17 # 17
	18 # 58
	19 # 4
Timestep 1:
	0 # 43
	1 # 11
	2 # 44
	3 # 24
	4 # 23
	5 # 60
	6 # 57
	7 # 56
	8 # 40
	9 # 55
	10 # 20
	11 # 36
	12 # 9
	13 # 6
	14 # 30
	15 # 2
	16 # 27
	17 # 16
	18 # 62
	19 # 5
Timestep 2:
	0 # 43
	1 # 3
	2 # 12
	3 # 8
	4 # 21
	5 # 56
	6 # 61
	7 # 48
	8 # 42
	9 # 23
	10 # 4
	11 # 52
	12 # 41
	13 # 6
	14 # 62
	15 # 10
	16 # 11
	17 # 16
	18 # 63
	19 # 7
Timestep 3:
	0 # 42
	1 # 19
	2 # 13
	3 # 9
	4 # 20
	5 # 57
	6 # 53
	7 # 49
	8 # 34
	9 # 22
	10 # 4
	11 # 36
	12 # 45
	13 # 2
	14 # 62
	15 # 8
	16 # 10
	17 # 16
	18 # 31
	19 # 6
Timestep 4:
	0 # 58
	1 # 27
	2 # 13
	3 # 25
	4 # 16
	5 # 57
	6 # 52
	7 # 53
	8 # 35
	9 # 18
	10 # 36
	11 # 38
	12 # 45
	13 # 3
	14 # 46
	15 # 24
	16 # 42
	17 # 0
	18 # 29
	19 # 22
Timestep 5:
	0 # 62
	1 # 31
	2 # 9
	3 # 17
	4 # 48
	5 # 57
	6 # 20
	7 # 61
	8 # 51
	9 # 2
	10 # 38
	11 # 34
	12 # 37
	13 # 7
	14 # 44
	15 # 16
	16 # 42
	17 # 8
	18 # 25
	19 # 18
Timestep 6:
	0 # 58
	1 # 29
	2 # 9
	3 # 17
	4 # 56
	5 # 59
	6 # 22
	7 # 57
	8 # 55
	9 # 0
	10 # 54
	11 # 2
	12 # 45
	13 # 39
	14 # 44
	15 # 16
	16 # 34
	17 # 10
	18 # 24
	19 # 26

