Solution makespan:5
Timestep 0:
	0 # 45
	1 # 46
	2 # 44
	3 # 56
	4 # 13
	5 # 24
	6 # 28
	7 # 48
	8 # 26
	9 # 57
	10 # 58
	11 # 20
Timestep 1:
	0 # 47
	1 # 44
	2 # 40
	3 # 24
	4 # 13
	5 # 8
	6 # 30
	7 # 49
	8 # 58
	9 # 57
	10 # 62
	11 # 4
Timestep 2:
	0 # 47
	1 # 46
	2 # 40
	3 # 8
	4 # 45
	5 # 10
	6 # 14
	7 # 51
	8 # 56
	9 # 25
	10 # 60
	11 # 0
Timestep 3:
	0 # 39
	1 # 47
	2 # 44
	3 # 10
	4 # 61
	5 # 42
	6 # 15
	7 # 55
	8 # 24
	9 # 9
	10 # 60
	11 # 1
Timestep 4:
	0 # 7
	1 # 43
	2 # 36
	3 # 2
	4 # 53
	5 # 46
	6 # 13
	7 # 63
	8 # 56
	9 # 8
	10 # 44
	11 # 1
Timestep 5:
	0 # 3
	1 # 42
	2 # 4
	3 # 0
	4 # 55
	5 # 62
	6 # 9
	7 # 47
	8 # 48
	9 # 12
	10 # 36
	11 # 5

