Solution makespan:6
Timestep 0:
	0 # 14
	1 # 32
	2 # 58
	3 # 16
	4 # 25
	5 # 54
	6 # 57
	7 # 4
	8 # 5
	9 # 63
	10 # 11
	11 # 7
	12 # 18
	13 # 35
	14 # 55
	15 # 53
	16 # 1
	17 # 45
	18 # 28
	19 # 52
Timestep 1:
	0 # 15
	1 # 48
	2 # 42
	3 # 20
	4 # 27
	5 # 55
	6 # 59
	7 # 36
	8 # 4
	9 # 62
	10 # 10
	11 # 5
	12 # 22
	13 # 43
	14 # 39
	15 # 21
	16 # 1
	17 # 61
	18 # 30
	19 # 60
Timestep 2:
	0 # 47
	1 # 16
	2 # 40
	3 # 28
	4 # 25
	5 # 39
	6 # 59
	7 # 44
	8 # 12
	9 # 54
	10 # 14
	11 # 13
	12 # 22
	13 # 11
	14 # 38
	15 # 5
	16 # 9
	17 # 57
	18 # 31
	19 # 61
Timestep 3:
	0 # 43
	1 # 18
	2 # 32
	3 # 30
	4 # 25
	5 # 47
	6 # 58
	7 # 46
	8 # 14
	9 # 50
	10 # 6
	11 # 29
	12 # 54
	13 # 10
	14 # 36
	15 # 4
	16 # 8
	17 # 49
	18 # 31
	19 # 45
Timestep 4:
	0 # 35
	1 # 19
	2 # 36
	3 # 62
	4 # 29
	5 # 46
	6 # 56
	7 # 14
	8 # 15
	9 # 34
	10 # 38
	11 # 61
	12 # 52
	13 # 42
	14 # 4
	15 # 20
	16 # 0
	17 # 51
	18 # 23
	19 # 47
Timestep 5:
	0 # 33
	1 # 23
	2 # 37
	3 # 62
	4 # 31
	5 # 46
	6 # 57
	7 # 10
	8 # 7
	9 # 32
	10 # 34
	11 # 45
	12 # 36
	13 # 58
	14 # 12
	15 # 28
	16 # 2
	17 # 50
	18 # 21
	19 # 39
Timestep 6:
	0 # 49
	1 # 21
	2 # 53
	3 # 62
	4 # 63
	5 # 14
	6 # 25
	7 # 26
	8 # 23
	9 # 40
	10 # 35
	11 # 41
	12 # 32
	13 # 56
	14 # 44
	15 # 60
	16 # 0
	17 # 34
	18 # 20
	19 # 37

