Solution makespan:6
Timestep 0:
	0 # 46
	1 # 48
	2 # 34
	3 # 51
	4 # 27
	5 # 29
	6 # 45
	7 # 9
	8 # 58
	9 # 43
	10 # 0
	11 # 26
	12 # 56
	13 # 54
	14 # 40
	15 # 23
	16 # 32
	17 # 10
	18 # 39
	19 # 44
Timestep 1:
	0 # 44
	1 # 49
	2 # 35
	3 # 55
	4 # 27
	5 # 21
	6 # 61
	7 # 13
	8 # 58
	9 # 11
	10 # 0
	11 # 18
	12 # 48
	13 # 22
	14 # 40
	15 # 31
	16 # 33
	17 # 2
	18 # 7
	19 # 36
Timestep 2:
	0 # 60
	1 # 33
	2 # 51
	3 # 63
	4 # 31
	5 # 5
	6 # 61
	7 # 29
	8 # 42
	9 # 43
	10 # 16
	11 # 50
	12 # 48
	13 # 18
	14 # 32
	15 # 30
	16 # 37
	17 # 3
	18 # 23
	19 # 52
Timestep 3:
	0 # 52
	1 # 37
	2 # 59
	3 # 62
	4 # 30
	5 # 7
	6 # 57
	7 # 61
	8 # 46
	9 # 42
	10 # 0
	11 # 34
	12 # 49
	13 # 26
	14 # 36
	15 # 14
	16 # 53
	17 # 35
	18 # 19
	19 # 54
Timestep 4:
	0 # 52
	1 # 33
	2 # 59
	3 # 46
	4 # 30
	5 # 3
	6 # 56
	7 # 60
	8 # 47
	9 # 34
	10 # 32
	11 # 50
	12 # 51
	13 # 58
	14 # 37
	15 # 10
	16 # 21
	17 # 39
	18 # 27
	19 # 38
Timestep 5:
	0 # 36
	1 # 41
	2 # 51
	3 # 44
	4 # 30
	5 # 35
	6 # 24
	7 # 28
	8 # 43
	9 # 32
	10 # 40
	11 # 48
	12 # 50
	13 # 42
	14 # 33
	15 # 26
	16 # 29
	17 # 38
	18 # 27
	19 # 34
Timestep 6:
	0 # 44
	1 # 9
	2 # 51
	3 # 12
	4 # 22
	5 # 34
	6 # 26
	7 # 60
	8 # 43
	9 # 40
	10 # 8
	11 # 16
	12 # 48
	13 # 42
	14 # 49
	15 # 18
	16 # 31
	17 # 6
	18 # 59
	19 # 2

