Solution makespan:4
Timestep 0:
	0 # 14
	1 # 38
	2 # 12
	3 # 6
	4 # 36
	5 # 18
	6 # 30
	7 # 32
	8 # 13
	9 # 34
	10 # 0
	11 # 51
Timestep 1:
	0 # 10
	1 # 36
	2 # 4
	3 # 22
	4 # 44
	5 # 19
	6 # 28
	7 # 40
	8 # 29
	9 # 50
	10 # 2
	11 # 55
Timestep 2:
	0 # 8
	1 # 32
	2 # 20
	3 # 54
	4 # 12
	5 # 3
	6 # 24
	7 # 56
	8 # 31
	9 # 51
	10 # 6
	11 # 39
Timestep 3:
	0 # 40
	1 # 48
	2 # 16
	3 # 38
	4 # 4
	5 # 11
	6 # 25
	7 # 56
	8 # 30
	9 # 49
	10 # 22
	11 # 37
Timestep 4:
	0 # 41
	1 # 48
	2 # 18
	3 # 38
	4 # 4
	5 # 3
	6 # 57
	7 # 60
	8 # 28
	9 # 53
	10 # 30
	11 # 5

