Solution makespan:5
Timestep 0:
	0 # 30
	1 # 22
	2 # 10
	3 # 45
	4 # 37
	5 # 20
	6 # 24
	7 # 6
	8 # 33
	9 # 62
	10 # 57
	11 # 7
	12 # 50
	13 # 31
	14 # 14
	15 # 25
	16 # 32
	17 # 27
	18 # 5
	19 # 1
Timestep 1:
	0 # 62
	1 # 6
	2 # 8
	3 # 44
	4 # 36
	5 # 20
	6 # 28
	7 # 4
	8 # 41
	9 # 58
	10 # 59
	11 # 5
	12 # 18
	13 # 15
	14 # 46
	15 # 17
	16 # 40
	17 # 19
	18 # 13
	19 # 33
Timestep 2:
	0 # 30
	1 # 22
	2 # 9
	3 # 44
	4 # 32
	5 # 16
	6 # 28
	7 # 4
	8 # 41
	9 # 42
	10 # 59
	11 # 21
	12 # 26
	13 # 14
	14 # 62
	15 # 49
	16 # 8
	17 # 23
	18 # 29
	19 # 37
Timestep 3:
	0 # 14
	1 # 20
	2 # 13
	3 # 45
	4 # 48
	5 # 18
	6 # 29
	7 # 5
	8 # 57
	9 # 43
	10 # 27
	11 # 53
	12 # 30
	13 # 12
	14 # 62
	15 # 49
	16 # 24
	17 # 22
	18 # 21
	19 # 39
Timestep 4:
	0 # 46
	1 # 16
	2 # 13
	3 # 45
	4 # 48
	5 # 50
	6 # 21
	7 # 1
	8 # 59
	9 # 43
	10 # 19
	11 # 61
	12 # 14
	13 # 4
	14 # 60
	15 # 51
	16 # 24
	17 # 18
	18 # 20
	19 # 47
Timestep 5:
	0 # 62
	1 # 16
	2 # 29
	3 # 44
	4 # 56
	5 # 58
	6 # 23
	7 # 5
	8 # 27
	9 # 43
	10 # 19
	11 # 45
	12 # 30
	13 # 20
	14 # 61
	15 # 35
	16 # 28
	17 # 50
	18 # 22
	19 # 63

