Solution makespan:5
Timestep 0:
	0 # 43
	1 # 44
	2 # 16
	3 # 10
	4 # 54
	5 # 20
	6 # 40
	7 # 58
	8 # 26
	9 # 9
	10 # 41
	11 # 17
Timestep 1:
	0 # 59
	1 # 45
	2 # 18
	3 # 14
	4 # 22
	5 # 20
	6 # 56
	7 # 58
	8 # 30
	9 # 8
	10 # 57
	11 # 21
Timestep 2:
	0 # 57
	1 # 13
	2 # 22
	3 # 14
	4 # 6
	5 # 21
	6 # 48
	7 # 42
	8 # 28
	9 # 10
	10 # 61
	11 # 23
Timestep 3:
	0 # 56
	1 # 15
	2 # 22
	3 # 30
	4 # 4
	5 # 29
	6 # 16
	7 # 43
	8 # 12
	9 # 2
	10 # 60
	11 # 7
Timestep 4:
	0 # 24
	1 # 11
	2 # 30
	3 # 28
	4 # 4
	5 # 31
	6 # 48
	7 # 41
	8 # 13
	9 # 34
	10 # 52
	11 # 6
Timestep 5:
	0 # 26
	1 # 27
	2 # 22
	3 # 20
	4 # 5
	5 # 15
	6 # 56
	7 # 33
	8 # 13
	9 # 32
	10 # 52
	11 # 14

