Solution makespan:4
Timestep 0:
	0 # 7
	1 # 20
	2 # 28
	3 # 6
	4 # 27
	5 # 25
	6 # 54
	7 # 50
	8 # 62
	9 # 23
	10 # 63
	11 # 49
Timestep 1:
	0 # 5
	1 # 20
	2 # 12
	3 # 6
	4 # 26
	5 # 57
	6 # 62
	7 # 18
	8 # 60
	9 # 23
	10 # 63
	11 # 49
Timestep 2:
	0 # 37
	1 # 4
	2 # 12
	3 # 2
	4 # 26
	5 # 57
	6 # 46
	7 # 22
	8 # 60
	9 # 21
	10 # 59
	11 # 51
Timestep 3:
	0 # 37
	1 # 0
	2 # 44
	3 # 18
	4 # 58
	5 # 49
	6 # 38
	7 # 30
	8 # 28
	9 # 53
	10 # 59
	11 # 50
Timestep 4:
	0 # 45
	1 # 16
	2 # 40
	3 # 26
	4 # 42
	5 # 17
	6 # 36
	7 # 14
	8 # 12
	9 # 53
	10 # 63
	11 # 58

