Solution makespan:5
Timestep 0:
	0 # 7
	1 # 18
	2 # 1
	3 # 32
	4 # 36
	5 # 10
	6 # 20
	7 # 43
	8 # 21
	9 # 33
	10 # 24
	11 # 44
	12 # 17
	13 # 40
	14 # 52
	15 # 27
	16 # 28
	17 # 11
	18 # 19
	19 # 58
Timestep 1:
	0 # 39
	1 # 2
	2 # 0
	3 # 48
	4 # 37
	5 # 42
	6 # 22
	7 # 41
	8 # 23
	9 # 32
	10 # 16
	11 # 46
	12 # 49
	13 # 44
	14 # 53
	15 # 25
	16 # 20
	17 # 10
	18 # 17
	19 # 62
Timestep 2:
	0 # 38
	1 # 2
	2 # 1
	3 # 48
	4 # 53
	5 # 43
	6 # 30
	7 # 45
	8 # 55
	9 # 0
	10 # 17
	11 # 14
	12 # 51
	13 # 60
	14 # 52
	15 # 24
	16 # 28
	17 # 10
	18 # 21
	19 # 62
Timestep 3:
	0 # 54
	1 # 3
	2 # 9
	3 # 16
	4 # 55
	5 # 35
	6 # 28
	7 # 45
	8 # 63
	9 # 8
	10 # 17
	11 # 10
	12 # 51
	13 # 61
	14 # 60
	15 # 56
	16 # 20
	17 # 42
	18 # 29
	19 # 58
Timestep 4:
	0 # 52
	1 # 35
	2 # 25
	3 # 48
	4 # 23
	5 # 33
	6 # 24
	7 # 44
	8 # 59
	9 # 8
	10 # 1
	11 # 11
	12 # 50
	13 # 57
	14 # 61
	15 # 56
	16 # 21
	17 # 46
	18 # 29
	19 # 42
Timestep 5:
	0 # 36
	1 # 35
	2 # 27
	3 # 49
	4 # 19
	5 # 37
	6 # 28
	7 # 60
	8 # 43
	9 # 9
	10 # 5
	11 # 3
	12 # 51
	13 # 41
	14 # 45
	15 # 56
	16 # 23
	17 # 44
	18 # 13
	19 # 40

