Solution makespan:5
Timestep 0:
	0 # 63
	1 # 60
	2 # 18
	3 # 11
	4 # 12
	5 # 41
	6 # 52
	7 # 4
	8 # 32
	9 # 16
	10 # 37
	11 # 54
	12 # 59
	13 # 44
	14 # 1
	15 # 20
Timestep 1:
	0 # 61
	1 # 62
	2 # 22
	3 # 10
	4 # 28
	5 # 33
	6 # 53
	7 # 5
	8 # 34
	9 # 24
	10 # 37
	11 # 50
	12 # 63
	13 # 12
	14 # 3
	15 # 52
Timestep 2:
	0 # 45
	1 # 46
	2 # 20
	3 # 8
	4 # 28
	5 # 49
	6 # 55
	7 # 21
	8 # 34
	9 # 25
	10 # 36
	11 # 50
	12 # 63
	13 # 12
	14 # 7
	15 # 60
Timestep 3:
	0 # 37
	1 # 46
	2 # 4
	3 # 24
	4 # 30
	5 # 49
	6 # 55
	7 # 23
	8 # 38
	9 # 57
	10 # 32
	11 # 48
	12 # 59
	13 # 28
	14 # 7
	15 # 44
Timestep 4:
	0 # 37
	1 # 47
	2 # 0
	3 # 56
	4 # 26
	5 # 53
	6 # 54
	7 # 31
	8 # 39
	9 # 41
	10 # 36
	11 # 50
	12 # 51
	13 # 29
	14 # 15
	15 # 40
Timestep 5:
	0 # 36
	1 # 63
	2 # 2
	3 # 57
	4 # 58
	5 # 21
	6 # 54
	7 # 30
	8 # 39
	9 # 40
	10 # 4
	11 # 18
	12 # 51
	13 # 29
	14 # 31
	15 # 42

