Solution makespan:5
Timestep 0:
	0 # 19
	1 # 10
	2 # 42
	3 # 46
	4 # 43
	5 # 60
	6 # 61
	7 # 53
	8 # 28
	9 # 54
	10 # 40
	11 # 27
	12 # 29
	13 # 1
	14 # 4
	15 # 21
	16 # 13
	17 # 55
	18 # 2
	19 # 36
Timestep 1:
	0 # 23
	1 # 26
	2 # 58
	3 # 42
	4 # 47
	5 # 44
	6 # 63
	7 # 21
	8 # 28
	9 # 62
	10 # 8
	11 # 11
	12 # 61
	13 # 33
	14 # 4
	15 # 17
	16 # 5
	17 # 51
	18 # 10
	19 # 52
Timestep 2:
	0 # 7
	1 # 58
	2 # 56
	3 # 43
	4 # 15
	5 # 40
	6 # 62
	7 # 20
	8 # 24
	9 # 60
	10 # 12
	11 # 3
	12 # 63
	13 # 41
	14 # 0
	15 # 49
	16 # 13
	17 # 59
	18 # 14
	19 # 54
Timestep 3:
	0 # 6
	1 # 62
	2 # 57
	3 # 35
	4 # 7
	5 # 42
	6 # 60
	7 # 4
	8 # 16
	9 # 28
	10 # 8
	11 # 3
	12 # 61
	13 # 45
	14 # 32
	15 # 51
	16 # 13
	17 # 43
	18 # 30
	19 # 22
Timestep 4:
	0 # 6
	1 # 58
	2 # 61
	3 # 33
	4 # 7
	5 # 43
	6 # 60
	7 # 12
	8 # 0
	9 # 28
	10 # 9
	11 # 2
	12 # 53
	13 # 45
	14 # 48
	15 # 35
	16 # 15
	17 # 11
	18 # 62
	19 # 54
Timestep 5:
	0 # 38
	1 # 56
	2 # 29
	3 # 32
	4 # 6
	5 # 43
	6 # 28
	7 # 8
	8 # 4
	9 # 30
	10 # 1
	11 # 10
	12 # 49
	13 # 61
	14 # 16
	15 # 35
	16 # 11
	17 # 9
	18 # 60
	19 # 52

