Solution makespan:5
Timestep 0:
	0 # 35
	1 # 27
	2 # 19
	3 # 22
	4 # 36
	5 # 11
	6 # 1
	7 # 14
	8 # 42
	9 # 15
	10 # 61
	11 # 37
	12 # 47
	13 # 6
	14 # 0
	15 # 13
	16 # 49
	17 # 57
	18 # 51
	19 # 3
Timestep 1:
	0 # 34
	1 # 19
	2 # 23
	3 # 20
	4 # 44
	5 # 10
	6 # 5
	7 # 46
	8 # 43
	9 # 14
	10 # 57
	11 # 45
	12 # 39
	13 # 2
	14 # 8
	15 # 13
	16 # 17
	17 # 41
	18 # 59
	19 # 11
Timestep 2:
	0 # 2
	1 # 3
	2 # 22
	3 # 4
	4 # 12
	5 # 26
	6 # 5
	7 # 62
	8 # 47
	9 # 10
	10 # 49
	11 # 45
	12 # 38
	13 # 18
	14 # 40
	15 # 29
	16 # 21
	17 # 9
	18 # 58
	19 # 15
Timestep 3:
	0 # 18
	1 # 35
	2 # 30
	3 # 0
	4 # 28
	5 # 58
	6 # 7
	7 # 60
	8 # 45
	9 # 11
	10 # 33
	11 # 37
	12 # 54
	13 # 19
	14 # 32
	15 # 61
	16 # 21
	17 # 41
	18 # 56
	19 # 13
Timestep 4:
	0 # 22
	1 # 39
	2 # 14
	3 # 0
	4 # 29
	5 # 42
	6 # 15
	7 # 52
	8 # 37
	9 # 3
	10 # 33
	11 # 5
	12 # 50
	13 # 19
	14 # 32
	15 # 45
	16 # 20
	17 # 43
	18 # 56
	19 # 12
Timestep 5:
	0 # 23
	1 # 39
	2 # 6
	3 # 4
	4 # 61
	5 # 46
	6 # 13
	7 # 53
	8 # 45
	9 # 1
	10 # 33
	11 # 5
	12 # 18
	13 # 27
	14 # 48
	15 # 44
	16 # 20
	17 # 43
	18 # 57
	19 # 28

