Solution makespan:6
Timestep 0:
	0 # 32
	1 # 40
	2 # 62
	3 # 35
	4 # 1
	5 # 43
	6 # 0
	7 # 17
	8 # 52
	9 # 41
	10 # 53
	11 # 10
Timestep 1:
	0 # 36
	1 # 56
	2 # 54
	3 # 34
	4 # 17
	5 # 35
	6 # 2
	7 # 16
	8 # 60
	9 # 45
	10 # 61
	11 # 14
Timestep 2:
	0 # 4
	1 # 40
	2 # 54
	3 # 50
	4 # 1
	5 # 51
	6 # 34
	7 # 16
	8 # 62
	9 # 47
	10 # 60
	11 # 6
Timestep 3:
	0 # 12
	1 # 8
	2 # 38
	3 # 18
	4 # 17
	5 # 19
	6 # 35
	7 # 0
	8 # 58
	9 # 47
	10 # 28
	11 # 22
Timestep 4:
	0 # 4
	1 # 10
	2 # 38
	3 # 50
	4 # 16
	5 # 51
	6 # 33
	7 # 0
	8 # 62
	9 # 63
	10 # 24
	11 # 22
Timestep 5:
	0 # 5
	1 # 11
	2 # 34
	3 # 54
	4 # 18
	5 # 50
	6 # 1
	7 # 16
	8 # 62
	9 # 55
	10 # 8
	11 # 20
Timestep 6:
	0 # 7
	1 # 43
	2 # 42
	3 # 52
	4 # 22
	5 # 18
	6 # 1
	7 # 20
	8 # 58
	9 # 53
	10 # 10
	11 # 28

