Solution makespan:6
Timestep 0:
	0 # 38
	1 # 15
	2 # 4
	3 # 35
	4 # 42
	5 # 37
	6 # 48
	7 # 11
	8 # 12
	9 # 0
	10 # 27
	11 # 55
	12 # 18
	13 # 58
	14 # 51
	15 # 1
	16 # 16
	17 # 53
	18 # 10
	19 # 7
	20 # 26
	21 # 13
	22 # 9
	23 # 62
	24 # 2
	25 # 50
	26 # 61
	27 # 17
Timestep 1:
	0 # 54
	1 # 7
	2 # 0
	3 # 34
	4 # 40
	5 # 39
	6 # 56
	7 # 15
	8 # 8
	9 # 32
	10 # 59
	11 # 53
	12 # 22
	13 # 42
	14 # 55
	15 # 3
	16 # 17
	17 # 37
	18 # 14
	19 # 23
	20 # 26
	21 # 45
	22 # 13
	23 # 62
	24 # 10
	25 # 58
	26 # 63
	27 # 1
Timestep 2:
	0 # 54
	1 # 5
	2 # 4
	3 # 34
	4 # 41
	5 # 38
	6 # 40
	7 # 11
	8 # 24
	9 # 48
	10 # 51
	11 # 61
	12 # 6
	13 # 46
	14 # 63
	15 # 7
	16 # 25
	17 # 45
	18 # 15
	19 # 23
	20 # 27
	21 # 44
	22 # 9
	23 # 60
	24 # 10
	25 # 59
	26 # 31
	27 # 0
Timestep 3:
	0 # 52
	1 # 5
	2 # 0
	3 # 50
	4 # 33
	5 # 6
	6 # 42
	7 # 27
	8 # 16
	9 # 56
	10 # 49
	11 # 57
	12 # 2
	13 # 46
	14 # 31
	15 # 39
	16 # 29
	17 # 47
	18 # 15
	19 # 22
	20 # 25
	21 # 60
	22 # 1
	23 # 28
	24 # 10
	25 # 63
	26 # 30
	27 # 32
Timestep 4:
	0 # 20
	1 # 21
	2 # 16
	3 # 18
	4 # 33
	5 # 14
	6 # 43
	7 # 26
	8 # 17
	9 # 40
	10 # 57
	11 # 25
	12 # 2
	13 # 38
	14 # 31
	15 # 39
	16 # 61
	17 # 46
	18 # 11
	19 # 22
	20 # 9
	21 # 56
	22 # 3
	23 # 28
	24 # 42
	25 # 47
	26 # 30
	27 # 34
Timestep 5:
	0 # 20
	1 # 17
	2 # 48
	3 # 19
	4 # 32
	5 # 14
	6 # 43
	7 # 18
	8 # 49
	9 # 44
	10 # 61
	11 # 9
	12 # 10
	13 # 38
	14 # 23
	15 # 47
	16 # 45
	17 # 62
	18 # 11
	19 # 30
	20 # 41
	21 # 56
	22 # 1
	23 # 24
	24 # 40
	25 # 46
	26 # 28
	27 # 50
Timestep 6:
	0 # 22
	1 # 1
	2 # 48
	3 # 3
	4 # 36
	5 # 30
	6 # 35
	7 # 18
	8 # 51
	9 # 45
	10 # 53
	11 # 8
	12 # 11
	13 # 54
	14 # 7
	15 # 43
	16 # 41
	17 # 63
	18 # 9
	19 # 26
	20 # 33
	21 # 58
	22 # 5
	23 # 16
	24 # 32
	25 # 47
	26 # 20
	27 # 34

