Solution makespan:5
Timestep 0:
	0 # 18
	1 # 10
	2 # 53
	3 # 34
	4 # 28
	5 # 45
	6 # 23
	7 # 31
	8 # 9
	9 # 6
	10 # 17
	11 # 35
	12 # 3
	13 # 55
	14 # 7
	15 # 63
Timestep 1:
	0 # 18
	1 # 11
	2 # 53
	3 # 50
	4 # 28
	5 # 47
	6 # 22
	7 # 31
	8 # 13
	9 # 4
	10 # 49
	11 # 35
	12 # 1
	13 # 54
	14 # 7
	15 # 63
Timestep 2:
	0 # 22
	1 # 43
	2 # 49
	3 # 58
	4 # 29
	5 # 46
	6 # 20
	7 # 63
	8 # 15
	9 # 0
	10 # 48
	11 # 33
	12 # 17
	13 # 52
	14 # 23
	15 # 47
Timestep 3:
	0 # 54
	1 # 41
	2 # 53
	3 # 58
	4 # 13
	5 # 62
	6 # 16
	7 # 59
	8 # 31
	9 # 2
	10 # 50
	11 # 1
	12 # 21
	13 # 60
	14 # 19
	15 # 46
Timestep 4:
	0 # 52
	1 # 41
	2 # 37
	3 # 58
	4 # 45
	5 # 54
	6 # 0
	7 # 57
	8 # 31
	9 # 6
	10 # 34
	11 # 33
	12 # 5
	13 # 56
	14 # 3
	15 # 14
Timestep 5:
	0 # 48
	1 # 57
	2 # 36
	3 # 26
	4 # 44
	5 # 62
	6 # 8
	7 # 25
	8 # 30
	9 # 38
	10 # 42
	11 # 49
	12 # 13
	13 # 58
	14 # 3
	15 # 46

