Solution makespan:5
Timestep 0:
	0 # 39
	1 # 44
	2 # 59
	3 # 23
	4 # 48
	5 # 51
	6 # 35
	7 # 17
	8 # 56
	9 # 47
	10 # 19
	11 # 60
	12 # 58
	13 # 26
	14 # 36
	15 # 38
	16 # 4
	17 # 8
	18 # 1
	19 # 57
	20 # 53
	21 # 62
	22 # 28
	23 # 7
	24 # 24
	25 # 41
	26 # 37
	27 # 42
Timestep 1:
	0 # 7
	1 # 46
	2 # 63
	3 # 19
	4 # 16
	5 # 59
	6 # 3
	7 # 1
	8 # 60
	9 # 47
	10 # 27
	11 # 52
	12 # 42
	13 # 58
	14 # 37
	15 # 38
	16 # 0
	17 # 10
	18 # 5
	19 # 57
	20 # 49
	21 # 30
	22 # 24
	23 # 6
	24 # 8
	25 # 33
	26 # 45
	27 # 43
Timestep 2:
	0 # 3
	1 # 42
	2 # 47
	3 # 51
	4 # 17
	5 # 57
	6 # 1
	7 # 0
	8 # 60
	9 # 45
	10 # 31
	11 # 52
	12 # 34
	13 # 59
	14 # 39
	15 # 6
	16 # 32
	17 # 26
	18 # 13
	19 # 41
	20 # 48
	21 # 14
	22 # 56
	23 # 22
	24 # 12
	25 # 49
	26 # 44
	27 # 43
Timestep 3:
	0 # 1
	1 # 42
	2 # 47
	3 # 49
	4 # 19
	5 # 25
	6 # 0
	7 # 16
	8 # 62
	9 # 45
	10 # 23
	11 # 20
	12 # 2
	13 # 27
	14 # 38
	15 # 22
	16 # 36
	17 # 58
	18 # 13
	19 # 40
	20 # 50
	21 # 10
	22 # 56
	23 # 30
	24 # 4
	25 # 53
	26 # 46
	27 # 11
Timestep 4:
	0 # 33
	1 # 46
	2 # 43
	3 # 51
	4 # 23
	5 # 9
	6 # 4
	7 # 48
	8 # 62
	9 # 37
	10 # 55
	11 # 20
	12 # 6
	13 # 25
	14 # 36
	15 # 30
	16 # 44
	17 # 56
	18 # 29
	19 # 40
	20 # 18
	21 # 26
	22 # 60
	23 # 31
	24 # 5
	25 # 53
	26 # 38
	27 # 11
Timestep 5:
	0 # 41
	1 # 38
	2 # 43
	3 # 35
	4 # 22
	5 # 9
	6 # 12
	7 # 50
	8 # 63
	9 # 33
	10 # 51
	11 # 16
	12 # 14
	13 # 57
	14 # 36
	15 # 62
	16 # 46
	17 # 60
	18 # 25
	19 # 42
	20 # 2
	21 # 58
	22 # 52
	23 # 23
	24 # 1
	25 # 61
	26 # 54
	27 # 11

