Solution makespan:4
Timestep 0:
	0 # 14
	1 # 37
	2 # 6
	3 # 13
	4 # 22
	5 # 4
	6 # 49
	7 # 11
	8 # 50
	9 # 10
	10 # 51
	11 # 54
	12 # 25
	13 # 59
	14 # 18
	15 # 28
	16 # 8
	17 # 53
	18 # 32
	19 # 52
	20 # 27
	21 # 34
	22 # 60
	23 # 62
Timestep 1:
	0 # 12
	1 # 36
	2 # 7
	3 # 9
	4 # 23
	5 # 0
	6 # 51
	7 # 43
	8 # 34
	9 # 2
	10 # 55
	11 # 54
	12 # 24
	13 # 59
	14 # 22
	15 # 29
	16 # 40
	17 # 53
	18 # 33
	19 # 60
	20 # 11
	21 # 38
	22 # 44
	23 # 63
Timestep 2:
	0 # 28
	1 # 4
	2 # 7
	3 # 1
	4 # 23
	5 # 0
	6 # 50
	7 # 42
	8 # 35
	9 # 10
	10 # 53
	11 # 55
	12 # 8
	13 # 57
	14 # 20
	15 # 21
	16 # 44
	17 # 49
	18 # 41
	19 # 60
	20 # 43
	21 # 6
	22 # 36
	23 # 63
Timestep 3:
	0 # 29
	1 # 4
	2 # 23
	3 # 3
	4 # 22
	5 # 1
	6 # 58
	7 # 34
	8 # 39
	9 # 42
	10 # 37
	11 # 54
	12 # 12
	13 # 49
	14 # 52
	15 # 21
	16 # 46
	17 # 48
	18 # 9
	19 # 28
	20 # 43
	21 # 38
	22 # 36
	23 # 31
Timestep 4:
	0 # 25
	1 # 0
	2 # 55
	3 # 2
	4 # 20
	5 # 5
	6 # 26
	7 # 34
	8 # 38
	9 # 58
	10 # 45
	11 # 22
	12 # 44
	13 # 53
	14 # 60
	15 # 23
	16 # 47
	17 # 50
	18 # 13
	19 # 30
	20 # 41
	21 # 6
	22 # 37
	23 # 63

