Solution makespan:6
Timestep 0:
	0 # 62
	1 # 53
	2 # 11
	3 # 35
	4 # 9
	5 # 46
	6 # 44
	7 # 45
Timestep 1:
	0 # 62
	1 # 53
	2 # 43
	3 # 39
	4 # 1
	5 # 14
	6 # 45
	7 # 47
Timestep 2:
	0 # 62
	1 # 61
	2 # 42
	3 # 38
	4 # 0
	5 # 30
	6 # 45
	7 # 43
Timestep 3:
	0 # 30
	1 # 29
	2 # 40
	3 # 36
	4 # 32
	5 # 31
	6 # 41
	7 # 11
Timestep 4:
	0 # 28
	1 # 61
	2 # 32
	3 # 4
	4 # 34
	5 # 30
	6 # 33
	7 # 27
Timestep 5:
	0 # 12
	1 # 45
	2 # 36
	3 # 4
	4 # 2
	5 # 26
	6 # 35
	7 # 31
Timestep 6:
	0 # 8
	1 # 44
	2 # 52
	3 # 20
	4 # 0
	5 # 27
	6 # 51
	7 # 23

