Solution makespan:6
Timestep 0:
	0 # 47
	1 # 6
	2 # 56
	3 # 48
	4 # 15
	5 # 25
	6 # 39
	7 # 27
	8 # 37
	9 # 62
	10 # 17
	11 # 24
	12 # 54
	13 # 63
	14 # 28
	15 # 49
Timestep 1:
	0 # 39
	1 # 14
	2 # 60
	3 # 16
	4 # 31
	5 # 25
	6 # 55
	7 # 11
	8 # 53
	9 # 58
	10 # 1
	11 # 56
	12 # 62
	13 # 61
	14 # 29
	15 # 57
Timestep 2:
	0 # 39
	1 # 15
	2 # 44
	3 # 17
	4 # 27
	5 # 24
	6 # 63
	7 # 43
	8 # 49
	9 # 59
	10 # 5
	11 # 48
	12 # 46
	13 # 61
	14 # 31
	15 # 41
Timestep 3:
	0 # 37
	1 # 15
	2 # 44
	3 # 25
	4 # 26
	5 # 56
	6 # 62
	7 # 47
	8 # 33
	9 # 57
	10 # 4
	11 # 48
	12 # 42
	13 # 29
	14 # 23
	15 # 43
Timestep 4:
	0 # 45
	1 # 11
	2 # 36
	3 # 25
	4 # 24
	5 # 58
	6 # 30
	7 # 15
	8 # 1
	9 # 57
	10 # 6
	11 # 16
	12 # 10
	13 # 28
	14 # 22
	15 # 42
Timestep 5:
	0 # 61
	1 # 43
	2 # 52
	3 # 27
	4 # 28
	5 # 59
	6 # 30
	7 # 7
	8 # 0
	9 # 49
	10 # 14
	11 # 17
	12 # 11
	13 # 20
	14 # 54
	15 # 42
Timestep 6:
	0 # 29
	1 # 35
	2 # 54
	3 # 27
	4 # 20
	5 # 51
	6 # 14
	7 # 7
	8 # 4
	9 # 33
	10 # 15
	11 # 17
	12 # 9
	13 # 16
	14 # 38
	15 # 40

