Solution makespan:5
Timestep 0:
	0 # 11
	1 # 39
	2 # 27
	3 # 63
	4 # 28
	5 # 7
	6 # 50
	7 # 56
	8 # 59
	9 # 34
	10 # 1
	11 # 6
Timestep 1:
	0 # 11
	1 # 55
	2 # 26
	3 # 47
	4 # 30
	5 # 5
	6 # 18
	7 # 58
	8 # 57
	9 # 32
	10 # 17
	11 # 14
Timestep 2:
	0 # 27
	1 # 63
	2 # 10
	3 # 46
	4 # 31
	5 # 13
	6 # 19
	7 # 62
	8 # 25
	9 # 40
	10 # 49
	11 # 12
Timestep 3:
	0 # 26
	1 # 63
	2 # 2
	3 # 62
	4 # 27
	5 # 12
	6 # 23
	7 # 54
	8 # 29
	9 # 56
	10 # 48
	11 # 14
Timestep 4:
	0 # 18
	1 # 61
	2 # 34
	3 # 58
	4 # 19
	5 # 14
	6 # 31
	7 # 22
	8 # 13
	9 # 24
	10 # 32
	11 # 15
Timestep 5:
	0 # 16
	1 # 57
	2 # 38
	3 # 56
	4 # 23
	5 # 6
	6 # 63
	7 # 18
	8 # 5
	9 # 24
	10 # 34
	11 # 31

