Solution makespan:5
Timestep 0:
	0 # 5
	1 # 18
	2 # 21
	3 # 33
	4 # 39
	5 # 45
	6 # 52
	7 # 24
	8 # 35
	9 # 58
	10 # 2
	11 # 8
	12 # 61
	13 # 38
	14 # 59
	15 # 16
Timestep 1:
	0 # 13
	1 # 50
	2 # 29
	3 # 49
	4 # 39
	5 # 37
	6 # 54
	7 # 8
	8 # 51
	9 # 62
	10 # 10
	11 # 12
	12 # 60
	13 # 6
	14 # 58
	15 # 16
Timestep 2:
	0 # 45
	1 # 18
	2 # 28
	3 # 51
	4 # 37
	5 # 5
	6 # 52
	7 # 12
	8 # 35
	9 # 63
	10 # 42
	11 # 44
	12 # 56
	13 # 22
	14 # 26
	15 # 48
Timestep 3:
	0 # 41
	1 # 26
	2 # 28
	3 # 50
	4 # 53
	5 # 13
	6 # 36
	7 # 14
	8 # 39
	9 # 61
	10 # 46
	11 # 44
	12 # 57
	13 # 6
	14 # 24
	15 # 56
Timestep 4:
	0 # 41
	1 # 10
	2 # 30
	3 # 18
	4 # 21
	5 # 9
	6 # 4
	7 # 15
	8 # 38
	9 # 61
	10 # 62
	11 # 60
	12 # 49
	13 # 14
	14 # 8
	15 # 56
Timestep 5:
	0 # 9
	1 # 26
	2 # 28
	3 # 22
	4 # 5
	5 # 11
	6 # 12
	7 # 7
	8 # 54
	9 # 61
	10 # 58
	11 # 62
	12 # 53
	13 # 14
	14 # 8
	15 # 57

