Solution makespan:5
Timestep 0:
	0 # 18
	1 # 17
	2 # 50
	3 # 57
	4 # 11
	5 # 29
	6 # 45
	7 # 33
	8 # 40
	9 # 1
	10 # 26
	11 # 10
	12 # 62
	13 # 59
	14 # 53
	15 # 60
	16 # 27
	17 # 49
	18 # 9
	19 # 2
	20 # 38
	21 # 6
	22 # 54
	23 # 28
Timestep 1:
	0 # 26
	1 # 19
	2 # 51
	3 # 56
	4 # 27
	5 # 28
	6 # 61
	7 # 32
	8 # 42
	9 # 5
	10 # 24
	11 # 10
	12 # 54
	13 # 58
	14 # 53
	15 # 44
	16 # 25
	17 # 17
	18 # 9
	19 # 2
	20 # 36
	21 # 22
	22 # 38
	23 # 30
Timestep 2:
	0 # 10
	1 # 51
	2 # 35
	3 # 56
	4 # 59
	5 # 20
	6 # 29
	7 # 0
	8 # 46
	9 # 13
	10 # 24
	11 # 8
	12 # 62
	13 # 58
	14 # 55
	15 # 36
	16 # 9
	17 # 17
	18 # 11
	19 # 6
	20 # 52
	21 # 23
	22 # 54
	23 # 31
Timestep 3:
	0 # 14
	1 # 49
	2 # 3
	3 # 60
	4 # 57
	5 # 16
	6 # 25
	7 # 0
	8 # 42
	9 # 45
	10 # 28
	11 # 8
	12 # 58
	13 # 50
	14 # 63
	15 # 52
	16 # 1
	17 # 21
	18 # 10
	19 # 6
	20 # 20
	21 # 55
	22 # 54
	23 # 15
Timestep 4:
	0 # 46
	1 # 57
	2 # 7
	3 # 52
	4 # 41
	5 # 48
	6 # 17
	7 # 2
	8 # 42
	9 # 45
	10 # 12
	11 # 0
	12 # 59
	13 # 54
	14 # 61
	15 # 53
	16 # 3
	17 # 5
	18 # 26
	19 # 14
	20 # 28
	21 # 39
	22 # 62
	23 # 11
Timestep 5:
	0 # 38
	1 # 59
	2 # 5
	3 # 20
	4 # 43
	5 # 32
	6 # 49
	7 # 2
	8 # 42
	9 # 47
	10 # 4
	11 # 8
	12 # 63
	13 # 22
	14 # 45
	15 # 61
	16 # 7
	17 # 1
	18 # 30
	19 # 12
	20 # 29
	21 # 37
	22 # 46
	23 # 10

