Solution makespan:5
Timestep 0:
	0 # 63
	1 # 25
	2 # 46
	3 # 54
	4 # 38
	5 # 15
	6 # 4
	7 # 35
	8 # 42
	9 # 37
	10 # 48
	11 # 11
	12 # 12
	13 # 0
	14 # 27
	15 # 55
	16 # 18
	17 # 58
	18 # 51
	19 # 1
	20 # 16
	21 # 53
	22 # 10
	23 # 7
	24 # 26
	25 # 13
	26 # 9
	27 # 62
	28 # 2
	29 # 50
	30 # 61
	31 # 17
Timestep 1:
	0 # 55
	1 # 57
	2 # 47
	3 # 50
	4 # 54
	5 # 14
	6 # 4
	7 # 33
	8 # 40
	9 # 5
	10 # 56
	11 # 10
	12 # 28
	13 # 32
	14 # 27
	15 # 39
	16 # 16
	17 # 26
	18 # 19
	19 # 17
	20 # 24
	21 # 49
	22 # 8
	23 # 15
	24 # 30
	25 # 13
	26 # 41
	27 # 62
	28 # 18
	29 # 34
	30 # 61
	31 # 21
Timestep 2:
	0 # 55
	1 # 61
	2 # 39
	3 # 34
	4 # 62
	5 # 46
	6 # 6
	7 # 41
	8 # 44
	9 # 7
	10 # 56
	11 # 14
	12 # 60
	13 # 36
	14 # 11
	15 # 35
	16 # 48
	17 # 27
	18 # 3
	19 # 25
	20 # 24
	21 # 49
	22 # 40
	23 # 47
	24 # 31
	25 # 5
	26 # 43
	27 # 63
	28 # 16
	29 # 42
	30 # 45
	31 # 20
Timestep 3:
	0 # 51
	1 # 53
	2 # 37
	3 # 2
	4 # 58
	5 # 38
	6 # 22
	7 # 9
	8 # 40
	9 # 23
	10 # 56
	11 # 46
	12 # 60
	13 # 44
	14 # 11
	15 # 35
	16 # 48
	17 # 31
	18 # 3
	19 # 57
	20 # 8
	21 # 17
	22 # 32
	23 # 39
	24 # 15
	25 # 4
	26 # 47
	27 # 63
	28 # 20
	29 # 42
	30 # 45
	31 # 28
Timestep 4:
	0 # 51
	1 # 37
	2 # 5
	3 # 10
	4 # 26
	5 # 6
	6 # 54
	7 # 41
	8 # 8
	9 # 55
	10 # 56
	11 # 46
	12 # 52
	13 # 45
	14 # 11
	15 # 3
	16 # 48
	17 # 23
	18 # 2
	19 # 49
	20 # 12
	21 # 17
	22 # 34
	23 # 35
	24 # 7
	25 # 36
	26 # 15
	27 # 62
	28 # 20
	29 # 43
	30 # 13
	31 # 60
Timestep 5:
	0 # 55
	1 # 33
	2 # 5
	3 # 11
	4 # 18
	5 # 14
	6 # 38
	7 # 40
	8 # 24
	9 # 39
	10 # 60
	11 # 44
	12 # 53
	13 # 61
	14 # 27
	15 # 2
	16 # 32
	17 # 7
	18 # 0
	19 # 48
	20 # 12
	21 # 19
	22 # 50
	23 # 3
	24 # 6
	25 # 4
	26 # 31
	27 # 46
	28 # 22
	29 # 47
	30 # 29
	31 # 52

