Solution makespan:5
Timestep 0:
	0 # 36
	1 # 19
	2 # 20
	3 # 43
	4 # 46
	5 # 4
	6 # 1
	7 # 41
	8 # 52
	9 # 21
	10 # 54
	11 # 22
	12 # 57
	13 # 33
	14 # 56
	15 # 30
Timestep 1:
	0 # 44
	1 # 19
	2 # 52
	3 # 42
	4 # 62
	5 # 12
	6 # 0
	7 # 9
	8 # 53
	9 # 5
	10 # 38
	11 # 54
	12 # 56
	13 # 41
	14 # 40
	15 # 30
Timestep 2:
	0 # 12
	1 # 27
	2 # 36
	3 # 10
	4 # 62
	5 # 8
	6 # 16
	7 # 13
	8 # 49
	9 # 5
	10 # 34
	11 # 50
	12 # 24
	13 # 41
	14 # 40
	15 # 28
Timestep 3:
	0 # 14
	1 # 27
	2 # 38
	3 # 26
	4 # 30
	5 # 8
	6 # 17
	7 # 15
	8 # 57
	9 # 1
	10 # 32
	11 # 34
	12 # 28
	13 # 45
	14 # 40
	15 # 20
Timestep 4:
	0 # 30
	1 # 25
	2 # 34
	3 # 24
	4 # 22
	5 # 12
	6 # 19
	7 # 31
	8 # 41
	9 # 33
	10 # 36
	11 # 35
	12 # 20
	13 # 13
	14 # 32
	15 # 16
Timestep 5:
	0 # 26
	1 # 29
	2 # 35
	3 # 16
	4 # 22
	5 # 14
	6 # 23
	7 # 15
	8 # 43
	9 # 1
	10 # 32
	11 # 39
	12 # 52
	13 # 45
	14 # 40
	15 # 0

