Solution makespan:6
Timestep 0:
	0 # 21
	1 # 33
	2 # 24
	3 # 44
	4 # 17
	5 # 40
	6 # 52
	7 # 27
	8 # 28
	9 # 11
	10 # 19
	11 # 58
Timestep 1:
	0 # 53
	1 # 35
	2 # 8
	3 # 12
	4 # 16
	5 # 32
	6 # 20
	7 # 27
	8 # 29
	9 # 15
	10 # 18
	11 # 59
Timestep 2:
	0 # 61
	1 # 34
	2 # 10
	3 # 44
	4 # 48
	5 # 0
	6 # 4
	7 # 11
	8 # 13
	9 # 7
	10 # 16
	11 # 43
Timestep 3:
	0 # 29
	1 # 2
	2 # 14
	3 # 12
	4 # 32
	5 # 8
	6 # 6
	7 # 10
	8 # 13
	9 # 7
	10 # 17
	11 # 11
Timestep 4:
	0 # 29
	1 # 3
	2 # 15
	3 # 12
	4 # 34
	5 # 8
	6 # 2
	7 # 14
	8 # 13
	9 # 6
	10 # 25
	11 # 9
Timestep 5:
	0 # 31
	1 # 35
	2 # 7
	3 # 4
	4 # 42
	5 # 40
	6 # 2
	7 # 12
	8 # 9
	9 # 38
	10 # 24
	11 # 11
Timestep 6:
	0 # 63
	1 # 34
	2 # 15
	3 # 0
	4 # 46
	5 # 56
	6 # 18
	7 # 44
	8 # 8
	9 # 54
	10 # 26
	11 # 11

