Solution makespan:5
Timestep 0:
	0 # 48
	1 # 39
	2 # 4
	3 # 32
	4 # 35
	5 # 27
	6 # 19
	7 # 22
	8 # 36
	9 # 11
	10 # 1
	11 # 14
	12 # 42
	13 # 15
	14 # 61
	15 # 37
	16 # 47
	17 # 6
	18 # 0
	19 # 13
	20 # 49
	21 # 57
	22 # 51
	23 # 3
Timestep 1:
	0 # 56
	1 # 39
	2 # 36
	3 # 40
	4 # 35
	5 # 19
	6 # 3
	7 # 20
	8 # 38
	9 # 43
	10 # 1
	11 # 10
	12 # 34
	13 # 15
	14 # 63
	15 # 37
	16 # 46
	17 # 7
	18 # 16
	19 # 45
	20 # 48
	21 # 61
	22 # 59
	23 # 2
Timestep 2:
	0 # 58
	1 # 35
	2 # 52
	3 # 56
	4 # 3
	5 # 51
	6 # 11
	7 # 20
	8 # 6
	9 # 47
	10 # 9
	11 # 8
	12 # 2
	13 # 13
	14 # 63
	15 # 5
	16 # 38
	17 # 23
	18 # 17
	19 # 45
	20 # 16
	21 # 60
	22 # 57
	23 # 0
Timestep 3:
	0 # 42
	1 # 35
	2 # 54
	3 # 48
	4 # 3
	5 # 51
	6 # 43
	7 # 20
	8 # 14
	9 # 46
	10 # 13
	11 # 24
	12 # 2
	13 # 12
	14 # 31
	15 # 1
	16 # 38
	17 # 19
	18 # 25
	19 # 37
	20 # 18
	21 # 60
	22 # 49
	23 # 32
Timestep 4:
	0 # 42
	1 # 43
	2 # 50
	3 # 16
	4 # 19
	5 # 49
	6 # 41
	7 # 52
	8 # 12
	9 # 38
	10 # 15
	11 # 24
	12 # 34
	13 # 4
	14 # 29
	15 # 33
	16 # 39
	17 # 27
	18 # 25
	19 # 53
	20 # 26
	21 # 44
	22 # 48
	23 # 40
Timestep 5:
	0 # 10
	1 # 41
	2 # 51
	3 # 18
	4 # 27
	5 # 17
	6 # 9
	7 # 60
	8 # 14
	9 # 54
	10 # 47
	11 # 16
	12 # 35
	13 # 36
	14 # 61
	15 # 49
	16 # 55
	17 # 31
	18 # 57
	19 # 21
	20 # 24
	21 # 45
	22 # 32
	23 # 44

