Solution makespan:6
Timestep 0:
	0 # 12
	1 # 48
	2 # 49
	3 # 24
	4 # 34
	5 # 60
	6 # 8
	7 # 19
	8 # 50
	9 # 30
	10 # 44
	11 # 3
	12 # 14
	13 # 27
	14 # 10
	15 # 23
	16 # 33
	17 # 5
	18 # 62
	19 # 29
	20 # 38
	21 # 35
	22 # 11
	23 # 54
	24 # 6
	25 # 26
	26 # 17
	27 # 51
	28 # 1
	29 # 43
	30 # 21
	31 # 45
Timestep 1:
	0 # 4
	1 # 56
	2 # 33
	3 # 24
	4 # 42
	5 # 52
	6 # 0
	7 # 3
	8 # 34
	9 # 28
	10 # 60
	11 # 7
	12 # 10
	13 # 25
	14 # 8
	15 # 23
	16 # 41
	17 # 1
	18 # 62
	19 # 61
	20 # 46
	21 # 39
	22 # 15
	23 # 22
	24 # 14
	25 # 27
	26 # 16
	27 # 59
	28 # 9
	29 # 47
	30 # 29
	31 # 37
Timestep 2:
	0 # 6
	1 # 24
	2 # 33
	3 # 26
	4 # 10
	5 # 54
	6 # 2
	7 # 3
	8 # 34
	9 # 12
	10 # 56
	11 # 39
	12 # 11
	13 # 25
	14 # 40
	15 # 19
	16 # 43
	17 # 9
	18 # 30
	19 # 61
	20 # 46
	21 # 38
	22 # 13
	23 # 23
	24 # 15
	25 # 31
	26 # 18
	27 # 63
	28 # 8
	29 # 45
	30 # 28
	31 # 37
Timestep 3:
	0 # 14
	1 # 8
	2 # 32
	3 # 18
	4 # 26
	5 # 55
	6 # 6
	7 # 7
	8 # 35
	9 # 13
	10 # 60
	11 # 39
	12 # 43
	13 # 57
	14 # 42
	15 # 27
	16 # 47
	17 # 41
	18 # 28
	19 # 53
	20 # 62
	21 # 34
	22 # 5
	23 # 23
	24 # 31
	25 # 29
	26 # 16
	27 # 59
	28 # 0
	29 # 45
	30 # 24
	31 # 33
Timestep 4:
	0 # 30
	1 # 12
	2 # 40
	3 # 19
	4 # 26
	5 # 23
	6 # 38
	7 # 15
	8 # 39
	9 # 9
	10 # 56
	11 # 7
	12 # 42
	13 # 57
	14 # 10
	15 # 25
	16 # 46
	17 # 43
	18 # 60
	19 # 21
	20 # 63
	21 # 2
	22 # 37
	23 # 22
	24 # 29
	25 # 13
	26 # 48
	27 # 59
	28 # 16
	29 # 61
	30 # 8
	31 # 1
Timestep 5:
	0 # 28
	1 # 44
	2 # 56
	3 # 18
	4 # 27
	5 # 31
	6 # 34
	7 # 47
	8 # 39
	9 # 1
	10 # 48
	11 # 7
	12 # 58
	13 # 41
	14 # 8
	15 # 29
	16 # 14
	17 # 42
	18 # 52
	19 # 5
	20 # 55
	21 # 10
	22 # 36
	23 # 54
	24 # 13
	25 # 45
	26 # 49
	27 # 57
	28 # 20
	29 # 53
	30 # 24
	31 # 33
Timestep 6:
	0 # 28
	1 # 44
	2 # 56
	3 # 16
	4 # 59
	5 # 15
	6 # 35
	7 # 43
	8 # 7
	9 # 3
	10 # 32
	11 # 23
	12 # 50
	13 # 33
	14 # 40
	15 # 21
	16 # 30
	17 # 58
	18 # 36
	19 # 13
	20 # 55
	21 # 8
	22 # 4
	23 # 52
	24 # 9
	25 # 41
	26 # 17
	27 # 25
	28 # 22
	29 # 49
	30 # 24
	31 # 37

