Solution makespan:6
Timestep 0:
	0 # 62
	1 # 1
	2 # 13
	3 # 45
	4 # 50
	5 # 14
	6 # 5
	7 # 33
	8 # 57
	9 # 48
	10 # 31
	11 # 41
	12 # 10
	13 # 61
	14 # 38
	15 # 60
Timestep 1:
	0 # 54
	1 # 17
	2 # 29
	3 # 47
	4 # 18
	5 # 30
	6 # 13
	7 # 35
	8 # 56
	9 # 16
	10 # 27
	11 # 45
	12 # 14
	13 # 57
	14 # 38
	15 # 52
Timestep 2:
	0 # 38
	1 # 21
	2 # 31
	3 # 43
	4 # 50
	5 # 30
	6 # 29
	7 # 35
	8 # 40
	9 # 20
	10 # 25
	11 # 45
	12 # 6
	13 # 56
	14 # 36
	15 # 52
Timestep 3:
	0 # 34
	1 # 23
	2 # 63
	3 # 42
	4 # 51
	5 # 62
	6 # 28
	7 # 3
	8 # 44
	9 # 20
	10 # 25
	11 # 47
	12 # 38
	13 # 58
	14 # 37
	15 # 60
Timestep 4:
	0 # 32
	1 # 23
	2 # 63
	3 # 34
	4 # 19
	5 # 60
	6 # 28
	7 # 35
	8 # 46
	9 # 21
	10 # 57
	11 # 47
	12 # 38
	13 # 62
	14 # 45
	15 # 44
Timestep 5:
	0 # 0
	1 # 22
	2 # 47
	3 # 50
	4 # 23
	5 # 44
	6 # 24
	7 # 51
	8 # 14
	9 # 5
	10 # 49
	11 # 15
	12 # 6
	13 # 46
	14 # 13
	15 # 12
Timestep 6:
	0 # 1
	1 # 22
	2 # 47
	3 # 54
	4 # 55
	5 # 46
	6 # 24
	7 # 59
	8 # 10
	9 # 13
	10 # 53
	11 # 14
	12 # 2
	13 # 38
	14 # 45
	15 # 28

