Solution makespan:5
Timestep 0:
	0 # 49
	1 # 23
	2 # 28
	3 # 59
	4 # 34
	5 # 24
	6 # 0
	7 # 51
	8 # 32
	9 # 45
	10 # 22
	11 # 43
	12 # 3
	13 # 52
	14 # 27
	15 # 20
	16 # 12
	17 # 47
	18 # 57
	19 # 2
Timestep 1:
	0 # 48
	1 # 22
	2 # 24
	3 # 63
	4 # 38
	5 # 8
	6 # 0
	7 # 51
	8 # 40
	9 # 61
	10 # 30
	11 # 35
	12 # 3
	13 # 54
	14 # 11
	15 # 52
	16 # 4
	17 # 43
	18 # 57
	19 # 2
Timestep 2:
	0 # 50
	1 # 20
	2 # 28
	3 # 31
	4 # 54
	5 # 9
	6 # 32
	7 # 35
	8 # 42
	9 # 53
	10 # 22
	11 # 3
	12 # 7
	13 # 62
	14 # 10
	15 # 48
	16 # 4
	17 # 11
	18 # 25
	19 # 18
Timestep 3:
	0 # 58
	1 # 52
	2 # 12
	3 # 15
	4 # 55
	5 # 9
	6 # 34
	7 # 39
	8 # 43
	9 # 37
	10 # 30
	11 # 19
	12 # 5
	13 # 62
	14 # 8
	15 # 56
	16 # 4
	17 # 3
	18 # 24
	19 # 22
Timestep 4:
	0 # 59
	1 # 48
	2 # 4
	3 # 31
	4 # 55
	5 # 41
	6 # 42
	7 # 38
	8 # 43
	9 # 36
	10 # 30
	11 # 19
	12 # 1
	13 # 54
	14 # 40
	15 # 56
	16 # 0
	17 # 2
	18 # 8
	19 # 20
Timestep 5:
	0 # 58
	1 # 48
	2 # 12
	3 # 30
	4 # 63
	5 # 41
	6 # 46
	7 # 6
	8 # 47
	9 # 38
	10 # 22
	11 # 3
	12 # 1
	13 # 54
	14 # 32
	15 # 40
	16 # 16
	17 # 0
	18 # 9
	19 # 52

