Solution makespan:5
Timestep 0:
	0 # 63
	1 # 60
	2 # 18
	3 # 11
	4 # 12
	5 # 41
	6 # 52
	7 # 4
	8 # 32
	9 # 16
	10 # 37
	11 # 54
	12 # 59
	13 # 44
	14 # 1
	15 # 20
Timestep 1:
	0 # 55
	1 # 60
	2 # 22
	3 # 11
	4 # 44
	5 # 33
	6 # 36
	7 # 6
	8 # 34
	9 # 48
	10 # 53
	11 # 62
	12 # 27
	13 # 40
	14 # 3
	15 # 28
Timestep 2:
	0 # 55
	1 # 60
	2 # 6
	3 # 27
	4 # 40
	5 # 49
	6 # 52
	7 # 38
	8 # 35
	9 # 50
	10 # 37
	11 # 62
	12 # 59
	13 # 56
	14 # 3
	15 # 24
Timestep 3:
	0 # 53
	1 # 61
	2 # 4
	3 # 59
	4 # 56
	5 # 49
	6 # 54
	7 # 46
	8 # 35
	9 # 34
	10 # 5
	11 # 58
	12 # 43
	13 # 57
	14 # 11
	15 # 26
Timestep 4:
	0 # 37
	1 # 63
	2 # 0
	3 # 59
	4 # 56
	5 # 53
	6 # 22
	7 # 62
	8 # 39
	9 # 32
	10 # 5
	11 # 50
	12 # 35
	13 # 25
	14 # 27
	15 # 58
Timestep 5:
	0 # 36
	1 # 63
	2 # 2
	3 # 57
	4 # 58
	5 # 21
	6 # 54
	7 # 30
	8 # 39
	9 # 40
	10 # 4
	11 # 18
	12 # 51
	13 # 29
	14 # 31
	15 # 42

