Solution makespan:5
Timestep 0:
	0 # 45
	1 # 35
	2 # 20
	3 # 16
	4 # 58
	5 # 12
	6 # 17
	7 # 25
	8 # 41
	9 # 47
	10 # 56
	11 # 53
	12 # 22
	13 # 15
	14 # 51
	15 # 43
	16 # 21
	17 # 44
	18 # 3
	19 # 30
	20 # 49
	21 # 31
	22 # 55
	23 # 59
	24 # 61
	25 # 13
	26 # 60
	27 # 0
	28 # 33
	29 # 62
	30 # 26
	31 # 2
Timestep 1:
	0 # 61
	1 # 3
	2 # 22
	3 # 48
	4 # 56
	5 # 4
	6 # 21
	7 # 9
	8 # 41
	9 # 43
	10 # 24
	11 # 37
	12 # 23
	13 # 14
	14 # 19
	15 # 35
	16 # 29
	17 # 46
	18 # 11
	19 # 30
	20 # 51
	21 # 15
	22 # 54
	23 # 57
	24 # 53
	25 # 12
	26 # 44
	27 # 0
	28 # 33
	29 # 60
	30 # 58
	31 # 18
Timestep 2:
	0 # 57
	1 # 2
	2 # 30
	3 # 52
	4 # 48
	5 # 5
	6 # 23
	7 # 1
	8 # 40
	9 # 42
	10 # 25
	11 # 36
	12 # 31
	13 # 10
	14 # 3
	15 # 39
	16 # 29
	17 # 46
	18 # 43
	19 # 14
	20 # 35
	21 # 15
	22 # 50
	23 # 49
	24 # 55
	25 # 28
	26 # 45
	27 # 4
	28 # 37
	29 # 56
	30 # 59
	31 # 19
Timestep 3:
	0 # 25
	1 # 3
	2 # 31
	3 # 54
	4 # 16
	5 # 13
	6 # 22
	7 # 5
	8 # 8
	9 # 42
	10 # 17
	11 # 32
	12 # 23
	13 # 10
	14 # 11
	15 # 55
	16 # 28
	17 # 38
	18 # 47
	19 # 12
	20 # 34
	21 # 15
	22 # 58
	23 # 49
	24 # 51
	25 # 20
	26 # 61
	27 # 6
	28 # 45
	29 # 56
	30 # 63
	31 # 19
Timestep 4:
	0 # 57
	1 # 3
	2 # 31
	3 # 38
	4 # 17
	5 # 9
	6 # 22
	7 # 37
	8 # 40
	9 # 34
	10 # 21
	11 # 0
	12 # 23
	13 # 11
	14 # 27
	15 # 54
	16 # 30
	17 # 39
	18 # 46
	19 # 28
	20 # 2
	21 # 15
	22 # 50
	23 # 53
	24 # 59
	25 # 52
	26 # 29
	27 # 7
	28 # 13
	29 # 58
	30 # 61
	31 # 51
Timestep 5:
	0 # 57
	1 # 19
	2 # 63
	3 # 34
	4 # 21
	5 # 25
	6 # 30
	7 # 36
	8 # 56
	9 # 32
	10 # 5
	11 # 1
	12 # 23
	13 # 10
	14 # 59
	15 # 54
	16 # 14
	17 # 35
	18 # 62
	19 # 60
	20 # 6
	21 # 13
	22 # 51
	23 # 53
	24 # 58
	25 # 52
	26 # 29
	27 # 3
	28 # 9
	29 # 42
	30 # 61
	31 # 49

