Solution makespan:6
Timestep 0:
	0 # 27
	1 # 18
	2 # 11
	3 # 41
	4 # 51
	5 # 37
	6 # 30
	7 # 55
Timestep 1:
	0 # 59
	1 # 26
	2 # 11
	3 # 45
	4 # 50
	5 # 39
	6 # 22
	7 # 55
Timestep 2:
	0 # 51
	1 # 30
	2 # 11
	3 # 47
	4 # 48
	5 # 38
	6 # 22
	7 # 53
Timestep 3:
	0 # 35
	1 # 62
	2 # 43
	3 # 15
	4 # 50
	5 # 6
	6 # 30
	7 # 21
Timestep 4:
	0 # 43
	1 # 30
	2 # 41
	3 # 31
	4 # 34
	5 # 22
	6 # 26
	7 # 17
Timestep 5:
	0 # 43
	1 # 31
	2 # 41
	3 # 29
	4 # 42
	5 # 18
	6 # 27
	7 # 17
Timestep 6:
	0 # 47
	1 # 63
	2 # 45
	3 # 29
	4 # 58
	5 # 26
	6 # 11
	7 # 21

