Solution makespan:6
Timestep 0:
	0 # 42
	1 # 24
	2 # 14
	3 # 43
	4 # 29
	5 # 55
	6 # 8
	7 # 30
	8 # 35
	9 # 44
	10 # 19
	11 # 53
	12 # 11
	13 # 39
	14 # 27
	15 # 63
	16 # 28
	17 # 7
	18 # 50
	19 # 56
	20 # 59
	21 # 34
	22 # 1
	23 # 6
Timestep 1:
	0 # 40
	1 # 8
	2 # 46
	3 # 59
	4 # 61
	5 # 39
	6 # 9
	7 # 22
	8 # 33
	9 # 45
	10 # 19
	11 # 49
	12 # 27
	13 # 37
	14 # 31
	15 # 63
	16 # 60
	17 # 15
	18 # 50
	19 # 58
	20 # 51
	21 # 34
	22 # 3
	23 # 14
Timestep 2:
	0 # 8
	1 # 0
	2 # 38
	3 # 58
	4 # 63
	5 # 47
	6 # 25
	7 # 54
	8 # 41
	9 # 37
	10 # 51
	11 # 49
	12 # 31
	13 # 5
	14 # 15
	15 # 59
	16 # 44
	17 # 13
	18 # 48
	19 # 26
	20 # 50
	21 # 2
	22 # 35
	23 # 10
Timestep 3:
	0 # 24
	1 # 2
	2 # 34
	3 # 26
	4 # 62
	5 # 43
	6 # 17
	7 # 52
	8 # 57
	9 # 37
	10 # 55
	11 # 48
	12 # 63
	13 # 4
	14 # 14
	15 # 51
	16 # 45
	17 # 29
	18 # 32
	19 # 18
	20 # 58
	21 # 6
	22 # 39
	23 # 8
Timestep 4:
	0 # 28
	1 # 3
	2 # 35
	3 # 58
	4 # 60
	5 # 41
	6 # 49
	7 # 52
	8 # 25
	9 # 33
	10 # 54
	11 # 48
	12 # 55
	13 # 36
	14 # 46
	15 # 51
	16 # 47
	17 # 61
	18 # 34
	19 # 50
	20 # 59
	21 # 2
	22 # 37
	23 # 40
Timestep 5:
	0 # 20
	1 # 7
	2 # 39
	3 # 50
	4 # 52
	5 # 9
	6 # 49
	7 # 48
	8 # 27
	9 # 1
	10 # 22
	11 # 56
	12 # 23
	13 # 4
	14 # 46
	15 # 19
	16 # 47
	17 # 60
	18 # 2
	19 # 18
	20 # 59
	21 # 0
	22 # 53
	23 # 8
Timestep 6:
	0 # 28
	1 # 39
	2 # 38
	3 # 54
	4 # 36
	5 # 13
	6 # 49
	7 # 48
	8 # 27
	9 # 17
	10 # 22
	11 # 57
	12 # 55
	13 # 12
	14 # 44
	15 # 51
	16 # 47
	17 # 60
	18 # 2
	19 # 19
	20 # 58
	21 # 0
	22 # 52
	23 # 10

