Solution makespan:4
Timestep 0:
	0 # 49
	1 # 31
	2 # 55
	3 # 59
	4 # 61
	5 # 13
	6 # 60
	7 # 0
	8 # 33
	9 # 62
	10 # 26
	11 # 2
Timestep 1:
	0 # 53
	1 # 29
	2 # 23
	3 # 27
	4 # 63
	5 # 13
	6 # 44
	7 # 16
	8 # 33
	9 # 30
	10 # 26
	11 # 18
Timestep 2:
	0 # 52
	1 # 21
	2 # 19
	3 # 11
	4 # 59
	5 # 9
	6 # 40
	7 # 16
	8 # 1
	9 # 14
	10 # 10
	11 # 22
Timestep 3:
	0 # 52
	1 # 53
	2 # 19
	3 # 11
	4 # 43
	5 # 9
	6 # 42
	7 # 17
	8 # 0
	9 # 10
	10 # 8
	11 # 22
Timestep 4:
	0 # 60
	1 # 49
	2 # 18
	3 # 3
	4 # 43
	5 # 41
	6 # 46
	7 # 19
	8 # 32
	9 # 14
	10 # 12
	11 # 30

