Solution makespan:5
Timestep 0:
	0 # 10
	1 # 44
	2 # 59
	3 # 11
	4 # 61
	5 # 15
	6 # 27
	7 # 51
	8 # 39
	9 # 23
	10 # 43
	11 # 37
	12 # 26
	13 # 0
	14 # 4
	15 # 20
	16 # 6
	17 # 3
	18 # 17
	19 # 47
	20 # 13
	21 # 48
	22 # 57
	23 # 21
	24 # 16
	25 # 38
	26 # 30
	27 # 7
	28 # 49
	29 # 5
	30 # 35
	31 # 32
Timestep 1:
	0 # 42
	1 # 40
	2 # 58
	3 # 15
	4 # 61
	5 # 14
	6 # 25
	7 # 50
	8 # 55
	9 # 22
	10 # 43
	11 # 33
	12 # 26
	13 # 8
	14 # 4
	15 # 21
	16 # 38
	17 # 3
	18 # 17
	19 # 39
	20 # 12
	21 # 16
	22 # 41
	23 # 53
	24 # 24
	25 # 34
	26 # 30
	27 # 23
	28 # 57
	29 # 13
	30 # 51
	31 # 36
Timestep 2:
	0 # 43
	1 # 32
	2 # 56
	3 # 7
	4 # 57
	5 # 10
	6 # 17
	7 # 34
	8 # 63
	9 # 22
	10 # 35
	11 # 49
	12 # 27
	13 # 8
	14 # 36
	15 # 29
	16 # 46
	17 # 1
	18 # 16
	19 # 55
	20 # 44
	21 # 20
	22 # 9
	23 # 53
	24 # 24
	25 # 2
	26 # 14
	27 # 31
	28 # 59
	29 # 45
	30 # 50
	31 # 52
Timestep 3:
	0 # 43
	1 # 33
	2 # 60
	3 # 6
	4 # 56
	5 # 26
	6 # 19
	7 # 34
	8 # 61
	9 # 20
	10 # 51
	11 # 17
	12 # 11
	13 # 12
	14 # 44
	15 # 25
	16 # 62
	17 # 0
	18 # 18
	19 # 23
	20 # 40
	21 # 28
	22 # 1
	23 # 21
	24 # 8
	25 # 3
	26 # 15
	27 # 30
	28 # 63
	29 # 47
	30 # 54
	31 # 53
Timestep 4:
	0 # 35
	1 # 33
	2 # 44
	3 # 4
	4 # 48
	5 # 30
	6 # 17
	7 # 42
	8 # 53
	9 # 22
	10 # 19
	11 # 16
	12 # 9
	13 # 8
	14 # 46
	15 # 27
	16 # 54
	17 # 0
	18 # 50
	19 # 21
	20 # 32
	21 # 24
	22 # 3
	23 # 5
	24 # 10
	25 # 7
	26 # 15
	27 # 28
	28 # 47
	29 # 43
	30 # 52
	31 # 49
Timestep 5:
	0 # 3
	1 # 1
	2 # 60
	3 # 12
	4 # 16
	5 # 30
	6 # 25
	7 # 58
	8 # 53
	9 # 18
	10 # 27
	11 # 20
	12 # 13
	13 # 8
	14 # 38
	15 # 11
	16 # 22
	17 # 32
	18 # 50
	19 # 29
	20 # 34
	21 # 26
	22 # 2
	23 # 21
	24 # 10
	25 # 15
	26 # 14
	27 # 28
	28 # 45
	29 # 35
	30 # 54
	31 # 17

