Solution makespan:5
Timestep 0:
	0 # 52
	1 # 54
	2 # 28
	3 # 12
	4 # 31
	5 # 17
	6 # 60
	7 # 61
	8 # 33
	9 # 20
	10 # 42
	11 # 13
	12 # 5
	13 # 40
	14 # 49
	15 # 19
Timestep 1:
	0 # 52
	1 # 38
	2 # 28
	3 # 44
	4 # 27
	5 # 19
	6 # 61
	7 # 45
	8 # 32
	9 # 16
	10 # 58
	11 # 15
	12 # 21
	13 # 41
	14 # 57
	15 # 23
Timestep 2:
	0 # 53
	1 # 39
	2 # 30
	3 # 46
	4 # 11
	5 # 18
	6 # 29
	7 # 44
	8 # 36
	9 # 20
	10 # 50
	11 # 15
	12 # 17
	13 # 43
	14 # 49
	15 # 31
Timestep 3:
	0 # 53
	1 # 55
	2 # 14
	3 # 44
	4 # 9
	5 # 16
	6 # 21
	7 # 12
	8 # 38
	9 # 22
	10 # 51
	11 # 13
	12 # 49
	13 # 47
	14 # 48
	15 # 27
Timestep 4:
	0 # 37
	1 # 55
	2 # 6
	3 # 40
	4 # 8
	5 # 20
	6 # 21
	7 # 4
	8 # 46
	9 # 30
	10 # 59
	11 # 45
	12 # 51
	13 # 15
	14 # 48
	15 # 25
Timestep 5:
	0 # 5
	1 # 23
	2 # 7
	3 # 32
	4 # 8
	5 # 52
	6 # 17
	7 # 0
	8 # 62
	9 # 31
	10 # 57
	11 # 45
	12 # 50
	13 # 13
	14 # 56
	15 # 25

