Solution makespan:5
Timestep 0:
	0 # 1
	1 # 42
	2 # 44
	3 # 19
	4 # 27
	5 # 9
	6 # 20
	7 # 40
	8 # 8
	9 # 22
	10 # 55
	11 # 51
	12 # 47
	13 # 62
	14 # 4
	15 # 43
	16 # 21
	17 # 18
	18 # 49
	19 # 29
	20 # 52
	21 # 7
	22 # 31
	23 # 26
	24 # 0
	25 # 30
	26 # 38
	27 # 34
	28 # 23
	29 # 14
	30 # 17
	31 # 61
Timestep 1:
	0 # 17
	1 # 34
	2 # 45
	3 # 27
	4 # 11
	5 # 13
	6 # 28
	7 # 41
	8 # 12
	9 # 30
	10 # 39
	11 # 51
	12 # 47
	13 # 46
	14 # 36
	15 # 35
	16 # 5
	17 # 16
	18 # 33
	19 # 21
	20 # 54
	21 # 6
	22 # 15
	23 # 58
	24 # 2
	25 # 26
	26 # 38
	27 # 50
	28 # 23
	29 # 10
	30 # 25
	31 # 61
Timestep 2:
	0 # 17
	1 # 2
	2 # 13
	3 # 25
	4 # 43
	5 # 9
	6 # 60
	7 # 41
	8 # 28
	9 # 31
	10 # 38
	11 # 55
	12 # 46
	13 # 14
	14 # 52
	15 # 34
	16 # 5
	17 # 48
	18 # 35
	19 # 23
	20 # 54
	21 # 6
	22 # 15
	23 # 59
	24 # 18
	25 # 10
	26 # 36
	27 # 58
	28 # 7
	29 # 8
	30 # 24
	31 # 61
Timestep 3:
	0 # 49
	1 # 3
	2 # 13
	3 # 57
	4 # 47
	5 # 9
	6 # 62
	7 # 45
	8 # 30
	9 # 29
	10 # 46
	11 # 51
	12 # 44
	13 # 14
	14 # 52
	15 # 34
	16 # 1
	17 # 50
	18 # 43
	19 # 7
	20 # 55
	21 # 2
	22 # 31
	23 # 59
	24 # 19
	25 # 42
	26 # 37
	27 # 58
	28 # 6
	29 # 0
	30 # 26
	31 # 60
Timestep 4:
	0 # 48
	1 # 35
	2 # 5
	3 # 41
	4 # 45
	5 # 11
	6 # 46
	7 # 13
	8 # 26
	9 # 29
	10 # 14
	11 # 49
	12 # 36
	13 # 6
	14 # 53
	15 # 38
	16 # 33
	17 # 34
	18 # 47
	19 # 7
	20 # 39
	21 # 2
	22 # 31
	23 # 27
	24 # 3
	25 # 42
	26 # 37
	27 # 50
	28 # 4
	29 # 1
	30 # 24
	31 # 28
Timestep 5:
	0 # 52
	1 # 51
	2 # 4
	3 # 57
	4 # 61
	5 # 15
	6 # 42
	7 # 13
	8 # 58
	9 # 31
	10 # 14
	11 # 48
	12 # 44
	13 # 6
	14 # 49
	15 # 46
	16 # 32
	17 # 34
	18 # 47
	19 # 5
	20 # 55
	21 # 18
	22 # 23
	23 # 59
	24 # 7
	25 # 43
	26 # 53
	27 # 50
	28 # 0
	29 # 1
	30 # 24
	31 # 28

