Solution makespan:6
Timestep 0:
	0 # 3
	1 # 56
	2 # 4
	3 # 2
	4 # 40
	5 # 21
	6 # 27
	7 # 34
Timestep 1:
	0 # 3
	1 # 58
	2 # 4
	3 # 18
	4 # 42
	5 # 53
	6 # 25
	7 # 34
Timestep 2:
	0 # 35
	1 # 26
	2 # 6
	3 # 16
	4 # 34
	5 # 52
	6 # 24
	7 # 32
Timestep 3:
	0 # 33
	1 # 10
	2 # 7
	3 # 17
	4 # 2
	5 # 60
	6 # 56
	7 # 0
Timestep 4:
	0 # 32
	1 # 2
	2 # 3
	3 # 1
	4 # 6
	5 # 62
	6 # 24
	7 # 4
Timestep 5:
	0 # 40
	1 # 3
	2 # 1
	3 # 5
	4 # 38
	5 # 46
	6 # 8
	7 # 12
Timestep 6:
	0 # 56
	1 # 7
	2 # 9
	3 # 21
	4 # 46
	5 # 47
	6 # 24
	7 # 28

