Solution makespan:6
Timestep 0:
	0 # 14
	1 # 34
	2 # 39
	3 # 9
	4 # 3
	5 # 1
	6 # 26
	7 # 43
	8 # 55
	9 # 32
	10 # 23
	11 # 16
Timestep 1:
	0 # 30
	1 # 34
	2 # 39
	3 # 41
	4 # 19
	5 # 33
	6 # 27
	7 # 43
	8 # 63
	9 # 36
	10 # 31
	11 # 24
Timestep 2:
	0 # 14
	1 # 35
	2 # 7
	3 # 45
	4 # 3
	5 # 33
	6 # 31
	7 # 47
	8 # 59
	9 # 4
	10 # 30
	11 # 28
Timestep 3:
	0 # 6
	1 # 35
	2 # 39
	3 # 44
	4 # 19
	5 # 32
	6 # 15
	7 # 46
	8 # 43
	9 # 4
	10 # 30
	11 # 29
Timestep 4:
	0 # 4
	1 # 3
	2 # 55
	3 # 46
	4 # 51
	5 # 48
	6 # 11
	7 # 42
	8 # 47
	9 # 0
	10 # 26
	11 # 21
Timestep 5:
	0 # 20
	1 # 1
	2 # 23
	3 # 38
	4 # 35
	5 # 56
	6 # 11
	7 # 43
	8 # 15
	9 # 2
	10 # 10
	11 # 5
Timestep 6:
	0 # 21
	1 # 0
	2 # 23
	3 # 54
	4 # 43
	5 # 58
	6 # 27
	7 # 47
	8 # 14
	9 # 6
	10 # 11
	11 # 37

