Solution makespan:6
Timestep 0:
	0 # 52
	1 # 30
	2 # 6
	3 # 47
	4 # 8
	5 # 11
	6 # 53
	7 # 55
	8 # 54
	9 # 4
	10 # 62
	11 # 2
	12 # 10
	13 # 9
	14 # 0
	15 # 28
	16 # 43
	17 # 7
	18 # 48
	19 # 20
	20 # 19
	21 # 24
	22 # 56
	23 # 61
	24 # 29
	25 # 1
	26 # 14
	27 # 32
	28 # 57
	29 # 16
	30 # 42
	31 # 37
Timestep 1:
	0 # 60
	1 # 62
	2 # 22
	3 # 47
	4 # 40
	5 # 27
	6 # 49
	7 # 23
	8 # 55
	9 # 36
	10 # 63
	11 # 6
	12 # 26
	13 # 25
	14 # 0
	15 # 29
	16 # 11
	17 # 3
	18 # 50
	19 # 4
	20 # 51
	21 # 8
	22 # 56
	23 # 53
	24 # 21
	25 # 5
	26 # 12
	27 # 32
	28 # 57
	29 # 16
	30 # 58
	31 # 45
Timestep 2:
	0 # 62
	1 # 46
	2 # 6
	3 # 43
	4 # 42
	5 # 27
	6 # 51
	7 # 31
	8 # 53
	9 # 37
	10 # 55
	11 # 38
	12 # 24
	13 # 57
	14 # 1
	15 # 29
	16 # 15
	17 # 11
	18 # 18
	19 # 0
	20 # 35
	21 # 40
	22 # 48
	23 # 52
	24 # 20
	25 # 4
	26 # 44
	27 # 33
	28 # 56
	29 # 17
	30 # 58
	31 # 13
Timestep 3:
	0 # 63
	1 # 47
	2 # 2
	3 # 59
	4 # 10
	5 # 31
	6 # 35
	7 # 29
	8 # 61
	9 # 39
	10 # 51
	11 # 54
	12 # 28
	13 # 57
	14 # 9
	15 # 13
	16 # 14
	17 # 3
	18 # 19
	19 # 0
	20 # 33
	21 # 32
	22 # 50
	23 # 52
	24 # 22
	25 # 4
	26 # 60
	27 # 49
	28 # 24
	29 # 25
	30 # 62
	31 # 12
Timestep 4:
	0 # 47
	1 # 43
	2 # 6
	3 # 51
	4 # 42
	5 # 31
	6 # 3
	7 # 61
	8 # 45
	9 # 39
	10 # 35
	11 # 52
	12 # 28
	13 # 25
	14 # 11
	15 # 5
	16 # 46
	17 # 7
	18 # 23
	19 # 1
	20 # 33
	21 # 48
	22 # 18
	23 # 53
	24 # 22
	25 # 20
	26 # 62
	27 # 49
	28 # 26
	29 # 27
	30 # 30
	31 # 12
Timestep 5:
	0 # 39
	1 # 35
	2 # 6
	3 # 49
	4 # 10
	5 # 29
	6 # 2
	7 # 53
	8 # 41
	9 # 55
	10 # 3
	11 # 36
	12 # 12
	13 # 24
	14 # 9
	15 # 37
	16 # 42
	17 # 7
	18 # 23
	19 # 0
	20 # 1
	21 # 52
	22 # 50
	23 # 21
	24 # 54
	25 # 22
	26 # 46
	27 # 33
	28 # 27
	29 # 25
	30 # 28
	31 # 4
Timestep 6:
	0 # 55
	1 # 33
	2 # 6
	3 # 57
	4 # 26
	5 # 25
	6 # 2
	7 # 52
	8 # 41
	9 # 53
	10 # 11
	11 # 44
	12 # 8
	13 # 24
	14 # 13
	15 # 45
	16 # 40
	17 # 23
	18 # 19
	19 # 16
	20 # 5
	21 # 20
	22 # 51
	23 # 29
	24 # 50
	25 # 54
	26 # 62
	27 # 32
	28 # 27
	29 # 17
	30 # 28
	31 # 12

