Solution makespan:6
Timestep 0:
	0 # 12
	1 # 28
	2 # 4
	3 # 57
	4 # 48
	5 # 11
	6 # 27
	7 # 46
	8 # 3
	9 # 63
	10 # 44
	11 # 36
	12 # 13
	13 # 26
	14 # 23
	15 # 25
	16 # 5
	17 # 18
	18 # 21
	19 # 33
	20 # 39
	21 # 45
	22 # 52
	23 # 24
	24 # 35
	25 # 58
	26 # 2
	27 # 8
	28 # 61
	29 # 38
	30 # 59
	31 # 16
Timestep 1:
	0 # 14
	1 # 30
	2 # 5
	3 # 25
	4 # 52
	5 # 3
	6 # 19
	7 # 47
	8 # 1
	9 # 61
	10 # 12
	11 # 32
	12 # 45
	13 # 27
	14 # 55
	15 # 24
	16 # 7
	17 # 16
	18 # 29
	19 # 49
	20 # 38
	21 # 41
	22 # 36
	23 # 8
	24 # 43
	25 # 58
	26 # 34
	27 # 9
	28 # 60
	29 # 54
	30 # 51
	31 # 20
Timestep 2:
	0 # 15
	1 # 14
	2 # 21
	3 # 9
	4 # 36
	5 # 2
	6 # 18
	7 # 39
	8 # 1
	9 # 57
	10 # 13
	11 # 48
	12 # 47
	13 # 31
	14 # 51
	15 # 8
	16 # 7
	17 # 17
	18 # 25
	19 # 49
	20 # 6
	21 # 33
	22 # 32
	23 # 10
	24 # 42
	25 # 59
	26 # 38
	27 # 11
	28 # 62
	29 # 52
	30 # 50
	31 # 4
Timestep 3:
	0 # 11
	1 # 46
	2 # 53
	3 # 25
	4 # 4
	5 # 18
	6 # 16
	7 # 55
	8 # 5
	9 # 61
	10 # 13
	11 # 48
	12 # 15
	13 # 27
	14 # 51
	15 # 0
	16 # 3
	17 # 1
	18 # 17
	19 # 57
	20 # 22
	21 # 35
	22 # 33
	23 # 26
	24 # 40
	25 # 59
	26 # 6
	27 # 10
	28 # 54
	29 # 60
	30 # 34
	31 # 12
Timestep 4:
	0 # 43
	1 # 47
	2 # 53
	3 # 17
	4 # 36
	5 # 22
	6 # 48
	7 # 51
	8 # 5
	9 # 45
	10 # 29
	11 # 52
	12 # 31
	13 # 26
	14 # 50
	15 # 32
	16 # 19
	17 # 9
	18 # 49
	19 # 25
	20 # 6
	21 # 39
	22 # 41
	23 # 58
	24 # 40
	25 # 59
	26 # 7
	27 # 11
	28 # 55
	29 # 44
	30 # 34
	31 # 8
Timestep 5:
	0 # 35
	1 # 39
	2 # 21
	3 # 1
	4 # 38
	5 # 6
	6 # 16
	7 # 55
	8 # 4
	9 # 13
	10 # 25
	11 # 53
	12 # 29
	13 # 24
	14 # 48
	15 # 33
	16 # 19
	17 # 9
	18 # 57
	19 # 27
	20 # 14
	21 # 37
	22 # 40
	23 # 59
	24 # 32
	25 # 63
	26 # 23
	27 # 3
	28 # 54
	29 # 60
	30 # 2
	31 # 10
Timestep 6:
	0 # 51
	1 # 55
	2 # 53
	3 # 1
	4 # 34
	5 # 6
	6 # 24
	7 # 54
	8 # 12
	9 # 5
	10 # 9
	11 # 37
	12 # 29
	13 # 8
	14 # 56
	15 # 49
	16 # 3
	17 # 41
	18 # 61
	19 # 26
	20 # 15
	21 # 45
	22 # 42
	23 # 59
	24 # 36
	25 # 31
	26 # 23
	27 # 7
	28 # 38
	29 # 44
	30 # 2
	31 # 11

