Solution makespan:5
Timestep 0:
	0 # 42
	1 # 54
	2 # 49
	3 # 52
	4 # 1
	5 # 62
	6 # 63
	7 # 57
	8 # 45
	9 # 46
	10 # 0
	11 # 10
	12 # 26
	13 # 34
	14 # 50
	15 # 59
Timestep 1:
	0 # 46
	1 # 62
	2 # 33
	3 # 52
	4 # 3
	5 # 30
	6 # 55
	7 # 56
	8 # 61
	9 # 38
	10 # 4
	11 # 26
	12 # 24
	13 # 34
	14 # 58
	15 # 63
Timestep 2:
	0 # 46
	1 # 60
	2 # 1
	3 # 52
	4 # 35
	5 # 31
	6 # 55
	7 # 40
	8 # 53
	9 # 6
	10 # 4
	11 # 18
	12 # 26
	13 # 50
	14 # 42
	15 # 47
Timestep 3:
	0 # 47
	1 # 44
	2 # 3
	3 # 60
	4 # 33
	5 # 63
	6 # 53
	7 # 41
	8 # 49
	9 # 2
	10 # 6
	11 # 19
	12 # 58
	13 # 50
	14 # 34
	15 # 39
Timestep 4:
	0 # 63
	1 # 60
	2 # 1
	3 # 28
	4 # 32
	5 # 61
	6 # 49
	7 # 41
	8 # 48
	9 # 0
	10 # 38
	11 # 19
	12 # 42
	13 # 51
	14 # 34
	15 # 37
Timestep 5:
	0 # 61
	1 # 28
	2 # 33
	3 # 12
	4 # 36
	5 # 45
	6 # 49
	7 # 40
	8 # 56
	9 # 16
	10 # 46
	11 # 51
	12 # 42
	13 # 35
	14 # 2
	15 # 37

