Solution makespan:5
Timestep 0:
	0 # 56
	1 # 47
	2 # 19
	3 # 60
	4 # 58
	5 # 26
	6 # 36
	7 # 38
	8 # 4
	9 # 8
	10 # 1
	11 # 57
	12 # 53
	13 # 62
	14 # 28
	15 # 7
	16 # 24
	17 # 41
	18 # 37
	19 # 42
Timestep 1:
	0 # 24
	1 # 47
	2 # 3
	3 # 56
	4 # 59
	5 # 58
	6 # 32
	7 # 54
	8 # 4
	9 # 12
	10 # 33
	11 # 61
	12 # 55
	13 # 62
	14 # 20
	15 # 15
	16 # 8
	17 # 57
	18 # 5
	19 # 10
Timestep 2:
	0 # 28
	1 # 43
	2 # 11
	3 # 48
	4 # 63
	5 # 50
	6 # 32
	7 # 55
	8 # 5
	9 # 13
	10 # 35
	11 # 61
	12 # 23
	13 # 46
	14 # 16
	15 # 47
	16 # 24
	17 # 41
	18 # 1
	19 # 10
Timestep 3:
	0 # 60
	1 # 35
	2 # 9
	3 # 50
	4 # 31
	5 # 54
	6 # 33
	7 # 51
	8 # 7
	9 # 29
	10 # 34
	11 # 57
	12 # 23
	13 # 44
	14 # 16
	15 # 47
	16 # 25
	17 # 40
	18 # 1
	19 # 14
Timestep 4:
	0 # 61
	1 # 35
	2 # 13
	3 # 51
	4 # 23
	5 # 38
	6 # 49
	7 # 19
	8 # 6
	9 # 28
	10 # 42
	11 # 25
	12 # 7
	13 # 12
	14 # 48
	15 # 43
	16 # 27
	17 # 32
	18 # 0
	19 # 15
Timestep 5:
	0 # 45
	1 # 51
	2 # 5
	3 # 49
	4 # 21
	5 # 54
	6 # 57
	7 # 19
	8 # 6
	9 # 60
	10 # 42
	11 # 27
	12 # 15
	13 # 12
	14 # 48
	15 # 43
	16 # 31
	17 # 34
	18 # 32
	19 # 13

