Solution makespan:6
Timestep 0:
	0 # 32
	1 # 31
	2 # 1
	3 # 52
	4 # 59
	5 # 42
	6 # 6
	7 # 11
Timestep 1:
	0 # 48
	1 # 27
	2 # 0
	3 # 53
	4 # 51
	5 # 34
	6 # 6
	7 # 10
Timestep 2:
	0 # 16
	1 # 11
	2 # 8
	3 # 61
	4 # 49
	5 # 50
	6 # 2
	7 # 14
Timestep 3:
	0 # 24
	1 # 43
	2 # 8
	3 # 45
	4 # 17
	5 # 18
	6 # 10
	7 # 46
Timestep 4:
	0 # 26
	1 # 35
	2 # 12
	3 # 41
	4 # 21
	5 # 16
	6 # 11
	7 # 44
Timestep 5:
	0 # 30
	1 # 33
	2 # 28
	3 # 41
	4 # 21
	5 # 24
	6 # 27
	7 # 44
Timestep 6:
	0 # 62
	1 # 32
	2 # 60
	3 # 40
	4 # 53
	5 # 25
	6 # 19
	7 # 45

