Solution makespan:4
Timestep 0:
	0 # 34
	1 # 39
	2 # 25
	3 # 45
	4 # 57
	5 # 62
	6 # 33
	7 # 11
	8 # 37
	9 # 32
	10 # 1
	11 # 3
	12 # 28
	13 # 38
	14 # 47
	15 # 61
	16 # 29
	17 # 21
	18 # 35
	19 # 44
	20 # 7
	21 # 23
	22 # 58
	23 # 31
Timestep 1:
	0 # 42
	1 # 38
	2 # 24
	3 # 44
	4 # 56
	5 # 58
	6 # 32
	7 # 11
	8 # 39
	9 # 40
	10 # 1
	11 # 2
	12 # 60
	13 # 6
	14 # 15
	15 # 45
	16 # 21
	17 # 53
	18 # 35
	19 # 46
	20 # 23
	21 # 55
	22 # 50
	23 # 29
Timestep 2:
	0 # 10
	1 # 46
	2 # 25
	3 # 12
	4 # 60
	5 # 58
	6 # 0
	7 # 27
	8 # 39
	9 # 41
	10 # 33
	11 # 34
	12 # 62
	13 # 14
	14 # 11
	15 # 44
	16 # 17
	17 # 52
	18 # 51
	19 # 47
	20 # 22
	21 # 53
	22 # 54
	23 # 21
Timestep 3:
	0 # 8
	1 # 14
	2 # 25
	3 # 12
	4 # 60
	5 # 56
	6 # 1
	7 # 26
	8 # 35
	9 # 57
	10 # 32
	11 # 2
	12 # 58
	13 # 10
	14 # 27
	15 # 40
	16 # 49
	17 # 20
	18 # 50
	19 # 47
	20 # 22
	21 # 52
	22 # 55
	23 # 53
Timestep 4:
	0 # 0
	1 # 14
	2 # 9
	3 # 28
	4 # 44
	5 # 60
	6 # 33
	7 # 10
	8 # 43
	9 # 57
	10 # 32
	11 # 34
	12 # 59
	13 # 2
	14 # 27
	15 # 42
	16 # 48
	17 # 20
	18 # 50
	19 # 63
	20 # 54
	21 # 52
	22 # 39
	23 # 53

