Solution makespan:5
Timestep 0:
	0 # 38
	1 # 45
	2 # 50
	3 # 52
	4 # 14
	5 # 62
	6 # 46
	7 # 8
	8 # 3
	9 # 6
	10 # 61
	11 # 11
	12 # 59
	13 # 9
	14 # 26
	15 # 4
	16 # 56
	17 # 44
	18 # 49
	19 # 13
	20 # 53
	21 # 23
	22 # 36
	23 # 43
	24 # 19
	25 # 1
	26 # 25
	27 # 33
Timestep 1:
	0 # 46
	1 # 61
	2 # 54
	3 # 48
	4 # 15
	5 # 62
	6 # 47
	7 # 9
	8 # 7
	9 # 2
	10 # 60
	11 # 43
	12 # 57
	13 # 1
	14 # 58
	15 # 5
	16 # 24
	17 # 44
	18 # 53
	19 # 13
	20 # 21
	21 # 55
	22 # 36
	23 # 41
	24 # 3
	25 # 0
	26 # 29
	27 # 35
Timestep 2:
	0 # 47
	1 # 29
	2 # 22
	3 # 56
	4 # 7
	5 # 60
	6 # 63
	7 # 11
	8 # 6
	9 # 18
	10 # 44
	11 # 59
	12 # 49
	13 # 33
	14 # 62
	15 # 5
	16 # 24
	17 # 40
	18 # 53
	19 # 9
	20 # 23
	21 # 39
	22 # 38
	23 # 45
	24 # 1
	25 # 2
	26 # 21
	27 # 34
Timestep 3:
	0 # 45
	1 # 21
	2 # 6
	3 # 24
	4 # 23
	5 # 60
	6 # 61
	7 # 27
	8 # 4
	9 # 22
	10 # 12
	11 # 59
	12 # 17
	13 # 41
	14 # 63
	15 # 37
	16 # 16
	17 # 8
	18 # 55
	19 # 25
	20 # 31
	21 # 47
	22 # 34
	23 # 44
	24 # 0
	25 # 2
	26 # 5
	27 # 42
Timestep 4:
	0 # 41
	1 # 20
	2 # 7
	3 # 24
	4 # 55
	5 # 44
	6 # 53
	7 # 31
	8 # 0
	9 # 22
	10 # 8
	11 # 51
	12 # 19
	13 # 40
	14 # 47
	15 # 39
	16 # 16
	17 # 10
	18 # 54
	19 # 17
	20 # 29
	21 # 45
	22 # 34
	23 # 12
	24 # 32
	25 # 18
	26 # 4
	27 # 46
Timestep 5:
	0 # 43
	1 # 4
	2 # 15
	3 # 25
	4 # 55
	5 # 44
	6 # 53
	7 # 63
	8 # 0
	9 # 22
	10 # 9
	11 # 51
	12 # 23
	13 # 8
	14 # 47
	15 # 35
	16 # 48
	17 # 11
	18 # 62
	19 # 17
	20 # 29
	21 # 45
	22 # 2
	23 # 28
	24 # 34
	25 # 50
	26 # 36
	27 # 46

