Solution makespan:6
Timestep 0:
	0 # 60
	1 # 22
	2 # 13
	3 # 10
	4 # 47
	5 # 20
	6 # 23
	7 # 5
	8 # 30
	9 # 54
	10 # 49
	11 # 44
	12 # 51
	13 # 16
	14 # 33
	15 # 24
	16 # 41
	17 # 48
	18 # 52
	19 # 25
Timestep 1:
	0 # 60
	1 # 18
	2 # 13
	3 # 8
	4 # 45
	5 # 22
	6 # 21
	7 # 7
	8 # 14
	9 # 55
	10 # 53
	11 # 44
	12 # 50
	13 # 48
	14 # 32
	15 # 26
	16 # 41
	17 # 56
	18 # 36
	19 # 29
Timestep 2:
	0 # 62
	1 # 26
	2 # 12
	3 # 8
	4 # 41
	5 # 30
	6 # 20
	7 # 15
	8 # 6
	9 # 55
	10 # 21
	11 # 36
	12 # 34
	13 # 32
	14 # 0
	15 # 27
	16 # 43
	17 # 57
	18 # 37
	19 # 29
Timestep 3:
	0 # 54
	1 # 18
	2 # 44
	3 # 0
	4 # 9
	5 # 62
	6 # 4
	7 # 11
	8 # 7
	9 # 51
	10 # 29
	11 # 38
	12 # 32
	13 # 33
	14 # 2
	15 # 19
	16 # 47
	17 # 25
	18 # 39
	19 # 28
Timestep 4:
	0 # 38
	1 # 18
	2 # 36
	3 # 16
	4 # 1
	5 # 54
	6 # 5
	7 # 10
	8 # 7
	9 # 35
	10 # 13
	11 # 6
	12 # 40
	13 # 37
	14 # 34
	15 # 3
	16 # 15
	17 # 9
	18 # 39
	19 # 12
Timestep 5:
	0 # 6
	1 # 18
	2 # 52
	3 # 48
	4 # 17
	5 # 38
	6 # 4
	7 # 42
	8 # 7
	9 # 43
	10 # 9
	11 # 14
	12 # 40
	13 # 37
	14 # 50
	15 # 19
	16 # 15
	17 # 11
	18 # 39
	19 # 12
Timestep 6:
	0 # 22
	1 # 2
	2 # 20
	3 # 50
	4 # 19
	5 # 54
	6 # 0
	7 # 58
	8 # 5
	9 # 59
	10 # 1
	11 # 10
	12 # 56
	13 # 39
	14 # 51
	15 # 18
	16 # 11
	17 # 3
	18 # 7
	19 # 14

