Solution makespan:5
Timestep 0:
	0 # 46
	1 # 3
	2 # 15
	3 # 21
	4 # 1
	5 # 55
	6 # 38
	7 # 37
	8 # 5
	9 # 24
	10 # 56
	11 # 2
Timestep 1:
	0 # 46
	1 # 19
	2 # 15
	3 # 23
	4 # 3
	5 # 39
	6 # 34
	7 # 33
	8 # 21
	9 # 24
	10 # 58
	11 # 18
Timestep 2:
	0 # 44
	1 # 3
	2 # 47
	3 # 31
	4 # 7
	5 # 38
	6 # 2
	7 # 41
	8 # 21
	9 # 16
	10 # 56
	11 # 19
Timestep 3:
	0 # 46
	1 # 35
	2 # 39
	3 # 30
	4 # 7
	5 # 38
	6 # 3
	7 # 41
	8 # 20
	9 # 48
	10 # 58
	11 # 23
Timestep 4:
	0 # 62
	1 # 39
	2 # 38
	3 # 30
	4 # 23
	5 # 36
	6 # 1
	7 # 57
	8 # 16
	9 # 49
	10 # 26
	11 # 55
Timestep 5:
	0 # 46
	1 # 38
	2 # 54
	3 # 28
	4 # 55
	5 # 44
	6 # 5
	7 # 56
	8 # 17
	9 # 51
	10 # 30
	11 # 53

