Solution makespan:5
Timestep 0:
	0 # 48
	1 # 51
	2 # 35
	3 # 17
	4 # 56
	5 # 47
	6 # 19
	7 # 60
	8 # 58
	9 # 26
	10 # 36
	11 # 38
	12 # 4
	13 # 8
	14 # 1
	15 # 57
	16 # 53
	17 # 62
	18 # 28
	19 # 7
	20 # 24
	21 # 41
	22 # 37
	23 # 42
Timestep 1:
	0 # 48
	1 # 50
	2 # 35
	3 # 49
	4 # 57
	5 # 47
	6 # 23
	7 # 62
	8 # 26
	9 # 30
	10 # 52
	11 # 39
	12 # 4
	13 # 40
	14 # 3
	15 # 25
	16 # 55
	17 # 58
	18 # 29
	19 # 7
	20 # 8
	21 # 9
	22 # 53
	23 # 46
Timestep 2:
	0 # 16
	1 # 58
	2 # 43
	3 # 33
	4 # 49
	5 # 45
	6 # 21
	7 # 54
	8 # 18
	9 # 31
	10 # 48
	11 # 7
	12 # 36
	13 # 32
	14 # 11
	15 # 17
	16 # 23
	17 # 26
	18 # 61
	19 # 5
	20 # 40
	21 # 13
	22 # 55
	23 # 14
Timestep 3:
	0 # 0
	1 # 59
	2 # 42
	3 # 32
	4 # 53
	5 # 47
	6 # 21
	7 # 50
	8 # 26
	9 # 23
	10 # 49
	11 # 15
	12 # 36
	13 # 34
	14 # 9
	15 # 19
	16 # 7
	17 # 27
	18 # 63
	19 # 1
	20 # 40
	21 # 5
	22 # 39
	23 # 30
Timestep 4:
	0 # 8
	1 # 58
	2 # 42
	3 # 32
	4 # 53
	5 # 43
	6 # 29
	7 # 50
	8 # 24
	9 # 55
	10 # 51
	11 # 15
	12 # 37
	13 # 34
	14 # 9
	15 # 19
	16 # 5
	17 # 25
	18 # 61
	19 # 1
	20 # 41
	21 # 4
	22 # 7
	23 # 31
Timestep 5:
	0 # 8
	1 # 56
	2 # 10
	3 # 0
	4 # 52
	5 # 42
	6 # 61
	7 # 58
	8 # 16
	9 # 54
	10 # 35
	11 # 14
	12 # 37
	13 # 38
	14 # 25
	15 # 19
	16 # 5
	17 # 17
	18 # 45
	19 # 3
	20 # 57
	21 # 4
	22 # 7
	23 # 63

