Solution makespan:5
Timestep 0:
	0 # 52
	1 # 33
	2 # 21
	3 # 43
	4 # 2
	5 # 7
	6 # 31
	7 # 35
	8 # 11
	9 # 3
	10 # 12
	11 # 63
	12 # 30
	13 # 32
	14 # 23
	15 # 27
	16 # 36
	17 # 9
	18 # 47
	19 # 25
	20 # 0
	21 # 38
	22 # 55
	23 # 14
	24 # 20
	25 # 22
	26 # 24
	27 # 53
Timestep 1:
	0 # 54
	1 # 49
	2 # 29
	3 # 59
	4 # 6
	5 # 5
	6 # 31
	7 # 43
	8 # 15
	9 # 7
	10 # 4
	11 # 62
	12 # 26
	13 # 0
	14 # 55
	15 # 27
	16 # 38
	17 # 41
	18 # 46
	19 # 9
	20 # 8
	21 # 34
	22 # 51
	23 # 12
	24 # 22
	25 # 18
	26 # 25
	27 # 53
Timestep 2:
	0 # 22
	1 # 57
	2 # 61
	3 # 51
	4 # 14
	5 # 5
	6 # 23
	7 # 42
	8 # 31
	9 # 39
	10 # 0
	11 # 62
	12 # 10
	13 # 1
	14 # 54
	15 # 26
	16 # 6
	17 # 40
	18 # 46
	19 # 8
	20 # 24
	21 # 32
	22 # 19
	23 # 13
	24 # 18
	25 # 50
	26 # 25
	27 # 37
Timestep 3:
	0 # 22
	1 # 61
	2 # 63
	3 # 55
	4 # 12
	5 # 37
	6 # 21
	7 # 58
	8 # 23
	9 # 35
	10 # 16
	11 # 60
	12 # 2
	13 # 1
	14 # 52
	15 # 30
	16 # 7
	17 # 44
	18 # 46
	19 # 9
	20 # 56
	21 # 36
	22 # 17
	23 # 29
	24 # 18
	25 # 50
	26 # 27
	27 # 45
Timestep 4:
	0 # 23
	1 # 61
	2 # 31
	3 # 39
	4 # 4
	5 # 45
	6 # 5
	7 # 50
	8 # 19
	9 # 51
	10 # 48
	11 # 56
	12 # 0
	13 # 17
	14 # 60
	15 # 14
	16 # 3
	17 # 44
	18 # 38
	19 # 13
	20 # 40
	21 # 36
	22 # 49
	23 # 21
	24 # 2
	25 # 34
	26 # 59
	27 # 47
Timestep 5:
	0 # 23
	1 # 29
	2 # 63
	3 # 47
	4 # 20
	5 # 13
	6 # 37
	7 # 54
	8 # 17
	9 # 55
	10 # 52
	11 # 60
	12 # 0
	13 # 16
	14 # 28
	15 # 46
	16 # 7
	17 # 12
	18 # 6
	19 # 5
	20 # 32
	21 # 44
	22 # 57
	23 # 53
	24 # 10
	25 # 42
	26 # 59
	27 # 15

