Solution makespan:4
Timestep 0:
	0 # 36
	1 # 62
	2 # 19
	3 # 27
	4 # 2
	5 # 46
	6 # 9
	7 # 44
	8 # 12
	9 # 33
	10 # 23
	11 # 11
	12 # 55
	13 # 41
	14 # 37
	15 # 8
Timestep 1:
	0 # 38
	1 # 58
	2 # 3
	3 # 19
	4 # 18
	5 # 14
	6 # 8
	7 # 46
	8 # 28
	9 # 49
	10 # 23
	11 # 9
	12 # 54
	13 # 33
	14 # 37
	15 # 40
Timestep 2:
	0 # 54
	1 # 50
	2 # 7
	3 # 23
	4 # 18
	5 # 30
	6 # 0
	7 # 44
	8 # 29
	9 # 48
	10 # 21
	11 # 13
	12 # 55
	13 # 1
	14 # 33
	15 # 32
Timestep 3:
	0 # 52
	1 # 50
	2 # 6
	3 # 23
	4 # 16
	5 # 22
	6 # 0
	7 # 45
	8 # 21
	9 # 49
	10 # 5
	11 # 12
	12 # 63
	13 # 9
	14 # 1
	15 # 36
Timestep 4:
	0 # 48
	1 # 51
	2 # 38
	3 # 55
	4 # 24
	5 # 22
	6 # 4
	7 # 61
	8 # 17
	9 # 49
	10 # 5
	11 # 44
	12 # 31
	13 # 13
	14 # 9
	15 # 36

