Solution makespan:6
Timestep 0:
	0 # 16
	1 # 21
	2 # 60
	3 # 52
	4 # 48
	5 # 39
	6 # 4
	7 # 32
	8 # 35
	9 # 27
	10 # 19
	11 # 22
	12 # 36
	13 # 11
	14 # 1
	15 # 14
	16 # 42
	17 # 15
	18 # 61
	19 # 37
	20 # 47
	21 # 6
	22 # 0
	23 # 13
	24 # 49
	25 # 57
	26 # 51
	27 # 3
Timestep 1:
	0 # 48
	1 # 23
	2 # 62
	3 # 20
	4 # 50
	5 # 7
	6 # 36
	7 # 40
	8 # 35
	9 # 59
	10 # 3
	11 # 6
	12 # 44
	13 # 10
	14 # 9
	15 # 14
	16 # 43
	17 # 31
	18 # 60
	19 # 53
	20 # 63
	21 # 38
	22 # 32
	23 # 29
	24 # 57
	25 # 41
	26 # 55
	27 # 1
Timestep 2:
	0 # 32
	1 # 23
	2 # 60
	3 # 22
	4 # 58
	5 # 3
	6 # 52
	7 # 44
	8 # 33
	9 # 43
	10 # 1
	11 # 7
	12 # 12
	13 # 8
	14 # 11
	15 # 15
	16 # 35
	17 # 63
	18 # 28
	19 # 49
	20 # 59
	21 # 54
	22 # 34
	23 # 61
	24 # 57
	25 # 45
	26 # 39
	27 # 17
Timestep 3:
	0 # 0
	1 # 31
	2 # 44
	3 # 22
	4 # 56
	5 # 1
	6 # 60
	7 # 36
	8 # 32
	9 # 11
	10 # 9
	11 # 39
	12 # 14
	13 # 12
	14 # 3
	15 # 13
	16 # 35
	17 # 62
	18 # 28
	19 # 48
	20 # 59
	21 # 54
	22 # 50
	23 # 45
	24 # 25
	25 # 37
	26 # 38
	27 # 21
Timestep 4:
	0 # 16
	1 # 63
	2 # 46
	3 # 18
	4 # 56
	5 # 17
	6 # 60
	7 # 32
	8 # 34
	9 # 27
	10 # 41
	11 # 7
	12 # 12
	13 # 4
	14 # 2
	15 # 9
	16 # 3
	17 # 54
	18 # 30
	19 # 52
	20 # 58
	21 # 55
	22 # 51
	23 # 37
	24 # 29
	25 # 5
	26 # 6
	27 # 53
Timestep 5:
	0 # 17
	1 # 47
	2 # 46
	3 # 18
	4 # 24
	5 # 49
	6 # 28
	7 # 48
	8 # 50
	9 # 27
	10 # 9
	11 # 6
	12 # 8
	13 # 12
	14 # 0
	15 # 25
	16 # 3
	17 # 38
	18 # 31
	19 # 20
	20 # 42
	21 # 54
	22 # 55
	23 # 33
	24 # 29
	25 # 21
	26 # 2
	27 # 53
Timestep 6:
	0 # 1
	1 # 45
	2 # 62
	3 # 19
	4 # 26
	5 # 57
	6 # 30
	7 # 56
	8 # 18
	9 # 31
	10 # 41
	11 # 38
	12 # 12
	13 # 13
	14 # 4
	15 # 24
	16 # 2
	17 # 39
	18 # 15
	19 # 28
	20 # 10
	21 # 52
	22 # 63
	23 # 37
	24 # 25
	25 # 23
	26 # 0
	27 # 53

