Solution makespan:5
Timestep 0:
	0 # 5
	1 # 39
	2 # 8
	3 # 45
	4 # 55
	5 # 59
	6 # 28
	7 # 42
	8 # 43
	9 # 44
	10 # 16
	11 # 10
	12 # 54
	13 # 20
	14 # 40
	15 # 58
	16 # 26
	17 # 9
	18 # 41
	19 # 17
Timestep 1:
	0 # 7
	1 # 47
	2 # 12
	3 # 13
	4 # 51
	5 # 27
	6 # 29
	7 # 34
	8 # 43
	9 # 36
	10 # 48
	11 # 2
	12 # 38
	13 # 4
	14 # 40
	15 # 62
	16 # 10
	17 # 8
	18 # 9
	19 # 25
Timestep 2:
	0 # 6
	1 # 15
	2 # 28
	3 # 12
	4 # 59
	5 # 19
	6 # 21
	7 # 32
	8 # 42
	9 # 52
	10 # 49
	11 # 18
	12 # 39
	13 # 4
	14 # 41
	15 # 46
	16 # 2
	17 # 10
	18 # 9
	19 # 25
Timestep 3:
	0 # 6
	1 # 15
	2 # 28
	3 # 13
	4 # 57
	5 # 18
	6 # 17
	7 # 0
	8 # 40
	9 # 48
	10 # 49
	11 # 26
	12 # 47
	13 # 20
	14 # 43
	15 # 14
	16 # 3
	17 # 2
	18 # 8
	19 # 9
Timestep 4:
	0 # 22
	1 # 7
	2 # 30
	3 # 29
	4 # 57
	5 # 50
	6 # 1
	7 # 16
	8 # 44
	9 # 56
	10 # 33
	11 # 24
	12 # 45
	13 # 52
	14 # 43
	15 # 14
	16 # 19
	17 # 0
	18 # 10
	19 # 13
Timestep 5:
	0 # 18
	1 # 7
	2 # 31
	3 # 21
	4 # 25
	5 # 50
	6 # 3
	7 # 17
	8 # 36
	9 # 24
	10 # 33
	11 # 8
	12 # 44
	13 # 54
	14 # 41
	15 # 46
	16 # 27
	17 # 1
	18 # 14
	19 # 12

