Solution makespan:5
Timestep 0:
	0 # 40
	1 # 60
	2 # 30
	3 # 36
	4 # 49
	5 # 23
	6 # 28
	7 # 59
	8 # 34
	9 # 24
	10 # 0
	11 # 51
	12 # 32
	13 # 45
	14 # 22
	15 # 43
	16 # 3
	17 # 52
	18 # 27
	19 # 20
	20 # 12
	21 # 47
	22 # 57
	23 # 2
Timestep 1:
	0 # 32
	1 # 61
	2 # 22
	3 # 37
	4 # 57
	5 # 7
	6 # 30
	7 # 58
	8 # 35
	9 # 26
	10 # 1
	11 # 55
	12 # 48
	13 # 44
	14 # 20
	15 # 42
	16 # 2
	17 # 52
	18 # 31
	19 # 16
	20 # 13
	21 # 46
	22 # 56
	23 # 6
Timestep 2:
	0 # 36
	1 # 61
	2 # 22
	3 # 39
	4 # 25
	5 # 15
	6 # 14
	7 # 62
	8 # 51
	9 # 26
	10 # 33
	11 # 55
	12 # 50
	13 # 40
	14 # 16
	15 # 46
	16 # 18
	17 # 20
	18 # 29
	19 # 0
	20 # 9
	21 # 44
	22 # 48
	23 # 6
Timestep 3:
	0 # 52
	1 # 29
	2 # 6
	3 # 38
	4 # 17
	5 # 31
	6 # 10
	7 # 62
	8 # 55
	9 # 24
	10 # 35
	11 # 23
	12 # 18
	13 # 32
	14 # 0
	15 # 14
	16 # 19
	17 # 16
	18 # 21
	19 # 8
	20 # 1
	21 # 44
	22 # 50
	23 # 4
Timestep 4:
	0 # 60
	1 # 28
	2 # 2
	3 # 38
	4 # 16
	5 # 29
	6 # 42
	7 # 58
	8 # 63
	9 # 25
	10 # 35
	11 # 23
	12 # 22
	13 # 48
	14 # 32
	15 # 46
	16 # 19
	17 # 20
	18 # 53
	19 # 10
	20 # 1
	21 # 44
	22 # 50
	23 # 36
Timestep 5:
	0 # 28
	1 # 12
	2 # 0
	3 # 36
	4 # 17
	5 # 61
	6 # 46
	7 # 50
	8 # 31
	9 # 57
	10 # 35
	11 # 22
	12 # 6
	13 # 49
	14 # 34
	15 # 14
	16 # 27
	17 # 16
	18 # 37
	19 # 11
	20 # 5
	21 # 60
	22 # 54
	23 # 32

