Solution makespan:5
Timestep 0:
	0 # 62
	1 # 59
	2 # 53
	3 # 60
	4 # 27
	5 # 49
	6 # 9
	7 # 2
	8 # 38
	9 # 6
	10 # 54
	11 # 28
Timestep 1:
	0 # 63
	1 # 27
	2 # 37
	3 # 60
	4 # 31
	5 # 17
	6 # 8
	7 # 18
	8 # 34
	9 # 7
	10 # 62
	11 # 28
Timestep 2:
	0 # 55
	1 # 31
	2 # 33
	3 # 56
	4 # 23
	5 # 19
	6 # 24
	7 # 18
	8 # 34
	9 # 5
	10 # 60
	11 # 30
Timestep 3:
	0 # 23
	1 # 29
	2 # 35
	3 # 48
	4 # 22
	5 # 27
	6 # 24
	7 # 19
	8 # 32
	9 # 37
	10 # 28
	11 # 26
Timestep 4:
	0 # 22
	1 # 21
	2 # 33
	3 # 32
	4 # 30
	5 # 31
	6 # 16
	7 # 17
	8 # 36
	9 # 45
	10 # 24
	11 # 18
Timestep 5:
	0 # 54
	1 # 5
	2 # 41
	3 # 33
	4 # 62
	5 # 29
	6 # 0
	7 # 21
	8 # 38
	9 # 45
	10 # 56
	11 # 50

