Solution makespan:6
Timestep 0:
	0 # 34
	1 # 17
	2 # 54
	3 # 45
	4 # 12
	5 # 1
	6 # 31
	7 # 38
	8 # 0
	9 # 9
	10 # 49
	11 # 35
Timestep 1:
	0 # 2
	1 # 1
	2 # 54
	3 # 61
	4 # 28
	5 # 0
	6 # 30
	7 # 36
	8 # 32
	9 # 9
	10 # 57
	11 # 34
Timestep 2:
	0 # 10
	1 # 9
	2 # 22
	3 # 60
	4 # 29
	5 # 8
	6 # 14
	7 # 4
	8 # 40
	9 # 11
	10 # 56
	11 # 50
Timestep 3:
	0 # 26
	1 # 13
	2 # 54
	3 # 28
	4 # 31
	5 # 9
	6 # 10
	7 # 12
	8 # 32
	9 # 15
	10 # 24
	11 # 18
Timestep 4:
	0 # 30
	1 # 45
	2 # 22
	3 # 60
	4 # 31
	5 # 11
	6 # 10
	7 # 13
	8 # 0
	9 # 47
	10 # 56
	11 # 26
Timestep 5:
	0 # 22
	1 # 44
	2 # 23
	3 # 56
	4 # 30
	5 # 3
	6 # 8
	7 # 29
	8 # 0
	9 # 47
	10 # 48
	11 # 10
Timestep 6:
	0 # 20
	1 # 12
	2 # 31
	3 # 60
	4 # 22
	5 # 7
	6 # 8
	7 # 25
	8 # 2
	9 # 46
	10 # 16
	11 # 14

