Solution makespan:6
Timestep 0:
	0 # 37
	1 # 20
	2 # 24
	3 # 6
	4 # 33
	5 # 62
	6 # 57
	7 # 7
	8 # 50
	9 # 31
	10 # 14
	11 # 25
	12 # 32
	13 # 27
	14 # 5
	15 # 1
Timestep 1:
	0 # 33
	1 # 22
	2 # 8
	3 # 6
	4 # 41
	5 # 54
	6 # 56
	7 # 3
	8 # 51
	9 # 27
	10 # 46
	11 # 57
	12 # 48
	13 # 59
	14 # 7
	15 # 1
Timestep 2:
	0 # 32
	1 # 30
	2 # 0
	3 # 14
	4 # 43
	5 # 55
	6 # 48
	7 # 35
	8 # 50
	9 # 59
	10 # 44
	11 # 57
	12 # 49
	13 # 51
	14 # 15
	15 # 33
Timestep 3:
	0 # 40
	1 # 26
	2 # 1
	3 # 10
	4 # 11
	5 # 53
	6 # 52
	7 # 35
	8 # 48
	9 # 43
	10 # 12
	11 # 59
	12 # 49
	13 # 50
	14 # 31
	15 # 37
Timestep 4:
	0 # 42
	1 # 24
	2 # 0
	3 # 11
	4 # 15
	5 # 37
	6 # 20
	7 # 39
	8 # 50
	9 # 35
	10 # 13
	11 # 63
	12 # 51
	13 # 34
	14 # 27
	15 # 45
Timestep 5:
	0 # 42
	1 # 25
	2 # 2
	3 # 9
	4 # 14
	5 # 39
	6 # 4
	7 # 47
	8 # 50
	9 # 33
	10 # 13
	11 # 55
	12 # 19
	13 # 38
	14 # 26
	15 # 45
Timestep 6:
	0 # 40
	1 # 17
	2 # 34
	3 # 1
	4 # 12
	5 # 38
	6 # 5
	7 # 47
	8 # 54
	9 # 32
	10 # 45
	11 # 23
	12 # 18
	13 # 6
	14 # 58
	15 # 61

