Solution makespan:5
Timestep 0:
	0 # 42
	1 # 37
	2 # 48
	3 # 11
	4 # 12
	5 # 0
	6 # 27
	7 # 55
	8 # 18
	9 # 58
	10 # 51
	11 # 1
	12 # 16
	13 # 53
	14 # 10
	15 # 7
	16 # 26
	17 # 13
	18 # 9
	19 # 62
	20 # 2
	21 # 50
	22 # 61
	23 # 17
Timestep 1:
	0 # 43
	1 # 37
	2 # 16
	3 # 15
	4 # 12
	5 # 32
	6 # 31
	7 # 23
	8 # 19
	9 # 56
	10 # 35
	11 # 33
	12 # 0
	13 # 55
	14 # 26
	15 # 7
	16 # 24
	17 # 9
	18 # 41
	19 # 54
	20 # 18
	21 # 48
	22 # 61
	23 # 21
Timestep 2:
	0 # 41
	1 # 33
	2 # 0
	3 # 47
	4 # 13
	5 # 34
	6 # 30
	7 # 19
	8 # 3
	9 # 40
	10 # 39
	11 # 49
	12 # 8
	13 # 51
	14 # 58
	15 # 6
	16 # 24
	17 # 9
	18 # 57
	19 # 50
	20 # 16
	21 # 52
	22 # 45
	23 # 5
Timestep 3:
	0 # 41
	1 # 49
	2 # 32
	3 # 39
	4 # 15
	5 # 35
	6 # 28
	7 # 27
	8 # 1
	9 # 40
	10 # 37
	11 # 48
	12 # 10
	13 # 51
	14 # 62
	15 # 38
	16 # 8
	17 # 13
	18 # 56
	19 # 18
	20 # 16
	21 # 20
	22 # 44
	23 # 7
Timestep 4:
	0 # 43
	1 # 17
	2 # 34
	3 # 38
	4 # 31
	5 # 35
	6 # 28
	7 # 19
	8 # 33
	9 # 40
	10 # 45
	11 # 50
	12 # 14
	13 # 49
	14 # 54
	15 # 46
	16 # 9
	17 # 29
	18 # 24
	19 # 22
	20 # 48
	21 # 21
	22 # 36
	23 # 3
Timestep 5:
	0 # 35
	1 # 1
	2 # 38
	3 # 36
	4 # 30
	5 # 51
	6 # 60
	7 # 3
	8 # 32
	9 # 40
	10 # 13
	11 # 50
	12 # 6
	13 # 49
	14 # 54
	15 # 44
	16 # 41
	17 # 21
	18 # 16
	19 # 22
	20 # 56
	21 # 17
	22 # 52
	23 # 11

