Solution makespan:6
Timestep 0:
	0 # 54
	1 # 53
	2 # 23
	3 # 59
	4 # 7
	5 # 17
	6 # 4
	7 # 12
	8 # 45
	9 # 57
	10 # 42
	11 # 30
	12 # 3
	13 # 63
	14 # 38
	15 # 41
	16 # 55
	17 # 8
	18 # 21
	19 # 1
	20 # 18
	21 # 5
	22 # 24
	23 # 29
	24 # 40
	25 # 20
	26 # 11
	27 # 13
	28 # 15
	29 # 28
	30 # 6
	31 # 49
Timestep 1:
	0 # 50
	1 # 55
	2 # 22
	3 # 43
	4 # 7
	5 # 25
	6 # 36
	7 # 14
	8 # 45
	9 # 49
	10 # 46
	11 # 31
	12 # 35
	13 # 63
	14 # 34
	15 # 41
	16 # 51
	17 # 8
	18 # 17
	19 # 33
	20 # 26
	21 # 1
	22 # 24
	23 # 21
	24 # 40
	25 # 28
	26 # 27
	27 # 9
	28 # 13
	29 # 60
	30 # 4
	31 # 48
Timestep 2:
	0 # 51
	1 # 54
	2 # 6
	3 # 47
	4 # 15
	5 # 57
	6 # 52
	7 # 10
	8 # 44
	9 # 48
	10 # 62
	11 # 27
	12 # 35
	13 # 55
	14 # 32
	15 # 45
	16 # 19
	17 # 12
	18 # 49
	19 # 37
	20 # 30
	21 # 3
	22 # 26
	23 # 23
	24 # 8
	25 # 29
	26 # 59
	27 # 9
	28 # 5
	29 # 61
	30 # 0
	31 # 56
Timestep 3:
	0 # 49
	1 # 22
	2 # 7
	3 # 39
	4 # 15
	5 # 25
	6 # 54
	7 # 2
	8 # 60
	9 # 48
	10 # 62
	11 # 19
	12 # 43
	13 # 23
	14 # 34
	15 # 37
	16 # 17
	17 # 13
	18 # 33
	19 # 53
	20 # 14
	21 # 3
	22 # 27
	23 # 21
	24 # 10
	25 # 61
	26 # 51
	27 # 11
	28 # 4
	29 # 45
	30 # 32
	31 # 58
Timestep 4:
	0 # 48
	1 # 30
	2 # 5
	3 # 55
	4 # 31
	5 # 25
	6 # 50
	7 # 3
	8 # 28
	9 # 56
	10 # 46
	11 # 17
	12 # 42
	13 # 21
	14 # 32
	15 # 33
	16 # 1
	17 # 15
	18 # 41
	19 # 52
	20 # 6
	21 # 35
	22 # 59
	23 # 20
	24 # 26
	25 # 63
	26 # 19
	27 # 10
	28 # 36
	29 # 47
	30 # 0
	31 # 58
Timestep 5:
	0 # 49
	1 # 14
	2 # 1
	3 # 63
	4 # 30
	5 # 24
	6 # 34
	7 # 2
	8 # 12
	9 # 48
	10 # 38
	11 # 21
	12 # 46
	13 # 23
	14 # 32
	15 # 35
	16 # 9
	17 # 31
	18 # 41
	19 # 53
	20 # 7
	21 # 51
	22 # 57
	23 # 22
	24 # 27
	25 # 59
	26 # 18
	27 # 8
	28 # 44
	29 # 47
	30 # 16
	31 # 50
Timestep 6:
	0 # 53
	1 # 15
	2 # 33
	3 # 31
	4 # 26
	5 # 28
	6 # 2
	7 # 0
	8 # 4
	9 # 50
	10 # 36
	11 # 5
	12 # 46
	13 # 23
	14 # 34
	15 # 51
	16 # 8
	17 # 30
	18 # 45
	19 # 37
	20 # 6
	21 # 55
	22 # 61
	23 # 22
	24 # 59
	25 # 43
	26 # 16
	27 # 40
	28 # 44
	29 # 63
	30 # 20
	31 # 18

