Solution makespan:4
Timestep 0:
	0 # 54
	1 # 13
	2 # 36
	3 # 35
	4 # 15
	5 # 58
	6 # 6
	7 # 29
	8 # 25
	9 # 42
	10 # 12
	11 # 26
	12 # 60
	13 # 0
	14 # 9
	15 # 45
	16 # 18
	17 # 8
	18 # 33
	19 # 17
	20 # 27
	21 # 19
	22 # 2
	23 # 7
Timestep 1:
	0 # 52
	1 # 29
	2 # 37
	3 # 34
	4 # 11
	5 # 62
	6 # 6
	7 # 61
	8 # 17
	9 # 40
	10 # 28
	11 # 27
	12 # 60
	13 # 4
	14 # 25
	15 # 45
	16 # 2
	17 # 8
	18 # 33
	19 # 16
	20 # 59
	21 # 23
	22 # 10
	23 # 15
Timestep 2:
	0 # 48
	1 # 25
	2 # 53
	3 # 50
	4 # 43
	5 # 62
	6 # 7
	7 # 45
	8 # 1
	9 # 8
	10 # 28
	11 # 27
	12 # 52
	13 # 5
	14 # 17
	15 # 44
	16 # 34
	17 # 9
	18 # 32
	19 # 18
	20 # 51
	21 # 55
	22 # 14
	23 # 15
Timestep 3:
	0 # 32
	1 # 29
	2 # 21
	3 # 51
	4 # 35
	5 # 30
	6 # 3
	7 # 37
	8 # 0
	9 # 24
	10 # 28
	11 # 31
	12 # 20
	13 # 1
	14 # 16
	15 # 46
	16 # 42
	17 # 41
	18 # 40
	19 # 26
	20 # 49
	21 # 39
	22 # 12
	23 # 47
Timestep 4:
	0 # 40
	1 # 13
	2 # 23
	3 # 55
	4 # 39
	5 # 62
	6 # 1
	7 # 36
	8 # 2
	9 # 56
	10 # 12
	11 # 27
	12 # 22
	13 # 0
	14 # 16
	15 # 42
	16 # 43
	17 # 45
	18 # 8
	19 # 26
	20 # 48
	21 # 38
	22 # 44
	23 # 46

