Solution makespan:4
Timestep 0:
	0 # 33
	1 # 5
	2 # 62
	3 # 29
	4 # 38
	5 # 35
	6 # 11
	7 # 54
	8 # 6
	9 # 26
	10 # 17
	11 # 51
	12 # 1
	13 # 43
	14 # 21
	15 # 45
Timestep 1:
	0 # 41
	1 # 7
	2 # 30
	3 # 29
	4 # 6
	5 # 35
	6 # 27
	7 # 22
	8 # 2
	9 # 18
	10 # 16
	11 # 51
	12 # 1
	13 # 11
	14 # 23
	15 # 37
Timestep 2:
	0 # 9
	1 # 39
	2 # 28
	3 # 25
	4 # 38
	5 # 51
	6 # 59
	7 # 22
	8 # 3
	9 # 2
	10 # 24
	11 # 19
	12 # 5
	13 # 11
	14 # 55
	15 # 53
Timestep 3:
	0 # 8
	1 # 35
	2 # 12
	3 # 17
	4 # 36
	5 # 55
	6 # 27
	7 # 18
	8 # 1
	9 # 6
	10 # 25
	11 # 3
	12 # 7
	13 # 43
	14 # 53
	15 # 21
Timestep 4:
	0 # 10
	1 # 43
	2 # 8
	3 # 16
	4 # 32
	5 # 63
	6 # 31
	7 # 19
	8 # 1
	9 # 14
	10 # 27
	11 # 3
	12 # 5
	13 # 59
	14 # 53
	15 # 23

