Solution makespan:6
Timestep 0:
	0 # 2
	1 # 37
	2 # 50
	3 # 44
	4 # 55
	5 # 53
	6 # 41
	7 # 28
	8 # 13
	9 # 57
	10 # 39
	11 # 15
Timestep 1:
	0 # 2
	1 # 53
	2 # 18
	3 # 60
	4 # 39
	5 # 49
	6 # 40
	7 # 30
	8 # 15
	9 # 57
	10 # 47
	11 # 31
Timestep 2:
	0 # 34
	1 # 49
	2 # 2
	3 # 52
	4 # 35
	5 # 48
	6 # 40
	7 # 14
	8 # 7
	9 # 25
	10 # 15
	11 # 63
Timestep 3:
	0 # 2
	1 # 17
	2 # 6
	3 # 20
	4 # 35
	5 # 48
	6 # 8
	7 # 12
	8 # 7
	9 # 9
	10 # 14
	11 # 55
Timestep 4:
	0 # 18
	1 # 16
	2 # 6
	3 # 52
	4 # 35
	5 # 32
	6 # 24
	7 # 44
	8 # 15
	9 # 1
	10 # 30
	11 # 23
Timestep 5:
	0 # 18
	1 # 0
	2 # 14
	3 # 20
	4 # 35
	5 # 34
	6 # 26
	7 # 36
	8 # 31
	9 # 33
	10 # 28
	11 # 19
Timestep 6:
	0 # 50
	1 # 4
	2 # 46
	3 # 52
	4 # 39
	5 # 38
	6 # 30
	7 # 36
	8 # 63
	9 # 32
	10 # 24
	11 # 51

