Solution makespan:5
Timestep 0:
	0 # 30
	1 # 22
	2 # 10
	3 # 45
	4 # 37
	5 # 20
	6 # 24
	7 # 6
	8 # 33
	9 # 62
	10 # 57
	11 # 7
	12 # 50
	13 # 31
	14 # 14
	15 # 25
	16 # 32
	17 # 27
	18 # 5
	19 # 1
Timestep 1:
	0 # 22
	1 # 18
	2 # 8
	3 # 13
	4 # 33
	5 # 16
	6 # 28
	7 # 2
	8 # 49
	9 # 58
	10 # 41
	11 # 39
	12 # 54
	13 # 27
	14 # 30
	15 # 25
	16 # 36
	17 # 11
	18 # 7
	19 # 3
Timestep 2:
	0 # 22
	1 # 2
	2 # 8
	3 # 12
	4 # 32
	5 # 24
	6 # 29
	7 # 6
	8 # 51
	9 # 56
	10 # 33
	11 # 37
	12 # 38
	13 # 26
	14 # 62
	15 # 9
	16 # 52
	17 # 10
	18 # 39
	19 # 19
Timestep 3:
	0 # 54
	1 # 0
	2 # 9
	3 # 28
	4 # 48
	5 # 24
	6 # 21
	7 # 6
	8 # 59
	9 # 58
	10 # 1
	11 # 36
	12 # 46
	13 # 18
	14 # 63
	15 # 11
	16 # 60
	17 # 42
	18 # 7
	19 # 23
Timestep 4:
	0 # 54
	1 # 0
	2 # 13
	3 # 12
	4 # 48
	5 # 26
	6 # 21
	7 # 4
	8 # 59
	9 # 42
	10 # 17
	11 # 44
	12 # 62
	13 # 16
	14 # 61
	15 # 43
	16 # 60
	17 # 34
	18 # 23
	19 # 55
Timestep 5:
	0 # 62
	1 # 16
	2 # 29
	3 # 44
	4 # 56
	5 # 58
	6 # 23
	7 # 5
	8 # 27
	9 # 43
	10 # 19
	11 # 45
	12 # 30
	13 # 20
	14 # 61
	15 # 35
	16 # 28
	17 # 50
	18 # 22
	19 # 63

