Solution makespan:5
Timestep 0:
	0 # 28
	1 # 54
	2 # 40
	3 # 27
	4 # 29
	5 # 1
	6 # 4
	7 # 21
	8 # 13
	9 # 55
	10 # 2
	11 # 36
Timestep 1:
	0 # 30
	1 # 62
	2 # 32
	3 # 59
	4 # 31
	5 # 9
	6 # 0
	7 # 53
	8 # 15
	9 # 39
	10 # 3
	11 # 44
Timestep 2:
	0 # 30
	1 # 60
	2 # 33
	3 # 58
	4 # 27
	5 # 25
	6 # 4
	7 # 55
	8 # 13
	9 # 7
	10 # 19
	11 # 12
Timestep 3:
	0 # 26
	1 # 61
	2 # 35
	3 # 50
	4 # 11
	5 # 24
	6 # 4
	7 # 23
	8 # 5
	9 # 15
	10 # 17
	11 # 12
Timestep 4:
	0 # 27
	1 # 57
	2 # 39
	3 # 54
	4 # 43
	5 # 24
	6 # 36
	7 # 22
	8 # 1
	9 # 15
	10 # 49
	11 # 28
Timestep 5:
	0 # 25
	1 # 41
	2 # 55
	3 # 52
	4 # 43
	5 # 16
	6 # 36
	7 # 22
	8 # 1
	9 # 31
	10 # 57
	11 # 24

