Solution makespan:5
Timestep 0:
	0 # 40
	1 # 48
	2 # 7
	3 # 28
	4 # 45
	5 # 32
	6 # 51
	7 # 25
	8 # 22
	9 # 4
	10 # 9
	11 # 29
	12 # 37
	13 # 54
	14 # 34
	15 # 10
	16 # 24
	17 # 39
	18 # 59
	19 # 14
Timestep 1:
	0 # 42
	1 # 16
	2 # 23
	3 # 29
	4 # 41
	5 # 36
	6 # 19
	7 # 25
	8 # 20
	9 # 12
	10 # 1
	11 # 21
	12 # 5
	13 # 55
	14 # 35
	15 # 10
	16 # 26
	17 # 38
	18 # 63
	19 # 30
Timestep 2:
	0 # 10
	1 # 24
	2 # 19
	3 # 13
	4 # 33
	5 # 37
	6 # 3
	7 # 29
	8 # 4
	9 # 44
	10 # 17
	11 # 20
	12 # 21
	13 # 63
	14 # 43
	15 # 2
	16 # 30
	17 # 34
	18 # 62
	19 # 31
Timestep 3:
	0 # 42
	1 # 28
	2 # 51
	3 # 13
	4 # 35
	5 # 39
	6 # 3
	7 # 21
	8 # 5
	9 # 44
	10 # 16
	11 # 4
	12 # 17
	13 # 63
	14 # 41
	15 # 10
	16 # 14
	17 # 32
	18 # 58
	19 # 29
Timestep 4:
	0 # 10
	1 # 20
	2 # 49
	3 # 45
	4 # 3
	5 # 7
	6 # 2
	7 # 5
	8 # 1
	9 # 44
	10 # 48
	11 # 12
	12 # 19
	13 # 47
	14 # 41
	15 # 8
	16 # 46
	17 # 0
	18 # 42
	19 # 21
Timestep 5:
	0 # 26
	1 # 4
	2 # 49
	3 # 61
	4 # 19
	5 # 7
	6 # 18
	7 # 37
	8 # 33
	9 # 36
	10 # 16
	11 # 44
	12 # 17
	13 # 39
	14 # 57
	15 # 40
	16 # 46
	17 # 0
	18 # 58
	19 # 23

