Solution makespan:5
Timestep 0:
	0 # 57
	1 # 33
	2 # 31
	3 # 55
	4 # 62
	5 # 53
	6 # 11
	7 # 35
	8 # 9
	9 # 46
	10 # 44
	11 # 45
Timestep 1:
	0 # 49
	1 # 32
	2 # 31
	3 # 39
	4 # 30
	5 # 61
	6 # 15
	7 # 34
	8 # 25
	9 # 42
	10 # 60
	11 # 45
Timestep 2:
	0 # 17
	1 # 48
	2 # 30
	3 # 37
	4 # 22
	5 # 53
	6 # 13
	7 # 2
	8 # 24
	9 # 34
	10 # 62
	11 # 61
Timestep 3:
	0 # 21
	1 # 49
	2 # 28
	3 # 33
	4 # 23
	5 # 37
	6 # 15
	7 # 6
	8 # 26
	9 # 32
	10 # 30
	11 # 45
Timestep 4:
	0 # 20
	1 # 53
	2 # 24
	3 # 33
	4 # 55
	5 # 45
	6 # 31
	7 # 38
	8 # 30
	9 # 36
	10 # 28
	11 # 41
Timestep 5:
	0 # 20
	1 # 21
	2 # 56
	3 # 1
	4 # 51
	5 # 47
	6 # 63
	7 # 54
	8 # 22
	9 # 4
	10 # 30
	11 # 40

