Solution makespan:5
Timestep 0:
	0 # 47
	1 # 33
	2 # 2
	3 # 28
	4 # 26
	5 # 10
	6 # 4
	7 # 57
	8 # 52
	9 # 37
	10 # 9
	11 # 13
Timestep 1:
	0 # 46
	1 # 41
	2 # 0
	3 # 30
	4 # 58
	5 # 26
	6 # 4
	7 # 56
	8 # 60
	9 # 45
	10 # 13
	11 # 29
Timestep 2:
	0 # 14
	1 # 57
	2 # 8
	3 # 31
	4 # 56
	5 # 27
	6 # 36
	7 # 48
	8 # 44
	9 # 47
	10 # 12
	11 # 21
Timestep 3:
	0 # 10
	1 # 61
	2 # 40
	3 # 15
	4 # 24
	5 # 19
	6 # 37
	7 # 16
	8 # 12
	9 # 47
	10 # 4
	11 # 17
Timestep 4:
	0 # 8
	1 # 45
	2 # 40
	3 # 7
	4 # 16
	5 # 51
	6 # 5
	7 # 0
	8 # 13
	9 # 43
	10 # 6
	11 # 49
Timestep 5:
	0 # 24
	1 # 47
	2 # 32
	3 # 5
	4 # 20
	5 # 35
	6 # 4
	7 # 0
	8 # 29
	9 # 59
	10 # 38
	11 # 33

