Solution makespan:5
Timestep 0:
	0 # 18
	1 # 58
	2 # 51
	3 # 1
	4 # 16
	5 # 53
	6 # 10
	7 # 7
	8 # 26
	9 # 13
	10 # 9
	11 # 62
	12 # 2
	13 # 50
	14 # 61
	15 # 17
Timestep 1:
	0 # 2
	1 # 58
	2 # 51
	3 # 5
	4 # 24
	5 # 61
	6 # 8
	7 # 15
	8 # 27
	9 # 12
	10 # 25
	11 # 54
	12 # 34
	13 # 50
	14 # 63
	15 # 49
Timestep 2:
	0 # 10
	1 # 56
	2 # 49
	3 # 7
	4 # 26
	5 # 29
	6 # 8
	7 # 31
	8 # 27
	9 # 12
	10 # 17
	11 # 50
	12 # 38
	13 # 48
	14 # 55
	15 # 53
Timestep 3:
	0 # 42
	1 # 60
	2 # 33
	3 # 39
	4 # 58
	5 # 29
	6 # 40
	7 # 30
	8 # 25
	9 # 28
	10 # 19
	11 # 34
	12 # 54
	13 # 50
	14 # 23
	15 # 55
Timestep 4:
	0 # 40
	1 # 28
	2 # 37
	3 # 38
	4 # 42
	5 # 21
	6 # 41
	7 # 26
	8 # 17
	9 # 24
	10 # 27
	11 # 35
	12 # 22
	13 # 18
	14 # 19
	15 # 23
Timestep 5:
	0 # 44
	1 # 29
	2 # 5
	3 # 46
	4 # 42
	5 # 53
	6 # 43
	7 # 58
	8 # 49
	9 # 25
	10 # 59
	11 # 3
	12 # 30
	13 # 2
	14 # 19
	15 # 55

