Solution makespan:5
Timestep 0:
	0 # 18
	1 # 23
	2 # 5
	3 # 16
	4 # 24
	5 # 20
	6 # 9
	7 # 45
	8 # 35
	9 # 10
	10 # 36
	11 # 25
	12 # 7
	13 # 62
	14 # 59
	15 # 56
	16 # 42
	17 # 55
	18 # 22
	19 # 52
	20 # 11
	21 # 14
	22 # 30
	23 # 3
	24 # 26
	25 # 17
	26 # 58
	27 # 4
Timestep 1:
	0 # 19
	1 # 21
	2 # 4
	3 # 16
	4 # 8
	5 # 20
	6 # 11
	7 # 47
	8 # 35
	9 # 2
	10 # 44
	11 # 24
	12 # 5
	13 # 30
	14 # 59
	15 # 57
	16 # 34
	17 # 55
	18 # 22
	19 # 60
	20 # 27
	21 # 14
	22 # 31
	23 # 7
	24 # 58
	25 # 17
	26 # 50
	27 # 6
Timestep 2:
	0 # 51
	1 # 17
	2 # 36
	3 # 48
	4 # 40
	5 # 4
	6 # 11
	7 # 47
	8 # 3
	9 # 18
	10 # 45
	11 # 8
	12 # 1
	13 # 22
	14 # 57
	15 # 41
	16 # 50
	17 # 63
	18 # 23
	19 # 61
	20 # 25
	21 # 10
	22 # 15
	23 # 39
	24 # 62
	25 # 16
	26 # 54
	27 # 2
Timestep 3:
	0 # 50
	1 # 25
	2 # 38
	3 # 49
	4 # 42
	5 # 5
	6 # 43
	7 # 46
	8 # 19
	9 # 18
	10 # 13
	11 # 12
	12 # 0
	13 # 54
	14 # 56
	15 # 40
	16 # 48
	17 # 31
	18 # 7
	19 # 53
	20 # 24
	21 # 26
	22 # 15
	23 # 35
	24 # 60
	25 # 20
	26 # 55
	27 # 10
Timestep 4:
	0 # 50
	1 # 57
	2 # 34
	3 # 51
	4 # 43
	5 # 37
	6 # 35
	7 # 38
	8 # 18
	9 # 22
	10 # 29
	11 # 14
	12 # 32
	13 # 55
	14 # 56
	15 # 40
	16 # 16
	17 # 31
	18 # 39
	19 # 53
	20 # 24
	21 # 30
	22 # 15
	23 # 33
	24 # 44
	25 # 52
	26 # 23
	27 # 10
Timestep 5:
	0 # 54
	1 # 41
	2 # 2
	3 # 59
	4 # 11
	5 # 5
	6 # 3
	7 # 46
	8 # 18
	9 # 6
	10 # 31
	11 # 12
	12 # 40
	13 # 39
	14 # 24
	15 # 42
	16 # 16
	17 # 27
	18 # 37
	19 # 49
	20 # 25
	21 # 62
	22 # 14
	23 # 35
	24 # 44
	25 # 60
	26 # 22
	27 # 26

