Solution makespan:5
Timestep 0:
	0 # 40
	1 # 1
	2 # 26
	3 # 10
	4 # 62
	5 # 59
	6 # 53
	7 # 60
	8 # 27
	9 # 49
	10 # 9
	11 # 2
	12 # 38
	13 # 6
	14 # 54
	15 # 28
Timestep 1:
	0 # 42
	1 # 3
	2 # 30
	3 # 26
	4 # 62
	5 # 59
	6 # 52
	7 # 44
	8 # 27
	9 # 57
	10 # 1
	11 # 34
	12 # 46
	13 # 22
	14 # 54
	15 # 12
Timestep 2:
	0 # 43
	1 # 19
	2 # 14
	3 # 10
	4 # 60
	5 # 63
	6 # 48
	7 # 12
	8 # 31
	9 # 61
	10 # 9
	11 # 32
	12 # 46
	13 # 22
	14 # 54
	15 # 4
Timestep 3:
	0 # 59
	1 # 51
	2 # 14
	3 # 2
	4 # 56
	5 # 61
	6 # 32
	7 # 8
	8 # 27
	9 # 53
	10 # 11
	11 # 36
	12 # 42
	13 # 54
	14 # 62
	15 # 0
Timestep 4:
	0 # 51
	1 # 49
	2 # 46
	3 # 2
	4 # 24
	5 # 53
	6 # 36
	7 # 10
	8 # 25
	9 # 37
	10 # 27
	11 # 4
	12 # 43
	13 # 38
	14 # 30
	15 # 16
Timestep 5:
	0 # 50
	1 # 57
	2 # 62
	3 # 0
	4 # 25
	5 # 21
	6 # 37
	7 # 2
	8 # 29
	9 # 33
	10 # 59
	11 # 5
	12 # 43
	13 # 39
	14 # 14
	15 # 17

