Solution makespan:5
Timestep 0:
	0 # 26
	1 # 56
	2 # 62
	3 # 43
	4 # 1
	5 # 61
	6 # 33
	7 # 20
	8 # 47
	9 # 6
	10 # 53
	11 # 57
	12 # 28
	13 # 41
	14 # 8
	15 # 31
	16 # 5
	17 # 29
	18 # 10
	19 # 15
	20 # 39
	21 # 3
	22 # 12
	23 # 17
	24 # 45
	25 # 30
	26 # 0
	27 # 46
	28 # 52
	29 # 24
	30 # 63
	31 # 19
Timestep 1:
	0 # 58
	1 # 57
	2 # 60
	3 # 42
	4 # 3
	5 # 61
	6 # 32
	7 # 22
	8 # 47
	9 # 2
	10 # 53
	11 # 59
	12 # 12
	13 # 9
	14 # 24
	15 # 15
	16 # 13
	17 # 21
	18 # 26
	19 # 7
	20 # 55
	21 # 35
	22 # 14
	23 # 49
	24 # 41
	25 # 28
	26 # 4
	27 # 46
	28 # 20
	29 # 16
	30 # 63
	31 # 27
Timestep 2:
	0 # 62
	1 # 41
	2 # 60
	3 # 34
	4 # 35
	5 # 57
	6 # 48
	7 # 6
	8 # 46
	9 # 10
	10 # 37
	11 # 43
	12 # 13
	13 # 1
	14 # 25
	15 # 47
	16 # 45
	17 # 5
	18 # 58
	19 # 23
	20 # 51
	21 # 33
	22 # 14
	23 # 53
	24 # 9
	25 # 28
	26 # 4
	27 # 38
	28 # 22
	29 # 0
	30 # 63
	31 # 27
Timestep 3:
	0 # 62
	1 # 33
	2 # 28
	3 # 34
	4 # 51
	5 # 56
	6 # 16
	7 # 2
	8 # 42
	9 # 14
	10 # 37
	11 # 11
	12 # 15
	13 # 3
	14 # 29
	15 # 45
	16 # 41
	17 # 4
	18 # 58
	19 # 19
	20 # 59
	21 # 49
	22 # 30
	23 # 21
	24 # 1
	25 # 20
	26 # 36
	27 # 54
	28 # 6
	29 # 8
	30 # 61
	31 # 25
Timestep 4:
	0 # 62
	1 # 1
	2 # 60
	3 # 2
	4 # 19
	5 # 24
	6 # 0
	7 # 18
	8 # 42
	9 # 14
	10 # 39
	11 # 9
	12 # 15
	13 # 7
	14 # 13
	15 # 37
	16 # 41
	17 # 36
	18 # 59
	19 # 23
	20 # 43
	21 # 49
	22 # 22
	23 # 21
	24 # 17
	25 # 52
	26 # 38
	27 # 50
	28 # 6
	29 # 10
	30 # 53
	31 # 57
Timestep 5:
	0 # 30
	1 # 3
	2 # 60
	3 # 34
	4 # 27
	5 # 24
	6 # 32
	7 # 26
	8 # 42
	9 # 14
	10 # 35
	11 # 8
	12 # 11
	13 # 7
	14 # 15
	15 # 39
	16 # 33
	17 # 36
	18 # 63
	19 # 31
	20 # 47
	21 # 51
	22 # 20
	23 # 29
	24 # 16
	25 # 52
	26 # 38
	27 # 54
	28 # 22
	29 # 10
	30 # 49
	31 # 56

