Solution makespan:5
Timestep 0:
	0 # 32
	1 # 49
	2 # 3
	3 # 44
	4 # 29
	5 # 19
	6 # 55
	7 # 24
	8 # 56
	9 # 35
	10 # 60
	11 # 25
	12 # 47
	13 # 33
	14 # 2
	15 # 28
	16 # 26
	17 # 10
	18 # 4
	19 # 57
	20 # 52
	21 # 37
	22 # 9
	23 # 13
Timestep 1:
	0 # 40
	1 # 57
	2 # 35
	3 # 46
	4 # 21
	5 # 18
	6 # 55
	7 # 16
	8 # 58
	9 # 34
	10 # 60
	11 # 27
	12 # 15
	13 # 37
	14 # 10
	15 # 20
	16 # 30
	17 # 14
	18 # 12
	19 # 61
	20 # 52
	21 # 53
	22 # 9
	23 # 5
Timestep 2:
	0 # 8
	1 # 25
	2 # 33
	3 # 47
	4 # 23
	5 # 2
	6 # 51
	7 # 18
	8 # 26
	9 # 38
	10 # 44
	11 # 11
	12 # 15
	13 # 39
	14 # 42
	15 # 52
	16 # 62
	17 # 12
	18 # 28
	19 # 60
	20 # 48
	21 # 49
	22 # 13
	23 # 1
Timestep 3:
	0 # 12
	1 # 27
	2 # 37
	3 # 43
	4 # 55
	5 # 34
	6 # 19
	7 # 2
	8 # 10
	9 # 6
	10 # 45
	11 # 11
	12 # 7
	13 # 47
	14 # 58
	15 # 52
	16 # 60
	17 # 4
	18 # 30
	19 # 28
	20 # 32
	21 # 49
	22 # 15
	23 # 9
Timestep 4:
	0 # 4
	1 # 27
	2 # 36
	3 # 42
	4 # 55
	5 # 38
	6 # 51
	7 # 2
	8 # 8
	9 # 7
	10 # 37
	11 # 11
	12 # 3
	13 # 39
	14 # 50
	15 # 53
	16 # 56
	17 # 5
	18 # 30
	19 # 28
	20 # 0
	21 # 49
	22 # 15
	23 # 41
Timestep 5:
	0 # 12
	1 # 26
	2 # 52
	3 # 34
	4 # 63
	5 # 46
	6 # 59
	7 # 6
	8 # 9
	9 # 23
	10 # 53
	11 # 27
	12 # 19
	13 # 35
	14 # 50
	15 # 49
	16 # 60
	17 # 1
	18 # 14
	19 # 30
	20 # 16
	21 # 17
	22 # 13
	23 # 43

