Solution makespan:5
Timestep 0:
	0 # 63
	1 # 23
	2 # 17
	3 # 39
	4 # 5
	5 # 16
	6 # 2
	7 # 0
	8 # 41
	9 # 36
	10 # 28
	11 # 53
	12 # 10
	13 # 57
	14 # 31
	15 # 54
	16 # 7
	17 # 37
	18 # 12
	19 # 35
Timestep 1:
	0 # 59
	1 # 7
	2 # 16
	3 # 55
	4 # 5
	5 # 24
	6 # 34
	7 # 32
	8 # 9
	9 # 38
	10 # 28
	11 # 49
	12 # 10
	13 # 57
	14 # 31
	15 # 62
	16 # 6
	17 # 53
	18 # 12
	19 # 39
Timestep 2:
	0 # 51
	1 # 5
	2 # 18
	3 # 63
	4 # 13
	5 # 24
	6 # 32
	7 # 0
	8 # 9
	9 # 36
	10 # 20
	11 # 49
	12 # 10
	13 # 56
	14 # 23
	15 # 46
	16 # 14
	17 # 53
	18 # 8
	19 # 37
Timestep 3:
	0 # 35
	1 # 37
	2 # 50
	3 # 59
	4 # 13
	5 # 56
	6 # 32
	7 # 4
	8 # 8
	9 # 44
	10 # 16
	11 # 17
	12 # 26
	13 # 48
	14 # 55
	15 # 46
	16 # 15
	17 # 49
	18 # 40
	19 # 45
Timestep 4:
	0 # 34
	1 # 53
	2 # 54
	3 # 57
	4 # 29
	5 # 58
	6 # 36
	7 # 6
	8 # 8
	9 # 12
	10 # 18
	11 # 16
	12 # 24
	13 # 48
	14 # 39
	15 # 38
	16 # 47
	17 # 51
	18 # 41
	19 # 61
Timestep 5:
	0 # 32
	1 # 52
	2 # 54
	3 # 25
	4 # 61
	5 # 26
	6 # 4
	7 # 22
	8 # 9
	9 # 12
	10 # 19
	11 # 20
	12 # 28
	13 # 50
	14 # 38
	15 # 36
	16 # 43
	17 # 35
	18 # 33
	19 # 53

