Solution makespan:5
Timestep 0:
	0 # 62
	1 # 4
	2 # 26
	3 # 14
	4 # 59
	5 # 28
	6 # 38
	7 # 40
	8 # 0
	9 # 37
	10 # 12
	11 # 13
	12 # 16
	13 # 33
	14 # 29
	15 # 30
	16 # 56
	17 # 11
	18 # 34
	19 # 60
Timestep 1:
	0 # 63
	1 # 6
	2 # 30
	3 # 10
	4 # 58
	5 # 24
	6 # 36
	7 # 42
	8 # 8
	9 # 37
	10 # 28
	11 # 5
	12 # 0
	13 # 33
	14 # 29
	15 # 31
	16 # 57
	17 # 43
	18 # 2
	19 # 44
Timestep 2:
	0 # 55
	1 # 22
	2 # 62
	3 # 11
	4 # 56
	5 # 25
	6 # 52
	7 # 58
	8 # 24
	9 # 53
	10 # 29
	11 # 21
	12 # 32
	13 # 49
	14 # 13
	15 # 63
	16 # 41
	17 # 43
	18 # 18
	19 # 44
Timestep 3:
	0 # 51
	1 # 54
	2 # 63
	3 # 11
	4 # 40
	5 # 57
	6 # 52
	7 # 59
	8 # 28
	9 # 53
	10 # 21
	11 # 20
	12 # 32
	13 # 48
	14 # 12
	15 # 47
	16 # 9
	17 # 42
	18 # 50
	19 # 46
Timestep 4:
	0 # 55
	1 # 54
	2 # 47
	3 # 9
	4 # 44
	5 # 41
	6 # 53
	7 # 51
	8 # 12
	9 # 49
	10 # 17
	11 # 16
	12 # 0
	13 # 56
	14 # 8
	15 # 43
	16 # 13
	17 # 10
	18 # 48
	19 # 42
Timestep 5:
	0 # 39
	1 # 62
	2 # 43
	3 # 25
	4 # 36
	5 # 57
	6 # 21
	7 # 19
	8 # 28
	9 # 33
	10 # 17
	11 # 18
	12 # 4
	13 # 56
	14 # 40
	15 # 42
	16 # 45
	17 # 2
	18 # 49
	19 # 10

