Solution makespan:6
Timestep 0:
	0 # 35
	1 # 11
	2 # 9
	3 # 10
	4 # 43
	5 # 6
	6 # 0
	7 # 45
	8 # 34
	9 # 48
	10 # 39
	11 # 17
Timestep 1:
	0 # 51
	1 # 43
	2 # 13
	3 # 2
	4 # 59
	5 # 38
	6 # 0
	7 # 61
	8 # 42
	9 # 16
	10 # 7
	11 # 1
Timestep 2:
	0 # 50
	1 # 41
	2 # 15
	3 # 10
	4 # 58
	5 # 54
	6 # 8
	7 # 45
	8 # 43
	9 # 20
	10 # 7
	11 # 9
Timestep 3:
	0 # 34
	1 # 40
	2 # 47
	3 # 11
	4 # 26
	5 # 52
	6 # 24
	7 # 44
	8 # 43
	9 # 21
	10 # 7
	11 # 13
Timestep 4:
	0 # 2
	1 # 44
	2 # 43
	3 # 9
	4 # 18
	5 # 48
	6 # 25
	7 # 12
	8 # 41
	9 # 23
	10 # 7
	11 # 45
Timestep 5:
	0 # 2
	1 # 36
	2 # 42
	3 # 25
	4 # 18
	5 # 16
	6 # 27
	7 # 14
	8 # 57
	9 # 19
	10 # 23
	11 # 47
Timestep 6:
	0 # 10
	1 # 52
	2 # 42
	3 # 24
	4 # 2
	5 # 17
	6 # 59
	7 # 46
	8 # 57
	9 # 3
	10 # 31
	11 # 45

