Solution makespan:5
Timestep 0:
	0 # 2
	1 # 45
	2 # 42
	3 # 63
	4 # 10
	5 # 29
	6 # 58
	7 # 3
	8 # 61
	9 # 34
	10 # 53
	11 # 50
	12 # 35
	13 # 49
	14 # 22
	15 # 0
	16 # 46
	17 # 57
	18 # 38
	19 # 62
	20 # 47
	21 # 19
	22 # 20
	23 # 31
	24 # 44
	25 # 27
	26 # 41
	27 # 51
	28 # 8
	29 # 30
	30 # 7
	31 # 21
Timestep 1:
	0 # 18
	1 # 37
	2 # 58
	3 # 61
	4 # 26
	5 # 28
	6 # 59
	7 # 1
	8 # 57
	9 # 2
	10 # 52
	11 # 50
	12 # 43
	13 # 17
	14 # 54
	15 # 0
	16 # 62
	17 # 41
	18 # 36
	19 # 30
	20 # 47
	21 # 23
	22 # 16
	23 # 15
	24 # 40
	25 # 27
	26 # 9
	27 # 51
	28 # 24
	29 # 14
	30 # 39
	31 # 29
Timestep 2:
	0 # 2
	1 # 37
	2 # 50
	3 # 29
	4 # 30
	5 # 24
	6 # 59
	7 # 33
	8 # 25
	9 # 10
	10 # 48
	11 # 18
	12 # 47
	13 # 21
	14 # 52
	15 # 4
	16 # 62
	17 # 45
	18 # 44
	19 # 31
	20 # 63
	21 # 22
	22 # 0
	23 # 7
	24 # 40
	25 # 19
	26 # 11
	27 # 35
	28 # 56
	29 # 46
	30 # 55
	31 # 28
Timestep 3:
	0 # 18
	1 # 36
	2 # 48
	3 # 61
	4 # 28
	5 # 8
	6 # 57
	7 # 32
	8 # 25
	9 # 10
	10 # 49
	11 # 26
	12 # 47
	13 # 29
	14 # 53
	15 # 12
	16 # 46
	17 # 37
	18 # 44
	19 # 31
	20 # 62
	21 # 6
	22 # 1
	23 # 3
	24 # 41
	25 # 27
	26 # 43
	27 # 51
	28 # 60
	29 # 42
	30 # 55
	31 # 20
Timestep 4:
	0 # 18
	1 # 38
	2 # 32
	3 # 61
	4 # 20
	5 # 40
	6 # 41
	7 # 0
	8 # 27
	9 # 11
	10 # 17
	11 # 24
	12 # 15
	13 # 28
	14 # 21
	15 # 44
	16 # 14
	17 # 37
	18 # 36
	19 # 29
	20 # 46
	21 # 7
	22 # 33
	23 # 2
	24 # 45
	25 # 59
	26 # 35
	27 # 19
	28 # 60
	29 # 43
	30 # 23
	31 # 22
Timestep 5:
	0 # 2
	1 # 34
	2 # 48
	3 # 29
	4 # 52
	5 # 40
	6 # 57
	7 # 16
	8 # 27
	9 # 11
	10 # 21
	11 # 56
	12 # 31
	13 # 28
	14 # 5
	15 # 45
	16 # 30
	17 # 53
	18 # 36
	19 # 25
	20 # 42
	21 # 15
	22 # 49
	23 # 3
	24 # 13
	25 # 63
	26 # 51
	27 # 19
	28 # 61
	29 # 47
	30 # 23
	31 # 22

