Solution makespan:5
Timestep 0:
	0 # 4
	1 # 8
	2 # 1
	3 # 57
	4 # 53
	5 # 62
	6 # 28
	7 # 7
	8 # 24
	9 # 41
	10 # 37
	11 # 42
Timestep 1:
	0 # 4
	1 # 12
	2 # 0
	3 # 56
	4 # 21
	5 # 58
	6 # 28
	7 # 5
	8 # 8
	9 # 45
	10 # 36
	11 # 46
Timestep 2:
	0 # 6
	1 # 12
	2 # 8
	3 # 24
	4 # 17
	5 # 42
	6 # 20
	7 # 4
	8 # 40
	9 # 37
	10 # 52
	11 # 38
Timestep 3:
	0 # 7
	1 # 28
	2 # 10
	3 # 24
	4 # 19
	5 # 40
	6 # 21
	7 # 12
	8 # 32
	9 # 37
	10 # 53
	11 # 34
Timestep 4:
	0 # 3
	1 # 28
	2 # 42
	3 # 26
	4 # 27
	5 # 40
	6 # 21
	7 # 44
	8 # 0
	9 # 5
	10 # 55
	11 # 50
Timestep 5:
	0 # 35
	1 # 20
	2 # 40
	3 # 58
	4 # 26
	5 # 8
	6 # 5
	7 # 60
	8 # 0
	9 # 4
	10 # 63
	11 # 18

