Solution makespan:5
Timestep 0:
	0 # 31
	1 # 23
	2 # 50
	3 # 58
	4 # 34
	5 # 28
	6 # 61
	7 # 21
	8 # 36
	9 # 3
	10 # 9
	11 # 2
	12 # 8
	13 # 15
	14 # 39
	15 # 38
	16 # 48
	17 # 62
	18 # 13
	19 # 25
Timestep 1:
	0 # 23
	1 # 19
	2 # 18
	3 # 26
	4 # 38
	5 # 29
	6 # 60
	7 # 17
	8 # 37
	9 # 7
	10 # 11
	11 # 0
	12 # 12
	13 # 15
	14 # 47
	15 # 6
	16 # 32
	17 # 54
	18 # 45
	19 # 9
Timestep 2:
	0 # 22
	1 # 17
	2 # 18
	3 # 10
	4 # 46
	5 # 25
	6 # 52
	7 # 16
	8 # 53
	9 # 15
	10 # 27
	11 # 0
	12 # 4
	13 # 11
	14 # 45
	15 # 2
	16 # 32
	17 # 38
	18 # 61
	19 # 13
Timestep 3:
	0 # 20
	1 # 49
	2 # 26
	3 # 14
	4 # 44
	5 # 9
	6 # 36
	7 # 48
	8 # 53
	9 # 47
	10 # 31
	11 # 8
	12 # 5
	13 # 10
	14 # 13
	15 # 0
	16 # 40
	17 # 6
	18 # 60
	19 # 12
Timestep 4:
	0 # 16
	1 # 51
	2 # 10
	3 # 15
	4 # 44
	5 # 11
	6 # 36
	7 # 49
	8 # 55
	9 # 39
	10 # 30
	11 # 8
	12 # 5
	13 # 2
	14 # 45
	15 # 4
	16 # 42
	17 # 6
	18 # 52
	19 # 14
Timestep 5:
	0 # 16
	1 # 55
	2 # 42
	3 # 11
	4 # 60
	5 # 3
	6 # 38
	7 # 33
	8 # 39
	9 # 37
	10 # 62
	11 # 0
	12 # 13
	13 # 18
	14 # 61
	15 # 36
	16 # 46
	17 # 22
	18 # 54
	19 # 15

