Solution makespan:4
Timestep 0:
	0 # 34
	1 # 36
	2 # 28
	3 # 14
	4 # 30
	5 # 26
	6 # 62
	7 # 15
	8 # 54
	9 # 41
	10 # 37
	11 # 8
Timestep 1:
	0 # 42
	1 # 32
	2 # 29
	3 # 15
	4 # 22
	5 # 26
	6 # 62
	7 # 7
	8 # 38
	9 # 9
	10 # 36
	11 # 0
Timestep 2:
	0 # 43
	1 # 32
	2 # 28
	3 # 14
	4 # 6
	5 # 30
	6 # 46
	7 # 3
	8 # 34
	9 # 13
	10 # 44
	11 # 1
Timestep 3:
	0 # 35
	1 # 36
	2 # 24
	3 # 12
	4 # 38
	5 # 62
	6 # 14
	7 # 19
	8 # 50
	9 # 15
	10 # 40
	11 # 17
Timestep 4:
	0 # 3
	1 # 52
	2 # 56
	3 # 13
	4 # 38
	5 # 46
	6 # 6
	7 # 18
	8 # 48
	9 # 11
	10 # 42
	11 # 49

