Solution makespan:5
Timestep 0:
	0 # 43
	1 # 7
	2 # 48
	3 # 20
	4 # 19
	5 # 24
	6 # 56
	7 # 61
	8 # 29
	9 # 1
	10 # 14
	11 # 32
	12 # 57
	13 # 16
	14 # 42
	15 # 37
Timestep 1:
	0 # 47
	1 # 23
	2 # 16
	3 # 52
	4 # 18
	5 # 8
	6 # 24
	7 # 53
	8 # 28
	9 # 3
	10 # 12
	11 # 48
	12 # 59
	13 # 17
	14 # 43
	15 # 33
Timestep 2:
	0 # 63
	1 # 55
	2 # 0
	3 # 36
	4 # 22
	5 # 40
	6 # 16
	7 # 49
	8 # 30
	9 # 19
	10 # 4
	11 # 52
	12 # 59
	13 # 25
	14 # 43
	15 # 32
Timestep 3:
	0 # 55
	1 # 54
	2 # 8
	3 # 44
	4 # 23
	5 # 32
	6 # 18
	7 # 17
	8 # 26
	9 # 19
	10 # 20
	11 # 52
	12 # 27
	13 # 25
	14 # 11
	15 # 48
Timestep 4:
	0 # 53
	1 # 50
	2 # 10
	3 # 12
	4 # 21
	5 # 33
	6 # 2
	7 # 17
	8 # 58
	9 # 18
	10 # 16
	11 # 54
	12 # 27
	13 # 57
	14 # 15
	15 # 56
Timestep 5:
	0 # 52
	1 # 58
	2 # 11
	3 # 28
	4 # 21
	5 # 37
	6 # 6
	7 # 16
	8 # 42
	9 # 2
	10 # 0
	11 # 38
	12 # 26
	13 # 59
	14 # 7
	15 # 60

