Solution makespan:5
Timestep 0:
	0 # 6
	1 # 18
	2 # 62
	3 # 57
	4 # 43
	5 # 40
	6 # 8
	7 # 44
	8 # 36
	9 # 28
	10 # 0
	11 # 56
	12 # 34
	13 # 17
	14 # 19
	15 # 10
	16 # 32
	17 # 12
	18 # 48
	19 # 21
Timestep 1:
	0 # 2
	1 # 19
	2 # 58
	3 # 61
	4 # 47
	5 # 44
	6 # 8
	7 # 46
	8 # 38
	9 # 20
	10 # 32
	11 # 48
	12 # 42
	13 # 25
	14 # 17
	15 # 11
	16 # 33
	17 # 4
	18 # 49
	19 # 5
Timestep 2:
	0 # 2
	1 # 27
	2 # 56
	3 # 61
	4 # 39
	5 # 12
	6 # 10
	7 # 46
	8 # 54
	9 # 52
	10 # 0
	11 # 32
	12 # 42
	13 # 9
	14 # 25
	15 # 11
	16 # 37
	17 # 6
	18 # 53
	19 # 13
Timestep 3:
	0 # 3
	1 # 31
	2 # 24
	3 # 29
	4 # 39
	5 # 4
	6 # 26
	7 # 46
	8 # 55
	9 # 36
	10 # 16
	11 # 48
	12 # 40
	13 # 13
	14 # 27
	15 # 10
	16 # 37
	17 # 14
	18 # 49
	19 # 15
Timestep 4:
	0 # 1
	1 # 29
	2 # 24
	3 # 21
	4 # 7
	5 # 6
	6 # 18
	7 # 14
	8 # 51
	9 # 36
	10 # 16
	11 # 49
	12 # 8
	13 # 5
	14 # 59
	15 # 11
	16 # 39
	17 # 30
	18 # 57
	19 # 15
Timestep 5:
	0 # 1
	1 # 28
	2 # 16
	3 # 5
	4 # 3
	5 # 22
	6 # 50
	7 # 14
	8 # 49
	9 # 37
	10 # 17
	11 # 53
	12 # 24
	13 # 4
	14 # 57
	15 # 15
	16 # 55
	17 # 26
	18 # 41
	19 # 13

