Solution makespan:6
Timestep 0:
	0 # 51
	1 # 19
	2 # 4
	3 # 29
	4 # 37
	5 # 50
	6 # 21
	7 # 32
	8 # 44
	9 # 56
	10 # 16
	11 # 22
	12 # 60
	13 # 13
	14 # 46
	15 # 54
	16 # 35
	17 # 11
	18 # 9
	19 # 10
	20 # 43
	21 # 6
	22 # 0
	23 # 45
	24 # 34
	25 # 48
	26 # 39
	27 # 17
Timestep 1:
	0 # 59
	1 # 27
	2 # 0
	3 # 61
	4 # 36
	5 # 51
	6 # 20
	7 # 33
	8 # 45
	9 # 56
	10 # 17
	11 # 18
	12 # 62
	13 # 29
	14 # 42
	15 # 54
	16 # 34
	17 # 15
	18 # 11
	19 # 14
	20 # 43
	21 # 6
	22 # 1
	23 # 41
	24 # 32
	25 # 48
	26 # 37
	27 # 49
Timestep 2:
	0 # 43
	1 # 27
	2 # 2
	3 # 53
	4 # 32
	5 # 49
	6 # 16
	7 # 33
	8 # 47
	9 # 24
	10 # 1
	11 # 19
	12 # 62
	13 # 31
	14 # 58
	15 # 22
	16 # 42
	17 # 13
	18 # 15
	19 # 46
	20 # 41
	21 # 4
	22 # 5
	23 # 57
	24 # 40
	25 # 52
	26 # 36
	27 # 17
Timestep 3:
	0 # 11
	1 # 19
	2 # 10
	3 # 37
	4 # 34
	5 # 49
	6 # 16
	7 # 33
	8 # 43
	9 # 28
	10 # 9
	11 # 3
	12 # 63
	13 # 27
	14 # 58
	15 # 22
	16 # 40
	17 # 13
	18 # 31
	19 # 62
	20 # 45
	21 # 20
	22 # 4
	23 # 56
	24 # 8
	25 # 36
	26 # 32
	27 # 17
Timestep 4:
	0 # 27
	1 # 23
	2 # 42
	3 # 39
	4 # 2
	5 # 33
	6 # 16
	7 # 32
	8 # 35
	9 # 28
	10 # 25
	11 # 7
	12 # 61
	13 # 19
	14 # 26
	15 # 22
	16 # 41
	17 # 15
	18 # 30
	19 # 60
	20 # 13
	21 # 21
	22 # 4
	23 # 24
	24 # 12
	25 # 38
	26 # 48
	27 # 49
Timestep 5:
	0 # 31
	1 # 22
	2 # 43
	3 # 39
	4 # 6
	5 # 37
	6 # 18
	7 # 40
	8 # 35
	9 # 28
	10 # 25
	11 # 7
	12 # 53
	13 # 51
	14 # 27
	15 # 20
	16 # 45
	17 # 14
	18 # 30
	19 # 44
	20 # 29
	21 # 23
	22 # 36
	23 # 24
	24 # 4
	25 # 38
	26 # 50
	27 # 33
Timestep 6:
	0 # 63
	1 # 54
	2 # 47
	3 # 37
	4 # 2
	5 # 5
	6 # 22
	7 # 32
	8 # 51
	9 # 12
	10 # 57
	11 # 39
	12 # 55
	13 # 50
	14 # 59
	15 # 28
	16 # 13
	17 # 10
	18 # 62
	19 # 45
	20 # 61
	21 # 23
	22 # 52
	23 # 26
	24 # 36
	25 # 6
	26 # 48
	27 # 41

