Solution makespan:5
Timestep 0:
	0 # 11
	1 # 41
	2 # 5
	3 # 37
	4 # 42
	5 # 54
	6 # 49
	7 # 52
	8 # 1
	9 # 62
	10 # 63
	11 # 57
	12 # 45
	13 # 46
	14 # 0
	15 # 10
	16 # 26
	17 # 34
	18 # 50
	19 # 59
Timestep 1:
	0 # 3
	1 # 40
	2 # 1
	3 # 33
	4 # 43
	5 # 38
	6 # 49
	7 # 52
	8 # 9
	9 # 54
	10 # 31
	11 # 56
	12 # 13
	13 # 46
	14 # 4
	15 # 8
	16 # 10
	17 # 34
	18 # 51
	19 # 63
Timestep 2:
	0 # 3
	1 # 41
	2 # 0
	3 # 32
	4 # 35
	5 # 39
	6 # 57
	7 # 53
	8 # 13
	9 # 50
	10 # 31
	11 # 40
	12 # 15
	13 # 14
	14 # 20
	15 # 8
	16 # 11
	17 # 38
	18 # 51
	19 # 62
Timestep 3:
	0 # 2
	1 # 41
	2 # 0
	3 # 48
	4 # 35
	5 # 38
	6 # 59
	7 # 61
	8 # 45
	9 # 50
	10 # 27
	11 # 42
	12 # 31
	13 # 46
	14 # 28
	15 # 12
	16 # 43
	17 # 54
	18 # 49
	19 # 30
Timestep 4:
	0 # 3
	1 # 57
	2 # 32
	3 # 50
	4 # 39
	5 # 34
	6 # 27
	7 # 29
	8 # 45
	9 # 58
	10 # 19
	11 # 40
	12 # 30
	13 # 62
	14 # 24
	15 # 28
	16 # 35
	17 # 38
	18 # 53
	19 # 14
Timestep 5:
	0 # 19
	1 # 56
	2 # 0
	3 # 48
	4 # 7
	5 # 32
	6 # 31
	7 # 13
	8 # 41
	9 # 58
	10 # 17
	11 # 40
	12 # 28
	13 # 60
	14 # 24
	15 # 20
	16 # 33
	17 # 38
	18 # 61
	19 # 15

