Solution makespan:5
Timestep 0:
	0 # 18
	1 # 10
	2 # 53
	3 # 34
	4 # 28
	5 # 45
	6 # 23
	7 # 31
	8 # 9
	9 # 6
	10 # 17
	11 # 35
	12 # 3
	13 # 55
	14 # 7
	15 # 63
Timestep 1:
	0 # 50
	1 # 11
	2 # 61
	3 # 2
	4 # 12
	5 # 45
	6 # 22
	7 # 27
	8 # 8
	9 # 4
	10 # 49
	11 # 3
	12 # 1
	13 # 54
	14 # 5
	15 # 55
Timestep 2:
	0 # 34
	1 # 27
	2 # 53
	3 # 18
	4 # 44
	5 # 61
	6 # 20
	7 # 26
	8 # 8
	9 # 6
	10 # 57
	11 # 35
	12 # 5
	13 # 52
	14 # 13
	15 # 54
Timestep 3:
	0 # 32
	1 # 59
	2 # 53
	3 # 18
	4 # 45
	5 # 61
	6 # 28
	7 # 26
	8 # 10
	9 # 2
	10 # 41
	11 # 35
	12 # 4
	13 # 60
	14 # 15
	15 # 62
Timestep 4:
	0 # 32
	1 # 57
	2 # 37
	3 # 26
	4 # 45
	5 # 60
	6 # 24
	7 # 27
	8 # 14
	9 # 34
	10 # 40
	11 # 33
	12 # 12
	13 # 56
	14 # 11
	15 # 46
Timestep 5:
	0 # 48
	1 # 57
	2 # 36
	3 # 26
	4 # 44
	5 # 62
	6 # 8
	7 # 25
	8 # 30
	9 # 38
	10 # 42
	11 # 49
	12 # 13
	13 # 58
	14 # 3
	15 # 46

