Solution makespan:5
Timestep 0:
	0 # 4
	1 # 60
	2 # 47
	3 # 55
	4 # 27
	5 # 59
	6 # 20
	7 # 30
	8 # 35
	9 # 18
	10 # 9
	11 # 62
	12 # 24
	13 # 22
	14 # 63
	15 # 29
Timestep 1:
	0 # 12
	1 # 61
	2 # 39
	3 # 63
	4 # 26
	5 # 57
	6 # 16
	7 # 14
	8 # 3
	9 # 50
	10 # 25
	11 # 58
	12 # 28
	13 # 54
	14 # 47
	15 # 21
Timestep 2:
	0 # 44
	1 # 29
	2 # 47
	3 # 55
	4 # 10
	5 # 49
	6 # 17
	7 # 30
	8 # 35
	9 # 48
	10 # 27
	11 # 50
	12 # 60
	13 # 22
	14 # 45
	15 # 5
Timestep 3:
	0 # 40
	1 # 29
	2 # 43
	3 # 54
	4 # 2
	5 # 17
	6 # 19
	7 # 14
	8 # 39
	9 # 52
	10 # 59
	11 # 50
	12 # 60
	13 # 23
	14 # 47
	15 # 7
Timestep 4:
	0 # 32
	1 # 61
	2 # 11
	3 # 38
	4 # 6
	5 # 1
	6 # 51
	7 # 46
	8 # 55
	9 # 20
	10 # 63
	11 # 48
	12 # 28
	13 # 19
	14 # 47
	15 # 3
Timestep 5:
	0 # 33
	1 # 63
	2 # 11
	3 # 38
	4 # 4
	5 # 3
	6 # 50
	7 # 14
	8 # 51
	9 # 22
	10 # 59
	11 # 49
	12 # 29
	13 # 19
	14 # 47
	15 # 2

