Solution makespan:5
Timestep 0:
	0 # 1
	1 # 25
	2 # 12
	3 # 31
	4 # 61
	5 # 45
	6 # 43
	7 # 34
	8 # 15
	9 # 6
	10 # 32
	11 # 8
	12 # 5
	13 # 56
	14 # 16
	15 # 52
	16 # 3
	17 # 38
	18 # 39
	19 # 27
Timestep 1:
	0 # 0
	1 # 17
	2 # 4
	3 # 29
	4 # 63
	5 # 41
	6 # 11
	7 # 42
	8 # 47
	9 # 7
	10 # 32
	11 # 40
	12 # 21
	13 # 60
	14 # 48
	15 # 20
	16 # 19
	17 # 34
	18 # 37
	19 # 31
Timestep 2:
	0 # 16
	1 # 1
	2 # 36
	3 # 21
	4 # 59
	5 # 57
	6 # 27
	7 # 40
	8 # 63
	9 # 15
	10 # 48
	11 # 44
	12 # 23
	13 # 61
	14 # 56
	15 # 52
	16 # 19
	17 # 50
	18 # 39
	19 # 31
Timestep 3:
	0 # 20
	1 # 33
	2 # 36
	3 # 17
	4 # 59
	5 # 49
	6 # 11
	7 # 42
	8 # 55
	9 # 14
	10 # 50
	11 # 40
	12 # 19
	13 # 63
	14 # 56
	15 # 53
	16 # 51
	17 # 58
	18 # 39
	19 # 29
Timestep 4:
	0 # 28
	1 # 37
	2 # 38
	3 # 17
	4 # 43
	5 # 49
	6 # 11
	7 # 40
	8 # 23
	9 # 30
	10 # 18
	11 # 8
	12 # 19
	13 # 31
	14 # 57
	15 # 61
	16 # 51
	17 # 56
	18 # 7
	19 # 21
Timestep 5:
	0 # 60
	1 # 39
	2 # 46
	3 # 25
	4 # 35
	5 # 51
	6 # 43
	7 # 40
	8 # 23
	9 # 30
	10 # 19
	11 # 9
	12 # 27
	13 # 63
	14 # 41
	15 # 45
	16 # 50
	17 # 24
	18 # 3
	19 # 20

