Solution makespan:4
Timestep 0:
	0 # 25
	1 # 37
	2 # 29
	3 # 18
	4 # 7
	5 # 36
	6 # 9
	7 # 62
	8 # 53
	9 # 34
	10 # 6
	11 # 0
Timestep 1:
	0 # 57
	1 # 36
	2 # 28
	3 # 2
	4 # 7
	5 # 44
	6 # 13
	7 # 62
	8 # 21
	9 # 35
	10 # 6
	11 # 32
Timestep 2:
	0 # 41
	1 # 36
	2 # 30
	3 # 0
	4 # 6
	5 # 45
	6 # 12
	7 # 60
	8 # 29
	9 # 39
	10 # 2
	11 # 48
Timestep 3:
	0 # 40
	1 # 52
	2 # 26
	3 # 32
	4 # 2
	5 # 45
	6 # 4
	7 # 28
	8 # 25
	9 # 37
	10 # 3
	11 # 49
Timestep 4:
	0 # 44
	1 # 20
	2 # 58
	3 # 36
	4 # 10
	5 # 13
	6 # 6
	7 # 60
	8 # 25
	9 # 45
	10 # 35
	11 # 51

