Solution makespan:5
Timestep 0:
	0 # 30
	1 # 6
	2 # 31
	3 # 47
	4 # 41
	5 # 54
	6 # 61
	7 # 27
	8 # 48
	9 # 55
	10 # 37
	11 # 58
	12 # 12
	13 # 57
	14 # 8
	15 # 29
	16 # 51
	17 # 18
	18 # 25
	19 # 34
Timestep 1:
	0 # 28
	1 # 22
	2 # 15
	3 # 46
	4 # 41
	5 # 52
	6 # 45
	7 # 11
	8 # 56
	9 # 63
	10 # 53
	11 # 50
	12 # 4
	13 # 61
	14 # 0
	15 # 21
	16 # 59
	17 # 26
	18 # 27
	19 # 2
Timestep 2:
	0 # 28
	1 # 54
	2 # 11
	3 # 62
	4 # 43
	5 # 53
	6 # 45
	7 # 9
	8 # 57
	9 # 59
	10 # 55
	11 # 18
	12 # 12
	13 # 61
	14 # 32
	15 # 20
	16 # 58
	17 # 24
	18 # 26
	19 # 34
Timestep 3:
	0 # 60
	1 # 38
	2 # 15
	3 # 54
	4 # 11
	5 # 21
	6 # 47
	7 # 9
	8 # 59
	9 # 58
	10 # 23
	11 # 16
	12 # 8
	13 # 63
	14 # 48
	15 # 22
	16 # 42
	17 # 26
	18 # 18
	19 # 35
Timestep 4:
	0 # 62
	1 # 6
	2 # 31
	3 # 22
	4 # 9
	5 # 5
	6 # 43
	7 # 41
	8 # 27
	9 # 56
	10 # 23
	11 # 20
	12 # 12
	13 # 55
	14 # 49
	15 # 30
	16 # 40
	17 # 26
	18 # 2
	19 # 3
Timestep 5:
	0 # 54
	1 # 4
	2 # 23
	3 # 18
	4 # 1
	5 # 13
	6 # 43
	7 # 57
	8 # 31
	9 # 58
	10 # 7
	11 # 20
	12 # 44
	13 # 55
	14 # 33
	15 # 62
	16 # 8
	17 # 10
	18 # 2
	19 # 11

