Solution makespan:5
Timestep 0:
	0 # 5
	1 # 29
	2 # 10
	3 # 15
	4 # 39
	5 # 3
	6 # 12
	7 # 17
	8 # 45
	9 # 30
	10 # 0
	11 # 46
	12 # 52
	13 # 24
	14 # 63
	15 # 19
Timestep 1:
	0 # 21
	1 # 29
	2 # 11
	3 # 15
	4 # 55
	5 # 3
	6 # 8
	7 # 49
	8 # 47
	9 # 22
	10 # 2
	11 # 14
	12 # 48
	13 # 26
	14 # 31
	15 # 18
Timestep 2:
	0 # 21
	1 # 13
	2 # 9
	3 # 14
	4 # 23
	5 # 7
	6 # 8
	7 # 53
	8 # 15
	9 # 6
	10 # 10
	11 # 46
	12 # 52
	13 # 26
	14 # 29
	15 # 22
Timestep 3:
	0 # 20
	1 # 5
	2 # 9
	3 # 46
	4 # 21
	5 # 6
	6 # 0
	7 # 37
	8 # 15
	9 # 4
	10 # 8
	11 # 42
	12 # 52
	13 # 10
	14 # 25
	15 # 30
Timestep 4:
	0 # 22
	1 # 7
	2 # 25
	3 # 46
	4 # 29
	5 # 6
	6 # 2
	7 # 5
	8 # 14
	9 # 0
	10 # 12
	11 # 34
	12 # 54
	13 # 11
	14 # 17
	15 # 30
Timestep 5:
	0 # 22
	1 # 6
	2 # 17
	3 # 14
	4 # 29
	5 # 38
	6 # 34
	7 # 4
	8 # 12
	9 # 0
	10 # 13
	11 # 42
	12 # 55
	13 # 9
	14 # 1
	15 # 31

