Solution makespan:6
Timestep 0:
	0 # 58
	1 # 43
	2 # 0
	3 # 26
	4 # 56
	5 # 54
	6 # 40
	7 # 23
	8 # 32
	9 # 10
	10 # 39
	11 # 44
Timestep 1:
	0 # 59
	1 # 35
	2 # 1
	3 # 58
	4 # 60
	5 # 50
	6 # 32
	7 # 7
	8 # 36
	9 # 8
	10 # 38
	11 # 12
Timestep 2:
	0 # 43
	1 # 3
	2 # 33
	3 # 42
	4 # 28
	5 # 48
	6 # 0
	7 # 5
	8 # 4
	9 # 24
	10 # 6
	11 # 8
Timestep 3:
	0 # 35
	1 # 2
	2 # 49
	3 # 10
	4 # 12
	5 # 56
	6 # 32
	7 # 13
	8 # 6
	9 # 28
	10 # 14
	11 # 8
Timestep 4:
	0 # 33
	1 # 0
	2 # 51
	3 # 11
	4 # 12
	5 # 40
	6 # 34
	7 # 29
	8 # 14
	9 # 28
	10 # 10
	11 # 24
Timestep 5:
	0 # 33
	1 # 8
	2 # 35
	3 # 10
	4 # 44
	5 # 41
	6 # 38
	7 # 31
	8 # 46
	9 # 29
	10 # 2
	11 # 25
Timestep 6:
	0 # 1
	1 # 24
	2 # 34
	3 # 42
	4 # 40
	5 # 9
	6 # 39
	7 # 63
	8 # 46
	9 # 61
	10 # 6
	11 # 57

