Solution makespan:6
Timestep 0:
	0 # 52
	1 # 7
	2 # 31
	3 # 26
	4 # 0
	5 # 30
	6 # 38
	7 # 34
	8 # 23
	9 # 14
	10 # 17
	11 # 61
Timestep 1:
	0 # 53
	1 # 15
	2 # 23
	3 # 27
	4 # 32
	5 # 30
	6 # 54
	7 # 42
	8 # 7
	9 # 12
	10 # 25
	11 # 29
Timestep 2:
	0 # 21
	1 # 14
	2 # 7
	3 # 11
	4 # 40
	5 # 26
	6 # 50
	7 # 10
	8 # 3
	9 # 4
	10 # 29
	11 # 13
Timestep 3:
	0 # 29
	1 # 14
	2 # 7
	3 # 9
	4 # 8
	5 # 27
	6 # 48
	7 # 11
	8 # 3
	9 # 4
	10 # 28
	11 # 5
Timestep 4:
	0 # 31
	1 # 30
	2 # 39
	3 # 41
	4 # 40
	5 # 25
	6 # 48
	7 # 15
	8 # 35
	9 # 20
	10 # 12
	11 # 5
Timestep 5:
	0 # 29
	1 # 30
	2 # 39
	3 # 33
	4 # 42
	5 # 27
	6 # 48
	7 # 47
	8 # 51
	9 # 28
	10 # 44
	11 # 37
Timestep 6:
	0 # 25
	1 # 62
	2 # 35
	3 # 1
	4 # 34
	5 # 59
	6 # 16
	7 # 43
	8 # 19
	9 # 24
	10 # 46
	11 # 37

