Solution makespan:6
Timestep 0:
	0 # 39
	1 # 30
	2 # 15
	3 # 34
	4 # 59
	5 # 49
	6 # 62
	7 # 25
	8 # 33
	9 # 53
	10 # 21
	11 # 18
	12 # 7
	13 # 31
	14 # 54
	15 # 61
	16 # 36
	17 # 11
	18 # 41
	19 # 56
	20 # 63
	21 # 5
	22 # 2
	23 # 32
	24 # 51
	25 # 22
	26 # 12
	27 # 42
	28 # 52
	29 # 23
	30 # 45
	31 # 27
Timestep 1:
	0 # 38
	1 # 30
	2 # 15
	3 # 2
	4 # 57
	5 # 53
	6 # 46
	7 # 27
	8 # 1
	9 # 37
	10 # 29
	11 # 50
	12 # 39
	13 # 31
	14 # 55
	15 # 45
	16 # 32
	17 # 43
	18 # 33
	19 # 60
	20 # 59
	21 # 13
	22 # 6
	23 # 40
	24 # 19
	25 # 23
	26 # 12
	27 # 10
	28 # 54
	29 # 21
	30 # 44
	31 # 26
Timestep 2:
	0 # 34
	1 # 26
	2 # 7
	3 # 10
	4 # 57
	5 # 61
	6 # 14
	7 # 19
	8 # 9
	9 # 53
	10 # 31
	11 # 50
	12 # 39
	13 # 30
	14 # 63
	15 # 44
	16 # 33
	17 # 47
	18 # 49
	19 # 60
	20 # 43
	21 # 15
	22 # 38
	23 # 40
	24 # 3
	25 # 23
	26 # 8
	27 # 42
	28 # 55
	29 # 21
	30 # 36
	31 # 58
Timestep 3:
	0 # 32
	1 # 24
	2 # 5
	3 # 8
	4 # 41
	5 # 29
	6 # 14
	7 # 3
	8 # 25
	9 # 52
	10 # 23
	11 # 58
	12 # 38
	13 # 30
	14 # 31
	15 # 46
	16 # 1
	17 # 45
	18 # 48
	19 # 60
	20 # 11
	21 # 47
	22 # 54
	23 # 44
	24 # 35
	25 # 19
	26 # 12
	27 # 34
	28 # 51
	29 # 53
	30 # 4
	31 # 62
Timestep 4:
	0 # 32
	1 # 56
	2 # 5
	3 # 0
	4 # 45
	5 # 31
	6 # 12
	7 # 7
	8 # 9
	9 # 36
	10 # 19
	11 # 42
	12 # 34
	13 # 14
	14 # 23
	15 # 47
	16 # 33
	17 # 13
	18 # 52
	19 # 28
	20 # 11
	21 # 39
	22 # 55
	23 # 40
	24 # 43
	25 # 17
	26 # 4
	27 # 50
	28 # 59
	29 # 61
	30 # 6
	31 # 30
Timestep 5:
	0 # 48
	1 # 56
	2 # 37
	3 # 0
	4 # 41
	5 # 31
	6 # 8
	7 # 5
	8 # 13
	9 # 38
	10 # 51
	11 # 46
	12 # 34
	13 # 12
	14 # 7
	15 # 47
	16 # 49
	17 # 15
	18 # 54
	19 # 29
	20 # 3
	21 # 35
	22 # 55
	23 # 44
	24 # 43
	25 # 1
	26 # 36
	27 # 50
	28 # 27
	29 # 53
	30 # 14
	31 # 28
Timestep 6:
	0 # 52
	1 # 24
	2 # 53
	3 # 8
	4 # 57
	5 # 27
	6 # 40
	7 # 5
	8 # 45
	9 # 54
	10 # 51
	11 # 62
	12 # 32
	13 # 4
	14 # 23
	15 # 39
	16 # 33
	17 # 31
	18 # 22
	19 # 25
	20 # 19
	21 # 43
	22 # 55
	23 # 12
	24 # 11
	25 # 9
	26 # 44
	27 # 58
	28 # 26
	29 # 21
	30 # 30
	31 # 60

