Solution makespan:5
Timestep 0:
	0 # 22
	1 # 24
	2 # 58
	3 # 27
	4 # 29
	5 # 7
	6 # 35
	7 # 17
	8 # 23
	9 # 9
	10 # 33
	11 # 28
	12 # 8
	13 # 60
	14 # 43
	15 # 39
	16 # 52
	17 # 0
	18 # 62
	19 # 3
	20 # 61
	21 # 10
	22 # 40
	23 # 53
Timestep 1:
	0 # 30
	1 # 16
	2 # 50
	3 # 26
	4 # 21
	5 # 3
	6 # 34
	7 # 19
	8 # 55
	9 # 9
	10 # 32
	11 # 12
	12 # 24
	13 # 60
	14 # 11
	15 # 39
	16 # 20
	17 # 1
	18 # 46
	19 # 2
	20 # 63
	21 # 42
	22 # 41
	23 # 61
Timestep 2:
	0 # 28
	1 # 17
	2 # 50
	3 # 18
	4 # 5
	5 # 7
	6 # 38
	7 # 23
	8 # 63
	9 # 13
	10 # 32
	11 # 14
	12 # 56
	13 # 52
	14 # 10
	15 # 37
	16 # 16
	17 # 3
	18 # 42
	19 # 0
	20 # 59
	21 # 43
	22 # 9
	23 # 60
Timestep 3:
	0 # 24
	1 # 21
	2 # 54
	3 # 2
	4 # 1
	5 # 6
	6 # 39
	7 # 55
	8 # 62
	9 # 15
	10 # 0
	11 # 14
	12 # 58
	13 # 20
	14 # 8
	15 # 5
	16 # 17
	17 # 7
	18 # 10
	19 # 4
	20 # 27
	21 # 41
	22 # 13
	23 # 60
Timestep 4:
	0 # 25
	1 # 20
	2 # 54
	3 # 18
	4 # 3
	5 # 6
	6 # 7
	7 # 53
	8 # 58
	9 # 15
	10 # 16
	11 # 12
	12 # 50
	13 # 52
	14 # 10
	15 # 5
	16 # 17
	17 # 23
	18 # 11
	19 # 0
	20 # 31
	21 # 9
	22 # 13
	23 # 56
Timestep 5:
	0 # 57
	1 # 22
	2 # 50
	3 # 26
	4 # 35
	5 # 38
	6 # 23
	7 # 37
	8 # 58
	9 # 31
	10 # 16
	11 # 44
	12 # 51
	13 # 54
	14 # 14
	15 # 21
	16 # 1
	17 # 55
	18 # 9
	19 # 2
	20 # 29
	21 # 8
	22 # 5
	23 # 40

