Solution makespan:6
Timestep 0:
	0 # 7
	1 # 55
	2 # 28
	3 # 63
	4 # 60
	5 # 50
	6 # 35
	7 # 16
	8 # 36
	9 # 51
	10 # 24
	11 # 13
	12 # 27
	13 # 8
	14 # 57
	15 # 42
Timestep 1:
	0 # 3
	1 # 53
	2 # 60
	3 # 47
	4 # 52
	5 # 48
	6 # 51
	7 # 20
	8 # 4
	9 # 50
	10 # 26
	11 # 13
	12 # 19
	13 # 10
	14 # 59
	15 # 42
Timestep 2:
	0 # 11
	1 # 53
	2 # 56
	3 # 43
	4 # 36
	5 # 32
	6 # 55
	7 # 21
	8 # 5
	9 # 54
	10 # 30
	11 # 12
	12 # 18
	13 # 14
	14 # 27
	15 # 40
Timestep 3:
	0 # 9
	1 # 61
	2 # 57
	3 # 11
	4 # 32
	5 # 33
	6 # 63
	7 # 53
	8 # 13
	9 # 22
	10 # 14
	11 # 12
	12 # 16
	13 # 15
	14 # 27
	15 # 8
Timestep 4:
	0 # 8
	1 # 29
	2 # 49
	3 # 43
	4 # 36
	5 # 35
	6 # 47
	7 # 37
	8 # 9
	9 # 18
	10 # 10
	11 # 14
	12 # 48
	13 # 7
	14 # 26
	15 # 0
Timestep 5:
	0 # 40
	1 # 31
	2 # 49
	3 # 47
	4 # 38
	5 # 33
	6 # 45
	7 # 36
	8 # 25
	9 # 50
	10 # 42
	11 # 30
	12 # 52
	13 # 39
	14 # 27
	15 # 4
Timestep 6:
	0 # 42
	1 # 63
	2 # 17
	3 # 47
	4 # 36
	5 # 32
	6 # 61
	7 # 44
	8 # 29
	9 # 51
	10 # 10
	11 # 62
	12 # 54
	13 # 55
	14 # 19
	15 # 12

