Solution makespan:4
Timestep 0:
	0 # 60
	1 # 50
	2 # 35
	3 # 16
	4 # 36
	5 # 51
	6 # 24
	7 # 13
	8 # 27
	9 # 8
	10 # 57
	11 # 42
Timestep 1:
	0 # 44
	1 # 58
	2 # 39
	3 # 16
	4 # 37
	5 # 49
	6 # 26
	7 # 9
	8 # 25
	9 # 8
	10 # 57
	11 # 43
Timestep 2:
	0 # 44
	1 # 58
	2 # 39
	3 # 0
	4 # 45
	5 # 17
	6 # 26
	7 # 1
	8 # 9
	9 # 40
	10 # 49
	11 # 42
Timestep 3:
	0 # 45
	1 # 26
	2 # 38
	3 # 2
	4 # 41
	5 # 25
	6 # 24
	7 # 0
	8 # 1
	9 # 40
	10 # 17
	11 # 46
Timestep 4:
	0 # 45
	1 # 27
	2 # 54
	3 # 3
	4 # 43
	5 # 25
	6 # 8
	7 # 32
	8 # 1
	9 # 44
	10 # 19
	11 # 14

