Solution makespan:5
Timestep 0:
	0 # 35
	1 # 44
	2 # 19
	3 # 53
	4 # 11
	5 # 39
	6 # 27
	7 # 63
	8 # 28
	9 # 7
	10 # 50
	11 # 56
	12 # 59
	13 # 34
	14 # 1
	15 # 6
Timestep 1:
	0 # 51
	1 # 46
	2 # 27
	3 # 61
	4 # 43
	5 # 39
	6 # 31
	7 # 47
	8 # 29
	9 # 15
	10 # 54
	11 # 56
	12 # 58
	13 # 42
	14 # 1
	15 # 22
Timestep 2:
	0 # 55
	1 # 62
	2 # 11
	3 # 60
	4 # 41
	5 # 38
	6 # 63
	7 # 46
	8 # 28
	9 # 7
	10 # 50
	11 # 57
	12 # 56
	13 # 40
	14 # 17
	15 # 6
Timestep 3:
	0 # 53
	1 # 54
	2 # 10
	3 # 62
	4 # 57
	5 # 34
	6 # 61
	7 # 38
	8 # 12
	9 # 6
	10 # 50
	11 # 59
	12 # 48
	13 # 56
	14 # 49
	15 # 14
Timestep 4:
	0 # 52
	1 # 38
	2 # 42
	3 # 30
	4 # 57
	5 # 2
	6 # 29
	7 # 34
	8 # 44
	9 # 4
	10 # 54
	11 # 27
	12 # 16
	13 # 48
	14 # 53
	15 # 14
Timestep 5:
	0 # 60
	1 # 36
	2 # 34
	3 # 62
	4 # 59
	5 # 6
	6 # 31
	7 # 2
	8 # 45
	9 # 20
	10 # 22
	11 # 27
	12 # 0
	13 # 52
	14 # 61
	15 # 46

