Solution makespan:5
Timestep 0:
	0 # 37
	1 # 49
	2 # 2
	3 # 47
	4 # 7
	5 # 18
	6 # 1
	7 # 32
	8 # 36
	9 # 10
	10 # 20
	11 # 43
	12 # 21
	13 # 33
	14 # 24
	15 # 44
	16 # 17
	17 # 40
	18 # 52
	19 # 27
	20 # 28
	21 # 11
	22 # 19
	23 # 58
Timestep 1:
	0 # 39
	1 # 33
	2 # 0
	3 # 63
	4 # 3
	5 # 16
	6 # 9
	7 # 36
	8 # 38
	9 # 2
	10 # 20
	11 # 42
	12 # 29
	13 # 41
	14 # 56
	15 # 45
	16 # 19
	17 # 40
	18 # 52
	19 # 31
	20 # 12
	21 # 43
	22 # 18
	23 # 62
Timestep 2:
	0 # 47
	1 # 35
	2 # 32
	3 # 62
	4 # 7
	5 # 17
	6 # 13
	7 # 4
	8 # 46
	9 # 6
	10 # 52
	11 # 10
	12 # 61
	13 # 33
	14 # 48
	15 # 41
	16 # 23
	17 # 44
	18 # 53
	19 # 15
	20 # 12
	21 # 43
	22 # 16
	23 # 30
Timestep 3:
	0 # 15
	1 # 3
	2 # 40
	3 # 54
	4 # 7
	5 # 1
	6 # 13
	7 # 20
	8 # 46
	9 # 4
	10 # 53
	11 # 8
	12 # 45
	13 # 32
	14 # 16
	15 # 41
	16 # 22
	17 # 60
	18 # 21
	19 # 11
	20 # 14
	21 # 35
	22 # 0
	23 # 28
Timestep 4:
	0 # 31
	1 # 19
	2 # 42
	3 # 38
	4 # 23
	5 # 1
	6 # 5
	7 # 22
	8 # 14
	9 # 36
	10 # 55
	11 # 9
	12 # 41
	13 # 32
	14 # 18
	15 # 43
	16 # 6
	17 # 56
	18 # 29
	19 # 27
	20 # 12
	21 # 39
	22 # 8
	23 # 24
Timestep 5:
	0 # 29
	1 # 17
	2 # 43
	3 # 39
	4 # 22
	5 # 3
	6 # 21
	7 # 30
	8 # 6
	9 # 52
	10 # 53
	11 # 25
	12 # 41
	13 # 33
	14 # 2
	15 # 35
	16 # 4
	17 # 57
	18 # 61
	19 # 19
	20 # 13
	21 # 37
	22 # 10
	23 # 16

