Solution makespan:6
Timestep 0:
	0 # 57
	1 # 62
	2 # 33
	3 # 11
	4 # 37
	5 # 32
	6 # 1
	7 # 3
	8 # 28
	9 # 38
	10 # 47
	11 # 61
	12 # 29
	13 # 21
	14 # 35
	15 # 44
	16 # 7
	17 # 23
	18 # 58
	19 # 31
Timestep 1:
	0 # 59
	1 # 63
	2 # 41
	3 # 3
	4 # 37
	5 # 48
	6 # 9
	7 # 19
	8 # 20
	9 # 46
	10 # 47
	11 # 29
	12 # 21
	13 # 53
	14 # 34
	15 # 44
	16 # 6
	17 # 22
	18 # 56
	19 # 31
Timestep 2:
	0 # 43
	1 # 63
	2 # 33
	3 # 19
	4 # 5
	5 # 16
	6 # 25
	7 # 23
	8 # 22
	9 # 14
	10 # 45
	11 # 31
	12 # 21
	13 # 55
	14 # 50
	15 # 12
	16 # 4
	17 # 18
	18 # 24
	19 # 30
Timestep 3:
	0 # 11
	1 # 59
	2 # 41
	3 # 19
	4 # 21
	5 # 20
	6 # 25
	7 # 22
	8 # 6
	9 # 10
	10 # 37
	11 # 15
	12 # 53
	13 # 23
	14 # 18
	15 # 13
	16 # 12
	17 # 16
	18 # 8
	19 # 14
Timestep 4:
	0 # 10
	1 # 58
	2 # 43
	3 # 51
	4 # 23
	5 # 20
	6 # 25
	7 # 18
	8 # 7
	9 # 2
	10 # 33
	11 # 15
	12 # 52
	13 # 22
	14 # 16
	15 # 45
	16 # 8
	17 # 17
	18 # 9
	19 # 46
Timestep 5:
	0 # 8
	1 # 26
	2 # 42
	3 # 51
	4 # 55
	5 # 22
	6 # 25
	7 # 50
	8 # 3
	9 # 2
	10 # 49
	11 # 7
	12 # 48
	13 # 6
	14 # 0
	15 # 45
	16 # 24
	17 # 21
	18 # 1
	19 # 47
Timestep 6:
	0 # 9
	1 # 26
	2 # 58
	3 # 51
	4 # 39
	5 # 18
	6 # 27
	7 # 34
	8 # 35
	9 # 10
	10 # 49
	11 # 5
	12 # 50
	13 # 6
	14 # 0
	15 # 13
	16 # 24
	17 # 23
	18 # 1
	19 # 15

