Solution makespan:5
Timestep 0:
	0 # 0
	1 # 53
	2 # 26
	3 # 5
	4 # 63
	5 # 22
	6 # 7
	7 # 54
	8 # 28
	9 # 20
	10 # 4
	11 # 48
	12 # 57
	13 # 25
	14 # 2
	15 # 9
	16 # 43
	17 # 11
	18 # 38
	19 # 46
	20 # 30
	21 # 35
	22 # 33
	23 # 24
	24 # 56
	25 # 29
	26 # 14
	27 # 16
	28 # 1
	29 # 58
	30 # 3
	31 # 17
Timestep 1:
	0 # 4
	1 # 61
	2 # 27
	3 # 37
	4 # 31
	5 # 54
	6 # 3
	7 # 55
	8 # 30
	9 # 52
	10 # 12
	11 # 49
	12 # 59
	13 # 17
	14 # 18
	15 # 9
	16 # 47
	17 # 43
	18 # 34
	19 # 62
	20 # 26
	21 # 39
	22 # 33
	23 # 25
	24 # 56
	25 # 13
	26 # 6
	27 # 48
	28 # 5
	29 # 58
	30 # 19
	31 # 21
Timestep 2:
	0 # 36
	1 # 63
	2 # 27
	3 # 5
	4 # 29
	5 # 54
	6 # 35
	7 # 39
	8 # 30
	9 # 48
	10 # 28
	11 # 53
	12 # 59
	13 # 17
	14 # 16
	15 # 11
	16 # 46
	17 # 41
	18 # 50
	19 # 60
	20 # 24
	21 # 37
	22 # 49
	23 # 9
	24 # 58
	25 # 12
	26 # 7
	27 # 32
	28 # 4
	29 # 42
	30 # 19
	31 # 20
Timestep 3:
	0 # 38
	1 # 59
	2 # 31
	3 # 7
	4 # 21
	5 # 54
	6 # 35
	7 # 37
	8 # 62
	9 # 32
	10 # 60
	11 # 53
	12 # 43
	13 # 25
	14 # 20
	15 # 11
	16 # 46
	17 # 40
	18 # 48
	19 # 52
	20 # 56
	21 # 36
	22 # 57
	23 # 8
	24 # 58
	25 # 14
	26 # 23
	27 # 33
	28 # 6
	29 # 10
	30 # 27
	31 # 4
Timestep 4:
	0 # 38
	1 # 58
	2 # 23
	3 # 7
	4 # 17
	5 # 22
	6 # 3
	7 # 5
	8 # 54
	9 # 0
	10 # 44
	11 # 55
	12 # 43
	13 # 25
	14 # 4
	15 # 15
	16 # 14
	17 # 40
	18 # 16
	19 # 53
	20 # 56
	21 # 36
	22 # 57
	23 # 24
	24 # 42
	25 # 10
	26 # 19
	27 # 41
	28 # 6
	29 # 2
	30 # 11
	31 # 12
Timestep 5:
	0 # 46
	1 # 50
	2 # 31
	3 # 39
	4 # 16
	5 # 30
	6 # 35
	7 # 1
	8 # 62
	9 # 32
	10 # 36
	11 # 55
	12 # 42
	13 # 27
	14 # 4
	15 # 13
	16 # 12
	17 # 44
	18 # 20
	19 # 49
	20 # 48
	21 # 52
	22 # 61
	23 # 56
	24 # 34
	25 # 14
	26 # 51
	27 # 43
	28 # 7
	29 # 2
	30 # 9
	31 # 8

