Fine solution
Length:75
1 # 85 ---> 99 (0)
2 # 105 ---> 90 (0)
3 # 104 ---> 119 (0)
4 # 84 ---> 98 (0)
5 # 61 ---> 62 (0)
6 # 121 ---> 106 (0)
7 # 27 ---> 26 (0)
8 # 152 ---> 138 (0)
1 # 99 ---> 114 (1)
2 # 90 ---> 75 (1)
3 # 119 ---> 120 (1)
5 # 62 ---> 63 (1)
6 # 106 ---> 105 (1)
7 # 26 ---> 25 (1)
8 # 138 ---> 123 (1)
1 # 114 ---> 129 (2)
2 # 75 ---> 61 (2)
3 # 120 ---> 121 (2)
4 # 98 ---> 99 (2)
6 # 105 ---> 104 (2)
7 # 25 ---> 39 (2)
8 # 123 ---> 108 (2)
1 # 129 ---> 130 (3)
2 # 61 ---> 60 (3)
3 # 121 ---> 122 (3)
4 # 99 ---> 100 (3)
6 # 104 ---> 103 (3)
7 # 39 ---> 52 (3)
8 # 108 ---> 107 (3)
1 # 130 ---> 145 (4)
2 # 60 ---> 59 (4)
3 # 122 ---> 123 (4)
4 # 100 ---> 115 (4)
6 # 103 ---> 102 (4)
7 # 52 ---> 66 (4)
8 # 107 ---> 106 (4)
1 # 145 ---> 160 (5)
3 # 123 ---> 108 (5)
4 # 115 ---> 116 (5)
6 # 102 ---> 101 (5)
7 # 66 ---> 80 (5)
8 # 106 ---> 105 (5)
1 # 160 ---> 174 (6)
3 # 108 ---> 109 (6)
4 # 116 ---> 117 (6)
6 # 101 ---> 100 (6)
7 # 80 ---> 94 (6)
8 # 105 ---> 104 (6)
1 # 174 ---> 175 (7)
3 # 109 ---> 93 (7)
4 # 117 ---> 118 (7)
6 # 100 ---> 99 (7)
7 # 94 ---> 110 (7)
8 # 104 ---> 103 (7)
1 # 175 ---> 176 (8)
3 # 93 ---> 109 (8)
4 # 118 ---> 119 (8)
7 # 110 ---> 125 (8)
8 # 103 ---> 102 (8)
1 # 176 ---> 177 (9)
3 # 109 ---> 110 (9)
4 # 119 ---> 104 (9)
7 # 125 ---> 140 (9)
8 # 102 ---> 101 (9)
1 # 177 ---> 178 (10)
4 # 104 ---> 105 (10)
7 # 140 ---> 154 (10)
1 # 178 ---> 179 (11)
7 # 154 ---> 168 (11)
1 # 179 ---> 180 (12)
7 # 168 ---> 184 (12)
1 # 180 ---> 181 (13)
7 # 184 ---> 198 (13)
1 # 181 ---> 182 (14)
7 # 198 ---> 213 (14)
