Fine solution
Length:64
1 # 179 ---> 164 (0)
2 # 170 ---> 185 (0)
3 # 87 ---> 100 (0)
4 # 21 ---> 34 (0)
5 # 70 ---> 84 (0)
6 # 5 ---> 6 (0)
7 # 132 ---> 116 (0)
8 # 134 ---> 146 (0)
1 # 164 ---> 149 (1)
3 # 100 ---> 99 (1)
4 # 34 ---> 47 (1)
5 # 84 ---> 85 (1)
6 # 6 ---> 20 (1)
7 # 116 ---> 115 (1)
8 # 146 ---> 161 (1)
1 # 149 ---> 137 (2)
3 # 99 ---> 114 (2)
4 # 47 ---> 62 (2)
5 # 85 ---> 86 (2)
6 # 20 ---> 33 (2)
7 # 115 ---> 100 (2)
8 # 161 ---> 160 (2)
1 # 137 ---> 121 (3)
3 # 114 ---> 130 (3)
4 # 62 ---> 73 (3)
6 # 33 ---> 32 (3)
7 # 100 ---> 99 (3)
8 # 160 ---> 176 (3)
1 # 121 ---> 122 (4)
3 # 130 ---> 143 (4)
4 # 73 ---> 87 (4)
6 # 32 ---> 45 (4)
7 # 99 ---> 98 (4)
8 # 176 ---> 190 (4)
1 # 122 ---> 123 (5)
3 # 143 ---> 157 (5)
4 # 87 ---> 100 (5)
6 # 45 ---> 60 (5)
7 # 98 ---> 97 (5)
8 # 190 ---> 204 (5)
3 # 157 ---> 173 (6)
4 # 100 ---> 99 (6)
6 # 60 ---> 71 (6)
8 # 204 ---> 218 (6)
3 # 173 ---> 174 (7)
4 # 99 ---> 114 (7)
6 # 71 ---> 85 (7)
8 # 218 ---> 217 (7)
4 # 114 ---> 130 (8)
6 # 85 ---> 98 (8)
8 # 217 ---> 216 (8)
4 # 130 ---> 129 (9)
6 # 98 ---> 113 (9)
8 # 216 ---> 215 (9)
4 # 129 ---> 142 (10)
8 # 215 ---> 214 (10)
4 # 142 ---> 156 (11)
8 # 214 ---> 213 (11)
4 # 156 ---> 155 (12)
8 # 213 ---> 212 (12)
4 # 155 ---> 171 (13)
4 # 171 ---> 186 (14)
4 # 186 ---> 200 (15)
4 # 200 ---> 199 (16)
