Fine solution
Length:43
1 # 182 ---> 169 (0)
2 # 136 ---> 121 (0)
3 # 141 ---> 126 (0)
4 # 95 ---> 83 (0)
1 # 169 ---> 154 (1)
2 # 121 ---> 106 (1)
3 # 126 ---> 111 (1)
4 # 83 ---> 68 (1)
1 # 154 ---> 140 (2)
2 # 106 ---> 91 (2)
3 # 111 ---> 96 (2)
4 # 68 ---> 53 (2)
1 # 140 ---> 125 (3)
2 # 91 ---> 78 (3)
3 # 96 ---> 97 (3)
4 # 53 ---> 54 (3)
1 # 125 ---> 110 (4)
2 # 78 ---> 77 (4)
3 # 97 ---> 98 (4)
4 # 54 ---> 41 (4)
1 # 110 ---> 95 (5)
2 # 77 ---> 76 (5)
3 # 98 ---> 99 (5)
4 # 41 ---> 29 (5)
1 # 95 ---> 83 (6)
2 # 76 ---> 75 (6)
3 # 99 ---> 100 (6)
1 # 83 ---> 68 (7)
2 # 75 ---> 74 (7)
3 # 100 ---> 86 (7)
1 # 68 ---> 69 (8)
2 # 74 ---> 60 (8)
3 # 86 ---> 87 (8)
1 # 69 ---> 70 (9)
2 # 60 ---> 59 (9)
3 # 87 ---> 73 (9)
1 # 70 ---> 71 (10)
3 # 73 ---> 74 (10)
2 # 59 ---> 73 (11)
3 # 74 ---> 75 (11)
3 # 75 ---> 76 (12)
3 # 76 ---> 61 (13)
3 # 61 ---> 47 (14)
