Fine solution
Length:701
1 # 825 ---> 794 (0)
2 # 674 ---> 643 (0)
3 # 142 ---> 141 (0)
4 # 660 ---> 630 (0)
5 # 607 ---> 576 (0)
6 # 616 ---> 615 (0)
7 # 416 ---> 389 (0)
8 # 860 ---> 831 (0)
9 # 61 ---> 90 (0)
10 # 250 ---> 249 (0)
11 # 98 ---> 128 (0)
12 # 695 ---> 665 (0)
13 # 835 ---> 806 (0)
14 # 767 ---> 736 (0)
15 # 766 ---> 735 (0)
16 # 132 ---> 102 (0)
17 # 858 ---> 829 (0)
18 # 708 ---> 679 (0)
19 # 268 ---> 267 (0)
20 # 743 ---> 742 (0)
21 # 414 ---> 387 (0)
22 # 534 ---> 533 (0)
24 # 349 ---> 378 (0)
25 # 289 ---> 290 (0)
26 # 556 ---> 585 (0)
27 # 162 ---> 161 (0)
28 # 195 ---> 166 (0)
29 # 3 ---> 33 (0)
30 # 833 ---> 803 (0)
31 # 123 ---> 152 (0)
32 # 293 ---> 292 (0)
1 # 794 ---> 767 (1)
2 # 643 ---> 644 (1)
3 # 141 ---> 140 (1)
4 # 630 ---> 601 (1)
5 # 576 ---> 546 (1)
6 # 615 ---> 614 (1)
7 # 389 ---> 359 (1)
8 # 831 ---> 801 (1)
9 # 90 ---> 120 (1)
10 # 249 ---> 248 (1)
11 # 128 ---> 129 (1)
12 # 665 ---> 634 (1)
13 # 806 ---> 777 (1)
14 # 736 ---> 706 (1)
15 # 735 ---> 705 (1)
16 # 102 ---> 101 (1)
17 # 829 ---> 799 (1)
18 # 679 ---> 649 (1)
19 # 267 ---> 266 (1)
20 # 742 ---> 713 (1)
21 # 387 ---> 357 (1)
22 # 533 ---> 563 (1)
23 # 269 ---> 268 (1)
24 # 378 ---> 406 (1)
25 # 290 ---> 262 (1)
26 # 585 ---> 586 (1)
27 # 161 ---> 160 (1)
28 # 166 ---> 137 (1)
29 # 33 ---> 58 (1)
30 # 803 ---> 774 (1)
31 # 152 ---> 182 (1)
32 # 292 ---> 291 (1)
1 # 767 ---> 736 (2)
2 # 644 ---> 615 (2)
3 # 140 ---> 139 (2)
4 # 601 ---> 600 (2)
5 # 546 ---> 520 (2)
6 # 614 ---> 613 (2)
7 # 359 ---> 332 (2)
8 # 801 ---> 800 (2)
9 # 120 ---> 150 (2)
10 # 248 ---> 247 (2)
11 # 129 ---> 130 (2)
12 # 634 ---> 606 (2)
13 # 777 ---> 747 (2)
14 # 706 ---> 677 (2)
15 # 705 ---> 704 (2)
16 # 101 ---> 100 (2)
17 # 799 ---> 798 (2)
18 # 649 ---> 619 (2)
19 # 266 ---> 265 (2)
20 # 713 ---> 684 (2)
21 # 357 ---> 330 (2)
22 # 563 ---> 593 (2)
23 # 268 ---> 267 (2)
24 # 406 ---> 430 (2)
25 # 262 ---> 234 (2)
26 # 586 ---> 587 (2)
27 # 160 ---> 159 (2)
28 # 137 ---> 107 (2)
29 # 58 ---> 88 (2)
30 # 774 ---> 744 (2)
31 # 182 ---> 211 (2)
32 # 291 ---> 290 (2)
1 # 736 ---> 706 (3)
2 # 615 ---> 584 (3)
3 # 139 ---> 138 (3)
4 # 600 ---> 599 (3)
5 # 520 ---> 490 (3)
6 # 613 ---> 612 (3)
7 # 332 ---> 304 (3)
8 # 800 ---> 799 (3)
9 # 150 ---> 179 (3)
10 # 247 ---> 246 (3)
11 # 130 ---> 131 (3)
12 # 606 ---> 607 (3)
13 # 747 ---> 718 (3)
14 # 677 ---> 647 (3)
15 # 704 ---> 676 (3)
16 # 100 ---> 99 (3)
17 # 798 ---> 770 (3)
18 # 619 ---> 618 (3)
19 # 265 ---> 295 (3)
20 # 684 ---> 653 (3)
21 # 330 ---> 329 (3)
22 # 593 ---> 592 (3)
23 # 267 ---> 297 (3)
24 # 430 ---> 458 (3)
25 # 234 ---> 205 (3)
26 # 587 ---> 588 (3)
27 # 159 ---> 158 (3)
28 # 107 ---> 106 (3)
29 # 88 ---> 117 (3)
30 # 744 ---> 715 (3)
31 # 211 ---> 238 (3)
32 # 290 ---> 289 (3)
1 # 706 ---> 677 (4)
2 # 584 ---> 555 (4)
3 # 138 ---> 137 (4)
4 # 599 ---> 598 (4)
5 # 490 ---> 460 (4)
6 # 612 ---> 611 (4)
7 # 304 ---> 277 (4)
8 # 799 ---> 798 (4)
9 # 179 ---> 208 (4)
10 # 246 ---> 218 (4)
11 # 131 ---> 132 (4)
12 # 607 ---> 576 (4)
13 # 718 ---> 689 (4)
14 # 647 ---> 646 (4)
15 # 676 ---> 645 (4)
16 # 99 ---> 98 (4)
17 # 770 ---> 739 (4)
18 # 618 ---> 617 (4)
19 # 295 ---> 321 (4)
20 # 653 ---> 623 (4)
21 # 329 ---> 302 (4)
22 # 592 ---> 621 (4)
23 # 297 ---> 322 (4)
24 # 458 ---> 488 (4)
25 # 205 ---> 206 (4)
26 # 588 ---> 589 (4)
27 # 158 ---> 157 (4)
28 # 106 ---> 105 (4)
29 # 117 ---> 147 (4)
30 # 715 ---> 716 (4)
31 # 238 ---> 266 (4)
32 # 289 ---> 316 (4)
1 # 677 ---> 647 (5)
2 # 555 ---> 526 (5)
3 # 137 ---> 136 (5)
4 # 598 ---> 597 (5)
5 # 460 ---> 431 (5)
6 # 611 ---> 640 (5)
7 # 277 ---> 249 (5)
8 # 798 ---> 797 (5)
9 # 208 ---> 209 (5)
10 # 218 ---> 217 (5)
11 # 132 ---> 133 (5)
12 # 576 ---> 546 (5)
13 # 689 ---> 658 (5)
15 # 645 ---> 616 (5)
16 # 98 ---> 97 (5)
17 # 739 ---> 710 (5)
18 # 617 ---> 587 (5)
19 # 321 ---> 349 (5)
20 # 623 ---> 594 (5)
21 # 302 ---> 274 (5)
22 # 621 ---> 652 (5)
23 # 322 ---> 351 (5)
24 # 488 ---> 518 (5)
25 # 206 ---> 177 (5)
26 # 589 ---> 590 (5)
27 # 157 ---> 187 (5)
28 # 105 ---> 104 (5)
29 # 147 ---> 176 (5)
30 # 716 ---> 717 (5)
31 # 266 ---> 296 (5)
32 # 316 ---> 343 (5)
1 # 647 ---> 617 (6)
2 # 526 ---> 499 (6)
3 # 136 ---> 165 (6)
4 # 597 ---> 596 (6)
5 # 431 ---> 408 (6)
6 # 640 ---> 639 (6)
7 # 249 ---> 220 (6)
8 # 797 ---> 796 (6)
9 # 209 ---> 236 (6)
10 # 217 ---> 216 (6)
11 # 133 ---> 134 (6)
12 # 546 ---> 520 (6)
13 # 658 ---> 628 (6)
14 # 646 ---> 645 (6)
15 # 616 ---> 585 (6)
16 # 97 ---> 96 (6)
17 # 710 ---> 681 (6)
18 # 587 ---> 558 (6)
19 # 349 ---> 378 (6)
20 # 594 ---> 593 (6)
21 # 274 ---> 246 (6)
22 # 652 ---> 682 (6)
23 # 351 ---> 350 (6)
24 # 518 ---> 544 (6)
25 # 177 ---> 178 (6)
26 # 590 ---> 591 (6)
27 # 187 ---> 215 (6)
28 # 104 ---> 103 (6)
29 # 176 ---> 205 (6)
30 # 717 ---> 718 (6)
31 # 296 ---> 297 (6)
32 # 343 ---> 372 (6)
1 # 617 ---> 618 (7)
2 # 499 ---> 469 (7)
3 # 165 ---> 194 (7)
5 # 408 ---> 380 (7)
6 # 639 ---> 638 (7)
7 # 220 ---> 192 (7)
8 # 796 ---> 769 (7)
9 # 236 ---> 237 (7)
10 # 216 ---> 244 (7)
11 # 134 ---> 135 (7)
12 # 520 ---> 490 (7)
13 # 628 ---> 599 (7)
14 # 645 ---> 644 (7)
15 # 585 ---> 556 (7)
16 # 96 ---> 95 (7)
17 # 681 ---> 651 (7)
18 # 558 ---> 529 (7)
19 # 378 ---> 406 (7)
20 # 593 ---> 563 (7)
22 # 682 ---> 711 (7)
23 # 350 ---> 349 (7)
24 # 544 ---> 545 (7)
25 # 178 ---> 179 (7)
26 # 591 ---> 592 (7)
27 # 215 ---> 243 (7)
28 # 103 ---> 74 (7)
29 # 205 ---> 234 (7)
30 # 718 ---> 719 (7)
31 # 297 ---> 322 (7)
32 # 372 ---> 401 (7)
2 # 469 ---> 439 (8)
3 # 194 ---> 193 (8)
5 # 380 ---> 381 (8)
6 # 638 ---> 637 (8)
7 # 192 ---> 163 (8)
8 # 769 ---> 768 (8)
9 # 237 ---> 265 (8)
11 # 135 ---> 136 (8)
12 # 490 ---> 460 (8)
13 # 599 ---> 569 (8)
14 # 644 ---> 643 (8)
15 # 556 ---> 527 (8)
16 # 95 ---> 94 (8)
17 # 651 ---> 650 (8)
18 # 529 ---> 502 (8)
19 # 406 ---> 430 (8)
20 # 563 ---> 533 (8)
22 # 711 ---> 710 (8)
23 # 349 ---> 348 (8)
24 # 545 ---> 546 (8)
25 # 179 ---> 180 (8)
26 # 592 ---> 593 (8)
27 # 243 ---> 271 (8)
28 # 74 ---> 73 (8)
29 # 234 ---> 262 (8)
31 # 322 ---> 351 (8)
32 # 401 ---> 426 (8)
1 # 618 ---> 588 (9)
2 # 439 ---> 415 (9)
3 # 193 ---> 222 (9)
5 # 381 ---> 352 (9)
6 # 637 ---> 636 (9)
7 # 163 ---> 133 (9)
8 # 768 ---> 767 (9)
9 # 265 ---> 266 (9)
10 # 244 ---> 243 (9)
11 # 136 ---> 165 (9)
12 # 460 ---> 431 (9)
13 # 569 ---> 539 (9)
14 # 643 ---> 642 (9)
15 # 527 ---> 500 (9)
16 # 94 ---> 66 (9)
17 # 650 ---> 620 (9)
18 # 502 ---> 472 (9)
19 # 430 ---> 458 (9)
20 # 533 ---> 508 (9)
22 # 710 ---> 709 (9)
23 # 348 ---> 347 (9)
24 # 546 ---> 576 (9)
25 # 180 ---> 181 (9)
26 # 593 ---> 594 (9)
27 # 271 ---> 299 (9)
28 # 73 ---> 72 (9)
29 # 262 ---> 290 (9)
31 # 351 ---> 380 (9)
32 # 426 ---> 452 (9)
1 # 588 ---> 559 (10)
2 # 415 ---> 388 (10)
3 # 222 ---> 221 (10)
5 # 352 ---> 323 (10)
6 # 636 ---> 635 (10)
7 # 133 ---> 103 (10)
8 # 767 ---> 766 (10)
9 # 266 ---> 267 (10)
10 # 243 ---> 242 (10)
11 # 165 ---> 194 (10)
12 # 431 ---> 432 (10)
13 # 539 ---> 540 (10)
14 # 642 ---> 641 (10)
15 # 500 ---> 470 (10)
16 # 66 ---> 39 (10)
17 # 620 ---> 590 (10)
18 # 472 ---> 471 (10)
19 # 458 ---> 488 (10)
20 # 508 ---> 507 (10)
22 # 709 ---> 708 (10)
23 # 347 ---> 376 (10)
24 # 576 ---> 577 (10)
25 # 181 ---> 182 (10)
26 # 594 ---> 595 (10)
27 # 299 ---> 326 (10)
28 # 72 ---> 71 (10)
29 # 290 ---> 317 (10)
31 # 380 ---> 408 (10)
32 # 452 ---> 482 (10)
1 # 559 ---> 530 (11)
2 # 388 ---> 358 (11)
3 # 221 ---> 220 (11)
5 # 323 ---> 324 (11)
6 # 635 ---> 634 (11)
8 # 766 ---> 765 (11)
9 # 267 ---> 268 (11)
10 # 242 ---> 241 (11)
11 # 194 ---> 195 (11)
12 # 432 ---> 409 (11)
13 # 540 ---> 513 (11)
14 # 641 ---> 640 (11)
15 # 470 ---> 469 (11)
16 # 39 ---> 38 (11)
17 # 590 ---> 589 (11)
19 # 488 ---> 518 (11)
20 # 507 ---> 506 (11)
22 # 708 ---> 707 (11)
23 # 376 ---> 404 (11)
24 # 577 ---> 578 (11)
25 # 182 ---> 183 (11)
27 # 326 ---> 353 (11)
28 # 71 ---> 70 (11)
29 # 317 ---> 344 (11)
31 # 408 ---> 431 (11)
32 # 482 ---> 512 (11)
1 # 530 ---> 503 (12)
2 # 358 ---> 359 (12)
3 # 220 ---> 249 (12)
5 # 324 ---> 325 (12)
6 # 634 ---> 633 (12)
8 # 765 ---> 764 (12)
10 # 241 ---> 240 (12)
11 # 195 ---> 223 (12)
12 # 409 ---> 381 (12)
13 # 513 ---> 483 (12)
14 # 640 ---> 639 (12)
15 # 469 ---> 468 (12)
16 # 38 ---> 37 (12)
17 # 589 ---> 588 (12)
18 # 471 ---> 470 (12)
19 # 518 ---> 544 (12)
20 # 506 ---> 505 (12)
22 # 707 ---> 706 (12)
23 # 404 ---> 428 (12)
25 # 183 ---> 184 (12)
27 # 353 ---> 383 (12)
28 # 70 ---> 69 (12)
29 # 344 ---> 373 (12)
31 # 431 ---> 460 (12)
32 # 512 ---> 539 (12)
1 # 503 ---> 502 (13)
2 # 359 ---> 360 (13)
3 # 249 ---> 248 (13)
5 # 325 ---> 298 (13)
6 # 633 ---> 664 (13)
8 # 764 ---> 763 (13)
10 # 240 ---> 213 (13)
11 # 223 ---> 253 (13)
12 # 381 ---> 352 (13)
13 # 483 ---> 484 (13)
14 # 639 ---> 638 (13)
15 # 468 ---> 467 (13)
17 # 588 ---> 559 (13)
18 # 470 ---> 440 (13)
19 # 544 ---> 575 (13)
20 # 505 ---> 504 (13)
22 # 706 ---> 705 (13)
23 # 428 ---> 456 (13)
25 # 184 ---> 185 (13)
27 # 383 ---> 382 (13)
28 # 69 ---> 68 (13)
29 # 373 ---> 374 (13)
31 # 460 ---> 490 (13)
32 # 539 ---> 569 (13)
1 # 502 ---> 472 (14)
2 # 360 ---> 361 (14)
3 # 248 ---> 247 (14)
5 # 298 ---> 270 (14)
6 # 664 ---> 663 (14)
8 # 763 ---> 762 (14)
10 # 213 ---> 212 (14)
11 # 253 ---> 254 (14)
12 # 352 ---> 323 (14)
13 # 484 ---> 485 (14)
14 # 638 ---> 637 (14)
15 # 467 ---> 438 (14)
17 # 559 ---> 530 (14)
18 # 440 ---> 416 (14)
19 # 575 ---> 605 (14)
20 # 504 ---> 531 (14)
22 # 705 ---> 704 (14)
23 # 456 ---> 486 (14)
25 # 185 ---> 186 (14)
27 # 382 ---> 410 (14)
29 # 374 ---> 402 (14)
31 # 490 ---> 520 (14)
32 # 569 ---> 599 (14)
1 # 472 ---> 471 (15)
2 # 361 ---> 333 (15)
3 # 247 ---> 275 (15)
5 # 270 ---> 271 (15)
6 # 663 ---> 662 (15)
8 # 762 ---> 761 (15)
10 # 212 ---> 211 (15)
11 # 254 ---> 280 (15)
12 # 323 ---> 324 (15)
13 # 485 ---> 455 (15)
14 # 637 ---> 636 (15)
15 # 438 ---> 437 (15)
17 # 530 ---> 503 (15)
18 # 416 ---> 389 (15)
22 # 704 ---> 703 (15)
23 # 486 ---> 516 (15)
25 # 186 ---> 187 (15)
27 # 410 ---> 434 (15)
29 # 402 ---> 403 (15)
31 # 520 ---> 546 (15)
32 # 599 ---> 628 (15)
1 # 471 ---> 470 (16)
2 # 333 ---> 305 (16)
3 # 275 ---> 274 (16)
5 # 271 ---> 272 (16)
6 # 662 ---> 661 (16)
8 # 761 ---> 760 (16)
10 # 211 ---> 210 (16)
11 # 280 ---> 308 (16)
12 # 324 ---> 325 (16)
13 # 455 ---> 456 (16)
14 # 636 ---> 635 (16)
15 # 437 ---> 436 (16)
17 # 503 ---> 502 (16)
18 # 389 ---> 359 (16)
22 # 703 ---> 702 (16)
23 # 516 ---> 515 (16)
25 # 187 ---> 188 (16)
27 # 434 ---> 433 (16)
29 # 403 ---> 427 (16)
31 # 546 ---> 576 (16)
32 # 628 ---> 658 (16)
1 # 470 ---> 440 (17)
2 # 305 ---> 306 (17)
3 # 274 ---> 302 (17)
5 # 272 ---> 273 (17)
6 # 661 ---> 660 (17)
8 # 760 ---> 759 (17)
10 # 210 ---> 209 (17)
11 # 308 ---> 336 (17)
12 # 325 ---> 298 (17)
13 # 456 ---> 457 (17)
14 # 635 ---> 634 (17)
15 # 436 ---> 412 (17)
17 # 502 ---> 472 (17)
18 # 359 ---> 332 (17)
22 # 702 ---> 701 (17)
23 # 515 ---> 514 (17)
25 # 188 ---> 189 (17)
27 # 433 ---> 462 (17)
29 # 427 ---> 455 (17)
31 # 576 ---> 607 (17)
2 # 306 ---> 279 (18)
3 # 302 ---> 301 (18)
6 # 660 ---> 659 (18)
8 # 759 ---> 730 (18)
10 # 209 ---> 208 (18)
11 # 336 ---> 337 (18)
12 # 298 ---> 299 (18)
13 # 457 ---> 458 (18)
15 # 412 ---> 411 (18)
17 # 472 ---> 471 (18)
18 # 332 ---> 304 (18)
22 # 701 ---> 700 (18)
23 # 514 ---> 513 (18)
25 # 189 ---> 190 (18)
27 # 462 ---> 492 (18)
29 # 455 ---> 485 (18)
31 # 607 ---> 635 (18)
2 # 279 ---> 252 (19)
3 # 301 ---> 328 (19)
6 # 659 ---> 690 (19)
8 # 730 ---> 729 (19)
11 # 337 ---> 338 (19)
12 # 299 ---> 300 (19)
13 # 458 ---> 459 (19)
17 # 471 ---> 470 (19)
18 # 304 ---> 277 (19)
22 # 700 ---> 731 (19)
29 # 485 ---> 515 (19)
31 # 635 ---> 666 (19)
2 # 252 ---> 253 (20)
3 # 328 ---> 327 (20)
6 # 690 ---> 689 (20)
8 # 729 ---> 728 (20)
11 # 338 ---> 365 (20)
12 # 300 ---> 301 (20)
13 # 459 ---> 460 (20)
17 # 470 ---> 469 (20)
18 # 277 ---> 249 (20)
22 # 731 ---> 761 (20)
29 # 515 ---> 542 (20)
31 # 666 ---> 667 (20)
2 # 253 ---> 223 (21)
3 # 327 ---> 326 (21)
6 # 689 ---> 718 (21)
8 # 728 ---> 727 (21)
11 # 365 ---> 395 (21)
12 # 301 ---> 302 (21)
13 # 460 ---> 431 (21)
17 # 469 ---> 439 (21)
18 # 249 ---> 220 (21)
22 # 761 ---> 760 (21)
29 # 542 ---> 572 (21)
31 # 667 ---> 668 (21)
2 # 223 ---> 195 (22)
3 # 326 ---> 325 (22)
6 # 718 ---> 747 (22)
8 # 727 ---> 697 (22)
11 # 395 ---> 396 (22)
13 # 431 ---> 432 (22)
17 # 439 ---> 415 (22)
18 # 220 ---> 192 (22)
22 # 760 ---> 759 (22)
29 # 572 ---> 602 (22)
31 # 668 ---> 669 (22)
2 # 195 ---> 196 (23)
3 # 325 ---> 324 (23)
6 # 747 ---> 777 (23)
8 # 697 ---> 696 (23)
11 # 396 ---> 421 (23)
13 # 432 ---> 433 (23)
17 # 415 ---> 388 (23)
18 # 192 ---> 163 (23)
22 # 759 ---> 758 (23)
29 # 602 ---> 631 (23)
31 # 669 ---> 670 (23)
2 # 196 ---> 197 (24)
3 # 324 ---> 323 (24)
6 # 777 ---> 806 (24)
8 # 696 ---> 695 (24)
11 # 421 ---> 422 (24)
13 # 433 ---> 434 (24)
17 # 388 ---> 358 (24)
18 # 163 ---> 162 (24)
22 # 758 ---> 757 (24)
29 # 631 ---> 661 (24)
31 # 670 ---> 671 (24)
3 # 323 ---> 322 (25)
6 # 806 ---> 835 (25)
8 # 695 ---> 694 (25)
11 # 422 ---> 447 (25)
13 # 434 ---> 410 (25)
17 # 358 ---> 331 (25)
18 # 162 ---> 161 (25)
29 # 661 ---> 662 (25)
31 # 671 ---> 672 (25)
3 # 322 ---> 351 (26)
6 # 835 ---> 865 (26)
8 # 694 ---> 693 (26)
11 # 447 ---> 448 (26)
13 # 410 ---> 382 (26)
17 # 331 ---> 303 (26)
18 # 161 ---> 160 (26)
29 # 662 ---> 663 (26)
31 # 672 ---> 700 (26)
3 # 351 ---> 350 (27)
6 # 865 ---> 864 (27)
13 # 382 ---> 383 (27)
17 # 303 ---> 276 (27)
18 # 160 ---> 159 (27)
29 # 663 ---> 664 (27)
31 # 700 ---> 701 (27)
3 # 350 ---> 349 (28)
6 # 864 ---> 894 (28)
8 # 693 ---> 663 (28)
13 # 383 ---> 353 (28)
17 # 276 ---> 248 (28)
18 # 159 ---> 158 (28)
29 # 664 ---> 665 (28)
31 # 701 ---> 702 (28)
3 # 349 ---> 348 (29)
8 # 663 ---> 664 (29)
13 # 353 ---> 354 (29)
17 # 248 ---> 247 (29)
18 # 158 ---> 157 (29)
29 # 665 ---> 666 (29)
31 # 702 ---> 703 (29)
3 # 348 ---> 347 (30)
8 # 664 ---> 633 (30)
13 # 354 ---> 355 (30)
17 # 247 ---> 219 (30)
18 # 157 ---> 156 (30)
29 # 666 ---> 667 (30)
31 # 703 ---> 704 (30)
3 # 347 ---> 346 (31)
13 # 355 ---> 356 (31)
17 # 219 ---> 218 (31)
18 # 156 ---> 155 (31)
29 # 667 ---> 668 (31)
31 # 704 ---> 705 (31)
3 # 346 ---> 375 (32)
13 # 356 ---> 357 (32)
17 # 218 ---> 217 (32)
18 # 155 ---> 126 (32)
29 # 668 ---> 669 (32)
31 # 705 ---> 706 (32)
3 # 375 ---> 403 (33)
13 # 357 ---> 358 (33)
17 # 217 ---> 189 (33)
18 # 126 ---> 125 (33)
29 # 669 ---> 670 (33)
31 # 706 ---> 707 (33)
3 # 403 ---> 427 (34)
17 # 189 ---> 159 (34)
18 # 125 ---> 124 (34)
29 # 670 ---> 671 (34)
31 # 707 ---> 708 (34)
3 # 427 ---> 455 (35)
17 # 159 ---> 158 (35)
29 # 671 ---> 672 (35)
31 # 708 ---> 709 (35)
3 # 455 ---> 454 (36)
17 # 158 ---> 157 (36)
29 # 672 ---> 700 (36)
31 # 709 ---> 738 (36)
3 # 454 ---> 484 (37)
17 # 157 ---> 156 (37)
29 # 700 ---> 701 (37)
31 # 738 ---> 739 (37)
3 # 484 ---> 514 (38)
17 # 156 ---> 155 (38)
29 # 701 ---> 702 (38)
31 # 739 ---> 740 (38)
3 # 514 ---> 541 (39)
17 # 155 ---> 154 (39)
29 # 702 ---> 703 (39)
31 # 740 ---> 741 (39)
3 # 541 ---> 540 (40)
17 # 154 ---> 153 (40)
29 # 703 ---> 704 (40)
31 # 741 ---> 742 (40)
3 # 540 ---> 570 (41)
17 # 153 ---> 152 (41)
29 # 704 ---> 705 (41)
3 # 570 ---> 600 (42)
17 # 152 ---> 123 (42)
29 # 705 ---> 735 (42)
3 # 600 ---> 629 (43)
17 # 123 ---> 122 (43)
3 # 629 ---> 659 (44)
17 # 122 ---> 121 (44)
3 # 659 ---> 690 (45)
17 # 121 ---> 120 (45)
3 # 690 ---> 689 (46)
17 # 120 ---> 119 (46)
3 # 689 ---> 718 (47)
17 # 119 ---> 118 (47)
3 # 718 ---> 747 (48)
17 # 118 ---> 117 (48)
3 # 747 ---> 777 (49)
17 # 117 ---> 88 (49)
17 # 88 ---> 87 (50)
17 # 87 ---> 86 (51)
17 # 86 ---> 85 (52)
17 # 85 ---> 84 (53)
