Fine solution
Length:152
1 # 315 ---> 314 (0)
2 # 2820 ---> 2819 (0)
3 # 2935 ---> 2876 (0)
4 # 2414 ---> 2353 (0)
1 # 314 ---> 313 (1)
2 # 2819 ---> 2763 (1)
3 # 2876 ---> 2875 (1)
4 # 2353 ---> 2300 (1)
1 # 313 ---> 312 (2)
2 # 2763 ---> 2762 (2)
3 # 2875 ---> 2874 (2)
4 # 2300 ---> 2242 (2)
1 # 312 ---> 311 (3)
2 # 2762 ---> 2761 (3)
3 # 2874 ---> 2873 (3)
4 # 2242 ---> 2183 (3)
1 # 311 ---> 367 (4)
2 # 2761 ---> 2760 (4)
3 # 2873 ---> 2872 (4)
4 # 2183 ---> 2124 (4)
1 # 367 ---> 366 (5)
2 # 2760 ---> 2705 (5)
3 # 2872 ---> 2816 (5)
4 # 2124 ---> 2064 (5)
1 # 366 ---> 421 (6)
2 # 2705 ---> 2646 (6)
3 # 2816 ---> 2759 (6)
4 # 2064 ---> 2004 (6)
1 # 421 ---> 476 (7)
2 # 2646 ---> 2589 (7)
3 # 2759 ---> 2704 (7)
4 # 2004 ---> 1947 (7)
1 # 476 ---> 533 (8)
2 # 2589 ---> 2532 (8)
3 # 2704 ---> 2645 (8)
4 # 1947 ---> 1892 (8)
1 # 533 ---> 593 (9)
2 # 2532 ---> 2473 (9)
3 # 2645 ---> 2588 (9)
4 # 1892 ---> 1829 (9)
1 # 593 ---> 592 (10)
2 # 2473 ---> 2472 (10)
3 # 2588 ---> 2531 (10)
4 # 1829 ---> 1771 (10)
1 # 592 ---> 591 (11)
2 # 2472 ---> 2413 (11)
3 # 2531 ---> 2530 (11)
4 # 1771 ---> 1711 (11)
1 # 591 ---> 590 (12)
2 # 2413 ---> 2351 (12)
3 # 2530 ---> 2471 (12)
4 # 1711 ---> 1649 (12)
1 # 590 ---> 589 (13)
2 # 2351 ---> 2299 (13)
3 # 2471 ---> 2412 (13)
4 # 1649 ---> 1650 (13)
1 # 589 ---> 588 (14)
2 # 2299 ---> 2240 (14)
3 # 2412 ---> 2411 (14)
4 # 1650 ---> 1651 (14)
1 # 588 ---> 587 (15)
2 # 2240 ---> 2239 (15)
3 # 2411 ---> 2410 (15)
4 # 1651 ---> 1591 (15)
1 # 587 ---> 586 (16)
2 # 2239 ---> 2181 (16)
3 # 2410 ---> 2409 (16)
4 # 1591 ---> 1534 (16)
1 # 586 ---> 585 (17)
2 # 2181 ---> 2122 (17)
3 # 2409 ---> 2408 (17)
4 # 1534 ---> 1535 (17)
1 # 585 ---> 584 (18)
2 # 2122 ---> 2061 (18)
3 # 2408 ---> 2407 (18)
4 # 1535 ---> 1474 (18)
1 # 584 ---> 644 (19)
2 # 2061 ---> 2002 (19)
3 # 2407 ---> 2406 (19)
4 # 1474 ---> 1418 (19)
1 # 644 ---> 703 (20)
2 # 2002 ---> 1944 (20)
3 # 2406 ---> 2405 (20)
4 # 1418 ---> 1362 (20)
1 # 703 ---> 764 (21)
2 # 1944 ---> 1889 (21)
3 # 2405 ---> 2404 (21)
4 # 1362 ---> 1302 (21)
1 # 764 ---> 822 (22)
2 # 1889 ---> 1826 (22)
3 # 2404 ---> 2403 (22)
4 # 1302 ---> 1243 (22)
1 # 822 ---> 881 (23)
2 # 1826 ---> 1768 (23)
3 # 2403 ---> 2402 (23)
4 # 1243 ---> 1182 (23)
1 # 881 ---> 938 (24)
2 # 1768 ---> 1708 (24)
3 # 2402 ---> 2401 (24)
4 # 1182 ---> 1125 (24)
1 # 938 ---> 994 (25)
2 # 1708 ---> 1646 (25)
3 # 2401 ---> 2400 (25)
4 # 1125 ---> 1071 (25)
1 # 994 ---> 1053 (26)
2 # 1646 ---> 1588 (26)
3 # 2400 ---> 2399 (26)
4 # 1071 ---> 1013 (26)
1 # 1053 ---> 1106 (27)
2 # 1588 ---> 1587 (27)
3 # 2399 ---> 2398 (27)
4 # 1013 ---> 1014 (27)
1 # 1106 ---> 1162 (28)
2 # 1587 ---> 1586 (28)
3 # 2398 ---> 2397 (28)
4 # 1014 ---> 1015 (28)
1 # 1162 ---> 1161 (29)
2 # 1586 ---> 1585 (29)
4 # 1015 ---> 1016 (29)
1 # 1161 ---> 1220 (30)
2 # 1585 ---> 1584 (30)
4 # 1016 ---> 961 (30)
1 # 1220 ---> 1281 (31)
2 # 1584 ---> 1583 (31)
4 # 961 ---> 962 (31)
1 # 1281 ---> 1340 (32)
2 # 1583 ---> 1582 (32)
4 # 962 ---> 963 (32)
1 # 1340 ---> 1398 (33)
2 # 1582 ---> 1581 (33)
4 # 963 ---> 964 (33)
1 # 1398 ---> 1453 (34)
2 # 1581 ---> 1523 (34)
4 # 964 ---> 965 (34)
1 # 1453 ---> 1513 (35)
2 # 1523 ---> 1522 (35)
1 # 1513 ---> 1572 (36)
2 # 1522 ---> 1521 (36)
1 # 1572 ---> 1629 (37)
2 # 1521 ---> 1520 (37)
2 # 1520 ---> 1519 (38)
2 # 1519 ---> 1459 (39)
2 # 1459 ---> 1458 (40)
2 # 1458 ---> 1457 (41)
2 # 1457 ---> 1456 (42)
2 # 1456 ---> 1455 (43)
2 # 1455 ---> 1454 (44)
2 # 1454 ---> 1399 (45)
2 # 1399 ---> 1398 (46)
2 # 1398 ---> 1397 (47)
2 # 1397 ---> 1396 (48)
2 # 1396 ---> 1395 (49)
