Fine solution
Length:185
1 # 47 ---> 46 (0)
2 # 609 ---> 637 (0)
3 # 618 ---> 588 (0)
4 # 180 ---> 209 (0)
5 # 215 ---> 214 (0)
6 # 629 ---> 628 (0)
7 # 787 ---> 757 (0)
8 # 718 ---> 690 (0)
1 # 46 ---> 75 (1)
2 # 637 ---> 664 (1)
3 # 588 ---> 589 (1)
4 # 209 ---> 236 (1)
5 # 214 ---> 213 (1)
6 # 628 ---> 657 (1)
7 # 757 ---> 728 (1)
8 # 690 ---> 689 (1)
1 # 75 ---> 103 (2)
2 # 664 ---> 694 (2)
3 # 589 ---> 590 (2)
4 # 236 ---> 266 (2)
5 # 213 ---> 212 (2)
6 # 657 ---> 656 (2)
7 # 728 ---> 699 (2)
8 # 689 ---> 688 (2)
1 # 103 ---> 131 (3)
2 # 694 ---> 722 (3)
3 # 590 ---> 591 (3)
4 # 266 ---> 296 (3)
5 # 212 ---> 239 (3)
6 # 656 ---> 655 (3)
7 # 699 ---> 669 (3)
8 # 688 ---> 687 (3)
1 # 131 ---> 160 (4)
2 # 722 ---> 723 (4)
3 # 591 ---> 592 (4)
4 # 296 ---> 325 (4)
5 # 239 ---> 238 (4)
6 # 655 ---> 654 (4)
7 # 669 ---> 643 (4)
8 # 687 ---> 686 (4)
1 # 160 ---> 191 (5)
2 # 723 ---> 724 (5)
3 # 592 ---> 593 (5)
4 # 325 ---> 326 (5)
5 # 238 ---> 237 (5)
6 # 654 ---> 653 (5)
7 # 643 ---> 614 (5)
8 # 686 ---> 685 (5)
1 # 191 ---> 219 (6)
2 # 724 ---> 725 (6)
3 # 593 ---> 594 (6)
4 # 326 ---> 356 (6)
5 # 237 ---> 268 (6)
6 # 653 ---> 652 (6)
7 # 614 ---> 584 (6)
8 # 685 ---> 684 (6)
1 # 219 ---> 246 (7)
2 # 725 ---> 726 (7)
3 # 594 ---> 595 (7)
4 # 356 ---> 385 (7)
5 # 268 ---> 267 (7)
6 # 652 ---> 680 (7)
7 # 584 ---> 585 (7)
8 # 684 ---> 683 (7)
1 # 246 ---> 276 (8)
2 # 726 ---> 727 (8)
3 # 595 ---> 596 (8)
4 # 385 ---> 415 (8)
5 # 267 ---> 297 (8)
6 # 680 ---> 679 (8)
7 # 585 ---> 586 (8)
8 # 683 ---> 682 (8)
1 # 276 ---> 305 (9)
2 # 727 ---> 728 (9)
3 # 596 ---> 597 (9)
4 # 415 ---> 444 (9)
5 # 297 ---> 326 (9)
6 # 679 ---> 678 (9)
7 # 586 ---> 587 (9)
8 # 682 ---> 681 (9)
1 # 305 ---> 335 (10)
2 # 728 ---> 729 (10)
3 # 597 ---> 598 (10)
4 # 444 ---> 470 (10)
5 # 326 ---> 356 (10)
6 # 678 ---> 677 (10)
7 # 587 ---> 588 (10)
8 # 681 ---> 680 (10)
1 # 335 ---> 365 (11)
2 # 729 ---> 730 (11)
4 # 470 ---> 501 (11)
5 # 356 ---> 385 (11)
6 # 677 ---> 676 (11)
7 # 588 ---> 589 (11)
8 # 680 ---> 679 (11)
1 # 365 ---> 394 (12)
2 # 730 ---> 731 (12)
4 # 501 ---> 531 (12)
5 # 385 ---> 384 (12)
6 # 676 ---> 706 (12)
7 # 589 ---> 590 (12)
8 # 679 ---> 678 (12)
1 # 394 ---> 425 (13)
2 # 731 ---> 732 (13)
4 # 531 ---> 559 (13)
5 # 384 ---> 414 (13)
6 # 706 ---> 705 (13)
7 # 590 ---> 591 (13)
8 # 678 ---> 677 (13)
1 # 425 ---> 426 (14)
2 # 732 ---> 733 (14)
4 # 559 ---> 587 (14)
6 # 705 ---> 704 (14)
7 # 591 ---> 592 (14)
8 # 677 ---> 676 (14)
1 # 426 ---> 453 (15)
2 # 733 ---> 734 (15)
4 # 587 ---> 617 (15)
6 # 704 ---> 703 (15)
7 # 592 ---> 593 (15)
8 # 676 ---> 706 (15)
1 # 453 ---> 454 (16)
2 # 734 ---> 735 (16)
4 # 617 ---> 645 (16)
6 # 703 ---> 733 (16)
7 # 593 ---> 594 (16)
8 # 706 ---> 705 (16)
1 # 454 ---> 455 (17)
2 # 735 ---> 736 (17)
4 # 645 ---> 646 (17)
6 # 733 ---> 732 (17)
7 # 594 ---> 564 (17)
8 # 705 ---> 704 (17)
2 # 736 ---> 764 (18)
4 # 646 ---> 647 (18)
6 # 732 ---> 731 (18)
7 # 564 ---> 565 (18)
8 # 704 ---> 703 (18)
2 # 764 ---> 765 (19)
4 # 647 ---> 648 (19)
6 # 731 ---> 730 (19)
7 # 565 ---> 566 (19)
8 # 703 ---> 733 (19)
2 # 765 ---> 766 (20)
4 # 648 ---> 649 (20)
6 # 730 ---> 729 (20)
7 # 566 ---> 537 (20)
8 # 733 ---> 732 (20)
2 # 766 ---> 767 (21)
4 # 649 ---> 650 (21)
6 # 729 ---> 728 (21)
7 # 537 ---> 538 (21)
8 # 732 ---> 731 (21)
2 # 767 ---> 797 (22)
4 # 650 ---> 676 (22)
6 # 728 ---> 727 (22)
7 # 538 ---> 539 (22)
8 # 731 ---> 730 (22)
2 # 797 ---> 798 (23)
4 # 676 ---> 677 (23)
6 # 727 ---> 726 (23)
7 # 539 ---> 540 (23)
8 # 730 ---> 729 (23)
2 # 798 ---> 799 (24)
4 # 677 ---> 678 (24)
6 # 726 ---> 725 (24)
7 # 540 ---> 541 (24)
8 # 729 ---> 728 (24)
2 # 799 ---> 800 (25)
4 # 678 ---> 679 (25)
6 # 725 ---> 724 (25)
8 # 728 ---> 727 (25)
4 # 679 ---> 680 (26)
6 # 724 ---> 723 (26)
8 # 727 ---> 726 (26)
4 # 680 ---> 681 (27)
6 # 723 ---> 753 (27)
8 # 726 ---> 725 (27)
4 # 681 ---> 682 (28)
6 # 753 ---> 783 (28)
8 # 725 ---> 755 (28)
4 # 682 ---> 683 (29)
6 # 783 ---> 811 (29)
6 # 811 ---> 839 (30)
6 # 839 ---> 867 (31)
