Fine solution
Length:153
1 # 289 ---> 290 (0)
2 # 556 ---> 527 (0)
3 # 162 ---> 161 (0)
4 # 195 ---> 223 (0)
5 # 3 ---> 33 (0)
6 # 833 ---> 803 (0)
7 # 123 ---> 92 (0)
8 # 293 ---> 294 (0)
1 # 290 ---> 291 (1)
2 # 527 ---> 500 (1)
3 # 161 ---> 160 (1)
4 # 223 ---> 253 (1)
5 # 33 ---> 58 (1)
6 # 803 ---> 774 (1)
7 # 92 ---> 64 (1)
8 # 294 ---> 295 (1)
1 # 291 ---> 292 (2)
2 # 500 ---> 470 (2)
3 # 160 ---> 159 (2)
4 # 253 ---> 252 (2)
5 # 58 ---> 88 (2)
6 # 774 ---> 744 (2)
7 # 64 ---> 37 (2)
8 # 295 ---> 296 (2)
1 # 292 ---> 293 (3)
2 # 470 ---> 440 (3)
3 # 159 ---> 158 (3)
4 # 252 ---> 279 (3)
5 # 88 ---> 117 (3)
6 # 744 ---> 745 (3)
7 # 37 ---> 38 (3)
8 # 296 ---> 297 (3)
1 # 293 ---> 294 (4)
2 # 440 ---> 416 (4)
3 # 158 ---> 157 (4)
4 # 279 ---> 306 (4)
5 # 117 ---> 147 (4)
6 # 745 ---> 746 (4)
7 # 38 ---> 9 (4)
8 # 297 ---> 322 (4)
1 # 294 ---> 295 (5)
2 # 416 ---> 389 (5)
3 # 157 ---> 156 (5)
4 # 306 ---> 305 (5)
5 # 147 ---> 176 (5)
6 # 746 ---> 747 (5)
7 # 9 ---> 10 (5)
8 # 322 ---> 323 (5)
1 # 295 ---> 296 (6)
2 # 389 ---> 359 (6)
3 # 156 ---> 155 (6)
4 # 305 ---> 333 (6)
5 # 176 ---> 205 (6)
6 # 747 ---> 748 (6)
7 # 10 ---> 11 (6)
8 # 323 ---> 324 (6)
1 # 296 ---> 297 (7)
2 # 359 ---> 332 (7)
3 # 155 ---> 154 (7)
4 # 333 ---> 361 (7)
5 # 205 ---> 234 (7)
6 # 748 ---> 749 (7)
7 # 11 ---> 12 (7)
8 # 324 ---> 325 (7)
1 # 297 ---> 322 (8)
2 # 332 ---> 304 (8)
3 # 154 ---> 153 (8)
4 # 361 ---> 360 (8)
5 # 234 ---> 262 (8)
6 # 749 ---> 750 (8)
7 # 12 ---> 13 (8)
8 # 325 ---> 326 (8)
1 # 322 ---> 323 (9)
2 # 304 ---> 277 (9)
3 # 153 ---> 152 (9)
4 # 360 ---> 390 (9)
5 # 262 ---> 290 (9)
6 # 750 ---> 751 (9)
8 # 326 ---> 353 (9)
1 # 323 ---> 324 (10)
2 # 277 ---> 249 (10)
3 # 152 ---> 151 (10)
4 # 390 ---> 417 (10)
5 # 290 ---> 317 (10)
6 # 751 ---> 752 (10)
8 # 353 ---> 354 (10)
2 # 249 ---> 248 (11)
3 # 151 ---> 181 (11)
5 # 317 ---> 344 (11)
6 # 752 ---> 753 (11)
8 # 354 ---> 355 (11)
2 # 248 ---> 247 (12)
3 # 181 ---> 210 (12)
5 # 344 ---> 373 (12)
6 # 753 ---> 754 (12)
8 # 355 ---> 356 (12)
2 # 247 ---> 219 (13)
3 # 210 ---> 237 (13)
5 # 373 ---> 374 (13)
6 # 754 ---> 755 (13)
8 # 356 ---> 357 (13)
2 # 219 ---> 218 (14)
3 # 237 ---> 265 (14)
5 # 374 ---> 375 (14)
6 # 755 ---> 756 (14)
8 # 357 ---> 358 (14)
2 # 218 ---> 190 (15)
3 # 265 ---> 295 (15)
5 # 375 ---> 376 (15)
6 # 756 ---> 757 (15)
8 # 358 ---> 359 (15)
3 # 295 ---> 294 (16)
6 # 757 ---> 758 (16)
8 # 359 ---> 360 (16)
3 # 294 ---> 320 (17)
6 # 758 ---> 759 (17)
8 # 360 ---> 361 (17)
3 # 320 ---> 348 (18)
6 # 759 ---> 760 (18)
8 # 361 ---> 333 (18)
3 # 348 ---> 377 (19)
6 # 760 ---> 761 (19)
8 # 333 ---> 334 (19)
3 # 377 ---> 405 (20)
6 # 761 ---> 788 (20)
8 # 334 ---> 335 (20)
3 # 405 ---> 429 (21)
6 # 788 ---> 789 (21)
8 # 335 ---> 336 (21)
3 # 429 ---> 457 (22)
6 # 789 ---> 790 (22)
8 # 336 ---> 337 (22)
3 # 457 ---> 487 (23)
6 # 790 ---> 791 (23)
8 # 337 ---> 338 (23)
3 # 487 ---> 517 (24)
6 # 791 ---> 792 (24)
3 # 517 ---> 543 (25)
6 # 792 ---> 793 (25)
3 # 543 ---> 574 (26)
6 # 793 ---> 794 (26)
3 # 574 ---> 573 (27)
6 # 794 ---> 795 (27)
3 # 573 ---> 603 (28)
6 # 795 ---> 796 (28)
3 # 603 ---> 632 (29)
6 # 796 ---> 797 (29)
6 # 797 ---> 798 (30)
6 # 798 ---> 799 (31)
6 # 799 ---> 800 (32)
6 # 800 ---> 771 (33)
6 # 771 ---> 772 (34)
6 # 772 ---> 773 (35)
