Fine solution
Length:49
1 # 61 ---> 60 (0)
2 # 121 ---> 136 (0)
3 # 27 ---> 26 (0)
4 # 152 ---> 151 (0)
1 # 60 ---> 59 (1)
2 # 136 ---> 137 (1)
3 # 26 ---> 25 (1)
4 # 151 ---> 166 (1)
1 # 59 ---> 58 (2)
2 # 137 ---> 151 (2)
3 # 25 ---> 24 (2)
4 # 166 ---> 165 (2)
1 # 58 ---> 73 (3)
2 # 151 ---> 166 (3)
3 # 24 ---> 23 (3)
4 # 165 ---> 180 (3)
1 # 73 ---> 72 (4)
2 # 166 ---> 165 (4)
3 # 23 ---> 37 (4)
4 # 180 ---> 179 (4)
1 # 72 ---> 87 (5)
2 # 165 ---> 180 (5)
3 # 37 ---> 50 (5)
4 # 179 ---> 178 (5)
1 # 87 ---> 101 (6)
2 # 180 ---> 179 (6)
3 # 50 ---> 49 (6)
4 # 178 ---> 177 (6)
1 # 101 ---> 116 (7)
2 # 179 ---> 193 (7)
3 # 49 ---> 63 (7)
4 # 177 ---> 192 (7)
1 # 116 ---> 131 (8)
2 # 193 ---> 208 (8)
3 # 63 ---> 62 (8)
1 # 131 ---> 146 (9)
2 # 208 ---> 207 (9)
3 # 62 ---> 61 (9)
1 # 146 ---> 161 (10)
2 # 207 ---> 221 (10)
3 # 61 ---> 60 (10)
3 # 60 ---> 59 (11)
3 # 59 ---> 58 (12)
3 # 58 ---> 73 (13)
3 # 73 ---> 72 (14)
3 # 72 ---> 71 (15)
3 # 71 ---> 70 (16)
3 # 70 ---> 85 (17)
3 # 85 ---> 99 (18)
