Fine solution
Length:176
2 # 720 ---> 751 (0)
3 # 99 ---> 98 (0)
4 # 514 ---> 541 (0)
5 # 591 ---> 565 (0)
6 # 823 ---> 794 (0)
7 # 825 ---> 796 (0)
8 # 175 ---> 174 (0)
1 # 719 ---> 720 (1)
2 # 751 ---> 779 (1)
3 # 98 ---> 97 (1)
4 # 541 ---> 570 (1)
5 # 565 ---> 536 (1)
6 # 794 ---> 770 (1)
7 # 796 ---> 772 (1)
8 # 174 ---> 173 (1)
1 # 720 ---> 721 (2)
2 # 779 ---> 803 (2)
3 # 97 ---> 96 (2)
4 # 570 ---> 597 (2)
5 # 536 ---> 508 (2)
6 # 770 ---> 741 (2)
7 # 772 ---> 743 (2)
8 # 173 ---> 202 (2)
1 # 721 ---> 722 (3)
2 # 803 ---> 804 (3)
3 # 96 ---> 127 (3)
4 # 597 ---> 628 (3)
5 # 508 ---> 480 (3)
6 # 741 ---> 709 (3)
7 # 743 ---> 711 (3)
8 # 202 ---> 231 (3)
1 # 722 ---> 723 (4)
2 # 804 ---> 805 (4)
3 # 127 ---> 126 (4)
4 # 628 ---> 629 (4)
5 # 480 ---> 450 (4)
6 # 709 ---> 680 (4)
7 # 711 ---> 682 (4)
8 # 231 ---> 259 (4)
1 # 723 ---> 724 (5)
2 # 805 ---> 806 (5)
3 # 126 ---> 125 (5)
4 # 629 ---> 630 (5)
5 # 450 ---> 449 (5)
6 # 680 ---> 650 (5)
7 # 682 ---> 681 (5)
8 # 259 ---> 289 (5)
1 # 724 ---> 725 (6)
2 # 806 ---> 807 (6)
3 # 125 ---> 124 (6)
4 # 630 ---> 631 (6)
5 # 449 ---> 448 (6)
6 # 650 ---> 619 (6)
7 # 681 ---> 651 (6)
8 # 289 ---> 320 (6)
1 # 725 ---> 726 (7)
2 # 807 ---> 835 (7)
3 # 124 ---> 123 (7)
4 # 631 ---> 660 (7)
5 # 448 ---> 447 (7)
6 # 619 ---> 588 (7)
7 # 651 ---> 620 (7)
8 # 320 ---> 347 (7)
1 # 726 ---> 727 (8)
2 # 835 ---> 836 (8)
3 # 123 ---> 122 (8)
4 # 660 ---> 661 (8)
5 # 447 ---> 446 (8)
6 # 588 ---> 562 (8)
7 # 620 ---> 589 (8)
8 # 347 ---> 375 (8)
1 # 727 ---> 728 (9)
2 # 836 ---> 837 (9)
3 # 122 ---> 121 (9)
4 # 661 ---> 662 (9)
5 # 446 ---> 445 (9)
6 # 562 ---> 533 (9)
7 # 589 ---> 563 (9)
8 # 375 ---> 402 (9)
1 # 728 ---> 729 (10)
2 # 837 ---> 838 (10)
3 # 121 ---> 120 (10)
4 # 662 ---> 663 (10)
5 # 445 ---> 444 (10)
6 # 533 ---> 506 (10)
7 # 563 ---> 534 (10)
8 # 402 ---> 434 (10)
1 # 729 ---> 730 (11)
2 # 838 ---> 839 (11)
3 # 120 ---> 119 (11)
4 # 663 ---> 664 (11)
5 # 444 ---> 443 (11)
6 # 506 ---> 477 (11)
7 # 534 ---> 533 (11)
8 # 434 ---> 463 (11)
1 # 730 ---> 731 (12)
2 # 839 ---> 840 (12)
3 # 119 ---> 118 (12)
4 # 664 ---> 665 (12)
5 # 443 ---> 442 (12)
6 # 477 ---> 476 (12)
7 # 533 ---> 506 (12)
8 # 463 ---> 494 (12)
1 # 731 ---> 732 (13)
2 # 840 ---> 841 (13)
3 # 118 ---> 117 (13)
4 # 665 ---> 666 (13)
5 # 442 ---> 441 (13)
7 # 506 ---> 505 (13)
8 # 494 ---> 521 (13)
1 # 732 ---> 733 (14)
2 # 841 ---> 842 (14)
3 # 117 ---> 116 (14)
4 # 666 ---> 667 (14)
7 # 505 ---> 504 (14)
8 # 521 ---> 549 (14)
1 # 733 ---> 734 (15)
2 # 842 ---> 843 (15)
3 # 116 ---> 115 (15)
4 # 667 ---> 668 (15)
8 # 549 ---> 576 (15)
1 # 734 ---> 735 (16)
2 # 843 ---> 844 (16)
3 # 115 ---> 114 (16)
4 # 668 ---> 669 (16)
8 # 576 ---> 606 (16)
1 # 735 ---> 736 (17)
2 # 844 ---> 845 (17)
3 # 114 ---> 113 (17)
4 # 669 ---> 670 (17)
8 # 606 ---> 607 (17)
1 # 736 ---> 737 (18)
2 # 845 ---> 846 (18)
3 # 113 ---> 112 (18)
4 # 670 ---> 671 (18)
8 # 607 ---> 608 (18)
2 # 846 ---> 847 (19)
3 # 112 ---> 111 (19)
4 # 671 ---> 672 (19)
8 # 608 ---> 577 (19)
2 # 847 ---> 848 (20)
3 # 111 ---> 110 (20)
4 # 672 ---> 673 (20)
2 # 848 ---> 849 (21)
3 # 110 ---> 109 (21)
4 # 673 ---> 674 (21)
3 # 109 ---> 108 (22)
4 # 674 ---> 675 (22)
3 # 108 ---> 107 (23)
4 # 675 ---> 676 (23)
3 # 107 ---> 139 (24)
4 # 676 ---> 706 (24)
3 # 139 ---> 166 (25)
4 # 706 ---> 707 (25)
3 # 166 ---> 195 (26)
4 # 707 ---> 738 (26)
3 # 195 ---> 224 (27)
3 # 224 ---> 252 (28)
3 # 252 ---> 282 (29)
3 # 282 ---> 281 (30)
3 # 281 ---> 313 (31)
3 # 313 ---> 340 (32)
3 # 340 ---> 367 (33)
3 # 367 ---> 395 (34)
3 # 395 ---> 426 (35)
3 # 426 ---> 425 (36)
3 # 425 ---> 455 (37)
3 # 455 ---> 485 (38)
3 # 485 ---> 514 (39)
3 # 514 ---> 541 (40)
3 # 541 ---> 570 (41)
3 # 570 ---> 597 (42)
3 # 597 ---> 628 (43)
3 # 628 ---> 658 (44)
3 # 658 ---> 688 (45)
3 # 688 ---> 718 (46)
