Fine solution
Length:369
1 # 221 ---> 220 (0)
2 # 45 ---> 75 (0)
3 # 157 ---> 185 (0)
4 # 702 ---> 701 (0)
5 # 451 ---> 422 (0)
6 # 436 ---> 405 (0)
7 # 487 ---> 458 (0)
8 # 790 ---> 759 (0)
9 # 904 ---> 875 (0)
10 # 539 ---> 509 (0)
11 # 315 ---> 314 (0)
12 # 916 ---> 885 (0)
13 # 254 ---> 226 (0)
14 # 617 ---> 616 (0)
15 # 116 ---> 117 (0)
16 # 362 ---> 361 (0)
1 # 220 ---> 248 (1)
2 # 75 ---> 102 (1)
3 # 185 ---> 214 (1)
4 # 701 ---> 700 (1)
5 # 422 ---> 391 (1)
6 # 405 ---> 374 (1)
7 # 458 ---> 429 (1)
8 # 759 ---> 730 (1)
9 # 875 ---> 844 (1)
10 # 509 ---> 483 (1)
11 # 314 ---> 313 (1)
12 # 885 ---> 856 (1)
13 # 226 ---> 197 (1)
14 # 616 ---> 615 (1)
15 # 117 ---> 118 (1)
16 # 361 ---> 360 (1)
1 # 248 ---> 278 (2)
2 # 102 ---> 131 (2)
3 # 214 ---> 243 (2)
4 # 700 ---> 699 (2)
5 # 391 ---> 390 (2)
6 # 374 ---> 375 (2)
7 # 429 ---> 399 (2)
8 # 730 ---> 702 (2)
9 # 844 ---> 814 (2)
10 # 483 ---> 455 (2)
11 # 313 ---> 312 (2)
12 # 856 ---> 826 (2)
13 # 197 ---> 196 (2)
14 # 615 ---> 643 (2)
15 # 118 ---> 119 (2)
16 # 360 ---> 359 (2)
1 # 278 ---> 308 (3)
2 # 131 ---> 160 (3)
3 # 243 ---> 272 (3)
4 # 699 ---> 672 (3)
5 # 390 ---> 389 (3)
6 # 375 ---> 347 (3)
7 # 399 ---> 398 (3)
8 # 702 ---> 703 (3)
9 # 814 ---> 784 (3)
10 # 455 ---> 425 (3)
11 # 312 ---> 340 (3)
12 # 826 ---> 796 (3)
13 # 196 ---> 169 (3)
14 # 643 ---> 673 (3)
15 # 119 ---> 120 (3)
16 # 359 ---> 358 (3)
1 # 308 ---> 336 (4)
2 # 160 ---> 188 (4)
3 # 272 ---> 302 (4)
4 # 672 ---> 642 (4)
5 # 389 ---> 388 (4)
6 # 347 ---> 320 (4)
7 # 398 ---> 397 (4)
8 # 703 ---> 674 (4)
9 # 784 ---> 753 (4)
10 # 425 ---> 395 (4)
11 # 340 ---> 339 (4)
12 # 796 ---> 765 (4)
13 # 169 ---> 140 (4)
14 # 673 ---> 700 (4)
15 # 120 ---> 121 (4)
16 # 358 ---> 357 (4)
1 # 336 ---> 335 (5)
2 # 188 ---> 216 (5)
3 # 302 ---> 303 (5)
4 # 642 ---> 614 (5)
5 # 388 ---> 387 (5)
6 # 320 ---> 290 (5)
7 # 397 ---> 396 (5)
8 # 674 ---> 646 (5)
9 # 753 ---> 725 (5)
10 # 395 ---> 363 (5)
11 # 339 ---> 338 (5)
12 # 765 ---> 766 (5)
13 # 140 ---> 109 (5)
14 # 700 ---> 728 (5)
15 # 121 ---> 122 (5)
16 # 357 ---> 389 (5)
1 # 335 ---> 361 (6)
2 # 216 ---> 245 (6)
3 # 303 ---> 304 (6)
4 # 614 ---> 587 (6)
5 # 387 ---> 356 (6)
6 # 290 ---> 260 (6)
7 # 396 ---> 364 (6)
8 # 646 ---> 618 (6)
9 # 725 ---> 696 (6)
10 # 363 ---> 362 (6)
11 # 338 ---> 365 (6)
12 # 766 ---> 767 (6)
13 # 109 ---> 84 (6)
14 # 728 ---> 757 (6)
15 # 122 ---> 123 (6)
16 # 389 ---> 388 (6)
1 # 361 ---> 360 (7)
2 # 245 ---> 246 (7)
4 # 587 ---> 558 (7)
5 # 356 ---> 331 (7)
6 # 260 ---> 261 (7)
7 # 364 ---> 337 (7)
8 # 618 ---> 590 (7)
9 # 696 ---> 669 (7)
10 # 362 ---> 336 (7)
11 # 365 ---> 397 (7)
12 # 767 ---> 768 (7)
13 # 84 ---> 83 (7)
14 # 757 ---> 756 (7)
15 # 123 ---> 124 (7)
16 # 388 ---> 387 (7)
1 # 360 ---> 359 (8)
2 # 246 ---> 276 (8)
4 # 558 ---> 533 (8)
5 # 331 ---> 302 (8)
6 # 261 ---> 262 (8)
7 # 337 ---> 310 (8)
8 # 590 ---> 591 (8)
9 # 669 ---> 670 (8)
10 # 336 ---> 308 (8)
13 # 83 ---> 82 (8)
14 # 756 ---> 787 (8)
15 # 124 ---> 125 (8)
16 # 387 ---> 386 (8)
1 # 359 ---> 334 (9)
2 # 276 ---> 306 (9)
4 # 533 ---> 505 (9)
5 # 302 ---> 272 (9)
6 # 262 ---> 263 (9)
7 # 310 ---> 280 (9)
8 # 591 ---> 562 (9)
9 # 670 ---> 671 (9)
10 # 308 ---> 278 (9)
13 # 82 ---> 81 (9)
14 # 787 ---> 817 (9)
15 # 125 ---> 126 (9)
16 # 386 ---> 385 (9)
2 # 306 ---> 307 (10)
4 # 505 ---> 478 (10)
5 # 272 ---> 271 (10)
6 # 263 ---> 264 (10)
7 # 280 ---> 250 (10)
8 # 562 ---> 538 (10)
9 # 671 ---> 641 (10)
10 # 278 ---> 248 (10)
13 # 81 ---> 80 (10)
14 # 817 ---> 847 (10)
15 # 126 ---> 127 (10)
16 # 385 ---> 384 (10)
1 # 334 ---> 333 (11)
2 # 307 ---> 306 (11)
4 # 478 ---> 450 (11)
5 # 271 ---> 270 (11)
6 # 264 ---> 265 (11)
7 # 250 ---> 222 (11)
8 # 538 ---> 508 (11)
9 # 641 ---> 613 (11)
10 # 248 ---> 220 (11)
13 # 80 ---> 79 (11)
15 # 127 ---> 128 (11)
16 # 384 ---> 383 (11)
1 # 333 ---> 358 (12)
2 # 306 ---> 334 (12)
4 # 450 ---> 420 (12)
5 # 270 ---> 269 (12)
6 # 265 ---> 266 (12)
7 # 222 ---> 194 (12)
8 # 508 ---> 509 (12)
9 # 613 ---> 586 (12)
10 # 220 ---> 192 (12)
13 # 79 ---> 49 (12)
15 # 128 ---> 129 (12)
16 # 383 ---> 382 (12)
1 # 358 ---> 357 (13)
2 # 334 ---> 333 (13)
4 # 420 ---> 421 (13)
5 # 269 ---> 241 (13)
6 # 266 ---> 267 (13)
7 # 194 ---> 166 (13)
8 # 509 ---> 483 (13)
9 # 586 ---> 557 (13)
10 # 192 ---> 164 (13)
13 # 49 ---> 48 (13)
15 # 129 ---> 130 (13)
16 # 382 ---> 381 (13)
1 # 357 ---> 389 (14)
2 # 333 ---> 358 (14)
4 # 421 ---> 422 (14)
5 # 241 ---> 240 (14)
6 # 267 ---> 268 (14)
7 # 166 ---> 137 (14)
8 # 483 ---> 455 (14)
9 # 557 ---> 532 (14)
10 # 164 ---> 163 (14)
13 # 48 ---> 47 (14)
15 # 130 ---> 131 (14)
16 # 381 ---> 380 (14)
1 # 389 ---> 388 (15)
2 # 358 ---> 390 (15)
4 # 422 ---> 391 (15)
5 # 240 ---> 211 (15)
6 # 268 ---> 269 (15)
7 # 137 ---> 106 (15)
8 # 455 ---> 425 (15)
9 # 532 ---> 504 (15)
10 # 163 ---> 162 (15)
15 # 131 ---> 132 (15)
16 # 380 ---> 379 (15)
1 # 388 ---> 387 (16)
2 # 390 ---> 421 (16)
4 # 391 ---> 359 (16)
5 # 211 ---> 210 (16)
6 # 269 ---> 270 (16)
7 # 106 ---> 81 (16)
8 # 425 ---> 395 (16)
9 # 504 ---> 477 (16)
10 # 162 ---> 161 (16)
15 # 132 ---> 133 (16)
16 # 379 ---> 410 (16)
1 # 387 ---> 386 (17)
2 # 421 ---> 422 (17)
4 # 359 ---> 334 (17)
5 # 210 ---> 209 (17)
6 # 270 ---> 271 (17)
7 # 81 ---> 80 (17)
8 # 395 ---> 363 (17)
9 # 477 ---> 449 (17)
10 # 161 ---> 132 (17)
15 # 133 ---> 134 (17)
16 # 410 ---> 440 (17)
1 # 386 ---> 385 (18)
2 # 422 ---> 451 (18)
4 # 334 ---> 306 (18)
5 # 209 ---> 180 (18)
6 # 271 ---> 242 (18)
7 # 80 ---> 79 (18)
8 # 363 ---> 364 (18)
9 # 449 ---> 419 (18)
10 # 132 ---> 131 (18)
15 # 134 ---> 135 (18)
16 # 440 ---> 469 (18)
1 # 385 ---> 384 (19)
2 # 451 ---> 452 (19)
4 # 306 ---> 276 (19)
5 # 180 ---> 179 (19)
6 # 242 ---> 213 (19)
7 # 79 ---> 78 (19)
8 # 364 ---> 337 (19)
9 # 419 ---> 388 (19)
10 # 131 ---> 130 (19)
15 # 135 ---> 136 (19)
16 # 469 ---> 498 (19)
1 # 384 ---> 383 (20)
4 # 276 ---> 246 (20)
6 # 213 ---> 184 (20)
7 # 78 ---> 77 (20)
8 # 337 ---> 310 (20)
9 # 388 ---> 387 (20)
10 # 130 ---> 129 (20)
15 # 136 ---> 105 (20)
1 # 383 ---> 382 (21)
4 # 246 ---> 217 (21)
6 # 184 ---> 156 (21)
7 # 77 ---> 76 (21)
8 # 310 ---> 280 (21)
9 # 387 ---> 356 (21)
10 # 129 ---> 128 (21)
15 # 105 ---> 106 (21)
1 # 382 ---> 381 (22)
4 # 217 ---> 189 (22)
6 # 156 ---> 157 (22)
7 # 76 ---> 46 (22)
8 # 280 ---> 250 (22)
9 # 356 ---> 331 (22)
10 # 128 ---> 127 (22)
15 # 106 ---> 107 (22)
1 # 381 ---> 380 (23)
4 # 189 ---> 161 (23)
6 # 157 ---> 128 (23)
7 # 46 ---> 45 (23)
8 # 250 ---> 222 (23)
9 # 331 ---> 302 (23)
10 # 127 ---> 126 (23)
15 # 107 ---> 108 (23)
1 # 380 ---> 379 (24)
4 # 161 ---> 132 (24)
6 # 128 ---> 129 (24)
7 # 45 ---> 44 (24)
8 # 222 ---> 194 (24)
9 # 302 ---> 272 (24)
10 # 126 ---> 125 (24)
1 # 379 ---> 378 (25)
4 # 132 ---> 103 (25)
6 # 129 ---> 130 (25)
7 # 44 ---> 43 (25)
8 # 194 ---> 166 (25)
9 # 272 ---> 243 (25)
10 # 125 ---> 124 (25)
1 # 378 ---> 377 (26)
4 # 103 ---> 76 (26)
6 # 130 ---> 131 (26)
7 # 43 ---> 42 (26)
8 # 166 ---> 137 (26)
9 # 243 ---> 214 (26)
10 # 124 ---> 123 (26)
1 # 377 ---> 376 (27)
4 # 76 ---> 77 (27)
6 # 131 ---> 132 (27)
7 # 42 ---> 41 (27)
8 # 137 ---> 138 (27)
9 # 214 ---> 185 (27)
10 # 123 ---> 122 (27)
1 # 376 ---> 375 (28)
6 # 132 ---> 133 (28)
7 # 41 ---> 40 (28)
8 # 138 ---> 139 (28)
9 # 185 ---> 157 (28)
10 # 122 ---> 121 (28)
1 # 375 ---> 374 (29)
6 # 133 ---> 134 (29)
7 # 40 ---> 13 (29)
8 # 139 ---> 140 (29)
9 # 157 ---> 128 (29)
10 # 121 ---> 120 (29)
1 # 374 ---> 373 (30)
6 # 134 ---> 135 (30)
7 # 13 ---> 12 (30)
8 # 140 ---> 109 (30)
9 # 128 ---> 99 (30)
10 # 120 ---> 119 (30)
1 # 373 ---> 372 (31)
6 # 135 ---> 136 (31)
7 # 12 ---> 11 (31)
9 # 99 ---> 72 (31)
10 # 119 ---> 118 (31)
1 # 372 ---> 403 (32)
6 # 136 ---> 137 (32)
7 # 11 ---> 10 (32)
9 # 72 ---> 73 (32)
10 # 118 ---> 117 (32)
1 # 403 ---> 434 (33)
6 # 137 ---> 138 (33)
7 # 10 ---> 9 (33)
10 # 117 ---> 116 (33)
6 # 138 ---> 139 (34)
7 # 9 ---> 8 (34)
10 # 116 ---> 115 (34)
6 # 139 ---> 140 (35)
7 # 8 ---> 7 (35)
10 # 115 ---> 114 (35)
7 # 7 ---> 6 (36)
10 # 114 ---> 113 (36)
7 # 6 ---> 5 (37)
