Fine solution
Length:203
1 # 904 ---> 875 (0)
2 # 539 ---> 509 (0)
3 # 315 ---> 314 (0)
4 # 916 ---> 885 (0)
5 # 254 ---> 253 (0)
6 # 617 ---> 589 (0)
7 # 116 ---> 117 (0)
8 # 362 ---> 394 (0)
1 # 875 ---> 844 (1)
2 # 509 ---> 508 (1)
3 # 314 ---> 285 (1)
4 # 885 ---> 856 (1)
5 # 253 ---> 252 (1)
6 # 589 ---> 561 (1)
7 # 117 ---> 118 (1)
8 # 394 ---> 424 (1)
1 # 844 ---> 814 (2)
2 # 508 ---> 507 (2)
3 # 285 ---> 255 (2)
4 # 856 ---> 826 (2)
5 # 252 ---> 251 (2)
6 # 561 ---> 536 (2)
7 # 118 ---> 119 (2)
8 # 424 ---> 454 (2)
1 # 814 ---> 784 (3)
2 # 507 ---> 482 (3)
3 # 255 ---> 227 (3)
4 # 826 ---> 796 (3)
5 # 251 ---> 250 (3)
6 # 536 ---> 535 (3)
7 # 119 ---> 120 (3)
8 # 454 ---> 455 (3)
1 # 784 ---> 753 (4)
2 # 482 ---> 453 (4)
3 # 227 ---> 198 (4)
4 # 796 ---> 765 (4)
5 # 250 ---> 249 (4)
6 # 535 ---> 534 (4)
7 # 120 ---> 121 (4)
8 # 455 ---> 483 (4)
1 # 753 ---> 725 (5)
2 # 453 ---> 423 (5)
3 # 198 ---> 170 (5)
4 # 765 ---> 736 (5)
5 # 249 ---> 248 (5)
6 # 534 ---> 506 (5)
7 # 121 ---> 122 (5)
8 # 483 ---> 509 (5)
1 # 725 ---> 696 (6)
2 # 423 ---> 393 (6)
3 # 170 ---> 142 (6)
4 # 736 ---> 708 (6)
5 # 248 ---> 278 (6)
6 # 506 ---> 479 (6)
7 # 122 ---> 123 (6)
8 # 509 ---> 539 (6)
1 # 696 ---> 669 (7)
2 # 393 ---> 392 (7)
3 # 142 ---> 110 (7)
4 # 708 ---> 679 (7)
5 # 278 ---> 308 (7)
6 # 479 ---> 478 (7)
7 # 123 ---> 124 (7)
8 # 539 ---> 563 (7)
1 # 669 ---> 668 (8)
2 # 392 ---> 391 (8)
3 # 110 ---> 86 (8)
4 # 679 ---> 651 (8)
5 # 308 ---> 336 (8)
6 # 478 ---> 450 (8)
7 # 124 ---> 125 (8)
8 # 563 ---> 592 (8)
1 # 668 ---> 640 (9)
2 # 391 ---> 390 (9)
3 # 86 ---> 85 (9)
4 # 651 ---> 623 (9)
5 # 336 ---> 335 (9)
6 # 450 ---> 449 (9)
7 # 125 ---> 126 (9)
8 # 592 ---> 620 (9)
1 # 640 ---> 611 (10)
2 # 390 ---> 389 (10)
3 # 85 ---> 84 (10)
4 # 623 ---> 595 (10)
5 # 335 ---> 361 (10)
6 # 449 ---> 448 (10)
7 # 126 ---> 127 (10)
8 # 620 ---> 648 (10)
1 # 611 ---> 610 (11)
2 # 389 ---> 388 (11)
3 # 84 ---> 83 (11)
4 # 595 ---> 594 (11)
5 # 361 ---> 360 (11)
6 # 448 ---> 447 (11)
7 # 127 ---> 128 (11)
8 # 648 ---> 676 (11)
1 # 610 ---> 583 (12)
2 # 388 ---> 387 (12)
3 # 83 ---> 82 (12)
4 # 594 ---> 565 (12)
5 # 360 ---> 359 (12)
6 # 447 ---> 446 (12)
7 # 128 ---> 99 (12)
8 # 676 ---> 705 (12)
1 # 583 ---> 553 (13)
2 # 387 ---> 356 (13)
3 # 82 ---> 81 (13)
4 # 565 ---> 541 (13)
5 # 359 ---> 358 (13)
6 # 446 ---> 445 (13)
7 # 99 ---> 100 (13)
8 # 705 ---> 733 (13)
1 # 553 ---> 552 (14)
2 # 356 ---> 331 (14)
3 # 81 ---> 80 (14)
4 # 541 ---> 511 (14)
5 # 358 ---> 357 (14)
6 # 445 ---> 444 (14)
7 # 100 ---> 101 (14)
8 # 733 ---> 762 (14)
1 # 552 ---> 528 (15)
2 # 331 ---> 330 (15)
3 # 80 ---> 79 (15)
4 # 511 ---> 485 (15)
5 # 357 ---> 389 (15)
6 # 444 ---> 443 (15)
7 # 101 ---> 102 (15)
8 # 762 ---> 763 (15)
1 # 528 ---> 501 (16)
2 # 330 ---> 329 (16)
3 # 79 ---> 78 (16)
4 # 485 ---> 456 (16)
5 # 389 ---> 388 (16)
6 # 443 ---> 442 (16)
7 # 102 ---> 103 (16)
8 # 763 ---> 764 (16)
1 # 501 ---> 472 (17)
3 # 78 ---> 77 (17)
4 # 456 ---> 427 (17)
5 # 388 ---> 387 (17)
6 # 442 ---> 441 (17)
8 # 764 ---> 765 (17)
1 # 472 ---> 444 (18)
3 # 77 ---> 76 (18)
4 # 427 ---> 397 (18)
5 # 387 ---> 386 (18)
6 # 441 ---> 470 (18)
8 # 765 ---> 766 (18)
1 # 444 ---> 414 (19)
3 # 76 ---> 75 (19)
4 # 397 ---> 365 (19)
5 # 386 ---> 385 (19)
1 # 414 ---> 383 (20)
3 # 75 ---> 74 (20)
4 # 365 ---> 338 (20)
5 # 385 ---> 384 (20)
1 # 383 ---> 382 (21)
3 # 74 ---> 73 (21)
4 # 338 ---> 311 (21)
5 # 384 ---> 415 (21)
1 # 382 ---> 381 (22)
3 # 73 ---> 72 (22)
4 # 311 ---> 281 (22)
5 # 415 ---> 445 (22)
1 # 381 ---> 380 (23)
3 # 72 ---> 71 (23)
4 # 281 ---> 251 (23)
5 # 445 ---> 473 (23)
1 # 380 ---> 379 (24)
3 # 71 ---> 70 (24)
4 # 251 ---> 223 (24)
1 # 379 ---> 378 (25)
3 # 70 ---> 69 (25)
4 # 223 ---> 195 (25)
1 # 378 ---> 377 (26)
3 # 69 ---> 68 (26)
4 # 195 ---> 194 (26)
1 # 377 ---> 376 (27)
3 # 68 ---> 67 (27)
4 # 194 ---> 193 (27)
1 # 376 ---> 375 (28)
3 # 67 ---> 66 (28)
4 # 193 ---> 192 (28)
1 # 375 ---> 374 (29)
3 # 66 ---> 65 (29)
4 # 192 ---> 191 (29)
1 # 374 ---> 373 (30)
3 # 65 ---> 64 (30)
4 # 191 ---> 190 (30)
1 # 373 ---> 346 (31)
3 # 64 ---> 63 (31)
4 # 190 ---> 189 (31)
1 # 346 ---> 345 (32)
3 # 63 ---> 62 (32)
4 # 189 ---> 188 (32)
3 # 62 ---> 34 (33)
4 # 188 ---> 187 (33)
3 # 34 ---> 33 (34)
4 # 187 ---> 186 (34)
4 # 186 ---> 185 (35)
4 # 185 ---> 184 (36)
4 # 184 ---> 183 (37)
4 # 183 ---> 182 (38)
