Fine solution
Length:734
1 # 368 ---> 367 (0)
2 # 394 ---> 424 (0)
3 # 224 ---> 223 (0)
4 # 886 ---> 917 (0)
5 # 893 ---> 864 (0)
6 # 743 ---> 714 (0)
7 # 181 ---> 211 (0)
8 # 110 ---> 142 (0)
9 # 839 ---> 809 (0)
10 # 789 ---> 758 (0)
11 # 65 ---> 66 (0)
12 # 75 ---> 74 (0)
13 # 643 ---> 615 (0)
14 # 438 ---> 408 (0)
15 # 919 ---> 888 (0)
16 # 485 ---> 456 (0)
17 # 221 ---> 193 (0)
18 # 45 ---> 44 (0)
19 # 157 ---> 185 (0)
20 # 702 ---> 701 (0)
21 # 451 ---> 452 (0)
22 # 436 ---> 405 (0)
23 # 487 ---> 486 (0)
24 # 790 ---> 759 (0)
25 # 904 ---> 875 (0)
26 # 539 ---> 509 (0)
27 # 315 ---> 314 (0)
28 # 916 ---> 885 (0)
29 # 254 ---> 253 (0)
30 # 617 ---> 589 (0)
31 # 116 ---> 115 (0)
32 # 362 ---> 361 (0)
1 # 367 ---> 399 (1)
2 # 424 ---> 425 (1)
3 # 223 ---> 195 (1)
4 # 917 ---> 916 (1)
5 # 864 ---> 833 (1)
6 # 714 ---> 685 (1)
7 # 211 ---> 240 (1)
8 # 142 ---> 170 (1)
9 # 809 ---> 780 (1)
10 # 758 ---> 729 (1)
11 # 66 ---> 67 (1)
12 # 74 ---> 73 (1)
13 # 615 ---> 588 (1)
14 # 408 ---> 377 (1)
15 # 888 ---> 859 (1)
16 # 456 ---> 427 (1)
17 # 193 ---> 165 (1)
18 # 44 ---> 43 (1)
19 # 185 ---> 214 (1)
20 # 701 ---> 700 (1)
21 # 452 ---> 453 (1)
22 # 405 ---> 406 (1)
23 # 486 ---> 485 (1)
24 # 759 ---> 730 (1)
25 # 875 ---> 844 (1)
26 # 509 ---> 508 (1)
27 # 314 ---> 285 (1)
28 # 885 ---> 856 (1)
29 # 253 ---> 252 (1)
30 # 589 ---> 590 (1)
31 # 115 ---> 145 (1)
32 # 361 ---> 360 (1)
1 # 399 ---> 429 (2)
2 # 425 ---> 426 (2)
3 # 195 ---> 167 (2)
4 # 916 ---> 915 (2)
5 # 833 ---> 802 (2)
6 # 685 ---> 658 (2)
7 # 240 ---> 268 (2)
8 # 170 ---> 198 (2)
9 # 780 ---> 749 (2)
11 # 67 ---> 68 (2)
12 # 73 ---> 72 (2)
13 # 588 ---> 559 (2)
14 # 377 ---> 349 (2)
15 # 859 ---> 828 (2)
16 # 427 ---> 397 (2)
17 # 165 ---> 136 (2)
18 # 43 ---> 42 (2)
19 # 214 ---> 243 (2)
20 # 700 ---> 673 (2)
21 # 453 ---> 454 (2)
22 # 406 ---> 407 (2)
23 # 485 ---> 511 (2)
24 # 730 ---> 702 (2)
25 # 844 ---> 814 (2)
26 # 508 ---> 507 (2)
27 # 285 ---> 284 (2)
28 # 856 ---> 826 (2)
29 # 252 ---> 251 (2)
30 # 590 ---> 591 (2)
31 # 145 ---> 173 (2)
32 # 360 ---> 359 (2)
1 # 429 ---> 458 (3)
2 # 426 ---> 427 (3)
3 # 167 ---> 138 (3)
4 # 915 ---> 914 (3)
5 # 802 ---> 773 (3)
6 # 658 ---> 630 (3)
7 # 268 ---> 298 (3)
8 # 198 ---> 227 (3)
9 # 749 ---> 721 (3)
10 # 729 ---> 730 (3)
11 # 68 ---> 38 (3)
12 # 72 ---> 99 (3)
13 # 559 ---> 534 (3)
14 # 349 ---> 322 (3)
15 # 828 ---> 799 (3)
16 # 397 ---> 396 (3)
17 # 136 ---> 135 (3)
18 # 42 ---> 41 (3)
19 # 243 ---> 272 (3)
20 # 673 ---> 643 (3)
21 # 454 ---> 455 (3)
22 # 407 ---> 408 (3)
23 # 511 ---> 541 (3)
24 # 702 ---> 701 (3)
25 # 814 ---> 784 (3)
27 # 284 ---> 283 (3)
28 # 826 ---> 796 (3)
29 # 251 ---> 250 (3)
30 # 591 ---> 562 (3)
31 # 173 ---> 203 (3)
32 # 359 ---> 358 (3)
1 # 458 ---> 487 (4)
2 # 427 ---> 456 (4)
3 # 138 ---> 137 (4)
4 # 914 ---> 913 (4)
5 # 773 ---> 743 (4)
6 # 630 ---> 631 (4)
7 # 298 ---> 327 (4)
8 # 227 ---> 255 (4)
9 # 721 ---> 720 (4)
10 # 730 ---> 702 (4)
11 # 38 ---> 11 (4)
12 # 99 ---> 128 (4)
13 # 534 ---> 506 (4)
14 # 322 ---> 292 (4)
15 # 799 ---> 768 (4)
16 # 396 ---> 395 (4)
17 # 135 ---> 134 (4)
18 # 41 ---> 40 (4)
19 # 272 ---> 302 (4)
20 # 643 ---> 615 (4)
21 # 455 ---> 483 (4)
22 # 408 ---> 409 (4)
23 # 541 ---> 565 (4)
24 # 701 ---> 700 (4)
25 # 784 ---> 753 (4)
27 # 283 ---> 282 (4)
28 # 796 ---> 765 (4)
29 # 250 ---> 249 (4)
30 # 562 ---> 563 (4)
31 # 203 ---> 202 (4)
32 # 358 ---> 357 (4)
1 # 487 ---> 486 (5)
2 # 456 ---> 457 (5)
3 # 137 ---> 136 (5)
4 # 913 ---> 912 (5)
5 # 743 ---> 714 (5)
6 # 631 ---> 602 (5)
7 # 327 ---> 354 (5)
8 # 255 ---> 285 (5)
9 # 720 ---> 719 (5)
10 # 702 ---> 703 (5)
11 # 11 ---> 12 (5)
12 # 128 ---> 127 (5)
13 # 506 ---> 479 (5)
14 # 292 ---> 262 (5)
15 # 768 ---> 739 (5)
16 # 395 ---> 394 (5)
17 # 134 ---> 133 (5)
18 # 40 ---> 39 (5)
19 # 302 ---> 331 (5)
20 # 615 ---> 588 (5)
21 # 483 ---> 509 (5)
22 # 409 ---> 410 (5)
23 # 565 ---> 594 (5)
24 # 700 ---> 673 (5)
25 # 753 ---> 725 (5)
27 # 282 ---> 281 (5)
28 # 765 ---> 736 (5)
29 # 249 ---> 248 (5)
30 # 563 ---> 564 (5)
31 # 202 ---> 201 (5)
32 # 357 ---> 389 (5)
1 # 486 ---> 485 (6)
2 # 457 ---> 458 (6)
3 # 136 ---> 135 (6)
4 # 912 ---> 911 (6)
5 # 714 ---> 685 (6)
6 # 602 ---> 574 (6)
7 # 354 ---> 383 (6)
8 # 285 ---> 314 (6)
9 # 719 ---> 690 (6)
10 # 703 ---> 674 (6)
11 # 12 ---> 13 (6)
12 # 127 ---> 156 (6)
13 # 479 ---> 480 (6)
14 # 262 ---> 234 (6)
15 # 739 ---> 711 (6)
16 # 394 ---> 393 (6)
17 # 133 ---> 132 (6)
18 # 39 ---> 69 (6)
19 # 331 ---> 330 (6)
20 # 588 ---> 559 (6)
21 # 509 ---> 539 (6)
22 # 410 ---> 411 (6)
23 # 594 ---> 622 (6)
24 # 673 ---> 643 (6)
25 # 725 ---> 696 (6)
28 # 736 ---> 708 (6)
29 # 248 ---> 278 (6)
30 # 564 ---> 540 (6)
31 # 201 ---> 200 (6)
32 # 389 ---> 388 (6)
1 # 485 ---> 484 (7)
3 # 135 ---> 134 (7)
4 # 911 ---> 910 (7)
5 # 685 ---> 658 (7)
6 # 574 ---> 575 (7)
7 # 383 ---> 414 (7)
8 # 314 ---> 342 (7)
9 # 690 ---> 663 (7)
10 # 674 ---> 646 (7)
11 # 13 ---> 40 (7)
12 # 156 ---> 184 (7)
13 # 480 ---> 451 (7)
14 # 234 ---> 233 (7)
15 # 711 ---> 710 (7)
16 # 393 ---> 392 (7)
17 # 132 ---> 131 (7)
18 # 69 ---> 98 (7)
19 # 330 ---> 329 (7)
20 # 559 ---> 534 (7)
21 # 539 ---> 563 (7)
22 # 411 ---> 412 (7)
23 # 622 ---> 650 (7)
24 # 643 ---> 615 (7)
25 # 696 ---> 669 (7)
28 # 708 ---> 679 (7)
29 # 278 ---> 308 (7)
30 # 540 ---> 510 (7)
31 # 200 ---> 229 (7)
32 # 388 ---> 387 (7)
1 # 484 ---> 483 (8)
3 # 134 ---> 133 (8)
4 # 910 ---> 909 (8)
5 # 658 ---> 630 (8)
6 # 575 ---> 576 (8)
7 # 414 ---> 444 (8)
8 # 342 ---> 369 (8)
9 # 663 ---> 635 (8)
10 # 646 ---> 618 (8)
11 # 40 ---> 41 (8)
12 # 184 ---> 213 (8)
13 # 451 ---> 452 (8)
14 # 233 ---> 205 (8)
15 # 710 ---> 681 (8)
16 # 392 ---> 391 (8)
17 # 131 ---> 130 (8)
18 # 98 ---> 125 (8)
19 # 329 ---> 328 (8)
20 # 534 ---> 506 (8)
21 # 563 ---> 592 (8)
22 # 412 ---> 413 (8)
23 # 650 ---> 678 (8)
24 # 615 ---> 588 (8)
25 # 669 ---> 670 (8)
28 # 679 ---> 651 (8)
29 # 308 ---> 336 (8)
30 # 510 ---> 511 (8)
31 # 229 ---> 257 (8)
32 # 387 ---> 386 (8)
1 # 483 ---> 509 (9)
3 # 133 ---> 104 (9)
4 # 909 ---> 908 (9)
5 # 630 ---> 631 (9)
6 # 576 ---> 577 (9)
7 # 444 ---> 472 (9)
8 # 369 ---> 400 (9)
9 # 635 ---> 634 (9)
10 # 618 ---> 590 (9)
11 # 41 ---> 42 (9)
12 # 213 ---> 242 (9)
13 # 452 ---> 453 (9)
14 # 205 ---> 175 (9)
15 # 681 ---> 653 (9)
16 # 391 ---> 390 (9)
17 # 130 ---> 129 (9)
18 # 125 ---> 124 (9)
19 # 328 ---> 355 (9)
20 # 506 ---> 479 (9)
21 # 592 ---> 620 (9)
22 # 413 ---> 414 (9)
23 # 678 ---> 679 (9)
24 # 588 ---> 559 (9)
25 # 670 ---> 671 (9)
28 # 651 ---> 623 (9)
29 # 336 ---> 335 (9)
30 # 511 ---> 485 (9)
31 # 257 ---> 287 (9)
32 # 386 ---> 385 (9)
1 # 509 ---> 539 (10)
3 # 104 ---> 103 (10)
4 # 908 ---> 907 (10)
5 # 631 ---> 632 (10)
6 # 577 ---> 578 (10)
7 # 472 ---> 501 (10)
8 # 400 ---> 431 (10)
9 # 634 ---> 605 (10)
10 # 590 ---> 591 (10)
11 # 42 ---> 43 (10)
12 # 242 ---> 271 (10)
13 # 453 ---> 423 (10)
14 # 175 ---> 147 (10)
15 # 653 ---> 625 (10)
16 # 390 ---> 389 (10)
17 # 129 ---> 128 (10)
18 # 124 ---> 153 (10)
19 # 355 ---> 354 (10)
20 # 479 ---> 480 (10)
21 # 620 ---> 648 (10)
22 # 414 ---> 415 (10)
24 # 559 ---> 534 (10)
25 # 671 ---> 641 (10)
28 # 623 ---> 595 (10)
29 # 335 ---> 361 (10)
30 # 485 ---> 456 (10)
31 # 287 ---> 316 (10)
32 # 385 ---> 384 (10)
1 # 539 ---> 563 (11)
3 # 103 ---> 102 (11)
4 # 907 ---> 906 (11)
5 # 632 ---> 633 (11)
6 # 578 ---> 579 (11)
7 # 501 ---> 528 (11)
8 # 431 ---> 430 (11)
9 # 605 ---> 577 (11)
10 # 591 ---> 592 (11)
11 # 43 ---> 44 (11)
12 # 271 ---> 270 (11)
13 # 423 ---> 393 (11)
14 # 147 ---> 117 (11)
15 # 625 ---> 624 (11)
16 # 389 ---> 388 (11)
17 # 128 ---> 127 (11)
18 # 153 ---> 181 (11)
19 # 354 ---> 355 (11)
20 # 480 ---> 451 (11)
21 # 648 ---> 676 (11)
22 # 415 ---> 416 (11)
24 # 534 ---> 506 (11)
25 # 641 ---> 613 (11)
28 # 595 ---> 594 (11)
29 # 361 ---> 360 (11)
30 # 456 ---> 427 (11)
31 # 316 ---> 344 (11)
32 # 384 ---> 383 (11)
1 # 563 ---> 562 (12)
3 # 102 ---> 75 (12)
4 # 906 ---> 905 (12)
5 # 633 ---> 634 (12)
6 # 579 ---> 580 (12)
7 # 528 ---> 552 (12)
8 # 430 ---> 459 (12)
9 # 577 ---> 548 (12)
10 # 592 ---> 593 (12)
11 # 44 ---> 45 (12)
12 # 270 ---> 269 (12)
13 # 393 ---> 361 (12)
14 # 117 ---> 93 (12)
15 # 624 ---> 623 (12)
16 # 388 ---> 387 (12)
17 # 127 ---> 126 (12)
18 # 181 ---> 211 (12)
19 # 355 ---> 384 (12)
20 # 451 ---> 422 (12)
21 # 676 ---> 705 (12)
22 # 416 ---> 417 (12)
24 # 506 ---> 479 (12)
25 # 613 ---> 614 (12)
28 # 594 ---> 565 (12)
29 # 360 ---> 359 (12)
30 # 427 ---> 397 (12)
31 # 344 ---> 371 (12)
32 # 383 ---> 382 (12)
1 # 562 ---> 591 (13)
3 # 75 ---> 74 (13)
4 # 905 ---> 904 (13)
5 # 634 ---> 635 (13)
6 # 580 ---> 581 (13)
7 # 552 ---> 582 (13)
8 # 459 ---> 488 (13)
9 # 548 ---> 524 (13)
10 # 593 ---> 564 (13)
11 # 45 ---> 46 (13)
12 # 269 ---> 268 (13)
13 # 361 ---> 335 (13)
14 # 93 ---> 61 (13)
15 # 623 ---> 622 (13)
16 # 387 ---> 356 (13)
17 # 126 ---> 125 (13)
18 # 211 ---> 210 (13)
19 # 384 ---> 385 (13)
20 # 422 ---> 421 (13)
21 # 705 ---> 733 (13)
22 # 417 ---> 418 (13)
24 # 479 ---> 478 (13)
25 # 614 ---> 615 (13)
28 # 565 ---> 541 (13)
29 # 359 ---> 391 (13)
30 # 397 ---> 365 (13)
31 # 371 ---> 402 (13)
32 # 382 ---> 413 (13)
1 # 591 ---> 619 (14)
3 # 74 ---> 73 (14)
4 # 904 ---> 903 (14)
5 # 635 ---> 636 (14)
6 # 581 ---> 551 (14)
7 # 582 ---> 609 (14)
8 # 488 ---> 514 (14)
9 # 524 ---> 497 (14)
10 # 564 ---> 540 (14)
11 # 46 ---> 76 (14)
12 # 268 ---> 298 (14)
13 # 335 ---> 336 (14)
14 # 61 ---> 33 (14)
15 # 622 ---> 621 (14)
16 # 356 ---> 331 (14)
17 # 125 ---> 124 (14)
18 # 210 ---> 209 (14)
19 # 385 ---> 386 (14)
20 # 421 ---> 390 (14)
21 # 733 ---> 762 (14)
22 # 418 ---> 419 (14)
24 # 478 ---> 450 (14)
25 # 615 ---> 616 (14)
28 # 541 ---> 511 (14)
29 # 391 ---> 422 (14)
30 # 365 ---> 338 (14)
31 # 402 ---> 433 (14)
32 # 413 ---> 443 (14)
1 # 619 ---> 647 (15)
3 # 73 ---> 72 (15)
4 # 903 ---> 902 (15)
5 # 636 ---> 606 (15)
6 # 551 ---> 552 (15)
7 # 609 ---> 638 (15)
8 # 514 ---> 543 (15)
9 # 497 ---> 468 (15)
10 # 540 ---> 541 (15)
11 # 76 ---> 77 (15)
13 # 336 ---> 308 (15)
14 # 33 ---> 32 (15)
15 # 621 ---> 620 (15)
16 # 331 ---> 330 (15)
17 # 124 ---> 123 (15)
18 # 209 ---> 238 (15)
20 # 390 ---> 358 (15)
21 # 762 ---> 793 (15)
22 # 419 ---> 420 (15)
24 # 450 ---> 449 (15)
25 # 616 ---> 617 (15)
28 # 511 ---> 510 (15)
30 # 338 ---> 311 (15)
31 # 433 ---> 462 (15)
32 # 443 ---> 471 (15)
1 # 647 ---> 646 (16)
3 # 72 ---> 71 (16)
4 # 902 ---> 901 (16)
5 # 606 ---> 607 (16)
6 # 552 ---> 553 (16)
7 # 638 ---> 666 (16)
8 # 543 ---> 567 (16)
9 # 468 ---> 439 (16)
10 # 541 ---> 511 (16)
11 # 77 ---> 78 (16)
13 # 308 ---> 278 (16)
14 # 32 ---> 31 (16)
15 # 620 ---> 592 (16)
16 # 330 ---> 329 (16)
17 # 123 ---> 122 (16)
18 # 238 ---> 266 (16)
20 # 358 ---> 333 (16)
22 # 420 ---> 421 (16)
24 # 449 ---> 419 (16)
25 # 617 ---> 618 (16)
28 # 510 ---> 509 (16)
30 # 311 ---> 310 (16)
31 # 462 ---> 491 (16)
32 # 471 ---> 500 (16)
1 # 646 ---> 645 (17)
3 # 71 ---> 70 (17)
4 # 901 ---> 900 (17)
5 # 607 ---> 608 (17)
6 # 553 ---> 554 (17)
7 # 666 ---> 693 (17)
8 # 567 ---> 596 (17)
9 # 439 ---> 409 (17)
10 # 511 ---> 485 (17)
11 # 78 ---> 79 (17)
13 # 278 ---> 248 (17)
14 # 31 ---> 30 (17)
15 # 592 ---> 591 (17)
16 # 329 ---> 328 (17)
17 # 122 ---> 121 (17)
18 # 266 ---> 296 (17)
20 # 333 ---> 305 (17)
22 # 421 ---> 390 (17)
24 # 419 ---> 418 (17)
25 # 618 ---> 619 (17)
28 # 509 ---> 483 (17)
30 # 310 ---> 280 (17)
31 # 491 ---> 517 (17)
32 # 500 ---> 527 (17)
1 # 645 ---> 644 (18)
3 # 70 ---> 69 (18)
4 # 900 ---> 872 (18)
5 # 608 ---> 609 (18)
6 # 554 ---> 529 (18)
7 # 693 ---> 723 (18)
8 # 596 ---> 625 (18)
9 # 409 ---> 378 (18)
10 # 485 ---> 456 (18)
11 # 79 ---> 80 (18)
13 # 248 ---> 220 (18)
15 # 591 ---> 590 (18)
16 # 328 ---> 355 (18)
17 # 121 ---> 151 (18)
18 # 296 ---> 326 (18)
20 # 305 ---> 275 (18)
22 # 390 ---> 391 (18)
24 # 418 ---> 417 (18)
25 # 619 ---> 620 (18)
28 # 483 ---> 455 (18)
30 # 280 ---> 250 (18)
31 # 517 ---> 544 (18)
32 # 527 ---> 551 (18)
1 # 644 ---> 643 (19)
3 # 69 ---> 68 (19)
4 # 872 ---> 871 (19)
5 # 609 ---> 582 (19)
6 # 529 ---> 530 (19)
7 # 723 ---> 751 (19)
8 # 625 ---> 653 (19)
9 # 378 ---> 350 (19)
10 # 456 ---> 427 (19)
11 # 80 ---> 81 (19)
13 # 220 ---> 192 (19)
15 # 590 ---> 618 (19)
18 # 326 ---> 352 (19)
20 # 275 ---> 245 (19)
22 # 391 ---> 392 (19)
24 # 417 ---> 416 (19)
25 # 620 ---> 621 (19)
28 # 455 ---> 454 (19)
30 # 250 ---> 222 (19)
31 # 544 ---> 570 (19)
32 # 551 ---> 581 (19)
1 # 643 ---> 642 (20)
3 # 68 ---> 67 (20)
4 # 871 ---> 870 (20)
5 # 582 ---> 552 (20)
6 # 530 ---> 531 (20)
7 # 751 ---> 782 (20)
8 # 653 ---> 681 (20)
9 # 350 ---> 323 (20)
10 # 427 ---> 428 (20)
11 # 81 ---> 82 (20)
13 # 192 ---> 164 (20)
18 # 352 ---> 381 (20)
20 # 245 ---> 216 (20)
22 # 392 ---> 393 (20)
24 # 416 ---> 385 (20)
25 # 621 ---> 622 (20)
28 # 454 ---> 453 (20)
30 # 222 ---> 194 (20)
31 # 570 ---> 599 (20)
32 # 581 ---> 608 (20)
1 # 642 ---> 641 (21)
3 # 67 ---> 66 (21)
4 # 870 ---> 869 (21)
5 # 552 ---> 528 (21)
6 # 531 ---> 532 (21)
7 # 782 ---> 811 (21)
8 # 681 ---> 710 (21)
9 # 323 ---> 322 (21)
10 # 428 ---> 429 (21)
11 # 82 ---> 83 (21)
13 # 164 ---> 165 (21)
18 # 381 ---> 412 (21)
20 # 216 ---> 188 (21)
22 # 393 ---> 423 (21)
24 # 385 ---> 384 (21)
25 # 622 ---> 623 (21)
28 # 453 ---> 452 (21)
30 # 194 ---> 195 (21)
32 # 608 ---> 637 (21)
1 # 641 ---> 671 (22)
3 # 66 ---> 65 (22)
4 # 869 ---> 868 (22)
5 # 528 ---> 501 (22)
6 # 532 ---> 533 (22)
7 # 811 ---> 841 (22)
8 # 710 ---> 738 (22)
9 # 322 ---> 321 (22)
10 # 429 ---> 430 (22)
11 # 83 ---> 84 (22)
13 # 165 ---> 166 (22)
18 # 412 ---> 442 (22)
20 # 188 ---> 160 (22)
22 # 423 ---> 453 (22)
24 # 384 ---> 383 (22)
25 # 623 ---> 624 (22)
28 # 452 ---> 481 (22)
30 # 195 ---> 167 (22)
32 # 637 ---> 665 (22)
1 # 671 ---> 670 (23)
3 # 65 ---> 64 (23)
4 # 868 ---> 867 (23)
5 # 501 ---> 472 (23)
6 # 533 ---> 534 (23)
7 # 841 ---> 842 (23)
8 # 738 ---> 767 (23)
9 # 321 ---> 320 (23)
10 # 430 ---> 431 (23)
11 # 84 ---> 85 (23)
20 # 160 ---> 161 (23)
22 # 453 ---> 454 (23)
24 # 383 ---> 354 (23)
30 # 167 ---> 138 (23)
32 # 665 ---> 692 (23)
1 # 670 ---> 669 (24)
3 # 64 ---> 63 (24)
4 # 867 ---> 866 (24)
5 # 472 ---> 473 (24)
6 # 534 ---> 535 (24)
7 # 842 ---> 873 (24)
8 # 767 ---> 798 (24)
9 # 320 ---> 319 (24)
10 # 431 ---> 400 (24)
11 # 85 ---> 86 (24)
22 # 454 ---> 455 (24)
24 # 354 ---> 353 (24)
30 # 138 ---> 107 (24)
32 # 692 ---> 722 (24)
1 # 669 ---> 668 (25)
3 # 63 ---> 62 (25)
4 # 866 ---> 865 (25)
5 # 473 ---> 474 (25)
6 # 535 ---> 536 (25)
7 # 873 ---> 902 (25)
8 # 798 ---> 799 (25)
9 # 319 ---> 318 (25)
10 # 400 ---> 401 (25)
11 # 86 ---> 110 (25)
22 # 455 ---> 483 (25)
24 # 353 ---> 352 (25)
30 # 107 ---> 82 (25)
32 # 722 ---> 750 (25)
1 # 668 ---> 667 (26)
3 # 62 ---> 34 (26)
4 # 865 ---> 864 (26)
5 # 474 ---> 475 (26)
6 # 536 ---> 537 (26)
7 # 902 ---> 903 (26)
8 # 799 ---> 828 (26)
9 # 318 ---> 289 (26)
22 # 483 ---> 484 (26)
24 # 352 ---> 326 (26)
30 # 82 ---> 51 (26)
32 # 750 ---> 781 (26)
1 # 667 ---> 666 (27)
3 # 34 ---> 33 (27)
4 # 864 ---> 863 (27)
5 # 475 ---> 476 (27)
6 # 537 ---> 538 (27)
7 # 903 ---> 904 (27)
8 # 828 ---> 859 (27)
9 # 289 ---> 288 (27)
22 # 484 ---> 485 (27)
24 # 326 ---> 325 (27)
30 # 51 ---> 22 (27)
32 # 781 ---> 810 (27)
1 # 666 ---> 665 (28)
3 # 33 ---> 32 (28)
4 # 863 ---> 862 (28)
5 # 476 ---> 477 (28)
6 # 538 ---> 539 (28)
7 # 904 ---> 905 (28)
8 # 859 ---> 888 (28)
9 # 288 ---> 258 (28)
22 # 485 ---> 486 (28)
24 # 325 ---> 324 (28)
30 # 22 ---> 23 (28)
32 # 810 ---> 840 (28)
1 # 665 ---> 692 (29)
3 # 32 ---> 4 (29)
4 # 862 ---> 861 (29)
5 # 477 ---> 478 (29)
7 # 905 ---> 906 (29)
8 # 888 ---> 919 (29)
22 # 486 ---> 487 (29)
24 # 324 ---> 323 (29)
1 # 692 ---> 691 (30)
3 # 4 ---> 3 (30)
4 # 861 ---> 890 (30)
5 # 478 ---> 479 (30)
22 # 487 ---> 488 (30)
24 # 323 ---> 322 (30)
1 # 691 ---> 721 (31)
3 # 3 ---> 2 (31)
5 # 479 ---> 480 (31)
22 # 488 ---> 489 (31)
1 # 721 ---> 749 (32)
5 # 480 ---> 451 (32)
1 # 749 ---> 780 (33)
5 # 451 ---> 452 (33)
1 # 780 ---> 809 (34)
5 # 452 ---> 453 (34)
1 # 809 ---> 839 (35)
5 # 453 ---> 423 (35)
1 # 839 ---> 871 (36)
5 # 423 ---> 424 (36)
5 # 424 ---> 425 (37)
5 # 425 ---> 426 (38)
5 # 426 ---> 427 (39)
5 # 427 ---> 428 (40)
5 # 428 ---> 429 (41)
5 # 429 ---> 430 (42)
5 # 430 ---> 431 (43)
