Fine solution
Length:31
1 # 112 ---> 114 (0)
2 # 458 ---> 202 (0)
3 # 484 ---> 228 (0)
4 # 155 ---> 27 (0)
5 # 503 ---> 375 (0)
6 # 199 ---> 71 (0)
7 # 413 ---> 405 (0)
8 # 96 ---> 32 (0)
2 # 202 ---> 194 (1)
3 # 228 ---> 164 (1)
4 # 27 ---> 11 (1)
5 # 375 ---> 311 (1)
6 # 71 ---> 67 (1)
7 # 405 ---> 404 (1)
8 # 32 ---> 0 (1)
2 # 194 ---> 195 (2)
3 # 164 ---> 132 (2)
4 # 11 ---> 3 (2)
5 # 311 ---> 319 (2)
6 # 67 ---> 66 (2)
7 # 404 ---> 436 (2)
8 # 0 ---> 1 (2)
2 # 195 ---> 199 (3)
3 # 132 ---> 134 (3)
4 # 3 ---> 35 (3)
8 # 1 ---> 5 (3)
3 # 134 ---> 142 (4)
4 # 35 ---> 99 (4)
8 # 5 ---> 13 (4)
3 # 142 ---> 158 (5)
4 # 99 ---> 355 (5)
