Fine solution
Length:73
1 # 118 ---> 54 (0)
2 # 192 ---> 194 (0)
3 # 386 ---> 384 (0)
4 # 387 ---> 259 (0)
5 # 228 ---> 100 (0)
6 # 113 ---> 49 (0)
7 # 303 ---> 271 (0)
8 # 435 ---> 307 (0)
9 # 477 ---> 469 (0)
10 # 2 ---> 0 (0)
11 # 245 ---> 117 (0)
12 # 172 ---> 140 (0)
13 # 498 ---> 242 (0)
14 # 367 ---> 111 (0)
15 # 211 ---> 83 (0)
16 # 258 ---> 262 (0)
1 # 54 ---> 22 (1)
2 # 194 ---> 198 (1)
3 # 384 ---> 256 (1)
4 # 259 ---> 263 (1)
5 # 100 ---> 68 (1)
6 # 49 ---> 17 (1)
7 # 271 ---> 15 (1)
8 # 307 ---> 275 (1)
9 # 469 ---> 468 (1)
10 # 0 ---> 16 (1)
11 # 117 ---> 53 (1)
12 # 140 ---> 132 (1)
13 # 242 ---> 178 (1)
14 # 111 ---> 47 (1)
15 # 83 ---> 19 (1)
16 # 262 ---> 6 (1)
1 # 22 ---> 30 (2)
2 # 198 ---> 230 (2)
3 # 256 ---> 260 (2)
4 # 263 ---> 279 (2)
5 # 68 ---> 69 (2)
6 # 17 ---> 1 (2)
7 # 15 ---> 7 (2)
8 # 275 ---> 259 (2)
9 # 468 ---> 470 (2)
10 # 16 ---> 48 (2)
11 # 53 ---> 21 (2)
12 # 132 ---> 128 (2)
13 # 178 ---> 176 (2)
14 # 47 ---> 63 (2)
15 # 19 ---> 18 (2)
16 # 6 ---> 4 (2)
1 # 30 ---> 28 (3)
3 # 260 ---> 268 (3)
4 # 279 ---> 311 (3)
5 # 69 ---> 325 (3)
6 # 1 ---> 0 (3)
7 # 7 ---> 6 (3)
8 # 259 ---> 257 (3)
10 # 48 ---> 112 (3)
11 # 21 ---> 23 (3)
12 # 128 ---> 144 (3)
13 # 176 ---> 184 (3)
14 # 63 ---> 191 (3)
15 # 18 ---> 26 (3)
16 # 4 ---> 20 (3)
1 # 28 ---> 156 (4)
6 # 0 ---> 4 (4)
7 # 6 ---> 22 (4)
8 # 257 ---> 256 (4)
11 # 23 ---> 279 (4)
12 # 144 ---> 208 (4)
15 # 26 ---> 58 (4)
16 # 20 ---> 148 (4)
1 # 156 ---> 412 (5)
6 # 4 ---> 260 (5)
12 # 208 ---> 464 (5)
