Solution makespan:7
Timestep 0:
	0 # 17
	1 # 19
	2 # 11
	3 # 34
	4 # 52
	5 # 45
	6 # 1
	7 # 0
Timestep 1:
	0 # 16
	1 # 26
	2 # 12
	3 # 40
	4 # 45
	5 # 37
	6 # 2
	7 # 0
Timestep 2:
	0 # 15
	1 # 34
	2 # 18
	3 # 39
	4 # 37
	5 # 31
	6 # 2
	7 # 7
Timestep 3:
	0 # 14
	1 # 40
	2 # 18
	3 # 38
	4 # 31
	5 # 23
	6 # 1
	7 # 7
Timestep 4:
	0 # 20
	1 # 48
	2 # 18
	3 # 39
	4 # 31
	5 # 17
	6 # 0
	7 # 8
Timestep 5:
	0 # 28
	1 # 49
	2 # 18
	3 # 39
	4 # 31
	5 # 10
	6 # 7
	7 # 9
Timestep 6:
	0 # 35
	1 # 49
	2 # 18
	3 # 39
	4 # 31
	5 # 3
	6 # 8
	7 # 10
Timestep 7:
	0 # 42
	1 # 49
	2 # 18
	3 # 39
	4 # 31
	5 # 4
	6 # 8
	7 # 10

