Solution makespan:8
Timestep 0:
	0 # 27
	1 # 5
	2 # 41
	3 # 37
	4 # 34
	5 # 2
	6 # 0
	7 # 43
Timestep 1:
	0 # 19
	1 # 4
	2 # 42
	3 # 36
	4 # 27
	5 # 10
	6 # 7
	7 # 44
Timestep 2:
	0 # 11
	1 # 3
	2 # 48
	3 # 37
	4 # 26
	5 # 18
	6 # 8
	7 # 51
Timestep 3:
	0 # 10
	1 # 11
	2 # 56
	3 # 32
	4 # 25
	5 # 19
	6 # 9
	7 # 51
Timestep 4:
	0 # 18
	1 # 19
	2 # 48
	3 # 24
	4 # 33
	5 # 20
	6 # 10
	7 # 50
Timestep 5:
	0 # 17
	1 # 27
	2 # 42
	3 # 25
	4 # 33
	5 # 12
	6 # 11
	7 # 43
Timestep 6:
	0 # 16
	1 # 34
	2 # 48
	3 # 26
	4 # 32
	5 # 4
	6 # 12
	7 # 37
Timestep 7:
	0 # 17
	1 # 35
	2 # 56
	3 # 27
	4 # 32
	5 # 12
	6 # 13
	7 # 36
Timestep 8:
	0 # 18
	1 # 40
	2 # 55
	3 # 28
	4 # 37
	5 # 13
	6 # 14
	7 # 31

