Solution makespan:11
Timestep 0:
	0 # 31
	1 # 14
	2 # 6
	3 # 52
	4 # 27
	5 # 22
	6 # 18
	7 # 25
	8 # 9
	9 # 35
	10 # 10
	11 # 4
	12 # 24
	13 # 19
	14 # 11
	15 # 43
	16 # 13
	17 # 50
	18 # 38
	19 # 12
	20 # 51
	21 # 39
	22 # 15
	23 # 32
	24 # 0
	25 # 26
	26 # 42
	27 # 49
	28 # 23
	29 # 7
	30 # 20
	31 # 28
Timestep 1:
	0 # 38
	1 # 15
	2 # 13
	3 # 51
	4 # 33
	5 # 22
	6 # 25
	7 # 24
	8 # 10
	9 # 35
	10 # 3
	11 # 4
	12 # 23
	13 # 19
	14 # 11
	15 # 50
	16 # 12
	17 # 49
	18 # 37
	19 # 5
	20 # 44
	21 # 39
	22 # 16
	23 # 32
	24 # 0
	25 # 26
	26 # 42
	27 # 48
	28 # 30
	29 # 8
	30 # 27
	31 # 28
Timestep 2:
	0 # 38
	1 # 7
	2 # 14
	3 # 50
	4 # 40
	5 # 15
	6 # 31
	7 # 23
	8 # 9
	9 # 36
	10 # 10
	11 # 4
	12 # 22
	13 # 18
	14 # 19
	15 # 49
	16 # 13
	17 # 48
	18 # 43
	19 # 6
	20 # 51
	21 # 39
	22 # 17
	23 # 32
	24 # 5
	25 # 25
	26 # 35
	27 # 42
	28 # 29
	29 # 16
	30 # 33
	31 # 21
Timestep 3:
	0 # 44
	1 # 8
	2 # 15
	3 # 49
	4 # 46
	5 # 7
	6 # 38
	7 # 30
	8 # 17
	9 # 37
	10 # 3
	11 # 11
	12 # 29
	13 # 10
	14 # 26
	15 # 48
	16 # 12
	17 # 42
	18 # 50
	19 # 13
	20 # 51
	21 # 39
	22 # 24
	23 # 32
	24 # 0
	25 # 18
	26 # 35
	27 # 41
	28 # 28
	29 # 23
	30 # 40
	31 # 21
Timestep 4:
	0 # 38
	1 # 9
	2 # 22
	3 # 48
	4 # 45
	5 # 8
	6 # 37
	7 # 36
	8 # 17
	9 # 43
	10 # 3
	11 # 19
	12 # 28
	13 # 11
	14 # 25
	15 # 42
	16 # 13
	17 # 35
	18 # 49
	19 # 20
	20 # 44
	21 # 39
	22 # 24
	23 # 33
	24 # 5
	25 # 18
	26 # 29
	27 # 34
	28 # 21
	29 # 30
	30 # 46
	31 # 14
Timestep 5:
	0 # 31
	1 # 10
	2 # 23
	3 # 42
	4 # 45
	5 # 9
	6 # 43
	7 # 35
	8 # 16
	9 # 50
	10 # 4
	11 # 26
	12 # 34
	13 # 19
	14 # 24
	15 # 41
	16 # 14
	17 # 29
	18 # 48
	19 # 27
	20 # 38
	21 # 39
	22 # 17
	23 # 40
	24 # 12
	25 # 18
	26 # 22
	27 # 33
	28 # 21
	29 # 36
	30 # 47
	31 # 15
Timestep 6:
	0 # 25
	1 # 11
	2 # 30
	3 # 35
	4 # 45
	5 # 9
	6 # 50
	7 # 34
	8 # 8
	9 # 51
	10 # 3
	11 # 26
	12 # 33
	13 # 19
	14 # 23
	15 # 40
	16 # 21
	17 # 22
	18 # 49
	19 # 28
	20 # 31
	21 # 39
	22 # 18
	23 # 46
	24 # 13
	25 # 10
	26 # 15
	27 # 27
	28 # 20
	29 # 37
	30 # 48
	31 # 7
Timestep 7:
	0 # 24
	1 # 11
	2 # 36
	3 # 29
	4 # 46
	5 # 17
	6 # 49
	7 # 41
	8 # 2
	9 # 51
	10 # 4
	11 # 26
	12 # 32
	13 # 19
	14 # 22
	15 # 33
	16 # 21
	17 # 15
	18 # 48
	19 # 34
	20 # 25
	21 # 39
	22 # 10
	23 # 47
	24 # 14
	25 # 3
	26 # 16
	27 # 20
	28 # 13
	29 # 37
	30 # 42
	31 # 8
Timestep 8:
	0 # 17
	1 # 11
	2 # 37
	3 # 29
	4 # 40
	5 # 18
	6 # 48
	7 # 34
	8 # 2
	9 # 50
	10 # 4
	11 # 25
	12 # 33
	13 # 19
	14 # 22
	15 # 27
	16 # 28
	17 # 7
	18 # 42
	19 # 35
	20 # 24
	21 # 38
	22 # 10
	23 # 47
	24 # 15
	25 # 3
	26 # 16
	27 # 13
	28 # 12
	29 # 43
	30 # 41
	31 # 9
Timestep 9:
	0 # 9
	1 # 11
	2 # 38
	3 # 22
	4 # 33
	5 # 17
	6 # 47
	7 # 35
	8 # 2
	9 # 49
	10 # 4
	11 # 31
	12 # 27
	13 # 18
	14 # 21
	15 # 20
	16 # 29
	17 # 7
	18 # 42
	19 # 36
	20 # 25
	21 # 44
	22 # 10
	23 # 41
	24 # 16
	25 # 3
	26 # 23
	27 # 14
	28 # 13
	29 # 50
	30 # 40
	31 # 8
Timestep 10:
	0 # 17
	1 # 19
	2 # 39
	3 # 21
	4 # 34
	5 # 24
	6 # 46
	7 # 29
	8 # 2
	9 # 48
	10 # 4
	11 # 38
	12 # 27
	13 # 25
	14 # 28
	15 # 13
	16 # 30
	17 # 7
	18 # 35
	19 # 37
	20 # 26
	21 # 43
	22 # 11
	23 # 47
	24 # 23
	25 # 3
	26 # 22
	27 # 15
	28 # 6
	29 # 51
	30 # 33
	31 # 8
Timestep 11:
	0 # 18
	1 # 11
	2 # 39
	3 # 14
	4 # 35
	5 # 25
	6 # 45
	7 # 22
	8 # 2
	9 # 49
	10 # 3
	11 # 44
	12 # 20
	13 # 31
	14 # 21
	15 # 12
	16 # 36
	17 # 7
	18 # 29
	19 # 38
	20 # 26
	21 # 43
	22 # 4
	23 # 48
	24 # 23
	25 # 10
	26 # 15
	27 # 16
	28 # 6
	29 # 52
	30 # 27
	31 # 8

