Solution makespan:9
Timestep 0:
	0 # 47
	1 # 50
	2 # 12
	3 # 54
	4 # 40
	5 # 55
	6 # 19
	7 # 41
Timestep 1:
	0 # 53
	1 # 43
	2 # 4
	3 # 48
	4 # 39
	5 # 49
	6 # 26
	7 # 40
Timestep 2:
	0 # 54
	1 # 44
	2 # 5
	3 # 40
	4 # 32
	5 # 49
	6 # 33
	7 # 39
Timestep 3:
	0 # 55
	1 # 45
	2 # 6
	3 # 33
	4 # 32
	5 # 48
	6 # 34
	7 # 39
Timestep 4:
	0 # 55
	1 # 46
	2 # 7
	3 # 32
	4 # 31
	5 # 40
	6 # 41
	7 # 38
Timestep 5:
	0 # 55
	1 # 47
	2 # 7
	3 # 25
	4 # 38
	5 # 40
	6 # 41
	7 # 37
Timestep 6:
	0 # 54
	1 # 47
	2 # 7
	3 # 18
	4 # 38
	5 # 40
	6 # 41
	7 # 36
Timestep 7:
	0 # 48
	1 # 39
	2 # 7
	3 # 12
	4 # 38
	5 # 40
	6 # 41
	7 # 44
Timestep 8:
	0 # 54
	1 # 32
	2 # 7
	3 # 4
	4 # 38
	5 # 40
	6 # 41
	7 # 43
Timestep 9:
	0 # 54
	1 # 25
	2 # 7
	3 # 5
	4 # 38
	5 # 40
	6 # 41
	7 # 43

