Solution makespan:11
Timestep 0:
	0 # 44
	1 # 14
	2 # 21
	3 # 1
	4 # 4
	5 # 30
	6 # 13
	7 # 54
	8 # 52
	9 # 9
	10 # 17
	11 # 6
	12 # 41
	13 # 22
	14 # 20
	15 # 28
	16 # 49
	17 # 29
	18 # 47
	19 # 24
	20 # 15
	21 # 5
	22 # 31
	23 # 46
	24 # 36
	25 # 8
	26 # 25
	27 # 56
	28 # 26
	29 # 11
	30 # 40
	31 # 48
Timestep 1:
	0 # 52
	1 # 19
	2 # 27
	3 # 0
	4 # 3
	5 # 23
	6 # 13
	7 # 46
	8 # 51
	9 # 1
	10 # 11
	11 # 6
	12 # 49
	13 # 16
	14 # 15
	15 # 35
	16 # 57
	17 # 29
	18 # 55
	19 # 31
	20 # 14
	21 # 5
	22 # 38
	23 # 45
	24 # 36
	25 # 9
	26 # 32
	27 # 48
	28 # 25
	29 # 12
	30 # 40
	31 # 47
Timestep 2:
	0 # 51
	1 # 26
	2 # 28
	3 # 8
	4 # 2
	5 # 17
	6 # 12
	7 # 38
	8 # 50
	9 # 0
	10 # 3
	11 # 6
	12 # 48
	13 # 9
	14 # 7
	15 # 43
	16 # 56
	17 # 36
	18 # 55
	19 # 30
	20 # 19
	21 # 13
	22 # 39
	23 # 53
	24 # 35
	25 # 10
	26 # 31
	27 # 47
	28 # 32
	29 # 18
	30 # 41
	31 # 46
Timestep 3:
	0 # 50
	1 # 25
	2 # 35
	3 # 9
	4 # 2
	5 # 23
	6 # 12
	7 # 31
	8 # 42
	9 # 0
	10 # 3
	11 # 14
	12 # 47
	13 # 1
	14 # 15
	15 # 51
	16 # 48
	17 # 36
	18 # 56
	19 # 30
	20 # 26
	21 # 5
	22 # 40
	23 # 54
	24 # 34
	25 # 11
	26 # 24
	27 # 46
	28 # 39
	29 # 18
	30 # 49
	31 # 38
Timestep 4:
	0 # 51
	1 # 32
	2 # 36
	3 # 16
	4 # 10
	5 # 23
	6 # 11
	7 # 24
	8 # 43
	9 # 0
	10 # 4
	11 # 19
	12 # 46
	13 # 2
	14 # 14
	15 # 52
	16 # 40
	17 # 44
	18 # 57
	19 # 29
	20 # 25
	21 # 6
	22 # 41
	23 # 55
	24 # 42
	25 # 17
	26 # 18
	27 # 38
	28 # 47
	29 # 12
	30 # 48
	31 # 37
Timestep 5:
	0 # 52
	1 # 39
	2 # 29
	3 # 22
	4 # 9
	5 # 23
	6 # 10
	7 # 18
	8 # 42
	9 # 0
	10 # 5
	11 # 26
	12 # 45
	13 # 3
	14 # 19
	15 # 53
	16 # 48
	17 # 36
	18 # 57
	19 # 28
	20 # 32
	21 # 6
	22 # 41
	23 # 56
	24 # 50
	25 # 17
	26 # 12
	27 # 31
	28 # 46
	29 # 11
	30 # 47
	31 # 30
Timestep 6:
	0 # 53
	1 # 38
	2 # 28
	3 # 21
	4 # 16
	5 # 17
	6 # 9
	7 # 12
	8 # 50
	9 # 1
	10 # 6
	11 # 25
	12 # 44
	13 # 4
	14 # 26
	15 # 54
	16 # 47
	17 # 37
	18 # 57
	19 # 35
	20 # 39
	21 # 7
	22 # 49
	23 # 56
	24 # 51
	25 # 11
	26 # 13
	27 # 30
	28 # 45
	29 # 10
	30 # 46
	31 # 23
Timestep 7:
	0 # 54
	1 # 38
	2 # 29
	3 # 27
	4 # 22
	5 # 18
	6 # 9
	7 # 4
	8 # 42
	9 # 2
	10 # 14
	11 # 32
	12 # 43
	13 # 5
	14 # 25
	15 # 55
	16 # 46
	17 # 30
	18 # 57
	19 # 35
	20 # 47
	21 # 7
	22 # 49
	23 # 48
	24 # 52
	25 # 12
	26 # 13
	27 # 23
	28 # 44
	29 # 10
	30 # 45
	31 # 17
Timestep 8:
	0 # 55
	1 # 37
	2 # 29
	3 # 27
	4 # 21
	5 # 17
	6 # 16
	7 # 3
	8 # 42
	9 # 10
	10 # 19
	11 # 39
	12 # 51
	13 # 6
	14 # 32
	15 # 56
	16 # 38
	17 # 30
	18 # 49
	19 # 43
	20 # 46
	21 # 15
	22 # 41
	23 # 48
	24 # 53
	25 # 18
	26 # 13
	27 # 23
	28 # 36
	29 # 9
	30 # 44
	31 # 11
Timestep 9:
	0 # 56
	1 # 45
	2 # 30
	3 # 34
	4 # 27
	5 # 17
	6 # 22
	7 # 2
	8 # 50
	9 # 11
	10 # 26
	11 # 38
	12 # 51
	13 # 7
	14 # 39
	15 # 57
	16 # 37
	17 # 31
	18 # 41
	19 # 43
	20 # 46
	21 # 15
	22 # 40
	23 # 47
	24 # 54
	25 # 24
	26 # 14
	27 # 23
	28 # 35
	29 # 16
	30 # 36
	31 # 3
Timestep 10:
	0 # 48
	1 # 44
	2 # 23
	3 # 42
	4 # 34
	5 # 11
	6 # 21
	7 # 2
	8 # 51
	9 # 12
	10 # 26
	11 # 46
	12 # 43
	13 # 15
	14 # 39
	15 # 49
	16 # 30
	17 # 32
	18 # 41
	19 # 35
	20 # 45
	21 # 14
	22 # 40
	23 # 47
	24 # 55
	25 # 31
	26 # 13
	27 # 17
	28 # 28
	29 # 22
	30 # 29
	31 # 4
Timestep 11:
	0 # 49
	1 # 44
	2 # 17
	3 # 50
	4 # 42
	5 # 10
	6 # 21
	7 # 1
	8 # 52
	9 # 18
	10 # 26
	11 # 54
	12 # 35
	13 # 20
	14 # 32
	15 # 41
	16 # 31
	17 # 25
	18 # 40
	19 # 36
	20 # 53
	21 # 19
	22 # 39
	23 # 55
	24 # 56
	25 # 38
	26 # 13
	27 # 11
	28 # 27
	29 # 28
	30 # 29
	31 # 4

