Solution makespan:11
Timestep 0:
	0 # 4
	1 # 45
	2 # 48
	3 # 51
	4 # 33
	5 # 8
	6 # 46
	7 # 54
	8 # 27
	9 # 5
	10 # 41
	11 # 37
	12 # 34
	13 # 2
	14 # 0
	15 # 43
Timestep 1:
	0 # 3
	1 # 52
	2 # 47
	3 # 44
	4 # 38
	5 # 9
	6 # 46
	7 # 55
	8 # 27
	9 # 4
	10 # 40
	11 # 32
	12 # 35
	13 # 10
	14 # 7
	15 # 37
Timestep 2:
	0 # 2
	1 # 45
	2 # 46
	3 # 38
	4 # 37
	5 # 17
	6 # 40
	7 # 56
	8 # 34
	9 # 3
	10 # 35
	11 # 24
	12 # 28
	13 # 11
	14 # 8
	15 # 32
Timestep 3:
	0 # 1
	1 # 39
	2 # 54
	3 # 38
	4 # 37
	5 # 25
	6 # 46
	7 # 55
	8 # 35
	9 # 3
	10 # 28
	11 # 16
	12 # 27
	13 # 11
	14 # 9
	15 # 24
Timestep 4:
	0 # 1
	1 # 38
	2 # 53
	3 # 37
	4 # 43
	5 # 33
	6 # 46
	7 # 47
	8 # 40
	9 # 2
	10 # 20
	11 # 8
	12 # 19
	13 # 3
	14 # 17
	15 # 25
Timestep 5:
	0 # 2
	1 # 37
	2 # 52
	3 # 36
	4 # 50
	5 # 38
	6 # 40
	7 # 46
	8 # 41
	9 # 10
	10 # 12
	11 # 9
	12 # 11
	13 # 4
	14 # 17
	15 # 26
Timestep 6:
	0 # 3
	1 # 43
	2 # 45
	3 # 31
	4 # 51
	5 # 39
	6 # 35
	7 # 40
	8 # 41
	9 # 18
	10 # 11
	11 # 1
	12 # 10
	13 # 12
	14 # 25
	15 # 27
Timestep 7:
	0 # 4
	1 # 43
	2 # 44
	3 # 23
	4 # 52
	5 # 45
	6 # 34
	7 # 35
	8 # 41
	9 # 17
	10 # 3
	11 # 2
	12 # 9
	13 # 20
	14 # 25
	15 # 28
Timestep 8:
	0 # 12
	1 # 44
	2 # 38
	3 # 15
	4 # 53
	5 # 52
	6 # 27
	7 # 28
	8 # 40
	9 # 25
	10 # 11
	11 # 3
	12 # 8
	13 # 19
	14 # 24
	15 # 20
Timestep 9:
	0 # 11
	1 # 51
	2 # 37
	3 # 7
	4 # 54
	5 # 53
	6 # 26
	7 # 20
	8 # 41
	9 # 33
	10 # 10
	11 # 4
	12 # 16
	13 # 27
	14 # 24
	15 # 21
Timestep 10:
	0 # 10
	1 # 52
	2 # 37
	3 # 0
	4 # 46
	5 # 54
	6 # 26
	7 # 20
	8 # 42
	9 # 38
	10 # 9
	11 # 5
	12 # 15
	13 # 34
	14 # 16
	15 # 29
Timestep 11:
	0 # 10
	1 # 53
	2 # 37
	3 # 7
	4 # 40
	5 # 55
	6 # 27
	7 # 28
	8 # 48
	9 # 44
	10 # 8
	11 # 6
	12 # 23
	13 # 35
	14 # 17
	15 # 30

