Solution makespan:11
Timestep 0:
	0 # 10
	1 # 40
	2 # 13
	3 # 19
	4 # 5
	5 # 7
	6 # 21
	7 # 8
Timestep 1:
	0 # 18
	1 # 39
	2 # 21
	3 # 11
	4 # 4
	5 # 7
	6 # 28
	7 # 8
Timestep 2:
	0 # 19
	1 # 32
	2 # 28
	3 # 11
	4 # 12
	5 # 7
	6 # 36
	7 # 16
Timestep 3:
	0 # 19
	1 # 24
	2 # 36
	3 # 11
	4 # 20
	5 # 7
	6 # 35
	7 # 23
Timestep 4:
	0 # 19
	1 # 17
	2 # 37
	3 # 11
	4 # 27
	5 # 7
	6 # 34
	7 # 31
Timestep 5:
	0 # 19
	1 # 9
	2 # 44
	3 # 11
	4 # 35
	5 # 7
	6 # 33
	7 # 32
Timestep 6:
	0 # 19
	1 # 1
	2 # 50
	3 # 11
	4 # 35
	5 # 7
	6 # 32
	7 # 24
Timestep 7:
	0 # 19
	1 # 0
	2 # 50
	3 # 11
	4 # 35
	5 # 7
	6 # 31
	7 # 32
Timestep 8:
	0 # 19
	1 # 0
	2 # 50
	3 # 11
	4 # 35
	5 # 7
	6 # 38
	7 # 32
Timestep 9:
	0 # 19
	1 # 0
	2 # 50
	3 # 11
	4 # 35
	5 # 7
	6 # 46
	7 # 32
Timestep 10:
	0 # 19
	1 # 0
	2 # 50
	3 # 11
	4 # 35
	5 # 7
	6 # 45
	7 # 32
Timestep 11:
	0 # 19
	1 # 0
	2 # 50
	3 # 11
	4 # 35
	5 # 7
	6 # 51
	7 # 32

