Solution makespan:11
Timestep 0:
	0 # 36
	1 # 8
	2 # 25
	3 # 56
	4 # 26
	5 # 11
	6 # 40
	7 # 48
Timestep 1:
	0 # 36
	1 # 9
	2 # 32
	3 # 56
	4 # 25
	5 # 10
	6 # 39
	7 # 40
Timestep 2:
	0 # 37
	1 # 10
	2 # 25
	3 # 55
	4 # 24
	5 # 2
	6 # 32
	7 # 39
Timestep 3:
	0 # 38
	1 # 11
	2 # 24
	3 # 54
	4 # 31
	5 # 1
	6 # 25
	7 # 32
Timestep 4:
	0 # 31
	1 # 17
	2 # 18
	3 # 53
	4 # 30
	5 # 9
	6 # 26
	7 # 25
Timestep 5:
	0 # 24
	1 # 23
	2 # 18
	3 # 52
	4 # 29
	5 # 16
	6 # 19
	7 # 26
Timestep 6:
	0 # 23
	1 # 30
	2 # 18
	3 # 53
	4 # 28
	5 # 22
	6 # 14
	7 # 19
Timestep 7:
	0 # 30
	1 # 37
	2 # 17
	3 # 52
	4 # 35
	5 # 21
	6 # 6
	7 # 20
Timestep 8:
	0 # 30
	1 # 38
	2 # 11
	3 # 44
	4 # 43
	5 # 21
	6 # 7
	7 # 20
Timestep 9:
	0 # 30
	1 # 39
	2 # 11
	3 # 52
	4 # 51
	5 # 21
	6 # 7
	7 # 20
Timestep 10:
	0 # 30
	1 # 47
	2 # 11
	3 # 52
	4 # 51
	5 # 21
	6 # 7
	7 # 20
Timestep 11:
	0 # 30
	1 # 55
	2 # 11
	3 # 52
	4 # 51
	5 # 21
	6 # 7
	7 # 20

