Solution makespan:12
Timestep 0:
	0 # 31
	1 # 15
	2 # 6
	3 # 52
	4 # 43
	5 # 14
	6 # 18
	7 # 8
	8 # 5
	9 # 7
	10 # 46
	11 # 29
	12 # 44
	13 # 30
	14 # 53
	15 # 51
	16 # 47
	17 # 50
	18 # 12
	19 # 54
	20 # 40
	21 # 55
	22 # 19
	23 # 41
Timestep 1:
	0 # 32
	1 # 22
	2 # 5
	3 # 46
	4 # 44
	5 # 13
	6 # 25
	7 # 9
	8 # 4
	9 # 6
	10 # 38
	11 # 30
	12 # 36
	13 # 23
	14 # 47
	15 # 52
	16 # 39
	17 # 50
	18 # 11
	19 # 53
	20 # 33
	21 # 49
	22 # 20
	23 # 42
Timestep 2:
	0 # 25
	1 # 22
	2 # 4
	3 # 45
	4 # 36
	5 # 13
	6 # 26
	7 # 10
	8 # 3
	9 # 6
	10 # 38
	11 # 31
	12 # 29
	13 # 16
	14 # 48
	15 # 46
	16 # 47
	17 # 43
	18 # 17
	19 # 52
	20 # 34
	21 # 41
	22 # 21
	23 # 35
Timestep 3:
	0 # 25
	1 # 23
	2 # 12
	3 # 45
	4 # 37
	5 # 20
	6 # 33
	7 # 2
	8 # 3
	9 # 13
	10 # 31
	11 # 32
	12 # 30
	13 # 10
	14 # 54
	15 # 38
	16 # 53
	17 # 44
	18 # 17
	19 # 51
	20 # 35
	21 # 49
	22 # 14
	23 # 42
Timestep 4:
	0 # 32
	1 # 22
	2 # 18
	3 # 46
	4 # 37
	5 # 19
	6 # 33
	7 # 3
	8 # 4
	9 # 14
	10 # 30
	11 # 39
	12 # 23
	13 # 11
	14 # 55
	15 # 31
	16 # 52
	17 # 36
	18 # 16
	19 # 45
	20 # 35
	21 # 49
	22 # 21
	23 # 42
Timestep 5:
	0 # 32
	1 # 15
	2 # 25
	3 # 45
	4 # 37
	5 # 18
	6 # 34
	7 # 4
	8 # 12
	9 # 21
	10 # 30
	11 # 47
	12 # 24
	13 # 17
	14 # 55
	15 # 31
	16 # 51
	17 # 29
	18 # 23
	19 # 44
	20 # 27
	21 # 49
	22 # 20
	23 # 41
Timestep 6:
	0 # 39
	1 # 9
	2 # 26
	3 # 44
	4 # 37
	5 # 25
	6 # 35
	7 # 4
	8 # 11
	9 # 20
	10 # 29
	11 # 48
	12 # 24
	13 # 16
	14 # 55
	15 # 31
	16 # 45
	17 # 22
	18 # 30
	19 # 36
	20 # 21
	21 # 41
	22 # 19
	23 # 40
Timestep 7:
	0 # 32
	1 # 10
	2 # 33
	3 # 43
	4 # 36
	5 # 24
	6 # 27
	7 # 5
	8 # 11
	9 # 19
	10 # 22
	11 # 47
	12 # 17
	13 # 23
	14 # 55
	15 # 38
	16 # 44
	17 # 15
	18 # 37
	19 # 29
	20 # 14
	21 # 42
	22 # 18
	23 # 41
Timestep 8:
	0 # 31
	1 # 11
	2 # 33
	3 # 44
	4 # 29
	5 # 23
	6 # 21
	7 # 6
	8 # 3
	9 # 26
	10 # 15
	11 # 46
	12 # 18
	13 # 30
	14 # 55
	15 # 39
	16 # 36
	17 # 16
	18 # 45
	19 # 22
	20 # 7
	21 # 42
	22 # 25
	23 # 40
Timestep 9:
	0 # 38
	1 # 12
	2 # 32
	3 # 45
	4 # 28
	5 # 22
	6 # 14
	7 # 13
	8 # 2
	9 # 26
	10 # 9
	11 # 47
	12 # 19
	13 # 31
	14 # 49
	15 # 39
	16 # 29
	17 # 17
	18 # 37
	19 # 15
	20 # 7
	21 # 41
	22 # 25
	23 # 33
Timestep 10:
	0 # 37
	1 # 18
	2 # 39
	3 # 46
	4 # 28
	5 # 15
	6 # 13
	7 # 6
	8 # 10
	9 # 19
	10 # 1
	11 # 48
	12 # 20
	13 # 38
	14 # 41
	15 # 40
	16 # 22
	17 # 11
	18 # 36
	19 # 9
	20 # 7
	21 # 34
	22 # 24
	23 # 26
Timestep 11:
	0 # 37
	1 # 25
	2 # 47
	3 # 52
	4 # 28
	5 # 9
	6 # 6
	7 # 5
	8 # 16
	9 # 18
	10 # 0
	11 # 49
	12 # 21
	13 # 46
	14 # 41
	15 # 48
	16 # 15
	17 # 3
	18 # 44
	19 # 1
	20 # 7
	21 # 34
	22 # 17
	23 # 19
Timestep 12:
	0 # 36
	1 # 26
	2 # 53
	3 # 51
	4 # 28
	5 # 1
	6 # 5
	7 # 4
	8 # 10
	9 # 12
	10 # 8
	11 # 49
	12 # 20
	13 # 52
	14 # 41
	15 # 47
	16 # 9
	17 # 2
	18 # 43
	19 # 0
	20 # 7
	21 # 34
	22 # 11
	23 # 18

