Solution makespan:13
Timestep 0:
	0 # 51
	1 # 16
	2 # 23
	3 # 28
	4 # 18
	5 # 34
	6 # 36
	7 # 32
	8 # 50
	9 # 39
	10 # 30
	11 # 19
	12 # 41
	13 # 27
	14 # 13
	15 # 22
	16 # 11
	17 # 6
	18 # 33
	19 # 42
	20 # 37
	21 # 3
	22 # 14
	23 # 44
Timestep 1:
	0 # 45
	1 # 8
	2 # 22
	3 # 28
	4 # 17
	5 # 33
	6 # 41
	7 # 24
	8 # 49
	9 # 39
	10 # 23
	11 # 18
	12 # 47
	13 # 21
	14 # 12
	15 # 16
	16 # 19
	17 # 5
	18 # 26
	19 # 43
	20 # 31
	21 # 2
	22 # 13
	23 # 50
Timestep 2:
	0 # 39
	1 # 8
	2 # 29
	3 # 35
	4 # 23
	5 # 26
	6 # 42
	7 # 25
	8 # 48
	9 # 33
	10 # 22
	11 # 10
	12 # 41
	13 # 21
	14 # 5
	15 # 15
	16 # 19
	17 # 4
	18 # 27
	19 # 43
	20 # 30
	21 # 9
	22 # 6
	23 # 51
Timestep 3:
	0 # 33
	1 # 8
	2 # 36
	3 # 35
	4 # 30
	5 # 25
	6 # 43
	7 # 20
	8 # 49
	9 # 26
	10 # 16
	11 # 10
	12 # 47
	13 # 14
	14 # 12
	15 # 7
	16 # 24
	17 # 11
	18 # 34
	19 # 37
	20 # 29
	21 # 17
	22 # 5
	23 # 45
Timestep 4:
	0 # 26
	1 # 9
	2 # 41
	3 # 35
	4 # 31
	5 # 25
	6 # 48
	7 # 12
	8 # 50
	9 # 27
	10 # 15
	11 # 3
	12 # 46
	13 # 13
	14 # 11
	15 # 0
	16 # 32
	17 # 10
	18 # 33
	19 # 43
	20 # 36
	21 # 16
	22 # 4
	23 # 39
Timestep 5:
	0 # 25
	1 # 2
	2 # 42
	3 # 28
	4 # 37
	5 # 20
	6 # 49
	7 # 5
	8 # 51
	9 # 26
	10 # 7
	11 # 10
	12 # 47
	13 # 14
	14 # 19
	15 # 1
	16 # 31
	17 # 9
	18 # 39
	19 # 48
	20 # 35
	21 # 15
	22 # 4
	23 # 40
Timestep 6:
	0 # 24
	1 # 3
	2 # 42
	3 # 28
	4 # 43
	5 # 12
	6 # 50
	7 # 6
	8 # 52
	9 # 25
	10 # 8
	11 # 9
	12 # 41
	13 # 14
	14 # 20
	15 # 0
	16 # 37
	17 # 17
	18 # 45
	19 # 49
	20 # 35
	21 # 15
	22 # 5
	23 # 34
Timestep 7:
	0 # 19
	1 # 4
	2 # 43
	3 # 29
	4 # 48
	5 # 11
	6 # 51
	7 # 6
	8 # 52
	9 # 24
	10 # 1
	11 # 9
	12 # 36
	13 # 14
	14 # 20
	15 # 7
	16 # 38
	17 # 23
	18 # 44
	19 # 50
	20 # 35
	21 # 15
	22 # 12
	23 # 27
Timestep 8:
	0 # 24
	1 # 5
	2 # 37
	3 # 28
	4 # 49
	5 # 10
	6 # 45
	7 # 13
	8 # 51
	9 # 32
	10 # 8
	11 # 17
	12 # 29
	13 # 21
	14 # 12
	15 # 0
	16 # 38
	17 # 30
	18 # 44
	19 # 50
	20 # 35
	21 # 16
	22 # 11
	23 # 27
Timestep 9:
	0 # 19
	1 # 6
	2 # 31
	3 # 28
	4 # 49
	5 # 18
	6 # 39
	7 # 14
	8 # 45
	9 # 38
	10 # 7
	11 # 23
	12 # 22
	13 # 27
	14 # 20
	15 # 0
	16 # 37
	17 # 29
	18 # 44
	19 # 51
	20 # 35
	21 # 8
	22 # 11
	23 # 34
Timestep 10:
	0 # 11
	1 # 13
	2 # 32
	3 # 29
	4 # 49
	5 # 17
	6 # 33
	7 # 14
	8 # 39
	9 # 38
	10 # 0
	11 # 30
	12 # 16
	13 # 26
	14 # 19
	15 # 1
	16 # 43
	17 # 36
	18 # 45
	19 # 51
	20 # 35
	21 # 7
	22 # 10
	23 # 34
Timestep 11:
	0 # 4
	1 # 12
	2 # 24
	3 # 22
	4 # 50
	5 # 23
	6 # 34
	7 # 14
	8 # 39
	9 # 37
	10 # 0
	11 # 29
	12 # 8
	13 # 25
	14 # 20
	15 # 1
	16 # 48
	17 # 41
	18 # 45
	19 # 51
	20 # 36
	21 # 7
	22 # 18
	23 # 27
Timestep 12:
	0 # 5
	1 # 11
	2 # 25
	3 # 22
	4 # 44
	5 # 30
	6 # 27
	7 # 13
	8 # 40
	9 # 31
	10 # 0
	11 # 28
	12 # 1
	13 # 20
	14 # 12
	15 # 2
	16 # 48
	17 # 47
	18 # 51
	19 # 50
	20 # 41
	21 # 15
	22 # 19
	23 # 21
Timestep 13:
	0 # 6
	1 # 11
	2 # 26
	3 # 23
	4 # 44
	5 # 31
	6 # 21
	7 # 13
	8 # 34
	9 # 32
	10 # 0
	11 # 35
	12 # 2
	13 # 19
	14 # 5
	15 # 9
	16 # 43
	17 # 46
	18 # 52
	19 # 51
	20 # 42
	21 # 7
	22 # 24
	23 # 14

