Solution makespan:11
Timestep 0:
	0 # 13
	1 # 17
	2 # 3
	3 # 46
	4 # 54
	5 # 1
	6 # 0
	7 # 36
	8 # 14
	9 # 6
	10 # 7
	11 # 31
	12 # 9
	13 # 39
	14 # 52
	15 # 38
	16 # 26
	17 # 37
	18 # 32
	19 # 43
	20 # 12
	21 # 5
	22 # 2
	23 # 28
	24 # 34
	25 # 45
	26 # 27
	27 # 35
	28 # 8
	29 # 24
	30 # 40
	31 # 20
Timestep 1:
	0 # 21
	1 # 16
	2 # 10
	3 # 53
	4 # 55
	5 # 1
	6 # 0
	7 # 29
	8 # 15
	9 # 13
	10 # 14
	11 # 32
	12 # 9
	13 # 33
	14 # 51
	15 # 39
	16 # 19
	17 # 37
	18 # 24
	19 # 49
	20 # 5
	21 # 4
	22 # 2
	23 # 27
	24 # 40
	25 # 46
	26 # 20
	27 # 35
	28 # 8
	29 # 25
	30 # 41
	31 # 12
Timestep 2:
	0 # 28
	1 # 23
	2 # 11
	3 # 53
	4 # 55
	5 # 1
	6 # 7
	7 # 30
	8 # 22
	9 # 21
	10 # 14
	11 # 33
	12 # 10
	13 # 25
	14 # 50
	15 # 45
	16 # 18
	17 # 38
	18 # 17
	19 # 43
	20 # 6
	21 # 5
	22 # 3
	23 # 20
	24 # 40
	25 # 46
	26 # 19
	27 # 34
	28 # 15
	29 # 26
	30 # 35
	31 # 12
Timestep 3:
	0 # 21
	1 # 31
	2 # 12
	3 # 52
	4 # 54
	5 # 1
	6 # 7
	7 # 29
	8 # 23
	9 # 20
	10 # 15
	11 # 39
	12 # 3
	13 # 26
	14 # 44
	15 # 46
	16 # 17
	17 # 32
	18 # 9
	19 # 49
	20 # 6
	21 # 5
	22 # 4
	23 # 19
	24 # 41
	25 # 47
	26 # 18
	27 # 40
	28 # 16
	29 # 27
	30 # 28
	31 # 13
Timestep 4:
	0 # 20
	1 # 37
	2 # 12
	3 # 51
	4 # 53
	5 # 2
	6 # 14
	7 # 30
	8 # 24
	9 # 19
	10 # 22
	11 # 45
	12 # 4
	13 # 26
	14 # 43
	15 # 47
	16 # 9
	17 # 32
	18 # 10
	19 # 49
	20 # 6
	21 # 5
	22 # 11
	23 # 18
	24 # 35
	25 # 48
	26 # 17
	27 # 41
	28 # 23
	29 # 34
	30 # 21
	31 # 13
Timestep 5:
	0 # 19
	1 # 44
	2 # 12
	3 # 52
	4 # 54
	5 # 3
	6 # 15
	7 # 31
	8 # 25
	9 # 18
	10 # 30
	11 # 46
	12 # 11
	13 # 27
	14 # 42
	15 # 40
	16 # 2
	17 # 38
	18 # 9
	19 # 50
	20 # 6
	21 # 5
	22 # 10
	23 # 17
	24 # 28
	25 # 47
	26 # 16
	27 # 48
	28 # 24
	29 # 35
	30 # 20
	31 # 21
Timestep 6:
	0 # 18
	1 # 43
	2 # 13
	3 # 51
	4 # 54
	5 # 4
	6 # 22
	7 # 23
	8 # 25
	9 # 17
	10 # 30
	11 # 47
	12 # 12
	13 # 28
	14 # 42
	15 # 34
	16 # 3
	17 # 39
	18 # 9
	19 # 44
	20 # 6
	21 # 5
	22 # 10
	23 # 16
	24 # 21
	25 # 40
	26 # 15
	27 # 55
	28 # 32
	29 # 41
	30 # 19
	31 # 20
Timestep 7:
	0 # 17
	1 # 43
	2 # 13
	3 # 50
	4 # 47
	5 # 11
	6 # 23
	7 # 24
	8 # 33
	9 # 16
	10 # 30
	11 # 40
	12 # 12
	13 # 35
	14 # 36
	15 # 27
	16 # 2
	17 # 45
	18 # 9
	19 # 44
	20 # 6
	21 # 5
	22 # 3
	23 # 15
	24 # 28
	25 # 34
	26 # 8
	27 # 54
	28 # 32
	29 # 41
	30 # 18
	31 # 20
Timestep 8:
	0 # 16
	1 # 44
	2 # 21
	3 # 49
	4 # 48
	5 # 11
	6 # 24
	7 # 25
	8 # 39
	9 # 15
	10 # 31
	11 # 34
	12 # 13
	13 # 41
	14 # 29
	15 # 20
	16 # 9
	17 # 46
	18 # 10
	19 # 37
	20 # 5
	21 # 4
	22 # 3
	23 # 22
	24 # 28
	25 # 27
	26 # 8
	27 # 53
	28 # 38
	29 # 40
	30 # 17
	31 # 19
Timestep 9:
	0 # 23
	1 # 50
	2 # 28
	3 # 49
	4 # 55
	5 # 4
	6 # 24
	7 # 26
	8 # 45
	9 # 8
	10 # 32
	11 # 27
	12 # 13
	13 # 48
	14 # 36
	15 # 19
	16 # 17
	17 # 47
	18 # 18
	19 # 31
	20 # 12
	21 # 3
	22 # 2
	23 # 30
	24 # 35
	25 # 20
	26 # 7
	27 # 53
	28 # 37
	29 # 40
	30 # 16
	31 # 11
Timestep 10:
	0 # 22
	1 # 49
	2 # 35
	3 # 43
	4 # 55
	5 # 5
	6 # 25
	7 # 27
	8 # 46
	9 # 7
	10 # 33
	11 # 20
	12 # 12
	13 # 47
	14 # 42
	15 # 18
	16 # 16
	17 # 54
	18 # 17
	19 # 30
	20 # 11
	21 # 2
	22 # 9
	23 # 29
	24 # 41
	25 # 21
	26 # 14
	27 # 52
	28 # 44
	29 # 40
	30 # 15
	31 # 4
Timestep 11:
	0 # 15
	1 # 49
	2 # 34
	3 # 44
	4 # 48
	5 # 6
	6 # 26
	7 # 28
	8 # 53
	9 # 0
	10 # 39
	11 # 12
	12 # 11
	13 # 46
	14 # 42
	15 # 10
	16 # 23
	17 # 55
	18 # 24
	19 # 30
	20 # 19
	21 # 1
	22 # 2
	23 # 36
	24 # 41
	25 # 21
	26 # 14
	27 # 52
	28 # 50
	29 # 47
	30 # 8
	31 # 5

