Solution makespan:18
Timestep 0:
	0 # 83
	1 # 140
	2 # 183
	3 # 137
	4 # 77
	5 # 147
	6 # 27
	7 # 38
	8 # 212
	9 # 116
	10 # 121
	11 # 214
	12 # 119
	13 # 93
	14 # 67
	15 # 35
	16 # 46
	17 # 113
	18 # 131
	19 # 125
	20 # 208
	21 # 81
	22 # 74
	23 # 0
	24 # 179
	25 # 170
	26 # 87
	27 # 21
	28 # 70
	29 # 5
	30 # 132
	31 # 134
Timestep 1:
	0 # 83
	1 # 153
	2 # 168
	3 # 149
	4 # 77
	5 # 147
	6 # 28
	7 # 37
	8 # 213
	9 # 115
	10 # 122
	11 # 201
	12 # 118
	13 # 106
	14 # 68
	15 # 35
	16 # 61
	17 # 129
	18 # 144
	19 # 140
	20 # 209
	21 # 82
	22 # 73
	23 # 12
	24 # 180
	25 # 171
	26 # 88
	27 # 22
	28 # 84
	29 # 4
	30 # 145
	31 # 146
Timestep 2:
	0 # 84
	1 # 154
	2 # 153
	3 # 149
	4 # 77
	5 # 162
	6 # 14
	7 # 36
	8 # 214
	9 # 100
	10 # 123
	11 # 187
	12 # 117
	13 # 122
	14 # 69
	15 # 22
	16 # 62
	17 # 142
	18 # 143
	19 # 140
	20 # 210
	21 # 82
	22 # 72
	23 # 12
	24 # 165
	25 # 186
	26 # 89
	27 # 21
	28 # 97
	29 # 19
	30 # 144
	31 # 146
Timestep 3:
	0 # 85
	1 # 153
	2 # 140
	3 # 137
	4 # 77
	5 # 161
	6 # 15
	7 # 49
	8 # 201
	9 # 87
	10 # 124
	11 # 172
	12 # 116
	13 # 138
	14 # 81
	15 # 22
	16 # 47
	17 # 156
	18 # 130
	19 # 125
	20 # 210
	21 # 83
	22 # 86
	23 # 13
	24 # 150
	25 # 187
	26 # 90
	27 # 21
	28 # 96
	29 # 18
	30 # 131
	31 # 134
Timestep 4:
	0 # 86
	1 # 140
	2 # 125
	3 # 121
	4 # 76
	5 # 177
	6 # 16
	7 # 48
	8 # 202
	9 # 73
	10 # 108
	11 # 156
	12 # 115
	13 # 139
	14 # 82
	15 # 23
	16 # 62
	17 # 157
	18 # 114
	19 # 109
	20 # 209
	21 # 84
	22 # 99
	23 # 14
	24 # 138
	25 # 201
	26 # 102
	27 # 22
	28 # 111
	29 # 31
	30 # 131
	31 # 135
Timestep 5:
	0 # 87
	1 # 125
	2 # 126
	3 # 105
	4 # 91
	5 # 176
	6 # 17
	7 # 47
	8 # 188
	9 # 72
	10 # 94
	11 # 142
	12 # 114
	13 # 151
	14 # 83
	15 # 24
	16 # 73
	17 # 158
	18 # 99
	19 # 95
	20 # 208
	21 # 70
	22 # 86
	23 # 15
	24 # 122
	25 # 214
	26 # 103
	27 # 35
	28 # 96
	29 # 44
	30 # 132
	31 # 147
Timestep 6:
	0 # 88
	1 # 126
	2 # 127
	3 # 106
	4 # 90
	5 # 175
	6 # 18
	7 # 46
	8 # 173
	9 # 72
	10 # 94
	11 # 143
	12 # 113
	13 # 166
	14 # 84
	15 # 37
	16 # 87
	17 # 159
	18 # 99
	19 # 109
	20 # 209
	21 # 71
	22 # 86
	23 # 16
	24 # 121
	25 # 215
	26 # 104
	27 # 35
	28 # 111
	29 # 43
	30 # 133
	31 # 146
Timestep 7:
	0 # 74
	1 # 110
	2 # 128
	3 # 107
	4 # 89
	5 # 174
	6 # 3
	7 # 45
	8 # 157
	9 # 61
	10 # 95
	11 # 130
	12 # 112
	13 # 181
	14 # 97
	15 # 50
	16 # 100
	17 # 175
	18 # 99
	19 # 109
	20 # 208
	21 # 72
	22 # 86
	23 # 17
	24 # 105
	25 # 216
	26 # 104
	27 # 48
	28 # 127
	29 # 58
	30 # 133
	31 # 161
Timestep 8:
	0 # 75
	1 # 111
	2 # 128
	3 # 108
	4 # 88
	5 # 173
	6 # 4
	7 # 60
	8 # 158
	9 # 46
	10 # 109
	11 # 114
	12 # 97
	13 # 182
	14 # 98
	15 # 50
	16 # 115
	17 # 176
	18 # 100
	19 # 125
	20 # 208
	21 # 61
	22 # 85
	23 # 18
	24 # 92
	25 # 216
	26 # 103
	27 # 63
	28 # 126
	29 # 57
	30 # 132
	31 # 160
Timestep 9:
	0 # 89
	1 # 112
	2 # 129
	3 # 109
	4 # 87
	5 # 172
	6 # 5
	7 # 59
	8 # 159
	9 # 47
	10 # 110
	11 # 99
	12 # 96
	13 # 183
	14 # 113
	15 # 50
	16 # 131
	17 # 177
	18 # 115
	19 # 124
	20 # 209
	21 # 62
	22 # 98
	23 # 19
	24 # 78
	25 # 203
	26 # 91
	27 # 74
	28 # 125
	29 # 69
	30 # 145
	31 # 176
Timestep 10:
	0 # 90
	1 # 128
	2 # 129
	3 # 110
	4 # 87
	5 # 171
	6 # 6
	7 # 70
	8 # 160
	9 # 48
	10 # 111
	11 # 86
	12 # 83
	13 # 184
	14 # 113
	15 # 50
	16 # 144
	17 # 176
	18 # 131
	19 # 123
	20 # 194
	21 # 63
	22 # 97
	23 # 19
	24 # 65
	25 # 216
	26 # 91
	27 # 75
	28 # 126
	29 # 81
	30 # 159
	31 # 190
Timestep 11:
	0 # 90
	1 # 129
	2 # 113
	3 # 109
	4 # 86
	5 # 170
	6 # 20
	7 # 84
	8 # 161
	9 # 35
	10 # 96
	11 # 72
	12 # 82
	13 # 185
	14 # 114
	15 # 50
	16 # 145
	17 # 176
	18 # 130
	19 # 139
	20 # 180
	21 # 63
	22 # 97
	23 # 4
	24 # 53
	25 # 217
	26 # 91
	27 # 89
	28 # 110
	29 # 95
	30 # 175
	31 # 204
Timestep 12:
	0 # 89
	1 # 113
	2 # 98
	3 # 108
	4 # 72
	5 # 169
	6 # 33
	7 # 83
	8 # 162
	9 # 36
	10 # 111
	11 # 61
	12 # 82
	13 # 186
	14 # 115
	15 # 50
	16 # 132
	17 # 175
	18 # 129
	19 # 151
	20 # 165
	21 # 63
	22 # 96
	23 # 5
	24 # 54
	25 # 216
	26 # 103
	27 # 75
	28 # 110
	29 # 109
	30 # 174
	31 # 218
Timestep 13:
	0 # 88
	1 # 98
	2 # 85
	3 # 109
	4 # 61
	5 # 168
	6 # 32
	7 # 82
	8 # 147
	9 # 37
	10 # 112
	11 # 46
	12 # 81
	13 # 187
	14 # 114
	15 # 50
	16 # 133
	17 # 174
	18 # 113
	19 # 139
	20 # 150
	21 # 63
	22 # 97
	23 # 6
	24 # 55
	25 # 215
	26 # 102
	27 # 89
	28 # 111
	29 # 125
	30 # 173
	31 # 217
Timestep 14:
	0 # 74
	1 # 99
	2 # 71
	3 # 110
	4 # 46
	5 # 153
	6 # 45
	7 # 81
	8 # 135
	9 # 37
	10 # 112
	11 # 33
	12 # 69
	13 # 172
	14 # 130
	15 # 50
	16 # 134
	17 # 174
	18 # 129
	19 # 123
	20 # 150
	21 # 63
	22 # 98
	23 # 20
	24 # 56
	25 # 214
	26 # 118
	27 # 90
	28 # 127
	29 # 140
	30 # 188
	31 # 216
Timestep 15:
	0 # 88
	1 # 86
	2 # 71
	3 # 111
	4 # 33
	5 # 154
	6 # 46
	7 # 95
	8 # 119
	9 # 37
	10 # 113
	11 # 20
	12 # 68
	13 # 173
	14 # 131
	15 # 50
	16 # 146
	17 # 158
	18 # 142
	19 # 124
	20 # 151
	21 # 63
	22 # 99
	23 # 21
	24 # 57
	25 # 213
	26 # 134
	27 # 90
	28 # 126
	29 # 153
	30 # 202
	31 # 215
Timestep 16:
	0 # 88
	1 # 72
	2 # 60
	3 # 111
	4 # 20
	5 # 169
	6 # 61
	7 # 109
	8 # 103
	9 # 37
	10 # 113
	11 # 6
	12 # 67
	13 # 174
	14 # 144
	15 # 50
	16 # 161
	17 # 157
	18 # 156
	19 # 108
	20 # 166
	21 # 63
	22 # 86
	23 # 21
	24 # 58
	25 # 212
	26 # 146
	27 # 102
	28 # 125
	29 # 168
	30 # 201
	31 # 214
Timestep 17:
	0 # 89
	1 # 61
	2 # 45
	3 # 112
	4 # 6
	5 # 184
	6 # 60
	7 # 108
	8 # 91
	9 # 37
	10 # 98
	11 # 5
	12 # 67
	13 # 175
	14 # 158
	15 # 50
	16 # 177
	17 # 143
	18 # 172
	19 # 94
	20 # 181
	21 # 63
	22 # 72
	23 # 20
	24 # 43
	25 # 211
	26 # 161
	27 # 103
	28 # 109
	29 # 183
	30 # 200
	31 # 201
Timestep 18:
	0 # 88
	1 # 46
	2 # 32
	3 # 113
	4 # 5
	5 # 185
	6 # 45
	7 # 107
	8 # 76
	9 # 37
	10 # 85
	11 # 4
	12 # 67
	13 # 176
	14 # 159
	15 # 50
	16 # 191
	17 # 142
	18 # 171
	19 # 108
	20 # 195
	21 # 63
	22 # 61
	23 # 20
	24 # 44
	25 # 212
	26 # 177
	27 # 103
	28 # 109
	29 # 197
	30 # 199
	31 # 200

