Solution makespan:11
Timestep 0:
	0 # 52
	1 # 9
	2 # 17
	3 # 6
	4 # 41
	5 # 22
	6 # 20
	7 # 28
	8 # 49
	9 # 29
	10 # 47
	11 # 24
	12 # 15
	13 # 5
	14 # 31
	15 # 46
	16 # 36
	17 # 8
	18 # 25
	19 # 56
	20 # 26
	21 # 11
	22 # 40
	23 # 48
Timestep 1:
	0 # 44
	1 # 1
	2 # 18
	3 # 5
	4 # 40
	5 # 28
	6 # 19
	7 # 27
	8 # 41
	9 # 29
	10 # 46
	11 # 23
	12 # 14
	13 # 4
	14 # 24
	15 # 54
	16 # 37
	17 # 9
	18 # 32
	19 # 57
	20 # 26
	21 # 17
	22 # 39
	23 # 56
Timestep 2:
	0 # 36
	1 # 2
	2 # 12
	3 # 6
	4 # 39
	5 # 35
	6 # 26
	7 # 27
	8 # 40
	9 # 28
	10 # 45
	11 # 30
	12 # 13
	13 # 4
	14 # 18
	15 # 55
	16 # 37
	17 # 16
	18 # 31
	19 # 57
	20 # 25
	21 # 23
	22 # 47
	23 # 56
Timestep 3:
	0 # 35
	1 # 2
	2 # 11
	3 # 14
	4 # 38
	5 # 43
	6 # 25
	7 # 34
	8 # 39
	9 # 28
	10 # 44
	11 # 29
	12 # 12
	13 # 5
	14 # 17
	15 # 47
	16 # 45
	17 # 22
	18 # 31
	19 # 57
	20 # 24
	21 # 30
	22 # 48
	23 # 55
Timestep 4:
	0 # 34
	1 # 3
	2 # 10
	3 # 15
	4 # 38
	5 # 35
	6 # 24
	7 # 42
	8 # 32
	9 # 22
	10 # 44
	11 # 28
	12 # 18
	13 # 6
	14 # 11
	15 # 55
	16 # 53
	17 # 21
	18 # 31
	19 # 49
	20 # 23
	21 # 37
	22 # 48
	23 # 54
Timestep 5:
	0 # 27
	1 # 4
	2 # 2
	3 # 15
	4 # 37
	5 # 36
	6 # 23
	7 # 34
	8 # 32
	9 # 16
	10 # 43
	11 # 35
	12 # 24
	13 # 14
	14 # 12
	15 # 55
	16 # 54
	17 # 22
	18 # 38
	19 # 49
	20 # 17
	21 # 45
	22 # 47
	23 # 46
Timestep 6:
	0 # 21
	1 # 4
	2 # 1
	3 # 14
	4 # 38
	5 # 44
	6 # 30
	7 # 27
	8 # 25
	9 # 9
	10 # 35
	11 # 34
	12 # 23
	13 # 13
	14 # 12
	15 # 47
	16 # 46
	17 # 22
	18 # 31
	19 # 49
	20 # 11
	21 # 53
	22 # 39
	23 # 45
Timestep 7:
	0 # 22
	1 # 12
	2 # 0
	3 # 13
	4 # 31
	5 # 52
	6 # 37
	7 # 27
	8 # 26
	9 # 10
	10 # 35
	11 # 42
	12 # 30
	13 # 5
	14 # 11
	15 # 48
	16 # 38
	17 # 28
	18 # 24
	19 # 41
	20 # 3
	21 # 54
	22 # 32
	23 # 44
Timestep 8:
	0 # 21
	1 # 12
	2 # 0
	3 # 5
	4 # 24
	5 # 53
	6 # 45
	7 # 28
	8 # 19
	9 # 11
	10 # 43
	11 # 50
	12 # 31
	13 # 6
	14 # 3
	15 # 48
	16 # 46
	17 # 29
	18 # 18
	19 # 40
	20 # 2
	21 # 55
	22 # 25
	23 # 36
Timestep 9:
	0 # 27
	1 # 13
	2 # 0
	3 # 4
	4 # 23
	5 # 53
	6 # 44
	7 # 29
	8 # 14
	9 # 17
	10 # 42
	11 # 51
	12 # 38
	13 # 7
	14 # 11
	15 # 48
	16 # 45
	17 # 30
	18 # 24
	19 # 39
	20 # 10
	21 # 55
	22 # 26
	23 # 36
Timestep 10:
	0 # 27
	1 # 5
	2 # 0
	3 # 3
	4 # 17
	5 # 54
	6 # 43
	7 # 29
	8 # 6
	9 # 18
	10 # 42
	11 # 52
	12 # 46
	13 # 15
	14 # 12
	15 # 48
	16 # 44
	17 # 31
	18 # 25
	19 # 32
	20 # 11
	21 # 47
	22 # 19
	23 # 35
Timestep 11:
	0 # 27
	1 # 13
	2 # 0
	3 # 2
	4 # 11
	5 # 54
	6 # 51
	7 # 36
	8 # 7
	9 # 18
	10 # 34
	11 # 53
	12 # 45
	13 # 20
	14 # 12
	15 # 48
	16 # 52
	17 # 38
	18 # 26
	19 # 25
	20 # 3
	21 # 46
	22 # 19
	23 # 28

