Solution makespan:22
Timestep 0:
	0 # 120
	1 # 172
	2 # 208
	3 # 195
	4 # 6
	5 # 29
	6 # 170
	7 # 65
	8 # 71
	9 # 37
	10 # 115
	11 # 112
	12 # 16
	13 # 99
	14 # 148
	15 # 46
	16 # 24
	17 # 21
	18 # 204
	19 # 92
	20 # 128
	21 # 136
	22 # 59
	23 # 111
	24 # 129
	25 # 45
	26 # 104
	27 # 14
	28 # 2
	29 # 83
	30 # 184
	31 # 154
Timestep 1:
	0 # 120
	1 # 187
	2 # 196
	3 # 194
	4 # 5
	5 # 29
	6 # 171
	7 # 79
	8 # 87
	9 # 50
	10 # 115
	11 # 127
	12 # 31
	13 # 84
	14 # 149
	15 # 47
	16 # 24
	17 # 20
	18 # 205
	19 # 91
	20 # 113
	21 # 135
	22 # 60
	23 # 111
	24 # 114
	25 # 30
	26 # 105
	27 # 13
	28 # 18
	29 # 98
	30 # 169
	31 # 153
Timestep 2:
	0 # 134
	1 # 201
	2 # 180
	3 # 195
	4 # 21
	5 # 44
	6 # 172
	7 # 94
	8 # 100
	9 # 51
	10 # 130
	11 # 128
	12 # 32
	13 # 83
	14 # 136
	15 # 61
	16 # 23
	17 # 20
	18 # 206
	19 # 76
	20 # 99
	21 # 121
	22 # 60
	23 # 110
	24 # 114
	25 # 15
	26 # 106
	27 # 12
	28 # 19
	29 # 112
	30 # 157
	31 # 152
Timestep 3:
	0 # 147
	1 # 213
	2 # 165
	3 # 179
	4 # 36
	5 # 43
	6 # 187
	7 # 108
	8 # 101
	9 # 50
	10 # 115
	11 # 128
	12 # 33
	13 # 82
	14 # 122
	15 # 72
	16 # 38
	17 # 19
	18 # 218
	19 # 63
	20 # 98
	21 # 120
	22 # 46
	23 # 109
	24 # 113
	25 # 15
	26 # 92
	27 # 11
	28 # 34
	29 # 111
	30 # 142
	31 # 151
Timestep 4:
	0 # 146
	1 # 214
	2 # 154
	3 # 180
	4 # 37
	5 # 43
	6 # 201
	7 # 109
	8 # 102
	9 # 64
	10 # 116
	11 # 113
	12 # 33
	13 # 81
	14 # 107
	15 # 88
	16 # 52
	17 # 18
	18 # 219
	19 # 62
	20 # 97
	21 # 105
	22 # 47
	23 # 95
	24 # 112
	25 # 15
	26 # 93
	27 # 10
	28 # 35
	29 # 110
	30 # 143
	31 # 150
Timestep 5:
	0 # 145
	1 # 215
	2 # 153
	3 # 196
	4 # 50
	5 # 43
	6 # 213
	7 # 95
	8 # 103
	9 # 77
	10 # 100
	11 # 99
	12 # 34
	13 # 80
	14 # 93
	15 # 89
	16 # 65
	17 # 17
	18 # 207
	19 # 49
	20 # 82
	21 # 91
	22 # 32
	23 # 94
	24 # 98
	25 # 15
	26 # 78
	27 # 9
	28 # 36
	29 # 96
	30 # 132
	31 # 149
Timestep 6:
	0 # 159
	1 # 216
	2 # 152
	3 # 180
	4 # 50
	5 # 43
	6 # 213
	7 # 109
	8 # 104
	9 # 92
	10 # 87
	11 # 99
	12 # 19
	13 # 95
	14 # 107
	15 # 102
	16 # 79
	17 # 32
	18 # 194
	19 # 48
	20 # 81
	21 # 76
	22 # 33
	23 # 108
	24 # 112
	25 # 15
	26 # 93
	27 # 8
	28 # 37
	29 # 110
	30 # 117
	31 # 136
Timestep 7:
	0 # 172
	1 # 217
	2 # 151
	3 # 181
	4 # 51
	5 # 43
	6 # 212
	7 # 124
	8 # 105
	9 # 106
	10 # 87
	11 # 98
	12 # 19
	13 # 109
	14 # 93
	15 # 118
	16 # 78
	17 # 32
	18 # 195
	19 # 34
	20 # 80
	21 # 75
	22 # 33
	23 # 123
	24 # 111
	25 # 15
	26 # 94
	27 # 7
	28 # 50
	29 # 125
	30 # 101
	31 # 122
Timestep 8:
	0 # 187
	1 # 204
	2 # 137
	3 # 182
	4 # 52
	5 # 43
	6 # 211
	7 # 125
	8 # 120
	9 # 121
	10 # 100
	11 # 83
	12 # 3
	13 # 108
	14 # 92
	15 # 133
	16 # 77
	17 # 31
	18 # 179
	19 # 19
	20 # 79
	21 # 74
	22 # 34
	23 # 122
	24 # 110
	25 # 15
	26 # 95
	27 # 6
	28 # 51
	29 # 138
	30 # 88
	31 # 107
Timestep 9:
	0 # 186
	1 # 191
	2 # 124
	3 # 167
	4 # 65
	5 # 43
	6 # 199
	7 # 138
	8 # 121
	9 # 135
	10 # 116
	11 # 98
	12 # 2
	13 # 107
	14 # 91
	15 # 144
	16 # 76
	17 # 30
	18 # 164
	19 # 3
	20 # 78
	21 # 73
	22 # 19
	23 # 136
	24 # 109
	25 # 15
	26 # 96
	27 # 5
	28 # 52
	29 # 137
	30 # 72
	31 # 106
Timestep 10:
	0 # 185
	1 # 192
	2 # 109
	3 # 167
	4 # 79
	5 # 43
	6 # 198
	7 # 152
	8 # 122
	9 # 148
	10 # 117
	11 # 99
	12 # 18
	13 # 106
	14 # 90
	15 # 145
	16 # 75
	17 # 45
	18 # 153
	19 # 4
	20 # 77
	21 # 72
	22 # 3
	23 # 149
	24 # 108
	25 # 15
	26 # 95
	27 # 21
	28 # 53
	29 # 151
	30 # 61
	31 # 92
Timestep 11:
	0 # 184
	1 # 193
	2 # 108
	3 # 156
	4 # 94
	5 # 43
	6 # 197
	7 # 151
	8 # 123
	9 # 161
	10 # 117
	11 # 99
	12 # 19
	13 # 105
	14 # 75
	15 # 146
	16 # 74
	17 # 45
	18 # 152
	19 # 5
	20 # 76
	21 # 61
	22 # 4
	23 # 148
	24 # 107
	25 # 15
	26 # 80
	27 # 36
	28 # 66
	29 # 163
	30 # 47
	31 # 77
Timestep 12:
	0 # 169
	1 # 194
	2 # 107
	3 # 140
	4 # 108
	5 # 43
	6 # 183
	7 # 150
	8 # 123
	9 # 161
	10 # 132
	11 # 99
	12 # 19
	13 # 104
	14 # 62
	15 # 147
	16 # 73
	17 # 45
	18 # 138
	19 # 6
	20 # 63
	21 # 47
	22 # 4
	23 # 149
	24 # 106
	25 # 15
	26 # 79
	27 # 37
	28 # 80
	29 # 177
	30 # 32
	31 # 64
Timestep 13:
	0 # 157
	1 # 195
	2 # 106
	3 # 139
	4 # 107
	5 # 43
	6 # 168
	7 # 149
	8 # 123
	9 # 174
	10 # 117
	11 # 99
	12 # 19
	13 # 103
	14 # 49
	15 # 148
	16 # 72
	17 # 45
	18 # 138
	19 # 6
	20 # 62
	21 # 46
	22 # 4
	23 # 136
	24 # 105
	25 # 15
	26 # 94
	27 # 36
	28 # 95
	29 # 193
	30 # 32
	31 # 50
Timestep 14:
	0 # 142
	1 # 196
	2 # 105
	3 # 139
	4 # 106
	5 # 43
	6 # 169
	7 # 148
	8 # 123
	9 # 190
	10 # 117
	11 # 99
	12 # 3
	13 # 102
	14 # 48
	15 # 161
	16 # 61
	17 # 45
	18 # 138
	19 # 6
	20 # 49
	21 # 46
	22 # 4
	23 # 122
	24 # 104
	25 # 15
	26 # 94
	27 # 35
	28 # 109
	29 # 206
	30 # 31
	31 # 37
Timestep 15:
	0 # 131
	1 # 208
	2 # 104
	3 # 139
	4 # 105
	5 # 43
	6 # 169
	7 # 135
	8 # 123
	9 # 203
	10 # 117
	11 # 99
	12 # 2
	13 # 118
	14 # 34
	15 # 174
	16 # 47
	17 # 45
	18 # 138
	19 # 6
	20 # 48
	21 # 31
	22 # 4
	23 # 136
	24 # 103
	25 # 15
	26 # 94
	27 # 49
	28 # 124
	29 # 205
	30 # 16
	31 # 37
Timestep 16:
	0 # 116
	1 # 220
	2 # 103
	3 # 139
	4 # 105
	5 # 43
	6 # 169
	7 # 148
	8 # 123
	9 # 203
	10 # 117
	11 # 99
	12 # 2
	13 # 133
	14 # 19
	15 # 175
	16 # 47
	17 # 45
	18 # 138
	19 # 6
	20 # 34
	21 # 31
	22 # 4
	23 # 149
	24 # 102
	25 # 15
	26 # 94
	27 # 48
	28 # 137
	29 # 204
	30 # 16
	31 # 37
Timestep 17:
	0 # 100
	1 # 221
	2 # 102
	3 # 139
	4 # 105
	5 # 43
	6 # 169
	7 # 161
	8 # 123
	9 # 190
	10 # 117
	11 # 99
	12 # 18
	13 # 132
	14 # 34
	15 # 191
	16 # 47
	17 # 45
	18 # 138
	19 # 6
	20 # 33
	21 # 16
	22 # 4
	23 # 149
	24 # 89
	25 # 15
	26 # 94
	27 # 48
	28 # 151
	29 # 203
	30 # 17
	31 # 37
Timestep 18:
	0 # 87
	1 # 222
	2 # 89
	3 # 139
	4 # 105
	5 # 43
	6 # 169
	7 # 161
	8 # 123
	9 # 203
	10 # 117
	11 # 99
	12 # 19
	13 # 132
	14 # 34
	15 # 191
	16 # 47
	17 # 45
	18 # 138
	19 # 6
	20 # 33
	21 # 0
	22 # 4
	23 # 149
	24 # 73
	25 # 15
	26 # 94
	27 # 48
	28 # 163
	29 # 202
	30 # 32
	31 # 37
Timestep 19:
	0 # 71
	1 # 222
	2 # 88
	3 # 139
	4 # 105
	5 # 43
	6 # 169
	7 # 161
	8 # 123
	9 # 203
	10 # 117
	11 # 99
	12 # 19
	13 # 132
	14 # 34
	15 # 191
	16 # 47
	17 # 45
	18 # 138
	19 # 6
	20 # 33
	21 # 0
	22 # 4
	23 # 149
	24 # 89
	25 # 15
	26 # 94
	27 # 48
	28 # 177
	29 # 215
	30 # 32
	31 # 37
Timestep 20:
	0 # 60
	1 # 222
	2 # 87
	3 # 139
	4 # 105
	5 # 43
	6 # 169
	7 # 161
	8 # 123
	9 # 203
	10 # 117
	11 # 99
	12 # 19
	13 # 132
	14 # 34
	15 # 191
	16 # 47
	17 # 45
	18 # 138
	19 # 6
	20 # 33
	21 # 0
	22 # 4
	23 # 149
	24 # 89
	25 # 15
	26 # 94
	27 # 48
	28 # 178
	29 # 215
	30 # 32
	31 # 37
Timestep 21:
	0 # 71
	1 # 221
	2 # 86
	3 # 139
	4 # 105
	5 # 43
	6 # 169
	7 # 161
	8 # 123
	9 # 203
	10 # 117
	11 # 99
	12 # 19
	13 # 132
	14 # 34
	15 # 191
	16 # 47
	17 # 45
	18 # 138
	19 # 6
	20 # 33
	21 # 0
	22 # 4
	23 # 149
	24 # 89
	25 # 15
	26 # 94
	27 # 48
	28 # 194
	29 # 215
	30 # 32
	31 # 37
Timestep 22:
	0 # 87
	1 # 222
	2 # 86
	3 # 139
	4 # 105
	5 # 43
	6 # 169
	7 # 161
	8 # 123
	9 # 203
	10 # 117
	11 # 99
	12 # 19
	13 # 132
	14 # 34
	15 # 191
	16 # 47
	17 # 45
	18 # 138
	19 # 6
	20 # 33
	21 # 0
	22 # 4
	23 # 149
	24 # 89
	25 # 15
	26 # 94
	27 # 48
	28 # 207
	29 # 215
	30 # 32
	31 # 37

