Solution makespan:11
Timestep 0:
	0 # 50
	1 # 39
	2 # 30
	3 # 19
	4 # 41
	5 # 27
	6 # 13
	7 # 22
	8 # 11
	9 # 6
	10 # 33
	11 # 42
	12 # 37
	13 # 3
	14 # 14
	15 # 44
Timestep 1:
	0 # 50
	1 # 45
	2 # 29
	3 # 11
	4 # 47
	5 # 27
	6 # 12
	7 # 23
	8 # 4
	9 # 13
	10 # 26
	11 # 42
	12 # 43
	13 # 2
	14 # 21
	15 # 44
Timestep 2:
	0 # 49
	1 # 51
	2 # 30
	3 # 4
	4 # 47
	5 # 34
	6 # 5
	7 # 17
	8 # 3
	9 # 14
	10 # 25
	11 # 41
	12 # 37
	13 # 1
	14 # 27
	15 # 45
Timestep 3:
	0 # 48
	1 # 50
	2 # 23
	3 # 11
	4 # 41
	5 # 40
	6 # 4
	7 # 9
	8 # 2
	9 # 21
	10 # 24
	11 # 36
	12 # 31
	13 # 1
	14 # 26
	15 # 39
Timestep 4:
	0 # 43
	1 # 49
	2 # 17
	3 # 11
	4 # 42
	5 # 39
	6 # 3
	7 # 10
	8 # 1
	9 # 27
	10 # 19
	11 # 36
	12 # 30
	13 # 8
	14 # 25
	15 # 33
Timestep 5:
	0 # 37
	1 # 48
	2 # 9
	3 # 4
	4 # 43
	5 # 45
	6 # 2
	7 # 11
	8 # 0
	9 # 34
	10 # 19
	11 # 29
	12 # 23
	13 # 16
	14 # 24
	15 # 26
Timestep 6:
	0 # 31
	1 # 43
	2 # 10
	3 # 3
	4 # 37
	5 # 51
	6 # 1
	7 # 12
	8 # 0
	9 # 40
	10 # 18
	11 # 30
	12 # 17
	13 # 22
	14 # 32
	15 # 25
Timestep 7:
	0 # 30
	1 # 42
	2 # 11
	3 # 4
	4 # 43
	5 # 52
	6 # 8
	7 # 13
	8 # 1
	9 # 39
	10 # 10
	11 # 23
	12 # 17
	13 # 29
	14 # 31
	15 # 20
Timestep 8:
	0 # 29
	1 # 41
	2 # 4
	3 # 5
	4 # 42
	5 # 51
	6 # 16
	7 # 14
	8 # 2
	9 # 45
	10 # 9
	11 # 22
	12 # 23
	13 # 36
	14 # 30
	15 # 19
Timestep 9:
	0 # 28
	1 # 47
	2 # 5
	3 # 12
	4 # 43
	5 # 51
	6 # 15
	7 # 21
	8 # 1
	9 # 44
	10 # 8
	11 # 16
	12 # 30
	13 # 41
	14 # 29
	15 # 11
Timestep 10:
	0 # 35
	1 # 46
	2 # 6
	3 # 13
	4 # 43
	5 # 51
	6 # 16
	7 # 21
	8 # 8
	9 # 50
	10 # 7
	11 # 17
	12 # 30
	13 # 47
	14 # 28
	15 # 4
Timestep 11:
	0 # 35
	1 # 46
	2 # 6
	3 # 13
	4 # 43
	5 # 50
	6 # 16
	7 # 21
	8 # 8
	9 # 49
	10 # 7
	11 # 17
	12 # 30
	13 # 47
	14 # 28
	15 # 4

