Solution makespan:20
Timestep 0:
	0 # 7
	1 # 53
	2 # 86
	3 # 119
	4 # 121
	5 # 35
	6 # 82
	7 # 27
	8 # 201
	9 # 100
	10 # 101
	11 # 6
	12 # 92
	13 # 21
	14 # 186
	15 # 117
	16 # 154
	17 # 19
	18 # 131
	19 # 44
	20 # 48
	21 # 26
	22 # 102
	23 # 210
	24 # 64
	25 # 96
	26 # 93
	27 # 163
	28 # 181
	29 # 10
	30 # 157
	31 # 59
Timestep 1:
	0 # 23
	1 # 66
	2 # 87
	3 # 105
	4 # 136
	5 # 35
	6 # 82
	7 # 11
	8 # 202
	9 # 100
	10 # 102
	11 # 7
	12 # 93
	13 # 5
	14 # 185
	15 # 118
	16 # 169
	17 # 3
	18 # 132
	19 # 45
	20 # 64
	21 # 27
	22 # 103
	23 # 197
	24 # 77
	25 # 110
	26 # 94
	27 # 164
	28 # 165
	29 # 10
	30 # 173
	31 # 58
Timestep 2:
	0 # 22
	1 # 80
	2 # 87
	3 # 104
	4 # 135
	5 # 46
	6 # 81
	7 # 11
	8 # 191
	9 # 85
	10 # 103
	11 # 8
	12 # 94
	13 # 4
	14 # 169
	15 # 118
	16 # 168
	17 # 3
	18 # 131
	19 # 60
	20 # 77
	21 # 28
	22 # 117
	23 # 185
	24 # 90
	25 # 125
	26 # 108
	27 # 165
	28 # 150
	29 # 9
	30 # 173
	31 # 71
Timestep 3:
	0 # 22
	1 # 79
	2 # 86
	3 # 103
	4 # 134
	5 # 47
	6 # 80
	7 # 12
	8 # 192
	9 # 72
	10 # 88
	11 # 24
	12 # 108
	13 # 3
	14 # 168
	15 # 132
	16 # 184
	17 # 2
	18 # 147
	19 # 73
	20 # 90
	21 # 29
	22 # 116
	23 # 169
	24 # 105
	25 # 140
	26 # 122
	27 # 166
	28 # 135
	29 # 8
	30 # 174
	31 # 71
Timestep 4:
	0 # 22
	1 # 94
	2 # 85
	3 # 117
	4 # 133
	5 # 48
	6 # 79
	7 # 13
	8 # 176
	9 # 59
	10 # 88
	11 # 37
	12 # 122
	13 # 3
	14 # 153
	15 # 132
	16 # 183
	17 # 18
	18 # 161
	19 # 74
	20 # 105
	21 # 41
	22 # 115
	23 # 168
	24 # 119
	25 # 139
	26 # 137
	27 # 167
	28 # 134
	29 # 7
	30 # 175
	31 # 58
Timestep 5:
	0 # 22
	1 # 93
	2 # 86
	3 # 118
	4 # 132
	5 # 49
	6 # 94
	7 # 12
	8 # 160
	9 # 44
	10 # 89
	11 # 50
	12 # 123
	13 # 2
	14 # 138
	15 # 131
	16 # 182
	17 # 19
	18 # 177
	19 # 75
	20 # 104
	21 # 55
	22 # 114
	23 # 153
	24 # 133
	25 # 154
	26 # 152
	27 # 183
	28 # 120
	29 # 23
	30 # 176
	31 # 43
Timestep 6:
	0 # 22
	1 # 92
	2 # 101
	3 # 104
	4 # 118
	5 # 50
	6 # 93
	7 # 11
	8 # 146
	9 # 43
	10 # 76
	11 # 51
	12 # 124
	13 # 1
	14 # 137
	15 # 131
	16 # 182
	17 # 34
	18 # 176
	19 # 88
	20 # 103
	21 # 68
	22 # 100
	23 # 138
	24 # 134
	25 # 153
	26 # 152
	27 # 183
	28 # 119
	29 # 36
	30 # 160
	31 # 32
Timestep 7:
	0 # 22
	1 # 91
	2 # 115
	3 # 89
	4 # 104
	5 # 51
	6 # 92
	7 # 10
	8 # 147
	9 # 32
	10 # 63
	11 # 52
	12 # 125
	13 # 17
	14 # 138
	15 # 132
	16 # 181
	17 # 19
	18 # 175
	19 # 103
	20 # 102
	21 # 82
	22 # 85
	23 # 123
	24 # 135
	25 # 152
	26 # 151
	27 # 167
	28 # 118
	29 # 49
	30 # 161
	31 # 33
Timestep 8:
	0 # 22
	1 # 90
	2 # 130
	3 # 76
	4 # 103
	5 # 52
	6 # 91
	7 # 26
	8 # 131
	9 # 33
	10 # 47
	11 # 53
	12 # 126
	13 # 16
	14 # 139
	15 # 133
	16 # 180
	17 # 18
	18 # 174
	19 # 117
	20 # 116
	21 # 81
	22 # 86
	23 # 122
	24 # 136
	25 # 151
	26 # 150
	27 # 152
	28 # 104
	29 # 48
	30 # 147
	31 # 17
Timestep 9:
	0 # 22
	1 # 77
	2 # 145
	3 # 63
	4 # 102
	5 # 53
	6 # 90
	7 # 25
	8 # 132
	9 # 33
	10 # 48
	11 # 54
	12 # 141
	13 # 16
	14 # 140
	15 # 134
	16 # 179
	17 # 18
	18 # 158
	19 # 118
	20 # 115
	21 # 95
	22 # 87
	23 # 108
	24 # 151
	25 # 150
	26 # 149
	27 # 137
	28 # 103
	29 # 64
	30 # 131
	31 # 1
Timestep 10:
	0 # 22
	1 # 76
	2 # 145
	3 # 47
	4 # 101
	5 # 54
	6 # 89
	7 # 25
	8 # 132
	9 # 33
	10 # 49
	11 # 67
	12 # 155
	13 # 16
	14 # 140
	15 # 135
	16 # 163
	17 # 17
	18 # 174
	19 # 119
	20 # 114
	21 # 109
	22 # 74
	23 # 94
	24 # 166
	25 # 149
	26 # 164
	27 # 152
	28 # 102
	29 # 77
	30 # 117
	31 # 1
Timestep 11:
	0 # 6
	1 # 75
	2 # 130
	3 # 47
	4 # 100
	5 # 55
	6 # 76
	7 # 38
	8 # 131
	9 # 33
	10 # 36
	11 # 81
	12 # 171
	13 # 16
	14 # 125
	15 # 136
	16 # 163
	17 # 18
	18 # 173
	19 # 133
	20 # 115
	21 # 124
	22 # 61
	23 # 93
	24 # 182
	25 # 164
	26 # 180
	27 # 152
	28 # 87
	29 # 90
	30 # 118
	31 # 2
Timestep 12:
	0 # 22
	1 # 75
	2 # 129
	3 # 48
	4 # 99
	5 # 68
	6 # 63
	7 # 51
	8 # 132
	9 # 33
	10 # 37
	11 # 82
	12 # 170
	13 # 16
	14 # 110
	15 # 121
	16 # 162
	17 # 17
	18 # 172
	19 # 134
	20 # 130
	21 # 139
	22 # 62
	23 # 92
	24 # 183
	25 # 163
	26 # 179
	27 # 151
	28 # 86
	29 # 89
	30 # 119
	31 # 18
Timestep 13:
	0 # 22
	1 # 74
	2 # 128
	3 # 49
	4 # 84
	5 # 82
	6 # 62
	7 # 50
	8 # 118
	9 # 33
	10 # 38
	11 # 96
	12 # 169
	13 # 16
	14 # 109
	15 # 122
	16 # 161
	17 # 17
	18 # 156
	19 # 149
	20 # 130
	21 # 138
	22 # 46
	23 # 91
	24 # 184
	25 # 162
	26 # 178
	27 # 136
	28 # 73
	29 # 88
	30 # 133
	31 # 19
Timestep 14:
	0 # 22
	1 # 73
	2 # 113
	3 # 36
	4 # 71
	5 # 96
	6 # 61
	7 # 49
	8 # 119
	9 # 33
	10 # 39
	11 # 110
	12 # 154
	13 # 16
	14 # 95
	15 # 108
	16 # 147
	17 # 17
	18 # 172
	19 # 164
	20 # 130
	21 # 137
	22 # 35
	23 # 91
	24 # 184
	25 # 178
	26 # 177
	27 # 135
	28 # 72
	29 # 87
	30 # 148
	31 # 34
Timestep 15:
	0 # 22
	1 # 72
	2 # 113
	3 # 23
	4 # 70
	5 # 110
	6 # 60
	7 # 48
	8 # 119
	9 # 33
	10 # 39
	11 # 125
	12 # 154
	13 # 16
	14 # 95
	15 # 108
	16 # 147
	17 # 17
	18 # 172
	19 # 180
	20 # 130
	21 # 137
	22 # 20
	23 # 91
	24 # 185
	25 # 177
	26 # 193
	27 # 135
	28 # 59
	29 # 86
	30 # 148
	31 # 35
Timestep 16:
	0 # 22
	1 # 71
	2 # 113
	3 # 23
	4 # 57
	5 # 125
	6 # 45
	7 # 48
	8 # 119
	9 # 33
	10 # 39
	11 # 140
	12 # 154
	13 # 16
	14 # 95
	15 # 108
	16 # 147
	17 # 17
	18 # 172
	19 # 181
	20 # 130
	21 # 137
	22 # 20
	23 # 91
	24 # 186
	25 # 193
	26 # 203
	27 # 135
	28 # 44
	29 # 85
	30 # 148
	31 # 35
Timestep 17:
	0 # 22
	1 # 71
	2 # 113
	3 # 23
	4 # 57
	5 # 125
	6 # 45
	7 # 48
	8 # 119
	9 # 33
	10 # 39
	11 # 141
	12 # 154
	13 # 16
	14 # 95
	15 # 108
	16 # 147
	17 # 17
	18 # 172
	19 # 182
	20 # 130
	21 # 137
	22 # 20
	23 # 91
	24 # 198
	25 # 192
	26 # 203
	27 # 135
	28 # 43
	29 # 72
	30 # 148
	31 # 35
Timestep 18:
	0 # 22
	1 # 71
	2 # 113
	3 # 23
	4 # 57
	5 # 125
	6 # 45
	7 # 48
	8 # 119
	9 # 33
	10 # 39
	11 # 155
	12 # 154
	13 # 16
	14 # 95
	15 # 108
	16 # 147
	17 # 17
	18 # 172
	19 # 183
	20 # 130
	21 # 137
	22 # 20
	23 # 91
	24 # 211
	25 # 191
	26 # 217
	27 # 135
	28 # 43
	29 # 85
	30 # 148
	31 # 35
Timestep 19:
	0 # 22
	1 # 71
	2 # 113
	3 # 23
	4 # 57
	5 # 125
	6 # 45
	7 # 48
	8 # 119
	9 # 33
	10 # 39
	11 # 155
	12 # 154
	13 # 16
	14 # 95
	15 # 108
	16 # 147
	17 # 17
	18 # 172
	19 # 184
	20 # 130
	21 # 137
	22 # 20
	23 # 91
	24 # 211
	25 # 202
	26 # 217
	27 # 135
	28 # 43
	29 # 100
	30 # 148
	31 # 35
Timestep 20:
	0 # 22
	1 # 71
	2 # 113
	3 # 23
	4 # 57
	5 # 125
	6 # 45
	7 # 48
	8 # 119
	9 # 33
	10 # 39
	11 # 155
	12 # 154
	13 # 16
	14 # 95
	15 # 108
	16 # 147
	17 # 17
	18 # 172
	19 # 196
	20 # 130
	21 # 137
	22 # 20
	23 # 91
	24 # 211
	25 # 202
	26 # 217
	27 # 135
	28 # 43
	29 # 114
	30 # 148
	31 # 35

