Solution makespan:11
Timestep 0:
	0 # 10
	1 # 40
	2 # 13
	3 # 19
	4 # 5
	5 # 7
	6 # 21
	7 # 8
Timestep 1:
	0 # 9
	1 # 39
	2 # 13
	3 # 18
	4 # 4
	5 # 15
	6 # 20
	7 # 16
Timestep 2:
	0 # 9
	1 # 38
	2 # 21
	3 # 17
	4 # 12
	5 # 22
	6 # 19
	7 # 23
Timestep 3:
	0 # 8
	1 # 31
	2 # 28
	3 # 9
	4 # 13
	5 # 30
	6 # 18
	7 # 16
Timestep 4:
	0 # 9
	1 # 23
	2 # 36
	3 # 1
	4 # 21
	5 # 31
	6 # 25
	7 # 17
Timestep 5:
	0 # 10
	1 # 22
	2 # 37
	3 # 2
	4 # 28
	5 # 23
	6 # 33
	7 # 9
Timestep 6:
	0 # 11
	1 # 30
	2 # 44
	3 # 3
	4 # 29
	5 # 16
	6 # 40
	7 # 10
Timestep 7:
	0 # 10
	1 # 22
	2 # 50
	3 # 11
	4 # 37
	5 # 15
	6 # 39
	7 # 18
Timestep 8:
	0 # 10
	1 # 23
	2 # 58
	3 # 3
	4 # 36
	5 # 22
	6 # 47
	7 # 25
Timestep 9:
	0 # 10
	1 # 16
	2 # 50
	3 # 11
	4 # 35
	5 # 22
	6 # 53
	7 # 33
Timestep 10:
	0 # 18
	1 # 8
	2 # 50
	3 # 3
	4 # 34
	5 # 15
	6 # 52
	7 # 33
Timestep 11:
	0 # 19
	1 # 0
	2 # 50
	3 # 11
	4 # 35
	5 # 7
	6 # 51
	7 # 32

