Solution makespan:9
Timestep 0:
	0 # 47
	1 # 50
	2 # 12
	3 # 54
	4 # 40
	5 # 55
	6 # 19
	7 # 41
Timestep 1:
	0 # 47
	1 # 43
	2 # 12
	3 # 48
	4 # 39
	5 # 55
	6 # 26
	7 # 40
Timestep 2:
	0 # 53
	1 # 44
	2 # 4
	3 # 40
	4 # 38
	5 # 49
	6 # 33
	7 # 39
Timestep 3:
	0 # 52
	1 # 36
	2 # 12
	3 # 39
	4 # 37
	5 # 48
	6 # 34
	7 # 38
Timestep 4:
	0 # 53
	1 # 29
	2 # 12
	3 # 32
	4 # 36
	5 # 40
	6 # 35
	7 # 37
Timestep 5:
	0 # 53
	1 # 30
	2 # 4
	3 # 25
	4 # 44
	5 # 33
	6 # 27
	7 # 45
Timestep 6:
	0 # 47
	1 # 31
	2 # 4
	3 # 18
	4 # 36
	5 # 40
	6 # 35
	7 # 45
Timestep 7:
	0 # 48
	1 # 24
	2 # 5
	3 # 12
	4 # 37
	5 # 40
	6 # 42
	7 # 44
Timestep 8:
	0 # 48
	1 # 25
	2 # 6
	3 # 4
	4 # 37
	5 # 39
	6 # 41
	7 # 43
Timestep 9:
	0 # 54
	1 # 25
	2 # 7
	3 # 5
	4 # 38
	5 # 40
	6 # 41
	7 # 43

