Solution makespan:11
Timestep 0:
	0 # 36
	1 # 8
	2 # 25
	3 # 56
	4 # 26
	5 # 11
	6 # 40
	7 # 48
Timestep 1:
	0 # 29
	1 # 9
	2 # 24
	3 # 57
	4 # 25
	5 # 17
	6 # 39
	7 # 49
Timestep 2:
	0 # 36
	1 # 16
	2 # 31
	3 # 49
	4 # 32
	5 # 23
	6 # 39
	7 # 41
Timestep 3:
	0 # 37
	1 # 22
	2 # 38
	3 # 57
	4 # 31
	5 # 30
	6 # 32
	7 # 41
Timestep 4:
	0 # 45
	1 # 28
	2 # 39
	3 # 49
	4 # 31
	5 # 29
	6 # 25
	7 # 41
Timestep 5:
	0 # 46
	1 # 35
	2 # 39
	3 # 57
	4 # 30
	5 # 36
	6 # 24
	7 # 40
Timestep 6:
	0 # 46
	1 # 43
	2 # 38
	3 # 56
	4 # 29
	5 # 35
	6 # 18
	7 # 39
Timestep 7:
	0 # 38
	1 # 44
	2 # 31
	3 # 55
	4 # 29
	5 # 43
	6 # 12
	7 # 32
Timestep 8:
	0 # 31
	1 # 45
	2 # 24
	3 # 54
	4 # 36
	5 # 42
	6 # 4
	7 # 25
Timestep 9:
	0 # 24
	1 # 46
	2 # 23
	3 # 54
	4 # 35
	5 # 34
	6 # 5
	7 # 26
Timestep 10:
	0 # 23
	1 # 47
	2 # 17
	3 # 53
	4 # 43
	5 # 27
	6 # 6
	7 # 19
Timestep 11:
	0 # 30
	1 # 55
	2 # 11
	3 # 52
	4 # 51
	5 # 21
	6 # 7
	7 # 20

