Solution makespan:10
Timestep 0:
	0 # 47
	1 # 27
	2 # 14
	3 # 17
	4 # 11
	5 # 20
	6 # 50
	7 # 57
	8 # 10
	9 # 40
	10 # 13
	11 # 19
	12 # 5
	13 # 7
	14 # 21
	15 # 8
Timestep 1:
	0 # 39
	1 # 26
	2 # 13
	3 # 17
	4 # 19
	5 # 27
	6 # 44
	7 # 56
	8 # 2
	9 # 40
	10 # 12
	11 # 18
	12 # 6
	13 # 8
	14 # 21
	15 # 9
Timestep 2:
	0 # 32
	1 # 34
	2 # 21
	3 # 18
	4 # 26
	5 # 35
	6 # 43
	7 # 55
	8 # 3
	9 # 39
	10 # 20
	11 # 25
	12 # 6
	13 # 16
	14 # 28
	15 # 10
Timestep 3:
	0 # 24
	1 # 33
	2 # 28
	3 # 17
	4 # 34
	5 # 42
	6 # 36
	7 # 54
	8 # 3
	9 # 47
	10 # 19
	11 # 25
	12 # 5
	13 # 23
	14 # 29
	15 # 11
Timestep 4:
	0 # 17
	1 # 34
	2 # 27
	3 # 9
	4 # 41
	5 # 42
	6 # 35
	7 # 53
	8 # 3
	9 # 46
	10 # 18
	11 # 25
	12 # 4
	13 # 31
	14 # 37
	15 # 12
Timestep 5:
	0 # 16
	1 # 35
	2 # 26
	3 # 10
	4 # 48
	5 # 41
	6 # 27
	7 # 52
	8 # 3
	9 # 45
	10 # 17
	11 # 25
	12 # 12
	13 # 38
	14 # 44
	15 # 13
Timestep 6:
	0 # 8
	1 # 42
	2 # 34
	3 # 11
	4 # 55
	5 # 40
	6 # 26
	7 # 46
	8 # 2
	9 # 45
	10 # 16
	11 # 25
	12 # 20
	13 # 39
	14 # 50
	15 # 21
Timestep 7:
	0 # 9
	1 # 41
	2 # 33
	3 # 12
	4 # 54
	5 # 39
	6 # 26
	7 # 38
	8 # 2
	9 # 51
	10 # 8
	11 # 25
	12 # 27
	13 # 47
	14 # 58
	15 # 28
Timestep 8:
	0 # 10
	1 # 34
	2 # 40
	3 # 12
	4 # 53
	5 # 38
	6 # 19
	7 # 31
	8 # 3
	9 # 52
	10 # 7
	11 # 25
	12 # 35
	13 # 46
	14 # 58
	15 # 28
Timestep 9:
	0 # 10
	1 # 26
	2 # 40
	3 # 4
	4 # 53
	5 # 38
	6 # 19
	7 # 23
	8 # 3
	9 # 52
	10 # 7
	11 # 25
	12 # 42
	13 # 45
	14 # 57
	15 # 36
Timestep 10:
	0 # 10
	1 # 27
	2 # 40
	3 # 4
	4 # 53
	5 # 38
	6 # 26
	7 # 16
	8 # 3
	9 # 52
	10 # 7
	11 # 25
	12 # 43
	13 # 45
	14 # 58
	15 # 37

