Solution makespan:11
Timestep 0:
	0 # 11
	1 # 6
	2 # 33
	3 # 42
	4 # 37
	5 # 3
	6 # 14
	7 # 44
Timestep 1:
	0 # 11
	1 # 5
	2 # 26
	3 # 43
	4 # 38
	5 # 10
	6 # 21
	7 # 45
Timestep 2:
	0 # 4
	1 # 12
	2 # 26
	3 # 37
	4 # 32
	5 # 3
	6 # 27
	7 # 51
Timestep 3:
	0 # 4
	1 # 20
	2 # 25
	3 # 31
	4 # 32
	5 # 3
	6 # 27
	7 # 45
Timestep 4:
	0 # 5
	1 # 25
	2 # 24
	3 # 31
	4 # 38
	5 # 2
	6 # 27
	7 # 39
Timestep 5:
	0 # 6
	1 # 24
	2 # 19
	3 # 31
	4 # 37
	5 # 3
	6 # 26
	7 # 33
Timestep 6:
	0 # 13
	1 # 32
	2 # 18
	3 # 37
	4 # 43
	5 # 4
	6 # 25
	7 # 26
Timestep 7:
	0 # 14
	1 # 38
	2 # 17
	3 # 43
	4 # 42
	5 # 4
	6 # 24
	7 # 25
Timestep 8:
	0 # 21
	1 # 37
	2 # 16
	3 # 48
	4 # 41
	5 # 11
	6 # 32
	7 # 24
Timestep 9:
	0 # 27
	1 # 43
	2 # 15
	3 # 49
	4 # 36
	5 # 11
	6 # 31
	7 # 19
Timestep 10:
	0 # 21
	1 # 48
	2 # 16
	3 # 50
	4 # 35
	5 # 12
	6 # 30
	7 # 18
Timestep 11:
	0 # 21
	1 # 49
	2 # 22
	3 # 44
	4 # 35
	5 # 12
	6 # 29
	7 # 17

