Solution makespan:10
Timestep 0:
	0 # 55
	1 # 50
	2 # 44
	3 # 20
	4 # 15
	5 # 39
	6 # 17
	7 # 16
	8 # 4
	9 # 45
	10 # 48
	11 # 51
	12 # 33
	13 # 8
	14 # 46
	15 # 54
	16 # 27
	17 # 5
	18 # 41
	19 # 37
	20 # 34
	21 # 2
	22 # 0
	23 # 43
Timestep 1:
	0 # 55
	1 # 51
	2 # 38
	3 # 28
	4 # 23
	5 # 45
	6 # 16
	7 # 8
	8 # 12
	9 # 52
	10 # 42
	11 # 44
	12 # 33
	13 # 9
	14 # 47
	15 # 46
	16 # 26
	17 # 13
	18 # 41
	19 # 32
	20 # 27
	21 # 10
	22 # 7
	23 # 37
Timestep 2:
	0 # 47
	1 # 44
	2 # 33
	3 # 29
	4 # 31
	5 # 52
	6 # 15
	7 # 9
	8 # 4
	9 # 53
	10 # 41
	11 # 38
	12 # 32
	13 # 1
	14 # 48
	15 # 46
	16 # 25
	17 # 12
	18 # 40
	19 # 24
	20 # 19
	21 # 18
	22 # 7
	23 # 43
Timestep 3:
	0 # 41
	1 # 38
	2 # 25
	3 # 30
	4 # 36
	5 # 53
	6 # 23
	7 # 10
	8 # 5
	9 # 54
	10 # 40
	11 # 37
	12 # 31
	13 # 1
	14 # 42
	15 # 47
	16 # 24
	17 # 20
	18 # 35
	19 # 16
	20 # 18
	21 # 26
	22 # 8
	23 # 44
Timestep 4:
	0 # 40
	1 # 33
	2 # 26
	3 # 22
	4 # 36
	5 # 54
	6 # 23
	7 # 11
	8 # 13
	9 # 46
	10 # 35
	11 # 43
	12 # 31
	13 # 2
	14 # 48
	15 # 55
	16 # 32
	17 # 20
	18 # 28
	19 # 8
	20 # 18
	21 # 27
	22 # 9
	23 # 45
Timestep 5:
	0 # 35
	1 # 25
	2 # 18
	3 # 22
	4 # 37
	5 # 46
	6 # 23
	7 # 12
	8 # 21
	9 # 47
	10 # 34
	11 # 50
	12 # 31
	13 # 3
	14 # 42
	15 # 54
	16 # 32
	17 # 19
	18 # 20
	19 # 9
	20 # 17
	21 # 28
	22 # 10
	23 # 45
Timestep 6:
	0 # 28
	1 # 17
	2 # 19
	3 # 30
	4 # 43
	5 # 40
	6 # 23
	7 # 13
	8 # 29
	9 # 47
	10 # 34
	11 # 51
	12 # 36
	13 # 2
	14 # 48
	15 # 53
	16 # 37
	17 # 27
	18 # 12
	19 # 1
	20 # 16
	21 # 20
	22 # 9
	23 # 44
Timestep 7:
	0 # 20
	1 # 18
	2 # 11
	3 # 30
	4 # 43
	5 # 35
	6 # 24
	7 # 21
	8 # 28
	9 # 55
	10 # 27
	11 # 44
	12 # 36
	13 # 3
	14 # 42
	15 # 52
	16 # 38
	17 # 26
	18 # 13
	19 # 2
	20 # 15
	21 # 19
	22 # 8
	23 # 45
Timestep 8:
	0 # 12
	1 # 18
	2 # 3
	3 # 30
	4 # 37
	5 # 28
	6 # 23
	7 # 22
	8 # 27
	9 # 47
	10 # 26
	11 # 38
	12 # 31
	13 # 4
	14 # 48
	15 # 51
	16 # 39
	17 # 25
	18 # 13
	19 # 10
	20 # 15
	21 # 20
	22 # 9
	23 # 52
Timestep 9:
	0 # 13
	1 # 19
	2 # 4
	3 # 30
	4 # 32
	5 # 29
	6 # 15
	7 # 22
	8 # 28
	9 # 41
	10 # 18
	11 # 39
	12 # 36
	13 # 5
	14 # 47
	15 # 51
	16 # 45
	17 # 25
	18 # 21
	19 # 11
	20 # 7
	21 # 20
	22 # 10
	23 # 53
Timestep 10:
	0 # 14
	1 # 27
	2 # 5
	3 # 29
	4 # 31
	5 # 21
	6 # 16
	7 # 22
	8 # 20
	9 # 42
	10 # 17
	11 # 45
	12 # 37
	13 # 6
	14 # 41
	15 # 50
	16 # 52
	17 # 24
	18 # 13
	19 # 12
	20 # 0
	21 # 19
	22 # 11
	23 # 54

