Solution makespan:10
Timestep 0:
	0 # 29
	1 # 2
	2 # 24
	3 # 54
	4 # 12
	5 # 31
	6 # 46
	7 # 18
	8 # 28
	9 # 38
	10 # 22
	11 # 16
	12 # 50
	13 # 23
	14 # 40
	15 # 56
	16 # 17
	17 # 19
	18 # 11
	19 # 34
	20 # 52
	21 # 45
	22 # 1
	23 # 0
Timestep 1:
	0 # 29
	1 # 9
	2 # 24
	3 # 54
	4 # 13
	5 # 32
	6 # 38
	7 # 19
	8 # 28
	9 # 37
	10 # 30
	11 # 16
	12 # 51
	13 # 22
	14 # 39
	15 # 56
	16 # 23
	17 # 26
	18 # 12
	19 # 40
	20 # 53
	21 # 46
	22 # 2
	23 # 7
Timestep 2:
	0 # 21
	1 # 16
	2 # 25
	3 # 53
	4 # 12
	5 # 33
	6 # 32
	7 # 13
	8 # 35
	9 # 45
	10 # 29
	11 # 15
	12 # 52
	13 # 30
	14 # 39
	15 # 49
	16 # 31
	17 # 19
	18 # 18
	19 # 48
	20 # 46
	21 # 47
	22 # 3
	23 # 7
Timestep 3:
	0 # 15
	1 # 22
	2 # 24
	3 # 46
	4 # 11
	5 # 25
	6 # 31
	7 # 12
	8 # 42
	9 # 44
	10 # 21
	11 # 8
	12 # 53
	13 # 29
	14 # 33
	15 # 48
	16 # 37
	17 # 13
	18 # 19
	19 # 40
	20 # 38
	21 # 39
	22 # 4
	23 # 14
Timestep 4:
	0 # 8
	1 # 30
	2 # 24
	3 # 38
	4 # 10
	5 # 18
	6 # 23
	7 # 11
	8 # 42
	9 # 36
	10 # 15
	11 # 1
	12 # 46
	13 # 21
	14 # 25
	15 # 47
	16 # 45
	17 # 5
	18 # 26
	19 # 48
	20 # 37
	21 # 33
	22 # 4
	23 # 20
Timestep 5:
	0 # 9
	1 # 31
	2 # 23
	3 # 32
	4 # 3
	5 # 18
	6 # 22
	7 # 10
	8 # 43
	9 # 30
	10 # 14
	11 # 2
	12 # 45
	13 # 20
	14 # 24
	15 # 46
	16 # 52
	17 # 6
	18 # 34
	19 # 55
	20 # 38
	21 # 25
	22 # 11
	23 # 28
Timestep 6:
	0 # 10
	1 # 37
	2 # 22
	3 # 24
	4 # 4
	5 # 19
	6 # 16
	7 # 3
	8 # 44
	9 # 29
	10 # 15
	11 # 1
	12 # 45
	13 # 14
	14 # 23
	15 # 46
	16 # 53
	17 # 6
	18 # 34
	19 # 54
	20 # 38
	21 # 26
	22 # 12
	23 # 28
Timestep 7:
	0 # 11
	1 # 36
	2 # 22
	3 # 23
	4 # 4
	5 # 13
	6 # 9
	7 # 10
	8 # 45
	9 # 28
	10 # 16
	11 # 8
	12 # 37
	13 # 14
	14 # 17
	15 # 47
	16 # 46
	17 # 6
	18 # 33
	19 # 53
	20 # 32
	21 # 26
	22 # 18
	23 # 35
Timestep 8:
	0 # 12
	1 # 44
	2 # 16
	3 # 22
	4 # 4
	5 # 5
	6 # 2
	7 # 3
	8 # 37
	9 # 28
	10 # 9
	11 # 15
	12 # 36
	13 # 14
	14 # 10
	15 # 48
	16 # 46
	17 # 6
	18 # 32
	19 # 52
	20 # 38
	21 # 19
	22 # 25
	23 # 35
Timestep 9:
	0 # 13
	1 # 44
	2 # 16
	3 # 22
	4 # 4
	5 # 5
	6 # 1
	7 # 10
	8 # 36
	9 # 20
	10 # 2
	11 # 21
	12 # 30
	13 # 7
	14 # 9
	15 # 48
	16 # 38
	17 # 6
	18 # 24
	19 # 51
	20 # 37
	21 # 18
	22 # 25
	23 # 42
Timestep 10:
	0 # 19
	1 # 51
	2 # 15
	3 # 16
	4 # 11
	5 # 13
	6 # 0
	7 # 9
	8 # 30
	9 # 14
	10 # 3
	11 # 22
	12 # 29
	13 # 7
	14 # 8
	15 # 48
	16 # 32
	17 # 6
	18 # 23
	19 # 50
	20 # 31
	21 # 12
	22 # 18
	23 # 42

