Solution makespan:13
Timestep 0:
	0 # 43
	1 # 15
	2 # 7
	3 # 33
	4 # 13
	5 # 32
	6 # 47
	7 # 48
	8 # 29
	9 # 2
	10 # 24
	11 # 54
	12 # 12
	13 # 31
	14 # 46
	15 # 18
	16 # 28
	17 # 38
	18 # 22
	19 # 16
	20 # 50
	21 # 23
	22 # 40
	23 # 56
	24 # 17
	25 # 19
	26 # 11
	27 # 34
	28 # 52
	29 # 45
	30 # 1
	31 # 0
Timestep 1:
	0 # 43
	1 # 21
	2 # 14
	3 # 25
	4 # 19
	5 # 24
	6 # 39
	7 # 48
	8 # 28
	9 # 1
	10 # 23
	11 # 55
	12 # 12
	13 # 37
	14 # 47
	15 # 18
	16 # 35
	17 # 32
	18 # 16
	19 # 9
	20 # 50
	21 # 22
	22 # 40
	23 # 56
	24 # 17
	25 # 26
	26 # 4
	27 # 33
	28 # 52
	29 # 44
	30 # 8
	31 # 7
Timestep 2:
	0 # 44
	1 # 22
	2 # 20
	3 # 24
	4 # 26
	5 # 23
	6 # 38
	7 # 49
	8 # 35
	9 # 0
	10 # 17
	11 # 48
	12 # 13
	13 # 45
	14 # 47
	15 # 18
	16 # 42
	17 # 33
	18 # 16
	19 # 2
	20 # 50
	21 # 30
	22 # 39
	23 # 55
	24 # 10
	25 # 34
	26 # 3
	27 # 25
	28 # 53
	29 # 36
	30 # 15
	31 # 14
Timestep 3:
	0 # 36
	1 # 16
	2 # 28
	3 # 23
	4 # 34
	5 # 22
	6 # 32
	7 # 41
	8 # 42
	9 # 7
	10 # 10
	11 # 47
	12 # 19
	13 # 46
	14 # 39
	15 # 12
	16 # 43
	17 # 25
	18 # 15
	19 # 1
	20 # 51
	21 # 31
	22 # 38
	23 # 55
	24 # 9
	25 # 33
	26 # 4
	27 # 24
	28 # 54
	29 # 30
	30 # 21
	31 # 20
Timestep 4:
	0 # 30
	1 # 9
	2 # 35
	3 # 23
	4 # 40
	5 # 16
	6 # 31
	7 # 41
	8 # 43
	9 # 7
	10 # 11
	11 # 46
	12 # 26
	13 # 53
	14 # 33
	15 # 13
	16 # 44
	17 # 18
	18 # 14
	19 # 2
	20 # 52
	21 # 37
	22 # 38
	23 # 48
	24 # 8
	25 # 32
	26 # 3
	27 # 25
	28 # 55
	29 # 29
	30 # 22
	31 # 28
Timestep 5:
	0 # 29
	1 # 8
	2 # 42
	3 # 24
	4 # 39
	5 # 15
	6 # 31
	7 # 40
	8 # 44
	9 # 14
	10 # 12
	11 # 46
	12 # 34
	13 # 54
	14 # 33
	15 # 5
	16 # 51
	17 # 19
	18 # 20
	19 # 9
	20 # 53
	21 # 45
	22 # 37
	23 # 47
	24 # 1
	25 # 38
	26 # 4
	27 # 18
	28 # 48
	29 # 21
	30 # 30
	31 # 35
Timestep 6:
	0 # 21
	1 # 7
	2 # 43
	3 # 25
	4 # 39
	5 # 8
	6 # 30
	7 # 34
	8 # 51
	9 # 20
	10 # 13
	11 # 38
	12 # 33
	13 # 55
	14 # 32
	15 # 6
	16 # 52
	17 # 26
	18 # 28
	19 # 16
	20 # 54
	21 # 45
	22 # 31
	23 # 47
	24 # 0
	25 # 37
	26 # 11
	27 # 12
	28 # 40
	29 # 22
	30 # 36
	31 # 42
Timestep 7:
	0 # 21
	1 # 8
	2 # 50
	3 # 18
	4 # 38
	5 # 15
	6 # 29
	7 # 33
	8 # 52
	9 # 28
	10 # 5
	11 # 37
	12 # 25
	13 # 48
	14 # 31
	15 # 6
	16 # 53
	17 # 27
	18 # 35
	19 # 17
	20 # 55
	21 # 46
	22 # 30
	23 # 39
	24 # 1
	25 # 36
	26 # 10
	27 # 11
	28 # 34
	29 # 16
	30 # 44
	31 # 43
Timestep 8:
	0 # 20
	1 # 1
	2 # 51
	3 # 19
	4 # 38
	5 # 8
	6 # 21
	7 # 25
	8 # 53
	9 # 35
	10 # 5
	11 # 31
	12 # 26
	13 # 40
	14 # 30
	15 # 6
	16 # 46
	17 # 27
	18 # 42
	19 # 23
	20 # 48
	21 # 47
	22 # 29
	23 # 33
	24 # 0
	25 # 36
	26 # 3
	27 # 10
	28 # 34
	29 # 9
	30 # 44
	31 # 50
Timestep 9:
	0 # 20
	1 # 1
	2 # 52
	3 # 19
	4 # 32
	5 # 7
	6 # 15
	7 # 18
	8 # 54
	9 # 42
	10 # 13
	11 # 30
	12 # 26
	13 # 34
	14 # 29
	15 # 5
	16 # 53
	17 # 27
	18 # 43
	19 # 31
	20 # 40
	21 # 47
	22 # 28
	23 # 25
	24 # 0
	25 # 36
	26 # 10
	27 # 9
	28 # 33
	29 # 2
	30 # 45
	31 # 51
Timestep 10:
	0 # 28
	1 # 8
	2 # 45
	3 # 19
	4 # 31
	5 # 7
	6 # 16
	7 # 12
	8 # 55
	9 # 43
	10 # 13
	11 # 22
	12 # 34
	13 # 33
	14 # 29
	15 # 6
	16 # 53
	17 # 27
	18 # 50
	19 # 37
	20 # 40
	21 # 48
	22 # 35
	23 # 18
	24 # 1
	25 # 44
	26 # 17
	27 # 9
	28 # 25
	29 # 3
	30 # 46
	31 # 52
Timestep 11:
	0 # 35
	1 # 1
	2 # 45
	3 # 26
	4 # 30
	5 # 14
	6 # 9
	7 # 11
	8 # 56
	9 # 44
	10 # 19
	11 # 16
	12 # 33
	13 # 32
	14 # 29
	15 # 6
	16 # 54
	17 # 27
	18 # 50
	19 # 36
	20 # 34
	21 # 47
	22 # 42
	23 # 12
	24 # 2
	25 # 51
	26 # 17
	27 # 8
	28 # 18
	29 # 10
	30 # 38
	31 # 53
Timestep 12:
	0 # 42
	1 # 1
	2 # 44
	3 # 34
	4 # 22
	5 # 20
	6 # 8
	7 # 4
	8 # 49
	9 # 36
	10 # 19
	11 # 9
	12 # 39
	13 # 24
	14 # 28
	15 # 6
	16 # 47
	17 # 27
	18 # 51
	19 # 30
	20 # 33
	21 # 46
	22 # 43
	23 # 11
	24 # 3
	25 # 52
	26 # 23
	27 # 15
	28 # 12
	29 # 17
	30 # 32
	31 # 54
Timestep 13:
	0 # 42
	1 # 2
	2 # 44
	3 # 34
	4 # 22
	5 # 28
	6 # 1
	7 # 3
	8 # 48
	9 # 30
	10 # 26
	11 # 9
	12 # 38
	13 # 23
	14 # 35
	15 # 6
	16 # 54
	17 # 27
	18 # 51
	19 # 29
	20 # 25
	21 # 45
	22 # 50
	23 # 11
	24 # 10
	25 # 52
	26 # 31
	27 # 16
	28 # 13
	29 # 17
	30 # 24
	31 # 55

