Solution makespan:4
Timestep 0:
	0 # 34
	1 # 24
	2 # 0
	3 # 51
	4 # 32
	5 # 45
	6 # 22
	7 # 43
	8 # 3
	9 # 52
	10 # 27
	11 # 20
	12 # 12
	13 # 47
	14 # 57
	15 # 2
Timestep 1:
	0 # 42
	1 # 26
	2 # 0
	3 # 51
	4 # 48
	5 # 47
	6 # 6
	7 # 35
	8 # 3
	9 # 60
	10 # 11
	11 # 28
	12 # 44
	13 # 15
	14 # 61
	15 # 2
Timestep 2:
	0 # 40
	1 # 27
	2 # 1
	3 # 35
	4 # 50
	5 # 39
	6 # 4
	7 # 33
	8 # 11
	9 # 56
	10 # 10
	11 # 28
	12 # 46
	13 # 7
	14 # 29
	15 # 0
Timestep 3:
	0 # 56
	1 # 31
	2 # 17
	3 # 3
	4 # 18
	5 # 55
	6 # 12
	7 # 32
	8 # 27
	9 # 24
	10 # 26
	11 # 28
	12 # 38
	13 # 5
	14 # 21
	15 # 16
Timestep 4:
	0 # 56
	1 # 63
	2 # 25
	3 # 11
	4 # 19
	5 # 54
	6 # 12
	7 # 32
	8 # 27
	9 # 8
	10 # 26
	11 # 28
	12 # 38
	13 # 5
	14 # 23
	15 # 20

