Solution makespan:5
Timestep 0:
	0 # 10
	1 # 44
	2 # 59
	3 # 11
	4 # 61
	5 # 15
	6 # 27
	7 # 51
	8 # 39
	9 # 23
	10 # 43
	11 # 37
	12 # 26
	13 # 0
	14 # 4
	15 # 20
	16 # 6
	17 # 3
	18 # 17
	19 # 47
	20 # 13
	21 # 48
	22 # 57
	23 # 21
	24 # 16
	25 # 38
	26 # 30
	27 # 7
	28 # 49
	29 # 5
	30 # 35
	31 # 32
Timestep 1:
	0 # 10
	1 # 36
	2 # 57
	3 # 15
	4 # 53
	5 # 31
	6 # 25
	7 # 50
	8 # 55
	9 # 23
	10 # 59
	11 # 37
	12 # 27
	13 # 8
	14 # 0
	15 # 28
	16 # 22
	17 # 1
	18 # 19
	19 # 63
	20 # 12
	21 # 16
	22 # 56
	23 # 21
	24 # 24
	25 # 38
	26 # 30
	27 # 6
	28 # 33
	29 # 7
	30 # 39
	31 # 48
Timestep 2:
	0 # 11
	1 # 4
	2 # 56
	3 # 13
	4 # 52
	5 # 63
	6 # 24
	7 # 50
	8 # 23
	9 # 19
	10 # 27
	11 # 53
	12 # 25
	13 # 9
	14 # 32
	15 # 29
	16 # 54
	17 # 0
	18 # 51
	19 # 61
	20 # 44
	21 # 18
	22 # 48
	23 # 21
	24 # 8
	25 # 6
	26 # 22
	27 # 14
	28 # 33
	29 # 3
	30 # 55
	31 # 49
Timestep 3:
	0 # 3
	1 # 5
	2 # 60
	3 # 12
	4 # 48
	5 # 31
	6 # 24
	7 # 58
	8 # 55
	9 # 18
	10 # 27
	11 # 52
	12 # 9
	13 # 8
	14 # 36
	15 # 25
	16 # 22
	17 # 32
	18 # 51
	19 # 29
	20 # 46
	21 # 26
	22 # 16
	23 # 21
	24 # 10
	25 # 7
	26 # 6
	27 # 30
	28 # 41
	29 # 35
	30 # 54
	31 # 17
Timestep 4:
	0 # 3
	1 # 1
	2 # 60
	3 # 12
	4 # 16
	5 # 30
	6 # 25
	7 # 58
	8 # 53
	9 # 18
	10 # 27
	11 # 20
	12 # 13
	13 # 8
	14 # 38
	15 # 9
	16 # 22
	17 # 32
	18 # 50
	19 # 29
	20 # 42
	21 # 26
	22 # 0
	23 # 21
	24 # 10
	25 # 15
	26 # 14
	27 # 28
	28 # 45
	29 # 35
	30 # 54
	31 # 17
Timestep 5:
	0 # 3
	1 # 1
	2 # 60
	3 # 12
	4 # 16
	5 # 30
	6 # 25
	7 # 58
	8 # 53
	9 # 18
	10 # 27
	11 # 20
	12 # 13
	13 # 8
	14 # 38
	15 # 11
	16 # 22
	17 # 32
	18 # 50
	19 # 29
	20 # 34
	21 # 26
	22 # 2
	23 # 21
	24 # 10
	25 # 15
	26 # 14
	27 # 28
	28 # 45
	29 # 35
	30 # 54
	31 # 17

