Solution makespan:5
Timestep 0:
	0 # 8
	1 # 60
	2 # 29
	3 # 27
	4 # 11
	5 # 57
	6 # 61
	7 # 59
	8 # 54
	9 # 63
	10 # 47
	11 # 5
	12 # 3
	13 # 56
	14 # 6
	15 # 19
Timestep 1:
	0 # 9
	1 # 52
	2 # 25
	3 # 19
	4 # 27
	5 # 49
	6 # 57
	7 # 43
	8 # 55
	9 # 47
	10 # 39
	11 # 37
	12 # 7
	13 # 58
	14 # 4
	15 # 23
Timestep 2:
	0 # 11
	1 # 36
	2 # 17
	3 # 3
	4 # 31
	5 # 33
	6 # 41
	7 # 42
	8 # 51
	9 # 47
	10 # 35
	11 # 39
	12 # 5
	13 # 26
	14 # 0
	15 # 19
Timestep 3:
	0 # 15
	1 # 36
	2 # 16
	3 # 1
	4 # 63
	5 # 32
	6 # 45
	7 # 40
	8 # 35
	9 # 39
	10 # 34
	11 # 38
	12 # 4
	13 # 30
	14 # 2
	15 # 17
Timestep 4:
	0 # 15
	1 # 36
	2 # 48
	3 # 5
	4 # 61
	5 # 32
	6 # 47
	7 # 44
	8 # 33
	9 # 35
	10 # 50
	11 # 38
	12 # 12
	13 # 30
	14 # 3
	15 # 17
Timestep 5:
	0 # 15
	1 # 36
	2 # 48
	3 # 5
	4 # 53
	5 # 32
	6 # 63
	7 # 60
	8 # 1
	9 # 35
	10 # 50
	11 # 38
	12 # 28
	13 # 62
	14 # 3
	15 # 17

