Solution makespan:5
Timestep 0:
	0 # 40
	1 # 60
	2 # 30
	3 # 36
	4 # 49
	5 # 23
	6 # 28
	7 # 59
	8 # 34
	9 # 24
	10 # 0
	11 # 51
	12 # 32
	13 # 45
	14 # 22
	15 # 43
	16 # 3
	17 # 52
	18 # 27
	19 # 20
	20 # 12
	21 # 47
	22 # 57
	23 # 2
Timestep 1:
	0 # 32
	1 # 44
	2 # 26
	3 # 38
	4 # 33
	5 # 22
	6 # 30
	7 # 51
	8 # 50
	9 # 24
	10 # 16
	11 # 35
	12 # 0
	13 # 37
	14 # 54
	15 # 42
	16 # 7
	17 # 36
	18 # 31
	19 # 21
	20 # 8
	21 # 46
	22 # 49
	23 # 34
Timestep 2:
	0 # 0
	1 # 12
	2 # 18
	3 # 36
	4 # 1
	5 # 20
	6 # 14
	7 # 50
	8 # 58
	9 # 56
	10 # 17
	11 # 3
	12 # 2
	13 # 33
	14 # 54
	15 # 10
	16 # 7
	17 # 4
	18 # 15
	19 # 29
	20 # 9
	21 # 44
	22 # 53
	23 # 32
Timestep 3:
	0 # 8
	1 # 12
	2 # 2
	3 # 36
	4 # 17
	5 # 21
	6 # 46
	7 # 50
	8 # 26
	9 # 57
	10 # 19
	11 # 7
	12 # 6
	13 # 49
	14 # 38
	15 # 10
	16 # 23
	17 # 20
	18 # 13
	19 # 31
	20 # 9
	21 # 60
	22 # 52
	23 # 32
Timestep 4:
	0 # 24
	1 # 12
	2 # 0
	3 # 36
	4 # 17
	5 # 29
	6 # 46
	7 # 50
	8 # 27
	9 # 57
	10 # 3
	11 # 23
	12 # 6
	13 # 49
	14 # 34
	15 # 14
	16 # 19
	17 # 16
	18 # 5
	19 # 15
	20 # 1
	21 # 60
	22 # 54
	23 # 32
Timestep 5:
	0 # 28
	1 # 12
	2 # 0
	3 # 36
	4 # 17
	5 # 61
	6 # 46
	7 # 50
	8 # 31
	9 # 57
	10 # 35
	11 # 22
	12 # 6
	13 # 49
	14 # 34
	15 # 14
	16 # 27
	17 # 16
	18 # 37
	19 # 11
	20 # 5
	21 # 60
	22 # 54
	23 # 32

