Solution makespan:6
Timestep 0:
	0 # 42
	1 # 0
	2 # 30
	3 # 45
	4 # 40
	5 # 16
	6 # 12
	7 # 4
	8 # 35
	9 # 31
	10 # 28
	11 # 14
	12 # 17
	13 # 21
	14 # 62
	15 # 1
	16 # 8
	17 # 60
	18 # 29
	19 # 27
	20 # 11
	21 # 57
	22 # 61
	23 # 59
	24 # 54
	25 # 63
	26 # 47
	27 # 5
	28 # 3
	29 # 56
	30 # 6
	31 # 19
Timestep 1:
	0 # 46
	1 # 32
	2 # 14
	3 # 47
	4 # 44
	5 # 24
	6 # 13
	7 # 6
	8 # 34
	9 # 15
	10 # 30
	11 # 12
	12 # 1
	13 # 17
	14 # 58
	15 # 33
	16 # 40
	17 # 56
	18 # 61
	19 # 25
	20 # 27
	21 # 57
	22 # 60
	23 # 63
	24 # 22
	25 # 55
	26 # 43
	27 # 37
	28 # 2
	29 # 48
	30 # 7
	31 # 3
Timestep 2:
	0 # 38
	1 # 48
	2 # 14
	3 # 43
	4 # 12
	5 # 26
	6 # 5
	7 # 22
	8 # 2
	9 # 13
	10 # 30
	11 # 4
	12 # 9
	13 # 19
	14 # 42
	15 # 37
	16 # 44
	17 # 24
	18 # 57
	19 # 17
	20 # 59
	21 # 25
	22 # 62
	23 # 55
	24 # 23
	25 # 51
	26 # 11
	27 # 39
	28 # 0
	29 # 16
	30 # 15
	31 # 35
Timestep 3:
	0 # 6
	1 # 52
	2 # 46
	3 # 42
	4 # 14
	5 # 24
	6 # 4
	7 # 54
	8 # 0
	9 # 45
	10 # 62
	11 # 20
	12 # 13
	13 # 3
	14 # 34
	15 # 37
	16 # 36
	17 # 56
	18 # 61
	19 # 49
	20 # 57
	21 # 25
	22 # 58
	23 # 55
	24 # 31
	25 # 51
	26 # 10
	27 # 38
	28 # 32
	29 # 48
	30 # 7
	31 # 43
Timestep 4:
	0 # 7
	1 # 60
	2 # 14
	3 # 40
	4 # 12
	5 # 8
	6 # 4
	7 # 50
	8 # 0
	9 # 44
	10 # 54
	11 # 52
	12 # 13
	13 # 35
	14 # 2
	15 # 33
	16 # 37
	17 # 56
	18 # 29
	19 # 51
	20 # 61
	21 # 27
	22 # 26
	23 # 63
	24 # 15
	25 # 19
	26 # 42
	27 # 38
	28 # 34
	29 # 16
	30 # 23
	31 # 47
Timestep 5:
	0 # 3
	1 # 52
	2 # 30
	3 # 32
	4 # 28
	5 # 8
	6 # 5
	7 # 58
	8 # 0
	9 # 60
	10 # 62
	11 # 53
	12 # 13
	13 # 43
	14 # 10
	15 # 1
	16 # 39
	17 # 56
	18 # 25
	19 # 51
	20 # 29
	21 # 31
	22 # 26
	23 # 61
	24 # 11
	25 # 17
	26 # 40
	27 # 38
	28 # 34
	29 # 16
	30 # 19
	31 # 15
Timestep 6:
	0 # 1
	1 # 52
	2 # 26
	3 # 48
	4 # 20
	5 # 12
	6 # 21
	7 # 59
	8 # 8
	9 # 60
	10 # 63
	11 # 53
	12 # 29
	13 # 43
	14 # 10
	15 # 9
	16 # 47
	17 # 56
	18 # 57
	19 # 51
	20 # 28
	21 # 15
	22 # 24
	23 # 61
	24 # 3
	25 # 17
	26 # 40
	27 # 6
	28 # 34
	29 # 18
	30 # 27
	31 # 14

