Solution makespan:6
Timestep 0:
	0 # 0
	1 # 2
	2 # 7
	3 # 57
	4 # 62
	5 # 55
	6 # 14
	7 # 11
	8 # 63
	9 # 39
	10 # 21
	11 # 46
	12 # 26
	13 # 8
	14 # 38
	15 # 28
	16 # 30
	17 # 10
	18 # 59
	19 # 20
	20 # 5
	21 # 18
	22 # 16
	23 # 9
	24 # 24
	25 # 32
	26 # 1
	27 # 56
	28 # 49
	29 # 58
	30 # 41
	31 # 27
Timestep 1:
	0 # 0
	1 # 18
	2 # 15
	3 # 57
	4 # 46
	5 # 63
	6 # 12
	7 # 3
	8 # 47
	9 # 7
	10 # 17
	11 # 14
	12 # 58
	13 # 8
	14 # 54
	15 # 29
	16 # 30
	17 # 11
	18 # 27
	19 # 21
	20 # 4
	21 # 22
	22 # 48
	23 # 41
	24 # 16
	25 # 36
	26 # 5
	27 # 24
	28 # 51
	29 # 42
	30 # 33
	31 # 25
Timestep 2:
	0 # 32
	1 # 16
	2 # 13
	3 # 59
	4 # 38
	5 # 63
	6 # 14
	7 # 19
	8 # 39
	9 # 23
	10 # 1
	11 # 10
	12 # 56
	13 # 24
	14 # 50
	15 # 29
	16 # 31
	17 # 43
	18 # 11
	19 # 17
	20 # 6
	21 # 30
	22 # 48
	23 # 57
	24 # 20
	25 # 36
	26 # 4
	27 # 28
	28 # 55
	29 # 42
	30 # 35
	31 # 27
Timestep 3:
	0 # 40
	1 # 48
	2 # 5
	3 # 63
	4 # 36
	5 # 31
	6 # 10
	7 # 19
	8 # 38
	9 # 22
	10 # 9
	11 # 2
	12 # 24
	13 # 26
	14 # 58
	15 # 21
	16 # 27
	17 # 47
	18 # 15
	19 # 49
	20 # 7
	21 # 62
	22 # 32
	23 # 61
	24 # 52
	25 # 44
	26 # 20
	27 # 12
	28 # 23
	29 # 43
	30 # 39
	31 # 25
Timestep 4:
	0 # 40
	1 # 50
	2 # 1
	3 # 55
	4 # 36
	5 # 27
	6 # 2
	7 # 17
	8 # 34
	9 # 30
	10 # 41
	11 # 6
	12 # 8
	13 # 10
	14 # 26
	15 # 5
	16 # 19
	17 # 47
	18 # 14
	19 # 51
	20 # 7
	21 # 58
	22 # 32
	23 # 53
	24 # 54
	25 # 46
	26 # 21
	27 # 4
	28 # 22
	29 # 11
	30 # 39
	31 # 9
Timestep 5:
	0 # 8
	1 # 50
	2 # 33
	3 # 23
	4 # 36
	5 # 27
	6 # 2
	7 # 49
	8 # 35
	9 # 30
	10 # 41
	11 # 38
	12 # 0
	13 # 11
	14 # 24
	15 # 1
	16 # 3
	17 # 45
	18 # 14
	19 # 51
	20 # 7
	21 # 58
	22 # 32
	23 # 53
	24 # 54
	25 # 46
	26 # 17
	27 # 20
	28 # 18
	29 # 15
	30 # 55
	31 # 13
Timestep 6:
	0 # 24
	1 # 50
	2 # 33
	3 # 22
	4 # 36
	5 # 27
	6 # 2
	7 # 57
	8 # 35
	9 # 30
	10 # 41
	11 # 38
	12 # 0
	13 # 9
	14 # 25
	15 # 1
	16 # 3
	17 # 37
	18 # 6
	19 # 51
	20 # 39
	21 # 58
	22 # 32
	23 # 53
	24 # 54
	25 # 46
	26 # 17
	27 # 20
	28 # 18
	29 # 7
	30 # 55
	31 # 12

