Solution makespan:15
Timestep 0:
	0 # 12
	1 # 21
	2 # 20
	3 # 35
	4 # 34
	5 # 26
	6 # 19
	7 # 13
	8 # 28
	9 # 22
	10 # 23
	11 # 31
	12 # 30
	13 # 37
	14 # 38
Timestep 1:
	0 # 12
	1 # 28
	2 # 20
	3 # 34
	4 # 26
	5 # 27
	6 # 19
	7 # 13
	8 # 29
	9 # 23
	10 # 16
	11 # 32
	12 # 31
	13 # 38
	14 # 42
Timestep 2:
	0 # 13
	1 # 29
	2 # 21
	3 # 34
	4 # 27
	5 # 35
	6 # 19
	7 # 14
	8 # 30
	9 # 24
	10 # 23
	11 # 39
	12 # 32
	13 # 38
	14 # 50
Timestep 3:
	0 # 20
	1 # 30
	2 # 28
	3 # 26
	4 # 35
	5 # 36
	6 # 12
	7 # 14
	8 # 22
	9 # 17
	10 # 31
	11 # 43
	12 # 33
	13 # 39
	14 # 49
Timestep 4:
	0 # 21
	1 # 31
	2 # 29
	3 # 27
	4 # 34
	5 # 28
	6 # 19
	7 # 14
	8 # 15
	9 # 24
	10 # 38
	11 # 42
	12 # 33
	13 # 32
	14 # 50
Timestep 5:
	0 # 21
	1 # 32
	2 # 30
	3 # 20
	4 # 35
	5 # 29
	6 # 26
	7 # 13
	8 # 8
	9 # 23
	10 # 37
	11 # 38
	12 # 25
	13 # 24
	14 # 42
Timestep 6:
	0 # 14
	1 # 33
	2 # 22
	3 # 19
	4 # 36
	5 # 30
	6 # 27
	7 # 20
	8 # 9
	9 # 31
	10 # 37
	11 # 38
	12 # 25
	13 # 23
	14 # 42
Timestep 7:
	0 # 13
	1 # 25
	2 # 15
	3 # 19
	4 # 36
	5 # 22
	6 # 27
	7 # 21
	8 # 10
	9 # 38
	10 # 30
	11 # 37
	12 # 24
	13 # 23
	14 # 42
Timestep 8:
	0 # 12
	1 # 33
	2 # 16
	3 # 26
	4 # 36
	5 # 15
	6 # 20
	7 # 21
	8 # 17
	9 # 37
	10 # 29
	11 # 30
	12 # 23
	13 # 22
	14 # 38
Timestep 9:
	0 # 12
	1 # 33
	2 # 17
	3 # 26
	4 # 35
	5 # 8
	6 # 13
	7 # 14
	8 # 24
	9 # 30
	10 # 28
	11 # 29
	12 # 31
	13 # 22
	14 # 37
Timestep 10:
	0 # 19
	1 # 33
	2 # 18
	3 # 27
	4 # 34
	5 # 15
	6 # 12
	7 # 13
	8 # 25
	9 # 29
	10 # 21
	11 # 28
	12 # 31
	13 # 30
	14 # 37
Timestep 11:
	0 # 19
	1 # 33
	2 # 11
	3 # 35
	4 # 34
	5 # 15
	6 # 13
	7 # 14
	8 # 25
	9 # 28
	10 # 20
	11 # 27
	12 # 31
	13 # 29
	14 # 30
Timestep 12:
	0 # 12
	1 # 32
	2 # 18
	3 # 36
	4 # 26
	5 # 22
	6 # 20
	7 # 14
	8 # 24
	9 # 21
	10 # 19
	11 # 35
	12 # 30
	13 # 28
	14 # 29
Timestep 13:
	0 # 12
	1 # 32
	2 # 25
	3 # 36
	4 # 34
	5 # 30
	6 # 27
	7 # 14
	8 # 24
	9 # 20
	10 # 19
	11 # 35
	12 # 29
	13 # 21
	14 # 28
Timestep 14:
	0 # 13
	1 # 32
	2 # 33
	3 # 36
	4 # 34
	5 # 29
	6 # 20
	7 # 14
	8 # 25
	9 # 19
	10 # 12
	11 # 35
	12 # 28
	13 # 21
	14 # 27
Timestep 15:
	0 # 13
	1 # 33
	2 # 40
	3 # 36
	4 # 34
	5 # 28
	6 # 19
	7 # 14
	8 # 25
	9 # 26
	10 # 12
	11 # 35
	12 # 21
	13 # 20
	14 # 27

