
0  # 34 ---> 35 (0)
1  # 56 ---> 57 (0)
2  # 44 ---> 51 (0)
3  # 37 ---> 44 (0)
4  # 29 ---> 29 (0)
5  # 30 ---> 23 (0)
6  # 38 ---> 39 (0)
7  # 45 ---> 46 (0)
8  # 12 ---> 12 (0)
9  # 13 ---> 13 (0)
10 # 14 ---> 14 (0)
11 # 21 ---> 21 (0)
12 # 19 ---> 20 (0)
13 # 26 ---> 19 (0)
14 # 27 ---> 27 (0)
15 # 28 ---> 28 (0)
16 # 35 ---> 36 (0)
17 # 33 ---> 26 (0)
18 # 41 ---> 33 (0)
19 # 42 ---> 49 (0)
20 # 43 ---> 42 (0)
21 # 50 ---> 43 (0)
22 # 48 ---> 41 (0)
23 # 55 ---> 48 (0)
24 # 57 ---> 50 (0)
0  # 35 ---> 36 (1)
1  # 57 ---> 57 (1)
2  # 51 ---> 52 (1)
3  # 44 ---> 51 (1)
4  # 29 ---> 30 (1)
5  # 23 ---> 22 (1)
6  # 39 ---> 40 (1)
7  # 46 ---> 53 (1)
8  # 12 ---> 12 (1)
9  # 13 ---> 13 (1)
10 # 14 ---> 14 (1)
11 # 21 ---> 21 (1)
12 # 20 ---> 20 (1)
13 # 19 ---> 19 (1)
14 # 27 ---> 27 (1)
15 # 28 ---> 28 (1)
16 # 36 ---> 37 (1)
17 # 26 ---> 26 (1)
18 # 33 ---> 34 (1)
19 # 49 ---> 56 (1)
20 # 42 ---> 41 (1)
21 # 43 ---> 42 (1)
22 # 41 ---> 33 (1)
23 # 48 ---> 49 (1)
24 # 50 ---> 43 (1)
0  # 36 ---> 37 (2)
1  # 57 ---> 57 (2)
2  # 52 ---> 53 (2)
3  # 51 ---> 44 (2)
4  # 30 ---> 38 (2)
5  # 22 ---> 22 (2)
6  # 40 ---> 47 (2)
7  # 53 ---> 54 (2)
8  # 12 ---> 12 (2)
9  # 13 ---> 13 (2)
10 # 14 ---> 14 (2)
11 # 21 ---> 21 (2)
12 # 20 ---> 20 (2)
13 # 19 ---> 19 (2)
14 # 27 ---> 27 (2)
15 # 28 ---> 28 (2)
16 # 37 ---> 29 (2)
17 # 26 ---> 26 (2)
18 # 34 ---> 34 (2)
19 # 56 ---> 56 (2)
20 # 41 ---> 48 (2)
21 # 42 ---> 49 (2)
22 # 33 ---> 41 (2)
23 # 49 ---> 50 (2)
24 # 43 ---> 35 (2)
0  # 37 ---> 29 (3)
1  # 57 ---> 50 (3)
2  # 53 ---> 39 (3)
2  # 53 ---> 46 (3)
3  # 44 ---> 37 (3)
4  # 38 ---> 45 (3)
5  # 22 ---> 23 (3)
6  # 47 ---> 44 (3)
6  # 47 ---> 54 (3)
7  # 54 ---> 53 (3)
8  # 12 ---> 12 (3)
9  # 13 ---> 13 (3)
10 # 14 ---> 14 (3)
11 # 21 ---> 28 (3)
12 # 20 ---> 20 (3)
13 # 19 ---> 19 (3)
14 # 27 ---> 26 (3)
15 # 28 ---> 27 (3)
16 # 29 ---> 22 (3)
17 # 26 ---> 33 (3)
18 # 34 ---> 35 (3)
19 # 56 ---> 55 (3)
20 # 48 ---> 41 (3)
21 # 49 ---> 56 (3)
22 # 41 ---> 42 (3)
23 # 50 ---> 43 (3)
24 # 35 ---> 36 (3)
 0 # 29 ---> 30 (4)
 1 # 50 ---> 43 (4)
 2 # 39 ---> 31 (4)
 2 # 46 ---> 46 (4)
 3 # 37 ---> 38 (4)
 4 # 45 ---> 44 (4)
 5 # 23 ---> 22 (4)
 6 # 44 ---> 51 (4)
 6 # 54 ---> 53 (4)
 7 # 53 ---> 52 (4)
 8 # 12 ---> 12 (4)
 9 # 13 ---> 13 (4)
10 # 14 ---> 14 (4)
11 # 28 ---> 21 (4)
12 # 20 ---> 20 (4)
13 # 19 ---> 19 (4)
14 # 26 ---> 27 (4)
15 # 27 ---> 34 (4)
16 # 22 ---> 15 (4)
17 # 33 ---> 33 (4)
18 # 35 ---> 28 (4)
19 # 55 ---> 56 (4)
20 # 41 ---> 48 (4)
21 # 56 ---> 57 (4)
22 # 42 ---> 49 (4)
23 # 43 ---> 35 (4)
24 # 36 ---> 37 (4)
 0 # 30 ---> 
 1 # 43 ---> 
 2 # 31 ---> 
 3 # 38 ---> 
 4 # 44 ---> 
 5 # 22 ---> 
 6 # 51 ---> 
 7 # 52 ---> 
 8 # 12 ---> 
 9 # 13 ---> 
10 # 14 ---> 
11 # 21 ---> 
12 # 20 ---> 
13 # 19 ---> 
14 # 27 ---> 
15 # 34 ---> 
16 # 15 ---> 
17 # 33 ---> 
18 # 28 ---> 
19 # 56 ---> 
20 # 48 ---> 
21 # 57 ---> 
22 # 49 ---> 
23 # 35 ---> 
24 # 37 ---> 
On timestep 6:
	Agent  0 is on vertex 23
	Agent  1 is on vertex 35
	Agent  2 is on vertex 39
	Agent  3 is on vertex 30
	Agent  4 is on vertex 45
	Agent  5 is on vertex 29
	Agent  6 is on vertex 52
	Agent  7 is on vertex 59
	Agent  8 is on vertex 12
	Agent  9 is on vertex 20
	Agent 10 is on vertex 14
	Agent 11 is on vertex 21
	Agent 12 is on vertex 19
	Agent 13 is on vertex 26
	Agent 14 is on vertex 27
	Agent 15 is on vertex 42
	Agent 16 is on vertex 8
	Agent 17 is on vertex 33
	Agent 18 is on vertex 28
	Agent 19 is on vertex 49
	Agent 20 is on vertex 55
	Agent 21 is on vertex 57
	Agent 22 is on vertex 48
	Agent 23 is on vertex 36
	Agent 24 is on vertex 44
On timestep 7:
	Agent 0 is on vertex 16
	Agent 1 is on vertex 36
	Agent 2 is on vertex 46
	Agent 3 is on vertex 23
	Agent 4 is on vertex 44
	Agent 5 is on vertex 30
	Agent 6 is on vertex 39
	Agent 6 is on vertex 45
	Agent 7 is on vertex 59
	Agent 8 is on vertex 13
	Agent 9 is on vertex 27
	Agent 10 is on vertex 14
	Agent 11 is on vertex 21
	Agent 12 is on vertex 12
	Agent 13 is on vertex 19
	Agent 14 is on vertex 34
	Agent 15 is on vertex 41
	Agent 16 is on vertex 4
	Agent 17 is on vertex 26
	Agent 18 is on vertex 28
	Agent 19 is on vertex 50
	Agent 20 is on vertex 56
	Agent 21 is on vertex 57
	Agent 22 is on vertex 33
	Agent 22 is on vertex 49
	Agent 23 is on vertex 37
	Agent 24 is on vertex 51
On timestep 8:
	Agent 0 is on vertex 16
	Agent 1 is on vertex 37
	Agent 2 is on vertex 53
	Agent 3 is on vertex 30
	Agent 4 is on vertex 44
	Agent 5 is on vertex 38
	Agent 6 is on vertex 40
	Agent 6 is on vertex 46
	Agent 7 is on vertex 58
	Agent 8 is on vertex 13
	Agent 9 is on vertex 34
	Agent 10 is on vertex 14
	Agent 11 is on vertex 21
	Agent 12 is on vertex 12
	Agent 13 is on vertex 20
	Agent 14 is on vertex 33
	Agent 15 is on vertex 48
	Agent 16 is on vertex 8
	Agent 17 is on vertex 19
	Agent 18 is on vertex 28
	Agent 19 is on vertex 43
	Agent 20 is on vertex 57
	Agent 21 is on vertex 50
	Agent 22 is on vertex 26
	Agent 22 is on vertex 42
	Agent 23 is on vertex 29
	Agent 24 is on vertex 52
On timestep 9:
	Agent 0 is on vertex 17
	Agent 1 is on vertex 29
	Agent 2 is on vertex 47
	Agent 2 is on vertex 53
	Agent 3 is on vertex 38
	Agent 4 is on vertex 37
	Agent 5 is on vertex 45
	Agent 6 is on vertex 39
	Agent 6 is on vertex 40
	Agent 7 is on vertex 51
	Agent 8 is on vertex 13
	Agent 9 is on vertex 27
	Agent 10 is on vertex 14
	Agent 11 is on vertex 21
	Agent 12 is on vertex 12
	Agent 13 is on vertex 20
	Agent 14 is on vertex 41
	Agent 15 is on vertex 42
	Agent 15 is on vertex 55
	Agent 16 is on vertex 5
	Agent 16 is on vertex 9
	Agent 17 is on vertex 19
	Agent 18 is on vertex 28
	Agent 19 is on vertex 35
	Agent 20 is on vertex 50
	Agent 21 is on vertex 43
	Agent 22 is on vertex 33
	Agent 22 is on vertex 34
	Agent 23 is on vertex 22
	Agent 24 is on vertex 59
On timestep 10:
	Agent 0 is on vertex 24
	Agent 1 is on vertex 22
	Agent 2 is on vertex 46
	Agent 3 is on vertex 37
	Agent 4 is on vertex 36
	Agent 5 is on vertex 45
	Agent 6 is on vertex 39
	Agent 6 is on vertex 47
	Agent 6 is on vertex 51
	Agent 7 is on vertex 44
	Agent 8 is on vertex 13
	Agent 9 is on vertex 20
	Agent 10 is on vertex 14
	Agent 11 is on vertex 21
	Agent 12 is on vertex 12
	Agent 13 is on vertex 19
	Agent 14 is on vertex 48
	Agent 15 is on vertex 49
	Agent 15 is on vertex 55
	Agent 16 is on vertex 5
	Agent 17 is on vertex 26
	Agent 18 is on vertex 28
	Agent 19 is on vertex 35
	Agent 20 is on vertex 57
	Agent 21 is on vertex 50
	Agent 22 is on vertex 34
	Agent 22 is on vertex 41
	Agent 23 is on vertex 23
	Agent 24 is on vertex 52
On timestep 11:
	Agent 0 is on vertex 25
	Agent 1 is on vertex 8
	Agent 1 is on vertex 23
	Agent 2 is on vertex 45
	Agent 3 is on vertex 36
	Agent 4 is on vertex 35
	Agent 5 is on vertex 38
	Agent 6 is on vertex 46
	Agent 6 is on vertex 51
	Agent 7 is on vertex 37
	Agent 8 is on vertex 13
	Agent 9 is on vertex 20
	Agent 10 is on vertex 14
	Agent 11 is on vertex 28
	Agent 12 is on vertex 12
	Agent 13 is on vertex 26
	Agent 14 is on vertex 55
	Agent 15 is on vertex 56
	Agent 16 is on vertex 5
	Agent 17 is on vertex 33
	Agent 18 is on vertex 27
	Agent 19 is on vertex 43
	Agent 20 is on vertex 57
	Agent 21 is on vertex 49
	Agent 22 is on vertex 42
	Agent 23 is on vertex 30
	Agent 24 is on vertex 52
On timestep 12:
	Agent 0 is on vertex 32
	Agent 1 is on vertex 15
	Agent 1 is on vertex 16
	Agent 2 is on vertex 44
	Agent 3 is on vertex 35
	Agent 4 is on vertex 28
	Agent 5 is on vertex 37
	Agent 6 is on vertex 45
	Agent 6 is on vertex 51
	Agent 7 is on vertex 36
	Agent 8 is on vertex 20
	Agent 9 is on vertex 19
	Agent 10 is on vertex 14
	Agent 11 is on vertex 21
	Agent 12 is on vertex 12
	Agent 13 is on vertex 27
	Agent 14 is on vertex 48
	Agent 15 is on vertex 55
	Agent 16 is on vertex 5
	Agent 17 is on vertex 41
	Agent 18 is on vertex 34
	Agent 19 is on vertex 50
	Agent 20 is on vertex 57
	Agent 21 is on vertex 56
	Agent 22 is on vertex 43
	Agent 23 is on vertex 31
	Agent 24 is on vertex 52
On timestep 13:
	Agent 0 is on vertex 40
	Agent 1 is on vertex 16
	Agent 1 is on vertex 45
	Agent 2 is on vertex 37
	Agent 3 is on vertex 28
	Agent 4 is on vertex 21
	Agent 5 is on vertex 36
	Agent 6 is on vertex 44
	Agent 7 is on vertex 35
	Agent 8 is on vertex 19
	Agent 9 is on vertex 12
	Agent 10 is on vertex 14
	Agent 11 is on vertex 20
	Agent 11 is on vertex 26
	Agent 12 is on vertex 13
	Agent 13 is on vertex 34
	Agent 14 is on vertex 49
	Agent 15 is on vertex 55
	Agent 16 is on vertex 9
	Agent 17 is on vertex 48
	Agent 18 is on vertex 42
	Agent 19 is on vertex 50
	Agent 20 is on vertex 57
	Agent 21 is on vertex 56
	Agent 22 is on vertex 43
	Agent 23 is on vertex 39
	Agent 24 is on vertex 30
	Agent 24 is on vertex 51
On timestep 14:
	Agent 0 is on vertex 47
	Agent 1 is on vertex 17
	Agent 1 is on vertex 46
	Agent 2 is on vertex 36
	Agent 3 is on vertex 21
	Agent 4 is on vertex 20
	Agent 5 is on vertex 35
	Agent 6 is on vertex 37
	Agent 7 is on vertex 34
	Agent 8 is on vertex 26
	Agent 9 is on vertex 12
	Agent 10 is on vertex 14
	Agent 11 is on vertex 27
	Agent 12 is on vertex 13
	Agent 13 is on vertex 33
	Agent 14 is on vertex 48
	Agent 15 is on vertex 55
	Agent 16 is on vertex 7
	Agent 16 is on vertex 10
	Agent 16 is on vertex 30
	Agent 17 is on vertex 41
	Agent 18 is on vertex 49
	Agent 19 is on vertex 50
	Agent 20 is on vertex 57
	Agent 21 is on vertex 56
	Agent 22 is on vertex 43
	Agent 23 is on vertex 40
	Agent 24 is on vertex 38
	Agent 24 is on vertex 44
On timestep 15:
	Agent 0 is on vertex 45
	Agent 0 is on vertex 46
	Agent 1 is on vertex 24
	Agent 1 is on vertex 30
	Agent 1 is on vertex 39
	Agent 2 is on vertex 35
	Agent 3 is on vertex 21
	Agent 4 is on vertex 19
	Agent 5 is on vertex 34
	Agent 6 is on vertex 36
	Agent 7 is on vertex 42
	Agent 8 is on vertex 27
	Agent 9 is on vertex 12
	Agent 10 is on vertex 14
	Agent 11 is on vertex 28
	Agent 12 is on vertex 20
	Agent 13 is on vertex 33
	Agent 14 is on vertex 48
	Agent 15 is on vertex 55
	Agent 16 is on vertex 11
	Agent 16 is on vertex 23
	Agent 17 is on vertex 41
	Agent 18 is on vertex 49
	Agent 19 is on vertex 50
	Agent 20 is on vertex 57
	Agent 21 is on vertex 56
	Agent 22 is on vertex 43
	Agent 23 is on vertex 40
	Agent 24 is on vertex 37
On timestep 16:
	Agent 0 is on vertex 46
	Agent 1 is on vertex 31
	Agent 2 is on vertex 28
	Agent 3 is on vertex 20
	Agent 4 is on vertex 12
	Agent 5 is on vertex 42
	Agent 6 is on vertex 35
	Agent 7 is on vertex 41
	Agent 8 is on vertex 27
	Agent 9 is on vertex 13
	Agent 10 is on vertex 14
	Agent 11 is on vertex 21
	Agent 12 is on vertex 19
	Agent 13 is on vertex 26
	Agent 14 is on vertex 48
	Agent 15 is on vertex 55
	Agent 16 is on vertex 18
	Agent 16 is on vertex 24
	Agent 17 is on vertex 33
	Agent 18 is on vertex 49
	Agent 19 is on vertex 50
	Agent 20 is on vertex 57
	Agent 21 is on vertex 56
	Agent 22 is on vertex 43
	Agent 23 is on vertex 47
	Agent 23 is on vertex 61
	Agent 24 is on vertex 36
On timestep 17:
	Agent 0 is on vertex 47
	Agent 1 is on vertex 32
	Agent 2 is on vertex 27
	Agent 3 is on vertex 20
	Agent 4 is on vertex 12
	Agent 5 is on vertex 42
	Agent 6 is on vertex 28
	Agent 7 is on vertex 41
	Agent 8 is on vertex 34
	Agent 9 is on vertex 13
	Agent 10 is on vertex 14
	Agent 11 is on vertex 21
	Agent 12 is on vertex 19
	Agent 13 is on vertex 26
	Agent 14 is on vertex 48
	Agent 15 is on vertex 55
	Agent 16 is on vertex 25
	Agent 17 is on vertex 33
	Agent 18 is on vertex 49
	Agent 19 is on vertex 50
	Agent 20 is on vertex 57
	Agent 21 is on vertex 56
	Agent 22 is on vertex 43
	Agent 23 is on vertex 54
	Agent 24 is on vertex 35
Solved for makespan = 18
