Fine solution
Length:30
1 # 12 ---> 4 (0)
2 # 54 ---> 53 (0)
3 # 40 ---> 33 (0)
4 # 55 ---> 49 (0)
5 # 19 ---> 18 (0)
1 # 4 ---> 5 (1)
2 # 53 ---> 52 (1)
3 # 33 ---> 26 (1)
5 # 18 ---> 25 (1)
6 # 41 ---> 40 (1)
1 # 5 ---> 6 (2)
2 # 52 ---> 51 (2)
3 # 26 ---> 19 (2)
5 # 25 ---> 32 (2)
6 # 40 ---> 48 (2)
1 # 6 ---> 13 (3)
2 # 51 ---> 45 (3)
3 # 19 ---> 20 (3)
5 # 32 ---> 39 (3)
6 # 48 ---> 54 (3)
2 # 45 ---> 44 (4)
3 # 20 ---> 21 (4)
5 # 39 ---> 47 (4)
6 # 54 ---> 53 (4)
1 # 13 ---> 20 (5)
2 # 44 ---> 43 (5)
5 # 47 ---> 48 (5)
6 # 53 ---> 52 (5)
2 # 43 ---> 50 (6)
6 # 52 ---> 46 (6)
