Fine solution
Length:40
1 # 9 ---> 8 (0)
2 # 46 ---> 47 (0)
3 # 3 ---> 10 (0)
4 # 6 ---> 13 (0)
5 # 22 ---> 21 (0)
6 # 16 ---> 17 (0)
1 # 8 ---> 7 (1)
2 # 47 ---> 40 (1)
3 # 10 ---> 9 (1)
4 # 13 ---> 14 (1)
5 # 21 ---> 20 (1)
6 # 17 ---> 23 (1)
1 # 7 ---> 15 (2)
2 # 40 ---> 35 (2)
3 # 9 ---> 8 (2)
4 # 14 ---> 19 (2)
5 # 20 ---> 28 (2)
6 # 23 ---> 30 (2)
1 # 15 ---> 14 (3)
2 # 35 ---> 29 (3)
3 # 8 ---> 2 (3)
4 # 19 ---> 27 (3)
5 # 28 ---> 34 (3)
6 # 30 ---> 36 (3)
1 # 14 ---> 13 (4)
2 # 29 ---> 21 (4)
4 # 27 ---> 28 (4)
6 # 36 ---> 42 (4)
1 # 13 ---> 12 (5)
2 # 21 ---> 20 (5)
6 # 42 ---> 41 (5)
2 # 20 ---> 15 (6)
6 # 41 ---> 40 (6)
2 # 15 ---> 14 (7)
6 # 40 ---> 47 (7)
2 # 14 ---> 13 (8)
6 # 47 ---> 46 (8)
2 # 13 ---> 6 (9)
6 # 46 ---> 45 (9)
2 # 6 ---> 5 (10)
