Fine solution
Length:196
1 # 46 ---> 47 (0)
2 # 113 ---> 112 (0)
3 # 131 ---> 130 (0)
4 # 125 ---> 126 (0)
8 # 0 ---> 12 (0)
5 # 208 ---> 209 (0)
6 # 81 ---> 69 (0)
7 # 74 ---> 88 (0)
12 # 21 ---> 20 (0)
16 # 134 ---> 133 (0)
9 # 179 ---> 164 (0)
10 # 170 ---> 169 (0)
11 # 87 ---> 73 (0)
15 # 132 ---> 116 (0)
13 # 70 ---> 59 (0)
14 # 5 ---> 4 (0)
1 # 47 ---> 34 (1)
2 # 112 ---> 111 (1)
3 # 130 ---> 143 (1)
4 # 126 ---> 127 (1)
8 # 12 ---> 13 (1)
5 # 209 ---> 194 (1)
6 # 69 ---> 57 (1)
7 # 88 ---> 89 (1)
12 # 20 ---> 33 (1)
16 # 133 ---> 132 (1)
9 # 164 ---> 165 (1)
10 # 169 ---> 154 (1)
11 # 73 ---> 62 (1)
15 # 116 ---> 115 (1)
13 # 59 ---> 60 (1)
14 # 4 ---> 3 (1)
1 # 34 ---> 21 (2)
2 # 111 ---> 110 (2)
3 # 143 ---> 157 (2)
4 # 127 ---> 128 (2)
8 # 13 ---> 27 (2)
5 # 194 ---> 195 (2)
6 # 57 ---> 56 (2)
7 # 89 ---> 101 (2)
12 # 33 ---> 46 (2)
16 # 132 ---> 131 (2)
9 # 165 ---> 166 (2)
10 # 154 ---> 153 (2)
11 # 62 ---> 47 (2)
15 # 115 ---> 100 (2)
13 # 60 ---> 45 (2)
14 # 3 ---> 18 (2)
1 # 21 ---> 22 (3)
2 # 110 ---> 109 (3)
3 # 157 ---> 173 (3)
4 # 128 ---> 112 (3)
8 # 27 ---> 40 (3)
5 # 195 ---> 196 (3)
6 # 56 ---> 42 (3)
7 # 101 ---> 117 (3)
12 # 46 ---> 61 (3)
16 # 131 ---> 130 (3)
9 # 166 ---> 167 (3)
10 # 153 ---> 140 (3)
11 # 47 ---> 34 (3)
15 # 100 ---> 87 (3)
13 # 45 ---> 32 (3)
14 # 18 ---> 31 (3)
1 # 22 ---> 35 (4)
2 # 109 ---> 108 (4)
3 # 173 ---> 188 (4)
4 # 112 ---> 113 (4)
8 # 40 ---> 54 (4)
5 # 196 ---> 197 (4)
6 # 42 ---> 29 (4)
7 # 117 ---> 133 (4)
12 # 61 ---> 60 (4)
16 # 130 ---> 129 (4)
9 # 167 ---> 168 (4)
10 # 140 ---> 125 (4)
11 # 34 ---> 21 (4)
15 # 87 ---> 73 (4)
13 # 32 ---> 33 (4)
14 # 31 ---> 44 (4)
1 # 35 ---> 34 (5)
2 # 108 ---> 124 (5)
3 # 188 ---> 202 (5)
4 # 113 ---> 114 (5)
8 # 54 ---> 66 (5)
5 # 197 ---> 198 (5)
6 # 29 ---> 15 (5)
7 # 133 ---> 134 (5)
12 # 60 ---> 59 (5)
16 # 129 ---> 128 (5)
9 # 168 ---> 169 (5)
10 # 125 ---> 109 (5)
11 # 21 ---> 22 (5)
15 # 73 ---> 72 (5)
13 # 33 ---> 20 (5)
14 # 44 ---> 43 (5)
1 # 34 ---> 33 (6)
2 # 124 ---> 123 (6)
3 # 202 ---> 215 (6)
4 # 114 ---> 130 (6)
8 # 66 ---> 79 (6)
5 # 198 ---> 211 (6)
6 # 15 ---> 16 (6)
7 # 134 ---> 146 (6)
12 # 59 ---> 70 (6)
16 # 128 ---> 127 (6)
9 # 169 ---> 170 (6)
10 # 109 ---> 108 (6)
11 # 22 ---> 7 (6)
13 # 20 ---> 6 (6)
14 # 43 ---> 58 (6)
1 # 33 ---> 32 (7)
2 # 123 ---> 122 (7)
4 # 130 ---> 143 (7)
8 # 79 ---> 93 (7)
5 # 211 ---> 212 (7)
6 # 16 ---> 17 (7)
7 # 146 ---> 161 (7)
12 # 70 ---> 84 (7)
9 # 170 ---> 171 (7)
10 # 108 ---> 107 (7)
11 # 7 ---> 8 (7)
13 # 6 ---> 5 (7)
14 # 58 ---> 57 (7)
2 # 122 ---> 138 (8)
4 # 143 ---> 157 (8)
8 # 93 ---> 106 (8)
5 # 212 ---> 213 (8)
6 # 17 ---> 18 (8)
7 # 161 ---> 177 (8)
12 # 84 ---> 83 (8)
9 # 171 ---> 155 (8)
10 # 107 ---> 123 (8)
13 # 5 ---> 4 (8)
14 # 57 ---> 69 (8)
2 # 138 ---> 150 (9)
4 # 157 ---> 173 (9)
8 # 106 ---> 122 (9)
6 # 18 ---> 19 (9)
12 # 83 ---> 96 (9)
9 # 155 ---> 156 (9)
10 # 123 ---> 107 (9)
13 # 4 ---> 3 (9)
14 # 69 ---> 81 (9)
2 # 150 ---> 165 (10)
8 # 122 ---> 138 (10)
6 # 19 ---> 4 (10)
12 # 96 ---> 111 (10)
16 # 127 ---> 126 (10)
9 # 156 ---> 142 (10)
10 # 107 ---> 106 (10)
13 # 3 ---> 18 (10)
14 # 81 ---> 95 (10)
2 # 165 ---> 180 (11)
8 # 138 ---> 150 (11)
6 # 4 ---> 3 (11)
12 # 111 ---> 127 (11)
9 # 142 ---> 129 (11)
10 # 106 ---> 93 (11)
13 # 18 ---> 17 (11)
14 # 95 ---> 109 (11)
2 # 180 ---> 194 (12)
8 # 150 ---> 165 (12)
12 # 127 ---> 141 (12)
9 # 129 ---> 113 (12)
10 # 93 ---> 79 (12)
14 # 109 ---> 125 (12)
2 # 194 ---> 209 (13)
8 # 165 ---> 166 (13)
16 # 126 ---> 127 (13)
9 # 113 ---> 98 (13)
10 # 79 ---> 66 (13)
14 # 125 ---> 140 (13)
2 # 209 ---> 208 (14)
8 # 166 ---> 167 (14)
9 # 98 ---> 85 (14)
10 # 66 ---> 54 (14)
14 # 140 ---> 153 (14)
8 # 167 ---> 168 (15)
9 # 85 ---> 86 (15)
10 # 54 ---> 40 (15)
8 # 168 ---> 169 (16)
9 # 86 ---> 87 (16)
10 # 40 ---> 27 (16)
8 # 169 ---> 170 (17)
9 # 87 ---> 88 (17)
10 # 27 ---> 13 (17)
8 # 170 ---> 171 (18)
10 # 13 ---> 12 (18)
4 # 173 ---> 157 (19)
8 # 171 ---> 172 (19)
8 # 172 ---> 173 (20)
8 # 173 ---> 174 (21)
4 # 157 ---> 173 (22)
8 # 174 ---> 175 (22)
8 # 175 ---> 176 (23)
