Fine solution
Length:47
1 # 30 ---> 29 (0)
2 # 27 ---> 26 (0)
3 # 28 ---> 23 (0)
4 # 10 ---> 9 (0)
5 # 39 ---> 38 (0)
6 # 33 ---> 34 (0)
1 # 29 ---> 35 (1)
2 # 26 ---> 25 (1)
3 # 23 ---> 18 (1)
4 # 9 ---> 8 (1)
5 # 38 ---> 32 (1)
6 # 34 ---> 28 (1)
1 # 35 ---> 34 (2)
2 # 25 ---> 24 (2)
3 # 18 ---> 11 (2)
4 # 8 ---> 14 (2)
5 # 32 ---> 31 (2)
6 # 28 ---> 23 (2)
2 # 24 ---> 19 (3)
3 # 11 ---> 12 (3)
4 # 14 ---> 20 (3)
5 # 31 ---> 27 (3)
6 # 23 ---> 18 (3)
3 # 12 ---> 13 (4)
4 # 20 ---> 26 (4)
5 # 27 ---> 31 (4)
6 # 18 ---> 11 (4)
2 # 19 ---> 18 (5)
3 # 13 ---> 14 (5)
4 # 26 ---> 27 (5)
5 # 31 ---> 37 (5)
6 # 11 ---> 12 (5)
2 # 18 ---> 11 (6)
3 # 14 ---> 8 (6)
4 # 27 ---> 31 (6)
6 # 12 ---> 13 (6)
2 # 11 ---> 12 (7)
3 # 8 ---> 9 (7)
4 # 31 ---> 32 (7)
6 # 13 ---> 14 (7)
2 # 12 ---> 13 (8)
4 # 32 ---> 38 (8)
5 # 37 ---> 31 (8)
6 # 14 ---> 15 (8)
5 # 31 ---> 27 (9)
6 # 15 ---> 16 (9)
6 # 16 ---> 10 (10)
