Fine solution
Length:47
1 # 44 ---> 39 (0)
2 # 20 ---> 14 (0)
6 # 29 ---> 28 (0)
4 # 18 ---> 12 (0)
5 # 30 ---> 38 (0)
2 # 14 ---> 13 (1)
3 # 2 ---> 3 (1)
6 # 28 ---> 24 (1)
4 # 12 ---> 8 (1)
5 # 38 ---> 37 (1)
2 # 13 ---> 12 (2)
3 # 3 ---> 9 (2)
6 # 24 ---> 20 (2)
4 # 8 ---> 1 (2)
2 # 12 ---> 8 (3)
3 # 9 ---> 14 (3)
6 # 20 ---> 19 (3)
4 # 1 ---> 2 (3)
2 # 8 ---> 1 (4)
3 # 14 ---> 20 (4)
6 # 19 ---> 13 (4)
4 # 2 ---> 3 (4)
2 # 1 ---> 2 (5)
3 # 20 ---> 24 (5)
6 # 13 ---> 12 (5)
4 # 3 ---> 9 (5)
2 # 2 ---> 3 (6)
3 # 24 ---> 28 (6)
6 # 12 ---> 8 (6)
4 # 9 ---> 14 (6)
2 # 3 ---> 4 (7)
3 # 28 ---> 29 (7)
6 # 8 ---> 7 (7)
4 # 14 ---> 20 (7)
3 # 29 ---> 30 (8)
4 # 20 ---> 24 (8)
3 # 30 ---> 25 (9)
4 # 24 ---> 28 (9)
3 # 25 ---> 26 (10)
4 # 28 ---> 36 (10)
3 # 26 ---> 27 (11)
4 # 36 ---> 35 (11)
3 # 27 ---> 21 (12)
4 # 35 ---> 34 (12)
3 # 21 ---> 17 (13)
3 # 17 ---> 16 (14)
3 # 16 ---> 15 (15)
