Fine solution
Length:36
1 # 42 ---> 41 (0)
6 # 27 ---> 34 (0)
2 # 35 ---> 29 (0)
3 # 3 ---> 2 (0)
4 # 49 ---> 48 (0)
5 # 6 ---> 14 (0)
1 # 41 ---> 47 (1)
6 # 34 ---> 38 (1)
2 # 29 ---> 28 (1)
3 # 2 ---> 1 (1)
4 # 48 ---> 42 (1)
5 # 14 ---> 20 (1)
1 # 47 ---> 48 (2)
6 # 38 ---> 39 (2)
2 # 28 ---> 21 (2)
3 # 1 ---> 7 (2)
4 # 42 ---> 36 (2)
5 # 20 ---> 27 (2)
6 # 39 ---> 40 (3)
2 # 21 ---> 20 (3)
3 # 7 ---> 15 (3)
4 # 36 ---> 31 (3)
5 # 27 ---> 28 (3)
6 # 40 ---> 45 (4)
3 # 15 ---> 21 (4)
5 # 28 ---> 29 (4)
6 # 45 ---> 46 (5)
3 # 21 ---> 28 (5)
5 # 29 ---> 35 (5)
1 # 48 ---> 42 (6)
6 # 46 ---> 47 (6)
3 # 28 ---> 27 (6)
6 # 47 ---> 48 (7)
3 # 27 ---> 34 (7)
6 # 48 ---> 49 (8)
1 # 42 ---> 48 (9)
