Fine solution
Length:67
1 # 286 ---> 278 (0)
2 # 135 ---> 7 (0)
3 # 242 ---> 114 (0)
4 # 432 ---> 400 (0)
5 # 18 ---> 2 (0)
6 # 64 ---> 65 (0)
7 # 56 ---> 57 (0)
8 # 507 ---> 475 (0)
9 # 203 ---> 75 (0)
10 # 378 ---> 122 (0)
11 # 110 ---> 78 (0)
12 # 211 ---> 83 (0)
13 # 388 ---> 260 (0)
14 # 185 ---> 177 (0)
15 # 10 ---> 8 (0)
16 # 72 ---> 88 (0)
1 # 278 ---> 276 (1)
2 # 7 ---> 135 (1)
3 # 114 ---> 50 (1)
4 # 400 ---> 408 (1)
5 # 2 ---> 0 (1)
6 # 65 ---> 67 (1)
7 # 57 ---> 61 (1)
8 # 475 ---> 467 (1)
9 # 75 ---> 11 (1)
10 # 122 ---> 106 (1)
11 # 78 ---> 70 (1)
12 # 83 ---> 19 (1)
13 # 260 ---> 256 (1)
14 # 177 ---> 176 (1)
15 # 8 ---> 40 (1)
16 # 88 ---> 120 (1)
1 # 276 ---> 277 (2)
3 # 50 ---> 58 (2)
4 # 408 ---> 472 (2)
5 # 0 ---> 4 (2)
6 # 67 ---> 323 (2)
7 # 61 ---> 125 (2)
8 # 467 ---> 465 (2)
9 # 11 ---> 27 (2)
10 # 106 ---> 104 (2)
11 # 70 ---> 66 (2)
12 # 19 ---> 3 (2)
13 # 256 ---> 257 (2)
14 # 176 ---> 178 (2)
15 # 40 ---> 168 (2)
16 # 120 ---> 248 (2)
1 # 277 ---> 309 (3)
3 # 58 ---> 314 (3)
5 # 4 ---> 5 (3)
7 # 125 ---> 381 (3)
8 # 465 ---> 464 (3)
9 # 27 ---> 19 (3)
10 # 104 ---> 232 (3)
11 # 66 ---> 194 (3)
12 # 3 ---> 1 (3)
13 # 257 ---> 259 (3)
14 # 178 ---> 182 (3)
15 # 168 ---> 424 (3)
16 # 248 ---> 504 (3)
1 # 309 ---> 373 (4)
5 # 5 ---> 133 (4)
8 # 464 ---> 468 (4)
12 # 1 ---> 33 (4)
13 # 259 ---> 291 (4)
12 # 33 ---> 289 (5)
13 # 291 ---> 355 (5)
